	Account Domain:		-
	Logon ID:		0x0

Process Information:
	New Process ID:		0x1a18
	New Process Name:	C:\Windows\System32\conhost.exe
	Token Elevation Type:	TokenElevationTypeDefault (1)
	Mandatory Label:		S-1-16-16384
	Creator Process ID:	0x7a4
	Creator Process Name:	C:\Windows\SysWOW64\auditpol.exe
	Process Command Line:	

Token Elevation Type indicates the type of token that was assigned to the new process in accordance with User Account Control policy.

Type 1 is a full token with no privileges removed or groups disabled.  A full token is only used if User Account Control is disabled or if the user is the built-in Administrator account or a service account.

Type 2 is an elevated token with no privileges removed or groups disabled.  An elevated token is used when User Account Control is enabled and the user chooses to start the program using Run as administrator.  An elevated token is also used when an application is configured to always require administrative privilege or to always require maximum privilege, and the user is a member of the Administrators group.

Type 3 is a limited token with administrative privileges removed and administrative groups disabled.  The limited token is used when User Account Control is enabled, the application does not require administrative privilege, and the user does not choose to start the program using Run as administrator.""",3,wazuh,0
2025-12-02 11:11:12.197000+00:00,Active_Directory_Server,4688,,,,"""A new process has been created.

Creator Subject:
	Security ID:		S-1-5-18
	Account Name:		AD-DC-SERVER$
	Account Domain:		SOC
	Logon ID:		0x3E7

Target Subject:
	Security ID:		S-1-0-0
	Account Name:		-
	Account Domain:		-
	Logon ID:		0x0

Process Information:
	New Process ID:		0x1914
	New Process Name:	C:\Windows\SysWOW64\auditpol.exe
	Token Elevation Type:	TokenElevationTypeDefault (1)
	Mandatory Label:		S-1-16-16384
	Creator Process ID:	0xb78
	Creator Process Name:	C:\Program Files (x86)\ossec-agent\wazuh-agent.exe
	Process Command Line:	

Token Elevation Type indicates the type of token that was assigned to the new process in accordance with User Account Control policy.

Type 1 is a full token with no privileges removed or groups disabled.  A full token is only used if User Account Control is disabled or if the user is the built-in Administrator account or a service account.

Type 2 is an elevated token with no privileges removed or groups disabled.  An elevated token is used when User Account Control is enabled and the user chooses to start the program using Run as administrator.  An elevated token is also used when an application is configured to always require administrative privilege or to always require maximum privilege, and the user is a member of the Administrators group.

Type 3 is a limited token with administrative privileges removed and administrative groups disabled.  The limited token is used when User Account Control is enabled, the application does not require administrative privilege, and the user does not choose to start the program using Run as administrator.""",3,wazuh,0
2025-12-02 11:11:12.213000+00:00,Active_Directory_Server,4688,,,,"""A new process has been created.

Creator Subject:
	Security ID:		S-1-5-18
	Account Name:		AD-DC-SERVER$
	Account Domain:		SOC
	Logon ID:		0x3E7

Target Subject:
	Security ID:		S-1-0-0
	Account Name:		-
	Account Domain:		-
	Logon ID:		0x0

Process Information:
	New Process ID:		0x18f0
	New Process Name:	C:\Windows\System32\conhost.exe
	Token Elevation Type:	TokenElevationTypeDefault (1)
	Mandatory Label:		S-1-16-16384
	Creator Process ID:	0x1914
	Creator Process Name:	C:\Windows\SysWOW64\auditpol.exe
	Process Command Line:	

Token Elevation Type indicates the type of token that was assigned to the new process in accordance with User Account Control policy.

Type 1 is a full token with no privileges removed or groups disabled.  A full token is only used if User Account Control is disabled or if the user is the built-in Administrator account or a service account.

Type 2 is an elevated token with no privileges removed or groups disabled.  An elevated token is used when User Account Control is enabled and the user chooses to start the program using Run as administrator.  An elevated token is also used when an application is configured to always require administrative privilege or to always require maximum privilege, and the user is a member of the Administrators group.

Type 3 is a limited token with administrative privileges removed and administrative groups disabled.  The limited token is used when User Account Control is enabled, the application does not require administrative privilege, and the user does not choose to start the program using Run as administrator.""",3,wazuh,0
2025-12-02 11:11:12.228000+00:00,Active_Directory_Server,4688,,,,"""A new process has been created.

Creator Subject:
	Security ID:		S-1-5-18
	Account Name:		AD-DC-SERVER$
	Account Domain:		SOC
	Logon ID:		0x3E7

Target Subject:
	Security ID:		S-1-0-0
	Account Name:		-
	Account Domain:		-
	Logon ID:		0x0

Process Information:
	New Process ID:		0x1990
	New Process Name:	C:\Windows\SysWOW64\auditpol.exe
	Token Elevation Type:	TokenElevationTypeDefault (1)
	Mandatory Label:		S-1-16-16384
	Creator Process ID:	0xb78
	Creator Process Name:	C:\Program Files (x86)\ossec-agent\wazuh-agent.exe
	Process Command Line:	

Token Elevation Type indicates the type of token that was assigned to the new process in accordance with User Account Control policy.

Type 1 is a full token with no privileges removed or groups disabled.  A full token is only used if User Account Control is disabled or if the user is the built-in Administrator account or a service account.

Type 2 is an elevated token with no privileges removed or groups disabled.  An elevated token is used when User Account Control is enabled and the user chooses to start the program using Run as administrator.  An elevated token is also used when an application is configured to always require administrative privilege or to always require maximum privilege, and the user is a member of the Administrators group.

Type 3 is a limited token with administrative privileges removed and administrative groups disabled.  The limited token is used when User Account Control is enabled, the application does not require administrative privilege, and the user does not choose to start the program using Run as administrator.""",3,wazuh,0
2025-12-02 11:11:12.244000+00:00,Active_Directory_Server,4688,,,,"""A new process has been created.

Creator Subject:
	Security ID:		S-1-5-18
	Account Name:		AD-DC-SERVER$
	Account Domain:		SOC
	Logon ID:		0x3E7

Target Subject:
	Security ID:		S-1-0-0
	Account Name:		-
	Account Domain:		-
	Logon ID:		0x0

Process Information:
	New Process ID:		0x1ab8
	New Process Name:	C:\Windows\System32\conhost.exe
	Token Elevation Type:	TokenElevationTypeDefault (1)
	Mandatory Label:		S-1-16-16384
	Creator Process ID:	0x1990
	Creator Process Name:	C:\Windows\SysWOW64\auditpol.exe
	Process Command Line:	

Token Elevation Type indicates the type of token that was assigned to the new process in accordance with User Account Control policy.

Type 1 is a full token with no privileges removed or groups disabled.  A full token is only used if User Account Control is disabled or if the user is the built-in Administrator account or a service account.

Type 2 is an elevated token with no privileges removed or groups disabled.  An elevated token is used when User Account Control is enabled and the user chooses to start the program using Run as administrator.  An elevated token is also used when an application is configured to always require administrative privilege or to always require maximum privilege, and the user is a member of the Administrators group.

Type 3 is a limited token with administrative privileges removed and administrative groups disabled.  The limited token is used when User Account Control is enabled, the application does not require administrative privilege, and the user does not choose to start the program using Run as administrator.""",3,wazuh,0
2025-12-02 11:11:12.260000+00:00,Active_Directory_Server,4688,,,,"""A new process has been created.

Creator Subject:
	Security ID:		S-1-5-18
	Account Name:		AD-DC-SERVER$
	Account Domain:		SOC
	Logon ID:		0x3E7

Target Subject:
	Security ID:		S-1-0-0
	Account Name:		-
	Account Domain:		-
	Logon ID:		0x0

Process Information:
	New Process ID:		0x8fc
	New Process Name:	C:\Windows\SysWOW64\auditpol.exe
	Token Elevation Type:	TokenElevationTypeDefault (1)
	Mandatory Label:		S-1-16-16384
	Creator Process ID:	0xb78
	Creator Process Name:	C:\Program Files (x86)\ossec-agent\wazuh-agent.exe
	Process Command Line:	

Token Elevation Type indicates the type of token that was assigned to the new process in accordance with User Account Control policy.

Type 1 is a full token with no privileges removed or groups disabled.  A full token is only used if User Account Control is disabled or if the user is the built-in Administrator account or a service account.

Type 2 is an elevated token with no privileges removed or groups disabled.  An elevated token is used when User Account Control is enabled and the user chooses to start the program using Run as administrator.  An elevated token is also used when an application is configured to always require administrative privilege or to always require maximum privilege, and the user is a member of the Administrators group.

Type 3 is a limited token with administrative privileges removed and administrative groups disabled.  The limited token is used when User Account Control is enabled, the application does not require administrative privilege, and the user does not choose to start the program using Run as administrator.""",3,wazuh,0
2025-12-02 11:11:12.275000+00:00,Active_Directory_Server,4688,,,,"""A new process has been created.

Creator Subject:
	Security ID:		S-1-5-18
	Account Name:		AD-DC-SERVER$
	Account Domain:		SOC
	Logon ID:		0x3E7

Target Subject:
	Security ID:		S-1-0-0
	Account Name:		-
	Account Domain:		-
	Logon ID:		0x0

Process Information:
	New Process ID:		0x1be8
	New Process Name:	C:\Windows\System32\conhost.exe
	Token Elevation Type:	TokenElevationTypeDefault (1)
	Mandatory Label:		S-1-16-16384
	Creator Process ID:	0x8fc
	Creator Process Name:	C:\Windows\SysWOW64\auditpol.exe
	Process Command Line:	

Token Elevation Type indicates the type of token that was assigned to the new process in accordance with User Account Control policy.

Type 1 is a full token with no privileges removed or groups disabled.  A full token is only used if User Account Control is disabled or if the user is the built-in Administrator account or a service account.

Type 2 is an elevated token with no privileges removed or groups disabled.  An elevated token is used when User Account Control is enabled and the user chooses to start the program using Run as administrator.  An elevated token is also used when an application is configured to always require administrative privilege or to always require maximum privilege, and the user is a member of the Administrators group.

Type 3 is a limited token with administrative privileges removed and administrative groups disabled.  The limited token is used when User Account Control is enabled, the application does not require administrative privilege, and the user does not choose to start the program using Run as administrator.""",3,wazuh,0
2025-12-02 11:11:12.291000+00:00,Active_Directory_Server,4688,,,,"""A new process has been created.

Creator Subject:
	Security ID:		S-1-5-18
	Account Name:		AD-DC-SERVER$
	Account Domain:		SOC
	Logon ID:		0x3E7

Target Subject:
	Security ID:		S-1-0-0
	Account Name:		-
	Account Domain:		-
	Logon ID:		0x0

Process Information:
	New Process ID:		0xd3c
	New Process Name:	C:\Windows\SysWOW64\auditpol.exe
	Token Elevation Type:	TokenElevationTypeDefault (1)
	Mandatory Label:		S-1-16-16384
	Creator Process ID:	0xb78
	Creator Process Name:	C:\Program Files (x86)\ossec-agent\wazuh-agent.exe
	Process Command Line:	

Token Elevation Type indicates the type of token that was assigned to the new process in accordance with User Account Control policy.

Type 1 is a full token with no privileges removed or groups disabled.  A full token is only used if User Account Control is disabled or if the user is the built-in Administrator account or a service account.

Type 2 is an elevated token with no privileges removed or groups disabled.  An elevated token is used when User Account Control is enabled and the user chooses to start the program using Run as administrator.  An elevated token is also used when an application is configured to always require administrative privilege or to always require maximum privilege, and the user is a member of the Administrators group.

Type 3 is a limited token with administrative privileges removed and administrative groups disabled.  The limited token is used when User Account Control is enabled, the application does not require administrative privilege, and the user does not choose to start the program using Run as administrator.""",3,wazuh,0
2025-12-02 11:11:12.307000+00:00,Active_Directory_Server,4688,,,,"""A new process has been created.

Creator Subject:
	Security ID:		S-1-5-18
	Account Name:		AD-DC-SERVER$
	Account Domain:		SOC
	Logon ID:		0x3E7

Target Subject:
	Security ID:		S-1-0-0
	Account Name:		-
	Account Domain:		-
	Logon ID:		0x0

Process Information:
	New Process ID:		0x112c
	New Process Name:	C:\Windows\System32\conhost.exe
	Token Elevation Type:	TokenElevationTypeDefault (1)
	Mandatory Label:		S-1-16-16384
	Creator Process ID:	0xd3c
	Creator Process Name:	C:\Windows\SysWOW64\auditpol.exe
	Process Command Line:	

Token Elevation Type indicates the type of token that was assigned to the new process in accordance with User Account Control policy.

Type 1 is a full token with no privileges removed or groups disabled.  A full token is only used if User Account Control is disabled or if the user is the built-in Administrator account or a service account.

Type 2 is an elevated token with no privileges removed or groups disabled.  An elevated token is used when User Account Control is enabled and the user chooses to start the program using Run as administrator.  An elevated token is also used when an application is configured to always require administrative privilege or to always require maximum privilege, and the user is a member of the Administrators group.

Type 3 is a limited token with administrative privileges removed and administrative groups disabled.  The limited token is used when User Account Control is enabled, the application does not require administrative privilege, and the user does not choose to start the program using Run as administrator.""",3,wazuh,0
2025-12-02 11:11:12.322000+00:00,Active_Directory_Server,4688,,,,"""A new process has been created.

Creator Subject:
	Security ID:		S-1-5-18
	Account Name:		AD-DC-SERVER$
	Account Domain:		SOC
	Logon ID:		0x3E7

Target Subject:
	Security ID:		S-1-0-0
	Account Name:		-
	Account Domain:		-
	Logon ID:		0x0

Process Information:
	New Process ID:		0xbe0
	New Process Name:	C:\Windows\SysWOW64\auditpol.exe
	Token Elevation Type:	TokenElevationTypeDefault (1)
	Mandatory Label:		S-1-16-16384
	Creator Process ID:	0xb78
	Creator Process Name:	C:\Program Files (x86)\ossec-agent\wazuh-agent.exe
	Process Command Line:	

Token Elevation Type indicates the type of token that was assigned to the new process in accordance with User Account Control policy.

Type 1 is a full token with no privileges removed or groups disabled.  A full token is only used if User Account Control is disabled or if the user is the built-in Administrator account or a service account.

Type 2 is an elevated token with no privileges removed or groups disabled.  An elevated token is used when User Account Control is enabled and the user chooses to start the program using Run as administrator.  An elevated token is also used when an application is configured to always require administrative privilege or to always require maximum privilege, and the user is a member of the Administrators group.

Type 3 is a limited token with administrative privileges removed and administrative groups disabled.  The limited token is used when User Account Control is enabled, the application does not require administrative privilege, and the user does not choose to start the program using Run as administrator.""",3,wazuh,0
2025-12-02 11:11:12.338000+00:00,Active_Directory_Server,4688,,,,"""A new process has been created.

Creator Subject:
	Security ID:		S-1-5-18
	Account Name:		AD-DC-SERVER$
	Account Domain:		SOC
	Logon ID:		0x3E7

Target Subject:
	Security ID:		S-1-0-0
	Account Name:		-
	Account Domain:		-
	Logon ID:		0x0

Process Information:
	New Process ID:		0xd10
	New Process Name:	C:\Windows\System32\conhost.exe
	Token Elevation Type:	TokenElevationTypeDefault (1)
	Mandatory Label:		S-1-16-16384
	Creator Process ID:	0xbe0
	Creator Process Name:	C:\Windows\SysWOW64\auditpol.exe
	Process Command Line:	

Token Elevation Type indicates the type of token that was assigned to the new process in accordance with User Account Control policy.

Type 1 is a full token with no privileges removed or groups disabled.  A full token is only used if User Account Control is disabled or if the user is the built-in Administrator account or a service account.

Type 2 is an elevated token with no privileges removed or groups disabled.  An elevated token is used when User Account Control is enabled and the user chooses to start the program using Run as administrator.  An elevated token is also used when an application is configured to always require administrative privilege or to always require maximum privilege, and the user is a member of the Administrators group.

Type 3 is a limited token with administrative privileges removed and administrative groups disabled.  The limited token is used when User Account Control is enabled, the application does not require administrative privilege, and the user does not choose to start the program using Run as administrator.""",3,wazuh,0
2025-12-02 11:11:12.353000+00:00,Active_Directory_Server,4688,,,,"""A new process has been created.

Creator Subject:
	Security ID:		S-1-5-18
	Account Name:		AD-DC-SERVER$
	Account Domain:		SOC
	Logon ID:		0x3E7

Target Subject:
	Security ID:		S-1-0-0
	Account Name:		-
	Account Domain:		-
	Logon ID:		0x0

Process Information:
	New Process ID:		0x1b88
	New Process Name:	C:\Windows\SysWOW64\auditpol.exe
	Token Elevation Type:	TokenElevationTypeDefault (1)
	Mandatory Label:		S-1-16-16384
	Creator Process ID:	0xb78
	Creator Process Name:	C:\Program Files (x86)\ossec-agent\wazuh-agent.exe
	Process Command Line:	

Token Elevation Type indicates the type of token that was assigned to the new process in accordance with User Account Control policy.

Type 1 is a full token with no privileges removed or groups disabled.  A full token is only used if User Account Control is disabled or if the user is the built-in Administrator account or a service account.

Type 2 is an elevated token with no privileges removed or groups disabled.  An elevated token is used when User Account Control is enabled and the user chooses to start the program using Run as administrator.  An elevated token is also used when an application is configured to always require administrative privilege or to always require maximum privilege, and the user is a member of the Administrators group.

Type 3 is a limited token with administrative privileges removed and administrative groups disabled.  The limited token is used when User Account Control is enabled, the application does not require administrative privilege, and the user does not choose to start the program using Run as administrator.""",3,wazuh,0
2025-12-02 11:11:12.369000+00:00,Active_Directory_Server,4688,,,,"""A new process has been created.

Creator Subject:
	Security ID:		S-1-5-18
	Account Name:		AD-DC-SERVER$
	Account Domain:		SOC
	Logon ID:		0x3E7

Target Subject:
	Security ID:		S-1-0-0
	Account Name:		-
	Account Domain:		-
	Logon ID:		0x0

Process Information:
	New Process ID:		0x1afc
	New Process Name:	C:\Windows\System32\conhost.exe
	Token Elevation Type:	TokenElevationTypeDefault (1)
	Mandatory Label:		S-1-16-16384
	Creator Process ID:	0x1b88
	Creator Process Name:	C:\Windows\SysWOW64\auditpol.exe
	Process Command Line:	

Token Elevation Type indicates the type of token that was assigned to the new process in accordance with User Account Control policy.

Type 1 is a full token with no privileges removed or groups disabled.  A full token is only used if User Account Control is disabled or if the user is the built-in Administrator account or a service account.

Type 2 is an elevated token with no privileges removed or groups disabled.  An elevated token is used when User Account Control is enabled and the user chooses to start the program using Run as administrator.  An elevated token is also used when an application is configured to always require administrative privilege or to always require maximum privilege, and the user is a member of the Administrators group.

Type 3 is a limited token with administrative privileges removed and administrative groups disabled.  The limited token is used when User Account Control is enabled, the application does not require administrative privilege, and the user does not choose to start the program using Run as administrator.""",3,wazuh,0
2025-12-02 11:11:12.385000+00:00,Active_Directory_Server,1,C:\\Windows\\SysWOW64\\auditpol.exe,"auditpol.exe /get /subcategory:\""System Integrity\""",,"""Process Create:
RuleName: -
UtcTime: 2025-12-02 11:11:13.202
ProcessGuid: {b4c300ce-c951-692e-4812-000000001100}
ProcessId: 7048
Image: C:\Windows\SysWOW64\auditpol.exe
FileVersion: 10.0.20348.1 (WinBuild.160101.0800)
Description: Audit Policy Program
Product: Microsoft® Windows® Operating System
Company: Microsoft Corporation
OriginalFileName: AUDITPOL.EXE
CommandLine: auditpol.exe /get /subcategory:""System Integrity""
CurrentDirectory: C:\Program Files (x86)\ossec-agent\
User: NT AUTHORITY\SYSTEM
LogonGuid: {b4c300ce-31c3-6928-e703-000000000000}
LogonId: 0x3E7
TerminalSessionId: 0
IntegrityLevel: System
Hashes: MD5=9E18ACE78034537344DA6036D4C3C8B1,SHA256=29389619B06E5DE97B3669F6FF92E226CB6DCE2254B07BA6FA88C3B5D3A9799E,IMPHASH=AB0C8C1C188B19D08FAF502671C04930
ParentProcessGuid: {b4c300ce-31ce-6928-4900-000000001100}
ParentProcessId: 2936
ParentImage: C:\Program Files (x86)\ossec-agent\wazuh-agent.exe
ParentCommandLine: ""C:\Program Files (x86)\ossec-agent\wazuh-agent.exe""
ParentUser: NT AUTHORITY\SYSTEM""",3,wazuh,0
2025-12-02 11:11:43.965000+00:00,Active_Directory_Server,4688,,,,"""A new process has been created.

Creator Subject:
	Security ID:		S-1-5-18
	Account Name:		AD-DC-SERVER$
	Account Domain:		SOC
	Logon ID:		0x3E7

Target Subject:
	Security ID:		S-1-0-0
	Account Name:		AD-DC-SERVER$
	Account Domain:		SOC
	Logon ID:		0x3E4

Process Information:
	New Process ID:		0xd28
	New Process Name:	C:\Windows\System32\sppsvc.exe
	Token Elevation Type:	TokenElevationTypeDefault (1)
	Mandatory Label:		S-1-16-16384
	Creator Process ID:	0x274
	Creator Process Name:	C:\Windows\System32\services.exe
	Process Command Line:	

Token Elevation Type indicates the type of token that was assigned to the new process in accordance with User Account Control policy.

Type 1 is a full token with no privileges removed or groups disabled.  A full token is only used if User Account Control is disabled or if the user is the built-in Administrator account or a service account.

Type 2 is an elevated token with no privileges removed or groups disabled.  An elevated token is used when User Account Control is enabled and the user chooses to start the program using Run as administrator.  An elevated token is also used when an application is configured to always require administrative privilege or to always require maximum privilege, and the user is a member of the Administrators group.

Type 3 is a limited token with administrative privileges removed and administrative groups disabled.  The limited token is used when User Account Control is enabled, the application does not require administrative privilege, and the user does not choose to start the program using Run as administrator.""",3,wazuh,0
2025-12-02 11:11:43.966000+00:00,Active_Directory_Server,4673,,,,"""A privileged service was called.

Subject:
	Security ID:		S-1-5-20
	Account Name:		AD-DC-SERVER$
	Account Domain:		SOC
	Logon ID:		0x3E4

Service:
	Server:	Security
	Service Name:	-

Process:
	Process ID:	0xd28
	Process Name:	C:\Windows\System32\sppsvc.exe

Service Request Information:
	Privileges:		SeProfileSingleProcessPrivilege""",4,wazuh,0
2025-12-02 11:12:07.793000+00:00,Active_Directory_Server,4688,,,,"""A new process has been created.

Creator Subject:
	Security ID:		S-1-5-18
	Account Name:		AD-DC-SERVER$
	Account Domain:		SOC
	Logon ID:		0x3E7

Target Subject:
	Security ID:		S-1-0-0
	Account Name:		Administrator
	Account Domain:		SOC
	Logon ID:		0x72F78

Process Information:
	New Process ID:		0xa94
	New Process Name:	C:\Windows\System32\taskhostw.exe
	Token Elevation Type:	TokenElevationTypeDefault (1)
	Mandatory Label:		S-1-16-12288
	Creator Process ID:	0x598
	Creator Process Name:	C:\Windows\System32\svchost.exe
	Process Command Line:	

Token Elevation Type indicates the type of token that was assigned to the new process in accordance with User Account Control policy.

Type 1 is a full token with no privileges removed or groups disabled.  A full token is only used if User Account Control is disabled or if the user is the built-in Administrator account or a service account.

Type 2 is an elevated token with no privileges removed or groups disabled.  An elevated token is used when User Account Control is enabled and the user chooses to start the program using Run as administrator.  An elevated token is also used when an application is configured to always require administrative privilege or to always require maximum privilege, and the user is a member of the Administrators group.

Type 3 is a limited token with administrative privileges removed and administrative groups disabled.  The limited token is used when User Account Control is enabled, the application does not require administrative privilege, and the user does not choose to start the program using Run as administrator.""",3,wazuh,0
2025-12-02 11:12:07.793000+00:00,Active_Directory_Server,1,C:\\Windows\\System32\\taskhostw.exe,taskhostw.exe USER,,"""Process Create:
RuleName: -
UtcTime: 2025-12-02 11:12:09.621
ProcessGuid: {b4c300ce-c989-692e-4b12-000000001100}
ProcessId: 2708
Image: C:\Windows\System32\taskhostw.exe
FileVersion: 10.0.20348.1 (WinBuild.160101.0800)
Description: Host Process for Windows Tasks
Product: Microsoft® Windows® Operating System
Company: Microsoft Corporation
OriginalFileName: taskhostw.exe
CommandLine: taskhostw.exe USER
CurrentDirectory: C:\Windows\system32\
User: SOC\Administrator
LogonGuid: {b4c300ce-3208-6928-782f-070000000000}
LogonId: 0x72F78
TerminalSessionId: 1
IntegrityLevel: High
Hashes: MD5=5487316514F4ADA7E6E0BD9EAA2256E7,SHA256=F447AE2E838D4DE71CA4BABA321FEA67DABB38AA4321EFAC81F3FF03CF55FE0A,IMPHASH=1C4E2D9936E4D9F2490B08AAB4D24260
ParentProcessGuid: {b4c300ce-31c4-6928-2100-000000001100}
ParentProcessId: 1432
ParentImage: C:\Windows\System32\svchost.exe
ParentCommandLine: C:\Windows\system32\svchost.exe -k netsvcs -p -s Schedule
ParentUser: NT AUTHORITY\SYSTEM""",3,wazuh,0
2025-12-02 11:12:13.162000+00:00,Active_Directory_Server,16384,,,,"""Successfully scheduled Software Protection service for re-start at 2026-01-27T06:13:15Z. Reason: RulesEngine.""",3,wazuh,0
2025-12-02 11:13:05.353000+00:00,Active_Directory_Server,4688,,,,"""A new process has been created.

Creator Subject:
	Security ID:		S-1-5-18
	Account Name:		AD-DC-SERVER$
	Account Domain:		SOC
	Logon ID:		0x3E7

Target Subject:
	Security ID:		S-1-0-0
	Account Name:		-
	Account Domain:		-
	Logon ID:		0x0

Process Information:
	New Process ID:		0x110
	New Process Name:	C:\Windows\System32\svchost.exe
	Token Elevation Type:	TokenElevationTypeDefault (1)
	Mandatory Label:		S-1-16-16384
	Creator Process ID:	0x274
	Creator Process Name:	C:\Windows\System32\services.exe
	Process Command Line:	

Token Elevation Type indicates the type of token that was assigned to the new process in accordance with User Account Control policy.

Type 1 is a full token with no privileges removed or groups disabled.  A full token is only used if User Account Control is disabled or if the user is the built-in Administrator account or a service account.

Type 2 is an elevated token with no privileges removed or groups disabled.  An elevated token is used when User Account Control is enabled and the user chooses to start the program using Run as administrator.  An elevated token is also used when an application is configured to always require administrative privilege or to always require maximum privilege, and the user is a member of the Administrators group.

Type 3 is a limited token with administrative privileges removed and administrative groups disabled.  The limited token is used when User Account Control is enabled, the application does not require administrative privilege, and the user does not choose to start the program using Run as administrator.""",3,wazuh,0
2025-12-02 11:16:48.402000+00:00,Active_Directory_Server,4688,,,,"""A new process has been created.

Creator Subject:
	Security ID:		S-1-5-18
	Account Name:		AD-DC-SERVER$
	Account Domain:		SOC
	Logon ID:		0x3E7

Target Subject:
	Security ID:		S-1-0-0
	Account Name:		-
	Account Domain:		-
	Logon ID:		0x0

Process Information:
	New Process ID:		0x57c
	New Process Name:	C:\Windows\System32\MoUsoCoreWorker.exe
	Token Elevation Type:	TokenElevationTypeDefault (1)
	Mandatory Label:		S-1-16-16384
	Creator Process ID:	0x34c
	Creator Process Name:	C:\Windows\System32\svchost.exe
	Process Command Line:	

Token Elevation Type indicates the type of token that was assigned to the new process in accordance with User Account Control policy.

Type 1 is a full token with no privileges removed or groups disabled.  A full token is only used if User Account Control is disabled or if the user is the built-in Administrator account or a service account.

Type 2 is an elevated token with no privileges removed or groups disabled.  An elevated token is used when User Account Control is enabled and the user chooses to start the program using Run as administrator.  An elevated token is also used when an application is configured to always require administrative privilege or to always require maximum privilege, and the user is a member of the Administrators group.

Type 3 is a limited token with administrative privileges removed and administrative groups disabled.  The limited token is used when User Account Control is enabled, the application does not require administrative privilege, and the user does not choose to start the program using Run as administrator.""",3,wazuh,0
2025-12-02 11:16:48.416000+00:00,Active_Directory_Server,1,C:\\Windows\\System32\\MoUsoCoreWorker.exe,C:\\Windows\\System32\\mousocoreworker.exe -Embedding,,"""Process Create:
RuleName: -
UtcTime: 2025-12-02 11:16:50.216
ProcessGuid: {b4c300ce-caa2-692e-4d12-000000001100}
ProcessId: 1404
Image: C:\Windows\System32\MoUsoCoreWorker.exe
FileVersion: 10.0.20348.380 (WinBuild.160101.0800)
Description: MoUSO Core Worker Process
Product: Microsoft® Windows® Operating System
Company: Microsoft Corporation
OriginalFileName: MoUSOCoreWorker.exe
CommandLine: C:\Windows\System32\mousocoreworker.exe -Embedding
CurrentDirectory: C:\Windows\system32\
User: NT AUTHORITY\SYSTEM
LogonGuid: {b4c300ce-31c3-6928-e703-000000000000}
LogonId: 0x3E7
TerminalSessionId: 0
IntegrityLevel: System
Hashes: MD5=A01716583968F60BD83C4830C3B3FCDA,SHA256=F4E3B06DFF2B91150FBE3E06329CAF45674DC505495FC96F32BEBF6FAE08DF6E,IMPHASH=7D3978CBEEDF0AC8C9F49FED049B426E
ParentProcessGuid: {b4c300ce-31c4-6928-0d00-000000001100}
ParentProcessId: 844
ParentImage: C:\Windows\System32\svchost.exe
ParentCommandLine: C:\Windows\system32\svchost.exe -k DcomLaunch -p
ParentUser: NT AUTHORITY\SYSTEM""",3,wazuh,0
2025-12-02 11:20:20.387000+00:00,Active_Directory_Server,4688,,,,"""A new process has been created.

Creator Subject:
	Security ID:		S-1-5-18
	Account Name:		AD-DC-SERVER$
	Account Domain:		SOC
	Logon ID:		0x3E7

Target Subject:
	Security ID:		S-1-0-0
	Account Name:		-
	Account Domain:		-
	Logon ID:		0x0

Process Information:
	New Process ID:		0x898
	New Process Name:	C:\Windows\System32\taskhostw.exe
	Token Elevation Type:	TokenElevationTypeDefault (1)
	Mandatory Label:		S-1-16-16384
	Creator Process ID:	0x598
	Creator Process Name:	C:\Windows\System32\svchost.exe
	Process Command Line:	

Token Elevation Type indicates the type of token that was assigned to the new process in accordance with User Account Control policy.

Type 1 is a full token with no privileges removed or groups disabled.  A full token is only used if User Account Control is disabled or if the user is the built-in Administrator account or a service account.

Type 2 is an elevated token with no privileges removed or groups disabled.  An elevated token is used when User Account Control is enabled and the user chooses to start the program using Run as administrator.  An elevated token is also used when an application is configured to always require administrative privilege or to always require maximum privilege, and the user is a member of the Administrators group.

Type 3 is a limited token with administrative privileges removed and administrative groups disabled.  The limited token is used when User Account Control is enabled, the application does not require administrative privilege, and the user does not choose to start the program using Run as administrator.""",3,wazuh,0
2025-12-02 11:20:20.389000+00:00,Active_Directory_Server,1,C:\\Windows\\System32\\taskhostw.exe,taskhostw.exe,,"""Process Create:
RuleName: -
UtcTime: 2025-12-02 11:20:22.202
ProcessGuid: {b4c300ce-cb76-692e-4e12-000000001100}
ProcessId: 2200
Image: C:\Windows\System32\taskhostw.exe
FileVersion: 10.0.20348.1 (WinBuild.160101.0800)
Description: Host Process for Windows Tasks
Product: Microsoft® Windows® Operating System
Company: Microsoft Corporation
OriginalFileName: taskhostw.exe
CommandLine: taskhostw.exe
CurrentDirectory: C:\Windows\system32\
User: NT AUTHORITY\SYSTEM
LogonGuid: {b4c300ce-31c3-6928-e703-000000000000}
LogonId: 0x3E7
TerminalSessionId: 0
IntegrityLevel: System
Hashes: MD5=5487316514F4ADA7E6E0BD9EAA2256E7,SHA256=F447AE2E838D4DE71CA4BABA321FEA67DABB38AA4321EFAC81F3FF03CF55FE0A,IMPHASH=1C4E2D9936E4D9F2490B08AAB4D24260
ParentProcessGuid: {b4c300ce-31c4-6928-2100-000000001100}
ParentProcessId: 1432
ParentImage: C:\Windows\System32\svchost.exe
ParentCommandLine: C:\Windows\system32\svchost.exe -k netsvcs -p -s Schedule
ParentUser: NT AUTHORITY\SYSTEM""",3,wazuh,0
2025-12-02 11:20:20.400000+00:00,Active_Directory_Server,4688,,,,"""A new process has been created.

Creator Subject:
	Security ID:		S-1-5-18
	Account Name:		AD-DC-SERVER$
	Account Domain:		SOC
	Logon ID:		0x3E7

Target Subject:
	Security ID:		S-1-0-0
	Account Name:		AD-DC-SERVER$
	Account Domain:		SOC
	Logon ID:		0x3E4

Process Information:
	New Process ID:		0x1154
	New Process Name:	C:\Windows\System32\sppsvc.exe
	Token Elevation Type:	TokenElevationTypeDefault (1)
	Mandatory Label:		S-1-16-16384
	Creator Process ID:	0x274
	Creator Process Name:	C:\Windows\System32\services.exe
	Process Command Line:	

Token Elevation Type indicates the type of token that was assigned to the new process in accordance with User Account Control policy.

Type 1 is a full token with no privileges removed or groups disabled.  A full token is only used if User Account Control is disabled or if the user is the built-in Administrator account or a service account.

Type 2 is an elevated token with no privileges removed or groups disabled.  An elevated token is used when User Account Control is enabled and the user chooses to start the program using Run as administrator.  An elevated token is also used when an application is configured to always require administrative privilege or to always require maximum privilege, and the user is a member of the Administrators group.

Type 3 is a limited token with administrative privileges removed and administrative groups disabled.  The limited token is used when User Account Control is enabled, the application does not require administrative privilege, and the user does not choose to start the program using Run as administrator.""",3,wazuh,0
2025-12-02 11:20:20.416000+00:00,Active_Directory_Server,4673,,,,"""A privileged service was called.

Subject:
	Security ID:		S-1-5-20
	Account Name:		AD-DC-SERVER$
	Account Domain:		SOC
	Logon ID:		0x3E4

Service:
	Server:	Security
	Service Name:	-

Process:
	Process ID:	0x1154
	Process Name:	C:\Windows\System32\sppsvc.exe

Service Request Information:
	Privileges:		SeProfileSingleProcessPrivilege""",4,wazuh,0
2025-12-02 11:20:20.463000+00:00,Active_Directory_Server,4688,,,,"""A new process has been created.

Creator Subject:
	Security ID:		S-1-5-18
	Account Name:		AD-DC-SERVER$
	Account Domain:		SOC
	Logon ID:		0x3E7

Target Subject:
	Security ID:		S-1-0-0
	Account Name:		-
	Account Domain:		-
	Logon ID:		0x0

Process Information:
	New Process ID:		0x690
	New Process Name:	C:\Windows\System32\svchost.exe
	Token Elevation Type:	TokenElevationTypeDefault (1)
	Mandatory Label:		S-1-16-16384
	Creator Process ID:	0x274
	Creator Process Name:	C:\Windows\System32\services.exe
	Process Command Line:	

Token Elevation Type indicates the type of token that was assigned to the new process in accordance with User Account Control policy.

Type 1 is a full token with no privileges removed or groups disabled.  A full token is only used if User Account Control is disabled or if the user is the built-in Administrator account or a service account.

Type 2 is an elevated token with no privileges removed or groups disabled.  An elevated token is used when User Account Control is enabled and the user chooses to start the program using Run as administrator.  An elevated token is also used when an application is configured to always require administrative privilege or to always require maximum privilege, and the user is a member of the Administrators group.

Type 3 is a limited token with administrative privileges removed and administrative groups disabled.  The limited token is used when User Account Control is enabled, the application does not require administrative privilege, and the user does not choose to start the program using Run as administrator.""",3,wazuh,0
2025-12-02 11:20:49.790000+00:00,Active_Directory_Server,16384,,,,"""Successfully scheduled Software Protection service for re-start at 2026-01-27T06:12:52Z. Reason: RulesEngine.""",3,wazuh,0
2025-12-02 11:27:48.215000+00:00,Active_Directory_Server,4688,,,,"""A new process has been created.

Creator Subject:
	Security ID:		S-1-5-18
	Account Name:		AD-DC-SERVER$
	Account Domain:		SOC
	Logon ID:		0x3E7

Target Subject:
	Security ID:		S-1-0-0
	Account Name:		-
	Account Domain:		-
	Logon ID:		0x0

Process Information:
	New Process ID:		0x8d0
	New Process Name:	C:\Windows\System32\taskhostw.exe
	Token Elevation Type:	TokenElevationTypeDefault (1)
	Mandatory Label:		S-1-16-16384
	Creator Process ID:	0x598
	Creator Process Name:	C:\Windows\System32\svchost.exe
	Process Command Line:	

Token Elevation Type indicates the type of token that was assigned to the new process in accordance with User Account Control policy.

Type 1 is a full token with no privileges removed or groups disabled.  A full token is only used if User Account Control is disabled or if the user is the built-in Administrator account or a service account.

Type 2 is an elevated token with no privileges removed or groups disabled.  An elevated token is used when User Account Control is enabled and the user chooses to start the program using Run as administrator.  An elevated token is also used when an application is configured to always require administrative privilege or to always require maximum privilege, and the user is a member of the Administrators group.

Type 3 is a limited token with administrative privileges removed and administrative groups disabled.  The limited token is used when User Account Control is enabled, the application does not require administrative privilege, and the user does not choose to start the program using Run as administrator.""",3,wazuh,0
2025-12-02 11:27:48.217000+00:00,Active_Directory_Server,1,C:\\Windows\\System32\\taskhostw.exe,taskhostw.exe,,"""Process Create:
RuleName: -
UtcTime: 2025-12-02 11:27:50.032
ProcessGuid: {b4c300ce-cd36-692e-5112-000000001100}
ProcessId: 2256
Image: C:\Windows\System32\taskhostw.exe
FileVersion: 10.0.20348.1 (WinBuild.160101.0800)
Description: Host Process for Windows Tasks
Product: Microsoft® Windows® Operating System
Company: Microsoft Corporation
OriginalFileName: taskhostw.exe
CommandLine: taskhostw.exe
CurrentDirectory: C:\Windows\system32\
User: NT AUTHORITY\SYSTEM
LogonGuid: {b4c300ce-31c3-6928-e703-000000000000}
LogonId: 0x3E7
TerminalSessionId: 0
IntegrityLevel: System
Hashes: MD5=5487316514F4ADA7E6E0BD9EAA2256E7,SHA256=F447AE2E838D4DE71CA4BABA321FEA67DABB38AA4321EFAC81F3FF03CF55FE0A,IMPHASH=1C4E2D9936E4D9F2490B08AAB4D24260
ParentProcessGuid: {b4c300ce-31c4-6928-2100-000000001100}
ParentProcessId: 1432
ParentImage: C:\Windows\System32\svchost.exe
ParentCommandLine: C:\Windows\system32\svchost.exe -k netsvcs -p -s Schedule
ParentUser: NT AUTHORITY\SYSTEM""",3,wazuh,0
2025-12-02 11:27:48.228000+00:00,Active_Directory_Server,4688,,,,"""A new process has been created.

Creator Subject:
	Security ID:		S-1-5-18
	Account Name:		AD-DC-SERVER$
	Account Domain:		SOC
	Logon ID:		0x3E7

Target Subject:
	Security ID:		S-1-0-0
	Account Name:		AD-DC-SERVER$
	Account Domain:		SOC
	Logon ID:		0x3E4

Process Information:
	New Process ID:		0x79c
	New Process Name:	C:\Windows\System32\sppsvc.exe
	Token Elevation Type:	TokenElevationTypeDefault (1)
	Mandatory Label:		S-1-16-16384
	Creator Process ID:	0x274
	Creator Process Name:	C:\Windows\System32\services.exe
	Process Command Line:	

Token Elevation Type indicates the type of token that was assigned to the new process in accordance with User Account Control policy.

Type 1 is a full token with no privileges removed or groups disabled.  A full token is only used if User Account Control is disabled or if the user is the built-in Administrator account or a service account.

Type 2 is an elevated token with no privileges removed or groups disabled.  An elevated token is used when User Account Control is enabled and the user chooses to start the program using Run as administrator.  An elevated token is also used when an application is configured to always require administrative privilege or to always require maximum privilege, and the user is a member of the Administrators group.

Type 3 is a limited token with administrative privileges removed and administrative groups disabled.  The limited token is used when User Account Control is enabled, the application does not require administrative privilege, and the user does not choose to start the program using Run as administrator.""",3,wazuh,0
2025-12-02 11:27:48.244000+00:00,Active_Directory_Server,4673,,,,"""A privileged service was called.

Subject:
	Security ID:		S-1-5-20
	Account Name:		AD-DC-SERVER$
	Account Domain:		SOC
	Logon ID:		0x3E4

Service:
	Server:	Security
	Service Name:	-

Process:
	Process ID:	0x79c
	Process Name:	C:\Windows\System32\sppsvc.exe

Service Request Information:
	Privileges:		SeProfileSingleProcessPrivilege""",4,wazuh,0
2025-12-02 11:27:48.291000+00:00,Active_Directory_Server,4688,,,,"""A new process has been created.

Creator Subject:
	Security ID:		S-1-5-18
	Account Name:		AD-DC-SERVER$
	Account Domain:		SOC
	Logon ID:		0x3E7

Target Subject:
	Security ID:		S-1-0-0
	Account Name:		-
	Account Domain:		-
	Logon ID:		0x0

Process Information:
	New Process ID:		0x1274
	New Process Name:	C:\Windows\System32\svchost.exe
	Token Elevation Type:	TokenElevationTypeDefault (1)
	Mandatory Label:		S-1-16-16384
	Creator Process ID:	0x274
	Creator Process Name:	C:\Windows\System32\services.exe
	Process Command Line:	

Token Elevation Type indicates the type of token that was assigned to the new process in accordance with User Account Control policy.

Type 1 is a full token with no privileges removed or groups disabled.  A full token is only used if User Account Control is disabled or if the user is the built-in Administrator account or a service account.

Type 2 is an elevated token with no privileges removed or groups disabled.  An elevated token is used when User Account Control is enabled and the user chooses to start the program using Run as administrator.  An elevated token is also used when an application is configured to always require administrative privilege or to always require maximum privilege, and the user is a member of the Administrators group.

Type 3 is a limited token with administrative privileges removed and administrative groups disabled.  The limited token is used when User Account Control is enabled, the application does not require administrative privilege, and the user does not choose to start the program using Run as administrator.""",3,wazuh,0
2025-12-02 11:28:17.649000+00:00,Active_Directory_Server,16384,,,,"""Successfully scheduled Software Protection service for re-start at 2026-01-27T06:13:20Z. Reason: RulesEngine.""",3,wazuh,0
2025-12-02 11:31:31.277000+00:00,Active_Directory_Server,1,C:\\Program Files (x86)\\Microsoft\\EdgeUpdate\\MicrosoftEdgeUpdate.exe,"\""C:\\Program Files (x86)\\Microsoft\\EdgeUpdate\\MicrosoftEdgeUpdate.exe\"" /ua /installsource scheduler",,"""Process Create:
RuleName: -
UtcTime: 2025-12-02 11:31:33.096
ProcessGuid: {b4c300ce-ce15-692e-5412-000000001100}
ProcessId: 1448
Image: C:\Program Files (x86)\Microsoft\EdgeUpdate\MicrosoftEdgeUpdate.exe
FileVersion: 1.3.209.9
Description: Microsoft Edge Update
Product: Microsoft Edge Update
Company: Microsoft Corporation
OriginalFileName: msedgeupdate.dll
CommandLine: ""C:\Program Files (x86)\Microsoft\EdgeUpdate\MicrosoftEdgeUpdate.exe"" /ua /installsource scheduler
CurrentDirectory: C:\Windows\system32\
User: NT AUTHORITY\SYSTEM
LogonGuid: {b4c300ce-31c3-6928-e703-000000000000}
LogonId: 0x3E7
TerminalSessionId: 0
IntegrityLevel: System
Hashes: MD5=80306EB362C63D6A63F443A3B2B84EDF,SHA256=B0585142D771FD68F0F939B925E4D32B491CD097350131F8F5C006EB8B2B0397,IMPHASH=CD3B2D99C6655A5D4A14E30E380F5BF9
ParentProcessGuid: {b4c300ce-31c4-6928-2100-000000001100}
ParentProcessId: 1432
ParentImage: C:\Windows\System32\svchost.exe
ParentCommandLine: C:\Windows\system32\svchost.exe -k netsvcs -p -s Schedule
ParentUser: NT AUTHORITY\SYSTEM""",3,wazuh,0
2025-12-02 11:31:31.291000+00:00,Active_Directory_Server,4688,,,,"""A new process has been created.

Creator Subject:
	Security ID:		S-1-5-18
	Account Name:		AD-DC-SERVER$
	Account Domain:		SOC
	Logon ID:		0x3E7

Target Subject:
	Security ID:		S-1-0-0
	Account Name:		-
	Account Domain:		-
	Logon ID:		0x0

Process Information:
	New Process ID:		0x5a8
	New Process Name:	C:\Program Files (x86)\Microsoft\EdgeUpdate\MicrosoftEdgeUpdate.exe
	Token Elevation Type:	TokenElevationTypeDefault (1)
	Mandatory Label:		S-1-16-16384
	Creator Process ID:	0x598
	Creator Process Name:	C:\Windows\System32\svchost.exe
	Process Command Line:	

Token Elevation Type indicates the type of token that was assigned to the new process in accordance with User Account Control policy.

Type 1 is a full token with no privileges removed or groups disabled.  A full token is only used if User Account Control is disabled or if the user is the built-in Administrator account or a service account.

Type 2 is an elevated token with no privileges removed or groups disabled.  An elevated token is used when User Account Control is enabled and the user chooses to start the program using Run as administrator.  An elevated token is also used when an application is configured to always require administrative privilege or to always require maximum privilege, and the user is a member of the Administrators group.

Type 3 is a limited token with administrative privileges removed and administrative groups disabled.  The limited token is used when User Account Control is enabled, the application does not require administrative privilege, and the user does not choose to start the program using Run as administrator.""",3,wazuh,0
2025-12-02 11:31:50.605000+00:00,Active_Directory_Server,4688,,,,"""A new process has been created.

Creator Subject:
	Security ID:		S-1-5-18
	Account Name:		AD-DC-SERVER$
	Account Domain:		SOC
	Logon ID:		0x3E7

Target Subject:
	Security ID:		S-1-0-0
	Account Name:		-
