	Account Domain:		-
	Logon ID:		0x0

Process Information:
	New Process ID:		0x1bc0
	New Process Name:	C:\Windows\System32\conhost.exe
	Token Elevation Type:	TokenElevationTypeDefault (1)
	Mandatory Label:		S-1-16-16384
	Creator Process ID:	0xcd8
	Creator Process Name:	C:\Windows\SysWOW64\WindowsPowerShell\v1.0\powershell.exe
	Process Command Line:	

Token Elevation Type indicates the type of token that was assigned to the new process in accordance with User Account Control policy.

Type 1 is a full token with no privileges removed or groups disabled.  A full token is only used if User Account Control is disabled or if the user is the built-in Administrator account or a service account.

Type 2 is an elevated token with no privileges removed or groups disabled.  An elevated token is used when User Account Control is enabled and the user chooses to start the program using Run as administrator.  An elevated token is also used when an application is configured to always require administrative privilege or to always require maximum privilege, and the user is a member of the Administrators group.

Type 3 is a limited token with administrative privileges removed and administrative groups disabled.  The limited token is used when User Account Control is enabled, the application does not require administrative privilege, and the user does not choose to start the program using Run as administrator.""",3,wazuh,0
2025-12-02 11:11:10.619000+00:00,Active_Directory_Server,4688,,,,"""A new process has been created.

Creator Subject:
	Security ID:		S-1-5-18
	Account Name:		AD-DC-SERVER$
	Account Domain:		SOC
	Logon ID:		0x3E7

Target Subject:
	Security ID:		S-1-0-0
	Account Name:		-
	Account Domain:		-
	Logon ID:		0x0

Process Information:
	New Process ID:		0x398
	New Process Name:	C:\Windows\SysWOW64\SecEdit.exe
	Token Elevation Type:	TokenElevationTypeDefault (1)
	Mandatory Label:		S-1-16-16384
	Creator Process ID:	0xcd8
	Creator Process Name:	C:\Windows\SysWOW64\WindowsPowerShell\v1.0\powershell.exe
	Process Command Line:	

Token Elevation Type indicates the type of token that was assigned to the new process in accordance with User Account Control policy.

Type 1 is a full token with no privileges removed or groups disabled.  A full token is only used if User Account Control is disabled or if the user is the built-in Administrator account or a service account.

Type 2 is an elevated token with no privileges removed or groups disabled.  An elevated token is used when User Account Control is enabled and the user chooses to start the program using Run as administrator.  An elevated token is also used when an application is configured to always require administrative privilege or to always require maximum privilege, and the user is a member of the Administrators group.

Type 3 is a limited token with administrative privileges removed and administrative groups disabled.  The limited token is used when User Account Control is enabled, the application does not require administrative privilege, and the user does not choose to start the program using Run as administrator.""",3,wazuh,0
2025-12-02 11:11:10.681000+00:00,Active_Directory_Server,4104,,,,"""Creating Scriptblock text (1 of 1):
$null = secedit /export /cfg $env:temp/secexport.cfg; $(gc $env:temp/secexport.cfg | Select-String ""LSAAnonymousNameLookup"").ToString().Split(""="")[1].Trim()

ScriptBlock ID: 8ec91512-6579-43ac-b755-7dd36a943ecf
Path: """,4,wazuh,0
2025-12-02 11:11:10.697000+00:00,Active_Directory_Server,22,&lt;unknown process&gt;,,,"""Dns query:
RuleName: -
UtcTime: 2025-12-02 11:11:16.726
ProcessGuid: {00000000-0000-0000-0000-000000000000}
ProcessId: 3216
QueryName: AD-DC-Server.soc.lab.local
QueryStatus: 0
QueryResults: fe80::f12c:e764:59ef:21f8;::ffff:192.168.5.141;
Image: <unknown process>
User: NT AUTHORITY\SYSTEM""",3,wazuh,0
2025-12-02 11:11:10.775000+00:00,Active_Directory_Server,1,C:\\Windows\\SysWOW64\\auditpol.exe,"auditpol.exe /get /subcategory:\""Credential Validation\""",,"""Process Create:
RuleName: -
UtcTime: 2025-12-02 11:11:12.265
ProcessGuid: {b4c300ce-c950-692e-0612-000000001100}
ProcessId: 2948
Image: C:\Windows\SysWOW64\auditpol.exe
FileVersion: 10.0.20348.1 (WinBuild.160101.0800)
Description: Audit Policy Program
Product: Microsoft® Windows® Operating System
Company: Microsoft Corporation
OriginalFileName: AUDITPOL.EXE
CommandLine: auditpol.exe /get /subcategory:""Credential Validation""
CurrentDirectory: C:\Program Files (x86)\ossec-agent\
User: NT AUTHORITY\SYSTEM
LogonGuid: {b4c300ce-31c3-6928-e703-000000000000}
LogonId: 0x3E7
TerminalSessionId: 0
IntegrityLevel: System
Hashes: MD5=9E18ACE78034537344DA6036D4C3C8B1,SHA256=29389619B06E5DE97B3669F6FF92E226CB6DCE2254B07BA6FA88C3B5D3A9799E,IMPHASH=AB0C8C1C188B19D08FAF502671C04930
ParentProcessGuid: {b4c300ce-31ce-6928-4900-000000001100}
ParentProcessId: 2936
ParentImage: C:\Program Files (x86)\ossec-agent\wazuh-agent.exe
ParentCommandLine: ""C:\Program Files (x86)\ossec-agent\wazuh-agent.exe""
ParentUser: NT AUTHORITY\SYSTEM""",3,wazuh,0
2025-12-02 11:11:10.791000+00:00,Active_Directory_Server,1,C:\\Windows\\SysWOW64\\auditpol.exe,"auditpol.exe /get /subcategory:\""Kerberos Authentication Service\""",,"""Process Create:
RuleName: -
UtcTime: 2025-12-02 11:11:12.295
ProcessGuid: {b4c300ce-c950-692e-0812-000000001100}
ProcessId: 6232
Image: C:\Windows\SysWOW64\auditpol.exe
FileVersion: 10.0.20348.1 (WinBuild.160101.0800)
Description: Audit Policy Program
Product: Microsoft® Windows® Operating System
Company: Microsoft Corporation
OriginalFileName: AUDITPOL.EXE
CommandLine: auditpol.exe /get /subcategory:""Kerberos Authentication Service""
CurrentDirectory: C:\Program Files (x86)\ossec-agent\
User: NT AUTHORITY\SYSTEM
LogonGuid: {b4c300ce-31c3-6928-e703-000000000000}
LogonId: 0x3E7
TerminalSessionId: 0
IntegrityLevel: System
Hashes: MD5=9E18ACE78034537344DA6036D4C3C8B1,SHA256=29389619B06E5DE97B3669F6FF92E226CB6DCE2254B07BA6FA88C3B5D3A9799E,IMPHASH=AB0C8C1C188B19D08FAF502671C04930
ParentProcessGuid: {b4c300ce-31ce-6928-4900-000000001100}
ParentProcessId: 2936
ParentImage: C:\Program Files (x86)\ossec-agent\wazuh-agent.exe
ParentCommandLine: ""C:\Program Files (x86)\ossec-agent\wazuh-agent.exe""
ParentUser: NT AUTHORITY\SYSTEM""",3,wazuh,0
2025-12-02 11:11:10.807000+00:00,Active_Directory_Server,1,C:\\Windows\\SysWOW64\\auditpol.exe,"auditpol.exe /get /subcategory:\""Kerberos Service Ticket Operations\""",,"""Process Create:
RuleName: -
UtcTime: 2025-12-02 11:11:12.324
ProcessGuid: {b4c300ce-c950-692e-0a12-000000001100}
ProcessId: 5956
Image: C:\Windows\SysWOW64\auditpol.exe
FileVersion: 10.0.20348.1 (WinBuild.160101.0800)
Description: Audit Policy Program
Product: Microsoft® Windows® Operating System
Company: Microsoft Corporation
OriginalFileName: AUDITPOL.EXE
CommandLine: auditpol.exe /get /subcategory:""Kerberos Service Ticket Operations""
CurrentDirectory: C:\Program Files (x86)\ossec-agent\
User: NT AUTHORITY\SYSTEM
LogonGuid: {b4c300ce-31c3-6928-e703-000000000000}
LogonId: 0x3E7
TerminalSessionId: 0
IntegrityLevel: System
Hashes: MD5=9E18ACE78034537344DA6036D4C3C8B1,SHA256=29389619B06E5DE97B3669F6FF92E226CB6DCE2254B07BA6FA88C3B5D3A9799E,IMPHASH=AB0C8C1C188B19D08FAF502671C04930
ParentProcessGuid: {b4c300ce-31ce-6928-4900-000000001100}
ParentProcessId: 2936
ParentImage: C:\Program Files (x86)\ossec-agent\wazuh-agent.exe
ParentCommandLine: ""C:\Program Files (x86)\ossec-agent\wazuh-agent.exe""
ParentUser: NT AUTHORITY\SYSTEM""",3,wazuh,0
2025-12-02 11:11:10.822000+00:00,Active_Directory_Server,1,C:\\Windows\\SysWOW64\\auditpol.exe,"auditpol.exe /get /subcategory:\""Application Group Management\""",,"""Process Create:
RuleName: -
UtcTime: 2025-12-02 11:11:12.354
ProcessGuid: {b4c300ce-c950-692e-0c12-000000001100}
ProcessId: 2812
Image: C:\Windows\SysWOW64\auditpol.exe
FileVersion: 10.0.20348.1 (WinBuild.160101.0800)
Description: Audit Policy Program
Product: Microsoft® Windows® Operating System
Company: Microsoft Corporation
OriginalFileName: AUDITPOL.EXE
CommandLine: auditpol.exe /get /subcategory:""Application Group Management""
CurrentDirectory: C:\Program Files (x86)\ossec-agent\
User: NT AUTHORITY\SYSTEM
LogonGuid: {b4c300ce-31c3-6928-e703-000000000000}
LogonId: 0x3E7
TerminalSessionId: 0
IntegrityLevel: System
Hashes: MD5=9E18ACE78034537344DA6036D4C3C8B1,SHA256=29389619B06E5DE97B3669F6FF92E226CB6DCE2254B07BA6FA88C3B5D3A9799E,IMPHASH=AB0C8C1C188B19D08FAF502671C04930
ParentProcessGuid: {b4c300ce-31ce-6928-4900-000000001100}
ParentProcessId: 2936
ParentImage: C:\Program Files (x86)\ossec-agent\wazuh-agent.exe
ParentCommandLine: ""C:\Program Files (x86)\ossec-agent\wazuh-agent.exe""
ParentUser: NT AUTHORITY\SYSTEM""",3,wazuh,0
2025-12-02 11:11:10.838000+00:00,Active_Directory_Server,1,C:\\Windows\\SysWOW64\\auditpol.exe,"auditpol.exe /get /subcategory:\""Computer Account Management\""",,"""Process Create:
RuleName: -
UtcTime: 2025-12-02 11:11:12.385
ProcessGuid: {b4c300ce-c950-692e-0e12-000000001100}
ProcessId: 6240
Image: C:\Windows\SysWOW64\auditpol.exe
FileVersion: 10.0.20348.1 (WinBuild.160101.0800)
Description: Audit Policy Program
Product: Microsoft® Windows® Operating System
Company: Microsoft Corporation
OriginalFileName: AUDITPOL.EXE
CommandLine: auditpol.exe /get /subcategory:""Computer Account Management""
CurrentDirectory: C:\Program Files (x86)\ossec-agent\
User: NT AUTHORITY\SYSTEM
LogonGuid: {b4c300ce-31c3-6928-e703-000000000000}
LogonId: 0x3E7
TerminalSessionId: 0
IntegrityLevel: System
Hashes: MD5=9E18ACE78034537344DA6036D4C3C8B1,SHA256=29389619B06E5DE97B3669F6FF92E226CB6DCE2254B07BA6FA88C3B5D3A9799E,IMPHASH=AB0C8C1C188B19D08FAF502671C04930
ParentProcessGuid: {b4c300ce-31ce-6928-4900-000000001100}
ParentProcessId: 2936
ParentImage: C:\Program Files (x86)\ossec-agent\wazuh-agent.exe
ParentCommandLine: ""C:\Program Files (x86)\ossec-agent\wazuh-agent.exe""
ParentUser: NT AUTHORITY\SYSTEM""",3,wazuh,0
2025-12-02 11:11:10.853000+00:00,Active_Directory_Server,1,C:\\Windows\\SysWOW64\\auditpol.exe,"auditpol.exe /get /subcategory:\""Distribution Group Management\""",,"""Process Create:
RuleName: -
UtcTime: 2025-12-02 11:11:12.415
ProcessGuid: {b4c300ce-c950-692e-1012-000000001100}
ProcessId: 724
Image: C:\Windows\SysWOW64\auditpol.exe
FileVersion: 10.0.20348.1 (WinBuild.160101.0800)
Description: Audit Policy Program
Product: Microsoft® Windows® Operating System
Company: Microsoft Corporation
OriginalFileName: AUDITPOL.EXE
CommandLine: auditpol.exe /get /subcategory:""Distribution Group Management""
CurrentDirectory: C:\Program Files (x86)\ossec-agent\
User: NT AUTHORITY\SYSTEM
LogonGuid: {b4c300ce-31c3-6928-e703-000000000000}
LogonId: 0x3E7
TerminalSessionId: 0
IntegrityLevel: System
Hashes: MD5=9E18ACE78034537344DA6036D4C3C8B1,SHA256=29389619B06E5DE97B3669F6FF92E226CB6DCE2254B07BA6FA88C3B5D3A9799E,IMPHASH=AB0C8C1C188B19D08FAF502671C04930
ParentProcessGuid: {b4c300ce-31ce-6928-4900-000000001100}
ParentProcessId: 2936
ParentImage: C:\Program Files (x86)\ossec-agent\wazuh-agent.exe
ParentCommandLine: ""C:\Program Files (x86)\ossec-agent\wazuh-agent.exe""
ParentUser: NT AUTHORITY\SYSTEM""",3,wazuh,0
2025-12-02 11:11:10.869000+00:00,Active_Directory_Server,1,C:\\Windows\\SysWOW64\\auditpol.exe,"auditpol.exe /get /subcategory:\""Other Account Management Events\""",,"""Process Create:
RuleName: -
UtcTime: 2025-12-02 11:11:12.443
ProcessGuid: {b4c300ce-c950-692e-1212-000000001100}
ProcessId: 2396
Image: C:\Windows\SysWOW64\auditpol.exe
FileVersion: 10.0.20348.1 (WinBuild.160101.0800)
Description: Audit Policy Program
Product: Microsoft® Windows® Operating System
Company: Microsoft Corporation
OriginalFileName: AUDITPOL.EXE
CommandLine: auditpol.exe /get /subcategory:""Other Account Management Events""
CurrentDirectory: C:\Program Files (x86)\ossec-agent\
User: NT AUTHORITY\SYSTEM
LogonGuid: {b4c300ce-31c3-6928-e703-000000000000}
LogonId: 0x3E7
TerminalSessionId: 0
IntegrityLevel: System
Hashes: MD5=9E18ACE78034537344DA6036D4C3C8B1,SHA256=29389619B06E5DE97B3669F6FF92E226CB6DCE2254B07BA6FA88C3B5D3A9799E,IMPHASH=AB0C8C1C188B19D08FAF502671C04930
ParentProcessGuid: {b4c300ce-31ce-6928-4900-000000001100}
ParentProcessId: 2936
ParentImage: C:\Program Files (x86)\ossec-agent\wazuh-agent.exe
ParentCommandLine: ""C:\Program Files (x86)\ossec-agent\wazuh-agent.exe""
ParentUser: NT AUTHORITY\SYSTEM""",3,wazuh,0
2025-12-02 11:11:10.885000+00:00,Active_Directory_Server,1,C:\\Windows\\SysWOW64\\auditpol.exe,"auditpol.exe /get /subcategory:\""Security Group Management\""",,"""Process Create:
RuleName: -
UtcTime: 2025-12-02 11:11:12.470
ProcessGuid: {b4c300ce-c950-692e-1412-000000001100}
ProcessId: 6312
Image: C:\Windows\SysWOW64\auditpol.exe
FileVersion: 10.0.20348.1 (WinBuild.160101.0800)
Description: Audit Policy Program
Product: Microsoft® Windows® Operating System
Company: Microsoft Corporation
OriginalFileName: AUDITPOL.EXE
CommandLine: auditpol.exe /get /subcategory:""Security Group Management""
CurrentDirectory: C:\Program Files (x86)\ossec-agent\
User: NT AUTHORITY\SYSTEM
LogonGuid: {b4c300ce-31c3-6928-e703-000000000000}
LogonId: 0x3E7
TerminalSessionId: 0
IntegrityLevel: System
Hashes: MD5=9E18ACE78034537344DA6036D4C3C8B1,SHA256=29389619B06E5DE97B3669F6FF92E226CB6DCE2254B07BA6FA88C3B5D3A9799E,IMPHASH=AB0C8C1C188B19D08FAF502671C04930
ParentProcessGuid: {b4c300ce-31ce-6928-4900-000000001100}
ParentProcessId: 2936
ParentImage: C:\Program Files (x86)\ossec-agent\wazuh-agent.exe
ParentCommandLine: ""C:\Program Files (x86)\ossec-agent\wazuh-agent.exe""
ParentUser: NT AUTHORITY\SYSTEM""",3,wazuh,0
2025-12-02 11:11:10.900000+00:00,Active_Directory_Server,1,C:\\Windows\\SysWOW64\\auditpol.exe,"auditpol.exe /get /subcategory:\""User Account Management\""",,"""Process Create:
RuleName: -
UtcTime: 2025-12-02 11:11:12.499
ProcessGuid: {b4c300ce-c950-692e-1612-000000001100}
ProcessId: 3092
Image: C:\Windows\SysWOW64\auditpol.exe
FileVersion: 10.0.20348.1 (WinBuild.160101.0800)
Description: Audit Policy Program
Product: Microsoft® Windows® Operating System
Company: Microsoft Corporation
OriginalFileName: AUDITPOL.EXE
CommandLine: auditpol.exe /get /subcategory:""User Account Management""
CurrentDirectory: C:\Program Files (x86)\ossec-agent\
User: NT AUTHORITY\SYSTEM
LogonGuid: {b4c300ce-31c3-6928-e703-000000000000}
LogonId: 0x3E7
TerminalSessionId: 0
IntegrityLevel: System
Hashes: MD5=9E18ACE78034537344DA6036D4C3C8B1,SHA256=29389619B06E5DE97B3669F6FF92E226CB6DCE2254B07BA6FA88C3B5D3A9799E,IMPHASH=AB0C8C1C188B19D08FAF502671C04930
ParentProcessGuid: {b4c300ce-31ce-6928-4900-000000001100}
ParentProcessId: 2936
ParentImage: C:\Program Files (x86)\ossec-agent\wazuh-agent.exe
ParentCommandLine: ""C:\Program Files (x86)\ossec-agent\wazuh-agent.exe""
ParentUser: NT AUTHORITY\SYSTEM""",3,wazuh,0
2025-12-02 11:11:10.916000+00:00,Active_Directory_Server,1,C:\\Windows\\SysWOW64\\auditpol.exe,"auditpol.exe /get /subcategory:\""Plug and Play Events\""",,"""Process Create:
RuleName: -
UtcTime: 2025-12-02 11:11:12.527
ProcessGuid: {b4c300ce-c950-692e-1812-000000001100}
ProcessId: 5452
Image: C:\Windows\SysWOW64\auditpol.exe
FileVersion: 10.0.20348.1 (WinBuild.160101.0800)
Description: Audit Policy Program
Product: Microsoft® Windows® Operating System
Company: Microsoft Corporation
OriginalFileName: AUDITPOL.EXE
CommandLine: auditpol.exe /get /subcategory:""Plug and Play Events""
CurrentDirectory: C:\Program Files (x86)\ossec-agent\
User: NT AUTHORITY\SYSTEM
LogonGuid: {b4c300ce-31c3-6928-e703-000000000000}
LogonId: 0x3E7
TerminalSessionId: 0
IntegrityLevel: System
Hashes: MD5=9E18ACE78034537344DA6036D4C3C8B1,SHA256=29389619B06E5DE97B3669F6FF92E226CB6DCE2254B07BA6FA88C3B5D3A9799E,IMPHASH=AB0C8C1C188B19D08FAF502671C04930
ParentProcessGuid: {b4c300ce-31ce-6928-4900-000000001100}
ParentProcessId: 2936
ParentImage: C:\Program Files (x86)\ossec-agent\wazuh-agent.exe
ParentCommandLine: ""C:\Program Files (x86)\ossec-agent\wazuh-agent.exe""
ParentUser: NT AUTHORITY\SYSTEM""",3,wazuh,0
2025-12-02 11:11:10.931000+00:00,Active_Directory_Server,1,C:\\Windows\\SysWOW64\\auditpol.exe,"auditpol.exe /get /subcategory:\""Process Creation\""",,"""Process Create:
RuleName: -
UtcTime: 2025-12-02 11:11:12.555
ProcessGuid: {b4c300ce-c950-692e-1a12-000000001100}
ProcessId: 1404
Image: C:\Windows\SysWOW64\auditpol.exe
FileVersion: 10.0.20348.1 (WinBuild.160101.0800)
Description: Audit Policy Program
Product: Microsoft® Windows® Operating System
Company: Microsoft Corporation
OriginalFileName: AUDITPOL.EXE
CommandLine: auditpol.exe /get /subcategory:""Process Creation""
CurrentDirectory: C:\Program Files (x86)\ossec-agent\
User: NT AUTHORITY\SYSTEM
LogonGuid: {b4c300ce-31c3-6928-e703-000000000000}
LogonId: 0x3E7
TerminalSessionId: 0
IntegrityLevel: System
Hashes: MD5=9E18ACE78034537344DA6036D4C3C8B1,SHA256=29389619B06E5DE97B3669F6FF92E226CB6DCE2254B07BA6FA88C3B5D3A9799E,IMPHASH=AB0C8C1C188B19D08FAF502671C04930
ParentProcessGuid: {b4c300ce-31ce-6928-4900-000000001100}
ParentProcessId: 2936
ParentImage: C:\Program Files (x86)\ossec-agent\wazuh-agent.exe
ParentCommandLine: ""C:\Program Files (x86)\ossec-agent\wazuh-agent.exe""
ParentUser: NT AUTHORITY\SYSTEM""",3,wazuh,0
2025-12-02 11:11:10.947000+00:00,Active_Directory_Server,1,C:\\Windows\\SysWOW64\\auditpol.exe,"auditpol.exe /get /subcategory:\""Directory Service Access\""",,"""Process Create:
RuleName: -
UtcTime: 2025-12-02 11:11:12.583
ProcessGuid: {b4c300ce-c950-692e-1c12-000000001100}
ProcessId: 6344
Image: C:\Windows\SysWOW64\auditpol.exe
FileVersion: 10.0.20348.1 (WinBuild.160101.0800)
Description: Audit Policy Program
Product: Microsoft® Windows® Operating System
Company: Microsoft Corporation
OriginalFileName: AUDITPOL.EXE
CommandLine: auditpol.exe /get /subcategory:""Directory Service Access""
CurrentDirectory: C:\Program Files (x86)\ossec-agent\
User: NT AUTHORITY\SYSTEM
LogonGuid: {b4c300ce-31c3-6928-e703-000000000000}
LogonId: 0x3E7
TerminalSessionId: 0
IntegrityLevel: System
Hashes: MD5=9E18ACE78034537344DA6036D4C3C8B1,SHA256=29389619B06E5DE97B3669F6FF92E226CB6DCE2254B07BA6FA88C3B5D3A9799E,IMPHASH=AB0C8C1C188B19D08FAF502671C04930
ParentProcessGuid: {b4c300ce-31ce-6928-4900-000000001100}
ParentProcessId: 2936
ParentImage: C:\Program Files (x86)\ossec-agent\wazuh-agent.exe
ParentCommandLine: ""C:\Program Files (x86)\ossec-agent\wazuh-agent.exe""
ParentUser: NT AUTHORITY\SYSTEM""",3,wazuh,0
2025-12-02 11:11:10.963000+00:00,Active_Directory_Server,1,C:\\Windows\\SysWOW64\\auditpol.exe,"auditpol.exe /get /subcategory:\""Directory Service Changes\""",,"""Process Create:
RuleName: -
UtcTime: 2025-12-02 11:11:12.611
ProcessGuid: {b4c300ce-c950-692e-1e12-000000001100}
ProcessId: 1192
Image: C:\Windows\SysWOW64\auditpol.exe
FileVersion: 10.0.20348.1 (WinBuild.160101.0800)
Description: Audit Policy Program
Product: Microsoft® Windows® Operating System
Company: Microsoft Corporation
OriginalFileName: AUDITPOL.EXE
CommandLine: auditpol.exe /get /subcategory:""Directory Service Changes""
CurrentDirectory: C:\Program Files (x86)\ossec-agent\
User: NT AUTHORITY\SYSTEM
LogonGuid: {b4c300ce-31c3-6928-e703-000000000000}
LogonId: 0x3E7
TerminalSessionId: 0
IntegrityLevel: System
Hashes: MD5=9E18ACE78034537344DA6036D4C3C8B1,SHA256=29389619B06E5DE97B3669F6FF92E226CB6DCE2254B07BA6FA88C3B5D3A9799E,IMPHASH=AB0C8C1C188B19D08FAF502671C04930
ParentProcessGuid: {b4c300ce-31ce-6928-4900-000000001100}
ParentProcessId: 2936
ParentImage: C:\Program Files (x86)\ossec-agent\wazuh-agent.exe
ParentCommandLine: ""C:\Program Files (x86)\ossec-agent\wazuh-agent.exe""
ParentUser: NT AUTHORITY\SYSTEM""",3,wazuh,0
2025-12-02 11:11:10.978000+00:00,Active_Directory_Server,1,C:\\Windows\\SysWOW64\\auditpol.exe,"auditpol.exe /get /subcategory:\""Account Lockout\""",,"""Process Create:
RuleName: -
UtcTime: 2025-12-02 11:11:12.639
ProcessGuid: {b4c300ce-c950-692e-2012-000000001100}
ProcessId: 1892
Image: C:\Windows\SysWOW64\auditpol.exe
FileVersion: 10.0.20348.1 (WinBuild.160101.0800)
Description: Audit Policy Program
Product: Microsoft® Windows® Operating System
Company: Microsoft Corporation
OriginalFileName: AUDITPOL.EXE
CommandLine: auditpol.exe /get /subcategory:""Account Lockout""
CurrentDirectory: C:\Program Files (x86)\ossec-agent\
User: NT AUTHORITY\SYSTEM
LogonGuid: {b4c300ce-31c3-6928-e703-000000000000}
LogonId: 0x3E7
TerminalSessionId: 0
IntegrityLevel: System
Hashes: MD5=9E18ACE78034537344DA6036D4C3C8B1,SHA256=29389619B06E5DE97B3669F6FF92E226CB6DCE2254B07BA6FA88C3B5D3A9799E,IMPHASH=AB0C8C1C188B19D08FAF502671C04930
ParentProcessGuid: {b4c300ce-31ce-6928-4900-000000001100}
ParentProcessId: 2936
ParentImage: C:\Program Files (x86)\ossec-agent\wazuh-agent.exe
ParentCommandLine: ""C:\Program Files (x86)\ossec-agent\wazuh-agent.exe""
ParentUser: NT AUTHORITY\SYSTEM""",3,wazuh,0
2025-12-02 11:11:10.994000+00:00,Active_Directory_Server,1,C:\\Windows\\SysWOW64\\auditpol.exe,"auditpol.exe /get /subcategory:\""Group Membership\""",,"""Process Create:
RuleName: -
UtcTime: 2025-12-02 11:11:12.667
ProcessGuid: {b4c300ce-c950-692e-2212-000000001100}
ProcessId: 4212
Image: C:\Windows\SysWOW64\auditpol.exe
FileVersion: 10.0.20348.1 (WinBuild.160101.0800)
Description: Audit Policy Program
Product: Microsoft® Windows® Operating System
Company: Microsoft Corporation
OriginalFileName: AUDITPOL.EXE
CommandLine: auditpol.exe /get /subcategory:""Group Membership""
CurrentDirectory: C:\Program Files (x86)\ossec-agent\
User: NT AUTHORITY\SYSTEM
LogonGuid: {b4c300ce-31c3-6928-e703-000000000000}
LogonId: 0x3E7
TerminalSessionId: 0
IntegrityLevel: System
Hashes: MD5=9E18ACE78034537344DA6036D4C3C8B1,SHA256=29389619B06E5DE97B3669F6FF92E226CB6DCE2254B07BA6FA88C3B5D3A9799E,IMPHASH=AB0C8C1C188B19D08FAF502671C04930
ParentProcessGuid: {b4c300ce-31ce-6928-4900-000000001100}
ParentProcessId: 2936
ParentImage: C:\Program Files (x86)\ossec-agent\wazuh-agent.exe
ParentCommandLine: ""C:\Program Files (x86)\ossec-agent\wazuh-agent.exe""
ParentUser: NT AUTHORITY\SYSTEM""",3,wazuh,0
2025-12-02 11:11:11.010000+00:00,Active_Directory_Server,1,C:\\Windows\\SysWOW64\\auditpol.exe,"auditpol.exe /get /subcategory:\""Logoff\""",,"""Process Create:
RuleName: -
UtcTime: 2025-12-02 11:11:12.694
ProcessGuid: {b4c300ce-c950-692e-2412-000000001100}
ProcessId: 5364
Image: C:\Windows\SysWOW64\auditpol.exe
FileVersion: 10.0.20348.1 (WinBuild.160101.0800)
Description: Audit Policy Program
Product: Microsoft® Windows® Operating System
Company: Microsoft Corporation
OriginalFileName: AUDITPOL.EXE
CommandLine: auditpol.exe /get /subcategory:""Logoff""
CurrentDirectory: C:\Program Files (x86)\ossec-agent\
User: NT AUTHORITY\SYSTEM
LogonGuid: {b4c300ce-31c3-6928-e703-000000000000}
LogonId: 0x3E7
TerminalSessionId: 0
IntegrityLevel: System
Hashes: MD5=9E18ACE78034537344DA6036D4C3C8B1,SHA256=29389619B06E5DE97B3669F6FF92E226CB6DCE2254B07BA6FA88C3B5D3A9799E,IMPHASH=AB0C8C1C188B19D08FAF502671C04930
ParentProcessGuid: {b4c300ce-31ce-6928-4900-000000001100}
ParentProcessId: 2936
ParentImage: C:\Program Files (x86)\ossec-agent\wazuh-agent.exe
ParentCommandLine: ""C:\Program Files (x86)\ossec-agent\wazuh-agent.exe""
ParentUser: NT AUTHORITY\SYSTEM""",3,wazuh,0
2025-12-02 11:11:11.025000+00:00,Active_Directory_Server,1,C:\\Windows\\SysWOW64\\auditpol.exe,"auditpol.exe /get /subcategory:\""Logon\""",,"""Process Create:
RuleName: -
UtcTime: 2025-12-02 11:11:12.723
ProcessGuid: {b4c300ce-c950-692e-2612-000000001100}
ProcessId: 2912
Image: C:\Windows\SysWOW64\auditpol.exe
FileVersion: 10.0.20348.1 (WinBuild.160101.0800)
Description: Audit Policy Program
Product: Microsoft® Windows® Operating System
Company: Microsoft Corporation
OriginalFileName: AUDITPOL.EXE
CommandLine: auditpol.exe /get /subcategory:""Logon""
CurrentDirectory: C:\Program Files (x86)\ossec-agent\
User: NT AUTHORITY\SYSTEM
LogonGuid: {b4c300ce-31c3-6928-e703-000000000000}
LogonId: 0x3E7
TerminalSessionId: 0
IntegrityLevel: System
Hashes: MD5=9E18ACE78034537344DA6036D4C3C8B1,SHA256=29389619B06E5DE97B3669F6FF92E226CB6DCE2254B07BA6FA88C3B5D3A9799E,IMPHASH=AB0C8C1C188B19D08FAF502671C04930
ParentProcessGuid: {b4c300ce-31ce-6928-4900-000000001100}
ParentProcessId: 2936
ParentImage: C:\Program Files (x86)\ossec-agent\wazuh-agent.exe
ParentCommandLine: ""C:\Program Files (x86)\ossec-agent\wazuh-agent.exe""
ParentUser: NT AUTHORITY\SYSTEM""",3,wazuh,0
2025-12-02 11:11:11.041000+00:00,Active_Directory_Server,1,C:\\Windows\\SysWOW64\\auditpol.exe,"auditpol.exe /get /subcategory:\""Other Logon/Logoff Events\""",,"""Process Create:
RuleName: -
UtcTime: 2025-12-02 11:11:12.751
ProcessGuid: {b4c300ce-c950-692e-2812-000000001100}
ProcessId: 5928
Image: C:\Windows\SysWOW64\auditpol.exe
FileVersion: 10.0.20348.1 (WinBuild.160101.0800)
Description: Audit Policy Program
Product: Microsoft® Windows® Operating System
Company: Microsoft Corporation
OriginalFileName: AUDITPOL.EXE
CommandLine: auditpol.exe /get /subcategory:""Other Logon/Logoff Events""
CurrentDirectory: C:\Program Files (x86)\ossec-agent\
User: NT AUTHORITY\SYSTEM
LogonGuid: {b4c300ce-31c3-6928-e703-000000000000}
LogonId: 0x3E7
TerminalSessionId: 0
IntegrityLevel: System
Hashes: MD5=9E18ACE78034537344DA6036D4C3C8B1,SHA256=29389619B06E5DE97B3669F6FF92E226CB6DCE2254B07BA6FA88C3B5D3A9799E,IMPHASH=AB0C8C1C188B19D08FAF502671C04930
ParentProcessGuid: {b4c300ce-31ce-6928-4900-000000001100}
ParentProcessId: 2936
ParentImage: C:\Program Files (x86)\ossec-agent\wazuh-agent.exe
ParentCommandLine: ""C:\Program Files (x86)\ossec-agent\wazuh-agent.exe""
ParentUser: NT AUTHORITY\SYSTEM""",3,wazuh,0
2025-12-02 11:11:11.057000+00:00,Active_Directory_Server,1,C:\\Windows\\SysWOW64\\auditpol.exe,"auditpol.exe /get /subcategory:\""Special Logon\""",,"""Process Create:
RuleName: -
UtcTime: 2025-12-02 11:11:12.780
ProcessGuid: {b4c300ce-c950-692e-2a12-000000001100}
ProcessId: 5232
Image: C:\Windows\SysWOW64\auditpol.exe
FileVersion: 10.0.20348.1 (WinBuild.160101.0800)
Description: Audit Policy Program
Product: Microsoft® Windows® Operating System
Company: Microsoft Corporation
OriginalFileName: AUDITPOL.EXE
CommandLine: auditpol.exe /get /subcategory:""Special Logon""
CurrentDirectory: C:\Program Files (x86)\ossec-agent\
User: NT AUTHORITY\SYSTEM
LogonGuid: {b4c300ce-31c3-6928-e703-000000000000}
LogonId: 0x3E7
TerminalSessionId: 0
IntegrityLevel: System
Hashes: MD5=9E18ACE78034537344DA6036D4C3C8B1,SHA256=29389619B06E5DE97B3669F6FF92E226CB6DCE2254B07BA6FA88C3B5D3A9799E,IMPHASH=AB0C8C1C188B19D08FAF502671C04930
ParentProcessGuid: {b4c300ce-31ce-6928-4900-000000001100}
ParentProcessId: 2936
ParentImage: C:\Program Files (x86)\ossec-agent\wazuh-agent.exe
ParentCommandLine: ""C:\Program Files (x86)\ossec-agent\wazuh-agent.exe""
ParentUser: NT AUTHORITY\SYSTEM""",3,wazuh,0
2025-12-02 11:11:11.072000+00:00,Active_Directory_Server,1,C:\\Windows\\SysWOW64\\auditpol.exe,"auditpol.exe /get /subcategory:\""Detailed File Share\""",,"""Process Create:
RuleName: -
UtcTime: 2025-12-02 11:11:12.807
ProcessGuid: {b4c300ce-c950-692e-2c12-000000001100}
ProcessId: 6896
Image: C:\Windows\SysWOW64\auditpol.exe
FileVersion: 10.0.20348.1 (WinBuild.160101.0800)
Description: Audit Policy Program
Product: Microsoft® Windows® Operating System
Company: Microsoft Corporation
OriginalFileName: AUDITPOL.EXE
CommandLine: auditpol.exe /get /subcategory:""Detailed File Share""
CurrentDirectory: C:\Program Files (x86)\ossec-agent\
User: NT AUTHORITY\SYSTEM
LogonGuid: {b4c300ce-31c3-6928-e703-000000000000}
LogonId: 0x3E7
TerminalSessionId: 0
IntegrityLevel: System
Hashes: MD5=9E18ACE78034537344DA6036D4C3C8B1,SHA256=29389619B06E5DE97B3669F6FF92E226CB6DCE2254B07BA6FA88C3B5D3A9799E,IMPHASH=AB0C8C1C188B19D08FAF502671C04930
ParentProcessGuid: {b4c300ce-31ce-6928-4900-000000001100}
ParentProcessId: 2936
ParentImage: C:\Program Files (x86)\ossec-agent\wazuh-agent.exe
ParentCommandLine: ""C:\Program Files (x86)\ossec-agent\wazuh-agent.exe""
ParentUser: NT AUTHORITY\SYSTEM""",3,wazuh,0
2025-12-02 11:11:11.088000+00:00,Active_Directory_Server,1,C:\\Windows\\SysWOW64\\auditpol.exe,"auditpol.exe /get /subcategory:\""File Share\""",,"""Process Create:
RuleName: -
UtcTime: 2025-12-02 11:11:12.834
ProcessGuid: {b4c300ce-c950-692e-2e12-000000001100}
ProcessId: 4580
Image: C:\Windows\SysWOW64\auditpol.exe
FileVersion: 10.0.20348.1 (WinBuild.160101.0800)
Description: Audit Policy Program
Product: Microsoft® Windows® Operating System
Company: Microsoft Corporation
OriginalFileName: AUDITPOL.EXE
CommandLine: auditpol.exe /get /subcategory:""File Share""
CurrentDirectory: C:\Program Files (x86)\ossec-agent\
User: NT AUTHORITY\SYSTEM
LogonGuid: {b4c300ce-31c3-6928-e703-000000000000}
LogonId: 0x3E7
TerminalSessionId: 0
IntegrityLevel: System
Hashes: MD5=9E18ACE78034537344DA6036D4C3C8B1,SHA256=29389619B06E5DE97B3669F6FF92E226CB6DCE2254B07BA6FA88C3B5D3A9799E,IMPHASH=AB0C8C1C188B19D08FAF502671C04930
ParentProcessGuid: {b4c300ce-31ce-6928-4900-000000001100}
ParentProcessId: 2936
ParentImage: C:\Program Files (x86)\ossec-agent\wazuh-agent.exe
ParentCommandLine: ""C:\Program Files (x86)\ossec-agent\wazuh-agent.exe""
ParentUser: NT AUTHORITY\SYSTEM""",3,wazuh,0
2025-12-02 11:11:11.103000+00:00,Active_Directory_Server,1,C:\\Windows\\SysWOW64\\auditpol.exe,"auditpol.exe /get /subcategory:\""Other Object Access Events\""",,"""Process Create:
RuleName: -
UtcTime: 2025-12-02 11:11:12.862
ProcessGuid: {b4c300ce-c950-692e-3012-000000001100}
ProcessId: 6392
Image: C:\Windows\SysWOW64\auditpol.exe
FileVersion: 10.0.20348.1 (WinBuild.160101.0800)
Description: Audit Policy Program
Product: Microsoft® Windows® Operating System
Company: Microsoft Corporation
OriginalFileName: AUDITPOL.EXE
CommandLine: auditpol.exe /get /subcategory:""Other Object Access Events""
CurrentDirectory: C:\Program Files (x86)\ossec-agent\
User: NT AUTHORITY\SYSTEM
LogonGuid: {b4c300ce-31c3-6928-e703-000000000000}
LogonId: 0x3E7
TerminalSessionId: 0
IntegrityLevel: System
Hashes: MD5=9E18ACE78034537344DA6036D4C3C8B1,SHA256=29389619B06E5DE97B3669F6FF92E226CB6DCE2254B07BA6FA88C3B5D3A9799E,IMPHASH=AB0C8C1C188B19D08FAF502671C04930
ParentProcessGuid: {b4c300ce-31ce-6928-4900-000000001100}
ParentProcessId: 2936
ParentImage: C:\Program Files (x86)\ossec-agent\wazuh-agent.exe
ParentCommandLine: ""C:\Program Files (x86)\ossec-agent\wazuh-agent.exe""
ParentUser: NT AUTHORITY\SYSTEM""",3,wazuh,0
2025-12-02 11:11:11.119000+00:00,Active_Directory_Server,1,C:\\Windows\\SysWOW64\\auditpol.exe,"auditpol.exe /get /subcategory:\""Removable Storage\""",,"""Process Create:
RuleName: -
UtcTime: 2025-12-02 11:11:12.890
ProcessGuid: {b4c300ce-c950-692e-3212-000000001100}
ProcessId: 2212
Image: C:\Windows\SysWOW64\auditpol.exe
FileVersion: 10.0.20348.1 (WinBuild.160101.0800)
Description: Audit Policy Program
Product: Microsoft® Windows® Operating System
Company: Microsoft Corporation
OriginalFileName: AUDITPOL.EXE
CommandLine: auditpol.exe /get /subcategory:""Removable Storage""
CurrentDirectory: C:\Program Files (x86)\ossec-agent\
User: NT AUTHORITY\SYSTEM
LogonGuid: {b4c300ce-31c3-6928-e703-000000000000}
LogonId: 0x3E7
TerminalSessionId: 0
IntegrityLevel: System
Hashes: MD5=9E18ACE78034537344DA6036D4C3C8B1,SHA256=29389619B06E5DE97B3669F6FF92E226CB6DCE2254B07BA6FA88C3B5D3A9799E,IMPHASH=AB0C8C1C188B19D08FAF502671C04930
ParentProcessGuid: {b4c300ce-31ce-6928-4900-000000001100}
ParentProcessId: 2936
ParentImage: C:\Program Files (x86)\ossec-agent\wazuh-agent.exe
ParentCommandLine: ""C:\Program Files (x86)\ossec-agent\wazuh-agent.exe""
ParentUser: NT AUTHORITY\SYSTEM""",3,wazuh,0
2025-12-02 11:11:11.135000+00:00,Active_Directory_Server,1,C:\\Windows\\SysWOW64\\auditpol.exe,"auditpol.exe /get /subcategory:\""Audit Policy Change\""",,"""Process Create:
RuleName: -
UtcTime: 2025-12-02 11:11:12.918
ProcessGuid: {b4c300ce-c950-692e-3412-000000001100}
ProcessId: 4336
Image: C:\Windows\SysWOW64\auditpol.exe
FileVersion: 10.0.20348.1 (WinBuild.160101.0800)
Description: Audit Policy Program
Product: Microsoft® Windows® Operating System
Company: Microsoft Corporation
OriginalFileName: AUDITPOL.EXE
CommandLine: auditpol.exe /get /subcategory:""Audit Policy Change""
CurrentDirectory: C:\Program Files (x86)\ossec-agent\
User: NT AUTHORITY\SYSTEM
LogonGuid: {b4c300ce-31c3-6928-e703-000000000000}
LogonId: 0x3E7
TerminalSessionId: 0
IntegrityLevel: System
Hashes: MD5=9E18ACE78034537344DA6036D4C3C8B1,SHA256=29389619B06E5DE97B3669F6FF92E226CB6DCE2254B07BA6FA88C3B5D3A9799E,IMPHASH=AB0C8C1C188B19D08FAF502671C04930
ParentProcessGuid: {b4c300ce-31ce-6928-4900-000000001100}
ParentProcessId: 2936
ParentImage: C:\Program Files (x86)\ossec-agent\wazuh-agent.exe
ParentCommandLine: ""C:\Program Files (x86)\ossec-agent\wazuh-agent.exe""
ParentUser: NT AUTHORITY\SYSTEM""",3,wazuh,0
2025-12-02 11:11:11.150000+00:00,Active_Directory_Server,1,C:\\Windows\\SysWOW64\\auditpol.exe,"auditpol.exe /get /subcategory:\""Authentication Policy Change\""",,"""Process Create:
RuleName: -
UtcTime: 2025-12-02 11:11:12.946
ProcessGuid: {b4c300ce-c950-692e-3612-000000001100}
ProcessId: 3792
Image: C:\Windows\SysWOW64\auditpol.exe
FileVersion: 10.0.20348.1 (WinBuild.160101.0800)
Description: Audit Policy Program
Product: Microsoft® Windows® Operating System
Company: Microsoft Corporation
OriginalFileName: AUDITPOL.EXE
CommandLine: auditpol.exe /get /subcategory:""Authentication Policy Change""
CurrentDirectory: C:\Program Files (x86)\ossec-agent\
User: NT AUTHORITY\SYSTEM
LogonGuid: {b4c300ce-31c3-6928-e703-000000000000}
LogonId: 0x3E7
TerminalSessionId: 0
IntegrityLevel: System
Hashes: MD5=9E18ACE78034537344DA6036D4C3C8B1,SHA256=29389619B06E5DE97B3669F6FF92E226CB6DCE2254B07BA6FA88C3B5D3A9799E,IMPHASH=AB0C8C1C188B19D08FAF502671C04930
ParentProcessGuid: {b4c300ce-31ce-6928-4900-000000001100}
ParentProcessId: 2936
ParentImage: C:\Program Files (x86)\ossec-agent\wazuh-agent.exe
ParentCommandLine: ""C:\Program Files (x86)\ossec-agent\wazuh-agent.exe""
ParentUser: NT AUTHORITY\SYSTEM""",3,wazuh,0
2025-12-02 11:11:11.166000+00:00,Active_Directory_Server,1,C:\\Windows\\SysWOW64\\auditpol.exe,"auditpol.exe /get /subcategory:\""Authorization Policy Change\""",,"""Process Create:
RuleName: -
UtcTime: 2025-12-02 11:11:12.975
ProcessGuid: {b4c300ce-c950-692e-3812-000000001100}
ProcessId: 2172
Image: C:\Windows\SysWOW64\auditpol.exe
FileVersion: 10.0.20348.1 (WinBuild.160101.0800)
Description: Audit Policy Program
Product: Microsoft® Windows® Operating System
Company: Microsoft Corporation
OriginalFileName: AUDITPOL.EXE
CommandLine: auditpol.exe /get /subcategory:""Authorization Policy Change""
CurrentDirectory: C:\Program Files (x86)\ossec-agent\
User: NT AUTHORITY\SYSTEM
LogonGuid: {b4c300ce-31c3-6928-e703-000000000000}
LogonId: 0x3E7
TerminalSessionId: 0
IntegrityLevel: System
Hashes: MD5=9E18ACE78034537344DA6036D4C3C8B1,SHA256=29389619B06E5DE97B3669F6FF92E226CB6DCE2254B07BA6FA88C3B5D3A9799E,IMPHASH=AB0C8C1C188B19D08FAF502671C04930
ParentProcessGuid: {b4c300ce-31ce-6928-4900-000000001100}
ParentProcessId: 2936
ParentImage: C:\Program Files (x86)\ossec-agent\wazuh-agent.exe
ParentCommandLine: ""C:\Program Files (x86)\ossec-agent\wazuh-agent.exe""
ParentUser: NT AUTHORITY\SYSTEM""",3,wazuh,0
2025-12-02 11:11:11.182000+00:00,Active_Directory_Server,1,C:\\Windows\\SysWOW64\\auditpol.exe,"auditpol.exe /get /subcategory:\""MPSSVC Rule-Level Policy Change\""",,"""Process Create:
RuleName: -
UtcTime: 2025-12-02 11:11:13.003
ProcessGuid: {b4c300ce-c951-692e-3a12-000000001100}
ProcessId: 6268
Image: C:\Windows\SysWOW64\auditpol.exe
FileVersion: 10.0.20348.1 (WinBuild.160101.0800)
Description: Audit Policy Program
Product: Microsoft® Windows® Operating System
Company: Microsoft Corporation
OriginalFileName: AUDITPOL.EXE
CommandLine: auditpol.exe /get /subcategory:""MPSSVC Rule-Level Policy Change""
CurrentDirectory: C:\Program Files (x86)\ossec-agent\
User: NT AUTHORITY\SYSTEM
LogonGuid: {b4c300ce-31c3-6928-e703-000000000000}
LogonId: 0x3E7
TerminalSessionId: 0
IntegrityLevel: System
Hashes: MD5=9E18ACE78034537344DA6036D4C3C8B1,SHA256=29389619B06E5DE97B3669F6FF92E226CB6DCE2254B07BA6FA88C3B5D3A9799E,IMPHASH=AB0C8C1C188B19D08FAF502671C04930
ParentProcessGuid: {b4c300ce-31ce-6928-4900-000000001100}
ParentProcessId: 2936
ParentImage: C:\Program Files (x86)\ossec-agent\wazuh-agent.exe
ParentCommandLine: ""C:\Program Files (x86)\ossec-agent\wazuh-agent.exe""
ParentUser: NT AUTHORITY\SYSTEM""",3,wazuh,0
2025-12-02 11:11:11.197000+00:00,Active_Directory_Server,1,C:\\Windows\\SysWOW64\\auditpol.exe,"auditpol.exe /get /subcategory:\""Other Policy Change Events\""",,"""Process Create:
RuleName: -
UtcTime: 2025-12-02 11:11:13.032
ProcessGuid: {b4c300ce-c951-692e-3c12-000000001100}
ProcessId: 1956
Image: C:\Windows\SysWOW64\auditpol.exe
FileVersion: 10.0.20348.1 (WinBuild.160101.0800)
Description: Audit Policy Program
Product: Microsoft® Windows® Operating System
Company: Microsoft Corporation
OriginalFileName: AUDITPOL.EXE
CommandLine: auditpol.exe /get /subcategory:""Other Policy Change Events""
CurrentDirectory: C:\Program Files (x86)\ossec-agent\
User: NT AUTHORITY\SYSTEM
LogonGuid: {b4c300ce-31c3-6928-e703-000000000000}
LogonId: 0x3E7
TerminalSessionId: 0
IntegrityLevel: System
Hashes: MD5=9E18ACE78034537344DA6036D4C3C8B1,SHA256=29389619B06E5DE97B3669F6FF92E226CB6DCE2254B07BA6FA88C3B5D3A9799E,IMPHASH=AB0C8C1C188B19D08FAF502671C04930
ParentProcessGuid: {b4c300ce-31ce-6928-4900-000000001100}
ParentProcessId: 2936
ParentImage: C:\Program Files (x86)\ossec-agent\wazuh-agent.exe
ParentCommandLine: ""C:\Program Files (x86)\ossec-agent\wazuh-agent.exe""
ParentUser: NT AUTHORITY\SYSTEM""",3,wazuh,0
2025-12-02 11:11:11.213000+00:00,Active_Directory_Server,1,C:\\Windows\\SysWOW64\\auditpol.exe,"auditpol.exe /get /subcategory:\""Sensitive Privilege Use\""",,"""Process Create:
RuleName: -
UtcTime: 2025-12-02 11:11:13.060
ProcessGuid: {b4c300ce-c951-692e-3e12-000000001100}
ProcessId: 6420
Image: C:\Windows\SysWOW64\auditpol.exe
FileVersion: 10.0.20348.1 (WinBuild.160101.0800)
Description: Audit Policy Program
Product: Microsoft® Windows® Operating System
Company: Microsoft Corporation
OriginalFileName: AUDITPOL.EXE
CommandLine: auditpol.exe /get /subcategory:""Sensitive Privilege Use""
CurrentDirectory: C:\Program Files (x86)\ossec-agent\
User: NT AUTHORITY\SYSTEM
LogonGuid: {b4c300ce-31c3-6928-e703-000000000000}
LogonId: 0x3E7
TerminalSessionId: 0
IntegrityLevel: System
Hashes: MD5=9E18ACE78034537344DA6036D4C3C8B1,SHA256=29389619B06E5DE97B3669F6FF92E226CB6DCE2254B07BA6FA88C3B5D3A9799E,IMPHASH=AB0C8C1C188B19D08FAF502671C04930
ParentProcessGuid: {b4c300ce-31ce-6928-4900-000000001100}
ParentProcessId: 2936
ParentImage: C:\Program Files (x86)\ossec-agent\wazuh-agent.exe
ParentCommandLine: ""C:\Program Files (x86)\ossec-agent\wazuh-agent.exe""
ParentUser: NT AUTHORITY\SYSTEM""",3,wazuh,0
2025-12-02 11:11:11.228000+00:00,Active_Directory_Server,1,C:\\Windows\\SysWOW64\\auditpol.exe,"auditpol.exe /get /subcategory:\""IPsec Driver\""",,"""Process Create:
RuleName: -
UtcTime: 2025-12-02 11:11:13.088
ProcessGuid: {b4c300ce-c951-692e-4012-000000001100}
ProcessId: 6544
Image: C:\Windows\SysWOW64\auditpol.exe
FileVersion: 10.0.20348.1 (WinBuild.160101.0800)
Description: Audit Policy Program
Product: Microsoft® Windows® Operating System
Company: Microsoft Corporation
OriginalFileName: AUDITPOL.EXE
CommandLine: auditpol.exe /get /subcategory:""IPsec Driver""
CurrentDirectory: C:\Program Files (x86)\ossec-agent\
User: NT AUTHORITY\SYSTEM
LogonGuid: {b4c300ce-31c3-6928-e703-000000000000}
LogonId: 0x3E7
TerminalSessionId: 0
IntegrityLevel: System
Hashes: MD5=9E18ACE78034537344DA6036D4C3C8B1,SHA256=29389619B06E5DE97B3669F6FF92E226CB6DCE2254B07BA6FA88C3B5D3A9799E,IMPHASH=AB0C8C1C188B19D08FAF502671C04930
ParentProcessGuid: {b4c300ce-31ce-6928-4900-000000001100}
ParentProcessId: 2936
ParentImage: C:\Program Files (x86)\ossec-agent\wazuh-agent.exe
ParentCommandLine: ""C:\Program Files (x86)\ossec-agent\wazuh-agent.exe""
ParentUser: NT AUTHORITY\SYSTEM""",3,wazuh,0
2025-12-02 11:11:11.244000+00:00,Active_Directory_Server,1,C:\\Windows\\SysWOW64\\auditpol.exe,"auditpol.exe /get /subcategory:\""Other System Events\""",,"""Process Create:
RuleName: -
UtcTime: 2025-12-02 11:11:13.115
ProcessGuid: {b4c300ce-c951-692e-4212-000000001100}
ProcessId: 2300
Image: C:\Windows\SysWOW64\auditpol.exe
FileVersion: 10.0.20348.1 (WinBuild.160101.0800)
Description: Audit Policy Program
Product: Microsoft® Windows® Operating System
Company: Microsoft Corporation
OriginalFileName: AUDITPOL.EXE
CommandLine: auditpol.exe /get /subcategory:""Other System Events""
CurrentDirectory: C:\Program Files (x86)\ossec-agent\
User: NT AUTHORITY\SYSTEM
LogonGuid: {b4c300ce-31c3-6928-e703-000000000000}
LogonId: 0x3E7
TerminalSessionId: 0
IntegrityLevel: System
Hashes: MD5=9E18ACE78034537344DA6036D4C3C8B1,SHA256=29389619B06E5DE97B3669F6FF92E226CB6DCE2254B07BA6FA88C3B5D3A9799E,IMPHASH=AB0C8C1C188B19D08FAF502671C04930
ParentProcessGuid: {b4c300ce-31ce-6928-4900-000000001100}
ParentProcessId: 2936
ParentImage: C:\Program Files (x86)\ossec-agent\wazuh-agent.exe
ParentCommandLine: ""C:\Program Files (x86)\ossec-agent\wazuh-agent.exe""
ParentUser: NT AUTHORITY\SYSTEM""",3,wazuh,0
2025-12-02 11:11:11.260000+00:00,Active_Directory_Server,1,C:\\Windows\\SysWOW64\\auditpol.exe,"auditpol.exe /get /subcategory:\""Security State Change\""",,"""Process Create:
RuleName: -
UtcTime: 2025-12-02 11:11:13.144
ProcessGuid: {b4c300ce-c951-692e-4412-000000001100}
ProcessId: 3388
Image: C:\Windows\SysWOW64\auditpol.exe
FileVersion: 10.0.20348.1 (WinBuild.160101.0800)
Description: Audit Policy Program
Product: Microsoft® Windows® Operating System
Company: Microsoft Corporation
OriginalFileName: AUDITPOL.EXE
CommandLine: auditpol.exe /get /subcategory:""Security State Change""
CurrentDirectory: C:\Program Files (x86)\ossec-agent\
User: NT AUTHORITY\SYSTEM
LogonGuid: {b4c300ce-31c3-6928-e703-000000000000}
LogonId: 0x3E7
TerminalSessionId: 0
IntegrityLevel: System
Hashes: MD5=9E18ACE78034537344DA6036D4C3C8B1,SHA256=29389619B06E5DE97B3669F6FF92E226CB6DCE2254B07BA6FA88C3B5D3A9799E,IMPHASH=AB0C8C1C188B19D08FAF502671C04930
ParentProcessGuid: {b4c300ce-31ce-6928-4900-000000001100}
ParentProcessId: 2936
ParentImage: C:\Program Files (x86)\ossec-agent\wazuh-agent.exe
ParentCommandLine: ""C:\Program Files (x86)\ossec-agent\wazuh-agent.exe""
ParentUser: NT AUTHORITY\SYSTEM""",3,wazuh,0
