	Account Domain:		SOC
	Logon ID:		0x3E4

Process Information:
	New Process ID:		0x94c
	New Process Name:	C:\Windows\System32\wbem\WmiPrvSE.exe
	Token Elevation Type:	TokenElevationTypeDefault (1)
	Mandatory Label:		S-1-16-16384
	Creator Process ID:	0x34c
	Creator Process Name:	C:\Windows\System32\svchost.exe
	Process Command Line:	

Token Elevation Type indicates the type of token that was assigned to the new process in accordance with User Account Control policy.

Type 1 is a full token with no privileges removed or groups disabled.  A full token is only used if User Account Control is disabled or if the user is the built-in Administrator account or a service account.

Type 2 is an elevated token with no privileges removed or groups disabled.  An elevated token is used when User Account Control is enabled and the user chooses to start the program using Run as administrator.  An elevated token is also used when an application is configured to always require administrative privilege or to always require maximum privilege, and the user is a member of the Administrators group.

Type 3 is a limited token with administrative privileges removed and administrative groups disabled.  The limited token is used when User Account Control is enabled, the application does not require administrative privilege, and the user does not choose to start the program using Run as administrator.""",3,wazuh,0
2025-12-02 11:09:46.932000+00:00,Active_Directory_Server,4673,,,,"""A privileged service was called.

Subject:
	Security ID:		S-1-5-20
	Account Name:		AD-DC-SERVER$
	Account Domain:		SOC
	Logon ID:		0x3E4

Service:
	Server:	Security
	Service Name:	-

Process:
	Process ID:	0x94c
	Process Name:	C:\Windows\System32\wbem\WmiPrvSE.exe

Service Request Information:
	Privileges:		SeProfileSingleProcessPrivilege""",4,wazuh,0
2025-12-02 11:11:09.214000+00:00,Active_Directory_Server,4688,,,,"""A new process has been created.

Creator Subject:
	Security ID:		S-1-5-18
	Account Name:		AD-DC-SERVER$
	Account Domain:		SOC
	Logon ID:		0x3E7

Target Subject:
	Security ID:		S-1-0-0
	Account Name:		-
	Account Domain:		-
	Logon ID:		0x0

Process Information:
	New Process ID:		0x638
	New Process Name:	C:\Windows\SysWOW64\net.exe
	Token Elevation Type:	TokenElevationTypeDefault (1)
	Mandatory Label:		S-1-16-16384
	Creator Process ID:	0xb78
	Creator Process Name:	C:\Program Files (x86)\ossec-agent\wazuh-agent.exe
	Process Command Line:	

Token Elevation Type indicates the type of token that was assigned to the new process in accordance with User Account Control policy.

Type 1 is a full token with no privileges removed or groups disabled.  A full token is only used if User Account Control is disabled or if the user is the built-in Administrator account or a service account.

Type 2 is an elevated token with no privileges removed or groups disabled.  An elevated token is used when User Account Control is enabled and the user chooses to start the program using Run as administrator.  An elevated token is also used when an application is configured to always require administrative privilege or to always require maximum privilege, and the user is a member of the Administrators group.

Type 3 is a limited token with administrative privileges removed and administrative groups disabled.  The limited token is used when User Account Control is enabled, the application does not require administrative privilege, and the user does not choose to start the program using Run as administrator.""",3,wazuh,0
2025-12-02 11:11:09.215000+00:00,Active_Directory_Server,1,C:\\Windows\\SysWOW64\\net.exe,net.exe accounts,,"""Process Create:
RuleName: -
UtcTime: 2025-12-02 11:11:11.041
ProcessGuid: {b4c300ce-c94f-692e-db11-000000001100}
ProcessId: 1592
Image: C:\Windows\SysWOW64\net.exe
FileVersion: 10.0.20348.1 (WinBuild.160101.0800)
Description: Net Command
Product: Microsoft® Windows® Operating System
Company: Microsoft Corporation
OriginalFileName: net.exe
CommandLine: net.exe accounts
CurrentDirectory: C:\Program Files (x86)\ossec-agent\
User: NT AUTHORITY\SYSTEM
LogonGuid: {b4c300ce-31c3-6928-e703-000000000000}
LogonId: 0x3E7
TerminalSessionId: 0
IntegrityLevel: System
Hashes: MD5=25E4C7D70BC2817AEEC93BD69BB16657,SHA256=949524A22555305B1DE6ECD8D69A21466E7B4F6354F31B951A1A3DDD6E72E042,IMPHASH=6C829877160814FC33B041AB46ABAC59
ParentProcessGuid: {b4c300ce-31ce-6928-4900-000000001100}
ParentProcessId: 2936
ParentImage: C:\Program Files (x86)\ossec-agent\wazuh-agent.exe
ParentCommandLine: ""C:\Program Files (x86)\ossec-agent\wazuh-agent.exe""
ParentUser: NT AUTHORITY\SYSTEM""",3,wazuh,0
2025-12-02 11:11:09.228000+00:00,Active_Directory_Server,1,C:\\Windows\\SysWOW64\\net1.exe,C:\\Windows\\system32\\net1 accounts,,"""Process Create:
RuleName: -
UtcTime: 2025-12-02 11:11:11.071
ProcessGuid: {b4c300ce-c94f-692e-dd11-000000001100}
ProcessId: 2420
Image: C:\Windows\SysWOW64\net1.exe
FileVersion: 10.0.20348.469 (WinBuild.160101.0800)
Description: Net Command
Product: Microsoft® Windows® Operating System
Company: Microsoft Corporation
OriginalFileName: net1.exe
CommandLine: C:\Windows\system32\net1 accounts
CurrentDirectory: C:\Program Files (x86)\ossec-agent\
User: NT AUTHORITY\SYSTEM
LogonGuid: {b4c300ce-31c3-6928-e703-000000000000}
LogonId: 0x3E7
TerminalSessionId: 0
IntegrityLevel: System
Hashes: MD5=6EE14B0BFF935051384F348DF07EDDDD,SHA256=EE0D292C8F6B12A6DEE70E0F3F257A6CB1C90BFFDF2453CD1B3E059122C7A7C5,IMPHASH=FA57EC07C0A8E480F5D417E8860B906D
ParentProcessGuid: {b4c300ce-c94f-692e-db11-000000001100}
ParentProcessId: 1592
ParentImage: C:\Windows\SysWOW64\net.exe
ParentCommandLine: net.exe accounts
ParentUser: NT AUTHORITY\SYSTEM""",3,wazuh,0
2025-12-02 11:11:09.244000+00:00,Active_Directory_Server,1,C:\\Windows\\SysWOW64\\net.exe,net.exe accounts,,"""Process Create:
RuleName: -
UtcTime: 2025-12-02 11:11:11.087
ProcessGuid: {b4c300ce-c94f-692e-de11-000000001100}
ProcessId: 4352
Image: C:\Windows\SysWOW64\net.exe
FileVersion: 10.0.20348.1 (WinBuild.160101.0800)
Description: Net Command
Product: Microsoft® Windows® Operating System
Company: Microsoft Corporation
OriginalFileName: net.exe
CommandLine: net.exe accounts
CurrentDirectory: C:\Program Files (x86)\ossec-agent\
User: NT AUTHORITY\SYSTEM
LogonGuid: {b4c300ce-31c3-6928-e703-000000000000}
LogonId: 0x3E7
TerminalSessionId: 0
IntegrityLevel: System
Hashes: MD5=25E4C7D70BC2817AEEC93BD69BB16657,SHA256=949524A22555305B1DE6ECD8D69A21466E7B4F6354F31B951A1A3DDD6E72E042,IMPHASH=6C829877160814FC33B041AB46ABAC59
ParentProcessGuid: {b4c300ce-31ce-6928-4900-000000001100}
ParentProcessId: 2936
ParentImage: C:\Program Files (x86)\ossec-agent\wazuh-agent.exe
ParentCommandLine: ""C:\Program Files (x86)\ossec-agent\wazuh-agent.exe""
ParentUser: NT AUTHORITY\SYSTEM""",3,wazuh,0
2025-12-02 11:11:09.260000+00:00,Active_Directory_Server,1,C:\\Windows\\SysWOW64\\net1.exe,C:\\Windows\\system32\\net1 accounts,,"""Process Create:
RuleName: -
UtcTime: 2025-12-02 11:11:11.113
ProcessGuid: {b4c300ce-c94f-692e-e011-000000001100}
ProcessId: 5680
Image: C:\Windows\SysWOW64\net1.exe
FileVersion: 10.0.20348.469 (WinBuild.160101.0800)
Description: Net Command
Product: Microsoft® Windows® Operating System
Company: Microsoft Corporation
OriginalFileName: net1.exe
CommandLine: C:\Windows\system32\net1 accounts
CurrentDirectory: C:\Program Files (x86)\ossec-agent\
User: NT AUTHORITY\SYSTEM
LogonGuid: {b4c300ce-31c3-6928-e703-000000000000}
LogonId: 0x3E7
TerminalSessionId: 0
IntegrityLevel: System
Hashes: MD5=6EE14B0BFF935051384F348DF07EDDDD,SHA256=EE0D292C8F6B12A6DEE70E0F3F257A6CB1C90BFFDF2453CD1B3E059122C7A7C5,IMPHASH=FA57EC07C0A8E480F5D417E8860B906D
ParentProcessGuid: {b4c300ce-c94f-692e-de11-000000001100}
ParentProcessId: 4352
ParentImage: C:\Windows\SysWOW64\net.exe
ParentCommandLine: net.exe accounts
ParentUser: NT AUTHORITY\SYSTEM""",3,wazuh,0
2025-12-02 11:11:09.275000+00:00,Active_Directory_Server,1,C:\\Windows\\SysWOW64\\net.exe,net.exe accounts,,"""Process Create:
RuleName: -
UtcTime: 2025-12-02 11:11:11.127
ProcessGuid: {b4c300ce-c94f-692e-e111-000000001100}
ProcessId: 2508
Image: C:\Windows\SysWOW64\net.exe
FileVersion: 10.0.20348.1 (WinBuild.160101.0800)
Description: Net Command
Product: Microsoft® Windows® Operating System
Company: Microsoft Corporation
OriginalFileName: net.exe
CommandLine: net.exe accounts
CurrentDirectory: C:\Program Files (x86)\ossec-agent\
User: NT AUTHORITY\SYSTEM
LogonGuid: {b4c300ce-31c3-6928-e703-000000000000}
LogonId: 0x3E7
TerminalSessionId: 0
IntegrityLevel: System
Hashes: MD5=25E4C7D70BC2817AEEC93BD69BB16657,SHA256=949524A22555305B1DE6ECD8D69A21466E7B4F6354F31B951A1A3DDD6E72E042,IMPHASH=6C829877160814FC33B041AB46ABAC59
ParentProcessGuid: {b4c300ce-31ce-6928-4900-000000001100}
ParentProcessId: 2936
ParentImage: C:\Program Files (x86)\ossec-agent\wazuh-agent.exe
ParentCommandLine: ""C:\Program Files (x86)\ossec-agent\wazuh-agent.exe""
ParentUser: NT AUTHORITY\SYSTEM""",3,wazuh,0
2025-12-02 11:11:09.291000+00:00,Active_Directory_Server,1,C:\\Windows\\SysWOW64\\net1.exe,C:\\Windows\\system32\\net1 accounts,,"""Process Create:
RuleName: -
UtcTime: 2025-12-02 11:11:11.153
ProcessGuid: {b4c300ce-c94f-692e-e311-000000001100}
ProcessId: 3020
Image: C:\Windows\SysWOW64\net1.exe
FileVersion: 10.0.20348.469 (WinBuild.160101.0800)
Description: Net Command
Product: Microsoft® Windows® Operating System
Company: Microsoft Corporation
OriginalFileName: net1.exe
CommandLine: C:\Windows\system32\net1 accounts
CurrentDirectory: C:\Program Files (x86)\ossec-agent\
User: NT AUTHORITY\SYSTEM
LogonGuid: {b4c300ce-31c3-6928-e703-000000000000}
LogonId: 0x3E7
TerminalSessionId: 0
IntegrityLevel: System
Hashes: MD5=6EE14B0BFF935051384F348DF07EDDDD,SHA256=EE0D292C8F6B12A6DEE70E0F3F257A6CB1C90BFFDF2453CD1B3E059122C7A7C5,IMPHASH=FA57EC07C0A8E480F5D417E8860B906D
ParentProcessGuid: {b4c300ce-c94f-692e-e111-000000001100}
ParentProcessId: 2508
ParentImage: C:\Windows\SysWOW64\net.exe
ParentCommandLine: net.exe accounts
ParentUser: NT AUTHORITY\SYSTEM""",3,wazuh,0
2025-12-02 11:11:09.307000+00:00,Active_Directory_Server,1,C:\\Windows\\System32\\taskhostw.exe,taskhostw.exe SYSTEM,,"""Process Create:
RuleName: -
UtcTime: 2025-12-02 11:11:11.167
ProcessGuid: {b4c300ce-c94f-692e-e411-000000001100}
ProcessId: 3216
Image: C:\Windows\System32\taskhostw.exe
FileVersion: 10.0.20348.1 (WinBuild.160101.0800)
Description: Host Process for Windows Tasks
Product: Microsoft® Windows® Operating System
Company: Microsoft Corporation
OriginalFileName: taskhostw.exe
CommandLine: taskhostw.exe SYSTEM
CurrentDirectory: C:\Windows\system32\
User: NT AUTHORITY\SYSTEM
LogonGuid: {b4c300ce-31c3-6928-e703-000000000000}
LogonId: 0x3E7
TerminalSessionId: 0
IntegrityLevel: System
Hashes: MD5=5487316514F4ADA7E6E0BD9EAA2256E7,SHA256=F447AE2E838D4DE71CA4BABA321FEA67DABB38AA4321EFAC81F3FF03CF55FE0A,IMPHASH=1C4E2D9936E4D9F2490B08AAB4D24260
ParentProcessGuid: {b4c300ce-31c4-6928-2100-000000001100}
ParentProcessId: 1432
ParentImage: C:\Windows\System32\svchost.exe
ParentCommandLine: C:\Windows\system32\svchost.exe -k netsvcs -p -s Schedule
ParentUser: NT AUTHORITY\SYSTEM""",3,wazuh,0
2025-12-02 11:11:09.322000+00:00,Active_Directory_Server,1,C:\\Windows\\SysWOW64\\net.exe,net.exe accounts,,"""Process Create:
RuleName: -
UtcTime: 2025-12-02 11:11:11.169
ProcessGuid: {b4c300ce-c94f-692e-e511-000000001100}
ProcessId: 6536
Image: C:\Windows\SysWOW64\net.exe
FileVersion: 10.0.20348.1 (WinBuild.160101.0800)
Description: Net Command
Product: Microsoft® Windows® Operating System
Company: Microsoft Corporation
OriginalFileName: net.exe
CommandLine: net.exe accounts
CurrentDirectory: C:\Program Files (x86)\ossec-agent\
User: NT AUTHORITY\SYSTEM
LogonGuid: {b4c300ce-31c3-6928-e703-000000000000}
LogonId: 0x3E7
TerminalSessionId: 0
IntegrityLevel: System
Hashes: MD5=25E4C7D70BC2817AEEC93BD69BB16657,SHA256=949524A22555305B1DE6ECD8D69A21466E7B4F6354F31B951A1A3DDD6E72E042,IMPHASH=6C829877160814FC33B041AB46ABAC59
ParentProcessGuid: {b4c300ce-31ce-6928-4900-000000001100}
ParentProcessId: 2936
ParentImage: C:\Program Files (x86)\ossec-agent\wazuh-agent.exe
ParentCommandLine: ""C:\Program Files (x86)\ossec-agent\wazuh-agent.exe""
ParentUser: NT AUTHORITY\SYSTEM""",3,wazuh,0
2025-12-02 11:11:09.338000+00:00,Active_Directory_Server,1,C:\\Windows\\SysWOW64\\net1.exe,C:\\Windows\\system32\\net1 accounts,,"""Process Create:
RuleName: -
UtcTime: 2025-12-02 11:11:11.213
ProcessGuid: {b4c300ce-c94f-692e-e711-000000001100}
ProcessId: 124
Image: C:\Windows\SysWOW64\net1.exe
FileVersion: 10.0.20348.469 (WinBuild.160101.0800)
Description: Net Command
Product: Microsoft® Windows® Operating System
Company: Microsoft Corporation
OriginalFileName: net1.exe
CommandLine: C:\Windows\system32\net1 accounts
CurrentDirectory: C:\Program Files (x86)\ossec-agent\
User: NT AUTHORITY\SYSTEM
LogonGuid: {b4c300ce-31c3-6928-e703-000000000000}
LogonId: 0x3E7
TerminalSessionId: 0
IntegrityLevel: System
Hashes: MD5=6EE14B0BFF935051384F348DF07EDDDD,SHA256=EE0D292C8F6B12A6DEE70E0F3F257A6CB1C90BFFDF2453CD1B3E059122C7A7C5,IMPHASH=FA57EC07C0A8E480F5D417E8860B906D
ParentProcessGuid: {b4c300ce-c94f-692e-e511-000000001100}
ParentProcessId: 6536
ParentImage: C:\Windows\SysWOW64\net.exe
ParentCommandLine: net.exe accounts
ParentUser: NT AUTHORITY\SYSTEM""",3,wazuh,0
2025-12-02 11:11:09.354000+00:00,Active_Directory_Server,1,C:\\Windows\\SysWOW64\\net.exe,net.exe accounts,,"""Process Create:
RuleName: -
UtcTime: 2025-12-02 11:11:11.228
ProcessGuid: {b4c300ce-c94f-692e-e811-000000001100}
ProcessId: 5044
Image: C:\Windows\SysWOW64\net.exe
FileVersion: 10.0.20348.1 (WinBuild.160101.0800)
Description: Net Command
Product: Microsoft® Windows® Operating System
Company: Microsoft Corporation
OriginalFileName: net.exe
CommandLine: net.exe accounts
CurrentDirectory: C:\Program Files (x86)\ossec-agent\
User: NT AUTHORITY\SYSTEM
LogonGuid: {b4c300ce-31c3-6928-e703-000000000000}
LogonId: 0x3E7
TerminalSessionId: 0
IntegrityLevel: System
Hashes: MD5=25E4C7D70BC2817AEEC93BD69BB16657,SHA256=949524A22555305B1DE6ECD8D69A21466E7B4F6354F31B951A1A3DDD6E72E042,IMPHASH=6C829877160814FC33B041AB46ABAC59
ParentProcessGuid: {b4c300ce-31ce-6928-4900-000000001100}
ParentProcessId: 2936
ParentImage: C:\Program Files (x86)\ossec-agent\wazuh-agent.exe
ParentCommandLine: ""C:\Program Files (x86)\ossec-agent\wazuh-agent.exe""
ParentUser: NT AUTHORITY\SYSTEM""",3,wazuh,0
2025-12-02 11:11:09.369000+00:00,Active_Directory_Server,1,C:\\Windows\\SysWOW64\\net1.exe,C:\\Windows\\system32\\net1 accounts,,"""Process Create:
RuleName: -
UtcTime: 2025-12-02 11:11:11.254
ProcessGuid: {b4c300ce-c94f-692e-ea11-000000001100}
ProcessId: 4388
Image: C:\Windows\SysWOW64\net1.exe
FileVersion: 10.0.20348.469 (WinBuild.160101.0800)
Description: Net Command
Product: Microsoft® Windows® Operating System
Company: Microsoft Corporation
OriginalFileName: net1.exe
CommandLine: C:\Windows\system32\net1 accounts
CurrentDirectory: C:\Program Files (x86)\ossec-agent\
User: NT AUTHORITY\SYSTEM
LogonGuid: {b4c300ce-31c3-6928-e703-000000000000}
LogonId: 0x3E7
TerminalSessionId: 0
IntegrityLevel: System
Hashes: MD5=6EE14B0BFF935051384F348DF07EDDDD,SHA256=EE0D292C8F6B12A6DEE70E0F3F257A6CB1C90BFFDF2453CD1B3E059122C7A7C5,IMPHASH=FA57EC07C0A8E480F5D417E8860B906D
ParentProcessGuid: {b4c300ce-c94f-692e-e811-000000001100}
ParentProcessId: 5044
ParentImage: C:\Windows\SysWOW64\net.exe
ParentCommandLine: net.exe accounts
ParentUser: NT AUTHORITY\SYSTEM""",3,wazuh,0
2025-12-02 11:11:09.385000+00:00,Active_Directory_Server,1,C:\\Windows\\SysWOW64\\net.exe,net.exe accounts,,"""Process Create:
RuleName: -
UtcTime: 2025-12-02 11:11:11.270
ProcessGuid: {b4c300ce-c94f-692e-eb11-000000001100}
ProcessId: 4748
Image: C:\Windows\SysWOW64\net.exe
FileVersion: 10.0.20348.1 (WinBuild.160101.0800)
Description: Net Command
Product: Microsoft® Windows® Operating System
Company: Microsoft Corporation
OriginalFileName: net.exe
CommandLine: net.exe accounts
CurrentDirectory: C:\Program Files (x86)\ossec-agent\
User: NT AUTHORITY\SYSTEM
LogonGuid: {b4c300ce-31c3-6928-e703-000000000000}
LogonId: 0x3E7
TerminalSessionId: 0
IntegrityLevel: System
Hashes: MD5=25E4C7D70BC2817AEEC93BD69BB16657,SHA256=949524A22555305B1DE6ECD8D69A21466E7B4F6354F31B951A1A3DDD6E72E042,IMPHASH=6C829877160814FC33B041AB46ABAC59
ParentProcessGuid: {b4c300ce-31ce-6928-4900-000000001100}
ParentProcessId: 2936
ParentImage: C:\Program Files (x86)\ossec-agent\wazuh-agent.exe
ParentCommandLine: ""C:\Program Files (x86)\ossec-agent\wazuh-agent.exe""
ParentUser: NT AUTHORITY\SYSTEM""",3,wazuh,0
2025-12-02 11:11:09.401000+00:00,Active_Directory_Server,1,C:\\Windows\\SysWOW64\\net1.exe,C:\\Windows\\system32\\net1 accounts,,"""Process Create:
RuleName: -
UtcTime: 2025-12-02 11:11:11.298
ProcessGuid: {b4c300ce-c94f-692e-ed11-000000001100}
ProcessId: 6680
Image: C:\Windows\SysWOW64\net1.exe
FileVersion: 10.0.20348.469 (WinBuild.160101.0800)
Description: Net Command
Product: Microsoft® Windows® Operating System
Company: Microsoft Corporation
OriginalFileName: net1.exe
CommandLine: C:\Windows\system32\net1 accounts
CurrentDirectory: C:\Program Files (x86)\ossec-agent\
User: NT AUTHORITY\SYSTEM
LogonGuid: {b4c300ce-31c3-6928-e703-000000000000}
LogonId: 0x3E7
TerminalSessionId: 0
IntegrityLevel: System
Hashes: MD5=6EE14B0BFF935051384F348DF07EDDDD,SHA256=EE0D292C8F6B12A6DEE70E0F3F257A6CB1C90BFFDF2453CD1B3E059122C7A7C5,IMPHASH=FA57EC07C0A8E480F5D417E8860B906D
ParentProcessGuid: {b4c300ce-c94f-692e-eb11-000000001100}
ParentProcessId: 4748
ParentImage: C:\Windows\SysWOW64\net.exe
ParentCommandLine: net.exe accounts
ParentUser: NT AUTHORITY\SYSTEM""",3,wazuh,0
2025-12-02 11:11:09.416000+00:00,Active_Directory_Server,1,C:\\Windows\\SysWOW64\\net.exe,net.exe accounts,,"""Process Create:
RuleName: -
UtcTime: 2025-12-02 11:11:11.313
ProcessGuid: {b4c300ce-c94f-692e-ee11-000000001100}
ProcessId: 6544
Image: C:\Windows\SysWOW64\net.exe
FileVersion: 10.0.20348.1 (WinBuild.160101.0800)
Description: Net Command
Product: Microsoft® Windows® Operating System
Company: Microsoft Corporation
OriginalFileName: net.exe
CommandLine: net.exe accounts
CurrentDirectory: C:\Program Files (x86)\ossec-agent\
User: NT AUTHORITY\SYSTEM
LogonGuid: {b4c300ce-31c3-6928-e703-000000000000}
LogonId: 0x3E7
TerminalSessionId: 0
IntegrityLevel: System
Hashes: MD5=25E4C7D70BC2817AEEC93BD69BB16657,SHA256=949524A22555305B1DE6ECD8D69A21466E7B4F6354F31B951A1A3DDD6E72E042,IMPHASH=6C829877160814FC33B041AB46ABAC59
ParentProcessGuid: {b4c300ce-31ce-6928-4900-000000001100}
ParentProcessId: 2936
ParentImage: C:\Program Files (x86)\ossec-agent\wazuh-agent.exe
ParentCommandLine: ""C:\Program Files (x86)\ossec-agent\wazuh-agent.exe""
ParentUser: NT AUTHORITY\SYSTEM""",3,wazuh,0
2025-12-02 11:11:09.432000+00:00,Active_Directory_Server,1,C:\\Windows\\SysWOW64\\net1.exe,C:\\Windows\\system32\\net1 accounts,,"""Process Create:
RuleName: -
UtcTime: 2025-12-02 11:11:11.340
ProcessGuid: {b4c300ce-c94f-692e-f011-000000001100}
ProcessId: 4428
Image: C:\Windows\SysWOW64\net1.exe
FileVersion: 10.0.20348.469 (WinBuild.160101.0800)
Description: Net Command
Product: Microsoft® Windows® Operating System
Company: Microsoft Corporation
OriginalFileName: net1.exe
CommandLine: C:\Windows\system32\net1 accounts
CurrentDirectory: C:\Program Files (x86)\ossec-agent\
User: NT AUTHORITY\SYSTEM
LogonGuid: {b4c300ce-31c3-6928-e703-000000000000}
LogonId: 0x3E7
TerminalSessionId: 0
IntegrityLevel: System
Hashes: MD5=6EE14B0BFF935051384F348DF07EDDDD,SHA256=EE0D292C8F6B12A6DEE70E0F3F257A6CB1C90BFFDF2453CD1B3E059122C7A7C5,IMPHASH=FA57EC07C0A8E480F5D417E8860B906D
ParentProcessGuid: {b4c300ce-c94f-692e-ee11-000000001100}
ParentProcessId: 6544
ParentImage: C:\Windows\SysWOW64\net.exe
ParentCommandLine: net.exe accounts
ParentUser: NT AUTHORITY\SYSTEM""",3,wazuh,0
2025-12-02 11:11:09.447000+00:00,Active_Directory_Server,1,C:\\Windows\\SysWOW64\\net.exe,net.exe accounts,,"""Process Create:
RuleName: -
UtcTime: 2025-12-02 11:11:11.355
ProcessGuid: {b4c300ce-c94f-692e-f111-000000001100}
ProcessId: 2300
Image: C:\Windows\SysWOW64\net.exe
FileVersion: 10.0.20348.1 (WinBuild.160101.0800)
Description: Net Command
Product: Microsoft® Windows® Operating System
Company: Microsoft Corporation
OriginalFileName: net.exe
CommandLine: net.exe accounts
CurrentDirectory: C:\Program Files (x86)\ossec-agent\
User: NT AUTHORITY\SYSTEM
LogonGuid: {b4c300ce-31c3-6928-e703-000000000000}
LogonId: 0x3E7
TerminalSessionId: 0
IntegrityLevel: System
Hashes: MD5=25E4C7D70BC2817AEEC93BD69BB16657,SHA256=949524A22555305B1DE6ECD8D69A21466E7B4F6354F31B951A1A3DDD6E72E042,IMPHASH=6C829877160814FC33B041AB46ABAC59
ParentProcessGuid: {b4c300ce-31ce-6928-4900-000000001100}
ParentProcessId: 2936
ParentImage: C:\Program Files (x86)\ossec-agent\wazuh-agent.exe
ParentCommandLine: ""C:\Program Files (x86)\ossec-agent\wazuh-agent.exe""
ParentUser: NT AUTHORITY\SYSTEM""",3,wazuh,0
2025-12-02 11:11:09.463000+00:00,Active_Directory_Server,4688,,,,"""A new process has been created.

Creator Subject:
	Security ID:		S-1-5-18
	Account Name:		AD-DC-SERVER$
	Account Domain:		SOC
	Logon ID:		0x3E7

Target Subject:
	Security ID:		S-1-0-0
	Account Name:		-
	Account Domain:		-
	Logon ID:		0x0

Process Information:
	New Process ID:		0x13ec
	New Process Name:	C:\Windows\System32\conhost.exe
	Token Elevation Type:	TokenElevationTypeDefault (1)
	Mandatory Label:		S-1-16-16384
	Creator Process ID:	0x638
	Creator Process Name:	C:\Windows\SysWOW64\net.exe
	Process Command Line:	

Token Elevation Type indicates the type of token that was assigned to the new process in accordance with User Account Control policy.

Type 1 is a full token with no privileges removed or groups disabled.  A full token is only used if User Account Control is disabled or if the user is the built-in Administrator account or a service account.

Type 2 is an elevated token with no privileges removed or groups disabled.  An elevated token is used when User Account Control is enabled and the user chooses to start the program using Run as administrator.  An elevated token is also used when an application is configured to always require administrative privilege or to always require maximum privilege, and the user is a member of the Administrators group.

Type 3 is a limited token with administrative privileges removed and administrative groups disabled.  The limited token is used when User Account Control is enabled, the application does not require administrative privilege, and the user does not choose to start the program using Run as administrator.""",3,wazuh,0
2025-12-02 11:11:09.478000+00:00,Active_Directory_Server,1,C:\\Windows\\SysWOW64\\net1.exe,C:\\Windows\\system32\\net1 accounts,,"""Process Create:
RuleName: -
UtcTime: 2025-12-02 11:11:11.381
ProcessGuid: {b4c300ce-c94f-692e-f311-000000001100}
ProcessId: 5784
Image: C:\Windows\SysWOW64\net1.exe
FileVersion: 10.0.20348.469 (WinBuild.160101.0800)
Description: Net Command
Product: Microsoft® Windows® Operating System
Company: Microsoft Corporation
OriginalFileName: net1.exe
CommandLine: C:\Windows\system32\net1 accounts
CurrentDirectory: C:\Program Files (x86)\ossec-agent\
User: NT AUTHORITY\SYSTEM
LogonGuid: {b4c300ce-31c3-6928-e703-000000000000}
LogonId: 0x3E7
TerminalSessionId: 0
IntegrityLevel: System
Hashes: MD5=6EE14B0BFF935051384F348DF07EDDDD,SHA256=EE0D292C8F6B12A6DEE70E0F3F257A6CB1C90BFFDF2453CD1B3E059122C7A7C5,IMPHASH=FA57EC07C0A8E480F5D417E8860B906D
ParentProcessGuid: {b4c300ce-c94f-692e-f111-000000001100}
ParentProcessId: 2300
ParentImage: C:\Windows\SysWOW64\net.exe
ParentCommandLine: net.exe accounts
ParentUser: NT AUTHORITY\SYSTEM""",3,wazuh,0
2025-12-02 11:11:09.494000+00:00,Active_Directory_Server,1,C:\\Windows\\SysWOW64\\net.exe,net user guest,,"""Process Create:
RuleName: -
UtcTime: 2025-12-02 11:11:11.395
ProcessGuid: {b4c300ce-c94f-692e-f411-000000001100}
ProcessId: 5744
Image: C:\Windows\SysWOW64\net.exe
FileVersion: 10.0.20348.1 (WinBuild.160101.0800)
Description: Net Command
Product: Microsoft® Windows® Operating System
Company: Microsoft Corporation
OriginalFileName: net.exe
CommandLine: net user guest
CurrentDirectory: C:\Program Files (x86)\ossec-agent\
User: NT AUTHORITY\SYSTEM
LogonGuid: {b4c300ce-31c3-6928-e703-000000000000}
LogonId: 0x3E7
TerminalSessionId: 0
IntegrityLevel: System
Hashes: MD5=25E4C7D70BC2817AEEC93BD69BB16657,SHA256=949524A22555305B1DE6ECD8D69A21466E7B4F6354F31B951A1A3DDD6E72E042,IMPHASH=6C829877160814FC33B041AB46ABAC59
ParentProcessGuid: {b4c300ce-31ce-6928-4900-000000001100}
ParentProcessId: 2936
ParentImage: C:\Program Files (x86)\ossec-agent\wazuh-agent.exe
ParentCommandLine: ""C:\Program Files (x86)\ossec-agent\wazuh-agent.exe""
ParentUser: NT AUTHORITY\SYSTEM""",3,wazuh,0
2025-12-02 11:11:09.510000+00:00,Active_Directory_Server,4688,,,,"""A new process has been created.

Creator Subject:
	Security ID:		S-1-5-18
	Account Name:		AD-DC-SERVER$
	Account Domain:		SOC
	Logon ID:		0x3E7

Target Subject:
	Security ID:		S-1-0-0
	Account Name:		-
	Account Domain:		-
	Logon ID:		0x0

Process Information:
	New Process ID:		0x974
	New Process Name:	C:\Windows\SysWOW64\net1.exe
	Token Elevation Type:	TokenElevationTypeDefault (1)
	Mandatory Label:		S-1-16-16384
	Creator Process ID:	0x638
	Creator Process Name:	C:\Windows\SysWOW64\net.exe
	Process Command Line:	

Token Elevation Type indicates the type of token that was assigned to the new process in accordance with User Account Control policy.

Type 1 is a full token with no privileges removed or groups disabled.  A full token is only used if User Account Control is disabled or if the user is the built-in Administrator account or a service account.

Type 2 is an elevated token with no privileges removed or groups disabled.  An elevated token is used when User Account Control is enabled and the user chooses to start the program using Run as administrator.  An elevated token is also used when an application is configured to always require administrative privilege or to always require maximum privilege, and the user is a member of the Administrators group.

Type 3 is a limited token with administrative privileges removed and administrative groups disabled.  The limited token is used when User Account Control is enabled, the application does not require administrative privilege, and the user does not choose to start the program using Run as administrator.""",3,wazuh,0
2025-12-02 11:11:09.525000+00:00,Active_Directory_Server,1,C:\\Windows\\SysWOW64\\net1.exe,C:\\Windows\\system32\\net1 user guest,,"""Process Create:
RuleName: -
UtcTime: 2025-12-02 11:11:11.421
ProcessGuid: {b4c300ce-c94f-692e-f611-000000001100}
ProcessId: 1104
Image: C:\Windows\SysWOW64\net1.exe
FileVersion: 10.0.20348.469 (WinBuild.160101.0800)
Description: Net Command
Product: Microsoft® Windows® Operating System
Company: Microsoft Corporation
OriginalFileName: net1.exe
CommandLine: C:\Windows\system32\net1 user guest
CurrentDirectory: C:\Program Files (x86)\ossec-agent\
User: NT AUTHORITY\SYSTEM
LogonGuid: {b4c300ce-31c3-6928-e703-000000000000}
LogonId: 0x3E7
TerminalSessionId: 0
IntegrityLevel: System
Hashes: MD5=6EE14B0BFF935051384F348DF07EDDDD,SHA256=EE0D292C8F6B12A6DEE70E0F3F257A6CB1C90BFFDF2453CD1B3E059122C7A7C5,IMPHASH=FA57EC07C0A8E480F5D417E8860B906D
ParentProcessGuid: {b4c300ce-c94f-692e-f411-000000001100}
ParentProcessId: 5744
ParentImage: C:\Windows\SysWOW64\net.exe
ParentCommandLine: net user guest
ParentUser: NT AUTHORITY\SYSTEM""",3,wazuh,0
2025-12-02 11:11:09.541000+00:00,Active_Directory_Server,4688,,,,"""A new process has been created.

Creator Subject:
	Security ID:		S-1-5-18
	Account Name:		AD-DC-SERVER$
	Account Domain:		SOC
	Logon ID:		0x3E7

Target Subject:
	Security ID:		S-1-0-0
	Account Name:		-
	Account Domain:		-
	Logon ID:		0x0

Process Information:
	New Process ID:		0x1100
	New Process Name:	C:\Windows\SysWOW64\net.exe
	Token Elevation Type:	TokenElevationTypeDefault (1)
	Mandatory Label:		S-1-16-16384
	Creator Process ID:	0xb78
	Creator Process Name:	C:\Program Files (x86)\ossec-agent\wazuh-agent.exe
	Process Command Line:	

Token Elevation Type indicates the type of token that was assigned to the new process in accordance with User Account Control policy.

Type 1 is a full token with no privileges removed or groups disabled.  A full token is only used if User Account Control is disabled or if the user is the built-in Administrator account or a service account.

Type 2 is an elevated token with no privileges removed or groups disabled.  An elevated token is used when User Account Control is enabled and the user chooses to start the program using Run as administrator.  An elevated token is also used when an application is configured to always require administrative privilege or to always require maximum privilege, and the user is a member of the Administrators group.

Type 3 is a limited token with administrative privileges removed and administrative groups disabled.  The limited token is used when User Account Control is enabled, the application does not require administrative privilege, and the user does not choose to start the program using Run as administrator.""",3,wazuh,0
2025-12-02 11:11:09.557000+00:00,Active_Directory_Server,1,C:\\Windows\\SysWOW64\\net.exe,net user administrator,,"""Process Create:
RuleName: -
UtcTime: 2025-12-02 11:11:11.438
ProcessGuid: {b4c300ce-c94f-692e-f711-000000001100}
ProcessId: 4844
Image: C:\Windows\SysWOW64\net.exe
FileVersion: 10.0.20348.1 (WinBuild.160101.0800)
Description: Net Command
Product: Microsoft® Windows® Operating System
Company: Microsoft Corporation
OriginalFileName: net.exe
CommandLine: net user administrator
CurrentDirectory: C:\Program Files (x86)\ossec-agent\
User: NT AUTHORITY\SYSTEM
LogonGuid: {b4c300ce-31c3-6928-e703-000000000000}
LogonId: 0x3E7
TerminalSessionId: 0
IntegrityLevel: System
Hashes: MD5=25E4C7D70BC2817AEEC93BD69BB16657,SHA256=949524A22555305B1DE6ECD8D69A21466E7B4F6354F31B951A1A3DDD6E72E042,IMPHASH=6C829877160814FC33B041AB46ABAC59
ParentProcessGuid: {b4c300ce-31ce-6928-4900-000000001100}
ParentProcessId: 2936
ParentImage: C:\Program Files (x86)\ossec-agent\wazuh-agent.exe
ParentCommandLine: ""C:\Program Files (x86)\ossec-agent\wazuh-agent.exe""
ParentUser: NT AUTHORITY\SYSTEM""",3,wazuh,0
2025-12-02 11:11:09.572000+00:00,Active_Directory_Server,1,C:\\Windows\\SysWOW64\\net1.exe,C:\\Windows\\system32\\net1 user administrator,,"""Process Create:
RuleName: -
UtcTime: 2025-12-02 11:11:11.464
ProcessGuid: {b4c300ce-c94f-692e-f911-000000001100}
ProcessId: 6064
Image: C:\Windows\SysWOW64\net1.exe
FileVersion: 10.0.20348.469 (WinBuild.160101.0800)
Description: Net Command
Product: Microsoft® Windows® Operating System
Company: Microsoft Corporation
OriginalFileName: net1.exe
CommandLine: C:\Windows\system32\net1 user administrator
CurrentDirectory: C:\Program Files (x86)\ossec-agent\
User: NT AUTHORITY\SYSTEM
LogonGuid: {b4c300ce-31c3-6928-e703-000000000000}
LogonId: 0x3E7
TerminalSessionId: 0
IntegrityLevel: System
Hashes: MD5=6EE14B0BFF935051384F348DF07EDDDD,SHA256=EE0D292C8F6B12A6DEE70E0F3F257A6CB1C90BFFDF2453CD1B3E059122C7A7C5,IMPHASH=FA57EC07C0A8E480F5D417E8860B906D
ParentProcessGuid: {b4c300ce-c94f-692e-f711-000000001100}
ParentProcessId: 4844
ParentImage: C:\Windows\SysWOW64\net.exe
ParentCommandLine: net user administrator
ParentUser: NT AUTHORITY\SYSTEM""",3,wazuh,0
2025-12-02 11:11:09.588000+00:00,Active_Directory_Server,4688,,,,"""A new process has been created.

Creator Subject:
	Security ID:		S-1-5-18
	Account Name:		AD-DC-SERVER$
	Account Domain:		SOC
	Logon ID:		0x3E7

Target Subject:
	Security ID:		S-1-0-0
	Account Name:		-
	Account Domain:		-
	Logon ID:		0x0

Process Information:
	New Process ID:		0x920
	New Process Name:	C:\Windows\System32\conhost.exe
	Token Elevation Type:	TokenElevationTypeDefault (1)
	Mandatory Label:		S-1-16-16384
	Creator Process ID:	0x1100
	Creator Process Name:	C:\Windows\SysWOW64\net.exe
	Process Command Line:	

Token Elevation Type indicates the type of token that was assigned to the new process in accordance with User Account Control policy.

Type 1 is a full token with no privileges removed or groups disabled.  A full token is only used if User Account Control is disabled or if the user is the built-in Administrator account or a service account.

Type 2 is an elevated token with no privileges removed or groups disabled.  An elevated token is used when User Account Control is enabled and the user chooses to start the program using Run as administrator.  An elevated token is also used when an application is configured to always require administrative privilege or to always require maximum privilege, and the user is a member of the Administrators group.

Type 3 is a limited token with administrative privileges removed and administrative groups disabled.  The limited token is used when User Account Control is enabled, the application does not require administrative privilege, and the user does not choose to start the program using Run as administrator.""",3,wazuh,0
2025-12-02 11:11:09.603000+00:00,Active_Directory_Server,1,C:\\Windows\\SysWOW64\\net.exe,net user guest,,"""Process Create:
RuleName: -
UtcTime: 2025-12-02 11:11:11.482
ProcessGuid: {b4c300ce-c94f-692e-fa11-000000001100}
ProcessId: 2844
Image: C:\Windows\SysWOW64\net.exe
FileVersion: 10.0.20348.1 (WinBuild.160101.0800)
Description: Net Command
Product: Microsoft® Windows® Operating System
Company: Microsoft Corporation
OriginalFileName: net.exe
CommandLine: net user guest
CurrentDirectory: C:\Program Files (x86)\ossec-agent\
User: NT AUTHORITY\SYSTEM
LogonGuid: {b4c300ce-31c3-6928-e703-000000000000}
LogonId: 0x3E7
TerminalSessionId: 0
IntegrityLevel: System
Hashes: MD5=25E4C7D70BC2817AEEC93BD69BB16657,SHA256=949524A22555305B1DE6ECD8D69A21466E7B4F6354F31B951A1A3DDD6E72E042,IMPHASH=6C829877160814FC33B041AB46ABAC59
ParentProcessGuid: {b4c300ce-31ce-6928-4900-000000001100}
ParentProcessId: 2936
ParentImage: C:\Program Files (x86)\ossec-agent\wazuh-agent.exe
ParentCommandLine: ""C:\Program Files (x86)\ossec-agent\wazuh-agent.exe""
ParentUser: NT AUTHORITY\SYSTEM""",3,wazuh,0
2025-12-02 11:11:09.619000+00:00,Active_Directory_Server,4688,,,,"""A new process has been created.

Creator Subject:
	Security ID:		S-1-5-18
	Account Name:		AD-DC-SERVER$
	Account Domain:		SOC
	Logon ID:		0x3E7

Target Subject:
	Security ID:		S-1-0-0
	Account Name:		-
	Account Domain:		-
	Logon ID:		0x0

Process Information:
	New Process ID:		0x1630
	New Process Name:	C:\Windows\SysWOW64\net1.exe
	Token Elevation Type:	TokenElevationTypeDefault (1)
	Mandatory Label:		S-1-16-16384
	Creator Process ID:	0x1100
	Creator Process Name:	C:\Windows\SysWOW64\net.exe
	Process Command Line:	

Token Elevation Type indicates the type of token that was assigned to the new process in accordance with User Account Control policy.

Type 1 is a full token with no privileges removed or groups disabled.  A full token is only used if User Account Control is disabled or if the user is the built-in Administrator account or a service account.

Type 2 is an elevated token with no privileges removed or groups disabled.  An elevated token is used when User Account Control is enabled and the user chooses to start the program using Run as administrator.  An elevated token is also used when an application is configured to always require administrative privilege or to always require maximum privilege, and the user is a member of the Administrators group.

Type 3 is a limited token with administrative privileges removed and administrative groups disabled.  The limited token is used when User Account Control is enabled, the application does not require administrative privilege, and the user does not choose to start the program using Run as administrator.""",3,wazuh,0
2025-12-02 11:11:09.635000+00:00,Active_Directory_Server,1,C:\\Windows\\SysWOW64\\net1.exe,C:\\Windows\\system32\\net1 user guest,,"""Process Create:
RuleName: -
UtcTime: 2025-12-02 11:11:11.510
ProcessGuid: {b4c300ce-c94f-692e-fc11-000000001100}
ProcessId: 7008
Image: C:\Windows\SysWOW64\net1.exe
FileVersion: 10.0.20348.469 (WinBuild.160101.0800)
Description: Net Command
Product: Microsoft® Windows® Operating System
Company: Microsoft Corporation
OriginalFileName: net1.exe
CommandLine: C:\Windows\system32\net1 user guest
CurrentDirectory: C:\Program Files (x86)\ossec-agent\
User: NT AUTHORITY\SYSTEM
LogonGuid: {b4c300ce-31c3-6928-e703-000000000000}
LogonId: 0x3E7
TerminalSessionId: 0
IntegrityLevel: System
Hashes: MD5=6EE14B0BFF935051384F348DF07EDDDD,SHA256=EE0D292C8F6B12A6DEE70E0F3F257A6CB1C90BFFDF2453CD1B3E059122C7A7C5,IMPHASH=FA57EC07C0A8E480F5D417E8860B906D
ParentProcessGuid: {b4c300ce-c94f-692e-fa11-000000001100}
ParentProcessId: 2844
ParentImage: C:\Windows\SysWOW64\net.exe
ParentCommandLine: net user guest
ParentUser: NT AUTHORITY\SYSTEM""",3,wazuh,0
2025-12-02 11:11:09.650000+00:00,Active_Directory_Server,4688,,,,"""A new process has been created.

Creator Subject:
	Security ID:		S-1-5-18
	Account Name:		AD-DC-SERVER$
	Account Domain:		SOC
	Logon ID:		0x3E7

Target Subject:
	Security ID:		S-1-0-0
	Account Name:		-
	Account Domain:		-
	Logon ID:		0x0

Process Information:
	New Process ID:		0x9cc
	New Process Name:	C:\Windows\SysWOW64\net.exe
	Token Elevation Type:	TokenElevationTypeDefault (1)
	Mandatory Label:		S-1-16-16384
	Creator Process ID:	0xb78
	Creator Process Name:	C:\Program Files (x86)\ossec-agent\wazuh-agent.exe
	Process Command Line:	

Token Elevation Type indicates the type of token that was assigned to the new process in accordance with User Account Control policy.

Type 1 is a full token with no privileges removed or groups disabled.  A full token is only used if User Account Control is disabled or if the user is the built-in Administrator account or a service account.

Type 2 is an elevated token with no privileges removed or groups disabled.  An elevated token is used when User Account Control is enabled and the user chooses to start the program using Run as administrator.  An elevated token is also used when an application is configured to always require administrative privilege or to always require maximum privilege, and the user is a member of the Administrators group.

Type 3 is a limited token with administrative privileges removed and administrative groups disabled.  The limited token is used when User Account Control is enabled, the application does not require administrative privilege, and the user does not choose to start the program using Run as administrator.""",3,wazuh,0
2025-12-02 11:11:09.682000+00:00,Active_Directory_Server,4688,,,,"""A new process has been created.

Creator Subject:
	Security ID:		S-1-5-18
	Account Name:		AD-DC-SERVER$
	Account Domain:		SOC
	Logon ID:		0x3E7

Target Subject:
	Security ID:		S-1-0-0
	Account Name:		-
	Account Domain:		-
	Logon ID:		0x0

Process Information:
	New Process ID:		0x1ac4
	New Process Name:	C:\Windows\System32\conhost.exe
	Token Elevation Type:	TokenElevationTypeDefault (1)
	Mandatory Label:		S-1-16-16384
	Creator Process ID:	0x9cc
	Creator Process Name:	C:\Windows\SysWOW64\net.exe
	Process Command Line:	

Token Elevation Type indicates the type of token that was assigned to the new process in accordance with User Account Control policy.

Type 1 is a full token with no privileges removed or groups disabled.  A full token is only used if User Account Control is disabled or if the user is the built-in Administrator account or a service account.

Type 2 is an elevated token with no privileges removed or groups disabled.  An elevated token is used when User Account Control is enabled and the user chooses to start the program using Run as administrator.  An elevated token is also used when an application is configured to always require administrative privilege or to always require maximum privilege, and the user is a member of the Administrators group.

Type 3 is a limited token with administrative privileges removed and administrative groups disabled.  The limited token is used when User Account Control is enabled, the application does not require administrative privilege, and the user does not choose to start the program using Run as administrator.""",3,wazuh,0
2025-12-02 11:11:09.713000+00:00,Active_Directory_Server,1,C:\\Windows\\SysWOW64\\WindowsPowerShell\\v1.0\\powershell.exe,"powershell \""$null = secedit /export /cfg $env:temp/secexport.cfg; $(gc $env:temp/secexport.cfg | Select-String \\\""LSAAnonymousNameLookup\\\"").ToString().Split(\\\""=\\\"")[1].Trim()\""",,"""Process Create:
RuleName: -
UtcTime: 2025-12-02 11:11:11.585
ProcessGuid: {b4c300ce-c94f-692e-0112-000000001100}
ProcessId: 3288
Image: C:\Windows\SysWOW64\WindowsPowerShell\v1.0\powershell.exe
FileVersion: 10.0.20348.1 (WinBuild.160101.0800)
Description: Windows PowerShell
Product: Microsoft® Windows® Operating System
Company: Microsoft Corporation
OriginalFileName: PowerShell.EXE
CommandLine: powershell ""$null = secedit /export /cfg $env:temp/secexport.cfg; $(gc $env:temp/secexport.cfg | Select-String \""LSAAnonymousNameLookup\"").ToString().Split(\""=\"")[1].Trim()""
CurrentDirectory: C:\Program Files (x86)\ossec-agent\
User: NT AUTHORITY\SYSTEM
LogonGuid: {b4c300ce-31c3-6928-e703-000000000000}
LogonId: 0x3E7
TerminalSessionId: 0
IntegrityLevel: System
Hashes: MD5=EB5ACAC8A6DF89EB6BA751F468490734,SHA256=6633D15A90D38137ABF5E08BC5C14CF35128ECA168E875D9569295ECC88A4DBB,IMPHASH=C1E3C5E2580A8F5AD5F3DF2BCAEA7CAB
ParentProcessGuid: {b4c300ce-31ce-6928-4900-000000001100}
ParentProcessId: 2936
ParentImage: C:\Program Files (x86)\ossec-agent\wazuh-agent.exe
ParentCommandLine: ""C:\Program Files (x86)\ossec-agent\wazuh-agent.exe""
ParentUser: NT AUTHORITY\SYSTEM""",3,wazuh,0
2025-12-02 11:11:09.728000+00:00,Active_Directory_Server,4688,,,,"""A new process has been created.

Creator Subject:
	Security ID:		S-1-5-18
	Account Name:		AD-DC-SERVER$
	Account Domain:		SOC
	Logon ID:		0x3E7

Target Subject:
	Security ID:		S-1-0-0
	Account Name:		-
	Account Domain:		-
	Logon ID:		0x0

Process Information:
	New Process ID:		0xbcc
	New Process Name:	C:\Windows\SysWOW64\net1.exe
	Token Elevation Type:	TokenElevationTypeDefault (1)
	Mandatory Label:		S-1-16-16384
	Creator Process ID:	0x9cc
	Creator Process Name:	C:\Windows\SysWOW64\net.exe
	Process Command Line:	

Token Elevation Type indicates the type of token that was assigned to the new process in accordance with User Account Control policy.

Type 1 is a full token with no privileges removed or groups disabled.  A full token is only used if User Account Control is disabled or if the user is the built-in Administrator account or a service account.

Type 2 is an elevated token with no privileges removed or groups disabled.  An elevated token is used when User Account Control is enabled and the user chooses to start the program using Run as administrator.  An elevated token is also used when an application is configured to always require administrative privilege or to always require maximum privilege, and the user is a member of the Administrators group.

Type 3 is a limited token with administrative privileges removed and administrative groups disabled.  The limited token is used when User Account Control is enabled, the application does not require administrative privilege, and the user does not choose to start the program using Run as administrator.""",3,wazuh,0
2025-12-02 11:11:09.744000+00:00,Active_Directory_Server,11,C:\\Windows\\SysWOW64\\WindowsPowerShell\\v1.0\\powershell.exe,,,"""File created:
RuleName: -
UtcTime: 2025-12-02 11:11:11.634
ProcessGuid: {b4c300ce-c94f-692e-0112-000000001100}
ProcessId: 3288
Image: C:\Windows\SysWOW64\WindowsPowerShell\v1.0\powershell.exe
TargetFilename: C:\Windows\Temp\__PSScriptPolicyTest_313ymfv1.tca.ps1
CreationUtcTime: 2025-12-02 11:11:11.634
User: NT AUTHORITY\SYSTEM""",9,wazuh,0
2025-12-02 11:11:09.760000+00:00,Active_Directory_Server,4688,,,,"""A new process has been created.

Creator Subject:
	Security ID:		S-1-5-18
	Account Name:		AD-DC-SERVER$
	Account Domain:		SOC
	Logon ID:		0x3E7

Target Subject:
	Security ID:		S-1-0-0
	Account Name:		-
	Account Domain:		-
	Logon ID:		0x0

Process Information:
	New Process ID:		0xc90
	New Process Name:	C:\Windows\System32\taskhostw.exe
	Token Elevation Type:	TokenElevationTypeDefault (1)
	Mandatory Label:		S-1-16-16384
	Creator Process ID:	0x598
	Creator Process Name:	C:\Windows\System32\svchost.exe
	Process Command Line:	

Token Elevation Type indicates the type of token that was assigned to the new process in accordance with User Account Control policy.

Type 1 is a full token with no privileges removed or groups disabled.  A full token is only used if User Account Control is disabled or if the user is the built-in Administrator account or a service account.

Type 2 is an elevated token with no privileges removed or groups disabled.  An elevated token is used when User Account Control is enabled and the user chooses to start the program using Run as administrator.  An elevated token is also used when an application is configured to always require administrative privilege or to always require maximum privilege, and the user is a member of the Administrators group.

Type 3 is a limited token with administrative privileges removed and administrative groups disabled.  The limited token is used when User Account Control is enabled, the application does not require administrative privilege, and the user does not choose to start the program using Run as administrator.""",3,wazuh,0
2025-12-02 11:11:09.775000+00:00,Active_Directory_Server,1,C:\\Windows\\SysWOW64\\SecEdit.exe,"\""C:\\Windows\\system32\\SecEdit.exe\"" /export /cfg C:\\Windows\\TEMP/secexport.cfg",,"""Process Create:
RuleName: -
UtcTime: 2025-12-02 11:11:11.733
ProcessGuid: {b4c300ce-c94f-692e-0312-000000001100}
ProcessId: 920
Image: C:\Windows\SysWOW64\SecEdit.exe
FileVersion: 10.0.20348.1 (WinBuild.160101.0800)
Description: Windows Security Configuration Editor Command Tool
Product: Microsoft® Windows® Operating System
Company: Microsoft Corporation
OriginalFileName: SeCEdit
CommandLine: ""C:\Windows\system32\SecEdit.exe"" /export /cfg C:\Windows\TEMP/secexport.cfg
CurrentDirectory: C:\Program Files (x86)\ossec-agent\
User: NT AUTHORITY\SYSTEM
LogonGuid: {b4c300ce-31c3-6928-e703-000000000000}
LogonId: 0x3E7
TerminalSessionId: 0
IntegrityLevel: System
Hashes: MD5=A550295A3AB5A8326F6C697AED19E00E,SHA256=E4645CB6092A470D4A60D04D15E760B9959FF25281E208C737C376F379CBF2CD,IMPHASH=615449A6A25801F47AE0D7578EB950B4
ParentProcessGuid: {b4c300ce-c94f-692e-0112-000000001100}
ParentProcessId: 3288
ParentImage: C:\Windows\SysWOW64\WindowsPowerShell\v1.0\powershell.exe
ParentCommandLine: powershell ""$null = secedit /export /cfg $env:temp/secexport.cfg; $(gc $env:temp/secexport.cfg | Select-String \""LSAAnonymousNameLookup\"").ToString().Split(\""=\"")[1].Trim()""
ParentUser: NT AUTHORITY\SYSTEM""",4,wazuh,0
2025-12-02 11:11:09.791000+00:00,Active_Directory_Server,4688,,,,"""A new process has been created.

Creator Subject:
	Security ID:		S-1-5-18
	Account Name:		AD-DC-SERVER$
	Account Domain:		SOC
	Logon ID:		0x3E7

Target Subject:
	Security ID:		S-1-0-0
	Account Name:		-
	Account Domain:		-
	Logon ID:		0x0

Process Information:
	New Process ID:		0x1988
	New Process Name:	C:\Windows\SysWOW64\net.exe
	Token Elevation Type:	TokenElevationTypeDefault (1)
	Mandatory Label:		S-1-16-16384
	Creator Process ID:	0xb78
	Creator Process Name:	C:\Program Files (x86)\ossec-agent\wazuh-agent.exe
	Process Command Line:	

Token Elevation Type indicates the type of token that was assigned to the new process in accordance with User Account Control policy.

Type 1 is a full token with no privileges removed or groups disabled.  A full token is only used if User Account Control is disabled or if the user is the built-in Administrator account or a service account.

Type 2 is an elevated token with no privileges removed or groups disabled.  An elevated token is used when User Account Control is enabled and the user chooses to start the program using Run as administrator.  An elevated token is also used when an application is configured to always require administrative privilege or to always require maximum privilege, and the user is a member of the Administrators group.

Type 3 is a limited token with administrative privileges removed and administrative groups disabled.  The limited token is used when User Account Control is enabled, the application does not require administrative privilege, and the user does not choose to start the program using Run as administrator.""",3,wazuh,0
2025-12-02 11:11:09.806000+00:00,Active_Directory_Server,4688,,,,"""A new process has been created.

Creator Subject:
	Security ID:		S-1-5-18
	Account Name:		AD-DC-SERVER$
	Account Domain:		SOC
	Logon ID:		0x3E7

Target Subject:
	Security ID:		S-1-0-0
	Account Name:		-
