	Account Domain:		SOC
	Logon ID:		0xAD462D

Process Information:
	New Process ID:		0x2ea0
	New Process Name:	C:\Windows\System32\backgroundTaskHost.exe
	Token Elevation Type:	%%1936
	Mandatory Label:		S-1-16-4096
	Creator Process ID:	0x2f8
	Creator Process Name:	C:\Windows\System32\svchost.exe
	Process Command Line:	

Token Elevation Type indicates the type of token that was assigned to the new process in accordance with User Account Control policy.

Type 1 is a full token with no privileges removed or groups disabled.  A full token is only used if User Account Control is disabled or if the user is the built-in Administrator account or a service account.

Type 2 is an elevated token with no privileges removed or groups disabled.  An elevated token is used when User Account Control is enabled and the user chooses to start the program using Run as administrator.  An elevated token is also used when an application is configured to always require administrative privilege or to always require maximum privilege, and the user is a member of the Administrators group.

Type 3 is a limited token with administrative privileges removed and administrative groups disabled.  The limited token is used when User Account Control is enabled, the application does not require administrative privilege, and the user does not choose to start the program using Run as administrator.""",3,wazuh,0
2025-12-02 16:32:40.192000+00:00,SocWinEP,4673,,,,"""A privileged service was called.

Subject:
	Security ID:		S-1-5-21-3631167090-248966842-2655285490-1106
	Account Name:		duser
	Account Domain:		SOC
	Logon ID:		0xAD462D

Service:
	Server:	Security
	Service Name:	-

Process:
	Process ID:	0x2ea0
	Process Name:	C:\Windows\System32\backgroundTaskHost.exe

Service Request Information:
	Privileges:		SeProfileSingleProcessPrivilege""",4,wazuh,0
2025-12-02 16:32:40.208000+00:00,SocWinEP,4688,,,,"""A new process has been created.

Creator Subject:
	Security ID:		S-1-5-18
	Account Name:		SOCWINEP$
	Account Domain:		SOC
	Logon ID:		0x3E7

Target Subject:
	Security ID:		S-1-5-21-3631167090-248966842-2655285490-1106
	Account Name:		duser
	Account Domain:		SOC
	Logon ID:		0xAD462D

Process Information:
	New Process ID:		0x2e24
	New Process Name:	C:\Windows\System32\RuntimeBroker.exe
	Token Elevation Type:	%%1936
	Mandatory Label:		S-1-16-8192
	Creator Process ID:	0x2f8
	Creator Process Name:	C:\Windows\System32\svchost.exe
	Process Command Line:	

Token Elevation Type indicates the type of token that was assigned to the new process in accordance with User Account Control policy.

Type 1 is a full token with no privileges removed or groups disabled.  A full token is only used if User Account Control is disabled or if the user is the built-in Administrator account or a service account.

Type 2 is an elevated token with no privileges removed or groups disabled.  An elevated token is used when User Account Control is enabled and the user chooses to start the program using Run as administrator.  An elevated token is also used when an application is configured to always require administrative privilege or to always require maximum privilege, and the user is a member of the Administrators group.

Type 3 is a limited token with administrative privileges removed and administrative groups disabled.  The limited token is used when User Account Control is enabled, the application does not require administrative privilege, and the user does not choose to start the program using Run as administrator.""",3,wazuh,0
2025-12-02 16:32:40.521000+00:00,SocWinEP,22,C:\\Windows\\System32\\backgroundTaskHost.exe,,,"""Dns query:
RuleName: -
UtcTime: 2025-12-02 16:32:42.953
ProcessGuid: {8206e0bc-14aa-692f-750a-000000000f00}
ProcessId: 11936
QueryName: AD-DC-Server.soc.lab.local
QueryStatus: 0
QueryResults: ::ffff:192.168.5.141;
Image: C:\Windows\System32\backgroundTaskHost.exe
User: SOC\duser""",3,wazuh,0
2025-12-02 16:32:40.568000+00:00,Active_Directory_Server,4634,,,,"""An account was logged off.

Subject:
	Security ID:		S-1-5-21-3631167090-248966842-2655285490-1106
	Account Name:		duser
	Account Domain:		SOC
	Logon ID:		0x5031A70

Logon Type:			3

This event is generated when a logon session is destroyed. It may be positively correlated with a logon event using the Logon ID value. Logon IDs are only unique between reboots on the same computer.""",3,wazuh,0
2025-12-02 16:32:40.584000+00:00,Active_Directory_Server,4634,,,,"""An account was logged off.

Subject:
	Security ID:		S-1-5-21-3631167090-248966842-2655285490-1106
	Account Name:		duser
	Account Domain:		SOC
	Logon ID:		0x5031A5E

Logon Type:			3

This event is generated when a logon session is destroyed. It may be positively correlated with a logon event using the Logon ID value. Logon IDs are only unique between reboots on the same computer.""",3,wazuh,0
2025-12-02 16:32:40.599000+00:00,Active_Directory_Server,4634,,,,"""An account was logged off.

Subject:
	Security ID:		S-1-5-21-3631167090-248966842-2655285490-1106
	Account Name:		duser
	Account Domain:		SOC
	Logon ID:		0x5031A44

Logon Type:			3

This event is generated when a logon session is destroyed. It may be positively correlated with a logon event using the Logon ID value. Logon IDs are only unique between reboots on the same computer.""",3,wazuh,0
2025-12-02 16:32:42.478000+00:00,SocWinEP,4688,,,,"""A new process has been created.

Creator Subject:
	Security ID:		S-1-5-18
	Account Name:		SOCWINEP$
	Account Domain:		SOC
	Logon ID:		0x3E7

Target Subject:
	Security ID:		S-1-5-21-3631167090-248966842-2655285490-1106
	Account Name:		duser
	Account Domain:		SOC
	Logon ID:		0xAD462D

Process Information:
	New Process ID:		0x1e44
	New Process Name:	C:\Windows\System32\BackgroundTransferHost.exe
	Token Elevation Type:	%%1936
	Mandatory Label:		S-1-16-4096
	Creator Process ID:	0x2f8
	Creator Process Name:	C:\Windows\System32\svchost.exe
	Process Command Line:	

Token Elevation Type indicates the type of token that was assigned to the new process in accordance with User Account Control policy.

Type 1 is a full token with no privileges removed or groups disabled.  A full token is only used if User Account Control is disabled or if the user is the built-in Administrator account or a service account.

Type 2 is an elevated token with no privileges removed or groups disabled.  An elevated token is used when User Account Control is enabled and the user chooses to start the program using Run as administrator.  An elevated token is also used when an application is configured to always require administrative privilege or to always require maximum privilege, and the user is a member of the Administrators group.

Type 3 is a limited token with administrative privileges removed and administrative groups disabled.  The limited token is used when User Account Control is enabled, the application does not require administrative privilege, and the user does not choose to start the program using Run as administrator.""",3,wazuh,0
2025-12-02 16:32:42.489000+00:00,SocWinEP,4673,,,,"""A privileged service was called.

Subject:
	Security ID:		S-1-5-21-3631167090-248966842-2655285490-1106
	Account Name:		duser
	Account Domain:		SOC
	Logon ID:		0xAD462D

Service:
	Server:	Security
	Service Name:	-

Process:
	Process ID:	0x1e44
	Process Name:	C:\Windows\System32\BackgroundTransferHost.exe

Service Request Information:
	Privileges:		SeProfileSingleProcessPrivilege""",4,wazuh,0
2025-12-02 16:32:42.505000+00:00,SocWinEP,4688,,,,"""A new process has been created.

Creator Subject:
	Security ID:		S-1-5-18
	Account Name:		SOCWINEP$
	Account Domain:		SOC
	Logon ID:		0x3E7

Target Subject:
	Security ID:		S-1-0-0
	Account Name:		-
	Account Domain:		-
	Logon ID:		0x0

Process Information:
	New Process ID:		0x15fc
	New Process Name:	C:\Windows\System32\taskhostw.exe
	Token Elevation Type:	%%1936
	Mandatory Label:		S-1-16-16384
	Creator Process ID:	0x584
	Creator Process Name:	C:\Windows\System32\svchost.exe
	Process Command Line:	

Token Elevation Type indicates the type of token that was assigned to the new process in accordance with User Account Control policy.

Type 1 is a full token with no privileges removed or groups disabled.  A full token is only used if User Account Control is disabled or if the user is the built-in Administrator account or a service account.

Type 2 is an elevated token with no privileges removed or groups disabled.  An elevated token is used when User Account Control is enabled and the user chooses to start the program using Run as administrator.  An elevated token is also used when an application is configured to always require administrative privilege or to always require maximum privilege, and the user is a member of the Administrators group.

Type 3 is a limited token with administrative privileges removed and administrative groups disabled.  The limited token is used when User Account Control is enabled, the application does not require administrative privilege, and the user does not choose to start the program using Run as administrator.""",3,wazuh,0
2025-12-02 16:32:43.006000+00:00,SocWinEP,1,C:\\Windows\\System32\\taskhostw.exe,taskhostw.exe,,"""Process Create:
RuleName: -
UtcTime: 2025-12-02 16:32:45.037
ProcessGuid: {8206e0bc-14ad-692f-780a-000000000f00}
ProcessId: 5628
Image: C:\Windows\System32\taskhostw.exe
FileVersion: 10.0.19041.5794 (WinBuild.160101.0800)
Description: Host Process for Windows Tasks
Product: Microsoft® Windows® Operating System
Company: Microsoft Corporation
OriginalFileName: taskhostw.exe
CommandLine: taskhostw.exe
CurrentDirectory: C:\Windows\system32\
User: NT AUTHORITY\SYSTEM
LogonGuid: {8206e0bc-6167-6913-e703-000000000000}
LogonId: 0x3E7
TerminalSessionId: 0
IntegrityLevel: System
Hashes: MD5=D71630DA4364F89F36B47581D4162639,SHA256=4D84D1DB6C572DA841307B814CCF26478429D3A29F304755CE1BAF110E639F64,IMPHASH=3A0C6863CDE566AF997DB2DEFFF9D924
ParentProcessGuid: {8206e0bc-6168-6913-2200-000000000f00}
ParentProcessId: 1412
ParentImage: C:\Windows\System32\svchost.exe
ParentCommandLine: C:\Windows\system32\svchost.exe -k netsvcs -p -s Schedule
ParentUser: NT AUTHORITY\SYSTEM""",3,wazuh,0
2025-12-02 16:32:52.615000+00:00,SocWinEP,22,C:\\Windows\\System32\\BackgroundTransferHost.exe,,,"""Dns query:
RuleName: -
UtcTime: 2025-12-02 16:32:54.681
ProcessGuid: {8206e0bc-14ac-692f-770a-000000000f00}
ProcessId: 7748
QueryName: tse1.mm.bing.net
QueryStatus: 9002
QueryResults: -
Image: C:\Windows\System32\BackgroundTransferHost.exe
User: SOC\duser""",3,wazuh,0
2025-12-02 16:32:54.466000+00:00,SocWinEP,1,C:\\Program Files\\Google\\Chrome\\Application\\chrome.exe,"\""C:\\Program Files\\Google\\Chrome\\Application\\chrome.exe\""",,"""Process Create:
RuleName: -
UtcTime: 2025-12-02 16:32:56.433
ProcessGuid: {8206e0bc-14b8-692f-790a-000000000f00}
ProcessId: 7804
Image: C:\Program Files\Google\Chrome\Application\chrome.exe
FileVersion: 142.0.7444.176
Description: Google Chrome
Product: Google Chrome
Company: Google LLC
OriginalFileName: chrome.exe
CommandLine: ""C:\Program Files\Google\Chrome\Application\chrome.exe"" 
CurrentDirectory: C:\Program Files\Google\Chrome\Application\
User: SOC\duser
LogonGuid: {8206e0bc-3b7a-6928-2d46-ad0000000000}
LogonId: 0xAD462D
TerminalSessionId: 1
IntegrityLevel: Medium
Hashes: MD5=F0B123ABEAEB45AB8837F2372C655B60,SHA256=3C2189DA86FB4F981CB15D4FA74BB5CC0A7096EBAE40274D1C113B2E3291DABC,IMPHASH=3E82AE93B8102462DDA81604AF164E8E
ParentProcessGuid: {8206e0bc-5a72-6928-fa08-000000000f00}
ParentProcessId: 3472
ParentImage: C:\Windows\explorer.exe
ParentCommandLine: ""C:\Windows\explorer.exe"" /LOADSAVEDWINDOWS
ParentUser: SOC\duser""",3,wazuh,0
2025-12-02 16:32:54.479000+00:00,SocWinEP,4688,,,,"""A new process has been created.

Creator Subject:
	Security ID:		S-1-5-21-3631167090-248966842-2655285490-1106
	Account Name:		duser
	Account Domain:		SOC
	Logon ID:		0xAD462D

Target Subject:
	Security ID:		S-1-0-0
	Account Name:		-
	Account Domain:		-
	Logon ID:		0x0

Process Information:
	New Process ID:		0x1e7c
	New Process Name:	C:\Program Files\Google\Chrome\Application\chrome.exe
	Token Elevation Type:	%%1936
	Mandatory Label:		S-1-16-8192
	Creator Process ID:	0xd90
	Creator Process Name:	C:\Windows\explorer.exe
	Process Command Line:	

Token Elevation Type indicates the type of token that was assigned to the new process in accordance with User Account Control policy.

Type 1 is a full token with no privileges removed or groups disabled.  A full token is only used if User Account Control is disabled or if the user is the built-in Administrator account or a service account.

Type 2 is an elevated token with no privileges removed or groups disabled.  An elevated token is used when User Account Control is enabled and the user chooses to start the program using Run as administrator.  An elevated token is also used when an application is configured to always require administrative privilege or to always require maximum privilege, and the user is a member of the Administrators group.

Type 3 is a limited token with administrative privileges removed and administrative groups disabled.  The limited token is used when User Account Control is enabled, the application does not require administrative privilege, and the user does not choose to start the program using Run as administrator.""",3,wazuh,0
2025-12-02 16:32:54.497000+00:00,SocWinEP,4688,,,,"""A new process has been created.

Creator Subject:
	Security ID:		S-1-5-21-3631167090-248966842-2655285490-1106
	Account Name:		duser
	Account Domain:		SOC
	Logon ID:		0xAD462D

Target Subject:
	Security ID:		S-1-0-0
	Account Name:		-
	Account Domain:		-
	Logon ID:		0x0

Process Information:
	New Process ID:		0x1970
	New Process Name:	C:\Program Files\Google\Chrome\Application\chrome.exe
	Token Elevation Type:	%%1936
	Mandatory Label:		S-1-16-8192
	Creator Process ID:	0x1e7c
	Creator Process Name:	C:\Program Files\Google\Chrome\Application\chrome.exe
	Process Command Line:	

Token Elevation Type indicates the type of token that was assigned to the new process in accordance with User Account Control policy.

Type 1 is a full token with no privileges removed or groups disabled.  A full token is only used if User Account Control is disabled or if the user is the built-in Administrator account or a service account.

Type 2 is an elevated token with no privileges removed or groups disabled.  An elevated token is used when User Account Control is enabled and the user chooses to start the program using Run as administrator.  An elevated token is also used when an application is configured to always require administrative privilege or to always require maximum privilege, and the user is a member of the Administrators group.

Type 3 is a limited token with administrative privileges removed and administrative groups disabled.  The limited token is used when User Account Control is enabled, the application does not require administrative privilege, and the user does not choose to start the program using Run as administrator.""",3,wazuh,0
2025-12-02 16:32:54.624000+00:00,SocWinEP,4688,,,,"""A new process has been created.

Creator Subject:
	Security ID:		S-1-5-21-3631167090-248966842-2655285490-1106
	Account Name:		duser
	Account Domain:		SOC
	Logon ID:		0xAD462D

Target Subject:
	Security ID:		S-1-0-0
	Account Name:		-
	Account Domain:		-
	Logon ID:		0x0

Process Information:
	New Process ID:		0x18f4
	New Process Name:	C:\Program Files\Google\Chrome\Application\chrome.exe
	Token Elevation Type:	%%1936
	Mandatory Label:		S-1-16-8192
	Creator Process ID:	0x1e7c
	Creator Process Name:	C:\Program Files\Google\Chrome\Application\chrome.exe
	Process Command Line:	

Token Elevation Type indicates the type of token that was assigned to the new process in accordance with User Account Control policy.

Type 1 is a full token with no privileges removed or groups disabled.  A full token is only used if User Account Control is disabled or if the user is the built-in Administrator account or a service account.

Type 2 is an elevated token with no privileges removed or groups disabled.  An elevated token is used when User Account Control is enabled and the user chooses to start the program using Run as administrator.  An elevated token is also used when an application is configured to always require administrative privilege or to always require maximum privilege, and the user is a member of the Administrators group.

Type 3 is a limited token with administrative privileges removed and administrative groups disabled.  The limited token is used when User Account Control is enabled, the application does not require administrative privilege, and the user does not choose to start the program using Run as administrator.""",3,wazuh,0
2025-12-02 16:32:54.656000+00:00,SocWinEP,4688,,,,"""A new process has been created.

Creator Subject:
	Security ID:		S-1-5-21-3631167090-248966842-2655285490-1106
	Account Name:		duser
	Account Domain:		SOC
	Logon ID:		0xAD462D

Target Subject:
	Security ID:		S-1-0-0
	Account Name:		-
	Account Domain:		-
	Logon ID:		0x0

Process Information:
	New Process ID:		0x1900
	New Process Name:	C:\Program Files\Google\Chrome\Application\chrome.exe
	Token Elevation Type:	%%1936
	Mandatory Label:		S-1-16-4096
	Creator Process ID:	0x1e7c
	Creator Process Name:	C:\Program Files\Google\Chrome\Application\chrome.exe
	Process Command Line:	

Token Elevation Type indicates the type of token that was assigned to the new process in accordance with User Account Control policy.

Type 1 is a full token with no privileges removed or groups disabled.  A full token is only used if User Account Control is disabled or if the user is the built-in Administrator account or a service account.

Type 2 is an elevated token with no privileges removed or groups disabled.  An elevated token is used when User Account Control is enabled and the user chooses to start the program using Run as administrator.  An elevated token is also used when an application is configured to always require administrative privilege or to always require maximum privilege, and the user is a member of the Administrators group.

Type 3 is a limited token with administrative privileges removed and administrative groups disabled.  The limited token is used when User Account Control is enabled, the application does not require administrative privilege, and the user does not choose to start the program using Run as administrator.""",3,wazuh,0
2025-12-02 16:32:54.656000+00:00,SocWinEP,4688,,,,"""A new process has been created.

Creator Subject:
	Security ID:		S-1-5-21-3631167090-248966842-2655285490-1106
	Account Name:		duser
	Account Domain:		SOC
	Logon ID:		0xAD462D

Target Subject:
	Security ID:		S-1-0-0
	Account Name:		-
	Account Domain:		-
	Logon ID:		0x0

Process Information:
	New Process ID:		0x1db0
	New Process Name:	C:\Program Files\Google\Chrome\Application\chrome.exe
	Token Elevation Type:	%%1936
	Mandatory Label:		S-1-16-4096
	Creator Process ID:	0x1e7c
	Creator Process Name:	C:\Program Files\Google\Chrome\Application\chrome.exe
	Process Command Line:	

Token Elevation Type indicates the type of token that was assigned to the new process in accordance with User Account Control policy.

Type 1 is a full token with no privileges removed or groups disabled.  A full token is only used if User Account Control is disabled or if the user is the built-in Administrator account or a service account.

Type 2 is an elevated token with no privileges removed or groups disabled.  An elevated token is used when User Account Control is enabled and the user chooses to start the program using Run as administrator.  An elevated token is also used when an application is configured to always require administrative privilege or to always require maximum privilege, and the user is a member of the Administrators group.

Type 3 is a limited token with administrative privileges removed and administrative groups disabled.  The limited token is used when User Account Control is enabled, the application does not require administrative privilege, and the user does not choose to start the program using Run as administrator.""",3,wazuh,0
2025-12-02 16:32:54.671000+00:00,SocWinEP,1,C:\\Program Files\\Google\\Chrome\\Application\\142.0.7444.176\\elevation_service.exe,"\""C:\\Program Files\\Google\\Chrome\\Application\\142.0.7444.176\\elevation_service.exe\""",,"""Process Create:
RuleName: -
UtcTime: 2025-12-02 16:32:56.939
ProcessGuid: {8206e0bc-14b8-692f-7e0a-000000000f00}
ProcessId: 7392
Image: C:\Program Files\Google\Chrome\Application\142.0.7444.176\elevation_service.exe
FileVersion: 142.0.7444.176
Description: Google Chrome
Product: Google Chrome
Company: Google LLC
OriginalFileName: elevation_service.exe
CommandLine: ""C:\Program Files\Google\Chrome\Application\142.0.7444.176\elevation_service.exe""
CurrentDirectory: C:\Windows\system32\
User: NT AUTHORITY\SYSTEM
LogonGuid: {8206e0bc-6167-6913-e703-000000000000}
LogonId: 0x3E7
TerminalSessionId: 0
IntegrityLevel: System
Hashes: MD5=9830C18848C498C96BBE02306E6EFE7A,SHA256=2462A601E23F62C08EF4CCAD1632E2AB7422991BD30FD017B6CB5380E16E2E62,IMPHASH=BADDB99E5A5F2D2B344E8EE7A86B732D
ParentProcessGuid: {8206e0bc-6167-6913-0a00-000000000f00}
ParentProcessId: 604
ParentImage: C:\Windows\System32\services.exe
ParentCommandLine: C:\Windows\system32\services.exe
ParentUser: NT AUTHORITY\SYSTEM""",3,wazuh,0
2025-12-02 16:32:54.917000+00:00,SocWinEP,4688,,,,"""A new process has been created.

Creator Subject:
	Security ID:		S-1-5-18
	Account Name:		SOCWINEP$
	Account Domain:		SOC
	Logon ID:		0x3E7

Target Subject:
	Security ID:		S-1-0-0
	Account Name:		-
	Account Domain:		-
	Logon ID:		0x0

Process Information:
	New Process ID:		0x1ce0
	New Process Name:	C:\Program Files\Google\Chrome\Application\142.0.7444.176\elevation_service.exe
	Token Elevation Type:	%%1936
	Mandatory Label:		S-1-16-16384
	Creator Process ID:	0x25c
	Creator Process Name:	C:\Windows\System32\services.exe
	Process Command Line:	

Token Elevation Type indicates the type of token that was assigned to the new process in accordance with User Account Control policy.

Type 1 is a full token with no privileges removed or groups disabled.  A full token is only used if User Account Control is disabled or if the user is the built-in Administrator account or a service account.

Type 2 is an elevated token with no privileges removed or groups disabled.  An elevated token is used when User Account Control is enabled and the user chooses to start the program using Run as administrator.  An elevated token is also used when an application is configured to always require administrative privilege or to always require maximum privilege, and the user is a member of the Administrators group.

Type 3 is a limited token with administrative privileges removed and administrative groups disabled.  The limited token is used when User Account Control is enabled, the application does not require administrative privilege, and the user does not choose to start the program using Run as administrator.""",3,wazuh,0
2025-12-02 16:32:54.917000+00:00,SocWinEP,4688,,,,"""A new process has been created.

Creator Subject:
	Security ID:		S-1-5-21-3631167090-248966842-2655285490-1106
	Account Name:		duser
	Account Domain:		SOC
	Logon ID:		0xAD462D

Target Subject:
	Security ID:		S-1-0-0
	Account Name:		-
	Account Domain:		-
	Logon ID:		0x0

Process Information:
	New Process ID:		0x2088
	New Process Name:	C:\Program Files\Google\Chrome\Application\chrome.exe
	Token Elevation Type:	%%1936
	Mandatory Label:		S-1-16-4096
	Creator Process ID:	0x1e7c
	Creator Process Name:	C:\Program Files\Google\Chrome\Application\chrome.exe
	Process Command Line:	

Token Elevation Type indicates the type of token that was assigned to the new process in accordance with User Account Control policy.

Type 1 is a full token with no privileges removed or groups disabled.  A full token is only used if User Account Control is disabled or if the user is the built-in Administrator account or a service account.

Type 2 is an elevated token with no privileges removed or groups disabled.  An elevated token is used when User Account Control is enabled and the user chooses to start the program using Run as administrator.  An elevated token is also used when an application is configured to always require administrative privilege or to always require maximum privilege, and the user is a member of the Administrators group.

Type 3 is a limited token with administrative privileges removed and administrative groups disabled.  The limited token is used when User Account Control is enabled, the application does not require administrative privilege, and the user does not choose to start the program using Run as administrator.""",3,wazuh,0
2025-12-02 16:32:54.932000+00:00,SocWinEP,4688,,,,"""A new process has been created.

Creator Subject:
	Security ID:		S-1-5-21-3631167090-248966842-2655285490-1106
	Account Name:		duser
	Account Domain:		SOC
	Logon ID:		0xAD462D

Target Subject:
	Security ID:		S-1-0-0
	Account Name:		-
	Account Domain:		-
	Logon ID:		0x0

Process Information:
	New Process ID:		0x1dfc
	New Process Name:	C:\Program Files\Google\Chrome\Application\chrome.exe
	Token Elevation Type:	%%1936
	Mandatory Label:		S-1-16-4096
	Creator Process ID:	0x1e7c
	Creator Process Name:	C:\Program Files\Google\Chrome\Application\chrome.exe
	Process Command Line:	

Token Elevation Type indicates the type of token that was assigned to the new process in accordance with User Account Control policy.

Type 1 is a full token with no privileges removed or groups disabled.  A full token is only used if User Account Control is disabled or if the user is the built-in Administrator account or a service account.

Type 2 is an elevated token with no privileges removed or groups disabled.  An elevated token is used when User Account Control is enabled and the user chooses to start the program using Run as administrator.  An elevated token is also used when an application is configured to always require administrative privilege or to always require maximum privilege, and the user is a member of the Administrators group.

Type 3 is a limited token with administrative privileges removed and administrative groups disabled.  The limited token is used when User Account Control is enabled, the application does not require administrative privilege, and the user does not choose to start the program using Run as administrator.""",3,wazuh,0
2025-12-02 16:32:54.965000+00:00,SocWinEP,4688,,,,"""A new process has been created.

Creator Subject:
	Security ID:		S-1-5-21-3631167090-248966842-2655285490-1106
	Account Name:		duser
	Account Domain:		SOC
	Logon ID:		0xAD462D

Target Subject:
	Security ID:		S-1-0-0
	Account Name:		-
	Account Domain:		-
	Logon ID:		0x0

Process Information:
	New Process ID:		0x24dc
	New Process Name:	C:\Program Files\Google\Chrome\Application\chrome.exe
	Token Elevation Type:	%%1936
	Mandatory Label:		S-1-16-4096
	Creator Process ID:	0x1e7c
	Creator Process Name:	C:\Program Files\Google\Chrome\Application\chrome.exe
	Process Command Line:	

Token Elevation Type indicates the type of token that was assigned to the new process in accordance with User Account Control policy.

Type 1 is a full token with no privileges removed or groups disabled.  A full token is only used if User Account Control is disabled or if the user is the built-in Administrator account or a service account.

Type 2 is an elevated token with no privileges removed or groups disabled.  An elevated token is used when User Account Control is enabled and the user chooses to start the program using Run as administrator.  An elevated token is also used when an application is configured to always require administrative privilege or to always require maximum privilege, and the user is a member of the Administrators group.

Type 3 is a limited token with administrative privileges removed and administrative groups disabled.  The limited token is used when User Account Control is enabled, the application does not require administrative privilege, and the user does not choose to start the program using Run as administrator.""",3,wazuh,0
2025-12-02 16:32:55.428000+00:00,SocWinEP,4688,,,,"""A new process has been created.

Creator Subject:
	Security ID:		S-1-5-21-3631167090-248966842-2655285490-1106
	Account Name:		duser
	Account Domain:		SOC
	Logon ID:		0xAD462D

Target Subject:
	Security ID:		S-1-0-0
	Account Name:		-
	Account Domain:		-
	Logon ID:		0x0

Process Information:
	New Process ID:		0x1370
	New Process Name:	C:\Program Files\Google\Chrome\Application\chrome.exe
	Token Elevation Type:	%%1936
	Mandatory Label:		S-1-16-4096
	Creator Process ID:	0x1e7c
	Creator Process Name:	C:\Program Files\Google\Chrome\Application\chrome.exe
	Process Command Line:	

Token Elevation Type indicates the type of token that was assigned to the new process in accordance with User Account Control policy.

Type 1 is a full token with no privileges removed or groups disabled.  A full token is only used if User Account Control is disabled or if the user is the built-in Administrator account or a service account.

Type 2 is an elevated token with no privileges removed or groups disabled.  An elevated token is used when User Account Control is enabled and the user chooses to start the program using Run as administrator.  An elevated token is also used when an application is configured to always require administrative privilege or to always require maximum privilege, and the user is a member of the Administrators group.

Type 3 is a limited token with administrative privileges removed and administrative groups disabled.  The limited token is used when User Account Control is enabled, the application does not require administrative privilege, and the user does not choose to start the program using Run as administrator.""",3,wazuh,0
2025-12-02 16:32:55.668000+00:00,SocWinEP,22,C:\\Program Files\\Google\\Chrome\\Application\\chrome.exe,,,"""Dns query:
RuleName: -
UtcTime: 2025-12-02 16:32:57.598
ProcessGuid: {8206e0bc-14b8-692f-7b0a-000000000f00}
ProcessId: 6388
QueryName: wpad
QueryStatus: 9003
QueryResults: -
Image: C:\Program Files\Google\Chrome\Application\chrome.exe
User: SOC\duser""",3,wazuh,0
2025-12-02 16:32:57.335000+00:00,SocWinEP,4688,,,,"""A new process has been created.

Creator Subject:
	Security ID:		S-1-5-18
	Account Name:		SOCWINEP$
	Account Domain:		SOC
	Logon ID:		0x3E7

Target Subject:
	Security ID:		S-1-5-21-3631167090-248966842-2655285490-1106
	Account Name:		duser
	Account Domain:		SOC
	Logon ID:		0xAD462D

Process Information:
	New Process ID:		0x22f0
	New Process Name:	C:\Program Files\WindowsApps\Microsoft.XboxGamingOverlay_7.325.10021.0_x64__8wekyb3d8bbwe\GameBar.exe
	Token Elevation Type:	%%1936
	Mandatory Label:		S-1-16-4096
	Creator Process ID:	0x2f8
	Creator Process Name:	C:\Windows\System32\svchost.exe
	Process Command Line:	

Token Elevation Type indicates the type of token that was assigned to the new process in accordance with User Account Control policy.

Type 1 is a full token with no privileges removed or groups disabled.  A full token is only used if User Account Control is disabled or if the user is the built-in Administrator account or a service account.

Type 2 is an elevated token with no privileges removed or groups disabled.  An elevated token is used when User Account Control is enabled and the user chooses to start the program using Run as administrator.  An elevated token is also used when an application is configured to always require administrative privilege or to always require maximum privilege, and the user is a member of the Administrators group.

Type 3 is a limited token with administrative privileges removed and administrative groups disabled.  The limited token is used when User Account Control is enabled, the application does not require administrative privilege, and the user does not choose to start the program using Run as administrator.""",3,wazuh,0
2025-12-02 16:32:57.347000+00:00,SocWinEP,4673,,,,"""A privileged service was called.

Subject:
	Security ID:		S-1-5-21-3631167090-248966842-2655285490-1106
	Account Name:		duser
	Account Domain:		SOC
	Logon ID:		0xAD462D

Service:
	Server:	Security
	Service Name:	-

Process:
	Process ID:	0x22f0
	Process Name:	C:\Program Files\WindowsApps\Microsoft.XboxGamingOverlay_7.325.10021.0_x64__8wekyb3d8bbwe\GameBar.exe

Service Request Information:
	Privileges:		SeProfileSingleProcessPrivilege""",4,wazuh,0
2025-12-02 16:32:57.362000+00:00,SocWinEP,4688,,,,"""A new process has been created.

Creator Subject:
	Security ID:		S-1-5-18
	Account Name:		SOCWINEP$
	Account Domain:		SOC
	Logon ID:		0x3E7

Target Subject:
	Security ID:		S-1-5-21-3631167090-248966842-2655285490-1106
	Account Name:		duser
	Account Domain:		SOC
	Logon ID:		0xAD462D

Process Information:
	New Process ID:		0x2bb0
	New Process Name:	C:\Program Files\WindowsApps\Microsoft.XboxGamingOverlay_7.325.10021.0_x64__8wekyb3d8bbwe\GameBarFTServer.exe
	Token Elevation Type:	%%1936
	Mandatory Label:		S-1-16-8192
	Creator Process ID:	0x2f8
	Creator Process Name:	C:\Windows\System32\svchost.exe
	Process Command Line:	

Token Elevation Type indicates the type of token that was assigned to the new process in accordance with User Account Control policy.

Type 1 is a full token with no privileges removed or groups disabled.  A full token is only used if User Account Control is disabled or if the user is the built-in Administrator account or a service account.

Type 2 is an elevated token with no privileges removed or groups disabled.  An elevated token is used when User Account Control is enabled and the user chooses to start the program using Run as administrator.  An elevated token is also used when an application is configured to always require administrative privilege or to always require maximum privilege, and the user is a member of the Administrators group.

Type 3 is a limited token with administrative privileges removed and administrative groups disabled.  The limited token is used when User Account Control is enabled, the application does not require administrative privilege, and the user does not choose to start the program using Run as administrator.""",3,wazuh,0
2025-12-02 16:32:57.391000+00:00,SocWinEP,4688,,,,"""A new process has been created.

Creator Subject:
	Security ID:		S-1-5-18
	Account Name:		SOCWINEP$
	Account Domain:		SOC
	Logon ID:		0x3E7

Target Subject:
	Security ID:		S-1-5-21-3631167090-248966842-2655285490-1106
	Account Name:		duser
	Account Domain:		SOC
	Logon ID:		0xAD462D

Process Information:
	New Process ID:		0x2644
	New Process Name:	C:\Windows\System32\svchost.exe
	Token Elevation Type:	%%1936
	Mandatory Label:		S-1-16-8192
	Creator Process ID:	0x25c
	Creator Process Name:	C:\Windows\System32\services.exe
	Process Command Line:	

Token Elevation Type indicates the type of token that was assigned to the new process in accordance with User Account Control policy.

Type 1 is a full token with no privileges removed or groups disabled.  A full token is only used if User Account Control is disabled or if the user is the built-in Administrator account or a service account.

Type 2 is an elevated token with no privileges removed or groups disabled.  An elevated token is used when User Account Control is enabled and the user chooses to start the program using Run as administrator.  An elevated token is also used when an application is configured to always require administrative privilege or to always require maximum privilege, and the user is a member of the Administrators group.

Type 3 is a limited token with administrative privileges removed and administrative groups disabled.  The limited token is used when User Account Control is enabled, the application does not require administrative privilege, and the user does not choose to start the program using Run as administrator.""",3,wazuh,0
2025-12-02 16:32:57.398000+00:00,SocWinEP,4688,,,,"""A new process has been created.

Creator Subject:
	Security ID:		S-1-5-18
	Account Name:		SOCWINEP$
	Account Domain:		SOC
	Logon ID:		0x3E7

Target Subject:
	Security ID:		S-1-5-21-3631167090-248966842-2655285490-1106
	Account Name:		duser
	Account Domain:		SOC
	Logon ID:		0xAD462D

Process Information:
	New Process ID:		0x2c20
	New Process Name:	C:\Windows\System32\RuntimeBroker.exe
	Token Elevation Type:	%%1936
	Mandatory Label:		S-1-16-8192
	Creator Process ID:	0x2f8
	Creator Process Name:	C:\Windows\System32\svchost.exe
	Process Command Line:	

Token Elevation Type indicates the type of token that was assigned to the new process in accordance with User Account Control policy.

Type 1 is a full token with no privileges removed or groups disabled.  A full token is only used if User Account Control is disabled or if the user is the built-in Administrator account or a service account.

Type 2 is an elevated token with no privileges removed or groups disabled.  An elevated token is used when User Account Control is enabled and the user chooses to start the program using Run as administrator.  An elevated token is also used when an application is configured to always require administrative privilege or to always require maximum privilege, and the user is a member of the Administrators group.

Type 3 is a limited token with administrative privileges removed and administrative groups disabled.  The limited token is used when User Account Control is enabled, the application does not require administrative privilege, and the user does not choose to start the program using Run as administrator.""",3,wazuh,0
2025-12-02 16:32:57.460000+00:00,SocWinEP,4673,,,,"""A privileged service was called.

Subject:
	Security ID:		S-1-5-21-3631167090-248966842-2655285490-1106
	Account Name:		duser
	Account Domain:		SOC
	Logon ID:		0xAD462D

Service:
	Server:	Security
	Service Name:	-

Process:
	Process ID:	0x2bb0
	Process Name:	C:\Program Files\WindowsApps\Microsoft.XboxGamingOverlay_7.325.10021.0_x64__8wekyb3d8bbwe\GameBarFTServer.exe

Service Request Information:
	Privileges:		SeProfileSingleProcessPrivilege""",4,wazuh,0
2025-12-02 16:32:57.662000+00:00,SocWinEP,22,C:\\Windows\\System32\\BackgroundTransferHost.exe,,,"""Dns query:
RuleName: -
UtcTime: 2025-12-02 16:32:59.870
ProcessGuid: {8206e0bc-14ac-692f-770a-000000000f00}
ProcessId: 7748
QueryName: tse1.mm.bing.net
QueryStatus: 0
QueryResults: type:  5 mm-mm.bing.net.trafficmanager.net;type:  5 ax-0001.ax-msedge.net;::ffff:150.171.27.10;::ffff:150.171.28.10;
Image: C:\Windows\System32\BackgroundTransferHost.exe
User: SOC\duser""",3,wazuh,0
2025-12-02 16:32:57.663000+00:00,SocWinEP,1,C:\\Program Files\\WindowsApps\\Microsoft.XboxGamingOverlay_7.325.10021.0_x64__8wekyb3d8bbwe\\GameBarFTServer.exe,"\""C:\\Program Files\\WindowsApps\\Microsoft.XboxGamingOverlay_7.325.10021.0_x64__8wekyb3d8bbwe\\GameBarFTServer.exe\"" -Embedding",,"""Process Create:
RuleName: -
UtcTime: 2025-12-02 16:33:00.152
ProcessGuid: {8206e0bc-14bc-692f-840a-000000000f00}
ProcessId: 11184
Image: C:\Program Files\WindowsApps\Microsoft.XboxGamingOverlay_7.325.10021.0_x64__8wekyb3d8bbwe\GameBarFTServer.exe
FileVersion: 7.325.10021.0
Description: Game Bar Full Trust COM Server
Product: Game Bar
Company: Microsoft Corporation
OriginalFileName: GameBarFTServer.exe
CommandLine: ""C:\Program Files\WindowsApps\Microsoft.XboxGamingOverlay_7.325.10021.0_x64__8wekyb3d8bbwe\GameBarFTServer.exe"" -Embedding
CurrentDirectory: C:\Windows\system32\
User: SOC\duser
LogonGuid: {8206e0bc-3b7a-6928-2d46-ad0000000000}
LogonId: 0xAD462D
TerminalSessionId: 1
IntegrityLevel: Medium
Hashes: MD5=EE25AFE3A5DF4BBF980AD2944CC0684F,SHA256=3FDD55C06EC54B4617BB3FA8AFD501B0DBF938DB6C5C47B53B7EABA9182A444C,IMPHASH=0D57ACF15F2E82D6D8E492933F48FB42
ParentProcessGuid: {8206e0bc-6167-6913-0d00-000000000f00}
ParentProcessId: 760
ParentImage: C:\Windows\System32\svchost.exe
ParentCommandLine: C:\Windows\system32\svchost.exe -k DcomLaunch -p
ParentUser: NT AUTHORITY\SYSTEM""",3,wazuh,0
2025-12-02 16:32:58.758000+00:00,SocWinEP,4688,,,,"""A new process has been created.

Creator Subject:
	Security ID:		S-1-5-18
	Account Name:		SOCWINEP$
	Account Domain:		SOC
	Logon ID:		0x3E7

Target Subject:
	Security ID:		S-1-5-21-3631167090-248966842-2655285490-1106
	Account Name:		duser
	Account Domain:		SOC
	Logon ID:		0xAD462D

Process Information:
	New Process ID:		0x2684
	New Process Name:	C:\Windows\System32\BackgroundTransferHost.exe
	Token Elevation Type:	%%1936
	Mandatory Label:		S-1-16-4096
	Creator Process ID:	0x2f8
	Creator Process Name:	C:\Windows\System32\svchost.exe
	Process Command Line:	

Token Elevation Type indicates the type of token that was assigned to the new process in accordance with User Account Control policy.

Type 1 is a full token with no privileges removed or groups disabled.  A full token is only used if User Account Control is disabled or if the user is the built-in Administrator account or a service account.

Type 2 is an elevated token with no privileges removed or groups disabled.  An elevated token is used when User Account Control is enabled and the user chooses to start the program using Run as administrator.  An elevated token is also used when an application is configured to always require administrative privilege or to always require maximum privilege, and the user is a member of the Administrators group.

Type 3 is a limited token with administrative privileges removed and administrative groups disabled.  The limited token is used when User Account Control is enabled, the application does not require administrative privilege, and the user does not choose to start the program using Run as administrator.""",3,wazuh,0
2025-12-02 16:32:58.773000+00:00,SocWinEP,4673,,,,"""A privileged service was called.

Subject:
	Security ID:		S-1-5-21-3631167090-248966842-2655285490-1106
	Account Name:		duser
	Account Domain:		SOC
	Logon ID:		0xAD462D

Service:
	Server:	Security
	Service Name:	-

Process:
	Process ID:	0x2684
	Process Name:	C:\Windows\System32\BackgroundTransferHost.exe

Service Request Information:
	Privileges:		SeProfileSingleProcessPrivilege""",4,wazuh,0
2025-12-02 16:32:58.793000+00:00,SocWinEP,4688,,,,"""A new process has been created.

Creator Subject:
	Security ID:		S-1-5-21-3631167090-248966842-2655285490-1106
	Account Name:		duser
	Account Domain:		SOC
	Logon ID:		0xAD462D

Target Subject:
	Security ID:		S-1-0-0
	Account Name:		-
	Account Domain:		-
	Logon ID:		0x0

Process Information:
	New Process ID:		0x1508
	New Process Name:	C:\Program Files\Google\Chrome\Application\chrome.exe
	Token Elevation Type:	%%1936
	Mandatory Label:		S-1-16-4096
	Creator Process ID:	0x1e7c
	Creator Process Name:	C:\Program Files\Google\Chrome\Application\chrome.exe
	Process Command Line:	

Token Elevation Type indicates the type of token that was assigned to the new process in accordance with User Account Control policy.

Type 1 is a full token with no privileges removed or groups disabled.  A full token is only used if User Account Control is disabled or if the user is the built-in Administrator account or a service account.

Type 2 is an elevated token with no privileges removed or groups disabled.  An elevated token is used when User Account Control is enabled and the user chooses to start the program using Run as administrator.  An elevated token is also used when an application is configured to always require administrative privilege or to always require maximum privilege, and the user is a member of the Administrators group.

Type 3 is a limited token with administrative privileges removed and administrative groups disabled.  The limited token is used when User Account Control is enabled, the application does not require administrative privilege, and the user does not choose to start the program using Run as administrator.""",3,wazuh,0
2025-12-02 16:32:58.832000+00:00,SocWinEP,4688,,,,"""A new process has been created.

Creator Subject:
	Security ID:		S-1-5-21-3631167090-248966842-2655285490-1106
	Account Name:		duser
	Account Domain:		SOC
	Logon ID:		0xAD462D

Target Subject:
	Security ID:		S-1-0-0
	Account Name:		-
	Account Domain:		-
	Logon ID:		0x0

Process Information:
	New Process ID:		0xb0c
	New Process Name:	C:\Program Files (x86)\Microsoft\Edge\Application\msedge.exe
	Token Elevation Type:	%%1936
	Mandatory Label:		S-1-16-8192
	Creator Process ID:	0xd90
	Creator Process Name:	C:\Windows\explorer.exe
	Process Command Line:	

Token Elevation Type indicates the type of token that was assigned to the new process in accordance with User Account Control policy.

Type 1 is a full token with no privileges removed or groups disabled.  A full token is only used if User Account Control is disabled or if the user is the built-in Administrator account or a service account.

Type 2 is an elevated token with no privileges removed or groups disabled.  An elevated token is used when User Account Control is enabled and the user chooses to start the program using Run as administrator.  An elevated token is also used when an application is configured to always require administrative privilege or to always require maximum privilege, and the user is a member of the Administrators group.

Type 3 is a limited token with administrative privileges removed and administrative groups disabled.  The limited token is used when User Account Control is enabled, the application does not require administrative privilege, and the user does not choose to start the program using Run as administrator.""",3,wazuh,0
2025-12-02 16:32:58.973000+00:00,SocWinEP,4688,,,,"""A new process has been created.

Creator Subject:
	Security ID:		S-1-5-21-3631167090-248966842-2655285490-1106
	Account Name:		duser
	Account Domain:		SOC
	Logon ID:		0xAD462D

Target Subject:
	Security ID:		S-1-0-0
	Account Name:		-
	Account Domain:		-
	Logon ID:		0x0

Process Information:
	New Process ID:		0x20b4
	New Process Name:	C:\Program Files (x86)\Microsoft\Edge\Application\msedge.exe
	Token Elevation Type:	%%1936
	Mandatory Label:		S-1-16-8192
	Creator Process ID:	0xb0c
	Creator Process Name:	C:\Program Files (x86)\Microsoft\Edge\Application\msedge.exe
	Process Command Line:	

Token Elevation Type indicates the type of token that was assigned to the new process in accordance with User Account Control policy.

Type 1 is a full token with no privileges removed or groups disabled.  A full token is only used if User Account Control is disabled or if the user is the built-in Administrator account or a service account.

Type 2 is an elevated token with no privileges removed or groups disabled.  An elevated token is used when User Account Control is enabled and the user chooses to start the program using Run as administrator.  An elevated token is also used when an application is configured to always require administrative privilege or to always require maximum privilege, and the user is a member of the Administrators group.

Type 3 is a limited token with administrative privileges removed and administrative groups disabled.  The limited token is used when User Account Control is enabled, the application does not require administrative privilege, and the user does not choose to start the program using Run as administrator.""",3,wazuh,0
2025-12-02 16:32:59.068000+00:00,SocWinEP,4688,,,,"""A new process has been created.

Creator Subject:
	Security ID:		S-1-5-21-3631167090-248966842-2655285490-1106
	Account Name:		duser
	Account Domain:		SOC
	Logon ID:		0xAD462D

Target Subject:
	Security ID:		S-1-0-0
	Account Name:		-
