	Account Domain:		SOC
	Logon ID:		0xAD462D

Service:
	Server:	Security
	Service Name:	-

Process:
	Process ID:	0x2044
	Process Name:	C:\Users\duser\AppData\Local\Microsoft\OneDrive\OneDrive.exe

Service Request Information:
	Privileges:		SeProfileSingleProcessPrivilege""",4,wazuh,0
2025-12-02 16:31:34.454000+00:00,SocWinEP,1,C:\\Users\\duser\\AppData\\Local\\Microsoft\\OneDrive\\25.174.0907.0003\\FileCoAuth.exe,"\""C:\\Users\\duser\\AppData\\Local\\Microsoft\\OneDrive\\25.174.0907.0003\\FileCoAuth.exe\"" -Embedding",,"""Process Create:
RuleName: -
UtcTime: 2025-12-02 16:31:27.017
ProcessGuid: {8206e0bc-145f-692f-5c09-000000000f00}
ProcessId: 8300
Image: C:\Users\duser\AppData\Local\Microsoft\OneDrive\25.174.0907.0003\FileCoAuth.exe
FileVersion: 25.174.0907.0003
Description: Microsoft OneDriveFile Co-Authoring Executable
Product: Microsoft OneDrive
Company: Microsoft Corporation
OriginalFileName: FileCoAuth.exe
CommandLine: ""C:\Users\duser\AppData\Local\Microsoft\OneDrive\25.174.0907.0003\FileCoAuth.exe"" -Embedding
CurrentDirectory: C:\Windows\system32\
User: SOC\duser
LogonGuid: {8206e0bc-3b7a-6928-2d46-ad0000000000}
LogonId: 0xAD462D
TerminalSessionId: 1
IntegrityLevel: Medium
Hashes: MD5=A9C8D67EA742CBCEF02DC310298CA8DE,SHA256=C6BD11562DB2EE99E43E784F58FB55EA28BC6B6FBFEF07BC9C4E01AD8DB7A96B,IMPHASH=8630F80636590CDBB7C80E389ED3BEC1
ParentProcessGuid: {8206e0bc-6167-6913-0d00-000000000f00}
ParentProcessId: 760
ParentImage: C:\Windows\System32\svchost.exe
ParentCommandLine: C:\Windows\system32\svchost.exe -k DcomLaunch -p
ParentUser: NT AUTHORITY\SYSTEM""",3,wazuh,0
2025-12-02 16:31:34.474000+00:00,SocWinEP,4673,,,,"""A privileged service was called.

Subject:
	Security ID:		S-1-5-21-3631167090-248966842-2655285490-1106
	Account Name:		duser
	Account Domain:		SOC
	Logon ID:		0xAD462D

Service:
	Server:	Security
	Service Name:	-

Process:
	Process ID:	0x2044
	Process Name:	C:\Users\duser\AppData\Local\Microsoft\OneDrive\OneDrive.exe

Service Request Information:
	Privileges:		SeProfileSingleProcessPrivilege""",4,wazuh,0
2025-12-02 16:31:34.493000+00:00,SocWinEP,1,C:\\Windows\\System32\\taskhostw.exe,taskhostw.exe SyncFromCloud,,"""Process Create:
RuleName: -
UtcTime: 2025-12-02 16:31:27.025
ProcessGuid: {8206e0bc-145f-692f-5d09-000000000f00}
ProcessId: 7124
Image: C:\Windows\System32\taskhostw.exe
FileVersion: 10.0.19041.5794 (WinBuild.160101.0800)
Description: Host Process for Windows Tasks
Product: Microsoft® Windows® Operating System
Company: Microsoft Corporation
OriginalFileName: taskhostw.exe
CommandLine: taskhostw.exe SyncFromCloud
CurrentDirectory: C:\Windows\system32\
User: SOC\duser
LogonGuid: {8206e0bc-3b7a-6928-2d46-ad0000000000}
LogonId: 0xAD462D
TerminalSessionId: 1
IntegrityLevel: Medium
Hashes: MD5=D71630DA4364F89F36B47581D4162639,SHA256=4D84D1DB6C572DA841307B814CCF26478429D3A29F304755CE1BAF110E639F64,IMPHASH=3A0C6863CDE566AF997DB2DEFFF9D924
ParentProcessGuid: {8206e0bc-6168-6913-2200-000000000f00}
ParentProcessId: 1412
ParentImage: C:\Windows\System32\svchost.exe
ParentCommandLine: C:\Windows\system32\svchost.exe -k netsvcs -p -s Schedule
ParentUser: NT AUTHORITY\SYSTEM""",3,wazuh,0
2025-12-02 16:31:34.505000+00:00,SocWinEP,4673,,,,"""A privileged service was called.

Subject:
	Security ID:		S-1-5-21-3631167090-248966842-2655285490-1106
	Account Name:		duser
	Account Domain:		SOC
	Logon ID:		0xAD462D

Service:
	Server:	Security
	Service Name:	-

Process:
	Process ID:	0x2044
	Process Name:	C:\Users\duser\AppData\Local\Microsoft\OneDrive\OneDrive.exe

Service Request Information:
	Privileges:		SeProfileSingleProcessPrivilege""",4,wazuh,0
2025-12-02 16:31:34.576000+00:00,SocWinEP,1,C:\\Windows\\SysWOW64\\net.exe,net.exe accounts,,"""Process Create:
RuleName: -
UtcTime: 2025-12-02 16:31:27.092
ProcessGuid: {8206e0bc-145f-692f-5e09-000000000f00}
ProcessId: 7072
Image: C:\Windows\SysWOW64\net.exe
FileVersion: 10.0.19041.1 (WinBuild.160101.0800)
Description: Net Command
Product: Microsoft® Windows® Operating System
Company: Microsoft Corporation
OriginalFileName: net.exe
CommandLine: net.exe accounts
CurrentDirectory: C:\Program Files (x86)\ossec-agent\
User: NT AUTHORITY\SYSTEM
LogonGuid: {8206e0bc-6167-6913-e703-000000000000}
LogonId: 0x3E7
TerminalSessionId: 0
IntegrityLevel: System
Hashes: MD5=31890A7DE89936F922D44D677F681A7F,SHA256=7C4C7725E266F12ABA8C50FD1598D4001201BCA0E7ACA901508307E365AFFF42,IMPHASH=AC592B83B5CAEB41A6F6DF7DB53F9076
ParentProcessGuid: {8206e0bc-6169-6913-4b00-000000000f00}
ParentProcessId: 3008
ParentImage: C:\Program Files (x86)\ossec-agent\wazuh-agent.exe
ParentCommandLine: ""C:\Program Files (x86)\ossec-agent\wazuh-agent.exe""
ParentUser: NT AUTHORITY\SYSTEM""",3,wazuh,0
2025-12-02 16:31:34.584000+00:00,SocWinEP,4673,,,,"""A privileged service was called.

Subject:
	Security ID:		S-1-5-21-3631167090-248966842-2655285490-1106
	Account Name:		duser
	Account Domain:		SOC
	Logon ID:		0xAD462D

Service:
	Server:	Security
	Service Name:	-

Process:
	Process ID:	0x2044
	Process Name:	C:\Users\duser\AppData\Local\Microsoft\OneDrive\OneDrive.exe

Service Request Information:
	Privileges:		SeProfileSingleProcessPrivilege""",4,wazuh,0
2025-12-02 16:31:34.663000+00:00,SocWinEP,4673,,,,"""A privileged service was called.

Subject:
	Security ID:		S-1-5-21-3631167090-248966842-2655285490-1106
	Account Name:		duser
	Account Domain:		SOC
	Logon ID:		0xAD462D

Service:
	Server:	Security
	Service Name:	-

Process:
	Process ID:	0x2044
	Process Name:	C:\Users\duser\AppData\Local\Microsoft\OneDrive\OneDrive.exe

Service Request Information:
	Privileges:		SeProfileSingleProcessPrivilege""",4,wazuh,0
2025-12-02 16:31:34.681000+00:00,SocWinEP,22,C:\\Users\\duser\\AppData\\Local\\Microsoft\\OneDrive\\OneDrive.exe,,,"""Dns query:
RuleName: -
UtcTime: 2025-12-02 16:31:27.628
ProcessGuid: {8206e0bc-3b8c-6928-5905-000000000f00}
ProcessId: 8260
QueryName: ecs.office.com
QueryStatus: 9701
QueryResults: -
Image: C:\Users\duser\AppData\Local\Microsoft\OneDrive\OneDrive.exe
User: SOC\duser""",3,wazuh,0
2025-12-02 16:31:34.711000+00:00,SocWinEP,4688,,,,"""A new process has been created.

Creator Subject:
	Security ID:		S-1-5-18
	Account Name:		SOCWINEP$
	Account Domain:		SOC
	Logon ID:		0x3E7

Target Subject:
	Security ID:		S-1-0-0
	Account Name:		-
	Account Domain:		-
	Logon ID:		0x0

Process Information:
	New Process ID:		0xd84
	New Process Name:	C:\Windows\System32\upfc.exe
	Token Elevation Type:	%%1936
	Mandatory Label:		S-1-16-16384
	Creator Process ID:	0x25c
	Creator Process Name:	C:\Windows\System32\services.exe
	Process Command Line:	

Token Elevation Type indicates the type of token that was assigned to the new process in accordance with User Account Control policy.

Type 1 is a full token with no privileges removed or groups disabled.  A full token is only used if User Account Control is disabled or if the user is the built-in Administrator account or a service account.

Type 2 is an elevated token with no privileges removed or groups disabled.  An elevated token is used when User Account Control is enabled and the user chooses to start the program using Run as administrator.  An elevated token is also used when an application is configured to always require administrative privilege or to always require maximum privilege, and the user is a member of the Administrators group.

Type 3 is a limited token with administrative privileges removed and administrative groups disabled.  The limited token is used when User Account Control is enabled, the application does not require administrative privilege, and the user does not choose to start the program using Run as administrator.""",3,wazuh,0
2025-12-02 16:31:34.723000+00:00,SocWinEP,22,C:\\Windows\\System32\\svchost.exe,,,"""Dns query:
RuleName: -
UtcTime: 2025-12-02 16:31:27.693
ProcessGuid: {8206e0bc-6167-6913-1a00-000000000f00}
ProcessId: 1108
QueryName: soc.lab.local
QueryStatus: 1223
QueryResults: -
Image: C:\Windows\System32\svchost.exe
User: NT AUTHORITY\NETWORK SERVICE""",3,wazuh,0
2025-12-02 16:31:34.739000+00:00,SocWinEP,4688,,,,"""A new process has been created.

Creator Subject:
	Security ID:		S-1-5-18
	Account Name:		SOCWINEP$
	Account Domain:		SOC
	Logon ID:		0x3E7

Target Subject:
	Security ID:		S-1-0-0
	Account Name:		-
	Account Domain:		-
	Logon ID:		0x0

Process Information:
	New Process ID:		0xb8c
	New Process Name:	C:\Program Files\RUXIM\PLUGScheduler.exe
	Token Elevation Type:	%%1936
	Mandatory Label:		S-1-16-16384
	Creator Process ID:	0x584
	Creator Process Name:	C:\Windows\System32\svchost.exe
	Process Command Line:	

Token Elevation Type indicates the type of token that was assigned to the new process in accordance with User Account Control policy.

Type 1 is a full token with no privileges removed or groups disabled.  A full token is only used if User Account Control is disabled or if the user is the built-in Administrator account or a service account.

Type 2 is an elevated token with no privileges removed or groups disabled.  An elevated token is used when User Account Control is enabled and the user chooses to start the program using Run as administrator.  An elevated token is also used when an application is configured to always require administrative privilege or to always require maximum privilege, and the user is a member of the Administrators group.

Type 3 is a limited token with administrative privileges removed and administrative groups disabled.  The limited token is used when User Account Control is enabled, the application does not require administrative privilege, and the user does not choose to start the program using Run as administrator.""",3,wazuh,0
2025-12-02 16:31:34.755000+00:00,SocWinEP,1,C:\\Windows\\System32\\cmd.exe,"C:\\Windows\\system32\\cmd.exe /c \""\""C:\\Program Files\\VMware\\VMware Tools\\resume-vm-default.bat\""\""",,"""Process Create:
RuleName: -
UtcTime: 2025-12-02 16:31:27.556
ProcessGuid: {8206e0bc-145f-692f-5f09-000000000f00}
ProcessId: 7404
Image: C:\Windows\System32\cmd.exe
FileVersion: 10.0.19041.4355 (WinBuild.160101.0800)
Description: Windows Command Processor
Product: Microsoft® Windows® Operating System
Company: Microsoft Corporation
OriginalFileName: Cmd.Exe
CommandLine: C:\Windows\system32\cmd.exe /c """"C:\Program Files\VMware\VMware Tools\resume-vm-default.bat""""
CurrentDirectory: C:\Windows\system32\
User: NT AUTHORITY\SYSTEM
LogonGuid: {8206e0bc-6167-6913-e703-000000000000}
LogonId: 0x3E7
TerminalSessionId: 0
IntegrityLevel: System
Hashes: MD5=2B40C98ED0F7A1D3B091A3E8353132DC,SHA256=BADF4752413CB0CBDC03FB95820CA167F0CDC63B597CCDB5EF43111180E088B0,IMPHASH=272245E2988E1E430500B852C4FB5E18
ParentProcessGuid: {8206e0bc-6169-6913-4a00-000000000f00}
ParentProcessId: 2980
ParentImage: C:\Program Files\VMware\VMware Tools\vmtoolsd.exe
ParentCommandLine: ""C:\Program Files\VMware\VMware Tools\vmtoolsd.exe""
ParentUser: NT AUTHORITY\SYSTEM""",4,wazuh,0
2025-12-02 16:31:34.771000+00:00,SocWinEP,4688,,,,"""A new process has been created.

Creator Subject:
	Security ID:		S-1-5-18
	Account Name:		SOCWINEP$
	Account Domain:		SOC
	Logon ID:		0x3E7

Target Subject:
	Security ID:		S-1-5-21-3631167090-248966842-2655285490-1106
	Account Name:		duser
	Account Domain:		SOC
	Logon ID:		0xAD462D

Process Information:
	New Process ID:		0x206c
	New Process Name:	C:\Users\duser\AppData\Local\Microsoft\OneDrive\25.174.0907.0003\FileCoAuth.exe
	Token Elevation Type:	%%1936
	Mandatory Label:		S-1-16-8192
	Creator Process ID:	0x2f8
	Creator Process Name:	C:\Windows\System32\svchost.exe
	Process Command Line:	

Token Elevation Type indicates the type of token that was assigned to the new process in accordance with User Account Control policy.

Type 1 is a full token with no privileges removed or groups disabled.  A full token is only used if User Account Control is disabled or if the user is the built-in Administrator account or a service account.

Type 2 is an elevated token with no privileges removed or groups disabled.  An elevated token is used when User Account Control is enabled and the user chooses to start the program using Run as administrator.  An elevated token is also used when an application is configured to always require administrative privilege or to always require maximum privilege, and the user is a member of the Administrators group.

Type 3 is a limited token with administrative privileges removed and administrative groups disabled.  The limited token is used when User Account Control is enabled, the application does not require administrative privilege, and the user does not choose to start the program using Run as administrator.""",3,wazuh,0
2025-12-02 16:31:34.787000+00:00,SocWinEP,1,C:\\Windows\\System32\\taskhostw.exe,taskhostw.exe network,,"""Process Create:
RuleName: -
UtcTime: 2025-12-02 16:31:27.589
ProcessGuid: {8206e0bc-145f-692f-6009-000000000f00}
ProcessId: 10052
Image: C:\Windows\System32\taskhostw.exe
FileVersion: 10.0.19041.5794 (WinBuild.160101.0800)
Description: Host Process for Windows Tasks
Product: Microsoft® Windows® Operating System
Company: Microsoft Corporation
OriginalFileName: taskhostw.exe
CommandLine: taskhostw.exe network
CurrentDirectory: C:\Windows\system32\
User: NT AUTHORITY\NETWORK SERVICE
LogonGuid: {8206e0bc-6167-6913-e403-000000000000}
LogonId: 0x3E4
TerminalSessionId: 0
IntegrityLevel: System
Hashes: MD5=D71630DA4364F89F36B47581D4162639,SHA256=4D84D1DB6C572DA841307B814CCF26478429D3A29F304755CE1BAF110E639F64,IMPHASH=3A0C6863CDE566AF997DB2DEFFF9D924
ParentProcessGuid: {8206e0bc-6168-6913-2200-000000000f00}
ParentProcessId: 1412
ParentImage: C:\Windows\System32\svchost.exe
ParentCommandLine: C:\Windows\system32\svchost.exe -k netsvcs -p -s Schedule
ParentUser: NT AUTHORITY\SYSTEM""",3,wazuh,0
2025-12-02 16:31:34.802000+00:00,SocWinEP,4688,,,,"""A new process has been created.

Creator Subject:
	Security ID:		S-1-5-18
	Account Name:		SOCWINEP$
	Account Domain:		SOC
	Logon ID:		0x3E7

Target Subject:
	Security ID:		S-1-5-21-3631167090-248966842-2655285490-1106
	Account Name:		duser
	Account Domain:		SOC
	Logon ID:		0xAD462D

Process Information:
	New Process ID:		0x1bd4
	New Process Name:	C:\Windows\System32\taskhostw.exe
	Token Elevation Type:	%%1936
	Mandatory Label:		S-1-16-8192
	Creator Process ID:	0x584
	Creator Process Name:	C:\Windows\System32\svchost.exe
	Process Command Line:	

Token Elevation Type indicates the type of token that was assigned to the new process in accordance with User Account Control policy.

Type 1 is a full token with no privileges removed or groups disabled.  A full token is only used if User Account Control is disabled or if the user is the built-in Administrator account or a service account.

Type 2 is an elevated token with no privileges removed or groups disabled.  An elevated token is used when User Account Control is enabled and the user chooses to start the program using Run as administrator.  An elevated token is also used when an application is configured to always require administrative privilege or to always require maximum privilege, and the user is a member of the Administrators group.

Type 3 is a limited token with administrative privileges removed and administrative groups disabled.  The limited token is used when User Account Control is enabled, the application does not require administrative privilege, and the user does not choose to start the program using Run as administrator.""",3,wazuh,0
2025-12-02 16:31:34.817000+00:00,SocWinEP,1,C:\\Program Files\\WindowsApps\\Microsoft.WindowsStore_22509.1401.17.0_x64__8wekyb3d8bbwe\\WinStore.DesktopExtension\\StoreDesktopExtension.exe,"\""C:\\Program Files\\WindowsApps\\Microsoft.WindowsStore_22509.1401.17.0_x64__8wekyb3d8bbwe\\WinStore.DesktopExtension\\StoreDesktopExtension.exe\"" -Embedding",,"""Process Create:
RuleName: -
UtcTime: 2025-12-02 16:31:27.652
ProcessGuid: {8206e0bc-145f-692f-6109-000000000f00}
ProcessId: 5388
Image: C:\Program Files\WindowsApps\Microsoft.WindowsStore_22509.1401.17.0_x64__8wekyb3d8bbwe\WinStore.DesktopExtension\StoreDesktopExtension.exe
FileVersion: 22509.1401.17.0
Description: StoreDesktopExtension
Product: Windows Store
Company: Microsoft Corporation
OriginalFileName: StoreDesktopExtension.exe
CommandLine: ""C:\Program Files\WindowsApps\Microsoft.WindowsStore_22509.1401.17.0_x64__8wekyb3d8bbwe\WinStore.DesktopExtension\StoreDesktopExtension.exe"" -Embedding
CurrentDirectory: C:\Windows\system32\
User: SOC\duser
LogonGuid: {8206e0bc-3b7a-6928-2d46-ad0000000000}
LogonId: 0xAD462D
TerminalSessionId: 1
IntegrityLevel: Medium
Hashes: MD5=FA790EDF66E90BE94537F2CCAD96D7EE,SHA256=C96FA74209E1ED8AA9D89FF71AAF8B6ED252679DA49BB5B4036DD75D45699AA4,IMPHASH=00000000000000000000000000000000
ParentProcessGuid: {8206e0bc-6167-6913-0d00-000000000f00}
ParentProcessId: 760
ParentImage: C:\Windows\System32\svchost.exe
ParentCommandLine: C:\Windows\system32\svchost.exe -k DcomLaunch -p
ParentUser: NT AUTHORITY\SYSTEM""",3,wazuh,0
2025-12-02 16:31:34.849000+00:00,SocWinEP,1,C:\\Program Files\\VMware\\VMware Tools\\VMwareResolutionSet.exe,"\""C:\\Program Files\\VMware\\VMware Tools\\VMwareResolutionSet.exe\"" 0 1 , 0 0 2262 1418 0",,"""Process Create:
RuleName: -
UtcTime: 2025-12-02 16:31:28.080
ProcessGuid: {8206e0bc-1460-692f-6309-000000000f00}
ProcessId: 10356
Image: C:\Program Files\VMware\VMware Tools\VMwareResolutionSet.exe
FileVersion: 12.5.3.52671
Description: VMware Resolution Set
Product: VMware Tools
Company: Broadcom Inc.
OriginalFileName: ResolutionSet.exe
CommandLine: ""C:\Program Files\VMware\VMware Tools\VMwareResolutionSet.exe"" 0 1 , 0 0 2262 1418 0
CurrentDirectory: C:\Windows\system32\
User: NT AUTHORITY\SYSTEM
LogonGuid: {8206e0bc-6167-6913-e703-000000000000}
LogonId: 0x3E7
TerminalSessionId: 1
IntegrityLevel: System
Hashes: MD5=6106DF28EB0BA6716A639529B5807C08,SHA256=947235466F4DD3CDBC615AB6978C9AF94C3696FEB397ECBE0105BF99AA161EC9,IMPHASH=AAED3920DAAEEBEA1D74CA8CB500A787
ParentProcessGuid: {8206e0bc-6169-6913-4a00-000000000f00}
ParentProcessId: 2980
ParentImage: C:\Program Files\VMware\VMware Tools\vmtoolsd.exe
ParentCommandLine: ""C:\Program Files\VMware\VMware Tools\vmtoolsd.exe""
ParentUser: NT AUTHORITY\SYSTEM""",3,wazuh,0
2025-12-02 16:31:34.864000+00:00,SocWinEP,4673,,,,"""A privileged service was called.

Subject:
	Security ID:		S-1-5-21-3631167090-248966842-2655285490-1106
	Account Name:		duser
	Account Domain:		SOC
	Logon ID:		0xAD462D

Service:
	Server:	Security
	Service Name:	-

Process:
	Process ID:	0x206c
	Process Name:	C:\Users\duser\AppData\Local\Microsoft\OneDrive\25.174.0907.0003\FileCoAuth.exe

Service Request Information:
	Privileges:		SeProfileSingleProcessPrivilege""",4,wazuh,0
2025-12-02 16:31:34.927000+00:00,SocWinEP,4688,,,,"""A new process has been created.

Creator Subject:
	Security ID:		S-1-5-18
	Account Name:		SOCWINEP$
	Account Domain:		SOC
	Logon ID:		0x3E7

Target Subject:
	Security ID:		S-1-0-0
	Account Name:		-
	Account Domain:		-
	Logon ID:		0x0

Process Information:
	New Process ID:		0x1ba0
	New Process Name:	C:\Windows\SysWOW64\net.exe
	Token Elevation Type:	%%1936
	Mandatory Label:		S-1-16-16384
	Creator Process ID:	0xbc0
	Creator Process Name:	C:\Program Files (x86)\ossec-agent\wazuh-agent.exe
	Process Command Line:	

Token Elevation Type indicates the type of token that was assigned to the new process in accordance with User Account Control policy.

Type 1 is a full token with no privileges removed or groups disabled.  A full token is only used if User Account Control is disabled or if the user is the built-in Administrator account or a service account.

Type 2 is an elevated token with no privileges removed or groups disabled.  An elevated token is used when User Account Control is enabled and the user chooses to start the program using Run as administrator.  An elevated token is also used when an application is configured to always require administrative privilege or to always require maximum privilege, and the user is a member of the Administrators group.

Type 3 is a limited token with administrative privileges removed and administrative groups disabled.  The limited token is used when User Account Control is enabled, the application does not require administrative privilege, and the user does not choose to start the program using Run as administrator.""",3,wazuh,0
2025-12-02 16:31:34.942000+00:00,SocWinEP,1,C:\\Windows\\System32\\taskhostw.exe,taskhostw.exe Install $(Arg0),,"""Process Create:
RuleName: -
UtcTime: 2025-12-02 16:31:28.568
ProcessGuid: {8206e0bc-1460-692f-6509-000000000f00}
ProcessId: 10592
Image: C:\Windows\System32\taskhostw.exe
FileVersion: 10.0.19041.5794 (WinBuild.160101.0800)
Description: Host Process for Windows Tasks
Product: Microsoft® Windows® Operating System
Company: Microsoft Corporation
OriginalFileName: taskhostw.exe
CommandLine: taskhostw.exe Install $(Arg0)
CurrentDirectory: C:\Windows\system32\
User: SOC\duser
LogonGuid: {8206e0bc-3b7a-6928-2d46-ad0000000000}
LogonId: 0xAD462D
TerminalSessionId: 1
IntegrityLevel: Medium
Hashes: MD5=D71630DA4364F89F36B47581D4162639,SHA256=4D84D1DB6C572DA841307B814CCF26478429D3A29F304755CE1BAF110E639F64,IMPHASH=3A0C6863CDE566AF997DB2DEFFF9D924
ParentProcessGuid: {8206e0bc-6168-6913-2200-000000000f00}
ParentProcessId: 1412
ParentImage: C:\Windows\System32\svchost.exe
ParentCommandLine: C:\Windows\system32\svchost.exe -k netsvcs -p -s Schedule
ParentUser: NT AUTHORITY\SYSTEM""",3,wazuh,0
2025-12-02 16:31:34.974000+00:00,SocWinEP,4673,,,,"""A privileged service was called.

Subject:
	Security ID:		S-1-5-21-3631167090-248966842-2655285490-1106
	Account Name:		duser
	Account Domain:		SOC
	Logon ID:		0xAD462D

Service:
	Server:	Security
	Service Name:	-

Process:
	Process ID:	0x1bd4
	Process Name:	C:\Windows\System32\taskhostw.exe

Service Request Information:
	Privileges:		SeProfileSingleProcessPrivilege""",4,wazuh,0
2025-12-02 16:31:34.974000+00:00,SocWinEP,1,C:\\Windows\\System32\\dsregcmd.exe,"\""C:\\Windows\\System32\\dsregcmd.exe\"" $(Arg0) $(Arg1) $(Arg2)",,"""Process Create:
RuleName: -
UtcTime: 2025-12-02 16:31:28.649
ProcessGuid: {8206e0bc-1460-692f-6609-000000000f00}
ProcessId: 10676
Image: C:\Windows\System32\dsregcmd.exe
FileVersion: 10.0.19041.3636 (WinBuild.160101.0800)
Description: DSREG commandline tool
Product: Microsoft® Windows® Operating System
Company: Microsoft Corporation
OriginalFileName: dsregcmd.exe
CommandLine: ""C:\Windows\System32\dsregcmd.exe"" $(Arg0) $(Arg1) $(Arg2)
CurrentDirectory: C:\Windows\system32\
User: NT AUTHORITY\SYSTEM
LogonGuid: {8206e0bc-6167-6913-e703-000000000000}
LogonId: 0x3E7
TerminalSessionId: 0
IntegrityLevel: System
Hashes: MD5=7BEF4790621FC01E8C0E00F423C5509E,SHA256=D0AEABB762B7080355BE391D77D6DC3BF206BB1B413F6C0FDF2F22629FCCD6B4,IMPHASH=C2D1A2C9FFEA6DDBC11DE8E37CF589D3
ParentProcessGuid: {8206e0bc-6168-6913-2200-000000000f00}
ParentProcessId: 1412
ParentImage: C:\Windows\System32\svchost.exe
ParentCommandLine: C:\Windows\system32\svchost.exe -k netsvcs -p -s Schedule
ParentUser: NT AUTHORITY\SYSTEM""",4,wazuh,0
2025-12-02 16:31:34.976000+00:00,Active_Directory_Server,4634,,,,"""An account was logged off.

Subject:
	Security ID:		S-1-5-21-3631167090-248966842-2655285490-1106
	Account Name:		duser
	Account Domain:		SOC
	Logon ID:		0x502F505

Logon Type:			3

This event is generated when a logon session is destroyed. It may be positively correlated with a logon event using the Logon ID value. Logon IDs are only unique between reboots on the same computer.""",3,wazuh,0
2025-12-02 16:31:34.989000+00:00,SocWinEP,4673,,,,"""A privileged service was called.

Subject:
	Security ID:		S-1-5-21-3631167090-248966842-2655285490-1106
	Account Name:		duser
	Account Domain:		SOC
	Logon ID:		0xAD462D

Service:
	Server:	Security
	Service Name:	-

Process:
	Process ID:	0x21f0
	Process Name:	C:\Program Files\WindowsApps\Microsoft.WindowsStore_22509.1401.17.0_x64__8wekyb3d8bbwe\WinStore.DesktopExtension\StoreDesktopExtension.exe

Service Request Information:
	Privileges:		SeProfileSingleProcessPrivilege""",4,wazuh,0
2025-12-02 16:31:35.005000+00:00,SocWinEP,1,C:\\Windows\\System32\\ipconfig.exe,C:\\Windows\\system32\\ipconfig  /renew,,"""Process Create:
RuleName: -
UtcTime: 2025-12-02 16:31:28.838
ProcessGuid: {8206e0bc-1460-692f-6709-000000000f00}
ProcessId: 10840
Image: C:\Windows\System32\ipconfig.exe
FileVersion: 10.0.19041.1 (WinBuild.160101.0800)
Description: IP Configuration Utility
Product: Microsoft® Windows® Operating System
Company: Microsoft Corporation
OriginalFileName: ipconfig.exe
CommandLine: C:\Windows\system32\ipconfig  /renew
CurrentDirectory: C:\Windows\system32\
User: NT AUTHORITY\SYSTEM
LogonGuid: {8206e0bc-6167-6913-e703-000000000000}
LogonId: 0x3E7
TerminalSessionId: 0
IntegrityLevel: System
Hashes: MD5=62F170FB07FDBB79CEB7147101406EB8,SHA256=53E000F5AA9B3A00934319DB8080BB99CB323BF48FC628A64F75D7847C265606,IMPHASH=1002D523645A81BC52877D82D9E88417
ParentProcessGuid: {8206e0bc-145f-692f-5f09-000000000f00}
ParentProcessId: 7404
ParentImage: C:\Windows\System32\cmd.exe
ParentCommandLine: C:\Windows\system32\cmd.exe /c """"C:\Program Files\VMware\VMware Tools\resume-vm-default.bat""""
ParentUser: NT AUTHORITY\SYSTEM""",3,wazuh,0
2025-12-02 16:31:35.020000+00:00,SocWinEP,4673,,,,"""A privileged service was called.

Subject:
	Security ID:		S-1-5-21-3631167090-248966842-2655285490-1106
	Account Name:		duser
	Account Domain:		SOC
	Logon ID:		0xAD462D

Service:
	Server:	Security
	Service Name:	-

Process:
	Process ID:	0x21f0
	Process Name:	C:\Program Files\WindowsApps\Microsoft.WindowsStore_22509.1401.17.0_x64__8wekyb3d8bbwe\WinStore.DesktopExtension\StoreDesktopExtension.exe

Service Request Information:
	Privileges:		SeCreateGlobalPrivilege""",4,wazuh,0
2025-12-02 16:31:35.052000+00:00,SocWinEP,4688,,,,"""A new process has been created.

Creator Subject:
	Security ID:		S-1-5-18
	Account Name:		SOCWINEP$
	Account Domain:		SOC
	Logon ID:		0x3E7

Target Subject:
	Security ID:		S-1-0-0
	Account Name:		-
	Account Domain:		-
	Logon ID:		0x0

Process Information:
	New Process ID:		0x1cec
	New Process Name:	C:\Windows\System32\cmd.exe
	Token Elevation Type:	%%1936
	Mandatory Label:		S-1-16-16384
	Creator Process ID:	0xba4
	Creator Process Name:	C:\Program Files\VMware\VMware Tools\vmtoolsd.exe
	Process Command Line:	

Token Elevation Type indicates the type of token that was assigned to the new process in accordance with User Account Control policy.

Type 1 is a full token with no privileges removed or groups disabled.  A full token is only used if User Account Control is disabled or if the user is the built-in Administrator account or a service account.

Type 2 is an elevated token with no privileges removed or groups disabled.  An elevated token is used when User Account Control is enabled and the user chooses to start the program using Run as administrator.  An elevated token is also used when an application is configured to always require administrative privilege or to always require maximum privilege, and the user is a member of the Administrators group.

Type 3 is a limited token with administrative privileges removed and administrative groups disabled.  The limited token is used when User Account Control is enabled, the application does not require administrative privilege, and the user does not choose to start the program using Run as administrator.""",3,wazuh,0
2025-12-02 16:31:35.068000+00:00,SocWinEP,1,C:\\Windows\\servicing\\TrustedInstaller.exe,C:\\Windows\\servicing\\TrustedInstaller.exe,,"""Process Create:
RuleName: -
UtcTime: 2025-12-02 16:31:28.850
ProcessGuid: {8206e0bc-1460-692f-6909-000000000f00}
ProcessId: 10856
Image: C:\Windows\servicing\TrustedInstaller.exe
FileVersion: 10.0.19041.6033 (WinBuild.160101.0800)
Description: Windows Modules Installer
Product: Microsoft® Windows® Operating System
Company: Microsoft Corporation
OriginalFileName: TrustedInstaller.exe
CommandLine: C:\Windows\servicing\TrustedInstaller.exe
CurrentDirectory: C:\Windows\system32\
User: NT AUTHORITY\SYSTEM
LogonGuid: {8206e0bc-6167-6913-e703-000000000000}
LogonId: 0x3E7
TerminalSessionId: 0
IntegrityLevel: System
Hashes: MD5=7AD303939D1A9FECD6ECADD773B4ADEF,SHA256=4A91D438B383AFAAB9015C6A4C5BDAD04EF4A3FDF010FCC2433EED7AA471F311,IMPHASH=0573E2F86BB45402DB86E0CB5DC66EDC
ParentProcessGuid: {8206e0bc-6167-6913-0a00-000000000f00}
ParentProcessId: 604
ParentImage: C:\Windows\System32\services.exe
ParentCommandLine: C:\Windows\system32\services.exe
ParentUser: NT AUTHORITY\SYSTEM""",3,wazuh,0
2025-12-02 16:31:35.083000+00:00,SocWinEP,4688,,,,"""A new process has been created.

Creator Subject:
	Security ID:		S-1-5-18
	Account Name:		SOCWINEP$
	Account Domain:		SOC
	Logon ID:		0x3E7

Target Subject:
	Security ID:		S-1-0-0
	Account Name:		SOCWINEP$
	Account Domain:		SOC
	Logon ID:		0x3E4

Process Information:
	New Process ID:		0x2744
	New Process Name:	C:\Windows\System32\taskhostw.exe
	Token Elevation Type:	%%1936
	Mandatory Label:		S-1-16-16384
	Creator Process ID:	0x584
	Creator Process Name:	C:\Windows\System32\svchost.exe
	Process Command Line:	

Token Elevation Type indicates the type of token that was assigned to the new process in accordance with User Account Control policy.

Type 1 is a full token with no privileges removed or groups disabled.  A full token is only used if User Account Control is disabled or if the user is the built-in Administrator account or a service account.

Type 2 is an elevated token with no privileges removed or groups disabled.  An elevated token is used when User Account Control is enabled and the user chooses to start the program using Run as administrator.  An elevated token is also used when an application is configured to always require administrative privilege or to always require maximum privilege, and the user is a member of the Administrators group.

Type 3 is a limited token with administrative privileges removed and administrative groups disabled.  The limited token is used when User Account Control is enabled, the application does not require administrative privilege, and the user does not choose to start the program using Run as administrator.""",3,wazuh,0
2025-12-02 16:31:35.099000+00:00,SocWinEP,13,C:\\Windows\\System32\\svchost.exe,,HKLM\\SOFTWARE\\Microsoft\\Windows NT\\CurrentVersion\\NetworkList\\Profiles\\{4630085F-35DC-4A43-A65C-7D33886D1A9C}\\DateLastConnected,"""Registry value set:
RuleName: -
EventType: SetValue
UtcTime: 2025-12-02 16:31:28.862
ProcessGuid: {8206e0bc-6168-6913-2100-000000000f00}
ProcessId: 1364
Image: C:\Windows\System32\svchost.exe
TargetObject: HKLM\SOFTWARE\Microsoft\Windows NT\CurrentVersion\NetworkList\Profiles\{4630085F-35DC-4A43-A65C-7D33886D1A9C}\DateLastConnected
Details: Binary Data
User: NT AUTHORITY\LOCAL SERVICE""",3,wazuh,0
2025-12-02 16:31:35.114000+00:00,SocWinEP,4688,,,,"""A new process has been created.

Creator Subject:
	Security ID:		S-1-5-18
	Account Name:		SOCWINEP$
	Account Domain:		SOC
	Logon ID:		0x3E7

Target Subject:
	Security ID:		S-1-5-21-3631167090-248966842-2655285490-1106
	Account Name:		duser
	Account Domain:		SOC
	Logon ID:		0xAD462D

Process Information:
	New Process ID:		0x150c
	New Process Name:	C:\Program Files\WindowsApps\Microsoft.WindowsStore_22509.1401.17.0_x64__8wekyb3d8bbwe\WinStore.DesktopExtension\StoreDesktopExtension.exe
	Token Elevation Type:	%%1936
	Mandatory Label:		S-1-16-8192
	Creator Process ID:	0x2f8
	Creator Process Name:	C:\Windows\System32\svchost.exe
	Process Command Line:	

Token Elevation Type indicates the type of token that was assigned to the new process in accordance with User Account Control policy.

Type 1 is a full token with no privileges removed or groups disabled.  A full token is only used if User Account Control is disabled or if the user is the built-in Administrator account or a service account.

Type 2 is an elevated token with no privileges removed or groups disabled.  An elevated token is used when User Account Control is enabled and the user chooses to start the program using Run as administrator.  An elevated token is also used when an application is configured to always require administrative privilege or to always require maximum privilege, and the user is a member of the Administrators group.

Type 3 is a limited token with administrative privileges removed and administrative groups disabled.  The limited token is used when User Account Control is enabled, the application does not require administrative privilege, and the user does not choose to start the program using Run as administrator.""",3,wazuh,0
2025-12-02 16:31:35.130000+00:00,SocWinEP,1,C:\\Windows\\WinSxS\\amd64_microsoft-windows-servicingstack_31bf3856ad364e35_10.0.19041.6449_none_7e0d59887c8e1467\\TiWorker.exe,C:\\Windows\\winsxs\\amd64_microsoft-windows-servicingstack_31bf3856ad364e35_10.0.19041.6449_none_7e0d59887c8e1467\\TiWorker.exe -Embedding,,"""Process Create:
RuleName: -
UtcTime: 2025-12-02 16:31:28.988
ProcessGuid: {8206e0bc-1460-692f-6a09-000000000f00}
ProcessId: 10952
Image: C:\Windows\WinSxS\amd64_microsoft-windows-servicingstack_31bf3856ad364e35_10.0.19041.6449_none_7e0d59887c8e1467\TiWorker.exe
FileVersion: 10.0.19041.6449 (WinBuild.160101.0800)
Description: Windows Modules Installer Worker
Product: Microsoft® Windows® Operating System
Company: Microsoft Corporation
OriginalFileName: TiWorker.exe
CommandLine: C:\Windows\winsxs\amd64_microsoft-windows-servicingstack_31bf3856ad364e35_10.0.19041.6449_none_7e0d59887c8e1467\TiWorker.exe -Embedding
CurrentDirectory: C:\Windows\system32\
User: NT AUTHORITY\SYSTEM
LogonGuid: {8206e0bc-6167-6913-e703-000000000000}
LogonId: 0x3E7
TerminalSessionId: 0
IntegrityLevel: System
Hashes: MD5=C814A5844B037DF5271494CE580837B2,SHA256=606D88DADCDE114EEE163B871B88BFB2FFC562D122A6A1102B970E68142A2914,IMPHASH=2409EC1E105B0DDA91B9CEBA0B44162F
ParentProcessGuid: {8206e0bc-6167-6913-0d00-000000000f00}
ParentProcessId: 760
ParentImage: C:\Windows\System32\svchost.exe
ParentCommandLine: C:\Windows\system32\svchost.exe -k DcomLaunch -p
ParentUser: NT AUTHORITY\SYSTEM""",3,wazuh,0
2025-12-02 16:31:35.161000+00:00,SocWinEP,22,C:\\Windows\\System32\\lsass.exe,,,"""Dns query:
RuleName: -
UtcTime: 2025-12-02 16:31:29.193
ProcessGuid: {8206e0bc-6167-6913-0c00-000000000f00}
ProcessId: 628
QueryName: _kerberos._tcp.Default-First-Site-Name._sites.dc._msdcs.SOC.LAB.LOCAL.
QueryStatus: 0
QueryResults: type:  33 ad-dc-server.soc.lab.local;192.168.5.141;
Image: C:\Windows\System32\lsass.exe
User: NT AUTHORITY\SYSTEM""",3,wazuh,0
2025-12-02 16:31:35.177000+00:00,SocWinEP,4673,,,,"""A privileged service was called.

Subject:
	Security ID:		S-1-5-21-3631167090-248966842-2655285490-1106
	Account Name:		duser
	Account Domain:		SOC
	Logon ID:		0xAD462D

Service:
	Server:	Security
	Service Name:	-

Process:
	Process ID:	0x150c
	Process Name:	C:\Program Files\WindowsApps\Microsoft.WindowsStore_22509.1401.17.0_x64__8wekyb3d8bbwe\WinStore.DesktopExtension\StoreDesktopExtension.exe

Service Request Information:
	Privileges:		SeProfileSingleProcessPrivilege""",4,wazuh,0
2025-12-02 16:31:35.192000+00:00,SocWinEP,1,C:\\Windows\\System32\\rundll32.exe,"rundll32.exe AppXDeploymentExtensions.OneCore.dll,ShellRefresh",,"""Process Create:
RuleName: -
UtcTime: 2025-12-02 16:31:29.951
ProcessGuid: {8206e0bc-1461-692f-6c09-000000000f00}
ProcessId: 11256
Image: C:\Windows\System32\rundll32.exe
FileVersion: 10.0.19041.5794 (WinBuild.160101.0800)
Description: Windows host process (Rundll32)
Product: Microsoft® Windows® Operating System
Company: Microsoft Corporation
OriginalFileName: RUNDLL32.EXE
CommandLine: rundll32.exe AppXDeploymentExtensions.OneCore.dll,ShellRefresh
CurrentDirectory: C:\Windows\system32\
User: SOC\duser
LogonGuid: {8206e0bc-3b7a-6928-2d46-ad0000000000}
LogonId: 0xAD462D
TerminalSessionId: 1
IntegrityLevel: Medium
Hashes: MD5=5A43032AEBD51583832EF3E96F5C81DA,SHA256=076592CA1957F8F357CC201F0015072C612F5770AD7DE85F87F254253C754DD7,IMPHASH=F207A867D6098266EE63A3CA677EB0FF
ParentProcessGuid: {8206e0bc-63a7-6928-4c09-000000000f00}
ParentProcessId: 2388
ParentImage: C:\Windows\System32\svchost.exe
ParentCommandLine: C:\Windows\system32\svchost.exe -k wsappx -p -s AppXSvc
ParentUser: NT AUTHORITY\SYSTEM""",3,wazuh,0
2025-12-02 16:31:35.208000+00:00,SocWinEP,4673,,,,"""A privileged service was called.

Subject:
	Security ID:		S-1-5-21-3631167090-248966842-2655285490-1106
	Account Name:		duser
	Account Domain:		SOC
	Logon ID:		0xAD462D

Service:
	Server:	Security
	Service Name:	-

Process:
	Process ID:	0x150c
	Process Name:	C:\Program Files\WindowsApps\Microsoft.WindowsStore_22509.1401.17.0_x64__8wekyb3d8bbwe\WinStore.DesktopExtension\StoreDesktopExtension.exe

Service Request Information:
	Privileges:		SeCreateGlobalPrivilege""",4,wazuh,0
2025-12-02 16:31:35.239000+00:00,SocWinEP,4688,,,,"""A new process has been created.

Creator Subject:
	Security ID:		S-1-5-18
	Account Name:		SOCWINEP$
	Account Domain:		SOC
	Logon ID:		0x3E7

Target Subject:
	Security ID:		S-1-0-0
	Account Name:		-
	Account Domain:		-
	Logon ID:		0x0

Process Information:
	New Process ID:		0x1c58
	New Process Name:	C:\Windows\System32\conhost.exe
	Token Elevation Type:	%%1936
	Mandatory Label:		S-1-16-16384
	Creator Process ID:	0x1cec
	Creator Process Name:	C:\Windows\System32\cmd.exe
	Process Command Line:	

Token Elevation Type indicates the type of token that was assigned to the new process in accordance with User Account Control policy.

Type 1 is a full token with no privileges removed or groups disabled.  A full token is only used if User Account Control is disabled or if the user is the built-in Administrator account or a service account.

Type 2 is an elevated token with no privileges removed or groups disabled.  An elevated token is used when User Account Control is enabled and the user chooses to start the program using Run as administrator.  An elevated token is also used when an application is configured to always require administrative privilege or to always require maximum privilege, and the user is a member of the Administrators group.

Type 3 is a limited token with administrative privileges removed and administrative groups disabled.  The limited token is used when User Account Control is enabled, the application does not require administrative privilege, and the user does not choose to start the program using Run as administrator.""",3,wazuh,0
2025-12-02 16:31:35.256000+00:00,SocWinEP,1,C:\\Program Files (x86)\\Google\\GoogleUpdater\\143.0.7482.0\\updater.exe,"\""C:\\Program Files (x86)\\Google\\GoogleUpdater\\143.0.7482.0\\updater.exe\"" --crash-handler --system \""--database=C:\\Program Files (x86)\\Google\\GoogleUpdater\\143.0.7482.0\\Crashpad\"" --url=https://clients2.google.com/cr/report --annotation=prod=Update4 --annotation=ver=143.0.7482.0 \""--attachment=C:\\Program Files (x86)\\Google\\GoogleUpdater\\updater.log\"" --initial-client-data=0x238,0x260,0x264,0x23c,0x268,0x7ff6ade38e44,0x7ff6ade38e50,0x7ff6ade38e60",,"""Process Create:
RuleName: -
UtcTime: 2025-12-02 16:31:31.730
ProcessGuid: {8206e0bc-1463-692f-6e09-000000000f00}
ProcessId: 1960
Image: C:\Program Files (x86)\Google\GoogleUpdater\143.0.7482.0\updater.exe
FileVersion: 143.0.7482.0
Description: Google Updater (x64)
Product: Google Updater (x64)
Company: Google LLC
OriginalFileName: updater.exe
CommandLine: ""C:\Program Files (x86)\Google\GoogleUpdater\143.0.7482.0\updater.exe"" --crash-handler --system ""--database=C:\Program Files (x86)\Google\GoogleUpdater\143.0.7482.0\Crashpad"" --url=https://clients2.google.com/cr/report --annotation=prod=Update4 --annotation=ver=143.0.7482.0 ""--attachment=C:\Program Files (x86)\Google\GoogleUpdater\updater.log"" --initial-client-data=0x238,0x260,0x264,0x23c,0x268,0x7ff6ade38e44,0x7ff6ade38e50,0x7ff6ade38e60
CurrentDirectory: C:\Windows\system32\
User: NT AUTHORITY\SYSTEM
LogonGuid: {8206e0bc-6167-6913-e703-000000000000}
LogonId: 0x3E7
TerminalSessionId: 0
IntegrityLevel: System
Hashes: MD5=4145093881B77011A9FA25E2C4E48648,SHA256=AA5698B4EDFF37CD9CB4EEB58350FD4BB7734758FED3A4D5F8A11B2A7D8BF27D,IMPHASH=7CA3A032BE704960F1EE0BBD52B72135
ParentProcessGuid: {8206e0bc-145e-692f-5609-000000000f00}
ParentProcessId: 7388
ParentImage: C:\Program Files (x86)\Google\GoogleUpdater\143.0.7482.0\updater.exe
ParentCommandLine: ""C:\Program Files (x86)\Google\GoogleUpdater\143.0.7482.0\updater.exe"" --wake --system
ParentUser: NT AUTHORITY\SYSTEM""",3,wazuh,0
2025-12-02 16:31:35.286000+00:00,SocWinEP,1,C:\\Program Files (x86)\\Google\\GoogleUpdater\\143.0.7482.0\\updater.exe,"\""C:\\Program Files (x86)\\Google\\GoogleUpdater\\143.0.7482.0\\updater.exe\"" --system --windows-service --service=update-internal",,"""Process Create:
RuleName: -
UtcTime: 2025-12-02 16:31:31.939
ProcessGuid: {8206e0bc-1463-692f-6f09-000000000f00}
ProcessId: 5820
Image: C:\Program Files (x86)\Google\GoogleUpdater\143.0.7482.0\updater.exe
FileVersion: 143.0.7482.0
Description: Google Updater (x64)
Product: Google Updater (x64)
Company: Google LLC
OriginalFileName: updater.exe
CommandLine: ""C:\Program Files (x86)\Google\GoogleUpdater\143.0.7482.0\updater.exe"" --system --windows-service --service=update-internal
CurrentDirectory: C:\Windows\system32\
User: NT AUTHORITY\SYSTEM
LogonGuid: {8206e0bc-6167-6913-e703-000000000000}
LogonId: 0x3E7
TerminalSessionId: 0
IntegrityLevel: System
Hashes: MD5=4145093881B77011A9FA25E2C4E48648,SHA256=AA5698B4EDFF37CD9CB4EEB58350FD4BB7734758FED3A4D5F8A11B2A7D8BF27D,IMPHASH=7CA3A032BE704960F1EE0BBD52B72135
ParentProcessGuid: {8206e0bc-6167-6913-0a00-000000000f00}
ParentProcessId: 604
ParentImage: C:\Windows\System32\services.exe
ParentCommandLine: C:\Windows\system32\services.exe
ParentUser: NT AUTHORITY\SYSTEM""",3,wazuh,0
2025-12-02 16:31:35.326000+00:00,SocWinEP,1,C:\\Program Files (x86)\\Google\\GoogleUpdater\\143.0.7482.0\\updater.exe,"\""C:\\Program Files (x86)\\Google\\GoogleUpdater\\143.0.7482.0\\updater.exe\"" --crash-handler --system \""--database=C:\\Program Files (x86)\\Google\\GoogleUpdater\\143.0.7482.0\\Crashpad\"" --url=https://clients2.google.com/cr/report --annotation=prod=Update4 --annotation=ver=143.0.7482.0 \""--attachment=C:\\Program Files (x86)\\Google\\GoogleUpdater\\updater.log\"" --initial-client-data=0x260,0x264,0x268,0x25c,0x26c,0x7ff6ade38e44,0x7ff6ade38e50,0x7ff6ade38e60",,"""Process Create:
RuleName: -
UtcTime: 2025-12-02 16:31:31.961
ProcessGuid: {8206e0bc-1463-692f-7109-000000000f00}
ProcessId: 11280
Image: C:\Program Files (x86)\Google\GoogleUpdater\143.0.7482.0\updater.exe
FileVersion: 143.0.7482.0
Description: Google Updater (x64)
Product: Google Updater (x64)
Company: Google LLC
OriginalFileName: updater.exe
CommandLine: ""C:\Program Files (x86)\Google\GoogleUpdater\143.0.7482.0\updater.exe"" --crash-handler --system ""--database=C:\Program Files (x86)\Google\GoogleUpdater\143.0.7482.0\Crashpad"" --url=https://clients2.google.com/cr/report --annotation=prod=Update4 --annotation=ver=143.0.7482.0 ""--attachment=C:\Program Files (x86)\Google\GoogleUpdater\updater.log"" --initial-client-data=0x260,0x264,0x268,0x25c,0x26c,0x7ff6ade38e44,0x7ff6ade38e50,0x7ff6ade38e60
CurrentDirectory: C:\Windows\system32\
User: NT AUTHORITY\SYSTEM
LogonGuid: {8206e0bc-6167-6913-e703-000000000000}
LogonId: 0x3E7
TerminalSessionId: 0
IntegrityLevel: System
Hashes: MD5=4145093881B77011A9FA25E2C4E48648,SHA256=AA5698B4EDFF37CD9CB4EEB58350FD4BB7734758FED3A4D5F8A11B2A7D8BF27D,IMPHASH=7CA3A032BE704960F1EE0BBD52B72135
ParentProcessGuid: {8206e0bc-1463-692f-6f09-000000000f00}
ParentProcessId: 5820
ParentImage: C:\Program Files (x86)\Google\GoogleUpdater\143.0.7482.0\updater.exe
ParentCommandLine: ""C:\Program Files (x86)\Google\GoogleUpdater\143.0.7482.0\updater.exe"" --system --windows-service --service=update-internal
ParentUser: NT AUTHORITY\SYSTEM""",3,wazuh,0
2025-12-02 16:31:35.350000+00:00,SocWinEP,1,C:\\Program Files (x86)\\Google\\GoogleUpdater\\143.0.7482.0\\updater.exe,"\""C:\\Program Files (x86)\\Google\\GoogleUpdater\\143.0.7482.0\\updater.exe\"" --system --windows-service --service=update",,"""Process Create:
RuleName: -
UtcTime: 2025-12-02 16:31:32.034
ProcessGuid: {8206e0bc-1464-692f-7209-000000000f00}
ProcessId: 11392
Image: C:\Program Files (x86)\Google\GoogleUpdater\143.0.7482.0\updater.exe
FileVersion: 143.0.7482.0
Description: Google Updater (x64)
Product: Google Updater (x64)
Company: Google LLC
OriginalFileName: updater.exe
CommandLine: ""C:\Program Files (x86)\Google\GoogleUpdater\143.0.7482.0\updater.exe"" --system --windows-service --service=update
CurrentDirectory: C:\Windows\system32\
User: NT AUTHORITY\SYSTEM
LogonGuid: {8206e0bc-6167-6913-e703-000000000000}
LogonId: 0x3E7
TerminalSessionId: 0
IntegrityLevel: System
Hashes: MD5=4145093881B77011A9FA25E2C4E48648,SHA256=AA5698B4EDFF37CD9CB4EEB58350FD4BB7734758FED3A4D5F8A11B2A7D8BF27D,IMPHASH=7CA3A032BE704960F1EE0BBD52B72135
ParentProcessGuid: {8206e0bc-6167-6913-0a00-000000000f00}
ParentProcessId: 604
ParentImage: C:\Windows\System32\services.exe
ParentCommandLine: C:\Windows\system32\services.exe
ParentUser: NT AUTHORITY\SYSTEM""",3,wazuh,0
2025-12-02 16:31:35.380000+00:00,SocWinEP,1,C:\\Program Files (x86)\\Google\\GoogleUpdater\\143.0.7482.0\\updater.exe,"\""C:\\Program Files (x86)\\Google\\GoogleUpdater\\143.0.7482.0\\updater.exe\"" --crash-handler --system \""--database=C:\\Program Files (x86)\\Google\\GoogleUpdater\\143.0.7482.0\\Crashpad\"" --url=https://clients2.google.com/cr/report --annotation=prod=Update4 --annotation=ver=143.0.7482.0 \""--attachment=C:\\Program Files (x86)\\Google\\GoogleUpdater\\updater.log\"" --initial-client-data=0x264,0x268,0x26c,0x240,0x270,0x7ff6ade38e44,0x7ff6ade38e50,0x7ff6ade38e60",,"""Process Create:
RuleName: -
UtcTime: 2025-12-02 16:31:32.048
ProcessGuid: {8206e0bc-1464-692f-7309-000000000f00}
ProcessId: 11408
Image: C:\Program Files (x86)\Google\GoogleUpdater\143.0.7482.0\updater.exe
FileVersion: 143.0.7482.0
Description: Google Updater (x64)
Product: Google Updater (x64)
Company: Google LLC
OriginalFileName: updater.exe
CommandLine: ""C:\Program Files (x86)\Google\GoogleUpdater\143.0.7482.0\updater.exe"" --crash-handler --system ""--database=C:\Program Files (x86)\Google\GoogleUpdater\143.0.7482.0\Crashpad"" --url=https://clients2.google.com/cr/report --annotation=prod=Update4 --annotation=ver=143.0.7482.0 ""--attachment=C:\Program Files (x86)\Google\GoogleUpdater\updater.log"" --initial-client-data=0x264,0x268,0x26c,0x240,0x270,0x7ff6ade38e44,0x7ff6ade38e50,0x7ff6ade38e60
CurrentDirectory: C:\Windows\system32\
User: NT AUTHORITY\SYSTEM
LogonGuid: {8206e0bc-6167-6913-e703-000000000000}
LogonId: 0x3E7
TerminalSessionId: 0
IntegrityLevel: System
Hashes: MD5=4145093881B77011A9FA25E2C4E48648,SHA256=AA5698B4EDFF37CD9CB4EEB58350FD4BB7734758FED3A4D5F8A11B2A7D8BF27D,IMPHASH=7CA3A032BE704960F1EE0BBD52B72135
ParentProcessGuid: {8206e0bc-1464-692f-7209-000000000f00}
ParentProcessId: 11392
ParentImage: C:\Program Files (x86)\Google\GoogleUpdater\143.0.7482.0\updater.exe
ParentCommandLine: ""C:\Program Files (x86)\Google\GoogleUpdater\143.0.7482.0\updater.exe"" --system --windows-service --service=update
ParentUser: NT AUTHORITY\SYSTEM""",3,wazuh,0
2025-12-02 16:31:35.489000+00:00,SocWinEP,1,C:\\Program Files\\RUXIM\\RUXIMICS.exe,%%ProgramFiles%%\\RUXIM\\RUXIMICS.EXE /onlyloadcampaigns,,"""Process Create:
RuleName: -
UtcTime: 2025-12-02 16:31:32.299
ProcessGuid: {8206e0bc-1464-692f-7609-000000000f00}
ProcessId: 11600
Image: C:\Program Files\RUXIM\RUXIMICS.exe
FileVersion: 10.0.19041.6029 (WinBuild.160101.0800)
Description: Reusable UX Interaction Manager
Product: Microsoft® Windows® Operating System
Company: Microsoft Corporation
OriginalFileName: RUXIMICS.exe
CommandLine: %%ProgramFiles%%\RUXIM\RUXIMICS.EXE /onlyloadcampaigns
CurrentDirectory: C:\Program Files\RUXIM\
User: NT AUTHORITY\SYSTEM
LogonGuid: {8206e0bc-6167-6913-e703-000000000000}
LogonId: 0x3E7
TerminalSessionId: 0
IntegrityLevel: System
Hashes: MD5=A2F4F90E347A655301A18920CE8E29D5,SHA256=BF3A3FCE645A75CB572F4A46FF6DB048E94DBC5E4131482B48EAC41817CC90BB,IMPHASH=6C7A79ED0D9D243FE605E8569621DC8C
ParentProcessGuid: {8206e0bc-145e-692f-5b09-000000000f00}
ParentProcessId: 2956
ParentImage: C:\Program Files\RUXIM\PLUGScheduler.exe
ParentCommandLine: ""C:\Program Files\RUXIM\PLUGscheduler.exe""
ParentUser: NT AUTHORITY\SYSTEM""",3,wazuh,0
