	Account Domain:		SOC
	Logon ID:		0xAD462D

Service:
	Server:	Security
	Service Name:	-

Process:
	Process ID:	0x2c84
	Process Name:	C:\Windows\System32\dllhost.exe

Service Request Information:
	Privileges:		SeProfileSingleProcessPrivilege""",4,wazuh,0
2025-12-02 16:32:07.209000+00:00,SocWinEP,1,C:\\Program Files (x86)\\Microsoft\\EdgeUpdate\\Install\\{8077C2E4-0916-46C7-909E-CA4D8888AE4E}\\MicrosoftEdgeUpdateSetup_X86_1.3.211.7.exe,"\""C:\\Program Files (x86)\\Microsoft\\EdgeUpdate\\Install\\{8077C2E4-0916-46C7-909E-CA4D8888AE4E}\\MicrosoftEdgeUpdateSetup_X86_1.3.211.7.exe\"" /update /sessionid \""{03BA97D7-2A91-42F8-BEDC-CA000FED8F10}\""",,"""Process Create:
RuleName: -
UtcTime: 2025-12-02 16:32:10.038
ProcessGuid: {8206e0bc-148a-692f-5b0a-000000000f00}
ProcessId: 12120
Image: C:\Program Files (x86)\Microsoft\EdgeUpdate\Install\{8077C2E4-0916-46C7-909E-CA4D8888AE4E}\MicrosoftEdgeUpdateSetup_X86_1.3.211.7.exe
FileVersion: 1.3.211.7
Description: Microsoft Edge Update Setup
Product: Microsoft Edge Update
Company: Microsoft Corporation
OriginalFileName: MicrosoftEdgeUpdateSetup.exe
CommandLine: ""C:\Program Files (x86)\Microsoft\EdgeUpdate\Install\{8077C2E4-0916-46C7-909E-CA4D8888AE4E}\MicrosoftEdgeUpdateSetup_X86_1.3.211.7.exe"" /update /sessionid ""{03BA97D7-2A91-42F8-BEDC-CA000FED8F10}""
CurrentDirectory: C:\Program Files (x86)\Microsoft\EdgeUpdate\1.3.207.5\
User: NT AUTHORITY\SYSTEM
LogonGuid: {8206e0bc-6167-6913-e703-000000000000}
LogonId: 0x3E7
TerminalSessionId: 0
IntegrityLevel: System
Hashes: MD5=D2959BFB24BF0865B3F4ECC244F54371,SHA256=F73503777DF52A94A554CF63AEB9A5741E8481AD633EA27A4D724F808F76514D,IMPHASH=7899CB8BA886A0690BDC28D8B481BBD1
ParentProcessGuid: {8206e0bc-1483-692f-580a-000000000f00}
ParentProcessId: 11028
ParentImage: C:\Program Files (x86)\Microsoft\EdgeUpdate\MicrosoftEdgeUpdate.exe
ParentCommandLine: ""C:\Program Files (x86)\Microsoft\EdgeUpdate\MicrosoftEdgeUpdate.exe"" /svc
ParentUser: NT AUTHORITY\SYSTEM""",3,wazuh,0
2025-12-02 16:32:07.224000+00:00,SocWinEP,1,C:\\Program Files (x86)\\Microsoft\\EdgeUpdate\\MicrosoftEdgeUpdate.exe,"\""C:\\Program Files (x86)\\Microsoft\\EdgeUpdate\\MicrosoftEdgeUpdate.exe\"" /ping PD94bWwgdmVyc2lvbj0iMS4wIiBlbmNvZGluZz0iVVRGLTgiPz48cmVxdWVzdCBwcm90b2NvbD0iMy4wIiB1cGRhdGVyPSJPbWFoYSIgdXBkYXRlcnZlcnNpb249IjEuMy4yMDcuNSIgc2hlbGxfdmVyc2lvbj0iMS4zLjE0Ny4zNyIgaXNtYWNoaW5lPSIxIiBzZXNzaW9uaWQ9InswM0JBOTdENy0yQTkxLTQyRjgtQkVEQy1DQTAwMEZFRDhGMTB9IiB1c2VyaWQ9IntGQkFCOEREMy05NDg4LTQ0OUUtQUM1Ri1DRURGNkY4RUZGNUV9IiBpbnN0YWxsc291cmNlPSJzY2hlZHVsZXIiIHJlcXVlc3RpZD0iezI3OUM3QzgxLUM3QUItNDRBNS05RTZBLTc4NDhBMjMyNENBMn0iIGRlZHVwPSJjciIgZG9tYWluam9pbmVkPSIxIj48aHcgbG9naWNhbF9jcHVzPSIyIiBwaHlzbWVtb3J5PSI0IiBkaXNrX3R5cGU9IjIiIHNzZT0iMSIgc3NlMj0iMSIgc3NlMz0iMSIgc3NzZTM9IjEiIHNzZTQxPSIxIiBzc2U0Mj0iMSIgYXZ4PSIxIi8-PG9zIHBsYXRmb3JtPSJ3aW4iIHZlcnNpb249IjEwLjAuMTkwNDUuNjQ1NiIgc3A9IiIgYXJjaD0ieDY0IiBwcm9kdWN0X3R5cGU9IjQ4IiBpc193aXA9IjAiIGlzX2luX2xvY2tkb3duX21vZGU9IjAiLz48b2VtIHByb2R1Y3RfbWFudWZhY3R1cmVyPSJWTXdhcmUsIEluYy4iIHByb2R1Y3RfbmFtZT0iVk13YXJlMjAsMSIvPjxleHAgZXRhZz0iJnF1b3Q7YkpxM1NBcllsQkhublRBRjI1d3Q2QkpMSStCVlRkREUvT2hvdkRDVkhuVT0mcXVvdDsiLz48YXBwIGFwcGlkPSJ7RjNDNEZFMDAtRUZENS00MDNCLTk1NjktMzk4QTIwRjFCQTRBfSIgdmVyc2lvbj0iMS4zLjIwNy41IiBuZXh0dmVyc2lvbj0iMS4zLjIxMS43IiBsYW5nPSIiIGJyYW5kPSJJTkJYIiBjbGllbnQ9IiIgaW5zdGFsbGFnZT0iOTQiIGNvaG9ydD0icnJmQDAuMjMiPjx1cGRhdGVjaGVjay8-PGV2ZW50IGV2ZW50dHlwZT0iMTIiIGV2ZW50cmVzdWx0PSIxIiBlcnJvcmNvZGU9IjAiIGV4dHJhY29kZTE9IjAiIHN5c3RlbV91cHRpbWVfdGlja3M9IjE0NjkyMTc4MDkxNiIgZG9uZV9iZWZvcmVfb29iZV9jb21wbGV0ZT0iMCIvPjxldmVudCBldmVudHR5cGU9IjEzIiBldmVudHJlc3VsdD0iMSIgZXJyb3Jjb2RlPSIwIiBleHRyYWNvZGUxPSIwIiBzeXN0ZW1fdXB0aW1lX3RpY2tzPSIxNDY5MjE3ODA5MTYiIGRvbmVfYmVmb3JlX29vYmVfY29tcGxldGU9IjAiLz48ZXZlbnQgZXZlbnR0eXBlPSIxNCIgZXZlbnRyZXN1bHQ9IjEiIGVycm9yY29kZT0iMCIgZXh0cmFjb2RlMT0iMCIgc3lzdGVtX3VwdGltZV90aWNrcz0iMTQ2OTUxNjI0NzQ1IiBzb3VyY2VfdXJsX2luZGV4PSIwIiBkb25lX2JlZm9yZV9vb2JlX2NvbXBsZXRlPSIwIiBkb3dubG9hZGVyPSJkbyIgdXJsPSJodHRwOi8vbXNlZGdlLmIudGx1LmRsLmRlbGl2ZXJ5Lm1wLm1pY3Jvc29mdC5jb20vZmlsZXN0cmVhbWluZ3NlcnZpY2UvZmlsZXMvMjdjZDdiNTUtYzQ1ZS00ZTc5LWJkMzgtYzA4ZTViN2Q4ZDlhP1AxPTE3NjUyOTc5MjYmYW1wO1AyPTQwNCZhbXA7UDM9MiZhbXA7UDQ9Tm9TbjFPWERWbDRuTFdlTUhHZlN3eFRYMUZzUnp2ektzaHBuNEQ4YkdkTWo0YUVUekFwNExXWWVKRHBvWTV1THQ3WDRiRHBSQTcwbUNjTVZFUWowMWclM2QlM2QiIHNlcnZlcl9pcF9oaW50PSIiIGNkbl9jaWQ9Ii0xIiBjZG5fY2NjPSIiIGNkbl9tc2VkZ2VfcmVmPSIiIGNkbl9henVyZV9yZWZfb3JpZ2luX3NoaWVsZD0iIiBjZG5fY2FjaGU9IiIgY2RuX3AzcD0iIiBkb3dubG9hZGVkPSIxNjkyMjE2IiB0b3RhbD0iMTY5MjIxNiIgZG93bmxvYWRfdGltZV9tcz0iMjkzNyIvPjxldmVudCBldmVudHR5cGU9IjE0IiBldmVudHJlc3VsdD0iMSIgZXJyb3Jjb2RlPSIwIiBleHRyYWNvZGUxPSIwIiBzeXN0ZW1fdXB0aW1lX3RpY2tzPSIxNDY5NTE3ODE0OTQiIHNvdXJjZV91cmxfaW5kZXg9IjAiIGRvbmVfYmVmb3JlX29vYmVfY29tcGxldGU9IjAiLz48ZXZlbnQgZXZlbnR0eXBlPSIxNSIgZXZlbnRyZXN1bHQ9IjEiIGVycm9yY29kZT0iMCIgZXh0cmFjb2RlMT0iMCIgc3lzdGVtX3VwdGltZV90aWNrcz0iMTQ2OTU3MDkzOTYwIiBkb25lX2JlZm9yZV9vb2JlX2NvbXBsZXRlPSIwIi8-PHBpbmcgcj0iMjIiIHJkPSI2ODg4IiBwaW5nX2ZyZXNobmVzcz0ie0NENzgzRTU2LUZDNDgtNEI4Ny1CNTdBLTY1OUY0MUEyNzA1OH0iLz48L2FwcD48YXBwIGFwcGlkPSJ7NTZFQjE4RjgtQjAwOC00Q0JELUI2RDItOEM5N0ZFN0U5MDYyfSIgdmVyc2lvbj0iMTQyLjAuMzU5NS41MyIgbmV4dHZlcnNpb249IiIgbGFuZz0iIiBicmFuZD0iSU5CWCIgY2xpZW50PSIiIGV4cGVyaW1lbnRzPSJjb25zZW50PWZhbHNlIiBpbnN0YWxsYWdlPSI5NCIgY29ob3J0PSJycmZAMC43OSIgb29iZV9pbnN0YWxsX3RpbWU9IjEzNDAwOTU5MDc3OTczMjY5MCIgdXBkYXRlX2NvdW50PSI3IiBpc19waW5uZWRfc3lzdGVtPSJ0cnVlIiBsYXN0X2xhdW5jaF9jb3VudD0iMSIgbGFzdF9sYXVuY2hfdGltZT0iMTM0MDMyNjkzMzcxMDQwNTUwIiBmaXJzdF9mcmVfc2Vlbl90aW1lPSIxMzQwMTAyMDMxODQ3OTQ2NzAiIGZpcnN0X2ZyZV9zZWVuX3ZlcnNpb249IjEzOS4wLjM0MDUuMTI1Ij48dXBkYXRlY2hlY2svPjxwaW5nIGFjdGl2ZT0iMCIgcj0iMjIiIHJkPSI2ODg4IiBwaW5nX2ZyZXNobmVzcz0ie0I1Njk4NEI3LTIwNjAtNEU1MC05RTYwLTU0RTMxNzAzREQyMX0iLz48L2FwcD48YXBwIGFwcGlkPSJ7RjMwMTcyMjYtRkUyQS00Mjk1LThCREYtMDBDM0E5QTdFNEM1fSIgdmVyc2lvbj0iMTQyLjAuMzU5NS41MyIgbmV4dHZlcnNpb249IiIgbGFuZz0iIiBicmFuZD0iRVVXViIgY2xpZW50PSIiIGV4cGVyaW1lbnRzPSJjb25zZW50PWZhbHNlIiBpbnN0YWxsYWdlPSI5NCIgaW5zdGFsbGRhdGU9IjY4MTEiIGNvaG9ydD0icnJmQDAuODIiIHVwZGF0ZV9jb3VudD0iOCIgbGFzdF9sYXVuY2hfY291bnQ9IjEiIGxhc3RfbGF1bmNoX3RpbWU9IjEzNDAzMjA2MzIxODY1NjY4MCI-PHVwZGF0ZWNoZWNrLz48cGluZyBhY3RpdmU9IjAiIHI9IjIyIiByZD0iNjg4OCIgcGluZ19mcmVzaG5lc3M9Ins5Q0VGQTM2Ri0yM0VGLTRDRjgtQjAzOC0wNkE0NjYxMTY0M0J9Ii8-PC9hcHA-PC9yZXF1ZXN0Pg",,"""Process Create:
RuleName: -
UtcTime: 2025-12-02 16:32:10.145
ProcessGuid: {8206e0bc-148a-692f-5c0a-000000000f00}
ProcessId: 11664
Image: C:\Program Files (x86)\Microsoft\EdgeUpdate\MicrosoftEdgeUpdate.exe
FileVersion: 1.3.147.37
Description: Microsoft Edge Update
Product: Microsoft Edge Update
Company: Microsoft Corporation
OriginalFileName: msedgeupdate.dll
CommandLine: ""C:\Program Files (x86)\Microsoft\EdgeUpdate\MicrosoftEdgeUpdate.exe"" /ping PD94bWwgdmVyc2lvbj0iMS4wIiBlbmNvZGluZz0iVVRGLTgiPz48cmVxdWVzdCBwcm90b2NvbD0iMy4wIiB1cGRhdGVyPSJPbWFoYSIgdXBkYXRlcnZlcnNpb249IjEuMy4yMDcuNSIgc2hlbGxfdmVyc2lvbj0iMS4zLjE0Ny4zNyIgaXNtYWNoaW5lPSIxIiBzZXNzaW9uaWQ9InswM0JBOTdENy0yQTkxLTQyRjgtQkVEQy1DQTAwMEZFRDhGMTB9IiB1c2VyaWQ9IntGQkFCOEREMy05NDg4LTQ0OUUtQUM1Ri1DRURGNkY4RUZGNUV9IiBpbnN0YWxsc291cmNlPSJzY2hlZHVsZXIiIHJlcXVlc3RpZD0iezI3OUM3QzgxLUM3QUItNDRBNS05RTZBLTc4NDhBMjMyNENBMn0iIGRlZHVwPSJjciIgZG9tYWluam9pbmVkPSIxIj48aHcgbG9naWNhbF9jcHVzPSIyIiBwaHlzbWVtb3J5PSI0IiBkaXNrX3R5cGU9IjIiIHNzZT0iMSIgc3NlMj0iMSIgc3NlMz0iMSIgc3NzZTM9IjEiIHNzZTQxPSIxIiBzc2U0Mj0iMSIgYXZ4PSIxIi8-PG9zIHBsYXRmb3JtPSJ3aW4iIHZlcnNpb249IjEwLjAuMTkwNDUuNjQ1NiIgc3A9IiIgYXJjaD0ieDY0IiBwcm9kdWN0X3R5cGU9IjQ4IiBpc193aXA9IjAiIGlzX2luX2xvY2tkb3duX21vZGU9IjAiLz48b2VtIHByb2R1Y3RfbWFudWZhY3R1cmVyPSJWTXdhcmUsIEluYy4iIHByb2R1Y3RfbmFtZT0iVk13YXJlMjAsMSIvPjxleHAgZXRhZz0iJnF1b3Q7YkpxM1NBcllsQkhublRBRjI1d3Q2QkpMSStCVlRkREUvT2hvdkRDVkhuVT0mcXVvdDsiLz48YXBwIGFwcGlkPSJ7RjNDNEZFMDAtRUZENS00MDNCLTk1NjktMzk4QTIwRjFCQTRBfSIgdmVyc2lvbj0iMS4zLjIwNy41IiBuZXh0dmVyc2lvbj0iMS4zLjIxMS43IiBsYW5nPSIiIGJyYW5kPSJJTkJYIiBjbGllbnQ9IiIgaW5zdGFsbGFnZT0iOTQiIGNvaG9ydD0icnJmQDAuMjMiPjx1cGRhdGVjaGVjay8-PGV2ZW50IGV2ZW50dHlwZT0iMTIiIGV2ZW50cmVzdWx0PSIxIiBlcnJvcmNvZGU9IjAiIGV4dHJhY29kZTE9IjAiIHN5c3RlbV91cHRpbWVfdGlja3M9IjE0NjkyMTc4MDkxNiIgZG9uZV9iZWZvcmVfb29iZV9jb21wbGV0ZT0iMCIvPjxldmVudCBldmVudHR5cGU9IjEzIiBldmVudHJlc3VsdD0iMSIgZXJyb3Jjb2RlPSIwIiBleHRyYWNvZGUxPSIwIiBzeXN0ZW1fdXB0aW1lX3RpY2tzPSIxNDY5MjE3ODA5MTYiIGRvbmVfYmVmb3JlX29vYmVfY29tcGxldGU9IjAiLz48ZXZlbnQgZXZlbnR0eXBlPSIxNCIgZXZlbnRyZXN1bHQ9IjEiIGVycm9yY29kZT0iMCIgZXh0cmFjb2RlMT0iMCIgc3lzdGVtX3VwdGltZV90aWNrcz0iMTQ2OTUxNjI0NzQ1IiBzb3VyY2VfdXJsX2luZGV4PSIwIiBkb25lX2JlZm9yZV9vb2JlX2NvbXBsZXRlPSIwIiBkb3dubG9hZGVyPSJkbyIgdXJsPSJodHRwOi8vbXNlZGdlLmIudGx1LmRsLmRlbGl2ZXJ5Lm1wLm1pY3Jvc29mdC5jb20vZmlsZXN0cmVhbWluZ3NlcnZpY2UvZmlsZXMvMjdjZDdiNTUtYzQ1ZS00ZTc5LWJkMzgtYzA4ZTViN2Q4ZDlhP1AxPTE3NjUyOTc5MjYmYW1wO1AyPTQwNCZhbXA7UDM9MiZhbXA7UDQ9Tm9TbjFPWERWbDRuTFdlTUhHZlN3eFRYMUZzUnp2ektzaHBuNEQ4YkdkTWo0YUVUekFwNExXWWVKRHBvWTV1THQ3WDRiRHBSQTcwbUNjTVZFUWowMWclM2QlM2QiIHNlcnZlcl9pcF9oaW50PSIiIGNkbl9jaWQ9Ii0xIiBjZG5fY2NjPSIiIGNkbl9tc2VkZ2VfcmVmPSIiIGNkbl9henVyZV9yZWZfb3JpZ2luX3NoaWVsZD0iIiBjZG5fY2FjaGU9IiIgY2RuX3AzcD0iIiBkb3dubG9hZGVkPSIxNjkyMjE2IiB0b3RhbD0iMTY5MjIxNiIgZG93bmxvYWRfdGltZV9tcz0iMjkzNyIvPjxldmVudCBldmVudHR5cGU9IjE0IiBldmVudHJlc3VsdD0iMSIgZXJyb3Jjb2RlPSIwIiBleHRyYWNvZGUxPSIwIiBzeXN0ZW1fdXB0aW1lX3RpY2tzPSIxNDY5NTE3ODE0OTQiIHNvdXJjZV91cmxfaW5kZXg9IjAiIGRvbmVfYmVmb3JlX29vYmVfY29tcGxldGU9IjAiLz48ZXZlbnQgZXZlbnR0eXBlPSIxNSIgZXZlbnRyZXN1bHQ9IjEiIGVycm9yY29kZT0iMCIgZXh0cmFjb2RlMT0iMCIgc3lzdGVtX3VwdGltZV90aWNrcz0iMTQ2OTU3MDkzOTYwIiBkb25lX2JlZm9yZV9vb2JlX2NvbXBsZXRlPSIwIi8-PHBpbmcgcj0iMjIiIHJkPSI2ODg4IiBwaW5nX2ZyZXNobmVzcz0ie0NENzgzRTU2LUZDNDgtNEI4Ny1CNTdBLTY1OUY0MUEyNzA1OH0iLz48L2FwcD48YXBwIGFwcGlkPSJ7NTZFQjE4RjgtQjAwOC00Q0JELUI2RDItOEM5N0ZFN0U5MDYyfSIgdmVyc2lvbj0iMTQyLjAuMzU5NS41MyIgbmV4dHZlcnNpb249IiIgbGFuZz0iIiBicmFuZD0iSU5CWCIgY2xpZW50PSIiIGV4cGVyaW1lbnRzPSJjb25zZW50PWZhbHNlIiBpbnN0YWxsYWdlPSI5NCIgY29ob3J0PSJycmZAMC43OSIgb29iZV9pbnN0YWxsX3RpbWU9IjEzNDAwOTU5MDc3OTczMjY5MCIgdXBkYXRlX2NvdW50PSI3IiBpc19waW5uZWRfc3lzdGVtPSJ0cnVlIiBsYXN0X2xhdW5jaF9jb3VudD0iMSIgbGFzdF9sYXVuY2hfdGltZT0iMTM0MDMyNjkzMzcxMDQwNTUwIiBmaXJzdF9mcmVfc2Vlbl90aW1lPSIxMzQwMTAyMDMxODQ3OTQ2NzAiIGZpcnN0X2ZyZV9zZWVuX3ZlcnNpb249IjEzOS4wLjM0MDUuMTI1Ij48dXBkYXRlY2hlY2svPjxwaW5nIGFjdGl2ZT0iMCIgcj0iMjIiIHJkPSI2ODg4IiBwaW5nX2ZyZXNobmVzcz0ie0I1Njk4NEI3LTIwNjAtNEU1MC05RTYwLTU0RTMxNzAzREQyMX0iLz48L2FwcD48YXBwIGFwcGlkPSJ7RjMwMTcyMjYtRkUyQS00Mjk1LThCREYtMDBDM0E5QTdFNEM1fSIgdmVyc2lvbj0iMTQyLjAuMzU5NS41MyIgbmV4dHZlcnNpb249IiIgbGFuZz0iIiBicmFuZD0iRVVXViIgY2xpZW50PSIiIGV4cGVyaW1lbnRzPSJjb25zZW50PWZhbHNlIiBpbnN0YWxsYWdlPSI5NCIgaW5zdGFsbGRhdGU9IjY4MTEiIGNvaG9ydD0icnJmQDAuODIiIHVwZGF0ZV9jb3VudD0iOCIgbGFzdF9sYXVuY2hfY291bnQ9IjEiIGxhc3RfbGF1bmNoX3RpbWU9IjEzNDAzMjA2MzIxODY1NjY4MCI-PHVwZGF0ZWNoZWNrLz48cGluZyBhY3RpdmU9IjAiIHI9IjIyIiByZD0iNjg4OCIgcGluZ19mcmVzaG5lc3M9Ins5Q0VGQTM2Ri0yM0VGLTRDRjgtQjAzOC0wNkE0NjYxMTY0M0J9Ii8-PC9hcHA-PC9yZXF1ZXN0Pg
CurrentDirectory: C:\Program Files (x86)\Microsoft\EdgeUpdate\1.3.207.5\
User: NT AUTHORITY\SYSTEM
LogonGuid: {8206e0bc-6167-6913-e703-000000000000}
LogonId: 0x3E7
TerminalSessionId: 0
IntegrityLevel: System
Hashes: MD5=C019E421D9F897108E51666CBAE2C8B0,SHA256=3096D8E82917A9B73F322F4B1743E52E9B0C8B3C5933A957E73E29D6973CDD5B,IMPHASH=E00D60405A249A05D3B09AA7FE924B17
ParentProcessGuid: {8206e0bc-1483-692f-580a-000000000f00}
ParentProcessId: 11028
ParentImage: C:\Program Files (x86)\Microsoft\EdgeUpdate\MicrosoftEdgeUpdate.exe
ParentCommandLine: ""C:\Program Files (x86)\Microsoft\EdgeUpdate\MicrosoftEdgeUpdate.exe"" /svc
ParentUser: NT AUTHORITY\SYSTEM""",3,wazuh,0
2025-12-02 16:32:08.848000+00:00,SocWinEP,1,C:\\Program Files (x86)\\Microsoft\\Temp\\EUD47E.tmp\\MicrosoftEdgeUpdate.exe,"\""C:\\Program Files (x86)\\Microsoft\\Temp\\EUD47E.tmp\\MicrosoftEdgeUpdate.exe\"" /update /sessionid \""{03BA97D7-2A91-42F8-BEDC-CA000FED8F10}\""",,"""Process Create:
RuleName: -
UtcTime: 2025-12-02 16:32:10.254
ProcessGuid: {8206e0bc-148a-692f-5d0a-000000000f00}
ProcessId: 10932
Image: C:\Program Files (x86)\Microsoft\Temp\EUD47E.tmp\MicrosoftEdgeUpdate.exe
FileVersion: 1.3.211.7
Description: Microsoft Edge Update
Product: Microsoft Edge Update
Company: Microsoft Corporation
OriginalFileName: msedgeupdate.dll
CommandLine: ""C:\Program Files (x86)\Microsoft\Temp\EUD47E.tmp\MicrosoftEdgeUpdate.exe"" /update /sessionid ""{03BA97D7-2A91-42F8-BEDC-CA000FED8F10}""
CurrentDirectory: C:\Program Files (x86)\Microsoft\EdgeUpdate\1.3.207.5\
User: NT AUTHORITY\SYSTEM
LogonGuid: {8206e0bc-6167-6913-e703-000000000000}
LogonId: 0x3E7
TerminalSessionId: 0
IntegrityLevel: System
Hashes: MD5=F53834BB8E1E63E07A66F09B4DB88BCA,SHA256=0162F600933992087C7C3DAF5611F921A63D44A2852CE60884DEBCBB3DBC994D,IMPHASH=CD3B2D99C6655A5D4A14E30E380F5BF9
ParentProcessGuid: {8206e0bc-148a-692f-5b0a-000000000f00}
ParentProcessId: 12120
ParentImage: C:\Program Files (x86)\Microsoft\EdgeUpdate\Install\{8077C2E4-0916-46C7-909E-CA4D8888AE4E}\MicrosoftEdgeUpdateSetup_X86_1.3.211.7.exe
ParentCommandLine: ""C:\Program Files (x86)\Microsoft\EdgeUpdate\Install\{8077C2E4-0916-46C7-909E-CA4D8888AE4E}\MicrosoftEdgeUpdateSetup_X86_1.3.211.7.exe"" /update /sessionid ""{03BA97D7-2A91-42F8-BEDC-CA000FED8F10}""
ParentUser: NT AUTHORITY\SYSTEM""",3,wazuh,0
2025-12-02 16:32:08.895000+00:00,SocWinEP,4688,,,,"""A new process has been created.

Creator Subject:
	Security ID:		S-1-5-18
	Account Name:		SOCWINEP$
	Account Domain:		SOC
	Logon ID:		0x3E7

Target Subject:
	Security ID:		S-1-0-0
	Account Name:		-
	Account Domain:		-
	Logon ID:		0x0

Process Information:
	New Process ID:		0x2f58
	New Process Name:	C:\Program Files (x86)\Microsoft\EdgeUpdate\Install\{8077C2E4-0916-46C7-909E-CA4D8888AE4E}\MicrosoftEdgeUpdateSetup_X86_1.3.211.7.exe
	Token Elevation Type:	%%1936
	Mandatory Label:		S-1-16-16384
	Creator Process ID:	0x2b14
	Creator Process Name:	C:\Program Files (x86)\Microsoft\EdgeUpdate\MicrosoftEdgeUpdate.exe
	Process Command Line:	

Token Elevation Type indicates the type of token that was assigned to the new process in accordance with User Account Control policy.

Type 1 is a full token with no privileges removed or groups disabled.  A full token is only used if User Account Control is disabled or if the user is the built-in Administrator account or a service account.

Type 2 is an elevated token with no privileges removed or groups disabled.  An elevated token is used when User Account Control is enabled and the user chooses to start the program using Run as administrator.  An elevated token is also used when an application is configured to always require administrative privilege or to always require maximum privilege, and the user is a member of the Administrators group.

Type 3 is a limited token with administrative privileges removed and administrative groups disabled.  The limited token is used when User Account Control is enabled, the application does not require administrative privilege, and the user does not choose to start the program using Run as administrator.""",3,wazuh,0
2025-12-02 16:32:08.911000+00:00,SocWinEP,4688,,,,"""A new process has been created.

Creator Subject:
	Security ID:		S-1-5-18
	Account Name:		SOCWINEP$
	Account Domain:		SOC
	Logon ID:		0x3E7

Target Subject:
	Security ID:		S-1-0-0
	Account Name:		-
	Account Domain:		-
	Logon ID:		0x0

Process Information:
	New Process ID:		0x2d90
	New Process Name:	C:\Program Files (x86)\Microsoft\EdgeUpdate\MicrosoftEdgeUpdate.exe
	Token Elevation Type:	%%1936
	Mandatory Label:		S-1-16-16384
	Creator Process ID:	0x2b14
	Creator Process Name:	C:\Program Files (x86)\Microsoft\EdgeUpdate\MicrosoftEdgeUpdate.exe
	Process Command Line:	

Token Elevation Type indicates the type of token that was assigned to the new process in accordance with User Account Control policy.

Type 1 is a full token with no privileges removed or groups disabled.  A full token is only used if User Account Control is disabled or if the user is the built-in Administrator account or a service account.

Type 2 is an elevated token with no privileges removed or groups disabled.  An elevated token is used when User Account Control is enabled and the user chooses to start the program using Run as administrator.  An elevated token is also used when an application is configured to always require administrative privilege or to always require maximum privilege, and the user is a member of the Administrators group.

Type 3 is a limited token with administrative privileges removed and administrative groups disabled.  The limited token is used when User Account Control is enabled, the application does not require administrative privilege, and the user does not choose to start the program using Run as administrator.""",3,wazuh,0
2025-12-02 16:32:08.942000+00:00,SocWinEP,4688,,,,"""A new process has been created.

Creator Subject:
	Security ID:		S-1-5-18
	Account Name:		SOCWINEP$
	Account Domain:		SOC
	Logon ID:		0x3E7

Target Subject:
	Security ID:		S-1-0-0
	Account Name:		-
	Account Domain:		-
	Logon ID:		0x0

Process Information:
	New Process ID:		0x2ab4
	New Process Name:	C:\Program Files (x86)\Microsoft\Temp\EUD47E.tmp\MicrosoftEdgeUpdate.exe
	Token Elevation Type:	%%1936
	Mandatory Label:		S-1-16-16384
	Creator Process ID:	0x2f58
	Creator Process Name:	C:\Program Files (x86)\Microsoft\EdgeUpdate\Install\{8077C2E4-0916-46C7-909E-CA4D8888AE4E}\MicrosoftEdgeUpdateSetup_X86_1.3.211.7.exe
	Process Command Line:	

Token Elevation Type indicates the type of token that was assigned to the new process in accordance with User Account Control policy.

Type 1 is a full token with no privileges removed or groups disabled.  A full token is only used if User Account Control is disabled or if the user is the built-in Administrator account or a service account.

Type 2 is an elevated token with no privileges removed or groups disabled.  An elevated token is used when User Account Control is enabled and the user chooses to start the program using Run as administrator.  An elevated token is also used when an application is configured to always require administrative privilege or to always require maximum privilege, and the user is a member of the Administrators group.

Type 3 is a limited token with administrative privileges removed and administrative groups disabled.  The limited token is used when User Account Control is enabled, the application does not require administrative privilege, and the user does not choose to start the program using Run as administrator.""",3,wazuh,0
2025-12-02 16:32:08.958000+00:00,SocWinEP,4688,,,,"""A new process has been created.

Creator Subject:
	Security ID:		S-1-5-18
	Account Name:		SOCWINEP$
	Account Domain:		SOC
	Logon ID:		0x3E7

Target Subject:
	Security ID:		S-1-0-0
	Account Name:		-
	Account Domain:		-
	Logon ID:		0x0

Process Information:
	New Process ID:		0x2bfc
	New Process Name:	C:\Program Files (x86)\Microsoft\EdgeUpdate\MicrosoftEdgeUpdate.exe
	Token Elevation Type:	%%1936
	Mandatory Label:		S-1-16-16384
	Creator Process ID:	0x2ab4
	Creator Process Name:	C:\Program Files (x86)\Microsoft\Temp\EUD47E.tmp\MicrosoftEdgeUpdate.exe
	Process Command Line:	

Token Elevation Type indicates the type of token that was assigned to the new process in accordance with User Account Control policy.

Type 1 is a full token with no privileges removed or groups disabled.  A full token is only used if User Account Control is disabled or if the user is the built-in Administrator account or a service account.

Type 2 is an elevated token with no privileges removed or groups disabled.  An elevated token is used when User Account Control is enabled and the user chooses to start the program using Run as administrator.  An elevated token is also used when an application is configured to always require administrative privilege or to always require maximum privilege, and the user is a member of the Administrators group.

Type 3 is a limited token with administrative privileges removed and administrative groups disabled.  The limited token is used when User Account Control is enabled, the application does not require administrative privilege, and the user does not choose to start the program using Run as administrator.""",3,wazuh,0
2025-12-02 16:32:09.005000+00:00,SocWinEP,4688,,,,"""A new process has been created.

Creator Subject:
	Security ID:		S-1-5-18
	Account Name:		SOCWINEP$
	Account Domain:		SOC
	Logon ID:		0x3E7

Target Subject:
	Security ID:		S-1-0-0
	Account Name:		-
	Account Domain:		-
	Logon ID:		0x0

Process Information:
	New Process ID:		0x11e4
	New Process Name:	C:\Program Files (x86)\Microsoft\EdgeUpdate\MicrosoftEdgeUpdate.exe
	Token Elevation Type:	%%1936
	Mandatory Label:		S-1-16-16384
	Creator Process ID:	0x2ab4
	Creator Process Name:	C:\Program Files (x86)\Microsoft\Temp\EUD47E.tmp\MicrosoftEdgeUpdate.exe
	Process Command Line:	

Token Elevation Type indicates the type of token that was assigned to the new process in accordance with User Account Control policy.

Type 1 is a full token with no privileges removed or groups disabled.  A full token is only used if User Account Control is disabled or if the user is the built-in Administrator account or a service account.

Type 2 is an elevated token with no privileges removed or groups disabled.  An elevated token is used when User Account Control is enabled and the user chooses to start the program using Run as administrator.  An elevated token is also used when an application is configured to always require administrative privilege or to always require maximum privilege, and the user is a member of the Administrators group.

Type 3 is a limited token with administrative privileges removed and administrative groups disabled.  The limited token is used when User Account Control is enabled, the application does not require administrative privilege, and the user does not choose to start the program using Run as administrator.""",3,wazuh,0
2025-12-02 16:32:09.177000+00:00,SocWinEP,13,C:\\Program Files (x86)\\Microsoft\\Temp\\EUD47E.tmp\\MicrosoftEdgeUpdate.exe,,HKLM\\SOFTWARE\\Microsoft\\Windows NT\\CurrentVersion\\Image File Execution Options\\MicrosoftEdgeUpdate.exe\\DisableExceptionChainValidation,"""Registry value set:
RuleName: T1183,IFEO
EventType: SetValue
UtcTime: 2025-12-02 16:32:10.607
ProcessGuid: {8206e0bc-148a-692f-5d0a-000000000f00}
ProcessId: 10932
Image: C:\Program Files (x86)\Microsoft\Temp\EUD47E.tmp\MicrosoftEdgeUpdate.exe
TargetObject: HKLM\SOFTWARE\Microsoft\Windows NT\CurrentVersion\Image File Execution Options\MicrosoftEdgeUpdate.exe\DisableExceptionChainValidation
Details: DWORD (0x00000000)
User: NT AUTHORITY\SYSTEM""",3,wazuh,0
2025-12-02 16:32:09.192000+00:00,SocWinEP,1,C:\\Program Files (x86)\\Microsoft\\EdgeUpdate\\MicrosoftEdgeUpdate.exe,"\""C:\\Program Files (x86)\\Microsoft\\EdgeUpdate\\MicrosoftEdgeUpdate.exe\"" /regsvc",,"""Process Create:
RuleName: -
UtcTime: 2025-12-02 16:32:10.609
ProcessGuid: {8206e0bc-148a-692f-5e0a-000000000f00}
ProcessId: 11260
Image: C:\Program Files (x86)\Microsoft\EdgeUpdate\MicrosoftEdgeUpdate.exe
FileVersion: 1.3.211.7
Description: Microsoft Edge Update
Product: Microsoft Edge Update
Company: Microsoft Corporation
OriginalFileName: msedgeupdate.dll
CommandLine: ""C:\Program Files (x86)\Microsoft\EdgeUpdate\MicrosoftEdgeUpdate.exe"" /regsvc
CurrentDirectory: C:\Program Files (x86)\Microsoft\Temp\EUD47E.tmp\
User: NT AUTHORITY\SYSTEM
LogonGuid: {8206e0bc-6167-6913-e703-000000000000}
LogonId: 0x3E7
TerminalSessionId: 0
IntegrityLevel: System
Hashes: MD5=F53834BB8E1E63E07A66F09B4DB88BCA,SHA256=0162F600933992087C7C3DAF5611F921A63D44A2852CE60884DEBCBB3DBC994D,IMPHASH=CD3B2D99C6655A5D4A14E30E380F5BF9
ParentProcessGuid: {8206e0bc-148a-692f-5d0a-000000000f00}
ParentProcessId: 10932
ParentImage: C:\Program Files (x86)\Microsoft\Temp\EUD47E.tmp\MicrosoftEdgeUpdate.exe
ParentCommandLine: ""C:\Program Files (x86)\Microsoft\Temp\EUD47E.tmp\MicrosoftEdgeUpdate.exe"" /update /sessionid ""{03BA97D7-2A91-42F8-BEDC-CA000FED8F10}""
ParentUser: NT AUTHORITY\SYSTEM""",3,wazuh,0
2025-12-02 16:32:09.208000+00:00,SocWinEP,1,C:\\Program Files (x86)\\Microsoft\\EdgeUpdate\\MicrosoftEdgeUpdate.exe,"\""C:\\Program Files (x86)\\Microsoft\\EdgeUpdate\\MicrosoftEdgeUpdate.exe\"" /regserver",,"""Process Create:
RuleName: -
UtcTime: 2025-12-02 16:32:10.677
ProcessGuid: {8206e0bc-148a-692f-5f0a-000000000f00}
ProcessId: 4580
Image: C:\Program Files (x86)\Microsoft\EdgeUpdate\MicrosoftEdgeUpdate.exe
FileVersion: 1.3.211.7
Description: Microsoft Edge Update
Product: Microsoft Edge Update
Company: Microsoft Corporation
OriginalFileName: msedgeupdate.dll
CommandLine: ""C:\Program Files (x86)\Microsoft\EdgeUpdate\MicrosoftEdgeUpdate.exe"" /regserver
CurrentDirectory: C:\Program Files (x86)\Microsoft\Temp\EUD47E.tmp\
User: NT AUTHORITY\SYSTEM
LogonGuid: {8206e0bc-6167-6913-e703-000000000000}
LogonId: 0x3E7
TerminalSessionId: 0
IntegrityLevel: System
Hashes: MD5=F53834BB8E1E63E07A66F09B4DB88BCA,SHA256=0162F600933992087C7C3DAF5611F921A63D44A2852CE60884DEBCBB3DBC994D,IMPHASH=CD3B2D99C6655A5D4A14E30E380F5BF9
ParentProcessGuid: {8206e0bc-148a-692f-5d0a-000000000f00}
ParentProcessId: 10932
ParentImage: C:\Program Files (x86)\Microsoft\Temp\EUD47E.tmp\MicrosoftEdgeUpdate.exe
ParentCommandLine: ""C:\Program Files (x86)\Microsoft\Temp\EUD47E.tmp\MicrosoftEdgeUpdate.exe"" /update /sessionid ""{03BA97D7-2A91-42F8-BEDC-CA000FED8F10}""
ParentUser: NT AUTHORITY\SYSTEM""",3,wazuh,0
2025-12-02 16:32:09.239000+00:00,SocWinEP,13,C:\\Windows\\System32\\svchost.exe,,\\REGISTRY\\A\\{88406cf8-9081-fff1-d219-080b5a4032cc}\\Root\\InventoryApplicationFile\\microsoftedgeupd|16b77fc37645e195\\Publisher,"""Registry value set:
RuleName: InvDB-Pub
EventType: SetValue
UtcTime: 2025-12-02 16:32:10.701
ProcessGuid: {8206e0bc-6168-6913-3d00-000000000f00}
ProcessId: 2644
Image: C:\Windows\System32\svchost.exe
TargetObject: \REGISTRY\A\{88406cf8-9081-fff1-d219-080b5a4032cc}\Root\InventoryApplicationFile\microsoftedgeupd|16b77fc37645e195\Publisher
Details: microsoft corporation
User: NT AUTHORITY\SYSTEM""",3,wazuh,0
2025-12-02 16:32:09.239000+00:00,SocWinEP,13,C:\\Windows\\System32\\svchost.exe,,\\REGISTRY\\A\\{88406cf8-9081-fff1-d219-080b5a4032cc}\\Root\\InventoryApplicationFile\\microsoftedgeupd|16b77fc37645e195\\LowerCaseLongPath,"""Registry value set:
RuleName: InvDB-Path
EventType: SetValue
UtcTime: 2025-12-02 16:32:10.701
ProcessGuid: {8206e0bc-6168-6913-3d00-000000000f00}
ProcessId: 2644
Image: C:\Windows\System32\svchost.exe
TargetObject: \REGISTRY\A\{88406cf8-9081-fff1-d219-080b5a4032cc}\Root\InventoryApplicationFile\microsoftedgeupd|16b77fc37645e195\LowerCaseLongPath
Details: c:\program files (x86)\microsoft\edgeupdate\install\{8077c2e4-0916-46c7-909e-ca4d8888ae4e}\microsoftedgeupdatesetup_x86_1.3.211.7.exe
User: NT AUTHORITY\SYSTEM""",3,wazuh,0
2025-12-02 16:32:09.255000+00:00,SocWinEP,13,C:\\Windows\\System32\\svchost.exe,,\\REGISTRY\\A\\{88406cf8-9081-fff1-d219-080b5a4032cc}\\Root\\InventoryApplicationFile\\microsoftedgeupd|16b77fc37645e195\\LinkDate,"""Registry value set:
RuleName: InvDB-CompileTimeClaim
EventType: SetValue
UtcTime: 2025-12-02 16:32:10.701
ProcessGuid: {8206e0bc-6168-6913-3d00-000000000f00}
ProcessId: 2644
Image: C:\Windows\System32\svchost.exe
TargetObject: \REGISTRY\A\{88406cf8-9081-fff1-d219-080b5a4032cc}\Root\InventoryApplicationFile\microsoftedgeupd|16b77fc37645e195\LinkDate
Details: 11/25/2025 18:22:17
User: NT AUTHORITY\SYSTEM""",3,wazuh,0
2025-12-02 16:32:09.270000+00:00,SocWinEP,13,C:\\Windows\\System32\\svchost.exe,,\\REGISTRY\\A\\{88406cf8-9081-fff1-d219-080b5a4032cc}\\Root\\InventoryApplicationFile\\microsoftedgeupd|16b77fc37645e195\\BinProductVersion,"""Registry value set:
RuleName: InvDB-Ver
EventType: SetValue
UtcTime: 2025-12-02 16:32:10.701
ProcessGuid: {8206e0bc-6168-6913-3d00-000000000f00}
ProcessId: 2644
Image: C:\Windows\System32\svchost.exe
TargetObject: \REGISTRY\A\{88406cf8-9081-fff1-d219-080b5a4032cc}\Root\InventoryApplicationFile\microsoftedgeupd|16b77fc37645e195\BinProductVersion
Details: 1.3.211.7
User: NT AUTHORITY\SYSTEM""",3,wazuh,0
2025-12-02 16:32:09.286000+00:00,SocWinEP,1,C:\\Program Files (x86)\\Microsoft\\EdgeUpdate\\1.3.211.7\\MicrosoftEdgeUpdateComRegisterShell64.exe,"\""C:\\Program Files (x86)\\Microsoft\\EdgeUpdate\\1.3.211.7\\MicrosoftEdgeUpdateComRegisterShell64.exe\""",,"""Process Create:
RuleName: -
UtcTime: 2025-12-02 16:32:10.717
ProcessGuid: {8206e0bc-148a-692f-600a-000000000f00}
ProcessId: 3460
Image: C:\Program Files (x86)\Microsoft\EdgeUpdate\1.3.211.7\MicrosoftEdgeUpdateComRegisterShell64.exe
FileVersion: 1.3.211.7
Description: Microsoft Edge Update COM Registration Helper
Product: Microsoft Edge Update
Company: Microsoft Corporation
OriginalFileName: MicrosoftEdgeUpdateComRegisterShell64.exe
CommandLine: ""C:\Program Files (x86)\Microsoft\EdgeUpdate\1.3.211.7\MicrosoftEdgeUpdateComRegisterShell64.exe""   
CurrentDirectory: C:\Program Files (x86)\Microsoft\EdgeUpdate\1.3.211.7\
User: NT AUTHORITY\SYSTEM
LogonGuid: {8206e0bc-6167-6913-e703-000000000000}
LogonId: 0x3E7
TerminalSessionId: 0
IntegrityLevel: System
Hashes: MD5=6C32E74B006B0BC3A8D536A21C8DB62D,SHA256=CBFF7AC5A38DCC92D57D584093798AD236C95F6D4643FF762D8CA04631D16A2B,IMPHASH=9AF6910BC05E23C793BC38F5603DF9F1
ParentProcessGuid: {8206e0bc-148a-692f-5f0a-000000000f00}
ParentProcessId: 4580
ParentImage: C:\Program Files (x86)\Microsoft\EdgeUpdate\MicrosoftEdgeUpdate.exe
ParentCommandLine: ""C:\Program Files (x86)\Microsoft\EdgeUpdate\MicrosoftEdgeUpdate.exe"" /regserver
ParentUser: NT AUTHORITY\SYSTEM""",3,wazuh,0
2025-12-02 16:32:09.302000+00:00,SocWinEP,13,C:\\Program Files (x86)\\Microsoft\\EdgeUpdate\\1.3.211.7\\MicrosoftEdgeUpdateComRegisterShell64.exe,,HKCR\\CLSID\\{9E8F1B36-249F-4FC3-9994-974AFAA07B26}\\InprocServer32\\(Default),"""Registry value set:
RuleName: T1122
EventType: SetValue
UtcTime: 2025-12-02 16:32:10.732
ProcessGuid: {8206e0bc-148a-692f-600a-000000000f00}
ProcessId: 3460
Image: C:\Program Files (x86)\Microsoft\EdgeUpdate\1.3.211.7\MicrosoftEdgeUpdateComRegisterShell64.exe
TargetObject: HKCR\CLSID\{9E8F1B36-249F-4FC3-9994-974AFAA07B26}\InprocServer32\(Default)
Details: C:\Program Files (x86)\Microsoft\EdgeUpdate\1.3.211.7\psmachine_64.dll
User: NT AUTHORITY\SYSTEM""",3,wazuh,0
2025-12-02 16:32:09.317000+00:00,SocWinEP,13,C:\\Program Files (x86)\\Microsoft\\EdgeUpdate\\1.3.211.7\\MicrosoftEdgeUpdateComRegisterShell64.exe,,HKCR\\CLSID\\{A2F5CB38-265F-4A02-9D1E-F25B664968AB}\\InprocServer32\\(Default),"""Registry value set:
RuleName: T1122
EventType: SetValue
UtcTime: 2025-12-02 16:32:10.732
ProcessGuid: {8206e0bc-148a-692f-600a-000000000f00}
ProcessId: 3460
Image: C:\Program Files (x86)\Microsoft\EdgeUpdate\1.3.211.7\MicrosoftEdgeUpdateComRegisterShell64.exe
TargetObject: HKCR\CLSID\{A2F5CB38-265F-4A02-9D1E-F25B664968AB}\InprocServer32\(Default)
Details: C:\Program Files (x86)\Microsoft\EdgeUpdate\1.3.211.7\psmachine_64.dll
User: NT AUTHORITY\SYSTEM""",3,wazuh,0
2025-12-02 16:32:09.348000+00:00,SocWinEP,13,C:\\Program Files (x86)\\Microsoft\\EdgeUpdate\\1.3.211.7\\MicrosoftEdgeUpdateComRegisterShell64.exe,,HKCR\\CLSID\\{1C0F09F5-4CD0-49ED-BD58-238390105836}\\InProcServer32\\(Default),"""Registry value set:
RuleName: T1122
EventType: SetValue
UtcTime: 2025-12-02 16:32:10.732
ProcessGuid: {8206e0bc-148a-692f-600a-000000000f00}
ProcessId: 3460
Image: C:\Program Files (x86)\Microsoft\EdgeUpdate\1.3.211.7\MicrosoftEdgeUpdateComRegisterShell64.exe
TargetObject: HKCR\CLSID\{1C0F09F5-4CD0-49ED-BD58-238390105836}\InProcServer32\(Default)
Details: C:\Program Files (x86)\Microsoft\EdgeUpdate\1.3.211.7\psmachine_64.dll
User: NT AUTHORITY\SYSTEM""",3,wazuh,0
2025-12-02 16:32:09.348000+00:00,SocWinEP,13,C:\\Program Files (x86)\\Microsoft\\EdgeUpdate\\MicrosoftEdgeUpdate.exe,,HKCR\\WOW6432Node\\CLSID\\{9E8F1B36-249F-4FC3-9994-974AFAA07B26}\\InprocServer32\\(Default),"""Registry value set:
RuleName: T1122
EventType: SetValue
UtcTime: 2025-12-02 16:32:10.748
ProcessGuid: {8206e0bc-148a-692f-5f0a-000000000f00}
ProcessId: 4580
Image: C:\Program Files (x86)\Microsoft\EdgeUpdate\MicrosoftEdgeUpdate.exe
TargetObject: HKCR\WOW6432Node\CLSID\{9E8F1B36-249F-4FC3-9994-974AFAA07B26}\InprocServer32\(Default)
Details: C:\Program Files (x86)\Microsoft\EdgeUpdate\1.3.211.7\psmachine.dll
User: NT AUTHORITY\SYSTEM""",3,wazuh,0
2025-12-02 16:32:09.364000+00:00,SocWinEP,13,C:\\Program Files (x86)\\Microsoft\\EdgeUpdate\\MicrosoftEdgeUpdate.exe,,HKCR\\WOW6432Node\\CLSID\\{A2F5CB38-265F-4A02-9D1E-F25B664968AB}\\InprocServer32\\(Default),"""Registry value set:
RuleName: T1122
EventType: SetValue
UtcTime: 2025-12-02 16:32:10.748
ProcessGuid: {8206e0bc-148a-692f-5f0a-000000000f00}
ProcessId: 4580
Image: C:\Program Files (x86)\Microsoft\EdgeUpdate\MicrosoftEdgeUpdate.exe
TargetObject: HKCR\WOW6432Node\CLSID\{A2F5CB38-265F-4A02-9D1E-F25B664968AB}\InprocServer32\(Default)
Details: C:\Program Files (x86)\Microsoft\EdgeUpdate\1.3.211.7\psmachine.dll
User: NT AUTHORITY\SYSTEM""",3,wazuh,0
2025-12-02 16:32:09.380000+00:00,SocWinEP,13,C:\\Program Files (x86)\\Microsoft\\EdgeUpdate\\MicrosoftEdgeUpdate.exe,,HKCR\\WOW6432Node\\CLSID\\{1C0F09F5-4CD0-49ED-BD58-238390105836}\\InProcServer32\\(Default),"""Registry value set:
RuleName: T1122
EventType: SetValue
UtcTime: 2025-12-02 16:32:10.748
ProcessGuid: {8206e0bc-148a-692f-5f0a-000000000f00}
ProcessId: 4580
Image: C:\Program Files (x86)\Microsoft\EdgeUpdate\MicrosoftEdgeUpdate.exe
TargetObject: HKCR\WOW6432Node\CLSID\{1C0F09F5-4CD0-49ED-BD58-238390105836}\InProcServer32\(Default)
Details: C:\Program Files (x86)\Microsoft\EdgeUpdate\1.3.211.7\psmachine.dll
User: NT AUTHORITY\SYSTEM""",3,wazuh,0
2025-12-02 16:32:09.411000+00:00,SocWinEP,13,C:\\Program Files (x86)\\Microsoft\\EdgeUpdate\\1.3.211.7\\MicrosoftEdgeUpdateComRegisterShell64.exe,,HKCR\\CLSID\\{9E8F1B36-249F-4FC3-9994-974AFAA07B26}\\InprocServer32\\(Default),"""Registry value set:
RuleName: T1122
EventType: SetValue
UtcTime: 2025-12-02 16:32:10.764
ProcessGuid: {8206e0bc-148a-692f-610a-000000000f00}
ProcessId: 10556
Image: C:\Program Files (x86)\Microsoft\EdgeUpdate\1.3.211.7\MicrosoftEdgeUpdateComRegisterShell64.exe
TargetObject: HKCR\CLSID\{9E8F1B36-249F-4FC3-9994-974AFAA07B26}\InprocServer32\(Default)
Details: C:\Program Files (x86)\Microsoft\EdgeUpdate\1.3.211.7\psmachine_64.dll
User: NT AUTHORITY\SYSTEM""",3,wazuh,0
2025-12-02 16:32:09.411000+00:00,SocWinEP,1,C:\\Program Files (x86)\\Microsoft\\EdgeUpdate\\1.3.211.7\\MicrosoftEdgeUpdateComRegisterShell64.exe,"\""C:\\Program Files (x86)\\Microsoft\\EdgeUpdate\\1.3.211.7\\MicrosoftEdgeUpdateComRegisterShell64.exe\""",,"""Process Create:
RuleName: -
UtcTime: 2025-12-02 16:32:10.762
ProcessGuid: {8206e0bc-148a-692f-610a-000000000f00}
ProcessId: 10556
Image: C:\Program Files (x86)\Microsoft\EdgeUpdate\1.3.211.7\MicrosoftEdgeUpdateComRegisterShell64.exe
FileVersion: 1.3.211.7
Description: Microsoft Edge Update COM Registration Helper
Product: Microsoft Edge Update
Company: Microsoft Corporation
OriginalFileName: MicrosoftEdgeUpdateComRegisterShell64.exe
CommandLine: ""C:\Program Files (x86)\Microsoft\EdgeUpdate\1.3.211.7\MicrosoftEdgeUpdateComRegisterShell64.exe""   
CurrentDirectory: C:\Program Files (x86)\Microsoft\EdgeUpdate\1.3.211.7\
User: NT AUTHORITY\SYSTEM
LogonGuid: {8206e0bc-6167-6913-e703-000000000000}
LogonId: 0x3E7
TerminalSessionId: 0
IntegrityLevel: System
Hashes: MD5=6C32E74B006B0BC3A8D536A21C8DB62D,SHA256=CBFF7AC5A38DCC92D57D584093798AD236C95F6D4643FF762D8CA04631D16A2B,IMPHASH=9AF6910BC05E23C793BC38F5603DF9F1
ParentProcessGuid: {8206e0bc-148a-692f-5f0a-000000000f00}
ParentProcessId: 4580
ParentImage: C:\Program Files (x86)\Microsoft\EdgeUpdate\MicrosoftEdgeUpdate.exe
ParentCommandLine: ""C:\Program Files (x86)\Microsoft\EdgeUpdate\MicrosoftEdgeUpdate.exe"" /regserver
ParentUser: NT AUTHORITY\SYSTEM""",3,wazuh,0
2025-12-02 16:32:09.427000+00:00,SocWinEP,13,C:\\Program Files (x86)\\Microsoft\\EdgeUpdate\\1.3.211.7\\MicrosoftEdgeUpdateComRegisterShell64.exe,,HKCR\\CLSID\\{A2F5CB38-265F-4A02-9D1E-F25B664968AB}\\InprocServer32\\(Default),"""Registry value set:
RuleName: T1122
EventType: SetValue
UtcTime: 2025-12-02 16:32:10.764
ProcessGuid: {8206e0bc-148a-692f-610a-000000000f00}
ProcessId: 10556
Image: C:\Program Files (x86)\Microsoft\EdgeUpdate\1.3.211.7\MicrosoftEdgeUpdateComRegisterShell64.exe
TargetObject: HKCR\CLSID\{A2F5CB38-265F-4A02-9D1E-F25B664968AB}\InprocServer32\(Default)
Details: C:\Program Files (x86)\Microsoft\EdgeUpdate\1.3.211.7\psmachine_64.dll
User: NT AUTHORITY\SYSTEM""",3,wazuh,0
2025-12-02 16:32:09.442000+00:00,SocWinEP,13,C:\\Program Files (x86)\\Microsoft\\EdgeUpdate\\1.3.211.7\\MicrosoftEdgeUpdateComRegisterShell64.exe,,HKCR\\CLSID\\{1C0F09F5-4CD0-49ED-BD58-238390105836}\\InProcServer32\\(Default),"""Registry value set:
RuleName: T1122
EventType: SetValue
UtcTime: 2025-12-02 16:32:10.764
ProcessGuid: {8206e0bc-148a-692f-610a-000000000f00}
ProcessId: 10556
Image: C:\Program Files (x86)\Microsoft\EdgeUpdate\1.3.211.7\MicrosoftEdgeUpdateComRegisterShell64.exe
TargetObject: HKCR\CLSID\{1C0F09F5-4CD0-49ED-BD58-238390105836}\InProcServer32\(Default)
Details: C:\Program Files (x86)\Microsoft\EdgeUpdate\1.3.211.7\psmachine_64.dll
User: NT AUTHORITY\SYSTEM""",3,wazuh,0
2025-12-02 16:32:09.474000+00:00,SocWinEP,13,C:\\Program Files (x86)\\Microsoft\\EdgeUpdate\\MicrosoftEdgeUpdate.exe,,HKCR\\WOW6432Node\\CLSID\\{A2F5CB38-265F-4A02-9D1E-F25B664968AB}\\InprocServer32\\(Default),"""Registry value set:
RuleName: T1122
EventType: SetValue
UtcTime: 2025-12-02 16:32:10.779
ProcessGuid: {8206e0bc-148a-692f-5f0a-000000000f00}
ProcessId: 4580
Image: C:\Program Files (x86)\Microsoft\EdgeUpdate\MicrosoftEdgeUpdate.exe
TargetObject: HKCR\WOW6432Node\CLSID\{A2F5CB38-265F-4A02-9D1E-F25B664968AB}\InprocServer32\(Default)
Details: C:\Program Files (x86)\Microsoft\EdgeUpdate\1.3.211.7\psmachine.dll
User: NT AUTHORITY\SYSTEM""",3,wazuh,0
2025-12-02 16:32:09.474000+00:00,SocWinEP,13,C:\\Program Files (x86)\\Microsoft\\EdgeUpdate\\MicrosoftEdgeUpdate.exe,,HKCR\\WOW6432Node\\CLSID\\{9E8F1B36-249F-4FC3-9994-974AFAA07B26}\\InprocServer32\\(Default),"""Registry value set:
RuleName: T1122
EventType: SetValue
UtcTime: 2025-12-02 16:32:10.779
ProcessGuid: {8206e0bc-148a-692f-5f0a-000000000f00}
ProcessId: 4580
Image: C:\Program Files (x86)\Microsoft\EdgeUpdate\MicrosoftEdgeUpdate.exe
TargetObject: HKCR\WOW6432Node\CLSID\{9E8F1B36-249F-4FC3-9994-974AFAA07B26}\InprocServer32\(Default)
Details: C:\Program Files (x86)\Microsoft\EdgeUpdate\1.3.211.7\psmachine.dll
User: NT AUTHORITY\SYSTEM""",3,wazuh,0
2025-12-02 16:32:09.489000+00:00,SocWinEP,13,C:\\Program Files (x86)\\Microsoft\\EdgeUpdate\\MicrosoftEdgeUpdate.exe,,HKCR\\WOW6432Node\\CLSID\\{1C0F09F5-4CD0-49ED-BD58-238390105836}\\InProcServer32\\(Default),"""Registry value set:
RuleName: T1122
EventType: SetValue
UtcTime: 2025-12-02 16:32:10.779
ProcessGuid: {8206e0bc-148a-692f-5f0a-000000000f00}
ProcessId: 4580
Image: C:\Program Files (x86)\Microsoft\EdgeUpdate\MicrosoftEdgeUpdate.exe
TargetObject: HKCR\WOW6432Node\CLSID\{1C0F09F5-4CD0-49ED-BD58-238390105836}\InProcServer32\(Default)
Details: C:\Program Files (x86)\Microsoft\EdgeUpdate\1.3.211.7\psmachine.dll
User: NT AUTHORITY\SYSTEM""",3,wazuh,0
2025-12-02 16:32:09.505000+00:00,SocWinEP,1,C:\\Program Files (x86)\\Microsoft\\EdgeUpdate\\1.3.211.7\\MicrosoftEdgeUpdateComRegisterShell64.exe,"\""C:\\Program Files (x86)\\Microsoft\\EdgeUpdate\\1.3.211.7\\MicrosoftEdgeUpdateComRegisterShell64.exe\""",,"""Process Create:
RuleName: -
UtcTime: 2025-12-02 16:32:10.799
ProcessGuid: {8206e0bc-148a-692f-620a-000000000f00}
ProcessId: 11176
Image: C:\Program Files (x86)\Microsoft\EdgeUpdate\1.3.211.7\MicrosoftEdgeUpdateComRegisterShell64.exe
FileVersion: 1.3.211.7
Description: Microsoft Edge Update COM Registration Helper
Product: Microsoft Edge Update
Company: Microsoft Corporation
OriginalFileName: MicrosoftEdgeUpdateComRegisterShell64.exe
CommandLine: ""C:\Program Files (x86)\Microsoft\EdgeUpdate\1.3.211.7\MicrosoftEdgeUpdateComRegisterShell64.exe""   
CurrentDirectory: C:\Program Files (x86)\Microsoft\EdgeUpdate\1.3.211.7\
User: NT AUTHORITY\SYSTEM
LogonGuid: {8206e0bc-6167-6913-e703-000000000000}
LogonId: 0x3E7
TerminalSessionId: 0
IntegrityLevel: System
Hashes: MD5=6C32E74B006B0BC3A8D536A21C8DB62D,SHA256=CBFF7AC5A38DCC92D57D584093798AD236C95F6D4643FF762D8CA04631D16A2B,IMPHASH=9AF6910BC05E23C793BC38F5603DF9F1
ParentProcessGuid: {8206e0bc-148a-692f-5f0a-000000000f00}
ParentProcessId: 4580
ParentImage: C:\Program Files (x86)\Microsoft\EdgeUpdate\MicrosoftEdgeUpdate.exe
ParentCommandLine: ""C:\Program Files (x86)\Microsoft\EdgeUpdate\MicrosoftEdgeUpdate.exe"" /regserver
ParentUser: NT AUTHORITY\SYSTEM""",3,wazuh,0
2025-12-02 16:32:09.520000+00:00,SocWinEP,13,C:\\Program Files (x86)\\Microsoft\\EdgeUpdate\\1.3.211.7\\MicrosoftEdgeUpdateComRegisterShell64.exe,,HKCR\\CLSID\\{9E8F1B36-249F-4FC3-9994-974AFAA07B26}\\InprocServer32\\(Default),"""Registry value set:
RuleName: T1122
EventType: SetValue
UtcTime: 2025-12-02 16:32:10.811
ProcessGuid: {8206e0bc-148a-692f-620a-000000000f00}
ProcessId: 11176
Image: C:\Program Files (x86)\Microsoft\EdgeUpdate\1.3.211.7\MicrosoftEdgeUpdateComRegisterShell64.exe
TargetObject: HKCR\CLSID\{9E8F1B36-249F-4FC3-9994-974AFAA07B26}\InprocServer32\(Default)
Details: C:\Program Files (x86)\Microsoft\EdgeUpdate\1.3.211.7\psmachine_64.dll
User: NT AUTHORITY\SYSTEM""",3,wazuh,0
2025-12-02 16:32:09.536000+00:00,SocWinEP,13,C:\\Program Files (x86)\\Microsoft\\EdgeUpdate\\1.3.211.7\\MicrosoftEdgeUpdateComRegisterShell64.exe,,HKCR\\CLSID\\{A2F5CB38-265F-4A02-9D1E-F25B664968AB}\\InprocServer32\\(Default),"""Registry value set:
RuleName: T1122
EventType: SetValue
UtcTime: 2025-12-02 16:32:10.811
ProcessGuid: {8206e0bc-148a-692f-620a-000000000f00}
ProcessId: 11176
Image: C:\Program Files (x86)\Microsoft\EdgeUpdate\1.3.211.7\MicrosoftEdgeUpdateComRegisterShell64.exe
TargetObject: HKCR\CLSID\{A2F5CB38-265F-4A02-9D1E-F25B664968AB}\InprocServer32\(Default)
Details: C:\Program Files (x86)\Microsoft\EdgeUpdate\1.3.211.7\psmachine_64.dll
User: NT AUTHORITY\SYSTEM""",3,wazuh,0
2025-12-02 16:32:09.568000+00:00,SocWinEP,13,C:\\Program Files (x86)\\Microsoft\\EdgeUpdate\\1.3.211.7\\MicrosoftEdgeUpdateComRegisterShell64.exe,,HKCR\\CLSID\\{1C0F09F5-4CD0-49ED-BD58-238390105836}\\InProcServer32\\(Default),"""Registry value set:
RuleName: T1122
EventType: SetValue
UtcTime: 2025-12-02 16:32:10.811
ProcessGuid: {8206e0bc-148a-692f-620a-000000000f00}
ProcessId: 11176
Image: C:\Program Files (x86)\Microsoft\EdgeUpdate\1.3.211.7\MicrosoftEdgeUpdateComRegisterShell64.exe
TargetObject: HKCR\CLSID\{1C0F09F5-4CD0-49ED-BD58-238390105836}\InProcServer32\(Default)
Details: C:\Program Files (x86)\Microsoft\EdgeUpdate\1.3.211.7\psmachine_64.dll
User: NT AUTHORITY\SYSTEM""",3,wazuh,0
2025-12-02 16:32:09.568000+00:00,SocWinEP,13,C:\\Program Files (x86)\\Microsoft\\EdgeUpdate\\MicrosoftEdgeUpdate.exe,,HKCR\\WOW6432Node\\CLSID\\{9E8F1B36-249F-4FC3-9994-974AFAA07B26}\\InprocServer32\\(Default),"""Registry value set:
RuleName: T1122
EventType: SetValue
UtcTime: 2025-12-02 16:32:10.811
ProcessGuid: {8206e0bc-148a-692f-5f0a-000000000f00}
ProcessId: 4580
Image: C:\Program Files (x86)\Microsoft\EdgeUpdate\MicrosoftEdgeUpdate.exe
TargetObject: HKCR\WOW6432Node\CLSID\{9E8F1B36-249F-4FC3-9994-974AFAA07B26}\InprocServer32\(Default)
Details: C:\Program Files (x86)\Microsoft\EdgeUpdate\1.3.211.7\psmachine.dll
User: NT AUTHORITY\SYSTEM""",3,wazuh,0
2025-12-02 16:32:09.583000+00:00,SocWinEP,13,C:\\Program Files (x86)\\Microsoft\\EdgeUpdate\\MicrosoftEdgeUpdate.exe,,HKCR\\WOW6432Node\\CLSID\\{A2F5CB38-265F-4A02-9D1E-F25B664968AB}\\InprocServer32\\(Default),"""Registry value set:
RuleName: T1122
EventType: SetValue
UtcTime: 2025-12-02 16:32:10.811
ProcessGuid: {8206e0bc-148a-692f-5f0a-000000000f00}
ProcessId: 4580
Image: C:\Program Files (x86)\Microsoft\EdgeUpdate\MicrosoftEdgeUpdate.exe
TargetObject: HKCR\WOW6432Node\CLSID\{A2F5CB38-265F-4A02-9D1E-F25B664968AB}\InprocServer32\(Default)
Details: C:\Program Files (x86)\Microsoft\EdgeUpdate\1.3.211.7\psmachine.dll
User: NT AUTHORITY\SYSTEM""",3,wazuh,0
2025-12-02 16:32:09.599000+00:00,SocWinEP,13,C:\\Program Files (x86)\\Microsoft\\EdgeUpdate\\MicrosoftEdgeUpdate.exe,,HKCR\\WOW6432Node\\CLSID\\{1C0F09F5-4CD0-49ED-BD58-238390105836}\\InProcServer32\\(Default),"""Registry value set:
RuleName: T1122
EventType: SetValue
UtcTime: 2025-12-02 16:32:10.811
ProcessGuid: {8206e0bc-148a-692f-5f0a-000000000f00}
ProcessId: 4580
Image: C:\Program Files (x86)\Microsoft\EdgeUpdate\MicrosoftEdgeUpdate.exe
TargetObject: HKCR\WOW6432Node\CLSID\{1C0F09F5-4CD0-49ED-BD58-238390105836}\InProcServer32\(Default)
Details: C:\Program Files (x86)\Microsoft\EdgeUpdate\1.3.211.7\psmachine.dll
User: NT AUTHORITY\SYSTEM""",3,wazuh,0
