	Account Domain:		SOC
	Logon ID:		0x3E4

Process Information:
	New Process ID:		0x474
	New Process Name:	C:\Windows\System32\sppsvc.exe
	Token Elevation Type:	TokenElevationTypeDefault (1)
	Mandatory Label:		S-1-16-16384
	Creator Process ID:	0x274
	Creator Process Name:	C:\Windows\System32\services.exe
	Process Command Line:	

Token Elevation Type indicates the type of token that was assigned to the new process in accordance with User Account Control policy.

Type 1 is a full token with no privileges removed or groups disabled.  A full token is only used if User Account Control is disabled or if the user is the built-in Administrator account or a service account.

Type 2 is an elevated token with no privileges removed or groups disabled.  An elevated token is used when User Account Control is enabled and the user chooses to start the program using Run as administrator.  An elevated token is also used when an application is configured to always require administrative privilege or to always require maximum privilege, and the user is a member of the Administrators group.

Type 3 is a limited token with administrative privileges removed and administrative groups disabled.  The limited token is used when User Account Control is enabled, the application does not require administrative privilege, and the user does not choose to start the program using Run as administrator.""",3,wazuh,0
2025-12-02 01:41:41.019000+00:00,Active_Directory_Server,4673,,,,"""A privileged service was called.

Subject:
	Security ID:		S-1-5-20
	Account Name:		AD-DC-SERVER$
	Account Domain:		SOC
	Logon ID:		0x3E4

Service:
	Server:	Security
	Service Name:	-

Process:
	Process ID:	0x474
	Process Name:	C:\Windows\System32\sppsvc.exe

Service Request Information:
	Privileges:		SeProfileSingleProcessPrivilege""",4,wazuh,0
2025-12-02 01:42:10.140000+00:00,Active_Directory_Server,16384,,,,"""Successfully scheduled Software Protection service for re-start at 2026-01-27T06:13:12Z. Reason: RulesEngine.""",3,wazuh,0
2025-12-02 01:50:24.130000+00:00,Active_Directory_Server,4688,,,,"""A new process has been created.

Creator Subject:
	Security ID:		S-1-5-18
	Account Name:		AD-DC-SERVER$
	Account Domain:		SOC
	Logon ID:		0x3E7

Target Subject:
	Security ID:		S-1-0-0
	Account Name:		-
	Account Domain:		-
	Logon ID:		0x0

Process Information:
	New Process ID:		0xacc
	New Process Name:	C:\Windows\System32\taskhostw.exe
	Token Elevation Type:	TokenElevationTypeDefault (1)
	Mandatory Label:		S-1-16-16384
	Creator Process ID:	0x598
	Creator Process Name:	C:\Windows\System32\svchost.exe
	Process Command Line:	

Token Elevation Type indicates the type of token that was assigned to the new process in accordance with User Account Control policy.

Type 1 is a full token with no privileges removed or groups disabled.  A full token is only used if User Account Control is disabled or if the user is the built-in Administrator account or a service account.

Type 2 is an elevated token with no privileges removed or groups disabled.  An elevated token is used when User Account Control is enabled and the user chooses to start the program using Run as administrator.  An elevated token is also used when an application is configured to always require administrative privilege or to always require maximum privilege, and the user is a member of the Administrators group.

Type 3 is a limited token with administrative privileges removed and administrative groups disabled.  The limited token is used when User Account Control is enabled, the application does not require administrative privilege, and the user does not choose to start the program using Run as administrator.""",3,wazuh,0
2025-12-02 01:50:24.131000+00:00,Active_Directory_Server,1,C:\\Windows\\System32\\taskhostw.exe,taskhostw.exe,,"""Process Create:
RuleName: -
UtcTime: 2025-12-02 01:50:25.756
ProcessGuid: {b4c300ce-45e1-692e-1211-000000001100}
ProcessId: 2764
Image: C:\Windows\System32\taskhostw.exe
FileVersion: 10.0.20348.1 (WinBuild.160101.0800)
Description: Host Process for Windows Tasks
Product: Microsoft® Windows® Operating System
Company: Microsoft Corporation
OriginalFileName: taskhostw.exe
CommandLine: taskhostw.exe
CurrentDirectory: C:\Windows\system32\
User: NT AUTHORITY\SYSTEM
LogonGuid: {b4c300ce-31c3-6928-e703-000000000000}
LogonId: 0x3E7
TerminalSessionId: 0
IntegrityLevel: System
Hashes: MD5=5487316514F4ADA7E6E0BD9EAA2256E7,SHA256=F447AE2E838D4DE71CA4BABA321FEA67DABB38AA4321EFAC81F3FF03CF55FE0A,IMPHASH=1C4E2D9936E4D9F2490B08AAB4D24260
ParentProcessGuid: {b4c300ce-31c4-6928-2100-000000001100}
ParentProcessId: 1432
ParentImage: C:\Windows\System32\svchost.exe
ParentCommandLine: C:\Windows\system32\svchost.exe -k netsvcs -p -s Schedule
ParentUser: NT AUTHORITY\SYSTEM""",3,wazuh,0
2025-12-02 01:50:24.142000+00:00,Active_Directory_Server,4688,,,,"""A new process has been created.

Creator Subject:
	Security ID:		S-1-5-18
	Account Name:		AD-DC-SERVER$
	Account Domain:		SOC
	Logon ID:		0x3E7

Target Subject:
	Security ID:		S-1-0-0
	Account Name:		AD-DC-SERVER$
	Account Domain:		SOC
	Logon ID:		0x3E4

Process Information:
	New Process ID:		0x12b4
	New Process Name:	C:\Windows\System32\sppsvc.exe
	Token Elevation Type:	TokenElevationTypeDefault (1)
	Mandatory Label:		S-1-16-16384
	Creator Process ID:	0x274
	Creator Process Name:	C:\Windows\System32\services.exe
	Process Command Line:	

Token Elevation Type indicates the type of token that was assigned to the new process in accordance with User Account Control policy.

Type 1 is a full token with no privileges removed or groups disabled.  A full token is only used if User Account Control is disabled or if the user is the built-in Administrator account or a service account.

Type 2 is an elevated token with no privileges removed or groups disabled.  An elevated token is used when User Account Control is enabled and the user chooses to start the program using Run as administrator.  An elevated token is also used when an application is configured to always require administrative privilege or to always require maximum privilege, and the user is a member of the Administrators group.

Type 3 is a limited token with administrative privileges removed and administrative groups disabled.  The limited token is used when User Account Control is enabled, the application does not require administrative privilege, and the user does not choose to start the program using Run as administrator.""",3,wazuh,0
2025-12-02 01:50:24.158000+00:00,Active_Directory_Server,4673,,,,"""A privileged service was called.

Subject:
	Security ID:		S-1-5-20
	Account Name:		AD-DC-SERVER$
	Account Domain:		SOC
	Logon ID:		0x3E4

Service:
	Server:	Security
	Service Name:	-

Process:
	Process ID:	0x12b4
	Process Name:	C:\Windows\System32\sppsvc.exe

Service Request Information:
	Privileges:		SeProfileSingleProcessPrivilege""",4,wazuh,0
2025-12-02 01:50:24.205000+00:00,Active_Directory_Server,4688,,,,"""A new process has been created.

Creator Subject:
	Security ID:		S-1-5-18
	Account Name:		AD-DC-SERVER$
	Account Domain:		SOC
	Logon ID:		0x3E7

Target Subject:
	Security ID:		S-1-0-0
	Account Name:		-
	Account Domain:		-
	Logon ID:		0x0

Process Information:
	New Process ID:		0x1064
	New Process Name:	C:\Windows\System32\svchost.exe
	Token Elevation Type:	TokenElevationTypeDefault (1)
	Mandatory Label:		S-1-16-16384
	Creator Process ID:	0x274
	Creator Process Name:	C:\Windows\System32\services.exe
	Process Command Line:	

Token Elevation Type indicates the type of token that was assigned to the new process in accordance with User Account Control policy.

Type 1 is a full token with no privileges removed or groups disabled.  A full token is only used if User Account Control is disabled or if the user is the built-in Administrator account or a service account.

Type 2 is an elevated token with no privileges removed or groups disabled.  An elevated token is used when User Account Control is enabled and the user chooses to start the program using Run as administrator.  An elevated token is also used when an application is configured to always require administrative privilege or to always require maximum privilege, and the user is a member of the Administrators group.

Type 3 is a limited token with administrative privileges removed and administrative groups disabled.  The limited token is used when User Account Control is enabled, the application does not require administrative privilege, and the user does not choose to start the program using Run as administrator.""",3,wazuh,0
2025-12-02 01:50:53.562000+00:00,Active_Directory_Server,16384,,,,"""Successfully scheduled Software Protection service for re-start at 2026-01-27T06:12:56Z. Reason: RulesEngine.""",3,wazuh,0
2025-12-02 02:11:41.176000+00:00,Active_Directory_Server,4688,,,,"""A new process has been created.

Creator Subject:
	Security ID:		S-1-5-18
	Account Name:		AD-DC-SERVER$
	Account Domain:		SOC
	Logon ID:		0x3E7

Target Subject:
	Security ID:		S-1-0-0
	Account Name:		AD-DC-SERVER$
	Account Domain:		SOC
	Logon ID:		0x3E4

Process Information:
	New Process ID:		0x141c
	New Process Name:	C:\Windows\System32\sppsvc.exe
	Token Elevation Type:	TokenElevationTypeDefault (1)
	Mandatory Label:		S-1-16-16384
	Creator Process ID:	0x274
	Creator Process Name:	C:\Windows\System32\services.exe
	Process Command Line:	

Token Elevation Type indicates the type of token that was assigned to the new process in accordance with User Account Control policy.

Type 1 is a full token with no privileges removed or groups disabled.  A full token is only used if User Account Control is disabled or if the user is the built-in Administrator account or a service account.

Type 2 is an elevated token with no privileges removed or groups disabled.  An elevated token is used when User Account Control is enabled and the user chooses to start the program using Run as administrator.  An elevated token is also used when an application is configured to always require administrative privilege or to always require maximum privilege, and the user is a member of the Administrators group.

Type 3 is a limited token with administrative privileges removed and administrative groups disabled.  The limited token is used when User Account Control is enabled, the application does not require administrative privilege, and the user does not choose to start the program using Run as administrator.""",3,wazuh,0
2025-12-02 02:11:41.189000+00:00,Active_Directory_Server,4673,,,,"""A privileged service was called.

Subject:
	Security ID:		S-1-5-20
	Account Name:		AD-DC-SERVER$
	Account Domain:		SOC
	Logon ID:		0x3E4

Service:
	Server:	Security
	Service Name:	-

Process:
	Process ID:	0x141c
	Process Name:	C:\Windows\System32\sppsvc.exe

Service Request Information:
	Privileges:		SeProfileSingleProcessPrivilege""",4,wazuh,0
2025-12-02 02:12:10.314000+00:00,Active_Directory_Server,16384,,,,"""Successfully scheduled Software Protection service for re-start at 2026-01-27T06:13:12Z. Reason: RulesEngine.""",3,wazuh,0
2025-12-02 02:13:05.417000+00:00,Active_Directory_Server,4688,,,,"""A new process has been created.

Creator Subject:
	Security ID:		S-1-5-18
	Account Name:		AD-DC-SERVER$
	Account Domain:		SOC
	Logon ID:		0x3E7

Target Subject:
	Security ID:		S-1-0-0
	Account Name:		-
	Account Domain:		-
	Logon ID:		0x0

Process Information:
	New Process ID:		0x1070
	New Process Name:	C:\Windows\System32\svchost.exe
	Token Elevation Type:	TokenElevationTypeDefault (1)
	Mandatory Label:		S-1-16-16384
	Creator Process ID:	0x274
	Creator Process Name:	C:\Windows\System32\services.exe
	Process Command Line:	

Token Elevation Type indicates the type of token that was assigned to the new process in accordance with User Account Control policy.

Type 1 is a full token with no privileges removed or groups disabled.  A full token is only used if User Account Control is disabled or if the user is the built-in Administrator account or a service account.

Type 2 is an elevated token with no privileges removed or groups disabled.  An elevated token is used when User Account Control is enabled and the user chooses to start the program using Run as administrator.  An elevated token is also used when an application is configured to always require administrative privilege or to always require maximum privilege, and the user is a member of the Administrators group.

Type 3 is a limited token with administrative privileges removed and administrative groups disabled.  The limited token is used when User Account Control is enabled, the application does not require administrative privilege, and the user does not choose to start the program using Run as administrator.""",3,wazuh,0
2025-12-02 02:13:51.191000+00:00,Active_Directory_Server,1,C:\\Windows\\System32\\taskhostw.exe,taskhostw.exe,,"""Process Create:
RuleName: -
UtcTime: 2025-12-02 02:13:52.832
ProcessGuid: {b4c300ce-4b60-692e-1711-000000001100}
ProcessId: 5532
Image: C:\Windows\System32\taskhostw.exe
FileVersion: 10.0.20348.1 (WinBuild.160101.0800)
Description: Host Process for Windows Tasks
Product: Microsoft® Windows® Operating System
Company: Microsoft Corporation
OriginalFileName: taskhostw.exe
CommandLine: taskhostw.exe
CurrentDirectory: C:\Windows\system32\
User: NT AUTHORITY\SYSTEM
LogonGuid: {b4c300ce-31c3-6928-e703-000000000000}
LogonId: 0x3E7
TerminalSessionId: 0
IntegrityLevel: System
Hashes: MD5=5487316514F4ADA7E6E0BD9EAA2256E7,SHA256=F447AE2E838D4DE71CA4BABA321FEA67DABB38AA4321EFAC81F3FF03CF55FE0A,IMPHASH=1C4E2D9936E4D9F2490B08AAB4D24260
ParentProcessGuid: {b4c300ce-31c4-6928-2100-000000001100}
ParentProcessId: 1432
ParentImage: C:\Windows\System32\svchost.exe
ParentCommandLine: C:\Windows\system32\svchost.exe -k netsvcs -p -s Schedule
ParentUser: NT AUTHORITY\SYSTEM""",3,wazuh,0
2025-12-02 02:13:51.191000+00:00,Active_Directory_Server,4688,,,,"""A new process has been created.

Creator Subject:
	Security ID:		S-1-5-18
	Account Name:		AD-DC-SERVER$
	Account Domain:		SOC
	Logon ID:		0x3E7

Target Subject:
	Security ID:		S-1-0-0
	Account Name:		-
	Account Domain:		-
	Logon ID:		0x0

Process Information:
	New Process ID:		0x159c
	New Process Name:	C:\Windows\System32\taskhostw.exe
	Token Elevation Type:	TokenElevationTypeDefault (1)
	Mandatory Label:		S-1-16-16384
	Creator Process ID:	0x598
	Creator Process Name:	C:\Windows\System32\svchost.exe
	Process Command Line:	

Token Elevation Type indicates the type of token that was assigned to the new process in accordance with User Account Control policy.

Type 1 is a full token with no privileges removed or groups disabled.  A full token is only used if User Account Control is disabled or if the user is the built-in Administrator account or a service account.

Type 2 is an elevated token with no privileges removed or groups disabled.  An elevated token is used when User Account Control is enabled and the user chooses to start the program using Run as administrator.  An elevated token is also used when an application is configured to always require administrative privilege or to always require maximum privilege, and the user is a member of the Administrators group.

Type 3 is a limited token with administrative privileges removed and administrative groups disabled.  The limited token is used when User Account Control is enabled, the application does not require administrative privilege, and the user does not choose to start the program using Run as administrator.""",3,wazuh,0
2025-12-02 02:13:51.205000+00:00,Active_Directory_Server,4688,,,,"""A new process has been created.

Creator Subject:
	Security ID:		S-1-5-18
	Account Name:		AD-DC-SERVER$
	Account Domain:		SOC
	Logon ID:		0x3E7

Target Subject:
	Security ID:		S-1-0-0
	Account Name:		AD-DC-SERVER$
	Account Domain:		SOC
	Logon ID:		0x3E4

Process Information:
	New Process ID:		0x4a4
	New Process Name:	C:\Windows\System32\sppsvc.exe
	Token Elevation Type:	TokenElevationTypeDefault (1)
	Mandatory Label:		S-1-16-16384
	Creator Process ID:	0x274
	Creator Process Name:	C:\Windows\System32\services.exe
	Process Command Line:	

Token Elevation Type indicates the type of token that was assigned to the new process in accordance with User Account Control policy.

Type 1 is a full token with no privileges removed or groups disabled.  A full token is only used if User Account Control is disabled or if the user is the built-in Administrator account or a service account.

Type 2 is an elevated token with no privileges removed or groups disabled.  An elevated token is used when User Account Control is enabled and the user chooses to start the program using Run as administrator.  An elevated token is also used when an application is configured to always require administrative privilege or to always require maximum privilege, and the user is a member of the Administrators group.

Type 3 is a limited token with administrative privileges removed and administrative groups disabled.  The limited token is used when User Account Control is enabled, the application does not require administrative privilege, and the user does not choose to start the program using Run as administrator.""",3,wazuh,0
2025-12-02 02:13:51.220000+00:00,Active_Directory_Server,4673,,,,"""A privileged service was called.

Subject:
	Security ID:		S-1-5-20
	Account Name:		AD-DC-SERVER$
	Account Domain:		SOC
	Logon ID:		0x3E4

Service:
	Server:	Security
	Service Name:	-

Process:
	Process ID:	0x4a4
	Process Name:	C:\Windows\System32\sppsvc.exe

Service Request Information:
	Privileges:		SeProfileSingleProcessPrivilege""",4,wazuh,0
2025-12-02 02:13:51.267000+00:00,Active_Directory_Server,4688,,,,"""A new process has been created.

Creator Subject:
	Security ID:		S-1-5-18
	Account Name:		AD-DC-SERVER$
	Account Domain:		SOC
	Logon ID:		0x3E7

Target Subject:
	Security ID:		S-1-0-0
	Account Name:		-
	Account Domain:		-
	Logon ID:		0x0

Process Information:
	New Process ID:		0x454
	New Process Name:	C:\Windows\System32\svchost.exe
	Token Elevation Type:	TokenElevationTypeDefault (1)
	Mandatory Label:		S-1-16-16384
	Creator Process ID:	0x274
	Creator Process Name:	C:\Windows\System32\services.exe
	Process Command Line:	

Token Elevation Type indicates the type of token that was assigned to the new process in accordance with User Account Control policy.

Type 1 is a full token with no privileges removed or groups disabled.  A full token is only used if User Account Control is disabled or if the user is the built-in Administrator account or a service account.

Type 2 is an elevated token with no privileges removed or groups disabled.  An elevated token is used when User Account Control is enabled and the user chooses to start the program using Run as administrator.  An elevated token is also used when an application is configured to always require administrative privilege or to always require maximum privilege, and the user is a member of the Administrators group.

Type 3 is a limited token with administrative privileges removed and administrative groups disabled.  The limited token is used when User Account Control is enabled, the application does not require administrative privilege, and the user does not choose to start the program using Run as administrator.""",3,wazuh,0
2025-12-02 02:14:20.608000+00:00,Active_Directory_Server,16384,,,,"""Successfully scheduled Software Protection service for re-start at 2026-01-27T06:12:23Z. Reason: RulesEngine.""",3,wazuh,0
2025-12-02 02:16:48.253000+00:00,Active_Directory_Server,4688,,,,"""A new process has been created.

Creator Subject:
	Security ID:		S-1-5-18
	Account Name:		AD-DC-SERVER$
	Account Domain:		SOC
	Logon ID:		0x3E7

Target Subject:
	Security ID:		S-1-0-0
	Account Name:		-
	Account Domain:		-
	Logon ID:		0x0

Process Information:
	New Process ID:		0x16a4
	New Process Name:	C:\Windows\System32\MoUsoCoreWorker.exe
	Token Elevation Type:	TokenElevationTypeDefault (1)
	Mandatory Label:		S-1-16-16384
	Creator Process ID:	0x34c
	Creator Process Name:	C:\Windows\System32\svchost.exe
	Process Command Line:	

Token Elevation Type indicates the type of token that was assigned to the new process in accordance with User Account Control policy.

Type 1 is a full token with no privileges removed or groups disabled.  A full token is only used if User Account Control is disabled or if the user is the built-in Administrator account or a service account.

Type 2 is an elevated token with no privileges removed or groups disabled.  An elevated token is used when User Account Control is enabled and the user chooses to start the program using Run as administrator.  An elevated token is also used when an application is configured to always require administrative privilege or to always require maximum privilege, and the user is a member of the Administrators group.

Type 3 is a limited token with administrative privileges removed and administrative groups disabled.  The limited token is used when User Account Control is enabled, the application does not require administrative privilege, and the user does not choose to start the program using Run as administrator.""",3,wazuh,0
2025-12-02 02:16:48.267000+00:00,Active_Directory_Server,1,C:\\Windows\\System32\\MoUsoCoreWorker.exe,C:\\Windows\\System32\\mousocoreworker.exe -Embedding,,"""Process Create:
RuleName: -
UtcTime: 2025-12-02 02:16:49.895
ProcessGuid: {b4c300ce-4c11-692e-1a11-000000001100}
ProcessId: 5796
Image: C:\Windows\System32\MoUsoCoreWorker.exe
FileVersion: 10.0.20348.380 (WinBuild.160101.0800)
Description: MoUSO Core Worker Process
Product: Microsoft® Windows® Operating System
Company: Microsoft Corporation
OriginalFileName: MoUSOCoreWorker.exe
CommandLine: C:\Windows\System32\mousocoreworker.exe -Embedding
CurrentDirectory: C:\Windows\system32\
User: NT AUTHORITY\SYSTEM
LogonGuid: {b4c300ce-31c3-6928-e703-000000000000}
LogonId: 0x3E7
TerminalSessionId: 0
IntegrityLevel: System
Hashes: MD5=A01716583968F60BD83C4830C3B3FCDA,SHA256=F4E3B06DFF2B91150FBE3E06329CAF45674DC505495FC96F32BEBF6FAE08DF6E,IMPHASH=7D3978CBEEDF0AC8C9F49FED049B426E
ParentProcessGuid: {b4c300ce-31c4-6928-0d00-000000001100}
ParentProcessId: 844
ParentImage: C:\Windows\System32\svchost.exe
ParentCommandLine: C:\Windows\system32\svchost.exe -k DcomLaunch -p
ParentUser: NT AUTHORITY\SYSTEM""",3,wazuh,0
2025-12-02 02:16:48.314000+00:00,Active_Directory_Server,4688,,,,"""A new process has been created.

Creator Subject:
	Security ID:		S-1-5-18
	Account Name:		AD-DC-SERVER$
	Account Domain:		SOC
	Logon ID:		0x3E7

Target Subject:
	Security ID:		S-1-0-0
	Account Name:		-
	Account Domain:		-
	Logon ID:		0x0

Process Information:
	New Process ID:		0x1838
	New Process Name:	C:\Windows\System32\svchost.exe
	Token Elevation Type:	TokenElevationTypeDefault (1)
	Mandatory Label:		S-1-16-16384
	Creator Process ID:	0x274
	Creator Process Name:	C:\Windows\System32\services.exe
	Process Command Line:	

Token Elevation Type indicates the type of token that was assigned to the new process in accordance with User Account Control policy.

Type 1 is a full token with no privileges removed or groups disabled.  A full token is only used if User Account Control is disabled or if the user is the built-in Administrator account or a service account.

Type 2 is an elevated token with no privileges removed or groups disabled.  An elevated token is used when User Account Control is enabled and the user chooses to start the program using Run as administrator.  An elevated token is also used when an application is configured to always require administrative privilege or to always require maximum privilege, and the user is a member of the Administrators group.

Type 3 is a limited token with administrative privileges removed and administrative groups disabled.  The limited token is used when User Account Control is enabled, the application does not require administrative privilege, and the user does not choose to start the program using Run as administrator.""",3,wazuh,0
2025-12-02 02:16:48.314000+00:00,Active_Directory_Server,4688,,,,"""A new process has been created.

Creator Subject:
	Security ID:		S-1-5-18
	Account Name:		AD-DC-SERVER$
	Account Domain:		SOC
	Logon ID:		0x3E7

Target Subject:
	Security ID:		S-1-0-0
	Account Name:		AD-DC-SERVER$
	Account Domain:		SOC
	Logon ID:		0x3E4

Process Information:
	New Process ID:		0x578
	New Process Name:	C:\Windows\System32\wbem\WmiPrvSE.exe
	Token Elevation Type:	TokenElevationTypeDefault (1)
	Mandatory Label:		S-1-16-16384
	Creator Process ID:	0x34c
	Creator Process Name:	C:\Windows\System32\svchost.exe
	Process Command Line:	

Token Elevation Type indicates the type of token that was assigned to the new process in accordance with User Account Control policy.

Type 1 is a full token with no privileges removed or groups disabled.  A full token is only used if User Account Control is disabled or if the user is the built-in Administrator account or a service account.

Type 2 is an elevated token with no privileges removed or groups disabled.  An elevated token is used when User Account Control is enabled and the user chooses to start the program using Run as administrator.  An elevated token is also used when an application is configured to always require administrative privilege or to always require maximum privilege, and the user is a member of the Administrators group.

Type 3 is a limited token with administrative privileges removed and administrative groups disabled.  The limited token is used when User Account Control is enabled, the application does not require administrative privilege, and the user does not choose to start the program using Run as administrator.""",3,wazuh,0
2025-12-02 02:16:48.329000+00:00,Active_Directory_Server,4673,,,,"""A privileged service was called.

Subject:
	Security ID:		S-1-5-20
	Account Name:		AD-DC-SERVER$
	Account Domain:		SOC
	Logon ID:		0x3E4

Service:
	Server:	Security
	Service Name:	-

Process:
	Process ID:	0x578
	Process Name:	C:\Windows\System32\wbem\WmiPrvSE.exe

Service Request Information:
	Privileges:		SeProfileSingleProcessPrivilege""",4,wazuh,0
2025-12-02 02:18:40.003000+00:00,Active_Directory_Server,4688,,,,"""A new process has been created.

Creator Subject:
	Security ID:		S-1-5-18
	Account Name:		AD-DC-SERVER$
	Account Domain:		SOC
	Logon ID:		0x3E7

Target Subject:
	Security ID:		S-1-0-0
	Account Name:		-
	Account Domain:		-
	Logon ID:		0x0

Process Information:
	New Process ID:		0x137c
	New Process Name:	C:\Windows\System32\UsoClient.exe
	Token Elevation Type:	TokenElevationTypeDefault (1)
	Mandatory Label:		S-1-16-16384
	Creator Process ID:	0x598
	Creator Process Name:	C:\Windows\System32\svchost.exe
	Process Command Line:	

Token Elevation Type indicates the type of token that was assigned to the new process in accordance with User Account Control policy.

Type 1 is a full token with no privileges removed or groups disabled.  A full token is only used if User Account Control is disabled or if the user is the built-in Administrator account or a service account.

Type 2 is an elevated token with no privileges removed or groups disabled.  An elevated token is used when User Account Control is enabled and the user chooses to start the program using Run as administrator.  An elevated token is also used when an application is configured to always require administrative privilege or to always require maximum privilege, and the user is a member of the Administrators group.

Type 3 is a limited token with administrative privileges removed and administrative groups disabled.  The limited token is used when User Account Control is enabled, the application does not require administrative privilege, and the user does not choose to start the program using Run as administrator.""",3,wazuh,0
2025-12-02 02:18:40.017000+00:00,Active_Directory_Server,4688,,,,"""A new process has been created.

Creator Subject:
	Security ID:		S-1-5-18
	Account Name:		AD-DC-SERVER$
	Account Domain:		SOC
	Logon ID:		0x3E7

Target Subject:
	Security ID:		S-1-0-0
	Account Name:		-
	Account Domain:		-
	Logon ID:		0x0

Process Information:
	New Process ID:		0x1144
	New Process Name:	C:\Windows\System32\MoUsoCoreWorker.exe
	Token Elevation Type:	TokenElevationTypeDefault (1)
	Mandatory Label:		S-1-16-16384
	Creator Process ID:	0x34c
	Creator Process Name:	C:\Windows\System32\svchost.exe
	Process Command Line:	

Token Elevation Type indicates the type of token that was assigned to the new process in accordance with User Account Control policy.

Type 1 is a full token with no privileges removed or groups disabled.  A full token is only used if User Account Control is disabled or if the user is the built-in Administrator account or a service account.

Type 2 is an elevated token with no privileges removed or groups disabled.  An elevated token is used when User Account Control is enabled and the user chooses to start the program using Run as administrator.  An elevated token is also used when an application is configured to always require administrative privilege or to always require maximum privilege, and the user is a member of the Administrators group.

Type 3 is a limited token with administrative privileges removed and administrative groups disabled.  The limited token is used when User Account Control is enabled, the application does not require administrative privilege, and the user does not choose to start the program using Run as administrator.""",3,wazuh,0
2025-12-02 02:18:40.017000+00:00,Active_Directory_Server,1,C:\\Windows\\System32\\UsoClient.exe,C:\\Windows\\system32\\usoclient.exe StartScan,,"""Process Create:
RuleName: -
UtcTime: 2025-12-02 02:18:41.631
ProcessGuid: {b4c300ce-4c81-692e-1d11-000000001100}
ProcessId: 4988
Image: C:\Windows\System32\UsoClient.exe
FileVersion: 10.0.20348.1 (WinBuild.160101.0800)
Description: UsoClient
Product: Microsoft® Windows® Operating System
Company: Microsoft Corporation
OriginalFileName: UsoClient
CommandLine: C:\Windows\system32\usoclient.exe StartScan
CurrentDirectory: C:\Windows\system32\
User: NT AUTHORITY\SYSTEM
LogonGuid: {b4c300ce-31c3-6928-e703-000000000000}
LogonId: 0x3E7
TerminalSessionId: 0
IntegrityLevel: System
Hashes: MD5=E4FD0A267E8D740F62E3DDF99917CBCC,SHA256=1AB1390EEEB69E7F3975225A9759DBD6621EE858FBD31098C8EB5ADF810F9407,IMPHASH=59970DB1D5EF76D2AB92AE1BF6482723
ParentProcessGuid: {b4c300ce-31c4-6928-2100-000000001100}
ParentProcessId: 1432
ParentImage: C:\Windows\System32\svchost.exe
ParentCommandLine: C:\Windows\system32\svchost.exe -k netsvcs -p -s Schedule
ParentUser: NT AUTHORITY\SYSTEM""",3,wazuh,0
2025-12-02 02:18:40.033000+00:00,Active_Directory_Server,1,C:\\Windows\\System32\\MoUsoCoreWorker.exe,C:\\Windows\\System32\\mousocoreworker.exe -Embedding,,"""Process Create:
RuleName: -
UtcTime: 2025-12-02 02:18:41.649
ProcessGuid: {b4c300ce-4c81-692e-1e11-000000001100}
ProcessId: 4420
Image: C:\Windows\System32\MoUsoCoreWorker.exe
FileVersion: 10.0.20348.380 (WinBuild.160101.0800)
Description: MoUSO Core Worker Process
Product: Microsoft® Windows® Operating System
Company: Microsoft Corporation
OriginalFileName: MoUSOCoreWorker.exe
CommandLine: C:\Windows\System32\mousocoreworker.exe -Embedding
CurrentDirectory: C:\Windows\system32\
User: NT AUTHORITY\SYSTEM
LogonGuid: {b4c300ce-31c3-6928-e703-000000000000}
LogonId: 0x3E7
TerminalSessionId: 0
IntegrityLevel: System
Hashes: MD5=A01716583968F60BD83C4830C3B3FCDA,SHA256=F4E3B06DFF2B91150FBE3E06329CAF45674DC505495FC96F32BEBF6FAE08DF6E,IMPHASH=7D3978CBEEDF0AC8C9F49FED049B426E
ParentProcessGuid: {b4c300ce-31c4-6928-0d00-000000001100}
ParentProcessId: 844
ParentImage: C:\Windows\System32\svchost.exe
ParentCommandLine: C:\Windows\system32\svchost.exe -k DcomLaunch -p
ParentUser: NT AUTHORITY\SYSTEM""",3,wazuh,0
2025-12-02 02:21:48.659000+00:00,Active_Directory_Server,4688,,,,"""A new process has been created.

Creator Subject:
	Security ID:		S-1-5-18
	Account Name:		AD-DC-SERVER$
	Account Domain:		SOC
	Logon ID:		0x3E7

Target Subject:
	Security ID:		S-1-0-0
	Account Name:		-
	Account Domain:		-
	Logon ID:		0x0

Process Information:
	New Process ID:		0x1738
	New Process Name:	C:\Windows\System32\taskhostw.exe
	Token Elevation Type:	TokenElevationTypeDefault (1)
	Mandatory Label:		S-1-16-16384
	Creator Process ID:	0x598
	Creator Process Name:	C:\Windows\System32\svchost.exe
	Process Command Line:	

Token Elevation Type indicates the type of token that was assigned to the new process in accordance with User Account Control policy.

Type 1 is a full token with no privileges removed or groups disabled.  A full token is only used if User Account Control is disabled or if the user is the built-in Administrator account or a service account.

Type 2 is an elevated token with no privileges removed or groups disabled.  An elevated token is used when User Account Control is enabled and the user chooses to start the program using Run as administrator.  An elevated token is also used when an application is configured to always require administrative privilege or to always require maximum privilege, and the user is a member of the Administrators group.

Type 3 is a limited token with administrative privileges removed and administrative groups disabled.  The limited token is used when User Account Control is enabled, the application does not require administrative privilege, and the user does not choose to start the program using Run as administrator.""",3,wazuh,0
2025-12-02 02:21:48.661000+00:00,Active_Directory_Server,1,C:\\Windows\\System32\\taskhostw.exe,taskhostw.exe,,"""Process Create:
RuleName: -
UtcTime: 2025-12-02 02:21:50.288
ProcessGuid: {b4c300ce-4d3e-692e-1f11-000000001100}
ProcessId: 5944
Image: C:\Windows\System32\taskhostw.exe
FileVersion: 10.0.20348.1 (WinBuild.160101.0800)
Description: Host Process for Windows Tasks
Product: Microsoft® Windows® Operating System
Company: Microsoft Corporation
OriginalFileName: taskhostw.exe
CommandLine: taskhostw.exe
CurrentDirectory: C:\Windows\system32\
User: NT AUTHORITY\SYSTEM
LogonGuid: {b4c300ce-31c3-6928-e703-000000000000}
LogonId: 0x3E7
TerminalSessionId: 0
IntegrityLevel: System
Hashes: MD5=5487316514F4ADA7E6E0BD9EAA2256E7,SHA256=F447AE2E838D4DE71CA4BABA321FEA67DABB38AA4321EFAC81F3FF03CF55FE0A,IMPHASH=1C4E2D9936E4D9F2490B08AAB4D24260
ParentProcessGuid: {b4c300ce-31c4-6928-2100-000000001100}
ParentProcessId: 1432
ParentImage: C:\Windows\System32\svchost.exe
ParentCommandLine: C:\Windows\system32\svchost.exe -k netsvcs -p -s Schedule
ParentUser: NT AUTHORITY\SYSTEM""",3,wazuh,0
2025-12-02 02:21:48.673000+00:00,Active_Directory_Server,4688,,,,"""A new process has been created.

Creator Subject:
	Security ID:		S-1-5-18
	Account Name:		AD-DC-SERVER$
	Account Domain:		SOC
	Logon ID:		0x3E7

Target Subject:
	Security ID:		S-1-0-0
	Account Name:		AD-DC-SERVER$
	Account Domain:		SOC
	Logon ID:		0x3E4

Process Information:
	New Process ID:		0xfec
	New Process Name:	C:\Windows\System32\sppsvc.exe
	Token Elevation Type:	TokenElevationTypeDefault (1)
	Mandatory Label:		S-1-16-16384
	Creator Process ID:	0x274
	Creator Process Name:	C:\Windows\System32\services.exe
	Process Command Line:	

Token Elevation Type indicates the type of token that was assigned to the new process in accordance with User Account Control policy.

Type 1 is a full token with no privileges removed or groups disabled.  A full token is only used if User Account Control is disabled or if the user is the built-in Administrator account or a service account.

Type 2 is an elevated token with no privileges removed or groups disabled.  An elevated token is used when User Account Control is enabled and the user chooses to start the program using Run as administrator.  An elevated token is also used when an application is configured to always require administrative privilege or to always require maximum privilege, and the user is a member of the Administrators group.

Type 3 is a limited token with administrative privileges removed and administrative groups disabled.  The limited token is used when User Account Control is enabled, the application does not require administrative privilege, and the user does not choose to start the program using Run as administrator.""",3,wazuh,0
2025-12-02 02:21:48.689000+00:00,Active_Directory_Server,4673,,,,"""A privileged service was called.

Subject:
	Security ID:		S-1-5-20
	Account Name:		AD-DC-SERVER$
	Account Domain:		SOC
	Logon ID:		0x3E4

Service:
	Server:	Security
	Service Name:	-

Process:
	Process ID:	0xfec
	Process Name:	C:\Windows\System32\sppsvc.exe

Service Request Information:
	Privileges:		SeProfileSingleProcessPrivilege""",4,wazuh,0
2025-12-02 02:21:48.735000+00:00,Active_Directory_Server,4688,,,,"""A new process has been created.

Creator Subject:
	Security ID:		S-1-5-18
	Account Name:		AD-DC-SERVER$
	Account Domain:		SOC
	Logon ID:		0x3E7

Target Subject:
	Security ID:		S-1-0-0
	Account Name:		-
	Account Domain:		-
	Logon ID:		0x0

Process Information:
	New Process ID:		0xa94
	New Process Name:	C:\Windows\System32\svchost.exe
	Token Elevation Type:	TokenElevationTypeDefault (1)
	Mandatory Label:		S-1-16-16384
	Creator Process ID:	0x274
	Creator Process Name:	C:\Windows\System32\services.exe
	Process Command Line:	

Token Elevation Type indicates the type of token that was assigned to the new process in accordance with User Account Control policy.

Type 1 is a full token with no privileges removed or groups disabled.  A full token is only used if User Account Control is disabled or if the user is the built-in Administrator account or a service account.

Type 2 is an elevated token with no privileges removed or groups disabled.  An elevated token is used when User Account Control is enabled and the user chooses to start the program using Run as administrator.  An elevated token is also used when an application is configured to always require administrative privilege or to always require maximum privilege, and the user is a member of the Administrators group.

Type 3 is a limited token with administrative privileges removed and administrative groups disabled.  The limited token is used when User Account Control is enabled, the application does not require administrative privilege, and the user does not choose to start the program using Run as administrator.""",3,wazuh,0
2025-12-02 02:22:18.063000+00:00,Active_Directory_Server,16384,,,,"""Successfully scheduled Software Protection service for re-start at 2026-01-27T06:13:20Z. Reason: RulesEngine.""",3,wazuh,0
2025-12-02 02:31:31.472000+00:00,Active_Directory_Server,4688,,,,"""A new process has been created.

Creator Subject:
	Security ID:		S-1-5-18
	Account Name:		AD-DC-SERVER$
	Account Domain:		SOC
	Logon ID:		0x3E7

Target Subject:
	Security ID:		S-1-0-0
	Account Name:		-
	Account Domain:		-
	Logon ID:		0x0

Process Information:
	New Process ID:		0x1ab8
	New Process Name:	C:\Program Files (x86)\Microsoft\EdgeUpdate\MicrosoftEdgeUpdate.exe
	Token Elevation Type:	TokenElevationTypeDefault (1)
	Mandatory Label:		S-1-16-16384
	Creator Process ID:	0x598
	Creator Process Name:	C:\Windows\System32\svchost.exe
	Process Command Line:	

Token Elevation Type indicates the type of token that was assigned to the new process in accordance with User Account Control policy.

Type 1 is a full token with no privileges removed or groups disabled.  A full token is only used if User Account Control is disabled or if the user is the built-in Administrator account or a service account.

Type 2 is an elevated token with no privileges removed or groups disabled.  An elevated token is used when User Account Control is enabled and the user chooses to start the program using Run as administrator.  An elevated token is also used when an application is configured to always require administrative privilege or to always require maximum privilege, and the user is a member of the Administrators group.

Type 3 is a limited token with administrative privileges removed and administrative groups disabled.  The limited token is used when User Account Control is enabled, the application does not require administrative privilege, and the user does not choose to start the program using Run as administrator.""",3,wazuh,0
2025-12-02 02:31:31.486000+00:00,Active_Directory_Server,1,C:\\Program Files (x86)\\Microsoft\\EdgeUpdate\\MicrosoftEdgeUpdate.exe,"\""C:\\Program Files (x86)\\Microsoft\\EdgeUpdate\\MicrosoftEdgeUpdate.exe\"" /ua /installsource scheduler",,"""Process Create:
RuleName: -
UtcTime: 2025-12-02 02:31:33.119
ProcessGuid: {b4c300ce-4f85-692e-2211-000000001100}
ProcessId: 6840
Image: C:\Program Files (x86)\Microsoft\EdgeUpdate\MicrosoftEdgeUpdate.exe
FileVersion: 1.3.209.9
Description: Microsoft Edge Update
Product: Microsoft Edge Update
Company: Microsoft Corporation
OriginalFileName: msedgeupdate.dll
CommandLine: ""C:\Program Files (x86)\Microsoft\EdgeUpdate\MicrosoftEdgeUpdate.exe"" /ua /installsource scheduler
CurrentDirectory: C:\Windows\system32\
User: NT AUTHORITY\SYSTEM
LogonGuid: {b4c300ce-31c3-6928-e703-000000000000}
LogonId: 0x3E7
TerminalSessionId: 0
IntegrityLevel: System
Hashes: MD5=80306EB362C63D6A63F443A3B2B84EDF,SHA256=B0585142D771FD68F0F939B925E4D32B491CD097350131F8F5C006EB8B2B0397,IMPHASH=CD3B2D99C6655A5D4A14E30E380F5BF9
ParentProcessGuid: {b4c300ce-31c4-6928-2100-000000001100}
ParentProcessId: 1432
ParentImage: C:\Windows\System32\svchost.exe
ParentCommandLine: C:\Windows\system32\svchost.exe -k netsvcs -p -s Schedule
ParentUser: NT AUTHORITY\SYSTEM""",3,wazuh,0
2025-12-02 02:32:11.267000+00:00,Active_Directory_Server,4688,,,,"""A new process has been created.

Creator Subject:
	Security ID:		S-1-5-18
	Account Name:		AD-DC-SERVER$
	Account Domain:		SOC
	Logon ID:		0x3E7

Target Subject:
	Security ID:		S-1-0-0
	Account Name:		-
	Account Domain:		-
	Logon ID:		0x0

Process Information:
	New Process ID:		0x1848
	New Process Name:	C:\Program Files (x86)\Microsoft\EdgeUpdate\MicrosoftEdgeUpdate.exe
	Token Elevation Type:	TokenElevationTypeDefault (1)
	Mandatory Label:		S-1-16-16384
	Creator Process ID:	0x274
	Creator Process Name:	C:\Windows\System32\services.exe
	Process Command Line:	

Token Elevation Type indicates the type of token that was assigned to the new process in accordance with User Account Control policy.

Type 1 is a full token with no privileges removed or groups disabled.  A full token is only used if User Account Control is disabled or if the user is the built-in Administrator account or a service account.

Type 2 is an elevated token with no privileges removed or groups disabled.  An elevated token is used when User Account Control is enabled and the user chooses to start the program using Run as administrator.  An elevated token is also used when an application is configured to always require administrative privilege or to always require maximum privilege, and the user is a member of the Administrators group.

Type 3 is a limited token with administrative privileges removed and administrative groups disabled.  The limited token is used when User Account Control is enabled, the application does not require administrative privilege, and the user does not choose to start the program using Run as administrator.""",3,wazuh,0
2025-12-02 02:32:11.283000+00:00,Active_Directory_Server,1,C:\\Program Files (x86)\\Microsoft\\EdgeUpdate\\MicrosoftEdgeUpdate.exe,"\""C:\\Program Files (x86)\\Microsoft\\EdgeUpdate\\MicrosoftEdgeUpdate.exe\"" /svc",,"""Process Create:
RuleName: -
UtcTime: 2025-12-02 02:32:12.887
ProcessGuid: {b4c300ce-4fac-692e-2311-000000001100}
ProcessId: 6216
Image: C:\Program Files (x86)\Microsoft\EdgeUpdate\MicrosoftEdgeUpdate.exe
FileVersion: 1.3.209.9
Description: Microsoft Edge Update
Product: Microsoft Edge Update
Company: Microsoft Corporation
OriginalFileName: msedgeupdate.dll
CommandLine: ""C:\Program Files (x86)\Microsoft\EdgeUpdate\MicrosoftEdgeUpdate.exe"" /svc
CurrentDirectory: C:\Windows\system32\
User: NT AUTHORITY\SYSTEM
LogonGuid: {b4c300ce-31c3-6928-e703-000000000000}
LogonId: 0x3E7
TerminalSessionId: 0
IntegrityLevel: System
Hashes: MD5=80306EB362C63D6A63F443A3B2B84EDF,SHA256=B0585142D771FD68F0F939B925E4D32B491CD097350131F8F5C006EB8B2B0397,IMPHASH=CD3B2D99C6655A5D4A14E30E380F5BF9
ParentProcessGuid: {b4c300ce-31c2-6928-0b00-000000001100}
ParentProcessId: 628
ParentImage: C:\Windows\System32\services.exe
ParentCommandLine: C:\Windows\system32\services.exe
ParentUser: NT AUTHORITY\SYSTEM""",3,wazuh,0
2025-12-02 02:32:11.314000+00:00,Active_Directory_Server,4688,,,,"""A new process has been created.

Creator Subject:
	Security ID:		S-1-5-18
	Account Name:		AD-DC-SERVER$
	Account Domain:		SOC
	Logon ID:		0x3E7

Target Subject:
	Security ID:		S-1-5-19
	Account Name:		LOCAL SERVICE
	Account Domain:		NT AUTHORITY
	Logon ID:		0x3E5

Process Information:
	New Process ID:		0x15ac
	New Process Name:	C:\Windows\System32\svchost.exe
	Token Elevation Type:	TokenElevationTypeDefault (1)
	Mandatory Label:		S-1-16-16384
	Creator Process ID:	0x274
	Creator Process Name:	C:\Windows\System32\services.exe
	Process Command Line:	

Token Elevation Type indicates the type of token that was assigned to the new process in accordance with User Account Control policy.

Type 1 is a full token with no privileges removed or groups disabled.  A full token is only used if User Account Control is disabled or if the user is the built-in Administrator account or a service account.

Type 2 is an elevated token with no privileges removed or groups disabled.  An elevated token is used when User Account Control is enabled and the user chooses to start the program using Run as administrator.  An elevated token is also used when an application is configured to always require administrative privilege or to always require maximum privilege, and the user is a member of the Administrators group.

Type 3 is a limited token with administrative privileges removed and administrative groups disabled.  The limited token is used when User Account Control is enabled, the application does not require administrative privilege, and the user does not choose to start the program using Run as administrator.""",3,wazuh,0
2025-12-02 02:32:12.270000+00:00,Active_Directory_Server,4688,,,,"""A new process has been created.

Creator Subject:
	Security ID:		S-1-5-18
	Account Name:		AD-DC-SERVER$
	Account Domain:		SOC
	Logon ID:		0x3E7

Target Subject:
	Security ID:		S-1-0-0
	Account Name:		-
