2025-12-02 16:31:35.520000+00:00,SocWinEP,1,C:\\Windows\\SysWOW64\\net1.exe,C:\\Windows\\system32\\net1 accounts,,"""Process Create:
RuleName: -
UtcTime: 2025-12-02 16:31:32.349
ProcessGuid: {8206e0bc-1464-692f-7709-000000000f00}
ProcessId: 11620
Image: C:\Windows\SysWOW64\net1.exe
FileVersion: 10.0.19041.3636 (WinBuild.160101.0800)
Description: Net Command
Product: Microsoft® Windows® Operating System
Company: Microsoft Corporation
OriginalFileName: net1.exe
CommandLine: C:\Windows\system32\net1 accounts
CurrentDirectory: C:\Program Files (x86)\ossec-agent\
User: NT AUTHORITY\SYSTEM
LogonGuid: {8206e0bc-6167-6913-e703-000000000000}
LogonId: 0x3E7
TerminalSessionId: 0
IntegrityLevel: System
Hashes: MD5=4A26539015F4FDB3AC3C5EB14336C7A7,SHA256=B25CF32B7BB76D5A5121919C63E6AE77262347F4AD7B29EE3C43CBAA61F43957,IMPHASH=D45C7E138CFAD11059C95018C99B7C96
ParentProcessGuid: {8206e0bc-145f-692f-5e09-000000000f00}
ParentProcessId: 7072
ParentImage: C:\Windows\SysWOW64\net.exe
ParentCommandLine: net.exe accounts
ParentUser: NT AUTHORITY\SYSTEM""",3,wazuh,0
2025-12-02 16:31:35.583000+00:00,SocWinEP,1,C:\\Windows\\SysWOW64\\net.exe,net.exe accounts,,"""Process Create:
RuleName: -
UtcTime: 2025-12-02 16:31:32.370
ProcessGuid: {8206e0bc-1464-692f-7809-000000000f00}
ProcessId: 11640
Image: C:\Windows\SysWOW64\net.exe
FileVersion: 10.0.19041.1 (WinBuild.160101.0800)
Description: Net Command
Product: Microsoft® Windows® Operating System
Company: Microsoft Corporation
OriginalFileName: net.exe
CommandLine: net.exe accounts
CurrentDirectory: C:\Program Files (x86)\ossec-agent\
User: NT AUTHORITY\SYSTEM
LogonGuid: {8206e0bc-6167-6913-e703-000000000000}
LogonId: 0x3E7
TerminalSessionId: 0
IntegrityLevel: System
Hashes: MD5=31890A7DE89936F922D44D677F681A7F,SHA256=7C4C7725E266F12ABA8C50FD1598D4001201BCA0E7ACA901508307E365AFFF42,IMPHASH=AC592B83B5CAEB41A6F6DF7DB53F9076
ParentProcessGuid: {8206e0bc-6169-6913-4b00-000000000f00}
ParentProcessId: 3008
ParentImage: C:\Program Files (x86)\ossec-agent\wazuh-agent.exe
ParentCommandLine: ""C:\Program Files (x86)\ossec-agent\wazuh-agent.exe""
ParentUser: NT AUTHORITY\SYSTEM""",3,wazuh,0
2025-12-02 16:31:35.614000+00:00,SocWinEP,1,C:\\Windows\\SysWOW64\\net1.exe,C:\\Windows\\system32\\net1 accounts,,"""Process Create:
RuleName: -
UtcTime: 2025-12-02 16:31:32.429
ProcessGuid: {8206e0bc-1464-692f-7a09-000000000f00}
ProcessId: 11700
Image: C:\Windows\SysWOW64\net1.exe
FileVersion: 10.0.19041.3636 (WinBuild.160101.0800)
Description: Net Command
Product: Microsoft® Windows® Operating System
Company: Microsoft Corporation
OriginalFileName: net1.exe
CommandLine: C:\Windows\system32\net1 accounts
CurrentDirectory: C:\Program Files (x86)\ossec-agent\
User: NT AUTHORITY\SYSTEM
LogonGuid: {8206e0bc-6167-6913-e703-000000000000}
LogonId: 0x3E7
TerminalSessionId: 0
IntegrityLevel: System
Hashes: MD5=4A26539015F4FDB3AC3C5EB14336C7A7,SHA256=B25CF32B7BB76D5A5121919C63E6AE77262347F4AD7B29EE3C43CBAA61F43957,IMPHASH=D45C7E138CFAD11059C95018C99B7C96
ParentProcessGuid: {8206e0bc-1464-692f-7809-000000000f00}
ParentProcessId: 11640
ParentImage: C:\Windows\SysWOW64\net.exe
ParentCommandLine: net.exe accounts
ParentUser: NT AUTHORITY\SYSTEM""",3,wazuh,0
2025-12-02 16:31:35.649000+00:00,SocWinEP,1,C:\\Windows\\SysWOW64\\net.exe,net.exe accounts,,"""Process Create:
RuleName: -
UtcTime: 2025-12-02 16:31:32.448
ProcessGuid: {8206e0bc-1464-692f-7b09-000000000f00}
ProcessId: 11724
Image: C:\Windows\SysWOW64\net.exe
FileVersion: 10.0.19041.1 (WinBuild.160101.0800)
Description: Net Command
Product: Microsoft® Windows® Operating System
Company: Microsoft Corporation
OriginalFileName: net.exe
CommandLine: net.exe accounts
CurrentDirectory: C:\Program Files (x86)\ossec-agent\
User: NT AUTHORITY\SYSTEM
LogonGuid: {8206e0bc-6167-6913-e703-000000000000}
LogonId: 0x3E7
TerminalSessionId: 0
IntegrityLevel: System
Hashes: MD5=31890A7DE89936F922D44D677F681A7F,SHA256=7C4C7725E266F12ABA8C50FD1598D4001201BCA0E7ACA901508307E365AFFF42,IMPHASH=AC592B83B5CAEB41A6F6DF7DB53F9076
ParentProcessGuid: {8206e0bc-6169-6913-4b00-000000000f00}
ParentProcessId: 3008
ParentImage: C:\Program Files (x86)\ossec-agent\wazuh-agent.exe
ParentCommandLine: ""C:\Program Files (x86)\ossec-agent\wazuh-agent.exe""
ParentUser: NT AUTHORITY\SYSTEM""",3,wazuh,0
2025-12-02 16:31:35.682000+00:00,SocWinEP,22,C:\\Users\\duser\\AppData\\Local\\Microsoft\\OneDrive\\OneDrive.exe,,,"""Dns query:
RuleName: -
UtcTime: 2025-12-02 16:31:31.729
ProcessGuid: {8206e0bc-3b8c-6928-5905-000000000f00}
ProcessId: 8260
QueryName: oneclient.sfx.ms
QueryStatus: 0
QueryResults: type:  5 oneclient.sfx.ms.edgesuite.net;type:  5 a124.dscd.akamai.net;::ffff:2.16.168.125;::ffff:2.16.168.106;::ffff:2.16.168.121;
Image: C:\Users\duser\AppData\Local\Microsoft\OneDrive\OneDrive.exe
User: SOC\duser""",3,wazuh,0
2025-12-02 16:31:35.695000+00:00,SocWinEP,22,&lt;unknown process&gt;,,,"""Dns query:
RuleName: -
UtcTime: 2025-12-02 16:31:32.556
ProcessGuid: {00000000-0000-0000-0000-000000000000}
ProcessId: 10676
QueryName: AD-DC-Server.soc.lab.local
QueryStatus: 0
QueryResults: ::ffff:192.168.5.141;
Image: <unknown process>
User: NT AUTHORITY\SYSTEM""",3,wazuh,0
2025-12-02 16:31:35.725000+00:00,SocWinEP,1,C:\\Windows\\SysWOW64\\net1.exe,C:\\Windows\\system32\\net1 accounts,,"""Process Create:
RuleName: -
UtcTime: 2025-12-02 16:31:32.489
ProcessGuid: {8206e0bc-1464-692f-7d09-000000000f00}
ProcessId: 11780
Image: C:\Windows\SysWOW64\net1.exe
FileVersion: 10.0.19041.3636 (WinBuild.160101.0800)
Description: Net Command
Product: Microsoft® Windows® Operating System
Company: Microsoft Corporation
OriginalFileName: net1.exe
CommandLine: C:\Windows\system32\net1 accounts
CurrentDirectory: C:\Program Files (x86)\ossec-agent\
User: NT AUTHORITY\SYSTEM
LogonGuid: {8206e0bc-6167-6913-e703-000000000000}
LogonId: 0x3E7
TerminalSessionId: 0
IntegrityLevel: System
Hashes: MD5=4A26539015F4FDB3AC3C5EB14336C7A7,SHA256=B25CF32B7BB76D5A5121919C63E6AE77262347F4AD7B29EE3C43CBAA61F43957,IMPHASH=D45C7E138CFAD11059C95018C99B7C96
ParentProcessGuid: {8206e0bc-1464-692f-7b09-000000000f00}
ParentProcessId: 11724
ParentImage: C:\Windows\SysWOW64\net.exe
ParentCommandLine: net.exe accounts
ParentUser: NT AUTHORITY\SYSTEM""",3,wazuh,0
2025-12-02 16:31:35.755000+00:00,SocWinEP,1,C:\\Windows\\SysWOW64\\net.exe,net.exe accounts,,"""Process Create:
RuleName: -
UtcTime: 2025-12-02 16:31:32.522
ProcessGuid: {8206e0bc-1464-692f-7f09-000000000f00}
ProcessId: 11808
Image: C:\Windows\SysWOW64\net.exe
FileVersion: 10.0.19041.1 (WinBuild.160101.0800)
Description: Net Command
Product: Microsoft® Windows® Operating System
Company: Microsoft Corporation
OriginalFileName: net.exe
CommandLine: net.exe accounts
CurrentDirectory: C:\Program Files (x86)\ossec-agent\
User: NT AUTHORITY\SYSTEM
LogonGuid: {8206e0bc-6167-6913-e703-000000000000}
LogonId: 0x3E7
TerminalSessionId: 0
IntegrityLevel: System
Hashes: MD5=31890A7DE89936F922D44D677F681A7F,SHA256=7C4C7725E266F12ABA8C50FD1598D4001201BCA0E7ACA901508307E365AFFF42,IMPHASH=AC592B83B5CAEB41A6F6DF7DB53F9076
ParentProcessGuid: {8206e0bc-6169-6913-4b00-000000000f00}
ParentProcessId: 3008
ParentImage: C:\Program Files (x86)\ossec-agent\wazuh-agent.exe
ParentCommandLine: ""C:\Program Files (x86)\ossec-agent\wazuh-agent.exe""
ParentUser: NT AUTHORITY\SYSTEM""",3,wazuh,0
2025-12-02 16:31:35.786000+00:00,SocWinEP,1,C:\\Windows\\System32\\slui.exe,"\""C:\\Windows\\System32\\SLUI.exe\"" RuleId=31e71c49-8da7-4a2f-ad92-45d98a1c79ba;Action=AutoActivate;AppId=55c92734-d682-4d71-983e-d6ec3f16059f;SkuId=4de7cb65-cdf1-4de9-8ae8-e3cce27b9f2c;NotificationInterval=1440;Trigger=NetworkAvailable",,"""Process Create:
RuleName: -
UtcTime: 2025-12-02 16:31:32.548
ProcessGuid: {8206e0bc-1464-692f-8109-000000000f00}
ProcessId: 11864
Image: C:\Windows\System32\slui.exe
FileVersion: 10.0.19041.6456 (WinBuild.160101.0800)
Description: Windows Activation Client
Product: Microsoft® Windows® Operating System
Company: Microsoft Corporation
OriginalFileName: slui.exe
CommandLine: ""C:\Windows\System32\SLUI.exe"" RuleId=31e71c49-8da7-4a2f-ad92-45d98a1c79ba;Action=AutoActivate;AppId=55c92734-d682-4d71-983e-d6ec3f16059f;SkuId=4de7cb65-cdf1-4de9-8ae8-e3cce27b9f2c;NotificationInterval=1440;Trigger=NetworkAvailable
CurrentDirectory: C:\Windows\system32\
User: NT AUTHORITY\NETWORK SERVICE
LogonGuid: {8206e0bc-6167-6913-e403-000000000000}
LogonId: 0x3E4
TerminalSessionId: 0
IntegrityLevel: System
Hashes: MD5=FD0711FA8686860690BC87B8E5052848,SHA256=DB82AAAC88797176B14C921C20B031F3F7710BC8086D223960BF63A10F8CCA83,IMPHASH=F8B84614B23D2E435258EEC719D54B42
ParentProcessGuid: {8206e0bc-1464-692f-7e09-000000000f00}
ParentProcessId: 11796
ParentImage: C:\Windows\System32\SppExtComObj.Exe
ParentCommandLine: C:\Windows\system32\SppExtComObj.exe -Embedding
ParentUser: NT AUTHORITY\NETWORK SERVICE""",3,wazuh,0
2025-12-02 16:31:35.817000+00:00,SocWinEP,1,C:\\Windows\\SysWOW64\\net1.exe,C:\\Windows\\system32\\net1 accounts,,"""Process Create:
RuleName: -
UtcTime: 2025-12-02 16:31:32.612
ProcessGuid: {8206e0bc-1464-692f-8209-000000000f00}
ProcessId: 11920
Image: C:\Windows\SysWOW64\net1.exe
FileVersion: 10.0.19041.3636 (WinBuild.160101.0800)
Description: Net Command
Product: Microsoft® Windows® Operating System
Company: Microsoft Corporation
OriginalFileName: net1.exe
CommandLine: C:\Windows\system32\net1 accounts
CurrentDirectory: C:\Program Files (x86)\ossec-agent\
User: NT AUTHORITY\SYSTEM
LogonGuid: {8206e0bc-6167-6913-e703-000000000000}
LogonId: 0x3E7
TerminalSessionId: 0
IntegrityLevel: System
Hashes: MD5=4A26539015F4FDB3AC3C5EB14336C7A7,SHA256=B25CF32B7BB76D5A5121919C63E6AE77262347F4AD7B29EE3C43CBAA61F43957,IMPHASH=D45C7E138CFAD11059C95018C99B7C96
ParentProcessGuid: {8206e0bc-1464-692f-7f09-000000000f00}
ParentProcessId: 11808
ParentImage: C:\Windows\SysWOW64\net.exe
ParentCommandLine: net.exe accounts
ParentUser: NT AUTHORITY\SYSTEM""",3,wazuh,0
2025-12-02 16:31:35.834000+00:00,SocWinEP,4688,,,,"""A new process has been created.

Creator Subject:
	Security ID:		S-1-5-18
	Account Name:		SOCWINEP$
	Account Domain:		SOC
	Logon ID:		0x3E7

Target Subject:
	Security ID:		S-1-0-0
	Account Name:		-
	Account Domain:		-
	Logon ID:		0x0

Process Information:
	New Process ID:		0x2874
	New Process Name:	C:\Program Files\VMware\VMware Tools\VMwareResolutionSet.exe
	Token Elevation Type:	%%1936
	Mandatory Label:		S-1-16-16384
	Creator Process ID:	0xba4
	Creator Process Name:	C:\Program Files\VMware\VMware Tools\vmtoolsd.exe
	Process Command Line:	

Token Elevation Type indicates the type of token that was assigned to the new process in accordance with User Account Control policy.

Type 1 is a full token with no privileges removed or groups disabled.  A full token is only used if User Account Control is disabled or if the user is the built-in Administrator account or a service account.

Type 2 is an elevated token with no privileges removed or groups disabled.  An elevated token is used when User Account Control is enabled and the user chooses to start the program using Run as administrator.  An elevated token is also used when an application is configured to always require administrative privilege or to always require maximum privilege, and the user is a member of the Administrators group.

Type 3 is a limited token with administrative privileges removed and administrative groups disabled.  The limited token is used when User Account Control is enabled, the application does not require administrative privilege, and the user does not choose to start the program using Run as administrator.""",3,wazuh,0
2025-12-02 16:31:35.849000+00:00,SocWinEP,1,C:\\Windows\\SysWOW64\\net.exe,net.exe accounts,,"""Process Create:
RuleName: -
UtcTime: 2025-12-02 16:31:32.650
ProcessGuid: {8206e0bc-1464-692f-8309-000000000f00}
ProcessId: 11936
Image: C:\Windows\SysWOW64\net.exe
FileVersion: 10.0.19041.1 (WinBuild.160101.0800)
Description: Net Command
Product: Microsoft® Windows® Operating System
Company: Microsoft Corporation
OriginalFileName: net.exe
CommandLine: net.exe accounts
CurrentDirectory: C:\Program Files (x86)\ossec-agent\
User: NT AUTHORITY\SYSTEM
LogonGuid: {8206e0bc-6167-6913-e703-000000000000}
LogonId: 0x3E7
TerminalSessionId: 0
IntegrityLevel: System
Hashes: MD5=31890A7DE89936F922D44D677F681A7F,SHA256=7C4C7725E266F12ABA8C50FD1598D4001201BCA0E7ACA901508307E365AFFF42,IMPHASH=AC592B83B5CAEB41A6F6DF7DB53F9076
ParentProcessGuid: {8206e0bc-6169-6913-4b00-000000000f00}
ParentProcessId: 3008
ParentImage: C:\Program Files (x86)\ossec-agent\wazuh-agent.exe
ParentCommandLine: ""C:\Program Files (x86)\ossec-agent\wazuh-agent.exe""
ParentUser: NT AUTHORITY\SYSTEM""",3,wazuh,0
2025-12-02 16:31:35.880000+00:00,SocWinEP,1,C:\\Windows\\SysWOW64\\net1.exe,C:\\Windows\\system32\\net1 accounts,,"""Process Create:
RuleName: -
UtcTime: 2025-12-02 16:31:32.701
ProcessGuid: {8206e0bc-1464-692f-8509-000000000f00}
ProcessId: 11988
Image: C:\Windows\SysWOW64\net1.exe
FileVersion: 10.0.19041.3636 (WinBuild.160101.0800)
Description: Net Command
Product: Microsoft® Windows® Operating System
Company: Microsoft Corporation
OriginalFileName: net1.exe
CommandLine: C:\Windows\system32\net1 accounts
CurrentDirectory: C:\Program Files (x86)\ossec-agent\
User: NT AUTHORITY\SYSTEM
LogonGuid: {8206e0bc-6167-6913-e703-000000000000}
LogonId: 0x3E7
TerminalSessionId: 0
IntegrityLevel: System
Hashes: MD5=4A26539015F4FDB3AC3C5EB14336C7A7,SHA256=B25CF32B7BB76D5A5121919C63E6AE77262347F4AD7B29EE3C43CBAA61F43957,IMPHASH=D45C7E138CFAD11059C95018C99B7C96
ParentProcessGuid: {8206e0bc-1464-692f-8309-000000000f00}
ParentProcessId: 11936
ParentImage: C:\Windows\SysWOW64\net.exe
ParentCommandLine: net.exe accounts
ParentUser: NT AUTHORITY\SYSTEM""",3,wazuh,0
2025-12-02 16:31:35.895000+00:00,SocWinEP,4688,,,,"""A new process has been created.

Creator Subject:
	Security ID:		S-1-5-18
	Account Name:		SOCWINEP$
	Account Domain:		SOC
	Logon ID:		0x3E7

Target Subject:
	Security ID:		S-1-5-19
	Account Name:		LOCAL SERVICE
	Account Domain:		NT AUTHORITY
	Logon ID:		0x3E5

Process Information:
	New Process ID:		0x2958
	New Process Name:	C:\Windows\System32\svchost.exe
	Token Elevation Type:	%%1936
	Mandatory Label:		S-1-16-16384
	Creator Process ID:	0x25c
	Creator Process Name:	C:\Windows\System32\services.exe
	Process Command Line:	

Token Elevation Type indicates the type of token that was assigned to the new process in accordance with User Account Control policy.

Type 1 is a full token with no privileges removed or groups disabled.  A full token is only used if User Account Control is disabled or if the user is the built-in Administrator account or a service account.

Type 2 is an elevated token with no privileges removed or groups disabled.  An elevated token is used when User Account Control is enabled and the user chooses to start the program using Run as administrator.  An elevated token is also used when an application is configured to always require administrative privilege or to always require maximum privilege, and the user is a member of the Administrators group.

Type 3 is a limited token with administrative privileges removed and administrative groups disabled.  The limited token is used when User Account Control is enabled, the application does not require administrative privilege, and the user does not choose to start the program using Run as administrator.""",3,wazuh,0
2025-12-02 16:31:35.911000+00:00,SocWinEP,1,C:\\Windows\\SysWOW64\\net.exe,net.exe accounts,,"""Process Create:
RuleName: -
UtcTime: 2025-12-02 16:31:32.881
ProcessGuid: {8206e0bc-1464-692f-8709-000000000f00}
ProcessId: 12076
Image: C:\Windows\SysWOW64\net.exe
FileVersion: 10.0.19041.1 (WinBuild.160101.0800)
Description: Net Command
Product: Microsoft® Windows® Operating System
Company: Microsoft Corporation
OriginalFileName: net.exe
CommandLine: net.exe accounts
CurrentDirectory: C:\Program Files (x86)\ossec-agent\
User: NT AUTHORITY\SYSTEM
LogonGuid: {8206e0bc-6167-6913-e703-000000000000}
LogonId: 0x3E7
TerminalSessionId: 0
IntegrityLevel: System
Hashes: MD5=31890A7DE89936F922D44D677F681A7F,SHA256=7C4C7725E266F12ABA8C50FD1598D4001201BCA0E7ACA901508307E365AFFF42,IMPHASH=AC592B83B5CAEB41A6F6DF7DB53F9076
ParentProcessGuid: {8206e0bc-6169-6913-4b00-000000000f00}
ParentProcessId: 3008
ParentImage: C:\Program Files (x86)\ossec-agent\wazuh-agent.exe
ParentCommandLine: ""C:\Program Files (x86)\ossec-agent\wazuh-agent.exe""
ParentUser: NT AUTHORITY\SYSTEM""",3,wazuh,0
2025-12-02 16:31:35.927000+00:00,SocWinEP,4688,,,,"""A new process has been created.

Creator Subject:
	Security ID:		S-1-5-18
	Account Name:		SOCWINEP$
	Account Domain:		SOC
	Logon ID:		0x3E7

Target Subject:
	Security ID:		S-1-5-21-3631167090-248966842-2655285490-1106
	Account Name:		duser
	Account Domain:		SOC
	Logon ID:		0xAD462D

Process Information:
	New Process ID:		0x2960
	New Process Name:	C:\Windows\System32\taskhostw.exe
	Token Elevation Type:	%%1936
	Mandatory Label:		S-1-16-8192
	Creator Process ID:	0x584
	Creator Process Name:	C:\Windows\System32\svchost.exe
	Process Command Line:	

Token Elevation Type indicates the type of token that was assigned to the new process in accordance with User Account Control policy.

Type 1 is a full token with no privileges removed or groups disabled.  A full token is only used if User Account Control is disabled or if the user is the built-in Administrator account or a service account.

Type 2 is an elevated token with no privileges removed or groups disabled.  An elevated token is used when User Account Control is enabled and the user chooses to start the program using Run as administrator.  An elevated token is also used when an application is configured to always require administrative privilege or to always require maximum privilege, and the user is a member of the Administrators group.

Type 3 is a limited token with administrative privileges removed and administrative groups disabled.  The limited token is used when User Account Control is enabled, the application does not require administrative privilege, and the user does not choose to start the program using Run as administrator.""",3,wazuh,0
2025-12-02 16:31:35.942000+00:00,SocWinEP,1,C:\\Windows\\SysWOW64\\net1.exe,C:\\Windows\\system32\\net1 accounts,,"""Process Create:
RuleName: -
UtcTime: 2025-12-02 16:31:32.992
ProcessGuid: {8206e0bc-1464-692f-8909-000000000f00}
ProcessId: 12124
Image: C:\Windows\SysWOW64\net1.exe
FileVersion: 10.0.19041.3636 (WinBuild.160101.0800)
Description: Net Command
Product: Microsoft® Windows® Operating System
Company: Microsoft Corporation
OriginalFileName: net1.exe
CommandLine: C:\Windows\system32\net1 accounts
CurrentDirectory: C:\Program Files (x86)\ossec-agent\
User: NT AUTHORITY\SYSTEM
LogonGuid: {8206e0bc-6167-6913-e703-000000000000}
LogonId: 0x3E7
TerminalSessionId: 0
IntegrityLevel: System
Hashes: MD5=4A26539015F4FDB3AC3C5EB14336C7A7,SHA256=B25CF32B7BB76D5A5121919C63E6AE77262347F4AD7B29EE3C43CBAA61F43957,IMPHASH=D45C7E138CFAD11059C95018C99B7C96
ParentProcessGuid: {8206e0bc-1464-692f-8709-000000000f00}
ParentProcessId: 12076
ParentImage: C:\Windows\SysWOW64\net.exe
ParentCommandLine: net.exe accounts
ParentUser: NT AUTHORITY\SYSTEM""",3,wazuh,0
2025-12-02 16:31:35.974000+00:00,SocWinEP,1,C:\\Windows\\System32\\wermgr.exe,"\""C:\\Windows\\system32\\wermgr.exe\"" -upload",,"""Process Create:
RuleName: -
UtcTime: 2025-12-02 16:31:33.006
ProcessGuid: {8206e0bc-1465-692f-8a09-000000000f00}
ProcessId: 12132
Image: C:\Windows\System32\wermgr.exe
FileVersion: 10.0.19041.5794 (WinBuild.160101.0800)
Description: Windows Problem Reporting
Product: Microsoft® Windows® Operating System
Company: Microsoft Corporation
OriginalFileName: WerMgr
CommandLine: ""C:\Windows\system32\wermgr.exe"" -upload
CurrentDirectory: C:\Windows\system32\
User: NT AUTHORITY\SYSTEM
LogonGuid: {8206e0bc-6167-6913-e703-000000000000}
LogonId: 0x3E7
TerminalSessionId: 0
IntegrityLevel: System
Hashes: MD5=250C58FBA93500526A03D5B526E48B3C,SHA256=284F38524C26F39B1DD788210E7310C8DF99EFE8A420A031DC42247E75FC646E,IMPHASH=69C608216376CA2D62C0C27FB0B423E6
ParentProcessGuid: {8206e0bc-6168-6913-2200-000000000f00}
ParentProcessId: 1412
ParentImage: C:\Windows\System32\svchost.exe
ParentCommandLine: C:\Windows\system32\svchost.exe -k netsvcs -p -s Schedule
ParentUser: NT AUTHORITY\SYSTEM""",3,wazuh,0
2025-12-02 16:31:36.005000+00:00,SocWinEP,1,C:\\Windows\\System32\\taskhostw.exe,taskhostw.exe,,"""Process Create:
RuleName: -
UtcTime: 2025-12-02 16:31:33.033
ProcessGuid: {8206e0bc-1465-692f-8b09-000000000f00}
ProcessId: 12148
Image: C:\Windows\System32\taskhostw.exe
FileVersion: 10.0.19041.5794 (WinBuild.160101.0800)
Description: Host Process for Windows Tasks
Product: Microsoft® Windows® Operating System
Company: Microsoft Corporation
OriginalFileName: taskhostw.exe
CommandLine: taskhostw.exe
CurrentDirectory: C:\Windows\system32\
User: SOC\duser
LogonGuid: {8206e0bc-3b7a-6928-2d46-ad0000000000}
LogonId: 0xAD462D
TerminalSessionId: 1
IntegrityLevel: Medium
Hashes: MD5=D71630DA4364F89F36B47581D4162639,SHA256=4D84D1DB6C572DA841307B814CCF26478429D3A29F304755CE1BAF110E639F64,IMPHASH=3A0C6863CDE566AF997DB2DEFFF9D924
ParentProcessGuid: {8206e0bc-6168-6913-2200-000000000f00}
ParentProcessId: 1412
ParentImage: C:\Windows\System32\svchost.exe
ParentCommandLine: C:\Windows\system32\svchost.exe -k netsvcs -p -s Schedule
ParentUser: NT AUTHORITY\SYSTEM""",3,wazuh,0
2025-12-02 16:31:36.020000+00:00,SocWinEP,22,&lt;unknown process&gt;,,,"""Dns query:
RuleName: -
UtcTime: 2025-12-02 16:31:32.573
ProcessGuid: {00000000-0000-0000-0000-000000000000}
ProcessId: 8680
QueryName: AD-DC-Server.soc.lab.local
QueryStatus: 0
QueryResults: ::ffff:192.168.5.141;
Image: <unknown process>
User: NT AUTHORITY\SYSTEM""",3,wazuh,0
2025-12-02 16:31:36.114000+00:00,SocWinEP,1,C:\\Windows\\SysWOW64\\net.exe,net.exe accounts,,"""Process Create:
RuleName: -
UtcTime: 2025-12-02 16:31:33.813
ProcessGuid: {8206e0bc-1465-692f-9209-000000000f00}
ProcessId: 11700
Image: C:\Windows\SysWOW64\net.exe
FileVersion: 10.0.19041.1 (WinBuild.160101.0800)
Description: Net Command
Product: Microsoft® Windows® Operating System
Company: Microsoft Corporation
OriginalFileName: net.exe
CommandLine: net.exe accounts
CurrentDirectory: C:\Program Files (x86)\ossec-agent\
User: NT AUTHORITY\SYSTEM
LogonGuid: {8206e0bc-6167-6913-e703-000000000000}
LogonId: 0x3E7
TerminalSessionId: 0
IntegrityLevel: System
Hashes: MD5=31890A7DE89936F922D44D677F681A7F,SHA256=7C4C7725E266F12ABA8C50FD1598D4001201BCA0E7ACA901508307E365AFFF42,IMPHASH=AC592B83B5CAEB41A6F6DF7DB53F9076
ParentProcessGuid: {8206e0bc-6169-6913-4b00-000000000f00}
ParentProcessId: 3008
ParentImage: C:\Program Files (x86)\ossec-agent\wazuh-agent.exe
ParentCommandLine: ""C:\Program Files (x86)\ossec-agent\wazuh-agent.exe""
ParentUser: NT AUTHORITY\SYSTEM""",3,wazuh,0
2025-12-02 16:31:36.145000+00:00,SocWinEP,1,C:\\Windows\\SysWOW64\\net1.exe,C:\\Windows\\system32\\net1 accounts,,"""Process Create:
RuleName: -
UtcTime: 2025-12-02 16:31:33.847
ProcessGuid: {8206e0bc-1465-692f-9409-000000000f00}
ProcessId: 11784
Image: C:\Windows\SysWOW64\net1.exe
FileVersion: 10.0.19041.3636 (WinBuild.160101.0800)
Description: Net Command
Product: Microsoft® Windows® Operating System
Company: Microsoft Corporation
OriginalFileName: net1.exe
CommandLine: C:\Windows\system32\net1 accounts
CurrentDirectory: C:\Program Files (x86)\ossec-agent\
User: NT AUTHORITY\SYSTEM
LogonGuid: {8206e0bc-6167-6913-e703-000000000000}
LogonId: 0x3E7
TerminalSessionId: 0
IntegrityLevel: System
Hashes: MD5=4A26539015F4FDB3AC3C5EB14336C7A7,SHA256=B25CF32B7BB76D5A5121919C63E6AE77262347F4AD7B29EE3C43CBAA61F43957,IMPHASH=D45C7E138CFAD11059C95018C99B7C96
ParentProcessGuid: {8206e0bc-1465-692f-9209-000000000f00}
ParentProcessId: 11700
ParentImage: C:\Windows\SysWOW64\net.exe
ParentCommandLine: net.exe accounts
ParentUser: NT AUTHORITY\SYSTEM""",3,wazuh,0
2025-12-02 16:31:36.177000+00:00,SocWinEP,1,C:\\Windows\\SysWOW64\\net.exe,net.exe accounts,,"""Process Create:
RuleName: -
UtcTime: 2025-12-02 16:31:33.859
ProcessGuid: {8206e0bc-1465-692f-9509-000000000f00}
ProcessId: 11780
Image: C:\Windows\SysWOW64\net.exe
FileVersion: 10.0.19041.1 (WinBuild.160101.0800)
Description: Net Command
Product: Microsoft® Windows® Operating System
Company: Microsoft Corporation
OriginalFileName: net.exe
CommandLine: net.exe accounts
CurrentDirectory: C:\Program Files (x86)\ossec-agent\
User: NT AUTHORITY\SYSTEM
LogonGuid: {8206e0bc-6167-6913-e703-000000000000}
LogonId: 0x3E7
TerminalSessionId: 0
IntegrityLevel: System
Hashes: MD5=31890A7DE89936F922D44D677F681A7F,SHA256=7C4C7725E266F12ABA8C50FD1598D4001201BCA0E7ACA901508307E365AFFF42,IMPHASH=AC592B83B5CAEB41A6F6DF7DB53F9076
ParentProcessGuid: {8206e0bc-6169-6913-4b00-000000000f00}
ParentProcessId: 3008
ParentImage: C:\Program Files (x86)\ossec-agent\wazuh-agent.exe
ParentCommandLine: ""C:\Program Files (x86)\ossec-agent\wazuh-agent.exe""
ParentUser: NT AUTHORITY\SYSTEM""",3,wazuh,0
2025-12-02 16:31:36.208000+00:00,SocWinEP,1,C:\\Windows\\SysWOW64\\net1.exe,C:\\Windows\\system32\\net1 accounts,,"""Process Create:
RuleName: -
UtcTime: 2025-12-02 16:31:33.885
ProcessGuid: {8206e0bc-1465-692f-9709-000000000f00}
ProcessId: 11840
Image: C:\Windows\SysWOW64\net1.exe
FileVersion: 10.0.19041.3636 (WinBuild.160101.0800)
Description: Net Command
Product: Microsoft® Windows® Operating System
Company: Microsoft Corporation
OriginalFileName: net1.exe
CommandLine: C:\Windows\system32\net1 accounts
CurrentDirectory: C:\Program Files (x86)\ossec-agent\
User: NT AUTHORITY\SYSTEM
LogonGuid: {8206e0bc-6167-6913-e703-000000000000}
LogonId: 0x3E7
TerminalSessionId: 0
IntegrityLevel: System
Hashes: MD5=4A26539015F4FDB3AC3C5EB14336C7A7,SHA256=B25CF32B7BB76D5A5121919C63E6AE77262347F4AD7B29EE3C43CBAA61F43957,IMPHASH=D45C7E138CFAD11059C95018C99B7C96
ParentProcessGuid: {8206e0bc-1465-692f-9509-000000000f00}
ParentProcessId: 11780
ParentImage: C:\Windows\SysWOW64\net.exe
ParentCommandLine: net.exe accounts
ParentUser: NT AUTHORITY\SYSTEM""",3,wazuh,0
2025-12-02 16:31:36.255000+00:00,SocWinEP,1,C:\\Windows\\SysWOW64\\net.exe,net user administrator,,"""Process Create:
RuleName: -
UtcTime: 2025-12-02 16:31:33.895
ProcessGuid: {8206e0bc-1465-692f-9809-000000000f00}
ProcessId: 11908
Image: C:\Windows\SysWOW64\net.exe
FileVersion: 10.0.19041.1 (WinBuild.160101.0800)
Description: Net Command
Product: Microsoft® Windows® Operating System
Company: Microsoft Corporation
OriginalFileName: net.exe
CommandLine: net user administrator
CurrentDirectory: C:\Program Files (x86)\ossec-agent\
User: NT AUTHORITY\SYSTEM
LogonGuid: {8206e0bc-6167-6913-e703-000000000000}
LogonId: 0x3E7
TerminalSessionId: 0
IntegrityLevel: System
Hashes: MD5=31890A7DE89936F922D44D677F681A7F,SHA256=7C4C7725E266F12ABA8C50FD1598D4001201BCA0E7ACA901508307E365AFFF42,IMPHASH=AC592B83B5CAEB41A6F6DF7DB53F9076
ParentProcessGuid: {8206e0bc-6169-6913-4b00-000000000f00}
ParentProcessId: 3008
ParentImage: C:\Program Files (x86)\ossec-agent\wazuh-agent.exe
ParentCommandLine: ""C:\Program Files (x86)\ossec-agent\wazuh-agent.exe""
ParentUser: NT AUTHORITY\SYSTEM""",3,wazuh,0
2025-12-02 16:31:36.286000+00:00,SocWinEP,1,C:\\Windows\\SysWOW64\\net1.exe,C:\\Windows\\system32\\net1 user administrator,,"""Process Create:
RuleName: -
UtcTime: 2025-12-02 16:31:33.920
ProcessGuid: {8206e0bc-1465-692f-9a09-000000000f00}
ProcessId: 11964
Image: C:\Windows\SysWOW64\net1.exe
FileVersion: 10.0.19041.3636 (WinBuild.160101.0800)
Description: Net Command
Product: Microsoft® Windows® Operating System
Company: Microsoft Corporation
OriginalFileName: net1.exe
CommandLine: C:\Windows\system32\net1 user administrator
CurrentDirectory: C:\Program Files (x86)\ossec-agent\
User: NT AUTHORITY\SYSTEM
LogonGuid: {8206e0bc-6167-6913-e703-000000000000}
LogonId: 0x3E7
TerminalSessionId: 0
IntegrityLevel: System
Hashes: MD5=4A26539015F4FDB3AC3C5EB14336C7A7,SHA256=B25CF32B7BB76D5A5121919C63E6AE77262347F4AD7B29EE3C43CBAA61F43957,IMPHASH=D45C7E138CFAD11059C95018C99B7C96
ParentProcessGuid: {8206e0bc-1465-692f-9809-000000000f00}
ParentProcessId: 11908
ParentImage: C:\Windows\SysWOW64\net.exe
ParentCommandLine: net user administrator
ParentUser: NT AUTHORITY\SYSTEM""",3,wazuh,0
2025-12-02 16:31:36.302000+00:00,SocWinEP,1,C:\\Windows\\SysWOW64\\net.exe,net user guest,,"""Process Create:
RuleName: -
UtcTime: 2025-12-02 16:31:33.938
ProcessGuid: {8206e0bc-1465-692f-9b09-000000000f00}
ProcessId: 12092
Image: C:\Windows\SysWOW64\net.exe
FileVersion: 10.0.19041.1 (WinBuild.160101.0800)
Description: Net Command
Product: Microsoft® Windows® Operating System
Company: Microsoft Corporation
OriginalFileName: net.exe
CommandLine: net user guest
CurrentDirectory: C:\Program Files (x86)\ossec-agent\
User: NT AUTHORITY\SYSTEM
LogonGuid: {8206e0bc-6167-6913-e703-000000000000}
LogonId: 0x3E7
TerminalSessionId: 0
IntegrityLevel: System
Hashes: MD5=31890A7DE89936F922D44D677F681A7F,SHA256=7C4C7725E266F12ABA8C50FD1598D4001201BCA0E7ACA901508307E365AFFF42,IMPHASH=AC592B83B5CAEB41A6F6DF7DB53F9076
ParentProcessGuid: {8206e0bc-6169-6913-4b00-000000000f00}
ParentProcessId: 3008
ParentImage: C:\Program Files (x86)\ossec-agent\wazuh-agent.exe
ParentCommandLine: ""C:\Program Files (x86)\ossec-agent\wazuh-agent.exe""
ParentUser: NT AUTHORITY\SYSTEM""",3,wazuh,0
2025-12-02 16:31:36.318000+00:00,SocWinEP,4673,,,,"""A privileged service was called.

Subject:
	Security ID:		S-1-5-21-3631167090-248966842-2655285490-1106
	Account Name:		duser
	Account Domain:		SOC
	Logon ID:		0xAD462D

Service:
	Server:	Security
	Service Name:	-

Process:
	Process ID:	0x2960
	Process Name:	C:\Windows\System32\taskhostw.exe

Service Request Information:
	Privileges:		SeProfileSingleProcessPrivilege""",4,wazuh,0
2025-12-02 16:31:36.333000+00:00,SocWinEP,1,C:\\Windows\\SysWOW64\\net1.exe,C:\\Windows\\system32\\net1 user guest,,"""Process Create:
RuleName: -
UtcTime: 2025-12-02 16:31:33.964
ProcessGuid: {8206e0bc-1465-692f-9d09-000000000f00}
ProcessId: 11884
Image: C:\Windows\SysWOW64\net1.exe
FileVersion: 10.0.19041.3636 (WinBuild.160101.0800)
Description: Net Command
Product: Microsoft® Windows® Operating System
Company: Microsoft Corporation
OriginalFileName: net1.exe
CommandLine: C:\Windows\system32\net1 user guest
CurrentDirectory: C:\Program Files (x86)\ossec-agent\
User: NT AUTHORITY\SYSTEM
LogonGuid: {8206e0bc-6167-6913-e703-000000000000}
LogonId: 0x3E7
TerminalSessionId: 0
IntegrityLevel: System
Hashes: MD5=4A26539015F4FDB3AC3C5EB14336C7A7,SHA256=B25CF32B7BB76D5A5121919C63E6AE77262347F4AD7B29EE3C43CBAA61F43957,IMPHASH=D45C7E138CFAD11059C95018C99B7C96
ParentProcessGuid: {8206e0bc-1465-692f-9b09-000000000f00}
ParentProcessId: 12092
ParentImage: C:\Windows\SysWOW64\net.exe
ParentCommandLine: net user guest
ParentUser: NT AUTHORITY\SYSTEM""",3,wazuh,0
2025-12-02 16:31:36.364000+00:00,SocWinEP,1,C:\\Windows\\SysWOW64\\net.exe,net user administrator,,"""Process Create:
RuleName: -
UtcTime: 2025-12-02 16:31:33.977
ProcessGuid: {8206e0bc-1465-692f-9e09-000000000f00}
ProcessId: 11556
Image: C:\Windows\SysWOW64\net.exe
FileVersion: 10.0.19041.1 (WinBuild.160101.0800)
Description: Net Command
Product: Microsoft® Windows® Operating System
Company: Microsoft Corporation
OriginalFileName: net.exe
CommandLine: net user administrator
CurrentDirectory: C:\Program Files (x86)\ossec-agent\
User: NT AUTHORITY\SYSTEM
LogonGuid: {8206e0bc-6167-6913-e703-000000000000}
LogonId: 0x3E7
TerminalSessionId: 0
IntegrityLevel: System
Hashes: MD5=31890A7DE89936F922D44D677F681A7F,SHA256=7C4C7725E266F12ABA8C50FD1598D4001201BCA0E7ACA901508307E365AFFF42,IMPHASH=AC592B83B5CAEB41A6F6DF7DB53F9076
ParentProcessGuid: {8206e0bc-6169-6913-4b00-000000000f00}
ParentProcessId: 3008
ParentImage: C:\Program Files (x86)\ossec-agent\wazuh-agent.exe
ParentCommandLine: ""C:\Program Files (x86)\ossec-agent\wazuh-agent.exe""
ParentUser: NT AUTHORITY\SYSTEM""",3,wazuh,0
2025-12-02 16:31:36.380000+00:00,SocWinEP,4688,,,,"""A new process has been created.

Creator Subject:
	Security ID:		S-1-5-18
	Account Name:		SOCWINEP$
	Account Domain:		SOC
	Logon ID:		0x3E7

Target Subject:
	Security ID:		S-1-0-0
	Account Name:		-
	Account Domain:		-
	Logon ID:		0x0

Process Information:
	New Process ID:		0x29b4
	New Process Name:	C:\Windows\System32\dsregcmd.exe
	Token Elevation Type:	%%1936
	Mandatory Label:		S-1-16-16384
	Creator Process ID:	0x584
	Creator Process Name:	C:\Windows\System32\svchost.exe
	Process Command Line:	

Token Elevation Type indicates the type of token that was assigned to the new process in accordance with User Account Control policy.

Type 1 is a full token with no privileges removed or groups disabled.  A full token is only used if User Account Control is disabled or if the user is the built-in Administrator account or a service account.

Type 2 is an elevated token with no privileges removed or groups disabled.  An elevated token is used when User Account Control is enabled and the user chooses to start the program using Run as administrator.  An elevated token is also used when an application is configured to always require administrative privilege or to always require maximum privilege, and the user is a member of the Administrators group.

Type 3 is a limited token with administrative privileges removed and administrative groups disabled.  The limited token is used when User Account Control is enabled, the application does not require administrative privilege, and the user does not choose to start the program using Run as administrator.""",3,wazuh,0
2025-12-02 16:31:36.396000+00:00,SocWinEP,1,C:\\Windows\\SysWOW64\\net1.exe,C:\\Windows\\system32\\net1 user administrator,,"""Process Create:
RuleName: -
UtcTime: 2025-12-02 16:31:34.006
ProcessGuid: {8206e0bc-1466-692f-a009-000000000f00}
ProcessId: 9928
Image: C:\Windows\SysWOW64\net1.exe
FileVersion: 10.0.19041.3636 (WinBuild.160101.0800)
Description: Net Command
Product: Microsoft® Windows® Operating System
Company: Microsoft Corporation
OriginalFileName: net1.exe
CommandLine: C:\Windows\system32\net1 user administrator
CurrentDirectory: C:\Program Files (x86)\ossec-agent\
User: NT AUTHORITY\SYSTEM
LogonGuid: {8206e0bc-6167-6913-e703-000000000000}
LogonId: 0x3E7
TerminalSessionId: 0
IntegrityLevel: System
Hashes: MD5=4A26539015F4FDB3AC3C5EB14336C7A7,SHA256=B25CF32B7BB76D5A5121919C63E6AE77262347F4AD7B29EE3C43CBAA61F43957,IMPHASH=D45C7E138CFAD11059C95018C99B7C96
ParentProcessGuid: {8206e0bc-1465-692f-9e09-000000000f00}
ParentProcessId: 11556
ParentImage: C:\Windows\SysWOW64\net.exe
ParentCommandLine: net user administrator
ParentUser: NT AUTHORITY\SYSTEM""",3,wazuh,0
2025-12-02 16:31:36.411000+00:00,SocWinEP,4688,,,,"""A new process has been created.

Creator Subject:
	Security ID:		S-1-5-18
	Account Name:		SOCWINEP$
	Account Domain:		SOC
	Logon ID:		0x3E7

Target Subject:
	Security ID:		S-1-0-0
	Account Name:		-
	Account Domain:		-
	Logon ID:		0x0

Process Information:
	New Process ID:		0x2a58
	New Process Name:	C:\Windows\System32\ipconfig.exe
	Token Elevation Type:	%%1936
	Mandatory Label:		S-1-16-16384
	Creator Process ID:	0x1cec
	Creator Process Name:	C:\Windows\System32\cmd.exe
	Process Command Line:	

Token Elevation Type indicates the type of token that was assigned to the new process in accordance with User Account Control policy.

Type 1 is a full token with no privileges removed or groups disabled.  A full token is only used if User Account Control is disabled or if the user is the built-in Administrator account or a service account.

Type 2 is an elevated token with no privileges removed or groups disabled.  An elevated token is used when User Account Control is enabled and the user chooses to start the program using Run as administrator.  An elevated token is also used when an application is configured to always require administrative privilege or to always require maximum privilege, and the user is a member of the Administrators group.

Type 3 is a limited token with administrative privileges removed and administrative groups disabled.  The limited token is used when User Account Control is enabled, the application does not require administrative privilege, and the user does not choose to start the program using Run as administrator.""",3,wazuh,0
2025-12-02 16:31:36.442000+00:00,SocWinEP,1,C:\\Windows\\SysWOW64\\net.exe,net user guest,,"""Process Create:
RuleName: -
UtcTime: 2025-12-02 16:31:34.020
ProcessGuid: {8206e0bc-1466-692f-a209-000000000f00}
ProcessId: 11632
Image: C:\Windows\SysWOW64\net.exe
FileVersion: 10.0.19041.1 (WinBuild.160101.0800)
Description: Net Command
Product: Microsoft® Windows® Operating System
Company: Microsoft Corporation
OriginalFileName: net.exe
CommandLine: net user guest
CurrentDirectory: C:\Program Files (x86)\ossec-agent\
User: NT AUTHORITY\SYSTEM
LogonGuid: {8206e0bc-6167-6913-e703-000000000000}
LogonId: 0x3E7
TerminalSessionId: 0
IntegrityLevel: System
Hashes: MD5=31890A7DE89936F922D44D677F681A7F,SHA256=7C4C7725E266F12ABA8C50FD1598D4001201BCA0E7ACA901508307E365AFFF42,IMPHASH=AC592B83B5CAEB41A6F6DF7DB53F9076
ParentProcessGuid: {8206e0bc-6169-6913-4b00-000000000f00}
ParentProcessId: 3008
ParentImage: C:\Program Files (x86)\ossec-agent\wazuh-agent.exe
ParentCommandLine: ""C:\Program Files (x86)\ossec-agent\wazuh-agent.exe""
ParentUser: NT AUTHORITY\SYSTEM""",3,wazuh,0
2025-12-02 16:31:36.474000+00:00,SocWinEP,1,C:\\Windows\\SysWOW64\\net1.exe,C:\\Windows\\system32\\net1 user guest,,"""Process Create:
RuleName: -
UtcTime: 2025-12-02 16:31:34.047
ProcessGuid: {8206e0bc-1466-692f-a409-000000000f00}
ProcessId: 11696
Image: C:\Windows\SysWOW64\net1.exe
FileVersion: 10.0.19041.3636 (WinBuild.160101.0800)
Description: Net Command
Product: Microsoft® Windows® Operating System
Company: Microsoft Corporation
OriginalFileName: net1.exe
CommandLine: C:\Windows\system32\net1 user guest
CurrentDirectory: C:\Program Files (x86)\ossec-agent\
User: NT AUTHORITY\SYSTEM
LogonGuid: {8206e0bc-6167-6913-e703-000000000000}
LogonId: 0x3E7
TerminalSessionId: 0
IntegrityLevel: System
Hashes: MD5=4A26539015F4FDB3AC3C5EB14336C7A7,SHA256=B25CF32B7BB76D5A5121919C63E6AE77262347F4AD7B29EE3C43CBAA61F43957,IMPHASH=D45C7E138CFAD11059C95018C99B7C96
ParentProcessGuid: {8206e0bc-1466-692f-a209-000000000f00}
ParentProcessId: 11632
ParentImage: C:\Windows\SysWOW64\net.exe
ParentCommandLine: net user guest
ParentUser: NT AUTHORITY\SYSTEM""",3,wazuh,0
2025-12-02 16:31:36.508000+00:00,SocWinEP,1,C:\\Windows\\SysWOW64\\net.exe,net.exe accounts,,"""Process Create:
RuleName: -
UtcTime: 2025-12-02 16:31:34.067
ProcessGuid: {8206e0bc-1466-692f-a509-000000000f00}
ProcessId: 12076
Image: C:\Windows\SysWOW64\net.exe
FileVersion: 10.0.19041.1 (WinBuild.160101.0800)
Description: Net Command
Product: Microsoft® Windows® Operating System
Company: Microsoft Corporation
OriginalFileName: net.exe
CommandLine: net.exe accounts
CurrentDirectory: C:\Program Files (x86)\ossec-agent\
User: NT AUTHORITY\SYSTEM
LogonGuid: {8206e0bc-6167-6913-e703-000000000000}
LogonId: 0x3E7
TerminalSessionId: 0
IntegrityLevel: System
Hashes: MD5=31890A7DE89936F922D44D677F681A7F,SHA256=7C4C7725E266F12ABA8C50FD1598D4001201BCA0E7ACA901508307E365AFFF42,IMPHASH=AC592B83B5CAEB41A6F6DF7DB53F9076
ParentProcessGuid: {8206e0bc-6169-6913-4b00-000000000f00}
ParentProcessId: 3008
ParentImage: C:\Program Files (x86)\ossec-agent\wazuh-agent.exe
ParentCommandLine: ""C:\Program Files (x86)\ossec-agent\wazuh-agent.exe""
ParentUser: NT AUTHORITY\SYSTEM""",3,wazuh,0
2025-12-02 16:31:36.520000+00:00,SocWinEP,4688,,,,"""A new process has been created.

Creator Subject:
	Security ID:		S-1-5-18
	Account Name:		SOCWINEP$
	Account Domain:		SOC
	Logon ID:		0x3E7

Target Subject:
	Security ID:		S-1-0-0
	Account Name:		-
	Account Domain:		-
	Logon ID:		0x0

Process Information:
	New Process ID:		0x2a60
	New Process Name:	C:\Windows\System32\svchost.exe
	Token Elevation Type:	%%1936
	Mandatory Label:		S-1-16-16384
	Creator Process ID:	0x25c
	Creator Process Name:	C:\Windows\System32\services.exe
	Process Command Line:	

Token Elevation Type indicates the type of token that was assigned to the new process in accordance with User Account Control policy.

Type 1 is a full token with no privileges removed or groups disabled.  A full token is only used if User Account Control is disabled or if the user is the built-in Administrator account or a service account.

Type 2 is an elevated token with no privileges removed or groups disabled.  An elevated token is used when User Account Control is enabled and the user chooses to start the program using Run as administrator.  An elevated token is also used when an application is configured to always require administrative privilege or to always require maximum privilege, and the user is a member of the Administrators group.

Type 3 is a limited token with administrative privileges removed and administrative groups disabled.  The limited token is used when User Account Control is enabled, the application does not require administrative privilege, and the user does not choose to start the program using Run as administrator.""",3,wazuh,0
2025-12-02 16:31:36.536000+00:00,SocWinEP,1,C:\\Windows\\SysWOW64\\net1.exe,C:\\Windows\\system32\\net1 accounts,,"""Process Create:
RuleName: -
UtcTime: 2025-12-02 16:31:34.128
ProcessGuid: {8206e0bc-1466-692f-a709-000000000f00}
ProcessId: 11644
Image: C:\Windows\SysWOW64\net1.exe
FileVersion: 10.0.19041.3636 (WinBuild.160101.0800)
Description: Net Command
Product: Microsoft® Windows® Operating System
Company: Microsoft Corporation
OriginalFileName: net1.exe
CommandLine: C:\Windows\system32\net1 accounts
CurrentDirectory: C:\Program Files (x86)\ossec-agent\
User: NT AUTHORITY\SYSTEM
LogonGuid: {8206e0bc-6167-6913-e703-000000000000}
LogonId: 0x3E7
TerminalSessionId: 0
IntegrityLevel: System
Hashes: MD5=4A26539015F4FDB3AC3C5EB14336C7A7,SHA256=B25CF32B7BB76D5A5121919C63E6AE77262347F4AD7B29EE3C43CBAA61F43957,IMPHASH=D45C7E138CFAD11059C95018C99B7C96
ParentProcessGuid: {8206e0bc-1466-692f-a509-000000000f00}
ParentProcessId: 12076
ParentImage: C:\Windows\SysWOW64\net.exe
ParentCommandLine: net.exe accounts
ParentUser: NT AUTHORITY\SYSTEM""",3,wazuh,0
2025-12-02 16:31:36.614000+00:00,SocWinEP,4688,,,,"""A new process has been created.

Creator Subject:
	Security ID:		S-1-5-18
	Account Name:		SOCWINEP$
	Account Domain:		SOC
	Logon ID:		0x3E7

Target Subject:
	Security ID:		S-1-0-0
	Account Name:		-
	Account Domain:		-
	Logon ID:		0x0

Process Information:
	New Process ID:		0x2a68
	New Process Name:	C:\Windows\servicing\TrustedInstaller.exe
	Token Elevation Type:	%%1936
	Mandatory Label:		S-1-16-16384
	Creator Process ID:	0x25c
	Creator Process Name:	C:\Windows\System32\services.exe
	Process Command Line:	

Token Elevation Type indicates the type of token that was assigned to the new process in accordance with User Account Control policy.

Type 1 is a full token with no privileges removed or groups disabled.  A full token is only used if User Account Control is disabled or if the user is the built-in Administrator account or a service account.

Type 2 is an elevated token with no privileges removed or groups disabled.  An elevated token is used when User Account Control is enabled and the user chooses to start the program using Run as administrator.  An elevated token is also used when an application is configured to always require administrative privilege or to always require maximum privilege, and the user is a member of the Administrators group.

Type 3 is a limited token with administrative privileges removed and administrative groups disabled.  The limited token is used when User Account Control is enabled, the application does not require administrative privilege, and the user does not choose to start the program using Run as administrator.""",3,wazuh,0
2025-12-02 16:31:36.630000+00:00,SocWinEP,1,C:\\Windows\\SysWOW64\\WindowsPowerShell\\v1.0\\powershell.exe,"powershell \""$null = secedit /export /cfg $env:temp/secexport.cfg; $(gc $env:temp/secexport.cfg | Select-String \\\""LSAAnonymousNameLookup\\\"").ToString().Split(\\\""=\\\"")[1].Trim()\""",,"""Process Create:
RuleName: -
UtcTime: 2025-12-02 16:31:34.216
ProcessGuid: {8206e0bc-1466-692f-ac09-000000000f00}
ProcessId: 11852
Image: C:\Windows\SysWOW64\WindowsPowerShell\v1.0\powershell.exe
FileVersion: 10.0.19041.3996 (WinBuild.160101.0800)
Description: Windows PowerShell
Product: Microsoft® Windows® Operating System
Company: Microsoft Corporation
OriginalFileName: PowerShell.EXE
CommandLine: powershell ""$null = secedit /export /cfg $env:temp/secexport.cfg; $(gc $env:temp/secexport.cfg | Select-String \""LSAAnonymousNameLookup\"").ToString().Split(\""=\"")[1].Trim()""
CurrentDirectory: C:\Program Files (x86)\ossec-agent\
User: NT AUTHORITY\SYSTEM
LogonGuid: {8206e0bc-6167-6913-e703-000000000000}
LogonId: 0x3E7
TerminalSessionId: 0
IntegrityLevel: System
Hashes: MD5=6BB54B2D7A3D63578559239A79700EA3,SHA256=870EDA04EA71CC066EC907F005E1D05CE592F04799C60E600E2CB986DC85B5EB,IMPHASH=82E387AE778A57C7A6473B5554B4184E
ParentProcessGuid: {8206e0bc-6169-6913-4b00-000000000f00}
ParentProcessId: 3008
ParentImage: C:\Program Files (x86)\ossec-agent\wazuh-agent.exe
ParentCommandLine: ""C:\Program Files (x86)\ossec-agent\wazuh-agent.exe""
ParentUser: NT AUTHORITY\SYSTEM""",3,wazuh,0
2025-12-02 16:31:36.646000+00:00,SocWinEP,4688,,,,"""A new process has been created.

Creator Subject:
	Security ID:		S-1-5-18
	Account Name:		SOCWINEP$
	Account Domain:		SOC
	Logon ID:		0x3E7

Target Subject:
	Security ID:		S-1-0-0
	Account Name:		-
	Account Domain:		-
	Logon ID:		0x0

Process Information:
	New Process ID:		0x2ac8
	New Process Name:	C:\Windows\WinSxS\amd64_microsoft-windows-servicingstack_31bf3856ad364e35_10.0.19041.6449_none_7e0d59887c8e1467\TiWorker.exe
	Token Elevation Type:	%%1936
	Mandatory Label:		S-1-16-16384
	Creator Process ID:	0x2f8
	Creator Process Name:	C:\Windows\System32\svchost.exe
	Process Command Line:	

Token Elevation Type indicates the type of token that was assigned to the new process in accordance with User Account Control policy.

Type 1 is a full token with no privileges removed or groups disabled.  A full token is only used if User Account Control is disabled or if the user is the built-in Administrator account or a service account.

Type 2 is an elevated token with no privileges removed or groups disabled.  An elevated token is used when User Account Control is enabled and the user chooses to start the program using Run as administrator.  An elevated token is also used when an application is configured to always require administrative privilege or to always require maximum privilege, and the user is a member of the Administrators group.

Type 3 is a limited token with administrative privileges removed and administrative groups disabled.  The limited token is used when User Account Control is enabled, the application does not require administrative privilege, and the user does not choose to start the program using Run as administrator.""",3,wazuh,0
2025-12-02 16:31:36.661000+00:00,SocWinEP,11,C:\\Windows\\SysWOW64\\WindowsPowerShell\\v1.0\\powershell.exe,,,"""File created:
RuleName: -
UtcTime: 2025-12-02 16:31:34.482
ProcessGuid: {8206e0bc-1466-692f-ac09-000000000f00}
ProcessId: 11852
Image: C:\Windows\SysWOW64\WindowsPowerShell\v1.0\powershell.exe
TargetFilename: C:\Windows\SystemTemp\__PSScriptPolicyTest_xclirxm2.fqs.ps1
CreationUtcTime: 2025-12-02 16:31:34.482
User: NT AUTHORITY\SYSTEM""",9,wazuh,0
2025-12-02 16:31:36.692000+00:00,SocWinEP,22,C:\\Windows\\System32\\svchost.exe,,,"""Dns query:
RuleName: -
UtcTime: 2025-12-02 16:31:34.538
ProcessGuid: {8206e0bc-5fd5-6928-4609-000000000f00}
ProcessId: 7812
QueryName: oneclient.sfx.ms
QueryStatus: 0
QueryResults: type:  5 oneclient.sfx.ms.edgesuite.net;type:  5 a124.dscd.akamai.net;::ffff:2.16.168.125;::ffff:2.16.168.106;::ffff:2.16.168.121;
Image: C:\Windows\System32\svchost.exe
User: NT AUTHORITY\SYSTEM""",3,wazuh,0
