	Account Domain:		SOC
	Logon ID:		0x3E4

Process Information:
	New Process ID:		0x15e0
	New Process Name:	C:\Windows\System32\sppsvc.exe
	Token Elevation Type:	TokenElevationTypeDefault (1)
	Mandatory Label:		S-1-16-16384
	Creator Process ID:	0x274
	Creator Process Name:	C:\Windows\System32\services.exe
	Process Command Line:	

Token Elevation Type indicates the type of token that was assigned to the new process in accordance with User Account Control policy.

Type 1 is a full token with no privileges removed or groups disabled.  A full token is only used if User Account Control is disabled or if the user is the built-in Administrator account or a service account.

Type 2 is an elevated token with no privileges removed or groups disabled.  An elevated token is used when User Account Control is enabled and the user chooses to start the program using Run as administrator.  An elevated token is also used when an application is configured to always require administrative privilege or to always require maximum privilege, and the user is a member of the Administrators group.

Type 3 is a limited token with administrative privileges removed and administrative groups disabled.  The limited token is used when User Account Control is enabled, the application does not require administrative privilege, and the user does not choose to start the program using Run as administrator.""",3,wazuh,0
2025-12-02 12:41:44.511000+00:00,Active_Directory_Server,4673,,,,"""A privileged service was called.

Subject:
	Security ID:		S-1-5-20
	Account Name:		AD-DC-SERVER$
	Account Domain:		SOC
	Logon ID:		0x3E4

Service:
	Server:	Security
	Service Name:	-

Process:
	Process ID:	0x15e0
	Process Name:	C:\Windows\System32\sppsvc.exe

Service Request Information:
	Privileges:		SeProfileSingleProcessPrivilege""",4,wazuh,0
2025-12-02 12:42:13.652000+00:00,Active_Directory_Server,16384,,,,"""Successfully scheduled Software Protection service for re-start at 2026-01-27T06:13:16Z. Reason: RulesEngine.""",3,wazuh,0
2025-12-02 12:43:57.230000+00:00,Active_Directory_Server,4688,,,,"""A new process has been created.

Creator Subject:
	Security ID:		S-1-5-18
	Account Name:		AD-DC-SERVER$
	Account Domain:		SOC
	Logon ID:		0x3E7

Target Subject:
	Security ID:		S-1-0-0
	Account Name:		-
	Account Domain:		-
	Logon ID:		0x0

Process Information:
	New Process ID:		0xe40
	New Process Name:	C:\Windows\System32\taskhostw.exe
	Token Elevation Type:	TokenElevationTypeDefault (1)
	Mandatory Label:		S-1-16-16384
	Creator Process ID:	0x598
	Creator Process Name:	C:\Windows\System32\svchost.exe
	Process Command Line:	

Token Elevation Type indicates the type of token that was assigned to the new process in accordance with User Account Control policy.

Type 1 is a full token with no privileges removed or groups disabled.  A full token is only used if User Account Control is disabled or if the user is the built-in Administrator account or a service account.

Type 2 is an elevated token with no privileges removed or groups disabled.  An elevated token is used when User Account Control is enabled and the user chooses to start the program using Run as administrator.  An elevated token is also used when an application is configured to always require administrative privilege or to always require maximum privilege, and the user is a member of the Administrators group.

Type 3 is a limited token with administrative privileges removed and administrative groups disabled.  The limited token is used when User Account Control is enabled, the application does not require administrative privilege, and the user does not choose to start the program using Run as administrator.""",3,wazuh,0
2025-12-02 12:43:57.232000+00:00,Active_Directory_Server,1,C:\\Windows\\System32\\taskhostw.exe,taskhostw.exe,,"""Process Create:
RuleName: -
UtcTime: 2025-12-02 12:43:59.073
ProcessGuid: {b4c300ce-df0f-692e-7b12-000000001100}
ProcessId: 3648
Image: C:\Windows\System32\taskhostw.exe
FileVersion: 10.0.20348.1 (WinBuild.160101.0800)
Description: Host Process for Windows Tasks
Product: Microsoft® Windows® Operating System
Company: Microsoft Corporation
OriginalFileName: taskhostw.exe
CommandLine: taskhostw.exe
CurrentDirectory: C:\Windows\system32\
User: NT AUTHORITY\SYSTEM
LogonGuid: {b4c300ce-31c3-6928-e703-000000000000}
LogonId: 0x3E7
TerminalSessionId: 0
IntegrityLevel: System
Hashes: MD5=5487316514F4ADA7E6E0BD9EAA2256E7,SHA256=F447AE2E838D4DE71CA4BABA321FEA67DABB38AA4321EFAC81F3FF03CF55FE0A,IMPHASH=1C4E2D9936E4D9F2490B08AAB4D24260
ParentProcessGuid: {b4c300ce-31c4-6928-2100-000000001100}
ParentProcessId: 1432
ParentImage: C:\Windows\System32\svchost.exe
ParentCommandLine: C:\Windows\system32\svchost.exe -k netsvcs -p -s Schedule
ParentUser: NT AUTHORITY\SYSTEM""",3,wazuh,0
2025-12-02 12:43:57.243000+00:00,Active_Directory_Server,4688,,,,"""A new process has been created.

Creator Subject:
	Security ID:		S-1-5-18
	Account Name:		AD-DC-SERVER$
	Account Domain:		SOC
	Logon ID:		0x3E7

Target Subject:
	Security ID:		S-1-0-0
	Account Name:		AD-DC-SERVER$
	Account Domain:		SOC
	Logon ID:		0x3E4

Process Information:
	New Process ID:		0x1724
	New Process Name:	C:\Windows\System32\sppsvc.exe
	Token Elevation Type:	TokenElevationTypeDefault (1)
	Mandatory Label:		S-1-16-16384
	Creator Process ID:	0x274
	Creator Process Name:	C:\Windows\System32\services.exe
	Process Command Line:	

Token Elevation Type indicates the type of token that was assigned to the new process in accordance with User Account Control policy.

Type 1 is a full token with no privileges removed or groups disabled.  A full token is only used if User Account Control is disabled or if the user is the built-in Administrator account or a service account.

Type 2 is an elevated token with no privileges removed or groups disabled.  An elevated token is used when User Account Control is enabled and the user chooses to start the program using Run as administrator.  An elevated token is also used when an application is configured to always require administrative privilege or to always require maximum privilege, and the user is a member of the Administrators group.

Type 3 is a limited token with administrative privileges removed and administrative groups disabled.  The limited token is used when User Account Control is enabled, the application does not require administrative privilege, and the user does not choose to start the program using Run as administrator.""",3,wazuh,0
2025-12-02 12:43:57.259000+00:00,Active_Directory_Server,4673,,,,"""A privileged service was called.

Subject:
	Security ID:		S-1-5-20
	Account Name:		AD-DC-SERVER$
	Account Domain:		SOC
	Logon ID:		0x3E4

Service:
	Server:	Security
	Service Name:	-

Process:
	Process ID:	0x1724
	Process Name:	C:\Windows\System32\sppsvc.exe

Service Request Information:
	Privileges:		SeProfileSingleProcessPrivilege""",4,wazuh,0
2025-12-02 12:43:57.305000+00:00,Active_Directory_Server,4688,,,,"""A new process has been created.

Creator Subject:
	Security ID:		S-1-5-18
	Account Name:		AD-DC-SERVER$
	Account Domain:		SOC
	Logon ID:		0x3E7

Target Subject:
	Security ID:		S-1-0-0
	Account Name:		-
	Account Domain:		-
	Logon ID:		0x0

Process Information:
	New Process ID:		0x1ab8
	New Process Name:	C:\Windows\System32\svchost.exe
	Token Elevation Type:	TokenElevationTypeDefault (1)
	Mandatory Label:		S-1-16-16384
	Creator Process ID:	0x274
	Creator Process Name:	C:\Windows\System32\services.exe
	Process Command Line:	

Token Elevation Type indicates the type of token that was assigned to the new process in accordance with User Account Control policy.

Type 1 is a full token with no privileges removed or groups disabled.  A full token is only used if User Account Control is disabled or if the user is the built-in Administrator account or a service account.

Type 2 is an elevated token with no privileges removed or groups disabled.  An elevated token is used when User Account Control is enabled and the user chooses to start the program using Run as administrator.  An elevated token is also used when an application is configured to always require administrative privilege or to always require maximum privilege, and the user is a member of the Administrators group.

Type 3 is a limited token with administrative privileges removed and administrative groups disabled.  The limited token is used when User Account Control is enabled, the application does not require administrative privilege, and the user does not choose to start the program using Run as administrator.""",3,wazuh,0
2025-12-02 12:44:35.070000+00:00,Active_Directory_Server,16384,,,,"""Successfully scheduled Software Protection service for re-start at 2026-01-27T06:12:37Z. Reason: RulesEngine.""",3,wazuh,0
2025-12-02 12:58:34.135000+00:00,Active_Directory_Server,4688,,,,"""A new process has been created.

Creator Subject:
	Security ID:		S-1-5-18
	Account Name:		AD-DC-SERVER$
	Account Domain:		SOC
	Logon ID:		0x3E7

Target Subject:
	Security ID:		S-1-0-0
	Account Name:		-
	Account Domain:		-
	Logon ID:		0x0

Process Information:
	New Process ID:		0x7f4
	New Process Name:	C:\Windows\System32\taskhostw.exe
	Token Elevation Type:	TokenElevationTypeDefault (1)
	Mandatory Label:		S-1-16-16384
	Creator Process ID:	0x598
	Creator Process Name:	C:\Windows\System32\svchost.exe
	Process Command Line:	

Token Elevation Type indicates the type of token that was assigned to the new process in accordance with User Account Control policy.

Type 1 is a full token with no privileges removed or groups disabled.  A full token is only used if User Account Control is disabled or if the user is the built-in Administrator account or a service account.

Type 2 is an elevated token with no privileges removed or groups disabled.  An elevated token is used when User Account Control is enabled and the user chooses to start the program using Run as administrator.  An elevated token is also used when an application is configured to always require administrative privilege or to always require maximum privilege, and the user is a member of the Administrators group.

Type 3 is a limited token with administrative privileges removed and administrative groups disabled.  The limited token is used when User Account Control is enabled, the application does not require administrative privilege, and the user does not choose to start the program using Run as administrator.""",3,wazuh,0
2025-12-02 12:58:34.136000+00:00,Active_Directory_Server,1,C:\\Windows\\System32\\taskhostw.exe,taskhostw.exe,,"""Process Create:
RuleName: -
UtcTime: 2025-12-02 12:58:35.969
ProcessGuid: {b4c300ce-e27b-692e-7e12-000000001100}
ProcessId: 2036
Image: C:\Windows\System32\taskhostw.exe
FileVersion: 10.0.20348.1 (WinBuild.160101.0800)
Description: Host Process for Windows Tasks
Product: Microsoft® Windows® Operating System
Company: Microsoft Corporation
OriginalFileName: taskhostw.exe
CommandLine: taskhostw.exe
CurrentDirectory: C:\Windows\system32\
User: NT AUTHORITY\SYSTEM
LogonGuid: {b4c300ce-31c3-6928-e703-000000000000}
LogonId: 0x3E7
TerminalSessionId: 0
IntegrityLevel: System
Hashes: MD5=5487316514F4ADA7E6E0BD9EAA2256E7,SHA256=F447AE2E838D4DE71CA4BABA321FEA67DABB38AA4321EFAC81F3FF03CF55FE0A,IMPHASH=1C4E2D9936E4D9F2490B08AAB4D24260
ParentProcessGuid: {b4c300ce-31c4-6928-2100-000000001100}
ParentProcessId: 1432
ParentImage: C:\Windows\System32\svchost.exe
ParentCommandLine: C:\Windows\system32\svchost.exe -k netsvcs -p -s Schedule
ParentUser: NT AUTHORITY\SYSTEM""",3,wazuh,0
2025-12-02 12:58:34.149000+00:00,Active_Directory_Server,4688,,,,"""A new process has been created.

Creator Subject:
	Security ID:		S-1-5-18
	Account Name:		AD-DC-SERVER$
	Account Domain:		SOC
	Logon ID:		0x3E7

Target Subject:
	Security ID:		S-1-0-0
	Account Name:		AD-DC-SERVER$
	Account Domain:		SOC
	Logon ID:		0x3E4

Process Information:
	New Process ID:		0x17e4
	New Process Name:	C:\Windows\System32\sppsvc.exe
	Token Elevation Type:	TokenElevationTypeDefault (1)
	Mandatory Label:		S-1-16-16384
	Creator Process ID:	0x274
	Creator Process Name:	C:\Windows\System32\services.exe
	Process Command Line:	

Token Elevation Type indicates the type of token that was assigned to the new process in accordance with User Account Control policy.

Type 1 is a full token with no privileges removed or groups disabled.  A full token is only used if User Account Control is disabled or if the user is the built-in Administrator account or a service account.

Type 2 is an elevated token with no privileges removed or groups disabled.  An elevated token is used when User Account Control is enabled and the user chooses to start the program using Run as administrator.  An elevated token is also used when an application is configured to always require administrative privilege or to always require maximum privilege, and the user is a member of the Administrators group.

Type 3 is a limited token with administrative privileges removed and administrative groups disabled.  The limited token is used when User Account Control is enabled, the application does not require administrative privilege, and the user does not choose to start the program using Run as administrator.""",3,wazuh,0
2025-12-02 12:58:34.164000+00:00,Active_Directory_Server,4673,,,,"""A privileged service was called.

Subject:
	Security ID:		S-1-5-20
	Account Name:		AD-DC-SERVER$
	Account Domain:		SOC
	Logon ID:		0x3E4

Service:
	Server:	Security
	Service Name:	-

Process:
	Process ID:	0x17e4
	Process Name:	C:\Windows\System32\sppsvc.exe

Service Request Information:
	Privileges:		SeProfileSingleProcessPrivilege""",4,wazuh,0
2025-12-02 12:58:34.211000+00:00,Active_Directory_Server,4688,,,,"""A new process has been created.

Creator Subject:
	Security ID:		S-1-5-18
	Account Name:		AD-DC-SERVER$
	Account Domain:		SOC
	Logon ID:		0x3E7

Target Subject:
	Security ID:		S-1-0-0
	Account Name:		-
	Account Domain:		-
	Logon ID:		0x0

Process Information:
	New Process ID:		0x15d0
	New Process Name:	C:\Windows\System32\svchost.exe
	Token Elevation Type:	TokenElevationTypeDefault (1)
	Mandatory Label:		S-1-16-16384
	Creator Process ID:	0x274
	Creator Process Name:	C:\Windows\System32\services.exe
	Process Command Line:	

Token Elevation Type indicates the type of token that was assigned to the new process in accordance with User Account Control policy.

Type 1 is a full token with no privileges removed or groups disabled.  A full token is only used if User Account Control is disabled or if the user is the built-in Administrator account or a service account.

Type 2 is an elevated token with no privileges removed or groups disabled.  An elevated token is used when User Account Control is enabled and the user chooses to start the program using Run as administrator.  An elevated token is also used when an application is configured to always require administrative privilege or to always require maximum privilege, and the user is a member of the Administrators group.

Type 3 is a limited token with administrative privileges removed and administrative groups disabled.  The limited token is used when User Account Control is enabled, the application does not require administrative privilege, and the user does not choose to start the program using Run as administrator.""",3,wazuh,0
2025-12-02 12:59:04.148000+00:00,Active_Directory_Server,16384,,,,"""Successfully scheduled Software Protection service for re-start at 2026-01-27T06:13:06Z. Reason: RulesEngine.""",3,wazuh,0
2025-12-02 13:11:01.042000+00:00,Active_Directory_Server,1,C:\\ProgramData\\Microsoft\\Windows Defender\\Platform\\4.18.25100.9008-0\\MpCmdRun.exe,"\""C:\\ProgramData\\Microsoft\\Windows Defender\\Platform\\4.18.25100.9008-0\\MpCmdRun.exe\"" -IdleTask -TaskName WdVerification",,"""Process Create:
RuleName: -
UtcTime: 2025-12-02 13:11:02.896
ProcessGuid: {b4c300ce-e566-692e-8112-000000001100}
ProcessId: 4624
Image: C:\ProgramData\Microsoft\Windows Defender\Platform\4.18.25100.9008-0\MpCmdRun.exe
FileVersion: 4.18.25100.9008 (b0af8b174efae63a7a64d96131727074dad31379)
Description: Microsoft Malware Protection Command Line Utility
Product: Microsoft® Windows® Operating System
Company: Microsoft Corporation
OriginalFileName: MpCmdRun.exe
CommandLine: ""C:\ProgramData\Microsoft\Windows Defender\Platform\4.18.25100.9008-0\MpCmdRun.exe"" -IdleTask -TaskName WdVerification
CurrentDirectory: C:\Windows\system32\
User: NT AUTHORITY\SYSTEM
LogonGuid: {b4c300ce-31c3-6928-e703-000000000000}
LogonId: 0x3E7
TerminalSessionId: 0
IntegrityLevel: System
Hashes: MD5=85F850F1A93B5FEEA11FEC856A0F86AE,SHA256=94BF9975472A1FFDB1BD7148B164AF7254671C1C5097CA88449515DCA743DE1E,IMPHASH=DA8D05B0C1C3B522299D1FEF5ADCFB7A
ParentProcessGuid: {b4c300ce-31c4-6928-2100-000000001100}
ParentProcessId: 1432
ParentImage: C:\Windows\System32\svchost.exe
ParentCommandLine: C:\Windows\system32\svchost.exe -k netsvcs -p -s Schedule
ParentUser: NT AUTHORITY\SYSTEM""",3,wazuh,0
2025-12-02 13:11:01.055000+00:00,Active_Directory_Server,4688,,,,"""A new process has been created.

Creator Subject:
	Security ID:		S-1-5-18
	Account Name:		AD-DC-SERVER$
	Account Domain:		SOC
	Logon ID:		0x3E7

Target Subject:
	Security ID:		S-1-0-0
	Account Name:		-
	Account Domain:		-
	Logon ID:		0x0

Process Information:
	New Process ID:		0x1210
	New Process Name:	C:\ProgramData\Microsoft\Windows Defender\Platform\4.18.25100.9008-0\MpCmdRun.exe
	Token Elevation Type:	TokenElevationTypeDefault (1)
	Mandatory Label:		S-1-16-16384
	Creator Process ID:	0x598
	Creator Process Name:	C:\Windows\System32\svchost.exe
	Process Command Line:	

Token Elevation Type indicates the type of token that was assigned to the new process in accordance with User Account Control policy.

Type 1 is a full token with no privileges removed or groups disabled.  A full token is only used if User Account Control is disabled or if the user is the built-in Administrator account or a service account.

Type 2 is an elevated token with no privileges removed or groups disabled.  An elevated token is used when User Account Control is enabled and the user chooses to start the program using Run as administrator.  An elevated token is also used when an application is configured to always require administrative privilege or to always require maximum privilege, and the user is a member of the Administrators group.

Type 3 is a limited token with administrative privileges removed and administrative groups disabled.  The limited token is used when User Account Control is enabled, the application does not require administrative privilege, and the user does not choose to start the program using Run as administrator.""",3,wazuh,0
2025-12-02 13:11:01.055000+00:00,Active_Directory_Server,4688,,,,"""A new process has been created.

Creator Subject:
	Security ID:		S-1-5-18
	Account Name:		AD-DC-SERVER$
	Account Domain:		SOC
	Logon ID:		0x3E7

Target Subject:
	Security ID:		S-1-0-0
	Account Name:		-
	Account Domain:		-
	Logon ID:		0x0

Process Information:
	New Process ID:		0x1ac4
	New Process Name:	C:\ProgramData\Microsoft\Windows Defender\Platform\4.18.25100.9008-0\MpCmdRun.exe
	Token Elevation Type:	TokenElevationTypeDefault (1)
	Mandatory Label:		S-1-16-16384
	Creator Process ID:	0x598
	Creator Process Name:	C:\Windows\System32\svchost.exe
	Process Command Line:	

Token Elevation Type indicates the type of token that was assigned to the new process in accordance with User Account Control policy.

Type 1 is a full token with no privileges removed or groups disabled.  A full token is only used if User Account Control is disabled or if the user is the built-in Administrator account or a service account.

Type 2 is an elevated token with no privileges removed or groups disabled.  An elevated token is used when User Account Control is enabled and the user chooses to start the program using Run as administrator.  An elevated token is also used when an application is configured to always require administrative privilege or to always require maximum privilege, and the user is a member of the Administrators group.

Type 3 is a limited token with administrative privileges removed and administrative groups disabled.  The limited token is used when User Account Control is enabled, the application does not require administrative privilege, and the user does not choose to start the program using Run as administrator.""",3,wazuh,0
2025-12-02 13:11:01.071000+00:00,Active_Directory_Server,4688,,,,"""A new process has been created.

Creator Subject:
	Security ID:		S-1-5-18
	Account Name:		AD-DC-SERVER$
	Account Domain:		SOC
	Logon ID:		0x3E7

Target Subject:
	Security ID:		S-1-0-0
	Account Name:		-
	Account Domain:		-
	Logon ID:		0x0

Process Information:
	New Process ID:		0x3c4
	New Process Name:	C:\ProgramData\Microsoft\Windows Defender\Platform\4.18.25100.9008-0\MpCmdRun.exe
	Token Elevation Type:	TokenElevationTypeDefault (1)
	Mandatory Label:		S-1-16-16384
	Creator Process ID:	0x598
	Creator Process Name:	C:\Windows\System32\svchost.exe
	Process Command Line:	

Token Elevation Type indicates the type of token that was assigned to the new process in accordance with User Account Control policy.

Type 1 is a full token with no privileges removed or groups disabled.  A full token is only used if User Account Control is disabled or if the user is the built-in Administrator account or a service account.

Type 2 is an elevated token with no privileges removed or groups disabled.  An elevated token is used when User Account Control is enabled and the user chooses to start the program using Run as administrator.  An elevated token is also used when an application is configured to always require administrative privilege or to always require maximum privilege, and the user is a member of the Administrators group.

Type 3 is a limited token with administrative privileges removed and administrative groups disabled.  The limited token is used when User Account Control is enabled, the application does not require administrative privilege, and the user does not choose to start the program using Run as administrator.""",3,wazuh,0
2025-12-02 13:11:01.102000+00:00,Active_Directory_Server,4688,,,,"""A new process has been created.

Creator Subject:
	Security ID:		S-1-5-18
	Account Name:		AD-DC-SERVER$
	Account Domain:		SOC
	Logon ID:		0x3E7

Target Subject:
	Security ID:		S-1-0-0
	Account Name:		-
	Account Domain:		-
	Logon ID:		0x0

Process Information:
	New Process ID:		0x2c4
	New Process Name:	C:\Windows\System32\conhost.exe
	Token Elevation Type:	TokenElevationTypeDefault (1)
	Mandatory Label:		S-1-16-16384
	Creator Process ID:	0x1ac4
	Creator Process Name:	C:\ProgramData\Microsoft\Windows Defender\Platform\4.18.25100.9008-0\MpCmdRun.exe
	Process Command Line:	

Token Elevation Type indicates the type of token that was assigned to the new process in accordance with User Account Control policy.

Type 1 is a full token with no privileges removed or groups disabled.  A full token is only used if User Account Control is disabled or if the user is the built-in Administrator account or a service account.

Type 2 is an elevated token with no privileges removed or groups disabled.  An elevated token is used when User Account Control is enabled and the user chooses to start the program using Run as administrator.  An elevated token is also used when an application is configured to always require administrative privilege or to always require maximum privilege, and the user is a member of the Administrators group.

Type 3 is a limited token with administrative privileges removed and administrative groups disabled.  The limited token is used when User Account Control is enabled, the application does not require administrative privilege, and the user does not choose to start the program using Run as administrator.""",3,wazuh,0
2025-12-02 13:11:01.102000+00:00,Active_Directory_Server,4688,,,,"""A new process has been created.

Creator Subject:
	Security ID:		S-1-5-18
	Account Name:		AD-DC-SERVER$
	Account Domain:		SOC
	Logon ID:		0x3E7

Target Subject:
	Security ID:		S-1-0-0
	Account Name:		-
	Account Domain:		-
	Logon ID:		0x0

Process Information:
	New Process ID:		0x113c
	New Process Name:	C:\Windows\System32\conhost.exe
	Token Elevation Type:	TokenElevationTypeDefault (1)
	Mandatory Label:		S-1-16-16384
	Creator Process ID:	0x1210
	Creator Process Name:	C:\ProgramData\Microsoft\Windows Defender\Platform\4.18.25100.9008-0\MpCmdRun.exe
	Process Command Line:	

Token Elevation Type indicates the type of token that was assigned to the new process in accordance with User Account Control policy.

Type 1 is a full token with no privileges removed or groups disabled.  A full token is only used if User Account Control is disabled or if the user is the built-in Administrator account or a service account.

Type 2 is an elevated token with no privileges removed or groups disabled.  An elevated token is used when User Account Control is enabled and the user chooses to start the program using Run as administrator.  An elevated token is also used when an application is configured to always require administrative privilege or to always require maximum privilege, and the user is a member of the Administrators group.

Type 3 is a limited token with administrative privileges removed and administrative groups disabled.  The limited token is used when User Account Control is enabled, the application does not require administrative privilege, and the user does not choose to start the program using Run as administrator.""",3,wazuh,0
2025-12-02 13:11:01.117000+00:00,Active_Directory_Server,4688,,,,"""A new process has been created.

Creator Subject:
	Security ID:		S-1-5-18
	Account Name:		AD-DC-SERVER$
	Account Domain:		SOC
	Logon ID:		0x3E7

Target Subject:
	Security ID:		S-1-0-0
	Account Name:		-
	Account Domain:		-
	Logon ID:		0x0

Process Information:
	New Process ID:		0x1034
	New Process Name:	C:\Windows\System32\conhost.exe
	Token Elevation Type:	TokenElevationTypeDefault (1)
	Mandatory Label:		S-1-16-16384
	Creator Process ID:	0x3c4
	Creator Process Name:	C:\ProgramData\Microsoft\Windows Defender\Platform\4.18.25100.9008-0\MpCmdRun.exe
	Process Command Line:	

Token Elevation Type indicates the type of token that was assigned to the new process in accordance with User Account Control policy.

Type 1 is a full token with no privileges removed or groups disabled.  A full token is only used if User Account Control is disabled or if the user is the built-in Administrator account or a service account.

Type 2 is an elevated token with no privileges removed or groups disabled.  An elevated token is used when User Account Control is enabled and the user chooses to start the program using Run as administrator.  An elevated token is also used when an application is configured to always require administrative privilege or to always require maximum privilege, and the user is a member of the Administrators group.

Type 3 is a limited token with administrative privileges removed and administrative groups disabled.  The limited token is used when User Account Control is enabled, the application does not require administrative privilege, and the user does not choose to start the program using Run as administrator.""",3,wazuh,0
2025-12-02 13:11:01.149000+00:00,Active_Directory_Server,4688,,,,"""A new process has been created.

Creator Subject:
	Security ID:		S-1-5-18
	Account Name:		AD-DC-SERVER$
	Account Domain:		SOC
	Logon ID:		0x3E7

Target Subject:
	Security ID:		S-1-0-0
	Account Name:		-
	Account Domain:		-
	Logon ID:		0x0

Process Information:
	New Process ID:		0x7cc
	New Process Name:	C:\Windows\Temp\6EC41B91-DBAB-45F3-BB2A-3863CA1922DF\DismHost.exe
	Token Elevation Type:	TokenElevationTypeDefault (1)
	Mandatory Label:		S-1-16-16384
	Creator Process ID:	0x628
	Creator Process Name:	C:\ProgramData\Microsoft\Windows Defender\Platform\4.18.25100.9008-0\MsMpEng.exe
	Process Command Line:	

Token Elevation Type indicates the type of token that was assigned to the new process in accordance with User Account Control policy.

Type 1 is a full token with no privileges removed or groups disabled.  A full token is only used if User Account Control is disabled or if the user is the built-in Administrator account or a service account.

Type 2 is an elevated token with no privileges removed or groups disabled.  An elevated token is used when User Account Control is enabled and the user chooses to start the program using Run as administrator.  An elevated token is also used when an application is configured to always require administrative privilege or to always require maximum privilege, and the user is a member of the Administrators group.

Type 3 is a limited token with administrative privileges removed and administrative groups disabled.  The limited token is used when User Account Control is enabled, the application does not require administrative privilege, and the user does not choose to start the program using Run as administrator.""",3,wazuh,0
2025-12-02 13:11:01.227000+00:00,Active_Directory_Server,4688,,,,"""A new process has been created.

Creator Subject:
	Security ID:		S-1-5-18
	Account Name:		AD-DC-SERVER$
	Account Domain:		SOC
	Logon ID:		0x3E7

Target Subject:
	Security ID:		S-1-0-0
	Account Name:		-
	Account Domain:		-
	Logon ID:		0x0

Process Information:
	New Process ID:		0xdf8
	New Process Name:	C:\Windows\servicing\TrustedInstaller.exe
	Token Elevation Type:	TokenElevationTypeDefault (1)
	Mandatory Label:		S-1-16-16384
	Creator Process ID:	0x274
	Creator Process Name:	C:\Windows\System32\services.exe
	Process Command Line:	

Token Elevation Type indicates the type of token that was assigned to the new process in accordance with User Account Control policy.

Type 1 is a full token with no privileges removed or groups disabled.  A full token is only used if User Account Control is disabled or if the user is the built-in Administrator account or a service account.

Type 2 is an elevated token with no privileges removed or groups disabled.  An elevated token is used when User Account Control is enabled and the user chooses to start the program using Run as administrator.  An elevated token is also used when an application is configured to always require administrative privilege or to always require maximum privilege, and the user is a member of the Administrators group.

Type 3 is a limited token with administrative privileges removed and administrative groups disabled.  The limited token is used when User Account Control is enabled, the application does not require administrative privilege, and the user does not choose to start the program using Run as administrator.""",3,wazuh,0
2025-12-02 13:11:01.227000+00:00,Active_Directory_Server,1,C:\\ProgramData\\Microsoft\\Windows Defender\\Platform\\4.18.25100.9008-0\\MpCmdRun.exe,"\""C:\\ProgramData\\Microsoft\\Windows Defender\\Platform\\4.18.25100.9008-0\\MpCmdRun.exe\"" -IdleTask -TaskName WdCacheMaintenance",,"""Process Create:
RuleName: -
UtcTime: 2025-12-02 13:11:02.904
ProcessGuid: {b4c300ce-e566-692e-8212-000000001100}
ProcessId: 6852
Image: C:\ProgramData\Microsoft\Windows Defender\Platform\4.18.25100.9008-0\MpCmdRun.exe
FileVersion: 4.18.25100.9008 (b0af8b174efae63a7a64d96131727074dad31379)
Description: Microsoft Malware Protection Command Line Utility
Product: Microsoft® Windows® Operating System
Company: Microsoft Corporation
OriginalFileName: MpCmdRun.exe
CommandLine: ""C:\ProgramData\Microsoft\Windows Defender\Platform\4.18.25100.9008-0\MpCmdRun.exe"" -IdleTask -TaskName WdCacheMaintenance
CurrentDirectory: C:\Windows\system32\
User: NT AUTHORITY\SYSTEM
LogonGuid: {b4c300ce-31c3-6928-e703-000000000000}
LogonId: 0x3E7
TerminalSessionId: 0
IntegrityLevel: System
Hashes: MD5=85F850F1A93B5FEEA11FEC856A0F86AE,SHA256=94BF9975472A1FFDB1BD7148B164AF7254671C1C5097CA88449515DCA743DE1E,IMPHASH=DA8D05B0C1C3B522299D1FEF5ADCFB7A
ParentProcessGuid: {b4c300ce-31c4-6928-2100-000000001100}
ParentProcessId: 1432
ParentImage: C:\Windows\System32\svchost.exe
ParentCommandLine: C:\Windows\system32\svchost.exe -k netsvcs -p -s Schedule
ParentUser: NT AUTHORITY\SYSTEM""",3,wazuh,0
2025-12-02 13:11:01.242000+00:00,Active_Directory_Server,4688,,,,"""A new process has been created.

Creator Subject:
	Security ID:		S-1-5-18
	Account Name:		AD-DC-SERVER$
	Account Domain:		SOC
	Logon ID:		0x3E7

Target Subject:
	Security ID:		S-1-0-0
	Account Name:		-
	Account Domain:		-
	Logon ID:		0x0

Process Information:
	New Process ID:		0x1410
	New Process Name:	C:\Windows\WinSxS\amd64_microsoft-windows-servicingstack_31bf3856ad364e35_10.0.20348.557_none_f1edaeb8515fa10d\TiWorker.exe
	Token Elevation Type:	TokenElevationTypeDefault (1)
	Mandatory Label:		S-1-16-16384
	Creator Process ID:	0x34c
	Creator Process Name:	C:\Windows\System32\svchost.exe
	Process Command Line:	

Token Elevation Type indicates the type of token that was assigned to the new process in accordance with User Account Control policy.

Type 1 is a full token with no privileges removed or groups disabled.  A full token is only used if User Account Control is disabled or if the user is the built-in Administrator account or a service account.

Type 2 is an elevated token with no privileges removed or groups disabled.  An elevated token is used when User Account Control is enabled and the user chooses to start the program using Run as administrator.  An elevated token is also used when an application is configured to always require administrative privilege or to always require maximum privilege, and the user is a member of the Administrators group.

Type 3 is a limited token with administrative privileges removed and administrative groups disabled.  The limited token is used when User Account Control is enabled, the application does not require administrative privilege, and the user does not choose to start the program using Run as administrator.""",3,wazuh,0
2025-12-02 13:11:01.274000+00:00,Active_Directory_Server,11,C:\\ProgramData\\Microsoft\\Windows Defender\\Platform\\4.18.25100.9008-0\\MsMpEng.exe,,,"""File created:
RuleName: DLL
UtcTime: 2025-12-02 13:11:03.050
ProcessGuid: {b4c300ce-344f-6928-9901-000000001100}
ProcessId: 1576
Image: C:\ProgramData\Microsoft\Windows Defender\Platform\4.18.25100.9008-0\MsMpEng.exe
TargetFilename: C:\Windows\Temp\6EC41B91-DBAB-45F3-BB2A-3863CA1922DF\AppxProvider.dll
CreationUtcTime: 2025-12-02 13:11:03.050
User: NT AUTHORITY\SYSTEM""",6,wazuh,0
2025-12-02 13:11:01.274000+00:00,Active_Directory_Server,1,C:\\ProgramData\\Microsoft\\Windows Defender\\Platform\\4.18.25100.9008-0\\MpCmdRun.exe,"\""C:\\ProgramData\\Microsoft\\Windows Defender\\Platform\\4.18.25100.9008-0\\MpCmdRun.exe\"" -IdleTask -TaskName WdCleanup",,"""Process Create:
RuleName: -
UtcTime: 2025-12-02 13:11:02.908
ProcessGuid: {b4c300ce-e566-692e-8312-000000001100}
ProcessId: 964
Image: C:\ProgramData\Microsoft\Windows Defender\Platform\4.18.25100.9008-0\MpCmdRun.exe
FileVersion: 4.18.25100.9008 (b0af8b174efae63a7a64d96131727074dad31379)
Description: Microsoft Malware Protection Command Line Utility
Product: Microsoft® Windows® Operating System
Company: Microsoft Corporation
OriginalFileName: MpCmdRun.exe
CommandLine: ""C:\ProgramData\Microsoft\Windows Defender\Platform\4.18.25100.9008-0\MpCmdRun.exe"" -IdleTask -TaskName WdCleanup
CurrentDirectory: C:\Windows\system32\
User: NT AUTHORITY\SYSTEM
LogonGuid: {b4c300ce-31c3-6928-e703-000000000000}
LogonId: 0x3E7
TerminalSessionId: 0
IntegrityLevel: System
Hashes: MD5=85F850F1A93B5FEEA11FEC856A0F86AE,SHA256=94BF9975472A1FFDB1BD7148B164AF7254671C1C5097CA88449515DCA743DE1E,IMPHASH=DA8D05B0C1C3B522299D1FEF5ADCFB7A
ParentProcessGuid: {b4c300ce-31c4-6928-2100-000000001100}
ParentProcessId: 1432
ParentImage: C:\Windows\System32\svchost.exe
ParentCommandLine: C:\Windows\system32\svchost.exe -k netsvcs -p -s Schedule
ParentUser: NT AUTHORITY\SYSTEM""",3,wazuh,0
2025-12-02 13:11:01.289000+00:00,Active_Directory_Server,11,C:\\ProgramData\\Microsoft\\Windows Defender\\Platform\\4.18.25100.9008-0\\MsMpEng.exe,,,"""File created:
RuleName: DLL
UtcTime: 2025-12-02 13:11:03.050
ProcessGuid: {b4c300ce-344f-6928-9901-000000001100}
ProcessId: 1576
Image: C:\ProgramData\Microsoft\Windows Defender\Platform\4.18.25100.9008-0\MsMpEng.exe
TargetFilename: C:\Windows\Temp\6EC41B91-DBAB-45F3-BB2A-3863CA1922DF\AssocProvider.dll
CreationUtcTime: 2025-12-02 13:11:03.050
User: NT AUTHORITY\SYSTEM""",6,wazuh,0
2025-12-02 13:11:01.321000+00:00,Active_Directory_Server,11,C:\\ProgramData\\Microsoft\\Windows Defender\\Platform\\4.18.25100.9008-0\\MsMpEng.exe,,,"""File created:
RuleName: DLL
UtcTime: 2025-12-02 13:11:03.050
ProcessGuid: {b4c300ce-344f-6928-9901-000000001100}
ProcessId: 1576
Image: C:\ProgramData\Microsoft\Windows Defender\Platform\4.18.25100.9008-0\MsMpEng.exe
TargetFilename: C:\Windows\Temp\6EC41B91-DBAB-45F3-BB2A-3863CA1922DF\DismCore.dll
CreationUtcTime: 2025-12-02 13:11:03.050
User: NT AUTHORITY\SYSTEM""",6,wazuh,0
2025-12-02 13:11:01.321000+00:00,Active_Directory_Server,11,C:\\ProgramData\\Microsoft\\Windows Defender\\Platform\\4.18.25100.9008-0\\MsMpEng.exe,,,"""File created:
RuleName: DLL
UtcTime: 2025-12-02 13:11:03.050
ProcessGuid: {b4c300ce-344f-6928-9901-000000001100}
ProcessId: 1576
Image: C:\ProgramData\Microsoft\Windows Defender\Platform\4.18.25100.9008-0\MsMpEng.exe
TargetFilename: C:\Windows\Temp\6EC41B91-DBAB-45F3-BB2A-3863CA1922DF\CbsProvider.dll
CreationUtcTime: 2025-12-02 13:11:03.050
User: NT AUTHORITY\SYSTEM""",6,wazuh,0
2025-12-02 13:11:01.336000+00:00,Active_Directory_Server,11,C:\\ProgramData\\Microsoft\\Windows Defender\\Platform\\4.18.25100.9008-0\\MsMpEng.exe,,,"""File created:
RuleName: DLL
UtcTime: 2025-12-02 13:11:03.050
ProcessGuid: {b4c300ce-344f-6928-9901-000000001100}
ProcessId: 1576
Image: C:\ProgramData\Microsoft\Windows Defender\Platform\4.18.25100.9008-0\MsMpEng.exe
TargetFilename: C:\Windows\Temp\6EC41B91-DBAB-45F3-BB2A-3863CA1922DF\DismCorePS.dll
CreationUtcTime: 2025-12-02 13:11:03.050
User: NT AUTHORITY\SYSTEM""",6,wazuh,0
2025-12-02 13:11:01.367000+00:00,Active_Directory_Server,11,C:\\ProgramData\\Microsoft\\Windows Defender\\Platform\\4.18.25100.9008-0\\MsMpEng.exe,,,"""File created:
RuleName: EXE
UtcTime: 2025-12-02 13:11:03.050
ProcessGuid: {b4c300ce-344f-6928-9901-000000001100}
ProcessId: 1576
Image: C:\ProgramData\Microsoft\Windows Defender\Platform\4.18.25100.9008-0\MsMpEng.exe
TargetFilename: C:\Windows\Temp\6EC41B91-DBAB-45F3-BB2A-3863CA1922DF\DismHost.exe
CreationUtcTime: 2025-12-02 13:11:03.050
User: NT AUTHORITY\SYSTEM""",6,wazuh,0
2025-12-02 13:11:01.367000+00:00,Active_Directory_Server,11,C:\\ProgramData\\Microsoft\\Windows Defender\\Platform\\4.18.25100.9008-0\\MsMpEng.exe,,,"""File created:
RuleName: DLL
UtcTime: 2025-12-02 13:11:03.050
ProcessGuid: {b4c300ce-344f-6928-9901-000000001100}
ProcessId: 1576
Image: C:\ProgramData\Microsoft\Windows Defender\Platform\4.18.25100.9008-0\MsMpEng.exe
TargetFilename: C:\Windows\Temp\6EC41B91-DBAB-45F3-BB2A-3863CA1922DF\DismProv.dll
CreationUtcTime: 2025-12-02 13:11:03.050
User: NT AUTHORITY\SYSTEM""",6,wazuh,0
2025-12-02 13:11:01.383000+00:00,Active_Directory_Server,11,C:\\ProgramData\\Microsoft\\Windows Defender\\Platform\\4.18.25100.9008-0\\MsMpEng.exe,,,"""File created:
RuleName: DLL
UtcTime: 2025-12-02 13:11:03.050
ProcessGuid: {b4c300ce-344f-6928-9901-000000001100}
ProcessId: 1576
Image: C:\ProgramData\Microsoft\Windows Defender\Platform\4.18.25100.9008-0\MsMpEng.exe
TargetFilename: C:\Windows\Temp\6EC41B91-DBAB-45F3-BB2A-3863CA1922DF\DmiProvider.dll
CreationUtcTime: 2025-12-02 13:11:03.050
User: NT AUTHORITY\SYSTEM""",6,wazuh,0
2025-12-02 13:11:01.414000+00:00,Active_Directory_Server,11,C:\\ProgramData\\Microsoft\\Windows Defender\\Platform\\4.18.25100.9008-0\\MsMpEng.exe,,,"""File created:
RuleName: DLL
UtcTime: 2025-12-02 13:11:03.066
ProcessGuid: {b4c300ce-344f-6928-9901-000000001100}
ProcessId: 1576
Image: C:\ProgramData\Microsoft\Windows Defender\Platform\4.18.25100.9008-0\MsMpEng.exe
TargetFilename: C:\Windows\Temp\6EC41B91-DBAB-45F3-BB2A-3863CA1922DF\EdgeProvider.dll
CreationUtcTime: 2025-12-02 13:11:03.066
User: NT AUTHORITY\SYSTEM""",6,wazuh,0
2025-12-02 13:11:01.414000+00:00,Active_Directory_Server,11,C:\\ProgramData\\Microsoft\\Windows Defender\\Platform\\4.18.25100.9008-0\\MsMpEng.exe,,,"""File created:
RuleName: DLL
UtcTime: 2025-12-02 13:11:03.081
ProcessGuid: {b4c300ce-344f-6928-9901-000000001100}
ProcessId: 1576
Image: C:\ProgramData\Microsoft\Windows Defender\Platform\4.18.25100.9008-0\MsMpEng.exe
TargetFilename: C:\Windows\Temp\6EC41B91-DBAB-45F3-BB2A-3863CA1922DF\FfuProvider.dll
CreationUtcTime: 2025-12-02 13:11:03.081
User: NT AUTHORITY\SYSTEM""",6,wazuh,0
2025-12-02 13:11:01.430000+00:00,Active_Directory_Server,11,C:\\ProgramData\\Microsoft\\Windows Defender\\Platform\\4.18.25100.9008-0\\MsMpEng.exe,,,"""File created:
RuleName: DLL
UtcTime: 2025-12-02 13:11:03.081
ProcessGuid: {b4c300ce-344f-6928-9901-000000001100}
ProcessId: 1576
Image: C:\ProgramData\Microsoft\Windows Defender\Platform\4.18.25100.9008-0\MsMpEng.exe
TargetFilename: C:\Windows\Temp\6EC41B91-DBAB-45F3-BB2A-3863CA1922DF\FolderProvider.dll
CreationUtcTime: 2025-12-02 13:11:03.081
User: NT AUTHORITY\SYSTEM""",6,wazuh,0
2025-12-02 13:11:01.461000+00:00,Active_Directory_Server,11,C:\\ProgramData\\Microsoft\\Windows Defender\\Platform\\4.18.25100.9008-0\\MsMpEng.exe,,,"""File created:
RuleName: DLL
UtcTime: 2025-12-02 13:11:03.081
ProcessGuid: {b4c300ce-344f-6928-9901-000000001100}
ProcessId: 1576
Image: C:\ProgramData\Microsoft\Windows Defender\Platform\4.18.25100.9008-0\MsMpEng.exe
TargetFilename: C:\Windows\Temp\6EC41B91-DBAB-45F3-BB2A-3863CA1922DF\GenericProvider.dll
CreationUtcTime: 2025-12-02 13:11:03.081
User: NT AUTHORITY\SYSTEM""",6,wazuh,0
2025-12-02 13:11:01.461000+00:00,Active_Directory_Server,11,C:\\ProgramData\\Microsoft\\Windows Defender\\Platform\\4.18.25100.9008-0\\MsMpEng.exe,,,"""File created:
RuleName: DLL
UtcTime: 2025-12-02 13:11:03.081
ProcessGuid: {b4c300ce-344f-6928-9901-000000001100}
ProcessId: 1576
Image: C:\ProgramData\Microsoft\Windows Defender\Platform\4.18.25100.9008-0\MsMpEng.exe
TargetFilename: C:\Windows\Temp\6EC41B91-DBAB-45F3-BB2A-3863CA1922DF\IBSProvider.dll
CreationUtcTime: 2025-12-02 13:11:03.081
User: NT AUTHORITY\SYSTEM""",6,wazuh,0
2025-12-02 13:11:01.477000+00:00,Active_Directory_Server,11,C:\\ProgramData\\Microsoft\\Windows Defender\\Platform\\4.18.25100.9008-0\\MsMpEng.exe,,,"""File created:
RuleName: DLL
UtcTime: 2025-12-02 13:11:03.081
ProcessGuid: {b4c300ce-344f-6928-9901-000000001100}
ProcessId: 1576
Image: C:\ProgramData\Microsoft\Windows Defender\Platform\4.18.25100.9008-0\MsMpEng.exe
TargetFilename: C:\Windows\Temp\6EC41B91-DBAB-45F3-BB2A-3863CA1922DF\ImagingProvider.dll
CreationUtcTime: 2025-12-02 13:11:03.081
User: NT AUTHORITY\SYSTEM""",6,wazuh,0
2025-12-02 13:11:01.508000+00:00,Active_Directory_Server,11,C:\\ProgramData\\Microsoft\\Windows Defender\\Platform\\4.18.25100.9008-0\\MsMpEng.exe,,,"""File created:
RuleName: DLL
UtcTime: 2025-12-02 13:11:03.081
ProcessGuid: {b4c300ce-344f-6928-9901-000000001100}
ProcessId: 1576
Image: C:\ProgramData\Microsoft\Windows Defender\Platform\4.18.25100.9008-0\MsMpEng.exe
TargetFilename: C:\Windows\Temp\6EC41B91-DBAB-45F3-BB2A-3863CA1922DF\IntlProvider.dll
CreationUtcTime: 2025-12-02 13:11:03.081
User: NT AUTHORITY\SYSTEM""",6,wazuh,0
2025-12-02 13:11:01.508000+00:00,Active_Directory_Server,11,C:\\ProgramData\\Microsoft\\Windows Defender\\Platform\\4.18.25100.9008-0\\MsMpEng.exe,,,"""File created:
RuleName: DLL
UtcTime: 2025-12-02 13:11:03.081
ProcessGuid: {b4c300ce-344f-6928-9901-000000001100}
ProcessId: 1576
Image: C:\ProgramData\Microsoft\Windows Defender\Platform\4.18.25100.9008-0\MsMpEng.exe
TargetFilename: C:\Windows\Temp\6EC41B91-DBAB-45F3-BB2A-3863CA1922DF\LogProvider.dll
CreationUtcTime: 2025-12-02 13:11:03.081
User: NT AUTHORITY\SYSTEM""",6,wazuh,0
2025-12-02 13:11:01.524000+00:00,Active_Directory_Server,11,C:\\ProgramData\\Microsoft\\Windows Defender\\Platform\\4.18.25100.9008-0\\MsMpEng.exe,,,"""File created:
RuleName: DLL
UtcTime: 2025-12-02 13:11:03.081
ProcessGuid: {b4c300ce-344f-6928-9901-000000001100}
ProcessId: 1576
Image: C:\ProgramData\Microsoft\Windows Defender\Platform\4.18.25100.9008-0\MsMpEng.exe
TargetFilename: C:\Windows\Temp\6EC41B91-DBAB-45F3-BB2A-3863CA1922DF\MsiProvider.dll
CreationUtcTime: 2025-12-02 13:11:03.081
User: NT AUTHORITY\SYSTEM""",6,wazuh,0
2025-12-02 13:11:01.555000+00:00,Active_Directory_Server,11,C:\\ProgramData\\Microsoft\\Windows Defender\\Platform\\4.18.25100.9008-0\\MsMpEng.exe,,,"""File created:
RuleName: DLL
UtcTime: 2025-12-02 13:11:03.081
ProcessGuid: {b4c300ce-344f-6928-9901-000000001100}
ProcessId: 1576
Image: C:\ProgramData\Microsoft\Windows Defender\Platform\4.18.25100.9008-0\MsMpEng.exe
TargetFilename: C:\Windows\Temp\6EC41B91-DBAB-45F3-BB2A-3863CA1922DF\OSProvider.dll
CreationUtcTime: 2025-12-02 13:11:03.081
User: NT AUTHORITY\SYSTEM""",6,wazuh,0
2025-12-02 13:11:01.555000+00:00,Active_Directory_Server,11,C:\\ProgramData\\Microsoft\\Windows Defender\\Platform\\4.18.25100.9008-0\\MsMpEng.exe,,,"""File created:
RuleName: DLL
UtcTime: 2025-12-02 13:11:03.081
ProcessGuid: {b4c300ce-344f-6928-9901-000000001100}
ProcessId: 1576
Image: C:\ProgramData\Microsoft\Windows Defender\Platform\4.18.25100.9008-0\MsMpEng.exe
TargetFilename: C:\Windows\Temp\6EC41B91-DBAB-45F3-BB2A-3863CA1922DF\OfflineSetupProvider.dll
CreationUtcTime: 2025-12-02 13:11:03.081
User: NT AUTHORITY\SYSTEM""",6,wazuh,0
2025-12-02 13:11:01.570000+00:00,Active_Directory_Server,11,C:\\ProgramData\\Microsoft\\Windows Defender\\Platform\\4.18.25100.9008-0\\MsMpEng.exe,,,"""File created:
RuleName: DLL
UtcTime: 2025-12-02 13:11:03.081
ProcessGuid: {b4c300ce-344f-6928-9901-000000001100}
ProcessId: 1576
Image: C:\ProgramData\Microsoft\Windows Defender\Platform\4.18.25100.9008-0\MsMpEng.exe
TargetFilename: C:\Windows\Temp\6EC41B91-DBAB-45F3-BB2A-3863CA1922DF\ProvProvider.dll
CreationUtcTime: 2025-12-02 13:11:03.081
User: NT AUTHORITY\SYSTEM""",6,wazuh,0
2025-12-02 13:11:01.602000+00:00,Active_Directory_Server,11,C:\\ProgramData\\Microsoft\\Windows Defender\\Platform\\4.18.25100.9008-0\\MsMpEng.exe,,,"""File created:
RuleName: DLL
UtcTime: 2025-12-02 13:11:03.097
ProcessGuid: {b4c300ce-344f-6928-9901-000000001100}
ProcessId: 1576
Image: C:\ProgramData\Microsoft\Windows Defender\Platform\4.18.25100.9008-0\MsMpEng.exe
TargetFilename: C:\Windows\Temp\6EC41B91-DBAB-45F3-BB2A-3863CA1922DF\ServicingCommon.dll
CreationUtcTime: 2025-12-02 13:11:03.097
User: NT AUTHORITY\SYSTEM""",6,wazuh,0
2025-12-02 13:11:01.602000+00:00,Active_Directory_Server,11,C:\\ProgramData\\Microsoft\\Windows Defender\\Platform\\4.18.25100.9008-0\\MsMpEng.exe,,,"""File created:
RuleName: DLL
UtcTime: 2025-12-02 13:11:03.097
ProcessGuid: {b4c300ce-344f-6928-9901-000000001100}
ProcessId: 1576
Image: C:\ProgramData\Microsoft\Windows Defender\Platform\4.18.25100.9008-0\MsMpEng.exe
TargetFilename: C:\Windows\Temp\6EC41B91-DBAB-45F3-BB2A-3863CA1922DF\SetupPlatformProvider.dll
CreationUtcTime: 2025-12-02 13:11:03.097
User: NT AUTHORITY\SYSTEM""",6,wazuh,0
2025-12-02 13:11:01.617000+00:00,Active_Directory_Server,11,C:\\ProgramData\\Microsoft\\Windows Defender\\Platform\\4.18.25100.9008-0\\MsMpEng.exe,,,"""File created:
RuleName: DLL
UtcTime: 2025-12-02 13:11:03.097
ProcessGuid: {b4c300ce-344f-6928-9901-000000001100}
ProcessId: 1576
Image: C:\ProgramData\Microsoft\Windows Defender\Platform\4.18.25100.9008-0\MsMpEng.exe
TargetFilename: C:\Windows\Temp\6EC41B91-DBAB-45F3-BB2A-3863CA1922DF\SmiProvider.dll
CreationUtcTime: 2025-12-02 13:11:03.097
User: NT AUTHORITY\SYSTEM""",6,wazuh,0
2025-12-02 13:11:01.649000+00:00,Active_Directory_Server,11,C:\\ProgramData\\Microsoft\\Windows Defender\\Platform\\4.18.25100.9008-0\\MsMpEng.exe,,,"""File created:
RuleName: DLL
UtcTime: 2025-12-02 13:11:03.097
ProcessGuid: {b4c300ce-344f-6928-9901-000000001100}
ProcessId: 1576
Image: C:\ProgramData\Microsoft\Windows Defender\Platform\4.18.25100.9008-0\MsMpEng.exe
TargetFilename: C:\Windows\Temp\6EC41B91-DBAB-45F3-BB2A-3863CA1922DF\SysprepProvider.dll
CreationUtcTime: 2025-12-02 13:11:03.097
User: NT AUTHORITY\SYSTEM""",6,wazuh,0
2025-12-02 13:11:01.649000+00:00,Active_Directory_Server,11,C:\\ProgramData\\Microsoft\\Windows Defender\\Platform\\4.18.25100.9008-0\\MsMpEng.exe,,,"""File created:
RuleName: DLL
UtcTime: 2025-12-02 13:11:03.097
ProcessGuid: {b4c300ce-344f-6928-9901-000000001100}
ProcessId: 1576
Image: C:\ProgramData\Microsoft\Windows Defender\Platform\4.18.25100.9008-0\MsMpEng.exe
TargetFilename: C:\Windows\Temp\6EC41B91-DBAB-45F3-BB2A-3863CA1922DF\TransmogProvider.dll
CreationUtcTime: 2025-12-02 13:11:03.097
User: NT AUTHORITY\SYSTEM""",6,wazuh,0
