	Account Domain:		-
	Logon ID:		0x0

Process Information:
	New Process ID:		0x2eb4
	New Process Name:	C:\Windows\System32\conhost.exe
	Token Elevation Type:	%%1936
	Mandatory Label:		S-1-16-16384
	Creator Process ID:	0x2ab8
	Creator Process Name:	C:\Windows\SysWOW64\auditpol.exe
	Process Command Line:	

Token Elevation Type indicates the type of token that was assigned to the new process in accordance with User Account Control policy.

Type 1 is a full token with no privileges removed or groups disabled.  A full token is only used if User Account Control is disabled or if the user is the built-in Administrator account or a service account.

Type 2 is an elevated token with no privileges removed or groups disabled.  An elevated token is used when User Account Control is enabled and the user chooses to start the program using Run as administrator.  An elevated token is also used when an application is configured to always require administrative privilege or to always require maximum privilege, and the user is a member of the Administrators group.

Type 3 is a limited token with administrative privileges removed and administrative groups disabled.  The limited token is used when User Account Control is enabled, the application does not require administrative privilege, and the user does not choose to start the program using Run as administrator.""",3,wazuh,0
2025-12-02 16:31:44.926000+00:00,SocWinEP,4688,,,,"""A new process has been created.

Creator Subject:
	Security ID:		S-1-5-18
	Account Name:		SOCWINEP$
	Account Domain:		SOC
	Logon ID:		0x3E7

Target Subject:
	Security ID:		S-1-0-0
	Account Name:		-
	Account Domain:		-
	Logon ID:		0x0

Process Information:
	New Process ID:		0x2b04
	New Process Name:	C:\Windows\SysWOW64\auditpol.exe
	Token Elevation Type:	%%1936
	Mandatory Label:		S-1-16-16384
	Creator Process ID:	0xbc0
	Creator Process Name:	C:\Program Files (x86)\ossec-agent\wazuh-agent.exe
	Process Command Line:	

Token Elevation Type indicates the type of token that was assigned to the new process in accordance with User Account Control policy.

Type 1 is a full token with no privileges removed or groups disabled.  A full token is only used if User Account Control is disabled or if the user is the built-in Administrator account or a service account.

Type 2 is an elevated token with no privileges removed or groups disabled.  An elevated token is used when User Account Control is enabled and the user chooses to start the program using Run as administrator.  An elevated token is also used when an application is configured to always require administrative privilege or to always require maximum privilege, and the user is a member of the Administrators group.

Type 3 is a limited token with administrative privileges removed and administrative groups disabled.  The limited token is used when User Account Control is enabled, the application does not require administrative privilege, and the user does not choose to start the program using Run as administrator.""",3,wazuh,0
2025-12-02 16:31:44.942000+00:00,SocWinEP,4688,,,,"""A new process has been created.

Creator Subject:
	Security ID:		S-1-5-18
	Account Name:		SOCWINEP$
	Account Domain:		SOC
	Logon ID:		0x3E7

Target Subject:
	Security ID:		S-1-0-0
	Account Name:		-
	Account Domain:		-
	Logon ID:		0x0

Process Information:
	New Process ID:		0x2de0
	New Process Name:	C:\Windows\System32\conhost.exe
	Token Elevation Type:	%%1936
	Mandatory Label:		S-1-16-16384
	Creator Process ID:	0x2b04
	Creator Process Name:	C:\Windows\SysWOW64\auditpol.exe
	Process Command Line:	

Token Elevation Type indicates the type of token that was assigned to the new process in accordance with User Account Control policy.

Type 1 is a full token with no privileges removed or groups disabled.  A full token is only used if User Account Control is disabled or if the user is the built-in Administrator account or a service account.

Type 2 is an elevated token with no privileges removed or groups disabled.  An elevated token is used when User Account Control is enabled and the user chooses to start the program using Run as administrator.  An elevated token is also used when an application is configured to always require administrative privilege or to always require maximum privilege, and the user is a member of the Administrators group.

Type 3 is a limited token with administrative privileges removed and administrative groups disabled.  The limited token is used when User Account Control is enabled, the application does not require administrative privilege, and the user does not choose to start the program using Run as administrator.""",3,wazuh,0
2025-12-02 16:31:44.958000+00:00,SocWinEP,4688,,,,"""A new process has been created.

Creator Subject:
	Security ID:		S-1-5-18
	Account Name:		SOCWINEP$
	Account Domain:		SOC
	Logon ID:		0x3E7

Target Subject:
	Security ID:		S-1-0-0
	Account Name:		-
	Account Domain:		-
	Logon ID:		0x0

Process Information:
	New Process ID:		0x2c78
	New Process Name:	C:\Windows\SysWOW64\auditpol.exe
	Token Elevation Type:	%%1936
	Mandatory Label:		S-1-16-16384
	Creator Process ID:	0xbc0
	Creator Process Name:	C:\Program Files (x86)\ossec-agent\wazuh-agent.exe
	Process Command Line:	

Token Elevation Type indicates the type of token that was assigned to the new process in accordance with User Account Control policy.

Type 1 is a full token with no privileges removed or groups disabled.  A full token is only used if User Account Control is disabled or if the user is the built-in Administrator account or a service account.

Type 2 is an elevated token with no privileges removed or groups disabled.  An elevated token is used when User Account Control is enabled and the user chooses to start the program using Run as administrator.  An elevated token is also used when an application is configured to always require administrative privilege or to always require maximum privilege, and the user is a member of the Administrators group.

Type 3 is a limited token with administrative privileges removed and administrative groups disabled.  The limited token is used when User Account Control is enabled, the application does not require administrative privilege, and the user does not choose to start the program using Run as administrator.""",3,wazuh,0
2025-12-02 16:31:44.973000+00:00,SocWinEP,4688,,,,"""A new process has been created.

Creator Subject:
	Security ID:		S-1-5-18
	Account Name:		SOCWINEP$
	Account Domain:		SOC
	Logon ID:		0x3E7

Target Subject:
	Security ID:		S-1-0-0
	Account Name:		-
	Account Domain:		-
	Logon ID:		0x0

Process Information:
	New Process ID:		0x7a4
	New Process Name:	C:\Windows\System32\conhost.exe
	Token Elevation Type:	%%1936
	Mandatory Label:		S-1-16-16384
	Creator Process ID:	0x2c78
	Creator Process Name:	C:\Windows\SysWOW64\auditpol.exe
	Process Command Line:	

Token Elevation Type indicates the type of token that was assigned to the new process in accordance with User Account Control policy.

Type 1 is a full token with no privileges removed or groups disabled.  A full token is only used if User Account Control is disabled or if the user is the built-in Administrator account or a service account.

Type 2 is an elevated token with no privileges removed or groups disabled.  An elevated token is used when User Account Control is enabled and the user chooses to start the program using Run as administrator.  An elevated token is also used when an application is configured to always require administrative privilege or to always require maximum privilege, and the user is a member of the Administrators group.

Type 3 is a limited token with administrative privileges removed and administrative groups disabled.  The limited token is used when User Account Control is enabled, the application does not require administrative privilege, and the user does not choose to start the program using Run as administrator.""",3,wazuh,0
2025-12-02 16:31:44.989000+00:00,SocWinEP,1,C:\\Windows\\System32\\ipconfig.exe,ipconfig  /all,,"""Process Create:
RuleName: -
UtcTime: 2025-12-02 16:31:47.245
ProcessGuid: {8206e0bc-1473-692f-1d0a-000000000f00}
ProcessId: 8880
Image: C:\Windows\System32\ipconfig.exe
FileVersion: 10.0.19041.1 (WinBuild.160101.0800)
Description: IP Configuration Utility
Product: Microsoft® Windows® Operating System
Company: Microsoft Corporation
OriginalFileName: ipconfig.exe
CommandLine: ipconfig  /all
CurrentDirectory: C:\Users\duser\
User: SOC\duser
LogonGuid: {8206e0bc-3b7a-6928-2d46-ad0000000000}
LogonId: 0xAD462D
TerminalSessionId: 1
IntegrityLevel: Medium
Hashes: MD5=62F170FB07FDBB79CEB7147101406EB8,SHA256=53E000F5AA9B3A00934319DB8080BB99CB323BF48FC628A64F75D7847C265606,IMPHASH=1002D523645A81BC52877D82D9E88417
ParentProcessGuid: {8206e0bc-146e-692f-ed09-000000000f00}
ParentProcessId: 10596
ParentImage: C:\Windows\System32\cmd.exe
ParentCommandLine: ""C:\Windows\system32\cmd.exe"" 
ParentUser: SOC\duser""",3,wazuh,0
2025-12-02 16:31:45.005000+00:00,SocWinEP,4688,,,,"""A new process has been created.

Creator Subject:
	Security ID:		S-1-5-18
	Account Name:		SOCWINEP$
	Account Domain:		SOC
	Logon ID:		0x3E7

Target Subject:
	Security ID:		S-1-0-0
	Account Name:		-
	Account Domain:		-
	Logon ID:		0x0

Process Information:
	New Process ID:		0x2470
	New Process Name:	C:\Windows\SysWOW64\auditpol.exe
	Token Elevation Type:	%%1936
	Mandatory Label:		S-1-16-16384
	Creator Process ID:	0xbc0
	Creator Process Name:	C:\Program Files (x86)\ossec-agent\wazuh-agent.exe
	Process Command Line:	

Token Elevation Type indicates the type of token that was assigned to the new process in accordance with User Account Control policy.

Type 1 is a full token with no privileges removed or groups disabled.  A full token is only used if User Account Control is disabled or if the user is the built-in Administrator account or a service account.

Type 2 is an elevated token with no privileges removed or groups disabled.  An elevated token is used when User Account Control is enabled and the user chooses to start the program using Run as administrator.  An elevated token is also used when an application is configured to always require administrative privilege or to always require maximum privilege, and the user is a member of the Administrators group.

Type 3 is a limited token with administrative privileges removed and administrative groups disabled.  The limited token is used when User Account Control is enabled, the application does not require administrative privilege, and the user does not choose to start the program using Run as administrator.""",3,wazuh,0
2025-12-02 16:31:45.020000+00:00,SocWinEP,1,C:\\Windows\\SysWOW64\\auditpol.exe,"auditpol.exe /get /subcategory:\""Credential Validation\""",,"""Process Create:
RuleName: -
UtcTime: 2025-12-02 16:31:47.435
ProcessGuid: {8206e0bc-1473-692f-1e0a-000000000f00}
ProcessId: 9056
Image: C:\Windows\SysWOW64\auditpol.exe
FileVersion: 10.0.19041.3636 (WinBuild.160101.0800)
Description: Audit Policy Program
Product: Microsoft® Windows® Operating System
Company: Microsoft Corporation
OriginalFileName: AUDITPOL.EXE
CommandLine: auditpol.exe /get /subcategory:""Credential Validation""
CurrentDirectory: C:\Program Files (x86)\ossec-agent\
User: NT AUTHORITY\SYSTEM
LogonGuid: {8206e0bc-6167-6913-e703-000000000000}
LogonId: 0x3E7
TerminalSessionId: 0
IntegrityLevel: System
Hashes: MD5=DF7CD9AA34252DD4E0330FE964D5BDF7,SHA256=6A6C7FA1890DFB36F31780EABAB1A42FBBFAC43BC2DF14B97BF49B1E3EB1DEC6,IMPHASH=0C4B99BEEA5B3B9367B087A10A48BD92
ParentProcessGuid: {8206e0bc-6169-6913-4b00-000000000f00}
ParentProcessId: 3008
ParentImage: C:\Program Files (x86)\ossec-agent\wazuh-agent.exe
ParentCommandLine: ""C:\Program Files (x86)\ossec-agent\wazuh-agent.exe""
ParentUser: NT AUTHORITY\SYSTEM""",3,wazuh,0
2025-12-02 16:31:45.083000+00:00,SocWinEP,1,C:\\Windows\\SysWOW64\\auditpol.exe,"auditpol.exe /get /subcategory:\""Application Group Management\""",,"""Process Create:
RuleName: -
UtcTime: 2025-12-02 16:31:47.464
ProcessGuid: {8206e0bc-1473-692f-200a-000000000f00}
ProcessId: 6352
Image: C:\Windows\SysWOW64\auditpol.exe
FileVersion: 10.0.19041.3636 (WinBuild.160101.0800)
Description: Audit Policy Program
Product: Microsoft® Windows® Operating System
Company: Microsoft Corporation
OriginalFileName: AUDITPOL.EXE
CommandLine: auditpol.exe /get /subcategory:""Application Group Management""
CurrentDirectory: C:\Program Files (x86)\ossec-agent\
User: NT AUTHORITY\SYSTEM
LogonGuid: {8206e0bc-6167-6913-e703-000000000000}
LogonId: 0x3E7
TerminalSessionId: 0
IntegrityLevel: System
Hashes: MD5=DF7CD9AA34252DD4E0330FE964D5BDF7,SHA256=6A6C7FA1890DFB36F31780EABAB1A42FBBFAC43BC2DF14B97BF49B1E3EB1DEC6,IMPHASH=0C4B99BEEA5B3B9367B087A10A48BD92
ParentProcessGuid: {8206e0bc-6169-6913-4b00-000000000f00}
ParentProcessId: 3008
ParentImage: C:\Program Files (x86)\ossec-agent\wazuh-agent.exe
ParentCommandLine: ""C:\Program Files (x86)\ossec-agent\wazuh-agent.exe""
ParentUser: NT AUTHORITY\SYSTEM""",3,wazuh,0
2025-12-02 16:31:45.098000+00:00,SocWinEP,1,C:\\Windows\\SysWOW64\\auditpol.exe,"auditpol.exe /get /subcategory:\""Security Group Management\""",,"""Process Create:
RuleName: -
UtcTime: 2025-12-02 16:31:47.498
ProcessGuid: {8206e0bc-1473-692f-220a-000000000f00}
ProcessId: 10936
Image: C:\Windows\SysWOW64\auditpol.exe
FileVersion: 10.0.19041.3636 (WinBuild.160101.0800)
Description: Audit Policy Program
Product: Microsoft® Windows® Operating System
Company: Microsoft Corporation
OriginalFileName: AUDITPOL.EXE
CommandLine: auditpol.exe /get /subcategory:""Security Group Management""
CurrentDirectory: C:\Program Files (x86)\ossec-agent\
User: NT AUTHORITY\SYSTEM
LogonGuid: {8206e0bc-6167-6913-e703-000000000000}
LogonId: 0x3E7
TerminalSessionId: 0
IntegrityLevel: System
Hashes: MD5=DF7CD9AA34252DD4E0330FE964D5BDF7,SHA256=6A6C7FA1890DFB36F31780EABAB1A42FBBFAC43BC2DF14B97BF49B1E3EB1DEC6,IMPHASH=0C4B99BEEA5B3B9367B087A10A48BD92
ParentProcessGuid: {8206e0bc-6169-6913-4b00-000000000f00}
ParentProcessId: 3008
ParentImage: C:\Program Files (x86)\ossec-agent\wazuh-agent.exe
ParentCommandLine: ""C:\Program Files (x86)\ossec-agent\wazuh-agent.exe""
ParentUser: NT AUTHORITY\SYSTEM""",3,wazuh,0
2025-12-02 16:31:45.130000+00:00,SocWinEP,1,C:\\Windows\\SysWOW64\\auditpol.exe,"auditpol.exe /get /subcategory:\""User Account Management\""",,"""Process Create:
RuleName: -
UtcTime: 2025-12-02 16:31:47.530
ProcessGuid: {8206e0bc-1473-692f-240a-000000000f00}
ProcessId: 11012
Image: C:\Windows\SysWOW64\auditpol.exe
FileVersion: 10.0.19041.3636 (WinBuild.160101.0800)
Description: Audit Policy Program
Product: Microsoft® Windows® Operating System
Company: Microsoft Corporation
OriginalFileName: AUDITPOL.EXE
CommandLine: auditpol.exe /get /subcategory:""User Account Management""
CurrentDirectory: C:\Program Files (x86)\ossec-agent\
User: NT AUTHORITY\SYSTEM
LogonGuid: {8206e0bc-6167-6913-e703-000000000000}
LogonId: 0x3E7
TerminalSessionId: 0
IntegrityLevel: System
Hashes: MD5=DF7CD9AA34252DD4E0330FE964D5BDF7,SHA256=6A6C7FA1890DFB36F31780EABAB1A42FBBFAC43BC2DF14B97BF49B1E3EB1DEC6,IMPHASH=0C4B99BEEA5B3B9367B087A10A48BD92
ParentProcessGuid: {8206e0bc-6169-6913-4b00-000000000f00}
ParentProcessId: 3008
ParentImage: C:\Program Files (x86)\ossec-agent\wazuh-agent.exe
ParentCommandLine: ""C:\Program Files (x86)\ossec-agent\wazuh-agent.exe""
ParentUser: NT AUTHORITY\SYSTEM""",3,wazuh,0
2025-12-02 16:31:45.145000+00:00,SocWinEP,4688,,,,"""A new process has been created.

Creator Subject:
	Security ID:		S-1-5-18
	Account Name:		SOCWINEP$
	Account Domain:		SOC
	Logon ID:		0x3E7

Target Subject:
	Security ID:		S-1-0-0
	Account Name:		-
	Account Domain:		-
	Logon ID:		0x0

Process Information:
	New Process ID:		0xcf0
	New Process Name:	C:\Windows\System32\conhost.exe
	Token Elevation Type:	%%1936
	Mandatory Label:		S-1-16-16384
	Creator Process ID:	0x2470
	Creator Process Name:	C:\Windows\SysWOW64\auditpol.exe
	Process Command Line:	

Token Elevation Type indicates the type of token that was assigned to the new process in accordance with User Account Control policy.

Type 1 is a full token with no privileges removed or groups disabled.  A full token is only used if User Account Control is disabled or if the user is the built-in Administrator account or a service account.

Type 2 is an elevated token with no privileges removed or groups disabled.  An elevated token is used when User Account Control is enabled and the user chooses to start the program using Run as administrator.  An elevated token is also used when an application is configured to always require administrative privilege or to always require maximum privilege, and the user is a member of the Administrators group.

Type 3 is a limited token with administrative privileges removed and administrative groups disabled.  The limited token is used when User Account Control is enabled, the application does not require administrative privilege, and the user does not choose to start the program using Run as administrator.""",3,wazuh,0
2025-12-02 16:31:45.161000+00:00,SocWinEP,1,C:\\Windows\\SysWOW64\\auditpol.exe,"auditpol.exe /get /subcategory:\""Plug and Play Events\""",,"""Process Create:
RuleName: -
UtcTime: 2025-12-02 16:31:47.559
ProcessGuid: {8206e0bc-1473-692f-260a-000000000f00}
ProcessId: 11384
Image: C:\Windows\SysWOW64\auditpol.exe
FileVersion: 10.0.19041.3636 (WinBuild.160101.0800)
Description: Audit Policy Program
Product: Microsoft® Windows® Operating System
Company: Microsoft Corporation
OriginalFileName: AUDITPOL.EXE
CommandLine: auditpol.exe /get /subcategory:""Plug and Play Events""
CurrentDirectory: C:\Program Files (x86)\ossec-agent\
User: NT AUTHORITY\SYSTEM
LogonGuid: {8206e0bc-6167-6913-e703-000000000000}
LogonId: 0x3E7
TerminalSessionId: 0
IntegrityLevel: System
Hashes: MD5=DF7CD9AA34252DD4E0330FE964D5BDF7,SHA256=6A6C7FA1890DFB36F31780EABAB1A42FBBFAC43BC2DF14B97BF49B1E3EB1DEC6,IMPHASH=0C4B99BEEA5B3B9367B087A10A48BD92
ParentProcessGuid: {8206e0bc-6169-6913-4b00-000000000f00}
ParentProcessId: 3008
ParentImage: C:\Program Files (x86)\ossec-agent\wazuh-agent.exe
ParentCommandLine: ""C:\Program Files (x86)\ossec-agent\wazuh-agent.exe""
ParentUser: NT AUTHORITY\SYSTEM""",3,wazuh,0
2025-12-02 16:31:45.177000+00:00,SocWinEP,4688,,,,"""A new process has been created.

Creator Subject:
	Security ID:		S-1-5-18
	Account Name:		SOCWINEP$
	Account Domain:		SOC
	Logon ID:		0x3E7

Target Subject:
	Security ID:		S-1-0-0
	Account Name:		-
	Account Domain:		-
	Logon ID:		0x0

Process Information:
	New Process ID:		0x2f58
	New Process Name:	C:\Windows\SysWOW64\auditpol.exe
	Token Elevation Type:	%%1936
	Mandatory Label:		S-1-16-16384
	Creator Process ID:	0xbc0
	Creator Process Name:	C:\Program Files (x86)\ossec-agent\wazuh-agent.exe
	Process Command Line:	

Token Elevation Type indicates the type of token that was assigned to the new process in accordance with User Account Control policy.

Type 1 is a full token with no privileges removed or groups disabled.  A full token is only used if User Account Control is disabled or if the user is the built-in Administrator account or a service account.

Type 2 is an elevated token with no privileges removed or groups disabled.  An elevated token is used when User Account Control is enabled and the user chooses to start the program using Run as administrator.  An elevated token is also used when an application is configured to always require administrative privilege or to always require maximum privilege, and the user is a member of the Administrators group.

Type 3 is a limited token with administrative privileges removed and administrative groups disabled.  The limited token is used when User Account Control is enabled, the application does not require administrative privilege, and the user does not choose to start the program using Run as administrator.""",3,wazuh,0
2025-12-02 16:31:45.192000+00:00,SocWinEP,4688,,,,"""A new process has been created.

Creator Subject:
	Security ID:		S-1-5-18
	Account Name:		SOCWINEP$
	Account Domain:		SOC
	Logon ID:		0x3E7

Target Subject:
	Security ID:		S-1-0-0
	Account Name:		-
	Account Domain:		-
	Logon ID:		0x0

Process Information:
	New Process ID:		0x2360
	New Process Name:	C:\Windows\System32\conhost.exe
	Token Elevation Type:	%%1936
	Mandatory Label:		S-1-16-16384
	Creator Process ID:	0x2f58
	Creator Process Name:	C:\Windows\SysWOW64\auditpol.exe
	Process Command Line:	

Token Elevation Type indicates the type of token that was assigned to the new process in accordance with User Account Control policy.

Type 1 is a full token with no privileges removed or groups disabled.  A full token is only used if User Account Control is disabled or if the user is the built-in Administrator account or a service account.

Type 2 is an elevated token with no privileges removed or groups disabled.  An elevated token is used when User Account Control is enabled and the user chooses to start the program using Run as administrator.  An elevated token is also used when an application is configured to always require administrative privilege or to always require maximum privilege, and the user is a member of the Administrators group.

Type 3 is a limited token with administrative privileges removed and administrative groups disabled.  The limited token is used when User Account Control is enabled, the application does not require administrative privilege, and the user does not choose to start the program using Run as administrator.""",3,wazuh,0
2025-12-02 16:31:45.208000+00:00,SocWinEP,4688,,,,"""A new process has been created.

Creator Subject:
	Security ID:		S-1-5-18
	Account Name:		SOCWINEP$
	Account Domain:		SOC
	Logon ID:		0x3E7

Target Subject:
	Security ID:		S-1-0-0
	Account Name:		-
	Account Domain:		-
	Logon ID:		0x0

Process Information:
	New Process ID:		0x1a74
	New Process Name:	C:\Windows\SysWOW64\auditpol.exe
	Token Elevation Type:	%%1936
	Mandatory Label:		S-1-16-16384
	Creator Process ID:	0xbc0
	Creator Process Name:	C:\Program Files (x86)\ossec-agent\wazuh-agent.exe
	Process Command Line:	

Token Elevation Type indicates the type of token that was assigned to the new process in accordance with User Account Control policy.

Type 1 is a full token with no privileges removed or groups disabled.  A full token is only used if User Account Control is disabled or if the user is the built-in Administrator account or a service account.

Type 2 is an elevated token with no privileges removed or groups disabled.  An elevated token is used when User Account Control is enabled and the user chooses to start the program using Run as administrator.  An elevated token is also used when an application is configured to always require administrative privilege or to always require maximum privilege, and the user is a member of the Administrators group.

Type 3 is a limited token with administrative privileges removed and administrative groups disabled.  The limited token is used when User Account Control is enabled, the application does not require administrative privilege, and the user does not choose to start the program using Run as administrator.""",3,wazuh,0
2025-12-02 16:31:45.223000+00:00,SocWinEP,4688,,,,"""A new process has been created.

Creator Subject:
	Security ID:		S-1-5-18
	Account Name:		SOCWINEP$
	Account Domain:		SOC
	Logon ID:		0x3E7

Target Subject:
	Security ID:		S-1-0-0
	Account Name:		-
	Account Domain:		-
	Logon ID:		0x0

Process Information:
	New Process ID:		0x18d0
	New Process Name:	C:\Windows\System32\conhost.exe
	Token Elevation Type:	%%1936
	Mandatory Label:		S-1-16-16384
	Creator Process ID:	0x1a74
	Creator Process Name:	C:\Windows\SysWOW64\auditpol.exe
	Process Command Line:	

Token Elevation Type indicates the type of token that was assigned to the new process in accordance with User Account Control policy.

Type 1 is a full token with no privileges removed or groups disabled.  A full token is only used if User Account Control is disabled or if the user is the built-in Administrator account or a service account.

Type 2 is an elevated token with no privileges removed or groups disabled.  An elevated token is used when User Account Control is enabled and the user chooses to start the program using Run as administrator.  An elevated token is also used when an application is configured to always require administrative privilege or to always require maximum privilege, and the user is a member of the Administrators group.

Type 3 is a limited token with administrative privileges removed and administrative groups disabled.  The limited token is used when User Account Control is enabled, the application does not require administrative privilege, and the user does not choose to start the program using Run as administrator.""",3,wazuh,0
2025-12-02 16:31:45.239000+00:00,SocWinEP,1,C:\\Windows\\SysWOW64\\auditpol.exe,"auditpol.exe /get /subcategory:\""Process Creation\""",,"""Process Create:
RuleName: -
UtcTime: 2025-12-02 16:31:47.589
ProcessGuid: {8206e0bc-1473-692f-280a-000000000f00}
ProcessId: 9328
Image: C:\Windows\SysWOW64\auditpol.exe
FileVersion: 10.0.19041.3636 (WinBuild.160101.0800)
Description: Audit Policy Program
Product: Microsoft® Windows® Operating System
Company: Microsoft Corporation
OriginalFileName: AUDITPOL.EXE
CommandLine: auditpol.exe /get /subcategory:""Process Creation""
CurrentDirectory: C:\Program Files (x86)\ossec-agent\
User: NT AUTHORITY\SYSTEM
LogonGuid: {8206e0bc-6167-6913-e703-000000000000}
LogonId: 0x3E7
TerminalSessionId: 0
IntegrityLevel: System
Hashes: MD5=DF7CD9AA34252DD4E0330FE964D5BDF7,SHA256=6A6C7FA1890DFB36F31780EABAB1A42FBBFAC43BC2DF14B97BF49B1E3EB1DEC6,IMPHASH=0C4B99BEEA5B3B9367B087A10A48BD92
ParentProcessGuid: {8206e0bc-6169-6913-4b00-000000000f00}
ParentProcessId: 3008
ParentImage: C:\Program Files (x86)\ossec-agent\wazuh-agent.exe
ParentCommandLine: ""C:\Program Files (x86)\ossec-agent\wazuh-agent.exe""
ParentUser: NT AUTHORITY\SYSTEM""",3,wazuh,0
2025-12-02 16:31:45.255000+00:00,SocWinEP,1,C:\\Windows\\SysWOW64\\auditpol.exe,"auditpol.exe /get /subcategory:\""Account Lockout\""",,"""Process Create:
RuleName: -
UtcTime: 2025-12-02 16:31:47.630
ProcessGuid: {8206e0bc-1473-692f-2a0a-000000000f00}
ProcessId: 12120
Image: C:\Windows\SysWOW64\auditpol.exe
FileVersion: 10.0.19041.3636 (WinBuild.160101.0800)
Description: Audit Policy Program
Product: Microsoft® Windows® Operating System
Company: Microsoft Corporation
OriginalFileName: AUDITPOL.EXE
CommandLine: auditpol.exe /get /subcategory:""Account Lockout""
CurrentDirectory: C:\Program Files (x86)\ossec-agent\
User: NT AUTHORITY\SYSTEM
LogonGuid: {8206e0bc-6167-6913-e703-000000000000}
LogonId: 0x3E7
TerminalSessionId: 0
IntegrityLevel: System
Hashes: MD5=DF7CD9AA34252DD4E0330FE964D5BDF7,SHA256=6A6C7FA1890DFB36F31780EABAB1A42FBBFAC43BC2DF14B97BF49B1E3EB1DEC6,IMPHASH=0C4B99BEEA5B3B9367B087A10A48BD92
ParentProcessGuid: {8206e0bc-6169-6913-4b00-000000000f00}
ParentProcessId: 3008
ParentImage: C:\Program Files (x86)\ossec-agent\wazuh-agent.exe
ParentCommandLine: ""C:\Program Files (x86)\ossec-agent\wazuh-agent.exe""
ParentUser: NT AUTHORITY\SYSTEM""",3,wazuh,0
2025-12-02 16:31:45.270000+00:00,SocWinEP,1,C:\\Windows\\SysWOW64\\auditpol.exe,"auditpol.exe /get /subcategory:\""Group Membership\""",,"""Process Create:
RuleName: -
UtcTime: 2025-12-02 16:31:47.662
ProcessGuid: {8206e0bc-1473-692f-2c0a-000000000f00}
ProcessId: 6772
Image: C:\Windows\SysWOW64\auditpol.exe
FileVersion: 10.0.19041.3636 (WinBuild.160101.0800)
Description: Audit Policy Program
Product: Microsoft® Windows® Operating System
Company: Microsoft Corporation
OriginalFileName: AUDITPOL.EXE
CommandLine: auditpol.exe /get /subcategory:""Group Membership""
CurrentDirectory: C:\Program Files (x86)\ossec-agent\
User: NT AUTHORITY\SYSTEM
LogonGuid: {8206e0bc-6167-6913-e703-000000000000}
LogonId: 0x3E7
TerminalSessionId: 0
IntegrityLevel: System
Hashes: MD5=DF7CD9AA34252DD4E0330FE964D5BDF7,SHA256=6A6C7FA1890DFB36F31780EABAB1A42FBBFAC43BC2DF14B97BF49B1E3EB1DEC6,IMPHASH=0C4B99BEEA5B3B9367B087A10A48BD92
ParentProcessGuid: {8206e0bc-6169-6913-4b00-000000000f00}
ParentProcessId: 3008
ParentImage: C:\Program Files (x86)\ossec-agent\wazuh-agent.exe
ParentCommandLine: ""C:\Program Files (x86)\ossec-agent\wazuh-agent.exe""
ParentUser: NT AUTHORITY\SYSTEM""",3,wazuh,0
2025-12-02 16:31:45.286000+00:00,SocWinEP,1,C:\\Windows\\SysWOW64\\auditpol.exe,"auditpol.exe /get /subcategory:\""Logoff\""",,"""Process Create:
RuleName: -
UtcTime: 2025-12-02 16:31:47.694
ProcessGuid: {8206e0bc-1473-692f-2e0a-000000000f00}
ProcessId: 3516
Image: C:\Windows\SysWOW64\auditpol.exe
FileVersion: 10.0.19041.3636 (WinBuild.160101.0800)
Description: Audit Policy Program
Product: Microsoft® Windows® Operating System
Company: Microsoft Corporation
OriginalFileName: AUDITPOL.EXE
CommandLine: auditpol.exe /get /subcategory:""Logoff""
CurrentDirectory: C:\Program Files (x86)\ossec-agent\
User: NT AUTHORITY\SYSTEM
LogonGuid: {8206e0bc-6167-6913-e703-000000000000}
LogonId: 0x3E7
TerminalSessionId: 0
IntegrityLevel: System
Hashes: MD5=DF7CD9AA34252DD4E0330FE964D5BDF7,SHA256=6A6C7FA1890DFB36F31780EABAB1A42FBBFAC43BC2DF14B97BF49B1E3EB1DEC6,IMPHASH=0C4B99BEEA5B3B9367B087A10A48BD92
ParentProcessGuid: {8206e0bc-6169-6913-4b00-000000000f00}
ParentProcessId: 3008
ParentImage: C:\Program Files (x86)\ossec-agent\wazuh-agent.exe
ParentCommandLine: ""C:\Program Files (x86)\ossec-agent\wazuh-agent.exe""
ParentUser: NT AUTHORITY\SYSTEM""",3,wazuh,0
2025-12-02 16:31:45.301000+00:00,SocWinEP,4688,,,,"""A new process has been created.

Creator Subject:
	Security ID:		S-1-5-18
	Account Name:		SOCWINEP$
	Account Domain:		SOC
	Logon ID:		0x3E7

Target Subject:
	Security ID:		S-1-0-0
	Account Name:		-
	Account Domain:		-
	Logon ID:		0x0

Process Information:
	New Process ID:		0xdbc
	New Process Name:	C:\Windows\SysWOW64\auditpol.exe
	Token Elevation Type:	%%1936
	Mandatory Label:		S-1-16-16384
	Creator Process ID:	0xbc0
	Creator Process Name:	C:\Program Files (x86)\ossec-agent\wazuh-agent.exe
	Process Command Line:	

Token Elevation Type indicates the type of token that was assigned to the new process in accordance with User Account Control policy.

Type 1 is a full token with no privileges removed or groups disabled.  A full token is only used if User Account Control is disabled or if the user is the built-in Administrator account or a service account.

Type 2 is an elevated token with no privileges removed or groups disabled.  An elevated token is used when User Account Control is enabled and the user chooses to start the program using Run as administrator.  An elevated token is also used when an application is configured to always require administrative privilege or to always require maximum privilege, and the user is a member of the Administrators group.

Type 3 is a limited token with administrative privileges removed and administrative groups disabled.  The limited token is used when User Account Control is enabled, the application does not require administrative privilege, and the user does not choose to start the program using Run as administrator.""",3,wazuh,0
2025-12-02 16:31:45.317000+00:00,SocWinEP,1,C:\\Windows\\SysWOW64\\auditpol.exe,"auditpol.exe /get /subcategory:\""Logon\""",,"""Process Create:
RuleName: -
UtcTime: 2025-12-02 16:31:47.744
ProcessGuid: {8206e0bc-1473-692f-300a-000000000f00}
ProcessId: 11140
Image: C:\Windows\SysWOW64\auditpol.exe
FileVersion: 10.0.19041.3636 (WinBuild.160101.0800)
Description: Audit Policy Program
Product: Microsoft® Windows® Operating System
Company: Microsoft Corporation
OriginalFileName: AUDITPOL.EXE
CommandLine: auditpol.exe /get /subcategory:""Logon""
CurrentDirectory: C:\Program Files (x86)\ossec-agent\
User: NT AUTHORITY\SYSTEM
LogonGuid: {8206e0bc-6167-6913-e703-000000000000}
LogonId: 0x3E7
TerminalSessionId: 0
IntegrityLevel: System
Hashes: MD5=DF7CD9AA34252DD4E0330FE964D5BDF7,SHA256=6A6C7FA1890DFB36F31780EABAB1A42FBBFAC43BC2DF14B97BF49B1E3EB1DEC6,IMPHASH=0C4B99BEEA5B3B9367B087A10A48BD92
ParentProcessGuid: {8206e0bc-6169-6913-4b00-000000000f00}
ParentProcessId: 3008
ParentImage: C:\Program Files (x86)\ossec-agent\wazuh-agent.exe
ParentCommandLine: ""C:\Program Files (x86)\ossec-agent\wazuh-agent.exe""
ParentUser: NT AUTHORITY\SYSTEM""",3,wazuh,0
2025-12-02 16:31:45.333000+00:00,SocWinEP,4688,,,,"""A new process has been created.

Creator Subject:
	Security ID:		S-1-5-18
	Account Name:		SOCWINEP$
	Account Domain:		SOC
	Logon ID:		0x3E7

Target Subject:
	Security ID:		S-1-0-0
	Account Name:		-
	Account Domain:		-
	Logon ID:		0x0

Process Information:
	New Process ID:		0x22d4
	New Process Name:	C:\Windows\System32\conhost.exe
	Token Elevation Type:	%%1936
	Mandatory Label:		S-1-16-16384
	Creator Process ID:	0xdbc
	Creator Process Name:	C:\Windows\SysWOW64\auditpol.exe
	Process Command Line:	

Token Elevation Type indicates the type of token that was assigned to the new process in accordance with User Account Control policy.

Type 1 is a full token with no privileges removed or groups disabled.  A full token is only used if User Account Control is disabled or if the user is the built-in Administrator account or a service account.

Type 2 is an elevated token with no privileges removed or groups disabled.  An elevated token is used when User Account Control is enabled and the user chooses to start the program using Run as administrator.  An elevated token is also used when an application is configured to always require administrative privilege or to always require maximum privilege, and the user is a member of the Administrators group.

Type 3 is a limited token with administrative privileges removed and administrative groups disabled.  The limited token is used when User Account Control is enabled, the application does not require administrative privilege, and the user does not choose to start the program using Run as administrator.""",3,wazuh,0
2025-12-02 16:31:45.348000+00:00,SocWinEP,1,C:\\Windows\\SysWOW64\\auditpol.exe,"auditpol.exe /get /subcategory:\""Other Logon/Logoff Events\""",,"""Process Create:
RuleName: -
UtcTime: 2025-12-02 16:31:47.772
ProcessGuid: {8206e0bc-1473-692f-320a-000000000f00}
ProcessId: 1932
Image: C:\Windows\SysWOW64\auditpol.exe
FileVersion: 10.0.19041.3636 (WinBuild.160101.0800)
Description: Audit Policy Program
Product: Microsoft® Windows® Operating System
Company: Microsoft Corporation
OriginalFileName: AUDITPOL.EXE
CommandLine: auditpol.exe /get /subcategory:""Other Logon/Logoff Events""
CurrentDirectory: C:\Program Files (x86)\ossec-agent\
User: NT AUTHORITY\SYSTEM
LogonGuid: {8206e0bc-6167-6913-e703-000000000000}
LogonId: 0x3E7
TerminalSessionId: 0
IntegrityLevel: System
Hashes: MD5=DF7CD9AA34252DD4E0330FE964D5BDF7,SHA256=6A6C7FA1890DFB36F31780EABAB1A42FBBFAC43BC2DF14B97BF49B1E3EB1DEC6,IMPHASH=0C4B99BEEA5B3B9367B087A10A48BD92
ParentProcessGuid: {8206e0bc-6169-6913-4b00-000000000f00}
ParentProcessId: 3008
ParentImage: C:\Program Files (x86)\ossec-agent\wazuh-agent.exe
ParentCommandLine: ""C:\Program Files (x86)\ossec-agent\wazuh-agent.exe""
ParentUser: NT AUTHORITY\SYSTEM""",3,wazuh,0
2025-12-02 16:31:45.364000+00:00,SocWinEP,4688,,,,"""A new process has been created.

Creator Subject:
	Security ID:		S-1-5-18
	Account Name:		SOCWINEP$
	Account Domain:		SOC
	Logon ID:		0x3E7

Target Subject:
	Security ID:		S-1-0-0
	Account Name:		-
	Account Domain:		-
	Logon ID:		0x0

Process Information:
	New Process ID:		0x2b84
	New Process Name:	C:\Windows\SysWOW64\auditpol.exe
	Token Elevation Type:	%%1936
	Mandatory Label:		S-1-16-16384
	Creator Process ID:	0xbc0
	Creator Process Name:	C:\Program Files (x86)\ossec-agent\wazuh-agent.exe
	Process Command Line:	

Token Elevation Type indicates the type of token that was assigned to the new process in accordance with User Account Control policy.

Type 1 is a full token with no privileges removed or groups disabled.  A full token is only used if User Account Control is disabled or if the user is the built-in Administrator account or a service account.

Type 2 is an elevated token with no privileges removed or groups disabled.  An elevated token is used when User Account Control is enabled and the user chooses to start the program using Run as administrator.  An elevated token is also used when an application is configured to always require administrative privilege or to always require maximum privilege, and the user is a member of the Administrators group.

Type 3 is a limited token with administrative privileges removed and administrative groups disabled.  The limited token is used when User Account Control is enabled, the application does not require administrative privilege, and the user does not choose to start the program using Run as administrator.""",3,wazuh,0
2025-12-02 16:31:45.379000+00:00,SocWinEP,1,C:\\Windows\\SysWOW64\\auditpol.exe,"auditpol.exe /get /subcategory:\""Special Logon\""",,"""Process Create:
RuleName: -
UtcTime: 2025-12-02 16:31:47.802
ProcessGuid: {8206e0bc-1473-692f-340a-000000000f00}
ProcessId: 11116
Image: C:\Windows\SysWOW64\auditpol.exe
FileVersion: 10.0.19041.3636 (WinBuild.160101.0800)
Description: Audit Policy Program
Product: Microsoft® Windows® Operating System
Company: Microsoft Corporation
OriginalFileName: AUDITPOL.EXE
CommandLine: auditpol.exe /get /subcategory:""Special Logon""
CurrentDirectory: C:\Program Files (x86)\ossec-agent\
User: NT AUTHORITY\SYSTEM
LogonGuid: {8206e0bc-6167-6913-e703-000000000000}
LogonId: 0x3E7
TerminalSessionId: 0
IntegrityLevel: System
Hashes: MD5=DF7CD9AA34252DD4E0330FE964D5BDF7,SHA256=6A6C7FA1890DFB36F31780EABAB1A42FBBFAC43BC2DF14B97BF49B1E3EB1DEC6,IMPHASH=0C4B99BEEA5B3B9367B087A10A48BD92
ParentProcessGuid: {8206e0bc-6169-6913-4b00-000000000f00}
ParentProcessId: 3008
ParentImage: C:\Program Files (x86)\ossec-agent\wazuh-agent.exe
ParentCommandLine: ""C:\Program Files (x86)\ossec-agent\wazuh-agent.exe""
ParentUser: NT AUTHORITY\SYSTEM""",3,wazuh,0
2025-12-02 16:31:45.395000+00:00,SocWinEP,4688,,,,"""A new process has been created.

Creator Subject:
	Security ID:		S-1-5-18
	Account Name:		SOCWINEP$
	Account Domain:		SOC
	Logon ID:		0x3E7

Target Subject:
	Security ID:		S-1-0-0
	Account Name:		-
	Account Domain:		-
	Logon ID:		0x0

Process Information:
	New Process ID:		0x2b04
	New Process Name:	C:\Windows\System32\conhost.exe
	Token Elevation Type:	%%1936
	Mandatory Label:		S-1-16-16384
	Creator Process ID:	0x2b84
	Creator Process Name:	C:\Windows\SysWOW64\auditpol.exe
	Process Command Line:	

Token Elevation Type indicates the type of token that was assigned to the new process in accordance with User Account Control policy.

Type 1 is a full token with no privileges removed or groups disabled.  A full token is only used if User Account Control is disabled or if the user is the built-in Administrator account or a service account.

Type 2 is an elevated token with no privileges removed or groups disabled.  An elevated token is used when User Account Control is enabled and the user chooses to start the program using Run as administrator.  An elevated token is also used when an application is configured to always require administrative privilege or to always require maximum privilege, and the user is a member of the Administrators group.

Type 3 is a limited token with administrative privileges removed and administrative groups disabled.  The limited token is used when User Account Control is enabled, the application does not require administrative privilege, and the user does not choose to start the program using Run as administrator.""",3,wazuh,0
2025-12-02 16:31:45.411000+00:00,SocWinEP,4688,,,,"""A new process has been created.

Creator Subject:
	Security ID:		S-1-5-18
	Account Name:		SOCWINEP$
	Account Domain:		SOC
	Logon ID:		0x3E7

Target Subject:
	Security ID:		S-1-0-0
	Account Name:		-
	Account Domain:		-
	Logon ID:		0x0

Process Information:
	New Process ID:		0x78c
	New Process Name:	C:\Windows\SysWOW64\auditpol.exe
	Token Elevation Type:	%%1936
	Mandatory Label:		S-1-16-16384
	Creator Process ID:	0xbc0
	Creator Process Name:	C:\Program Files (x86)\ossec-agent\wazuh-agent.exe
	Process Command Line:	

Token Elevation Type indicates the type of token that was assigned to the new process in accordance with User Account Control policy.

Type 1 is a full token with no privileges removed or groups disabled.  A full token is only used if User Account Control is disabled or if the user is the built-in Administrator account or a service account.

Type 2 is an elevated token with no privileges removed or groups disabled.  An elevated token is used when User Account Control is enabled and the user chooses to start the program using Run as administrator.  An elevated token is also used when an application is configured to always require administrative privilege or to always require maximum privilege, and the user is a member of the Administrators group.

Type 3 is a limited token with administrative privileges removed and administrative groups disabled.  The limited token is used when User Account Control is enabled, the application does not require administrative privilege, and the user does not choose to start the program using Run as administrator.""",3,wazuh,0
2025-12-02 16:31:45.426000+00:00,SocWinEP,4688,,,,"""A new process has been created.

Creator Subject:
	Security ID:		S-1-5-18
	Account Name:		SOCWINEP$
	Account Domain:		SOC
	Logon ID:		0x3E7

Target Subject:
	Security ID:		S-1-0-0
	Account Name:		-
	Account Domain:		-
	Logon ID:		0x0

Process Information:
	New Process ID:		0x1cdc
	New Process Name:	C:\Windows\System32\conhost.exe
	Token Elevation Type:	%%1936
	Mandatory Label:		S-1-16-16384
	Creator Process ID:	0x78c
	Creator Process Name:	C:\Windows\SysWOW64\auditpol.exe
	Process Command Line:	

Token Elevation Type indicates the type of token that was assigned to the new process in accordance with User Account Control policy.

Type 1 is a full token with no privileges removed or groups disabled.  A full token is only used if User Account Control is disabled or if the user is the built-in Administrator account or a service account.

Type 2 is an elevated token with no privileges removed or groups disabled.  An elevated token is used when User Account Control is enabled and the user chooses to start the program using Run as administrator.  An elevated token is also used when an application is configured to always require administrative privilege or to always require maximum privilege, and the user is a member of the Administrators group.

Type 3 is a limited token with administrative privileges removed and administrative groups disabled.  The limited token is used when User Account Control is enabled, the application does not require administrative privilege, and the user does not choose to start the program using Run as administrator.""",3,wazuh,0
2025-12-02 16:31:45.442000+00:00,SocWinEP,4688,,,,"""A new process has been created.

Creator Subject:
	Security ID:		S-1-5-18
	Account Name:		SOCWINEP$
	Account Domain:		SOC
	Logon ID:		0x3E7

Target Subject:
	Security ID:		S-1-0-0
	Account Name:		-
	Account Domain:		-
	Logon ID:		0x0

Process Information:
	New Process ID:		0x2b6c
	New Process Name:	C:\Windows\SysWOW64\auditpol.exe
	Token Elevation Type:	%%1936
	Mandatory Label:		S-1-16-16384
	Creator Process ID:	0xbc0
	Creator Process Name:	C:\Program Files (x86)\ossec-agent\wazuh-agent.exe
	Process Command Line:	

Token Elevation Type indicates the type of token that was assigned to the new process in accordance with User Account Control policy.

Type 1 is a full token with no privileges removed or groups disabled.  A full token is only used if User Account Control is disabled or if the user is the built-in Administrator account or a service account.

Type 2 is an elevated token with no privileges removed or groups disabled.  An elevated token is used when User Account Control is enabled and the user chooses to start the program using Run as administrator.  An elevated token is also used when an application is configured to always require administrative privilege or to always require maximum privilege, and the user is a member of the Administrators group.

Type 3 is a limited token with administrative privileges removed and administrative groups disabled.  The limited token is used when User Account Control is enabled, the application does not require administrative privilege, and the user does not choose to start the program using Run as administrator.""",3,wazuh,0
2025-12-02 16:31:45.458000+00:00,SocWinEP,4688,,,,"""A new process has been created.

Creator Subject:
	Security ID:		S-1-5-18
	Account Name:		SOCWINEP$
	Account Domain:		SOC
	Logon ID:		0x3E7

Target Subject:
	Security ID:		S-1-0-0
	Account Name:		-
	Account Domain:		-
	Logon ID:		0x0

Process Information:
	New Process ID:		0x2874
	New Process Name:	C:\Windows\System32\conhost.exe
	Token Elevation Type:	%%1936
	Mandatory Label:		S-1-16-16384
	Creator Process ID:	0x2b6c
	Creator Process Name:	C:\Windows\SysWOW64\auditpol.exe
	Process Command Line:	

Token Elevation Type indicates the type of token that was assigned to the new process in accordance with User Account Control policy.

Type 1 is a full token with no privileges removed or groups disabled.  A full token is only used if User Account Control is disabled or if the user is the built-in Administrator account or a service account.

Type 2 is an elevated token with no privileges removed or groups disabled.  An elevated token is used when User Account Control is enabled and the user chooses to start the program using Run as administrator.  An elevated token is also used when an application is configured to always require administrative privilege or to always require maximum privilege, and the user is a member of the Administrators group.

Type 3 is a limited token with administrative privileges removed and administrative groups disabled.  The limited token is used when User Account Control is enabled, the application does not require administrative privilege, and the user does not choose to start the program using Run as administrator.""",3,wazuh,0
2025-12-02 16:31:45.895000+00:00,SocWinEP,1,C:\\Windows\\SysWOW64\\auditpol.exe,"auditpol.exe /get /subcategory:\""Detailed File Share\""",,"""Process Create:
RuleName: -
UtcTime: 2025-12-02 16:31:47.855
ProcessGuid: {8206e0bc-1473-692f-360a-000000000f00}
ProcessId: 5484
Image: C:\Windows\SysWOW64\auditpol.exe
FileVersion: 10.0.19041.3636 (WinBuild.160101.0800)
Description: Audit Policy Program
Product: Microsoft® Windows® Operating System
Company: Microsoft Corporation
OriginalFileName: AUDITPOL.EXE
CommandLine: auditpol.exe /get /subcategory:""Detailed File Share""
CurrentDirectory: C:\Program Files (x86)\ossec-agent\
User: NT AUTHORITY\SYSTEM
LogonGuid: {8206e0bc-6167-6913-e703-000000000000}
LogonId: 0x3E7
TerminalSessionId: 0
IntegrityLevel: System
Hashes: MD5=DF7CD9AA34252DD4E0330FE964D5BDF7,SHA256=6A6C7FA1890DFB36F31780EABAB1A42FBBFAC43BC2DF14B97BF49B1E3EB1DEC6,IMPHASH=0C4B99BEEA5B3B9367B087A10A48BD92
ParentProcessGuid: {8206e0bc-6169-6913-4b00-000000000f00}
ParentProcessId: 3008
ParentImage: C:\Program Files (x86)\ossec-agent\wazuh-agent.exe
ParentCommandLine: ""C:\Program Files (x86)\ossec-agent\wazuh-agent.exe""
ParentUser: NT AUTHORITY\SYSTEM""",3,wazuh,0
2025-12-02 16:31:45.911000+00:00,SocWinEP,4688,,,,"""A new process has been created.

Creator Subject:
	Security ID:		S-1-5-18
	Account Name:		SOCWINEP$
	Account Domain:		SOC
	Logon ID:		0x3E7

Target Subject:
	Security ID:		S-1-0-0
	Account Name:		-
	Account Domain:		-
	Logon ID:		0x0

Process Information:
	New Process ID:		0x156c
	New Process Name:	C:\Windows\SysWOW64\auditpol.exe
	Token Elevation Type:	%%1936
	Mandatory Label:		S-1-16-16384
	Creator Process ID:	0xbc0
	Creator Process Name:	C:\Program Files (x86)\ossec-agent\wazuh-agent.exe
	Process Command Line:	

Token Elevation Type indicates the type of token that was assigned to the new process in accordance with User Account Control policy.

Type 1 is a full token with no privileges removed or groups disabled.  A full token is only used if User Account Control is disabled or if the user is the built-in Administrator account or a service account.

Type 2 is an elevated token with no privileges removed or groups disabled.  An elevated token is used when User Account Control is enabled and the user chooses to start the program using Run as administrator.  An elevated token is also used when an application is configured to always require administrative privilege or to always require maximum privilege, and the user is a member of the Administrators group.

Type 3 is a limited token with administrative privileges removed and administrative groups disabled.  The limited token is used when User Account Control is enabled, the application does not require administrative privilege, and the user does not choose to start the program using Run as administrator.""",3,wazuh,0
2025-12-02 16:31:45.927000+00:00,SocWinEP,4688,,,,"""A new process has been created.

Creator Subject:
	Security ID:		S-1-5-18
	Account Name:		SOCWINEP$
