	Account Domain:		SOC
	Logon ID:		0x3E7

Target Subject:
	Security ID:		S-1-5-21-3631167090-248966842-2655285490-1106
	Account Name:		duser
	Account Domain:		SOC
	Logon ID:		0xAD462D

Process Information:
	New Process ID:		0x206c
	New Process Name:	C:\Windows\System32\backgroundTaskHost.exe
	Token Elevation Type:	%%1936
	Mandatory Label:		S-1-16-8192
	Creator Process ID:	0x2f8
	Creator Process Name:	C:\Windows\System32\svchost.exe
	Process Command Line:	

Token Elevation Type indicates the type of token that was assigned to the new process in accordance with User Account Control policy.

Type 1 is a full token with no privileges removed or groups disabled.  A full token is only used if User Account Control is disabled or if the user is the built-in Administrator account or a service account.

Type 2 is an elevated token with no privileges removed or groups disabled.  An elevated token is used when User Account Control is enabled and the user chooses to start the program using Run as administrator.  An elevated token is also used when an application is configured to always require administrative privilege or to always require maximum privilege, and the user is a member of the Administrators group.

Type 3 is a limited token with administrative privileges removed and administrative groups disabled.  The limited token is used when User Account Control is enabled, the application does not require administrative privilege, and the user does not choose to start the program using Run as administrator.""",3,wazuh,0
2025-12-02 16:31:38.599000+00:00,SocWinEP,4673,,,,"""A privileged service was called.

Subject:
	Security ID:		S-1-5-21-3631167090-248966842-2655285490-1106
	Account Name:		duser
	Account Domain:		SOC
	Logon ID:		0xAD462D

Service:
	Server:	Security
	Service Name:	-

Process:
	Process ID:	0x206c
	Process Name:	C:\Windows\System32\backgroundTaskHost.exe

Service Request Information:
	Privileges:		SeProfileSingleProcessPrivilege""",4,wazuh,0
2025-12-02 16:31:38.645000+00:00,SocWinEP,4688,,,,"""A new process has been created.

Creator Subject:
	Security ID:		S-1-5-18
	Account Name:		SOCWINEP$
	Account Domain:		SOC
	Logon ID:		0x3E7

Target Subject:
	Security ID:		S-1-0-0
	Account Name:		-
	Account Domain:		-
	Logon ID:		0x0

Process Information:
	New Process ID:		0x2d70
	New Process Name:	C:\Windows\SysWOW64\net.exe
	Token Elevation Type:	%%1936
	Mandatory Label:		S-1-16-16384
	Creator Process ID:	0xbc0
	Creator Process Name:	C:\Program Files (x86)\ossec-agent\wazuh-agent.exe
	Process Command Line:	

Token Elevation Type indicates the type of token that was assigned to the new process in accordance with User Account Control policy.

Type 1 is a full token with no privileges removed or groups disabled.  A full token is only used if User Account Control is disabled or if the user is the built-in Administrator account or a service account.

Type 2 is an elevated token with no privileges removed or groups disabled.  An elevated token is used when User Account Control is enabled and the user chooses to start the program using Run as administrator.  An elevated token is also used when an application is configured to always require administrative privilege or to always require maximum privilege, and the user is a member of the Administrators group.

Type 3 is a limited token with administrative privileges removed and administrative groups disabled.  The limited token is used when User Account Control is enabled, the application does not require administrative privilege, and the user does not choose to start the program using Run as administrator.""",3,wazuh,0
2025-12-02 16:31:38.706000+00:00,SocWinEP,4688,,,,"""A new process has been created.

Creator Subject:
	Security ID:		S-1-5-18
	Account Name:		SOCWINEP$
	Account Domain:		SOC
	Logon ID:		0x3E7

Target Subject:
	Security ID:		S-1-0-0
	Account Name:		-
	Account Domain:		-
	Logon ID:		0x0

Process Information:
	New Process ID:		0x1ba0
	New Process Name:	C:\Windows\System32\conhost.exe
	Token Elevation Type:	%%1936
	Mandatory Label:		S-1-16-16384
	Creator Process ID:	0x2d70
	Creator Process Name:	C:\Windows\SysWOW64\net.exe
	Process Command Line:	

Token Elevation Type indicates the type of token that was assigned to the new process in accordance with User Account Control policy.

Type 1 is a full token with no privileges removed or groups disabled.  A full token is only used if User Account Control is disabled or if the user is the built-in Administrator account or a service account.

Type 2 is an elevated token with no privileges removed or groups disabled.  An elevated token is used when User Account Control is enabled and the user chooses to start the program using Run as administrator.  An elevated token is also used when an application is configured to always require administrative privilege or to always require maximum privilege, and the user is a member of the Administrators group.

Type 3 is a limited token with administrative privileges removed and administrative groups disabled.  The limited token is used when User Account Control is enabled, the application does not require administrative privilege, and the user does not choose to start the program using Run as administrator.""",3,wazuh,0
2025-12-02 16:31:38.710000+00:00,SocWinEP,4688,,,,"""A new process has been created.

Creator Subject:
	Security ID:		S-1-5-18
	Account Name:		SOCWINEP$
	Account Domain:		SOC
	Logon ID:		0x3E7

Target Subject:
	Security ID:		S-1-0-0
	Account Name:		-
	Account Domain:		-
	Logon ID:		0x0

Process Information:
	New Process ID:		0x2db0
	New Process Name:	C:\Windows\SysWOW64\net1.exe
	Token Elevation Type:	%%1936
	Mandatory Label:		S-1-16-16384
	Creator Process ID:	0x2d70
	Creator Process Name:	C:\Windows\SysWOW64\net.exe
	Process Command Line:	

Token Elevation Type indicates the type of token that was assigned to the new process in accordance with User Account Control policy.

Type 1 is a full token with no privileges removed or groups disabled.  A full token is only used if User Account Control is disabled or if the user is the built-in Administrator account or a service account.

Type 2 is an elevated token with no privileges removed or groups disabled.  An elevated token is used when User Account Control is enabled and the user chooses to start the program using Run as administrator.  An elevated token is also used when an application is configured to always require administrative privilege or to always require maximum privilege, and the user is a member of the Administrators group.

Type 3 is a limited token with administrative privileges removed and administrative groups disabled.  The limited token is used when User Account Control is enabled, the application does not require administrative privilege, and the user does not choose to start the program using Run as administrator.""",3,wazuh,0
2025-12-02 16:31:38.755000+00:00,SocWinEP,4688,,,,"""A new process has been created.

Creator Subject:
	Security ID:		S-1-5-18
	Account Name:		SOCWINEP$
	Account Domain:		SOC
	Logon ID:		0x3E7

Target Subject:
	Security ID:		S-1-0-0
	Account Name:		-
	Account Domain:		-
	Logon ID:		0x0

Process Information:
	New Process ID:		0x2f2c
	New Process Name:	C:\Windows\SysWOW64\net.exe
	Token Elevation Type:	%%1936
	Mandatory Label:		S-1-16-16384
	Creator Process ID:	0xbc0
	Creator Process Name:	C:\Program Files (x86)\ossec-agent\wazuh-agent.exe
	Process Command Line:	

Token Elevation Type indicates the type of token that was assigned to the new process in accordance with User Account Control policy.

Type 1 is a full token with no privileges removed or groups disabled.  A full token is only used if User Account Control is disabled or if the user is the built-in Administrator account or a service account.

Type 2 is an elevated token with no privileges removed or groups disabled.  An elevated token is used when User Account Control is enabled and the user chooses to start the program using Run as administrator.  An elevated token is also used when an application is configured to always require administrative privilege or to always require maximum privilege, and the user is a member of the Administrators group.

Type 3 is a limited token with administrative privileges removed and administrative groups disabled.  The limited token is used when User Account Control is enabled, the application does not require administrative privilege, and the user does not choose to start the program using Run as administrator.""",3,wazuh,0
2025-12-02 16:31:38.770000+00:00,SocWinEP,4688,,,,"""A new process has been created.

Creator Subject:
	Security ID:		S-1-5-18
	Account Name:		SOCWINEP$
	Account Domain:		SOC
	Logon ID:		0x3E7

Target Subject:
	Security ID:		S-1-0-0
	Account Name:		-
	Account Domain:		-
	Logon ID:		0x0

Process Information:
	New Process ID:		0x1010
	New Process Name:	C:\Windows\System32\conhost.exe
	Token Elevation Type:	%%1936
	Mandatory Label:		S-1-16-16384
	Creator Process ID:	0x2f2c
	Creator Process Name:	C:\Windows\SysWOW64\net.exe
	Process Command Line:	

Token Elevation Type indicates the type of token that was assigned to the new process in accordance with User Account Control policy.

Type 1 is a full token with no privileges removed or groups disabled.  A full token is only used if User Account Control is disabled or if the user is the built-in Administrator account or a service account.

Type 2 is an elevated token with no privileges removed or groups disabled.  An elevated token is used when User Account Control is enabled and the user chooses to start the program using Run as administrator.  An elevated token is also used when an application is configured to always require administrative privilege or to always require maximum privilege, and the user is a member of the Administrators group.

Type 3 is a limited token with administrative privileges removed and administrative groups disabled.  The limited token is used when User Account Control is enabled, the application does not require administrative privilege, and the user does not choose to start the program using Run as administrator.""",3,wazuh,0
2025-12-02 16:31:38.836000+00:00,SocWinEP,4688,,,,"""A new process has been created.

Creator Subject:
	Security ID:		S-1-5-18
	Account Name:		SOCWINEP$
	Account Domain:		SOC
	Logon ID:		0x3E7

Target Subject:
	Security ID:		S-1-0-0
	Account Name:		-
	Account Domain:		-
	Logon ID:		0x0

Process Information:
	New Process ID:		0x2d7c
	New Process Name:	C:\Windows\SysWOW64\net1.exe
	Token Elevation Type:	%%1936
	Mandatory Label:		S-1-16-16384
	Creator Process ID:	0x2f2c
	Creator Process Name:	C:\Windows\SysWOW64\net.exe
	Process Command Line:	

Token Elevation Type indicates the type of token that was assigned to the new process in accordance with User Account Control policy.

Type 1 is a full token with no privileges removed or groups disabled.  A full token is only used if User Account Control is disabled or if the user is the built-in Administrator account or a service account.

Type 2 is an elevated token with no privileges removed or groups disabled.  An elevated token is used when User Account Control is enabled and the user chooses to start the program using Run as administrator.  An elevated token is also used when an application is configured to always require administrative privilege or to always require maximum privilege, and the user is a member of the Administrators group.

Type 3 is a limited token with administrative privileges removed and administrative groups disabled.  The limited token is used when User Account Control is enabled, the application does not require administrative privilege, and the user does not choose to start the program using Run as administrator.""",3,wazuh,0
2025-12-02 16:31:38.853000+00:00,SocWinEP,4688,,,,"""A new process has been created.

Creator Subject:
	Security ID:		S-1-5-18
	Account Name:		SOCWINEP$
	Account Domain:		SOC
	Logon ID:		0x3E7

Target Subject:
	Security ID:		S-1-0-0
	Account Name:		-
	Account Domain:		-
	Logon ID:		0x0

Process Information:
	New Process ID:		0x2db4
	New Process Name:	C:\Windows\SysWOW64\reg.exe
	Token Elevation Type:	%%1936
	Mandatory Label:		S-1-16-16384
	Creator Process ID:	0xbc0
	Creator Process Name:	C:\Program Files (x86)\ossec-agent\wazuh-agent.exe
	Process Command Line:	

Token Elevation Type indicates the type of token that was assigned to the new process in accordance with User Account Control policy.

Type 1 is a full token with no privileges removed or groups disabled.  A full token is only used if User Account Control is disabled or if the user is the built-in Administrator account or a service account.

Type 2 is an elevated token with no privileges removed or groups disabled.  An elevated token is used when User Account Control is enabled and the user chooses to start the program using Run as administrator.  An elevated token is also used when an application is configured to always require administrative privilege or to always require maximum privilege, and the user is a member of the Administrators group.

Type 3 is a limited token with administrative privileges removed and administrative groups disabled.  The limited token is used when User Account Control is enabled, the application does not require administrative privilege, and the user does not choose to start the program using Run as administrator.""",3,wazuh,0
2025-12-02 16:31:38.870000+00:00,SocWinEP,4688,,,,"""A new process has been created.

Creator Subject:
	Security ID:		S-1-5-18
	Account Name:		SOCWINEP$
	Account Domain:		SOC
	Logon ID:		0x3E7

Target Subject:
	Security ID:		S-1-0-0
	Account Name:		-
	Account Domain:		-
	Logon ID:		0x0

Process Information:
	New Process ID:		0x2d94
	New Process Name:	C:\Windows\System32\conhost.exe
	Token Elevation Type:	%%1936
	Mandatory Label:		S-1-16-16384
	Creator Process ID:	0x2db4
	Creator Process Name:	C:\Windows\SysWOW64\reg.exe
	Process Command Line:	

Token Elevation Type indicates the type of token that was assigned to the new process in accordance with User Account Control policy.

Type 1 is a full token with no privileges removed or groups disabled.  A full token is only used if User Account Control is disabled or if the user is the built-in Administrator account or a service account.

Type 2 is an elevated token with no privileges removed or groups disabled.  An elevated token is used when User Account Control is enabled and the user chooses to start the program using Run as administrator.  An elevated token is also used when an application is configured to always require administrative privilege or to always require maximum privilege, and the user is a member of the Administrators group.

Type 3 is a limited token with administrative privileges removed and administrative groups disabled.  The limited token is used when User Account Control is enabled, the application does not require administrative privilege, and the user does not choose to start the program using Run as administrator.""",3,wazuh,0
2025-12-02 16:31:38.899000+00:00,SocWinEP,4688,,,,"""A new process has been created.

Creator Subject:
	Security ID:		S-1-5-18
	Account Name:		SOCWINEP$
	Account Domain:		SOC
	Logon ID:		0x3E7

Target Subject:
	Security ID:		S-1-0-0
	Account Name:		-
	Account Domain:		-
	Logon ID:		0x0

Process Information:
	New Process ID:		0x2df8
	New Process Name:	C:\Windows\SysWOW64\reg.exe
	Token Elevation Type:	%%1936
	Mandatory Label:		S-1-16-16384
	Creator Process ID:	0xbc0
	Creator Process Name:	C:\Program Files (x86)\ossec-agent\wazuh-agent.exe
	Process Command Line:	

Token Elevation Type indicates the type of token that was assigned to the new process in accordance with User Account Control policy.

Type 1 is a full token with no privileges removed or groups disabled.  A full token is only used if User Account Control is disabled or if the user is the built-in Administrator account or a service account.

Type 2 is an elevated token with no privileges removed or groups disabled.  An elevated token is used when User Account Control is enabled and the user chooses to start the program using Run as administrator.  An elevated token is also used when an application is configured to always require administrative privilege or to always require maximum privilege, and the user is a member of the Administrators group.

Type 3 is a limited token with administrative privileges removed and administrative groups disabled.  The limited token is used when User Account Control is enabled, the application does not require administrative privilege, and the user does not choose to start the program using Run as administrator.""",3,wazuh,0
2025-12-02 16:31:38.913000+00:00,SocWinEP,4688,,,,"""A new process has been created.

Creator Subject:
	Security ID:		S-1-5-18
	Account Name:		SOCWINEP$
	Account Domain:		SOC
	Logon ID:		0x3E7

Target Subject:
	Security ID:		S-1-0-0
	Account Name:		-
	Account Domain:		-
	Logon ID:		0x0

Process Information:
	New Process ID:		0x2de8
	New Process Name:	C:\Windows\System32\conhost.exe
	Token Elevation Type:	%%1936
	Mandatory Label:		S-1-16-16384
	Creator Process ID:	0x2df8
	Creator Process Name:	C:\Windows\SysWOW64\reg.exe
	Process Command Line:	

Token Elevation Type indicates the type of token that was assigned to the new process in accordance with User Account Control policy.

Type 1 is a full token with no privileges removed or groups disabled.  A full token is only used if User Account Control is disabled or if the user is the built-in Administrator account or a service account.

Type 2 is an elevated token with no privileges removed or groups disabled.  An elevated token is used when User Account Control is enabled and the user chooses to start the program using Run as administrator.  An elevated token is also used when an application is configured to always require administrative privilege or to always require maximum privilege, and the user is a member of the Administrators group.

Type 3 is a limited token with administrative privileges removed and administrative groups disabled.  The limited token is used when User Account Control is enabled, the application does not require administrative privilege, and the user does not choose to start the program using Run as administrator.""",3,wazuh,0
2025-12-02 16:31:38.929000+00:00,SocWinEP,4688,,,,"""A new process has been created.

Creator Subject:
	Security ID:		S-1-5-18
	Account Name:		SOCWINEP$
	Account Domain:		SOC
	Logon ID:		0x3E7

Target Subject:
	Security ID:		S-1-0-0
	Account Name:		-
	Account Domain:		-
	Logon ID:		0x0

Process Information:
	New Process ID:		0x2e4c
	New Process Name:	C:\Windows\SysWOW64\WindowsPowerShell\v1.0\powershell.exe
	Token Elevation Type:	%%1936
	Mandatory Label:		S-1-16-16384
	Creator Process ID:	0xbc0
	Creator Process Name:	C:\Program Files (x86)\ossec-agent\wazuh-agent.exe
	Process Command Line:	

Token Elevation Type indicates the type of token that was assigned to the new process in accordance with User Account Control policy.

Type 1 is a full token with no privileges removed or groups disabled.  A full token is only used if User Account Control is disabled or if the user is the built-in Administrator account or a service account.

Type 2 is an elevated token with no privileges removed or groups disabled.  An elevated token is used when User Account Control is enabled and the user chooses to start the program using Run as administrator.  An elevated token is also used when an application is configured to always require administrative privilege or to always require maximum privilege, and the user is a member of the Administrators group.

Type 3 is a limited token with administrative privileges removed and administrative groups disabled.  The limited token is used when User Account Control is enabled, the application does not require administrative privilege, and the user does not choose to start the program using Run as administrator.""",3,wazuh,0
2025-12-02 16:31:38.951000+00:00,SocWinEP,4688,,,,"""A new process has been created.

Creator Subject:
	Security ID:		S-1-5-18
	Account Name:		SOCWINEP$
	Account Domain:		SOC
	Logon ID:		0x3E7

Target Subject:
	Security ID:		S-1-0-0
	Account Name:		-
	Account Domain:		-
	Logon ID:		0x0

Process Information:
	New Process ID:		0x2cf8
	New Process Name:	C:\Windows\System32\conhost.exe
	Token Elevation Type:	%%1936
	Mandatory Label:		S-1-16-16384
	Creator Process ID:	0x2e4c
	Creator Process Name:	C:\Windows\SysWOW64\WindowsPowerShell\v1.0\powershell.exe
	Process Command Line:	

Token Elevation Type indicates the type of token that was assigned to the new process in accordance with User Account Control policy.

Type 1 is a full token with no privileges removed or groups disabled.  A full token is only used if User Account Control is disabled or if the user is the built-in Administrator account or a service account.

Type 2 is an elevated token with no privileges removed or groups disabled.  An elevated token is used when User Account Control is enabled and the user chooses to start the program using Run as administrator.  An elevated token is also used when an application is configured to always require administrative privilege or to always require maximum privilege, and the user is a member of the Administrators group.

Type 3 is a limited token with administrative privileges removed and administrative groups disabled.  The limited token is used when User Account Control is enabled, the application does not require administrative privilege, and the user does not choose to start the program using Run as administrator.""",3,wazuh,0
2025-12-02 16:31:38.992000+00:00,SocWinEP,4688,,,,"""A new process has been created.

Creator Subject:
	Security ID:		S-1-5-18
	Account Name:		SOCWINEP$
	Account Domain:		SOC
	Logon ID:		0x3E7

Target Subject:
	Security ID:		S-1-5-21-3631167090-248966842-2655285490-1106
	Account Name:		duser
	Account Domain:		SOC
	Logon ID:		0xAD462D

Process Information:
	New Process ID:		0x2d48
	New Process Name:	C:\Windows\System32\backgroundTaskHost.exe
	Token Elevation Type:	%%1936
	Mandatory Label:		S-1-16-4096
	Creator Process ID:	0x2f8
	Creator Process Name:	C:\Windows\System32\svchost.exe
	Process Command Line:	

Token Elevation Type indicates the type of token that was assigned to the new process in accordance with User Account Control policy.

Type 1 is a full token with no privileges removed or groups disabled.  A full token is only used if User Account Control is disabled or if the user is the built-in Administrator account or a service account.

Type 2 is an elevated token with no privileges removed or groups disabled.  An elevated token is used when User Account Control is enabled and the user chooses to start the program using Run as administrator.  An elevated token is also used when an application is configured to always require administrative privilege or to always require maximum privilege, and the user is a member of the Administrators group.

Type 3 is a limited token with administrative privileges removed and administrative groups disabled.  The limited token is used when User Account Control is enabled, the application does not require administrative privilege, and the user does not choose to start the program using Run as administrator.""",3,wazuh,0
2025-12-02 16:31:39.005000+00:00,SocWinEP,4673,,,,"""A privileged service was called.

Subject:
	Security ID:		S-1-5-21-3631167090-248966842-2655285490-1106
	Account Name:		duser
	Account Domain:		SOC
	Logon ID:		0xAD462D

Service:
	Server:	Security
	Service Name:	-

Process:
	Process ID:	0x2d48
	Process Name:	C:\Windows\System32\backgroundTaskHost.exe

Service Request Information:
	Privileges:		SeProfileSingleProcessPrivilege""",4,wazuh,0
2025-12-02 16:31:39.036000+00:00,SocWinEP,4688,,,,"""A new process has been created.

Creator Subject:
	Security ID:		S-1-5-18
	Account Name:		SOCWINEP$
	Account Domain:		SOC
	Logon ID:		0x3E7

Target Subject:
	Security ID:		S-1-0-0
	Account Name:		-
	Account Domain:		-
	Logon ID:		0x0

Process Information:
	New Process ID:		0x1ef8
	New Process Name:	C:\Windows\SysWOW64\SecEdit.exe
	Token Elevation Type:	%%1936
	Mandatory Label:		S-1-16-16384
	Creator Process ID:	0x2e4c
	Creator Process Name:	C:\Windows\SysWOW64\WindowsPowerShell\v1.0\powershell.exe
	Process Command Line:	

Token Elevation Type indicates the type of token that was assigned to the new process in accordance with User Account Control policy.

Type 1 is a full token with no privileges removed or groups disabled.  A full token is only used if User Account Control is disabled or if the user is the built-in Administrator account or a service account.

Type 2 is an elevated token with no privileges removed or groups disabled.  An elevated token is used when User Account Control is enabled and the user chooses to start the program using Run as administrator.  An elevated token is also used when an application is configured to always require administrative privilege or to always require maximum privilege, and the user is a member of the Administrators group.

Type 3 is a limited token with administrative privileges removed and administrative groups disabled.  The limited token is used when User Account Control is enabled, the application does not require administrative privilege, and the user does not choose to start the program using Run as administrator.""",3,wazuh,0
2025-12-02 16:31:39.052000+00:00,SocWinEP,4688,,,,"""A new process has been created.

Creator Subject:
	Security ID:		S-1-5-18
	Account Name:		SOCWINEP$
	Account Domain:		SOC
	Logon ID:		0x3E7

Target Subject:
	Security ID:		S-1-5-21-3631167090-248966842-2655285490-1106
	Account Name:		duser
	Account Domain:		SOC
	Logon ID:		0xAD462D

Process Information:
	New Process ID:		0x2d8c
	New Process Name:	C:\Windows\System32\RuntimeBroker.exe
	Token Elevation Type:	%%1936
	Mandatory Label:		S-1-16-8192
	Creator Process ID:	0x2f8
	Creator Process Name:	C:\Windows\System32\svchost.exe
	Process Command Line:	

Token Elevation Type indicates the type of token that was assigned to the new process in accordance with User Account Control policy.

Type 1 is a full token with no privileges removed or groups disabled.  A full token is only used if User Account Control is disabled or if the user is the built-in Administrator account or a service account.

Type 2 is an elevated token with no privileges removed or groups disabled.  An elevated token is used when User Account Control is enabled and the user chooses to start the program using Run as administrator.  An elevated token is also used when an application is configured to always require administrative privilege or to always require maximum privilege, and the user is a member of the Administrators group.

Type 3 is a limited token with administrative privileges removed and administrative groups disabled.  The limited token is used when User Account Control is enabled, the application does not require administrative privilege, and the user does not choose to start the program using Run as administrator.""",3,wazuh,0
2025-12-02 16:31:39.083000+00:00,SocWinEP,4688,,,,"""A new process has been created.

Creator Subject:
	Security ID:		S-1-5-18
	Account Name:		SOCWINEP$
	Account Domain:		SOC
	Logon ID:		0x3E7

Target Subject:
	Security ID:		S-1-5-21-3631167090-248966842-2655285490-1106
	Account Name:		duser
	Account Domain:		SOC
	Logon ID:		0xAD462D

Process Information:
	New Process ID:		0x2dd4
	New Process Name:	C:\Windows\System32\RuntimeBroker.exe
	Token Elevation Type:	%%1936
	Mandatory Label:		S-1-16-8192
	Creator Process ID:	0x2f8
	Creator Process Name:	C:\Windows\System32\svchost.exe
	Process Command Line:	

Token Elevation Type indicates the type of token that was assigned to the new process in accordance with User Account Control policy.

Type 1 is a full token with no privileges removed or groups disabled.  A full token is only used if User Account Control is disabled or if the user is the built-in Administrator account or a service account.

Type 2 is an elevated token with no privileges removed or groups disabled.  An elevated token is used when User Account Control is enabled and the user chooses to start the program using Run as administrator.  An elevated token is also used when an application is configured to always require administrative privilege or to always require maximum privilege, and the user is a member of the Administrators group.

Type 3 is a limited token with administrative privileges removed and administrative groups disabled.  The limited token is used when User Account Control is enabled, the application does not require administrative privilege, and the user does not choose to start the program using Run as administrator.""",3,wazuh,0
2025-12-02 16:31:39.114000+00:00,SocWinEP,4688,,,,"""A new process has been created.

Creator Subject:
	Security ID:		S-1-5-18
	Account Name:		SOCWINEP$
	Account Domain:		SOC
	Logon ID:		0x3E7

Target Subject:
	Security ID:		S-1-5-21-3631167090-248966842-2655285490-1106
	Account Name:		duser
	Account Domain:		SOC
	Logon ID:		0xAD462D

Process Information:
	New Process ID:		0x2e8c
	New Process Name:	C:\Program Files\WindowsApps\Microsoft.YourPhone_1.25072.79.0_x64__8wekyb3d8bbwe\PhoneExperienceHost.exe
	Token Elevation Type:	%%1936
	Mandatory Label:		S-1-16-8192
	Creator Process ID:	0x2f8
	Creator Process Name:	C:\Windows\System32\svchost.exe
	Process Command Line:	

Token Elevation Type indicates the type of token that was assigned to the new process in accordance with User Account Control policy.

Type 1 is a full token with no privileges removed or groups disabled.  A full token is only used if User Account Control is disabled or if the user is the built-in Administrator account or a service account.

Type 2 is an elevated token with no privileges removed or groups disabled.  An elevated token is used when User Account Control is enabled and the user chooses to start the program using Run as administrator.  An elevated token is also used when an application is configured to always require administrative privilege or to always require maximum privilege, and the user is a member of the Administrators group.

Type 3 is a limited token with administrative privileges removed and administrative groups disabled.  The limited token is used when User Account Control is enabled, the application does not require administrative privilege, and the user does not choose to start the program using Run as administrator.""",3,wazuh,0
2025-12-02 16:31:39.145000+00:00,SocWinEP,4673,,,,"""A privileged service was called.

Subject:
	Security ID:		S-1-5-21-3631167090-248966842-2655285490-1106
	Account Name:		duser
	Account Domain:		SOC
	Logon ID:		0xAD462D

Service:
	Server:	Security
	Service Name:	-

Process:
	Process ID:	0x2e8c
	Process Name:	C:\Program Files\WindowsApps\Microsoft.YourPhone_1.25072.79.0_x64__8wekyb3d8bbwe\PhoneExperienceHost.exe

Service Request Information:
	Privileges:		SeProfileSingleProcessPrivilege""",4,wazuh,0
2025-12-02 16:31:39.208000+00:00,SocWinEP,4688,,,,"""A new process has been created.

Creator Subject:
	Security ID:		S-1-5-18
	Account Name:		SOCWINEP$
	Account Domain:		SOC
	Logon ID:		0x3E7

Target Subject:
	Security ID:		S-1-5-21-3631167090-248966842-2655285490-1106
	Account Name:		duser
	Account Domain:		SOC
	Logon ID:		0xAD462D

Process Information:
	New Process ID:		0x2d24
	New Process Name:	C:\Windows\System32\RuntimeBroker.exe
	Token Elevation Type:	%%1936
	Mandatory Label:		S-1-16-8192
	Creator Process ID:	0x2f8
	Creator Process Name:	C:\Windows\System32\svchost.exe
	Process Command Line:	

Token Elevation Type indicates the type of token that was assigned to the new process in accordance with User Account Control policy.

Type 1 is a full token with no privileges removed or groups disabled.  A full token is only used if User Account Control is disabled or if the user is the built-in Administrator account or a service account.

Type 2 is an elevated token with no privileges removed or groups disabled.  An elevated token is used when User Account Control is enabled and the user chooses to start the program using Run as administrator.  An elevated token is also used when an application is configured to always require administrative privilege or to always require maximum privilege, and the user is a member of the Administrators group.

Type 3 is a limited token with administrative privileges removed and administrative groups disabled.  The limited token is used when User Account Control is enabled, the application does not require administrative privilege, and the user does not choose to start the program using Run as administrator.""",3,wazuh,0
2025-12-02 16:31:39.286000+00:00,SocWinEP,8198,,,,"""License Activation (slui.exe) failed with the following error code:
hr=0x80004005
Command-line arguments:
RuleId=31e71c49-8da7-4a2f-ad92-45d98a1c79ba;Action=AutoActivate;AppId=55c92734-d682-4d71-983e-d6ec3f16059f;SkuId=4de7cb65-cdf1-4de9-8ae8-e3cce27b9f2c;NotificationInterval=1440;Trigger=NetworkAvailable""",5,wazuh,0
2025-12-02 16:31:39.317000+00:00,SocWinEP,13,C:\\Windows\\system32\\LogonUI.exe,,HKLM\\SOFTWARE\\Microsoft\\Windows\\CurrentVersion\\Authentication\\LogonUI\\LastLoggedOnUser,"""Registry value set:
RuleName: -
EventType: SetValue
UtcTime: 2025-12-02 16:31:37.498
ProcessGuid: {8206e0bc-5fd5-6928-4109-000000000f00}
ProcessId: 10000
Image: C:\Windows\system32\LogonUI.exe
TargetObject: HKLM\SOFTWARE\Microsoft\Windows\CurrentVersion\Authentication\LogonUI\LastLoggedOnUser
Details: SOC\duser
User: NT AUTHORITY\SYSTEM""",3,wazuh,0
2025-12-02 16:31:39.364000+00:00,SocWinEP,4624,,,,"""An account was successfully logged on.

Subject:
	Security ID:		S-1-5-18
	Account Name:		SOCWINEP$
	Account Domain:		SOC
	Logon ID:		0x3E7

Logon Information:
	Logon Type:		11
	Restricted Admin Mode:	-
	Virtual Account:		No
	Elevated Token:		No

Impersonation Level:		Impersonation

New Logon:
	Security ID:		S-1-5-21-3631167090-248966842-2655285490-1106
	Account Name:		duser
	Account Domain:		SOC
	Logon ID:		0x1601FD4
	Linked Logon ID:		0x0
	Network Account Name:	-
	Network Account Domain:	-
	Logon GUID:		{00000000-0000-0000-0000-000000000000}

Process Information:
	Process ID:		0x8f4
	Process Name:		C:\Windows\System32\svchost.exe

Network Information:
	Workstation Name:	SOCWINEP
	Source Network Address:	127.0.0.1
	Source Port:		0

Detailed Authentication Information:
	Logon Process:		User32 
	Authentication Package:	Negotiate
	Transited Services:	-
	Package Name (NTLM only):	-
	Key Length:		0

This event is generated when a logon session is created. It is generated on the computer that was accessed.

The subject fields indicate the account on the local system which requested the logon. This is most commonly a service such as the Server service, or a local process such as Winlogon.exe or Services.exe.

The logon type field indicates the kind of logon that occurred. The most common types are 2 (interactive) and 3 (network).

The New Logon fields indicate the account for whom the new logon was created, i.e. the account that was logged on.

The network fields indicate where a remote logon request originated. Workstation name is not always available and may be left blank in some cases.

The impersonation level field indicates the extent to which a process in the logon session can impersonate.

The authentication information fields provide detailed information about this specific logon request.
	- Logon GUID is a unique identifier that can be used to correlate this event with a KDC event.
	- Transited services indicate which intermediate services have participated in this logon request.
	- Package name indicates which sub-protocol was used among the NTLM protocols.
	- Key length indicates the length of the generated session key. This will be 0 if no session key was requested.""",3,wazuh,0
2025-12-02 16:31:39.411000+00:00,SocWinEP,4624,,,,"""An account was successfully logged on.

Subject:
	Security ID:		S-1-5-18
	Account Name:		SOCWINEP$
	Account Domain:		SOC
	Logon ID:		0x3E7

Logon Information:
	Logon Type:		7
	Restricted Admin Mode:	-
	Virtual Account:		No
	Elevated Token:		No

Impersonation Level:		Impersonation

New Logon:
	Security ID:		S-1-5-21-3631167090-248966842-2655285490-1106
	Account Name:		duser
	Account Domain:		SOC
	Logon ID:		0x1602242
	Linked Logon ID:		0x0
	Network Account Name:	-
	Network Account Domain:	-
	Logon GUID:		{f1d293a6-152c-007e-0c62-7a0528ebeef8}

Process Information:
	Process ID:		0x274
	Process Name:		C:\Windows\System32\lsass.exe

Network Information:
	Workstation Name:	SOCWINEP
	Source Network Address:	-
	Source Port:		-

Detailed Authentication Information:
	Logon Process:		Negotiat
	Authentication Package:	Negotiate
	Transited Services:	-
	Package Name (NTLM only):	-
	Key Length:		0

This event is generated when a logon session is created. It is generated on the computer that was accessed.

The subject fields indicate the account on the local system which requested the logon. This is most commonly a service such as the Server service, or a local process such as Winlogon.exe or Services.exe.

The logon type field indicates the kind of logon that occurred. The most common types are 2 (interactive) and 3 (network).

The New Logon fields indicate the account for whom the new logon was created, i.e. the account that was logged on.

The network fields indicate where a remote logon request originated. Workstation name is not always available and may be left blank in some cases.

The impersonation level field indicates the extent to which a process in the logon session can impersonate.

The authentication information fields provide detailed information about this specific logon request.
	- Logon GUID is a unique identifier that can be used to correlate this event with a KDC event.
	- Transited services indicate which intermediate services have participated in this logon request.
	- Package name indicates which sub-protocol was used among the NTLM protocols.
	- Key length indicates the length of the generated session key. This will be 0 if no session key was requested.""",3,wazuh,0
2025-12-02 16:31:39.427000+00:00,SocWinEP,4634,,,,"""An account was logged off.

Subject:
	Security ID:		S-1-5-21-3631167090-248966842-2655285490-1106
	Account Name:		duser
	Account Domain:		SOC
	Logon ID:		0x1601FD4

Logon Type:			2

This event is generated when a logon session is destroyed. It may be positively correlated with a logon event using the Logon ID value. Logon IDs are only unique between reboots on the same computer.""",3,wazuh,0
2025-12-02 16:31:39.442000+00:00,SocWinEP,4634,,,,"""An account was logged off.

Subject:
	Security ID:		S-1-5-21-3631167090-248966842-2655285490-1106
	Account Name:		duser
	Account Domain:		SOC
	Logon ID:		0x1602242

Logon Type:			7

This event is generated when a logon session is destroyed. It may be positively correlated with a logon event using the Logon ID value. Logon IDs are only unique between reboots on the same computer.""",3,wazuh,0
2025-12-02 16:31:39.458000+00:00,SocWinEP,4688,,,,"""A new process has been created.

Creator Subject:
	Security ID:		S-1-5-18
	Account Name:		SOCWINEP$
	Account Domain:		SOC
	Logon ID:		0x3E7

Target Subject:
	Security ID:		S-1-5-21-3631167090-248966842-2655285490-1106
	Account Name:		duser
	Account Domain:		SOC
	Logon ID:		0xAD462D

Process Information:
	New Process ID:		0x2f58
	New Process Name:	C:\Windows\System32\dllhost.exe
	Token Elevation Type:	%%1936
	Mandatory Label:		S-1-16-8192
	Creator Process ID:	0x2f8
	Creator Process Name:	C:\Windows\System32\svchost.exe
	Process Command Line:	

Token Elevation Type indicates the type of token that was assigned to the new process in accordance with User Account Control policy.

Type 1 is a full token with no privileges removed or groups disabled.  A full token is only used if User Account Control is disabled or if the user is the built-in Administrator account or a service account.

Type 2 is an elevated token with no privileges removed or groups disabled.  An elevated token is used when User Account Control is enabled and the user chooses to start the program using Run as administrator.  An elevated token is also used when an application is configured to always require administrative privilege or to always require maximum privilege, and the user is a member of the Administrators group.

Type 3 is a limited token with administrative privileges removed and administrative groups disabled.  The limited token is used when User Account Control is enabled, the application does not require administrative privilege, and the user does not choose to start the program using Run as administrator.""",3,wazuh,0
2025-12-02 16:31:39.475000+00:00,SocWinEP,4673,,,,"""A privileged service was called.

Subject:
	Security ID:		S-1-5-21-3631167090-248966842-2655285490-1106
	Account Name:		duser
	Account Domain:		SOC
	Logon ID:		0xAD462D

Service:
	Server:	Security
	Service Name:	-

Process:
	Process ID:	0x2f58
	Process Name:	C:\Windows\System32\dllhost.exe

Service Request Information:
	Privileges:		SeProfileSingleProcessPrivilege""",4,wazuh,0
2025-12-02 16:31:39.521000+00:00,SocWinEP,1014,,,,"""Name resolution for the name 131.5.153.72.in-addr.arpa. timed out after none of the configured DNS servers responded.""",5,wazuh,0
2025-12-02 16:31:39.597000+00:00,SocWinEP,4104,,,,"""Creating Scriptblock text (1 of 1):
$null = secedit /export /cfg $env:temp/secexport.cfg; $(gc $env:temp/secexport.cfg | Select-String ""LSAAnonymousNameLookup"").ToString().Split(""="")[1].Trim()

ScriptBlock ID: 81d7056c-a6ed-4e72-9328-b3fb126387c6
Path: """,4,wazuh,0
2025-12-02 16:31:39.787000+00:00,SocWinEP,4688,,,,"""A new process has been created.

Creator Subject:
	Security ID:		S-1-5-18
	Account Name:		SOCWINEP$
	Account Domain:		SOC
	Logon ID:		0x3E7

Target Subject:
	Security ID:		S-1-5-21-3631167090-248966842-2655285490-1106
	Account Name:		duser
	Account Domain:		SOC
	Logon ID:		0xAD462D

Process Information:
	New Process ID:		0x428
	New Process Name:	C:\Windows\System32\backgroundTaskHost.exe
	Token Elevation Type:	%%1936
	Mandatory Label:		S-1-16-4096
	Creator Process ID:	0x2f8
	Creator Process Name:	C:\Windows\System32\svchost.exe
	Process Command Line:	

Token Elevation Type indicates the type of token that was assigned to the new process in accordance with User Account Control policy.

Type 1 is a full token with no privileges removed or groups disabled.  A full token is only used if User Account Control is disabled or if the user is the built-in Administrator account or a service account.

Type 2 is an elevated token with no privileges removed or groups disabled.  An elevated token is used when User Account Control is enabled and the user chooses to start the program using Run as administrator.  An elevated token is also used when an application is configured to always require administrative privilege or to always require maximum privilege, and the user is a member of the Administrators group.

Type 3 is a limited token with administrative privileges removed and administrative groups disabled.  The limited token is used when User Account Control is enabled, the application does not require administrative privilege, and the user does not choose to start the program using Run as administrator.""",3,wazuh,0
2025-12-02 16:31:39.802000+00:00,SocWinEP,4673,,,,"""A privileged service was called.

Subject:
	Security ID:		S-1-5-21-3631167090-248966842-2655285490-1106
	Account Name:		duser
	Account Domain:		SOC
	Logon ID:		0xAD462D

Service:
	Server:	Security
	Service Name:	-

Process:
	Process ID:	0x428
	Process Name:	C:\Windows\System32\backgroundTaskHost.exe

Service Request Information:
	Privileges:		SeProfileSingleProcessPrivilege""",4,wazuh,0
2025-12-02 16:31:39.818000+00:00,SocWinEP,4688,,,,"""A new process has been created.

Creator Subject:
	Security ID:		S-1-5-18
	Account Name:		SOCWINEP$
	Account Domain:		SOC
	Logon ID:		0x3E7

Target Subject:
	Security ID:		S-1-0-0
	Account Name:		-
	Account Domain:		-
	Logon ID:		0x0

Process Information:
	New Process ID:		0x2960
	New Process Name:	C:\Windows\SysWOW64\auditpol.exe
	Token Elevation Type:	%%1936
	Mandatory Label:		S-1-16-16384
	Creator Process ID:	0xbc0
	Creator Process Name:	C:\Program Files (x86)\ossec-agent\wazuh-agent.exe
	Process Command Line:	

Token Elevation Type indicates the type of token that was assigned to the new process in accordance with User Account Control policy.

Type 1 is a full token with no privileges removed or groups disabled.  A full token is only used if User Account Control is disabled or if the user is the built-in Administrator account or a service account.

Type 2 is an elevated token with no privileges removed or groups disabled.  An elevated token is used when User Account Control is enabled and the user chooses to start the program using Run as administrator.  An elevated token is also used when an application is configured to always require administrative privilege or to always require maximum privilege, and the user is a member of the Administrators group.

Type 3 is a limited token with administrative privileges removed and administrative groups disabled.  The limited token is used when User Account Control is enabled, the application does not require administrative privilege, and the user does not choose to start the program using Run as administrator.""",3,wazuh,0
2025-12-02 16:31:39.833000+00:00,SocWinEP,4688,,,,"""A new process has been created.

Creator Subject:
	Security ID:		S-1-5-18
	Account Name:		SOCWINEP$
	Account Domain:		SOC
	Logon ID:		0x3E7

Target Subject:
	Security ID:		S-1-0-0
	Account Name:		-
	Account Domain:		-
	Logon ID:		0x0

Process Information:
	New Process ID:		0x1c5c
	New Process Name:	C:\Windows\System32\conhost.exe
	Token Elevation Type:	%%1936
	Mandatory Label:		S-1-16-16384
	Creator Process ID:	0x2960
	Creator Process Name:	C:\Windows\SysWOW64\auditpol.exe
	Process Command Line:	

Token Elevation Type indicates the type of token that was assigned to the new process in accordance with User Account Control policy.

Type 1 is a full token with no privileges removed or groups disabled.  A full token is only used if User Account Control is disabled or if the user is the built-in Administrator account or a service account.

Type 2 is an elevated token with no privileges removed or groups disabled.  An elevated token is used when User Account Control is enabled and the user chooses to start the program using Run as administrator.  An elevated token is also used when an application is configured to always require administrative privilege or to always require maximum privilege, and the user is a member of the Administrators group.

Type 3 is a limited token with administrative privileges removed and administrative groups disabled.  The limited token is used when User Account Control is enabled, the application does not require administrative privilege, and the user does not choose to start the program using Run as administrator.""",3,wazuh,0
2025-12-02 16:31:39.849000+00:00,SocWinEP,4688,,,,"""A new process has been created.

Creator Subject:
	Security ID:		S-1-5-18
	Account Name:		SOCWINEP$
	Account Domain:		SOC
	Logon ID:		0x3E7

Target Subject:
	Security ID:		S-1-0-0
	Account Name:		-
	Account Domain:		-
	Logon ID:		0x0

Process Information:
	New Process ID:		0x1cdc
	New Process Name:	C:\Windows\SysWOW64\auditpol.exe
	Token Elevation Type:	%%1936
	Mandatory Label:		S-1-16-16384
	Creator Process ID:	0xbc0
	Creator Process Name:	C:\Program Files (x86)\ossec-agent\wazuh-agent.exe
	Process Command Line:	

Token Elevation Type indicates the type of token that was assigned to the new process in accordance with User Account Control policy.

Type 1 is a full token with no privileges removed or groups disabled.  A full token is only used if User Account Control is disabled or if the user is the built-in Administrator account or a service account.

Type 2 is an elevated token with no privileges removed or groups disabled.  An elevated token is used when User Account Control is enabled and the user chooses to start the program using Run as administrator.  An elevated token is also used when an application is configured to always require administrative privilege or to always require maximum privilege, and the user is a member of the Administrators group.

Type 3 is a limited token with administrative privileges removed and administrative groups disabled.  The limited token is used when User Account Control is enabled, the application does not require administrative privilege, and the user does not choose to start the program using Run as administrator.""",3,wazuh,0
2025-12-02 16:31:39.864000+00:00,SocWinEP,4688,,,,"""A new process has been created.

Creator Subject:
	Security ID:		S-1-5-18
	Account Name:		SOCWINEP$
	Account Domain:		SOC
	Logon ID:		0x3E7

Target Subject:
	Security ID:		S-1-0-0
	Account Name:		-
