	Account Domain:		-
	Logon ID:		0x0

Process Information:
	New Process ID:		0xab4
	New Process Name:	C:\ProgramData\Microsoft\Windows Defender\Platform\4.18.25100.9008-0\MpCmdRun.exe
	Token Elevation Type:	TokenElevationTypeDefault (1)
	Mandatory Label:		S-1-16-16384
	Creator Process ID:	0x628
	Creator Process Name:	C:\ProgramData\Microsoft\Windows Defender\Platform\4.18.25100.9008-0\MsMpEng.exe
	Process Command Line:	

Token Elevation Type indicates the type of token that was assigned to the new process in accordance with User Account Control policy.

Type 1 is a full token with no privileges removed or groups disabled.  A full token is only used if User Account Control is disabled or if the user is the built-in Administrator account or a service account.

Type 2 is an elevated token with no privileges removed or groups disabled.  An elevated token is used when User Account Control is enabled and the user chooses to start the program using Run as administrator.  An elevated token is also used when an application is configured to always require administrative privilege or to always require maximum privilege, and the user is a member of the Administrators group.

Type 3 is a limited token with administrative privileges removed and administrative groups disabled.  The limited token is used when User Account Control is enabled, the application does not require administrative privilege, and the user does not choose to start the program using Run as administrator.""",3,wazuh,0
2025-12-02 11:31:50.619000+00:00,Active_Directory_Server,4688,,,,"""A new process has been created.

Creator Subject:
	Security ID:		S-1-5-18
	Account Name:		AD-DC-SERVER$
	Account Domain:		SOC
	Logon ID:		0x3E7

Target Subject:
	Security ID:		S-1-0-0
	Account Name:		-
	Account Domain:		-
	Logon ID:		0x0

Process Information:
	New Process ID:		0x520
	New Process Name:	C:\Windows\System32\conhost.exe
	Token Elevation Type:	TokenElevationTypeDefault (1)
	Mandatory Label:		S-1-16-16384
	Creator Process ID:	0xab4
	Creator Process Name:	C:\ProgramData\Microsoft\Windows Defender\Platform\4.18.25100.9008-0\MpCmdRun.exe
	Process Command Line:	

Token Elevation Type indicates the type of token that was assigned to the new process in accordance with User Account Control policy.

Type 1 is a full token with no privileges removed or groups disabled.  A full token is only used if User Account Control is disabled or if the user is the built-in Administrator account or a service account.

Type 2 is an elevated token with no privileges removed or groups disabled.  An elevated token is used when User Account Control is enabled and the user chooses to start the program using Run as administrator.  An elevated token is also used when an application is configured to always require administrative privilege or to always require maximum privilege, and the user is a member of the Administrators group.

Type 3 is a limited token with administrative privileges removed and administrative groups disabled.  The limited token is used when User Account Control is enabled, the application does not require administrative privilege, and the user does not choose to start the program using Run as administrator.""",3,wazuh,0
2025-12-02 11:31:50.619000+00:00,Active_Directory_Server,1,C:\\ProgramData\\Microsoft\\Windows Defender\\Platform\\4.18.25100.9008-0\\MpCmdRun.exe,"\""C:\\ProgramData\\Microsoft\\Windows Defender\\Platform\\4.18.25100.9008-0\\MpCmdRun.exe\"" SignatureUpdate -ScheduleJob -RestrictPrivileges",,"""Process Create:
RuleName: -
UtcTime: 2025-12-02 11:31:52.439
ProcessGuid: {b4c300ce-ce28-692e-5512-000000001100}
ProcessId: 2740
Image: C:\ProgramData\Microsoft\Windows Defender\Platform\4.18.25100.9008-0\MpCmdRun.exe
FileVersion: 4.18.25100.9008 (b0af8b174efae63a7a64d96131727074dad31379)
Description: Microsoft Malware Protection Command Line Utility
Product: Microsoft® Windows® Operating System
Company: Microsoft Corporation
OriginalFileName: MpCmdRun.exe
CommandLine: ""C:\ProgramData\Microsoft\Windows Defender\Platform\4.18.25100.9008-0\MpCmdRun.exe"" SignatureUpdate -ScheduleJob -RestrictPrivileges
CurrentDirectory: C:\Windows\system32\
User: NT AUTHORITY\SYSTEM
LogonGuid: {b4c300ce-31c3-6928-e703-000000000000}
LogonId: 0x3E7
TerminalSessionId: 0
IntegrityLevel: System
Hashes: MD5=85F850F1A93B5FEEA11FEC856A0F86AE,SHA256=94BF9975472A1FFDB1BD7148B164AF7254671C1C5097CA88449515DCA743DE1E,IMPHASH=DA8D05B0C1C3B522299D1FEF5ADCFB7A
ParentProcessGuid: {b4c300ce-344f-6928-9901-000000001100}
ParentProcessId: 1576
ParentImage: C:\ProgramData\Microsoft\Windows Defender\Platform\4.18.25100.9008-0\MsMpEng.exe
ParentCommandLine: ""C:\ProgramData\Microsoft\Windows Defender\Platform\4.18.25100.9008-0\MsMpEng.exe""
ParentUser: NT AUTHORITY\SYSTEM""",3,wazuh,0
2025-12-02 11:31:50.634000+00:00,Active_Directory_Server,1,C:\\ProgramData\\Microsoft\\Windows Defender\\Platform\\4.18.25100.9008-0\\MpCmdRun.exe,"\""C:\\ProgramData\\Microsoft\\Windows Defender\\Platform\\4.18.25100.9008-0\\MpCmdRun.exe\"" SignaturesUpdateService -ScheduleJob -UnmanagedUpdate",,"""Process Create:
RuleName: -
UtcTime: 2025-12-02 11:31:52.481
ProcessGuid: {b4c300ce-ce28-692e-5712-000000001100}
ProcessId: 5304
Image: C:\ProgramData\Microsoft\Windows Defender\Platform\4.18.25100.9008-0\MpCmdRun.exe
FileVersion: 4.18.25100.9008 (b0af8b174efae63a7a64d96131727074dad31379)
Description: Microsoft Malware Protection Command Line Utility
Product: Microsoft® Windows® Operating System
Company: Microsoft Corporation
OriginalFileName: MpCmdRun.exe
CommandLine: ""C:\ProgramData\Microsoft\Windows Defender\Platform\4.18.25100.9008-0\MpCmdRun.exe"" SignaturesUpdateService -ScheduleJob -UnmanagedUpdate
CurrentDirectory: C:\Windows\system32\
User: NT AUTHORITY\SYSTEM
LogonGuid: {b4c300ce-31c3-6928-e703-000000000000}
LogonId: 0x3E7
TerminalSessionId: 0
IntegrityLevel: System
Hashes: MD5=85F850F1A93B5FEEA11FEC856A0F86AE,SHA256=94BF9975472A1FFDB1BD7148B164AF7254671C1C5097CA88449515DCA743DE1E,IMPHASH=DA8D05B0C1C3B522299D1FEF5ADCFB7A
ParentProcessGuid: {b4c300ce-344f-6928-9901-000000001100}
ParentProcessId: 1576
ParentImage: C:\ProgramData\Microsoft\Windows Defender\Platform\4.18.25100.9008-0\MsMpEng.exe
ParentCommandLine: ""C:\ProgramData\Microsoft\Windows Defender\Platform\4.18.25100.9008-0\MsMpEng.exe""
ParentUser: NT AUTHORITY\SYSTEM""",3,wazuh,0
2025-12-02 11:31:50.666000+00:00,Active_Directory_Server,4688,,,,"""A new process has been created.

Creator Subject:
	Security ID:		S-1-5-18
	Account Name:		AD-DC-SERVER$
	Account Domain:		SOC
	Logon ID:		0x3E7

Target Subject:
	Security ID:		S-1-0-0
	Account Name:		-
	Account Domain:		-
	Logon ID:		0x0

Process Information:
	New Process ID:		0x14b8
	New Process Name:	C:\ProgramData\Microsoft\Windows Defender\Platform\4.18.25100.9008-0\MpCmdRun.exe
	Token Elevation Type:	TokenElevationTypeDefault (1)
	Mandatory Label:		S-1-16-16384
	Creator Process ID:	0x628
	Creator Process Name:	C:\ProgramData\Microsoft\Windows Defender\Platform\4.18.25100.9008-0\MsMpEng.exe
	Process Command Line:	

Token Elevation Type indicates the type of token that was assigned to the new process in accordance with User Account Control policy.

Type 1 is a full token with no privileges removed or groups disabled.  A full token is only used if User Account Control is disabled or if the user is the built-in Administrator account or a service account.

Type 2 is an elevated token with no privileges removed or groups disabled.  An elevated token is used when User Account Control is enabled and the user chooses to start the program using Run as administrator.  An elevated token is also used when an application is configured to always require administrative privilege or to always require maximum privilege, and the user is a member of the Administrators group.

Type 3 is a limited token with administrative privileges removed and administrative groups disabled.  The limited token is used when User Account Control is enabled, the application does not require administrative privilege, and the user does not choose to start the program using Run as administrator.""",3,wazuh,0
2025-12-02 11:31:50.666000+00:00,Active_Directory_Server,1,C:\\ProgramData\\Microsoft\\Windows Defender\\Platform\\4.18.25100.9008-0\\MpCmdRun.exe,"\""C:\\ProgramData\\Microsoft\\Windows Defender\\Platform\\4.18.25100.9008-0\\MpCmdRun.exe\"" GetDeviceTicket -AccessKey 084E3BD4-773B-2B72-A8A5-162406EE1B14",,"""Process Create:
RuleName: -
UtcTime: 2025-12-02 11:31:52.577
ProcessGuid: {b4c300ce-ce28-692e-5b12-000000001100}
ProcessId: 5080
Image: C:\ProgramData\Microsoft\Windows Defender\Platform\4.18.25100.9008-0\MpCmdRun.exe
FileVersion: 4.18.25100.9008 (b0af8b174efae63a7a64d96131727074dad31379)
Description: Microsoft Malware Protection Command Line Utility
Product: Microsoft® Windows® Operating System
Company: Microsoft Corporation
OriginalFileName: MpCmdRun.exe
CommandLine: ""C:\ProgramData\Microsoft\Windows Defender\Platform\4.18.25100.9008-0\MpCmdRun.exe"" GetDeviceTicket -AccessKey 084E3BD4-773B-2B72-A8A5-162406EE1B14 
CurrentDirectory: C:\Windows\system32\
User: NT AUTHORITY\NETWORK SERVICE
LogonGuid: {b4c300ce-31c4-6928-e403-000000000000}
LogonId: 0x3E4
TerminalSessionId: 0
IntegrityLevel: System
Hashes: MD5=85F850F1A93B5FEEA11FEC856A0F86AE,SHA256=94BF9975472A1FFDB1BD7148B164AF7254671C1C5097CA88449515DCA743DE1E,IMPHASH=DA8D05B0C1C3B522299D1FEF5ADCFB7A
ParentProcessGuid: {b4c300ce-344f-6928-9901-000000001100}
ParentProcessId: 1576
ParentImage: C:\ProgramData\Microsoft\Windows Defender\Platform\4.18.25100.9008-0\MsMpEng.exe
ParentCommandLine: ""C:\ProgramData\Microsoft\Windows Defender\Platform\4.18.25100.9008-0\MsMpEng.exe""
ParentUser: NT AUTHORITY\SYSTEM""",3,wazuh,0
2025-12-02 11:31:50.681000+00:00,Active_Directory_Server,4688,,,,"""A new process has been created.

Creator Subject:
	Security ID:		S-1-5-18
	Account Name:		AD-DC-SERVER$
	Account Domain:		SOC
	Logon ID:		0x3E7

Target Subject:
	Security ID:		S-1-0-0
	Account Name:		-
	Account Domain:		-
	Logon ID:		0x0

Process Information:
	New Process ID:		0x13a0
	New Process Name:	C:\Windows\System32\conhost.exe
	Token Elevation Type:	TokenElevationTypeDefault (1)
	Mandatory Label:		S-1-16-16384
	Creator Process ID:	0x14b8
	Creator Process Name:	C:\ProgramData\Microsoft\Windows Defender\Platform\4.18.25100.9008-0\MpCmdRun.exe
	Process Command Line:	

Token Elevation Type indicates the type of token that was assigned to the new process in accordance with User Account Control policy.

Type 1 is a full token with no privileges removed or groups disabled.  A full token is only used if User Account Control is disabled or if the user is the built-in Administrator account or a service account.

Type 2 is an elevated token with no privileges removed or groups disabled.  An elevated token is used when User Account Control is enabled and the user chooses to start the program using Run as administrator.  An elevated token is also used when an application is configured to always require administrative privilege or to always require maximum privilege, and the user is a member of the Administrators group.

Type 3 is a limited token with administrative privileges removed and administrative groups disabled.  The limited token is used when User Account Control is enabled, the application does not require administrative privilege, and the user does not choose to start the program using Run as administrator.""",3,wazuh,0
2025-12-02 11:31:50.744000+00:00,Active_Directory_Server,4688,,,,"""A new process has been created.

Creator Subject:
	Security ID:		S-1-5-18
	Account Name:		AD-DC-SERVER$
	Account Domain:		SOC
	Logon ID:		0x3E7

Target Subject:
	Security ID:		S-1-0-0
	Account Name:		-
	Account Domain:		-
	Logon ID:		0x0

Process Information:
	New Process ID:		0x2e0
	New Process Name:	C:\Windows\System32\svchost.exe
	Token Elevation Type:	TokenElevationTypeDefault (1)
	Mandatory Label:		S-1-16-16384
	Creator Process ID:	0x274
	Creator Process Name:	C:\Windows\System32\services.exe
	Process Command Line:	

Token Elevation Type indicates the type of token that was assigned to the new process in accordance with User Account Control policy.

Type 1 is a full token with no privileges removed or groups disabled.  A full token is only used if User Account Control is disabled or if the user is the built-in Administrator account or a service account.

Type 2 is an elevated token with no privileges removed or groups disabled.  An elevated token is used when User Account Control is enabled and the user chooses to start the program using Run as administrator.  An elevated token is also used when an application is configured to always require administrative privilege or to always require maximum privilege, and the user is a member of the Administrators group.

Type 3 is a limited token with administrative privileges removed and administrative groups disabled.  The limited token is used when User Account Control is enabled, the application does not require administrative privilege, and the user does not choose to start the program using Run as administrator.""",3,wazuh,0
2025-12-02 11:31:50.744000+00:00,Active_Directory_Server,4688,,,,"""A new process has been created.

Creator Subject:
	Security ID:		S-1-5-18
	Account Name:		AD-DC-SERVER$
	Account Domain:		SOC
	Logon ID:		0x3E7

Target Subject:
	Security ID:		S-1-0-0
	Account Name:		AD-DC-SERVER$
	Account Domain:		SOC
	Logon ID:		0x3E4

Process Information:
	New Process ID:		0x17f8
	New Process Name:	C:\Windows\System32\wbem\WmiPrvSE.exe
	Token Elevation Type:	TokenElevationTypeDefault (1)
	Mandatory Label:		S-1-16-16384
	Creator Process ID:	0x34c
	Creator Process Name:	C:\Windows\System32\svchost.exe
	Process Command Line:	

Token Elevation Type indicates the type of token that was assigned to the new process in accordance with User Account Control policy.

Type 1 is a full token with no privileges removed or groups disabled.  A full token is only used if User Account Control is disabled or if the user is the built-in Administrator account or a service account.

Type 2 is an elevated token with no privileges removed or groups disabled.  An elevated token is used when User Account Control is enabled and the user chooses to start the program using Run as administrator.  An elevated token is also used when an application is configured to always require administrative privilege or to always require maximum privilege, and the user is a member of the Administrators group.

Type 3 is a limited token with administrative privileges removed and administrative groups disabled.  The limited token is used when User Account Control is enabled, the application does not require administrative privilege, and the user does not choose to start the program using Run as administrator.""",3,wazuh,0
2025-12-02 11:31:50.759000+00:00,Active_Directory_Server,4673,,,,"""A privileged service was called.

Subject:
	Security ID:		S-1-5-20
	Account Name:		AD-DC-SERVER$
	Account Domain:		SOC
	Logon ID:		0x3E4

Service:
	Server:	Security
	Service Name:	-

Process:
	Process ID:	0x17f8
	Process Name:	C:\Windows\System32\wbem\WmiPrvSE.exe

Service Request Information:
	Privileges:		SeProfileSingleProcessPrivilege""",4,wazuh,0
2025-12-02 11:31:50.791000+00:00,Active_Directory_Server,4688,,,,"""A new process has been created.

Creator Subject:
	Security ID:		S-1-5-18
	Account Name:		AD-DC-SERVER$
	Account Domain:		SOC
	Logon ID:		0x3E7

Target Subject:
	Security ID:		S-1-0-0
	Account Name:		AD-DC-SERVER$
	Account Domain:		SOC
	Logon ID:		0x3E4

Process Information:
	New Process ID:		0x13d8
	New Process Name:	C:\ProgramData\Microsoft\Windows Defender\Platform\4.18.25100.9008-0\MpCmdRun.exe
	Token Elevation Type:	TokenElevationTypeDefault (1)
	Mandatory Label:		S-1-16-16384
	Creator Process ID:	0x628
	Creator Process Name:	C:\ProgramData\Microsoft\Windows Defender\Platform\4.18.25100.9008-0\MsMpEng.exe
	Process Command Line:	

Token Elevation Type indicates the type of token that was assigned to the new process in accordance with User Account Control policy.

Type 1 is a full token with no privileges removed or groups disabled.  A full token is only used if User Account Control is disabled or if the user is the built-in Administrator account or a service account.

Type 2 is an elevated token with no privileges removed or groups disabled.  An elevated token is used when User Account Control is enabled and the user chooses to start the program using Run as administrator.  An elevated token is also used when an application is configured to always require administrative privilege or to always require maximum privilege, and the user is a member of the Administrators group.

Type 3 is a limited token with administrative privileges removed and administrative groups disabled.  The limited token is used when User Account Control is enabled, the application does not require administrative privilege, and the user does not choose to start the program using Run as administrator.""",3,wazuh,0
2025-12-02 11:31:50.791000+00:00,Active_Directory_Server,4673,,,,"""A privileged service was called.

Subject:
	Security ID:		S-1-5-20
	Account Name:		AD-DC-SERVER$
	Account Domain:		SOC
	Logon ID:		0x3E4

Service:
	Server:	Security
	Service Name:	-

Process:
	Process ID:	0x13d8
	Process Name:	C:\ProgramData\Microsoft\Windows Defender\Platform\4.18.25100.9008-0\MpCmdRun.exe

Service Request Information:
	Privileges:		SeProfileSingleProcessPrivilege""",4,wazuh,0
2025-12-02 11:31:50.869000+00:00,Active_Directory_Server,4688,,,,"""A new process has been created.

Creator Subject:
	Security ID:		S-1-5-18
	Account Name:		AD-DC-SERVER$
	Account Domain:		SOC
	Logon ID:		0x3E7

Target Subject:
	Security ID:		S-1-0-0
	Account Name:		-
	Account Domain:		-
	Logon ID:		0x0

Process Information:
	New Process ID:		0xc50
	New Process Name:	C:\Windows\System32\svchost.exe
	Token Elevation Type:	TokenElevationTypeDefault (1)
	Mandatory Label:		S-1-16-16384
	Creator Process ID:	0x274
	Creator Process Name:	C:\Windows\System32\services.exe
	Process Command Line:	

Token Elevation Type indicates the type of token that was assigned to the new process in accordance with User Account Control policy.

Type 1 is a full token with no privileges removed or groups disabled.  A full token is only used if User Account Control is disabled or if the user is the built-in Administrator account or a service account.

Type 2 is an elevated token with no privileges removed or groups disabled.  An elevated token is used when User Account Control is enabled and the user chooses to start the program using Run as administrator.  An elevated token is also used when an application is configured to always require administrative privilege or to always require maximum privilege, and the user is a member of the Administrators group.

Type 3 is a limited token with administrative privileges removed and administrative groups disabled.  The limited token is used when User Account Control is enabled, the application does not require administrative privilege, and the user does not choose to start the program using Run as administrator.""",3,wazuh,0
2025-12-02 11:31:51.010000+00:00,Active_Directory_Server,4688,,,,"""A new process has been created.

Creator Subject:
	Security ID:		S-1-5-18
	Account Name:		AD-DC-SERVER$
	Account Domain:		SOC
	Logon ID:		0x3E7

Target Subject:
	Security ID:		S-1-0-0
	Account Name:		AD-DC-SERVER$
	Account Domain:		SOC
	Logon ID:		0x3E4

Process Information:
	New Process ID:		0x15ec
	New Process Name:	C:\Windows\System32\sppsvc.exe
	Token Elevation Type:	TokenElevationTypeDefault (1)
	Mandatory Label:		S-1-16-16384
	Creator Process ID:	0x274
	Creator Process Name:	C:\Windows\System32\services.exe
	Process Command Line:	

Token Elevation Type indicates the type of token that was assigned to the new process in accordance with User Account Control policy.

Type 1 is a full token with no privileges removed or groups disabled.  A full token is only used if User Account Control is disabled or if the user is the built-in Administrator account or a service account.

Type 2 is an elevated token with no privileges removed or groups disabled.  An elevated token is used when User Account Control is enabled and the user chooses to start the program using Run as administrator.  An elevated token is also used when an application is configured to always require administrative privilege or to always require maximum privilege, and the user is a member of the Administrators group.

Type 3 is a limited token with administrative privileges removed and administrative groups disabled.  The limited token is used when User Account Control is enabled, the application does not require administrative privilege, and the user does not choose to start the program using Run as administrator.""",3,wazuh,0
2025-12-02 11:31:51.025000+00:00,Active_Directory_Server,4673,,,,"""A privileged service was called.

Subject:
	Security ID:		S-1-5-20
	Account Name:		AD-DC-SERVER$
	Account Domain:		SOC
	Logon ID:		0x3E4

Service:
	Server:	Security
	Service Name:	-

Process:
	Process ID:	0x15ec
	Process Name:	C:\Windows\System32\sppsvc.exe

Service Request Information:
	Privileges:		SeProfileSingleProcessPrivilege""",4,wazuh,0
2025-12-02 11:32:14.353000+00:00,Active_Directory_Server,4688,,,,"""A new process has been created.

Creator Subject:
	Security ID:		S-1-5-18
	Account Name:		AD-DC-SERVER$
	Account Domain:		SOC
	Logon ID:		0x3E7

Target Subject:
	Security ID:		S-1-0-0
	Account Name:		AD-DC-SERVER$
	Account Domain:		SOC
	Logon ID:		0x3E4

Process Information:
	New Process ID:		0x17ec
	New Process Name:	C:\Windows\System32\svchost.exe
	Token Elevation Type:	TokenElevationTypeDefault (1)
	Mandatory Label:		S-1-16-16384
	Creator Process ID:	0x274
	Creator Process Name:	C:\Windows\System32\services.exe
	Process Command Line:	

Token Elevation Type indicates the type of token that was assigned to the new process in accordance with User Account Control policy.

Type 1 is a full token with no privileges removed or groups disabled.  A full token is only used if User Account Control is disabled or if the user is the built-in Administrator account or a service account.

Type 2 is an elevated token with no privileges removed or groups disabled.  An elevated token is used when User Account Control is enabled and the user chooses to start the program using Run as administrator.  An elevated token is also used when an application is configured to always require administrative privilege or to always require maximum privilege, and the user is a member of the Administrators group.

Type 3 is a limited token with administrative privileges removed and administrative groups disabled.  The limited token is used when User Account Control is enabled, the application does not require administrative privilege, and the user does not choose to start the program using Run as administrator.""",3,wazuh,0
2025-12-02 11:32:14.384000+00:00,Active_Directory_Server,4688,,,,"""A new process has been created.

Creator Subject:
	Security ID:		S-1-5-18
	Account Name:		AD-DC-SERVER$
	Account Domain:		SOC
	Logon ID:		0x3E7

Target Subject:
	Security ID:		S-1-0-0
	Account Name:		Administrator
	Account Domain:		SOC
	Logon ID:		0x72F78

Process Information:
	New Process ID:		0x1080
	New Process Name:	C:\Windows\System32\dllhost.exe
	Token Elevation Type:	TokenElevationTypeDefault (1)
	Mandatory Label:		S-1-16-12288
	Creator Process ID:	0x34c
	Creator Process Name:	C:\Windows\System32\svchost.exe
	Process Command Line:	

Token Elevation Type indicates the type of token that was assigned to the new process in accordance with User Account Control policy.

Type 1 is a full token with no privileges removed or groups disabled.  A full token is only used if User Account Control is disabled or if the user is the built-in Administrator account or a service account.

Type 2 is an elevated token with no privileges removed or groups disabled.  An elevated token is used when User Account Control is enabled and the user chooses to start the program using Run as administrator.  An elevated token is also used when an application is configured to always require administrative privilege or to always require maximum privilege, and the user is a member of the Administrators group.

Type 3 is a limited token with administrative privileges removed and administrative groups disabled.  The limited token is used when User Account Control is enabled, the application does not require administrative privilege, and the user does not choose to start the program using Run as administrator.""",3,wazuh,0
2025-12-02 11:32:20.759000+00:00,Active_Directory_Server,4688,,,,"""A new process has been created.

Creator Subject:
	Security ID:		S-1-5-18
	Account Name:		AD-DC-SERVER$
	Account Domain:		SOC
	Logon ID:		0x3E7

Target Subject:
	Security ID:		S-1-0-0
	Account Name:		-
	Account Domain:		-
	Logon ID:		0x0

Process Information:
	New Process ID:		0x71c
	New Process Name:	C:\Windows\System32\wuauclt.exe
	Token Elevation Type:	TokenElevationTypeDefault (1)
	Mandatory Label:		S-1-16-16384
	Creator Process ID:	0x2e0
	Creator Process Name:	C:\Windows\System32\svchost.exe
	Process Command Line:	

Token Elevation Type indicates the type of token that was assigned to the new process in accordance with User Account Control policy.

Type 1 is a full token with no privileges removed or groups disabled.  A full token is only used if User Account Control is disabled or if the user is the built-in Administrator account or a service account.

Type 2 is an elevated token with no privileges removed or groups disabled.  An elevated token is used when User Account Control is enabled and the user chooses to start the program using Run as administrator.  An elevated token is also used when an application is configured to always require administrative privilege or to always require maximum privilege, and the user is a member of the Administrators group.

Type 3 is a limited token with administrative privileges removed and administrative groups disabled.  The limited token is used when User Account Control is enabled, the application does not require administrative privilege, and the user does not choose to start the program using Run as administrator.""",3,wazuh,0
2025-12-02 11:32:20.791000+00:00,Active_Directory_Server,4688,,,,"""A new process has been created.

Creator Subject:
	Security ID:		S-1-5-18
	Account Name:		AD-DC-SERVER$
	Account Domain:		SOC
	Logon ID:		0x3E7

Target Subject:
	Security ID:		S-1-0-0
	Account Name:		-
	Account Domain:		-
	Logon ID:		0x0

Process Information:
	New Process ID:		0x16d8
	New Process Name:	C:\Windows\SoftwareDistribution\Download\Install\AM_Delta_Patch_1.441.629.0.exe
	Token Elevation Type:	TokenElevationTypeDefault (1)
	Mandatory Label:		S-1-16-16384
	Creator Process ID:	0x71c
	Creator Process Name:	C:\Windows\System32\wuauclt.exe
	Process Command Line:	

Token Elevation Type indicates the type of token that was assigned to the new process in accordance with User Account Control policy.

Type 1 is a full token with no privileges removed or groups disabled.  A full token is only used if User Account Control is disabled or if the user is the built-in Administrator account or a service account.

Type 2 is an elevated token with no privileges removed or groups disabled.  An elevated token is used when User Account Control is enabled and the user chooses to start the program using Run as administrator.  An elevated token is also used when an application is configured to always require administrative privilege or to always require maximum privilege, and the user is a member of the Administrators group.

Type 3 is a limited token with administrative privileges removed and administrative groups disabled.  The limited token is used when User Account Control is enabled, the application does not require administrative privilege, and the user does not choose to start the program using Run as administrator.""",3,wazuh,0
2025-12-02 11:32:20.791000+00:00,Active_Directory_Server,4688,,,,"""A new process has been created.

Creator Subject:
	Security ID:		S-1-5-18
	Account Name:		AD-DC-SERVER$
	Account Domain:		SOC
	Logon ID:		0x3E7

Target Subject:
	Security ID:		S-1-0-0
	Account Name:		-
	Account Domain:		-
	Logon ID:		0x0

Process Information:
	New Process ID:		0x1164
	New Process Name:	C:\Windows\System32\MpSigStub.exe
	Token Elevation Type:	TokenElevationTypeDefault (1)
	Mandatory Label:		S-1-16-16384
	Creator Process ID:	0x71c
	Creator Process Name:	C:\Windows\System32\wuauclt.exe
	Process Command Line:	

Token Elevation Type indicates the type of token that was assigned to the new process in accordance with User Account Control policy.

Type 1 is a full token with no privileges removed or groups disabled.  A full token is only used if User Account Control is disabled or if the user is the built-in Administrator account or a service account.

Type 2 is an elevated token with no privileges removed or groups disabled.  An elevated token is used when User Account Control is enabled and the user chooses to start the program using Run as administrator.  An elevated token is also used when an application is configured to always require administrative privilege or to always require maximum privilege, and the user is a member of the Administrators group.

Type 3 is a limited token with administrative privileges removed and administrative groups disabled.  The limited token is used when User Account Control is enabled, the application does not require administrative privilege, and the user does not choose to start the program using Run as administrator.""",3,wazuh,0
2025-12-02 11:32:21.464000+00:00,Active_Directory_Server,1,C:\\Windows\\System32\\wuauclt.exe,"\""C:\\Windows\\system32\\wuauclt.exe\"" /DeploymentHandlerFullPath C:\\Windows\\SYSTEM32\\UpdateDeploy.dll /ClassId 670c00b7-0ad6-4ae0-88d7-31e8edcd3bf2 /RunHandlerComServer",,"""Process Create:
RuleName: -
UtcTime: 2025-12-02 11:32:23.289
ProcessGuid: {b4c300ce-ce47-692e-6012-000000001100}
ProcessId: 1820
Image: C:\Windows\System32\wuauclt.exe
FileVersion: 10.0.20348.502 (WinBuild.160101.0800)
Description: Windows Update
Product: Microsoft® Windows® Operating System
Company: Microsoft Corporation
OriginalFileName: wuauclt.exe
CommandLine: ""C:\Windows\system32\wuauclt.exe"" /DeploymentHandlerFullPath C:\Windows\SYSTEM32\UpdateDeploy.dll /ClassId 670c00b7-0ad6-4ae0-88d7-31e8edcd3bf2 /RunHandlerComServer
CurrentDirectory: C:\Windows\system32\
User: NT AUTHORITY\SYSTEM
LogonGuid: {b4c300ce-31c3-6928-e703-000000000000}
LogonId: 0x3E7
TerminalSessionId: 0
IntegrityLevel: System
Hashes: MD5=640890263E7164DF6723B216D5631AF4,SHA256=DBB2C79538FB04D83CF1DA06F783A49C783B0703D54E01B8768C44183C2D1A5C,IMPHASH=1E2A517255CC6F3E337D117F7D9055FC
ParentProcessGuid: {b4c300ce-ce28-692e-5912-000000001100}
ParentProcessId: 736
ParentImage: C:\Windows\System32\svchost.exe
ParentCommandLine: C:\Windows\system32\svchost.exe -k netsvcs -p -s wuauserv
ParentUser: NT AUTHORITY\SYSTEM""",3,wazuh,0
2025-12-02 11:32:21.465000+00:00,Active_Directory_Server,11,C:\\Windows\\system32\\svchost.exe,,,"""File created:
RuleName: EXE
UtcTime: 2025-12-02 11:32:23.298
ProcessGuid: {b4c300ce-ce28-692e-5912-000000001100}
ProcessId: 736
Image: C:\Windows\system32\svchost.exe
TargetFilename: C:\Windows\SoftwareDistribution\Download\Install\AM_Delta_Patch_1.441.629.0.exe
CreationUtcTime: 2025-12-02 11:32:23.298
User: NT AUTHORITY\SYSTEM""",6,wazuh,0
2025-12-02 11:32:21.478000+00:00,Active_Directory_Server,1,C:\\Windows\\SoftwareDistribution\\Download\\Install\\AM_Delta_Patch_1.441.629.0.exe,"\""C:\\Windows\\SoftwareDistribution\\Download\\Install\\AM_Delta_Patch_1.441.629.0.exe\"" WD /q",,"""Process Create:
RuleName: -
UtcTime: 2025-12-02 11:32:23.324
ProcessGuid: {b4c300ce-ce47-692e-6112-000000001100}
ProcessId: 5848
Image: C:\Windows\SoftwareDistribution\Download\Install\AM_Delta_Patch_1.441.629.0.exe
FileVersion: 1.441.652.0
Description: Microsoft Antimalware WU Stub
Product: Microsoft Malware Protection
Company: Microsoft Corporation
OriginalFileName: AM_Delta_Patch_1.441.629.0.exe
CommandLine: ""C:\Windows\SoftwareDistribution\Download\Install\AM_Delta_Patch_1.441.629.0.exe"" WD /q
CurrentDirectory: C:\Windows\SoftwareDistribution\Download\Install\
User: NT AUTHORITY\SYSTEM
LogonGuid: {b4c300ce-31c3-6928-e703-000000000000}
LogonId: 0x3E7
TerminalSessionId: 0
IntegrityLevel: System
Hashes: MD5=8AF6EED7D461E61B9B4A7D6EC660505B,SHA256=CA223E5CE58DF39F7910138FF9DEA9511A286DA7FA7B8BA9FFF94CA510CBFA08,IMPHASH=52CEE9C1BC4BDA1F4F98A36E5EF61615
ParentProcessGuid: {b4c300ce-ce47-692e-6012-000000001100}
ParentProcessId: 1820
ParentImage: C:\Windows\System32\wuauclt.exe
ParentCommandLine: ""C:\Windows\system32\wuauclt.exe"" /DeploymentHandlerFullPath C:\Windows\SYSTEM32\UpdateDeploy.dll /ClassId 670c00b7-0ad6-4ae0-88d7-31e8edcd3bf2 /RunHandlerComServer
ParentUser: NT AUTHORITY\SYSTEM""",3,wazuh,0
2025-12-02 11:32:21.494000+00:00,Active_Directory_Server,1,C:\\Windows\\System32\\MpSigStub.exe,C:\\Windows\\system32\\MpSigStub.exe /stub 1.1.24010.2001 /payload 1.441.652.0 /MpWUStub /program C:\\Windows\\SoftwareDistribution\\Download\\Install\\AM_Delta_Patch_1.441.629.0.exe WD /q,,"""Process Create:
RuleName: -
UtcTime: 2025-12-02 11:32:23.338
ProcessGuid: {b4c300ce-ce47-692e-6212-000000001100}
ProcessId: 4452
Image: C:\Windows\System32\MpSigStub.exe
FileVersion: 1.1.24010.2001 (7122f19e8a45ed98fbe41ea0bdadf251e45717f9)
Description: Microsoft Malware Protection Signature Update Stub
Product: Microsoft Malware Protection
Company: Microsoft Corporation
OriginalFileName: MpSigStub.exe
CommandLine: C:\Windows\system32\MpSigStub.exe /stub 1.1.24010.2001 /payload 1.441.652.0 /MpWUStub /program C:\Windows\SoftwareDistribution\Download\Install\AM_Delta_Patch_1.441.629.0.exe WD /q
CurrentDirectory: C:\Windows\system32\
User: NT AUTHORITY\SYSTEM
LogonGuid: {b4c300ce-31c3-6928-e703-000000000000}
LogonId: 0x3E7
TerminalSessionId: 0
IntegrityLevel: System
Hashes: MD5=71CF589293424C4389202C7F1752FB2D,SHA256=071B0D3A08503A8B88AEEDA1D20F371A563377028F6E252DC66CCE60AB8F823E,IMPHASH=73D10F665B566678AC1DDF9942FDAEA0
ParentProcessGuid: {b4c300ce-ce47-692e-6012-000000001100}
ParentProcessId: 1820
ParentImage: C:\Windows\System32\wuauclt.exe
ParentCommandLine: ""C:\Windows\system32\wuauclt.exe"" /DeploymentHandlerFullPath C:\Windows\SYSTEM32\UpdateDeploy.dll /ClassId 670c00b7-0ad6-4ae0-88d7-31e8edcd3bf2 /RunHandlerComServer
ParentUser: NT AUTHORITY\SYSTEM""",3,wazuh,0
2025-12-02 11:32:50.398000+00:00,Active_Directory_Server,16384,,,,"""Successfully scheduled Software Protection service for re-start at 2026-01-27T06:12:53Z. Reason: RulesEngine.""",3,wazuh,0
2025-12-02 11:38:36.825000+00:00,Active_Directory_Server,1,C:\\Program Files (x86)\\Microsoft\\EdgeUpdate\\MicrosoftEdgeUpdate.exe,"\""C:\\Program Files (x86)\\Microsoft\\EdgeUpdate\\MicrosoftEdgeUpdate.exe\"" /ua /installsource core",,"""Process Create:
RuleName: -
UtcTime: 2025-12-02 11:38:38.604
ProcessGuid: {b4c300ce-cfbe-692e-6312-000000001100}
ProcessId: 4444
Image: C:\Program Files (x86)\Microsoft\EdgeUpdate\MicrosoftEdgeUpdate.exe
FileVersion: 1.3.209.9
Description: Microsoft Edge Update
Product: Microsoft Edge Update
Company: Microsoft Corporation
OriginalFileName: msedgeupdate.dll
CommandLine: ""C:\Program Files (x86)\Microsoft\EdgeUpdate\MicrosoftEdgeUpdate.exe"" /ua /installsource core
CurrentDirectory: C:\Program Files (x86)\Microsoft\EdgeUpdate\1.3.211.7\
User: NT AUTHORITY\SYSTEM
LogonGuid: {b4c300ce-31c3-6928-e703-000000000000}
LogonId: 0x3E7
TerminalSessionId: 0
IntegrityLevel: System
Hashes: MD5=80306EB362C63D6A63F443A3B2B84EDF,SHA256=B0585142D771FD68F0F939B925E4D32B491CD097350131F8F5C006EB8B2B0397,IMPHASH=CD3B2D99C6655A5D4A14E30E380F5BF9
ParentProcessGuid: {b4c300ce-f487-692a-c908-000000001100}
ParentProcessId: 5128
ParentImage: C:\Program Files (x86)\Microsoft\EdgeUpdate\MicrosoftEdgeUpdate.exe
ParentCommandLine: ""C:\Program Files (x86)\Microsoft\EdgeUpdate\MicrosoftEdgeUpdate.exe"" /c
ParentUser: NT AUTHORITY\SYSTEM""",3,wazuh,0
2025-12-02 11:38:36.838000+00:00,Active_Directory_Server,4688,,,,"""A new process has been created.

Creator Subject:
	Security ID:		S-1-5-18
	Account Name:		AD-DC-SERVER$
	Account Domain:		SOC
	Logon ID:		0x3E7

Target Subject:
	Security ID:		S-1-0-0
	Account Name:		-
	Account Domain:		-
	Logon ID:		0x0

Process Information:
	New Process ID:		0x115c
	New Process Name:	C:\Program Files (x86)\Microsoft\EdgeUpdate\MicrosoftEdgeUpdate.exe
	Token Elevation Type:	TokenElevationTypeDefault (1)
	Mandatory Label:		S-1-16-16384
	Creator Process ID:	0x1408
	Creator Process Name:	C:\Program Files (x86)\Microsoft\EdgeUpdate\MicrosoftEdgeUpdate.exe
	Process Command Line:	

Token Elevation Type indicates the type of token that was assigned to the new process in accordance with User Account Control policy.

Type 1 is a full token with no privileges removed or groups disabled.  A full token is only used if User Account Control is disabled or if the user is the built-in Administrator account or a service account.

Type 2 is an elevated token with no privileges removed or groups disabled.  An elevated token is used when User Account Control is enabled and the user chooses to start the program using Run as administrator.  An elevated token is also used when an application is configured to always require administrative privilege or to always require maximum privilege, and the user is a member of the Administrators group.

Type 3 is a limited token with administrative privileges removed and administrative groups disabled.  The limited token is used when User Account Control is enabled, the application does not require administrative privilege, and the user does not choose to start the program using Run as administrator.""",3,wazuh,0
2025-12-02 11:40:08.730000+00:00,Active_Directory_Server,4688,,,,"""A new process has been created.

Creator Subject:
	Security ID:		S-1-5-18
	Account Name:		AD-DC-SERVER$
	Account Domain:		SOC
	Logon ID:		0x3E7

Target Subject:
	Security ID:		S-1-0-0
	Account Name:		AD-DC-SERVER$
	Account Domain:		SOC
	Logon ID:		0x3E4

Process Information:
	New Process ID:		0x1274
	New Process Name:	C:\Windows\System32\wbem\WmiPrvSE.exe
	Token Elevation Type:	TokenElevationTypeDefault (1)
	Mandatory Label:		S-1-16-16384
	Creator Process ID:	0x34c
	Creator Process Name:	C:\Windows\System32\svchost.exe
	Process Command Line:	

Token Elevation Type indicates the type of token that was assigned to the new process in accordance with User Account Control policy.

Type 1 is a full token with no privileges removed or groups disabled.  A full token is only used if User Account Control is disabled or if the user is the built-in Administrator account or a service account.

Type 2 is an elevated token with no privileges removed or groups disabled.  An elevated token is used when User Account Control is enabled and the user chooses to start the program using Run as administrator.  An elevated token is also used when an application is configured to always require administrative privilege or to always require maximum privilege, and the user is a member of the Administrators group.

Type 3 is a limited token with administrative privileges removed and administrative groups disabled.  The limited token is used when User Account Control is enabled, the application does not require administrative privilege, and the user does not choose to start the program using Run as administrator.""",3,wazuh,0
2025-12-02 11:40:08.731000+00:00,Active_Directory_Server,4673,,,,"""A privileged service was called.

Subject:
	Security ID:		S-1-5-20
	Account Name:		AD-DC-SERVER$
	Account Domain:		SOC
	Logon ID:		0x3E4

Service:
	Server:	Security
	Service Name:	-

Process:
	Process ID:	0x1274
	Process Name:	C:\Windows\System32\wbem\WmiPrvSE.exe

Service Request Information:
	Privileges:		SeProfileSingleProcessPrivilege""",4,wazuh,0
2025-12-02 11:40:08.790000+00:00,Active_Directory_Server,4688,,,,"""A new process has been created.

Creator Subject:
	Security ID:		S-1-5-18
	Account Name:		AD-DC-SERVER$
	Account Domain:		SOC
	Logon ID:		0x3E7

Target Subject:
	Security ID:		S-1-0-0
	Account Name:		-
	Account Domain:		-
	Logon ID:		0x0

Process Information:
	New Process ID:		0x12b8
	New Process Name:	C:\Windows\servicing\TrustedInstaller.exe
	Token Elevation Type:	TokenElevationTypeDefault (1)
	Mandatory Label:		S-1-16-16384
	Creator Process ID:	0x274
	Creator Process Name:	C:\Windows\System32\services.exe
	Process Command Line:	

Token Elevation Type indicates the type of token that was assigned to the new process in accordance with User Account Control policy.

Type 1 is a full token with no privileges removed or groups disabled.  A full token is only used if User Account Control is disabled or if the user is the built-in Administrator account or a service account.

Type 2 is an elevated token with no privileges removed or groups disabled.  An elevated token is used when User Account Control is enabled and the user chooses to start the program using Run as administrator.  An elevated token is also used when an application is configured to always require administrative privilege or to always require maximum privilege, and the user is a member of the Administrators group.

Type 3 is a limited token with administrative privileges removed and administrative groups disabled.  The limited token is used when User Account Control is enabled, the application does not require administrative privilege, and the user does not choose to start the program using Run as administrator.""",3,wazuh,0
2025-12-02 11:40:08.806000+00:00,Active_Directory_Server,4688,,,,"""A new process has been created.

Creator Subject:
	Security ID:		S-1-5-18
	Account Name:		AD-DC-SERVER$
	Account Domain:		SOC
	Logon ID:		0x3E7

Target Subject:
	Security ID:		S-1-0-0
	Account Name:		-
	Account Domain:		-
	Logon ID:		0x0

Process Information:
	New Process ID:		0x994
	New Process Name:	C:\Windows\WinSxS\amd64_microsoft-windows-servicingstack_31bf3856ad364e35_10.0.20348.557_none_f1edaeb8515fa10d\TiWorker.exe
	Token Elevation Type:	TokenElevationTypeDefault (1)
	Mandatory Label:		S-1-16-16384
	Creator Process ID:	0x34c
	Creator Process Name:	C:\Windows\System32\svchost.exe
	Process Command Line:	

Token Elevation Type indicates the type of token that was assigned to the new process in accordance with User Account Control policy.

Type 1 is a full token with no privileges removed or groups disabled.  A full token is only used if User Account Control is disabled or if the user is the built-in Administrator account or a service account.

Type 2 is an elevated token with no privileges removed or groups disabled.  An elevated token is used when User Account Control is enabled and the user chooses to start the program using Run as administrator.  An elevated token is also used when an application is configured to always require administrative privilege or to always require maximum privilege, and the user is a member of the Administrators group.

Type 3 is a limited token with administrative privileges removed and administrative groups disabled.  The limited token is used when User Account Control is enabled, the application does not require administrative privilege, and the user does not choose to start the program using Run as administrator.""",3,wazuh,0
2025-12-02 11:40:08.822000+00:00,Active_Directory_Server,1,C:\\Windows\\servicing\\TrustedInstaller.exe,C:\\Windows\\servicing\\TrustedInstaller.exe,,"""Process Create:
RuleName: -
UtcTime: 2025-12-02 11:40:10.598
ProcessGuid: {b4c300ce-d01a-692e-6512-000000001100}
ProcessId: 4792
Image: C:\Windows\servicing\TrustedInstaller.exe
FileVersion: 10.0.20348.502 (WinBuild.160101.0800)
Description: Windows Modules Installer
Product: Microsoft® Windows® Operating System
Company: Microsoft Corporation
OriginalFileName: TrustedInstaller.exe
CommandLine: C:\Windows\servicing\TrustedInstaller.exe
CurrentDirectory: C:\Windows\system32\
User: NT AUTHORITY\SYSTEM
LogonGuid: {b4c300ce-31c3-6928-e703-000000000000}
LogonId: 0x3E7
TerminalSessionId: 0
IntegrityLevel: System
Hashes: MD5=464D0D44C67DD965EE607CFCD99A48AB,SHA256=B864B5AF5F77F4A5D0FE8E22B240C34691D49815BC7FE3B7FAC7E1C959CBE528,IMPHASH=6CDFF17098638A6205128AAF982E8871
ParentProcessGuid: {b4c300ce-31c2-6928-0b00-000000001100}
ParentProcessId: 628
ParentImage: C:\Windows\System32\services.exe
ParentCommandLine: C:\Windows\system32\services.exe
ParentUser: NT AUTHORITY\SYSTEM""",3,wazuh,0
2025-12-02 11:40:08.837000+00:00,Active_Directory_Server,1,C:\\Windows\\WinSxS\\amd64_microsoft-windows-servicingstack_31bf3856ad364e35_10.0.20348.557_none_f1edaeb8515fa10d\\TiWorker.exe,C:\\Windows\\winsxs\\amd64_microsoft-windows-servicingstack_31bf3856ad364e35_10.0.20348.557_none_f1edaeb8515fa10d\\TiWorker.exe -Embedding,,"""Process Create:
RuleName: -
UtcTime: 2025-12-02 11:40:10.619
ProcessGuid: {b4c300ce-d01a-692e-6612-000000001100}
ProcessId: 2452
Image: C:\Windows\WinSxS\amd64_microsoft-windows-servicingstack_31bf3856ad364e35_10.0.20348.557_none_f1edaeb8515fa10d\TiWorker.exe
FileVersion: 10.0.20348.557 (WinBuild.160101.0800)
Description: Windows Modules Installer Worker
Product: Microsoft® Windows® Operating System
Company: Microsoft Corporation
OriginalFileName: TiWorker.exe
CommandLine: C:\Windows\winsxs\amd64_microsoft-windows-servicingstack_31bf3856ad364e35_10.0.20348.557_none_f1edaeb8515fa10d\TiWorker.exe -Embedding
CurrentDirectory: C:\Windows\system32\
User: NT AUTHORITY\SYSTEM
LogonGuid: {b4c300ce-31c3-6928-e703-000000000000}
LogonId: 0x3E7
TerminalSessionId: 0
IntegrityLevel: System
Hashes: MD5=0B6F22DA11CC77C46AA67EE6B6C3EAD0,SHA256=E4C3EB66ECB2E946924031191D761A59DEBE940BE7F019FED78C8B558D67EE47,IMPHASH=D841FC50F72911FF192FAF83F874E4DF
ParentProcessGuid: {b4c300ce-31c4-6928-0d00-000000001100}
ParentProcessId: 844
ParentImage: C:\Windows\System32\svchost.exe
ParentCommandLine: C:\Windows\system32\svchost.exe -k DcomLaunch -p
ParentUser: NT AUTHORITY\SYSTEM""",3,wazuh,0
2025-12-02 11:41:09.572000+00:00,Active_Directory_Server,4688,,,,"""A new process has been created.

Creator Subject:
	Security ID:		S-1-5-18
	Account Name:		AD-DC-SERVER$
	Account Domain:		SOC
	Logon ID:		0x3E7

Target Subject:
	Security ID:		S-1-0-0
	Account Name:		-
	Account Domain:		-
	Logon ID:		0x0

Process Information:
	New Process ID:		0x1204
	New Process Name:	C:\Windows\System32\svchost.exe
	Token Elevation Type:	TokenElevationTypeDefault (1)
	Mandatory Label:		S-1-16-16384
	Creator Process ID:	0x274
	Creator Process Name:	C:\Windows\System32\services.exe
	Process Command Line:	

Token Elevation Type indicates the type of token that was assigned to the new process in accordance with User Account Control policy.

Type 1 is a full token with no privileges removed or groups disabled.  A full token is only used if User Account Control is disabled or if the user is the built-in Administrator account or a service account.

Type 2 is an elevated token with no privileges removed or groups disabled.  An elevated token is used when User Account Control is enabled and the user chooses to start the program using Run as administrator.  An elevated token is also used when an application is configured to always require administrative privilege or to always require maximum privilege, and the user is a member of the Administrators group.

Type 3 is a limited token with administrative privileges removed and administrative groups disabled.  The limited token is used when User Account Control is enabled, the application does not require administrative privilege, and the user does not choose to start the program using Run as administrator.""",3,wazuh,0
2025-12-02 11:41:44.200000+00:00,Active_Directory_Server,4688,,,,"""A new process has been created.

Creator Subject:
	Security ID:		S-1-5-18
	Account Name:		AD-DC-SERVER$
	Account Domain:		SOC
	Logon ID:		0x3E7

Target Subject:
	Security ID:		S-1-0-0
	Account Name:		AD-DC-SERVER$
