{"@timestamp":"2020-10-21T08:45:35.919Z","TimeCreated":"2020-10-21T08:45:35.919Z","Hashes":"SHA1=DFDB908D93F34EB36C413FF8A54462BE6E34E550,MD5=244CB212EFF69B7E39EC8E7420B62BAF,SHA256=9E83E8363CD3AACDA28B39AFCDE244E1281940683EB3A4B31A91ED4CEA649297,IMPHASH=89E412B012B71D627A12BE33E873D8D7","Signature":"Microsoft Windows","ProviderGuid":"{5770385f-c22a-43e0-bf4c-06f5698ffbd9}","Company":"Microsoft Corporation","UtcTime":"2020-10-22 00:45:35.869","ProcessGuid":"{39e4a257-d62f-5f90-8910-000000000700}","Image":"C:\\Windows\\System32\\WindowsPowerShell\\v1.0\\powershell.exe","ImageLoaded":"C:\\Windows\\System32\\msisip.dll","Level":"4","Channel":"Microsoft-Windows-Sysmon/Operational","Task":"7","RuleName":"-","FileVersion":"5.0.18362.1016 (WinBuild.160101.0800)","SourceName":"Microsoft-Windows-Sysmon","Hostname":"WORKSTATION5","ProcessId":"1548","Description":"MSI Signature SIP Provider","SignatureStatus":"Valid","Product":"Windows Installer - Unicode","EventID":7,"Keywords":"0x8000000000000000","Signed":"true","OriginalFileName":"MSISIP.DLL","Message":"Image loaded:\r\nRuleName: -\r\nUtcTime: 2020-10-22 00:45:35.869\r\nProcessGuid: {39e4a257-d62f-5f90-8910-000000000700}\r\nProcessId: 1548\r\nImage: C:\\Windows\\System32\\WindowsPowerShell\\v1.0\\powershell.exe\r\nImageLoaded: C:\\Windows\\System32\\msisip.dll\r\nFileVersion: 5.0.18362.1016 (WinBuild.160101.0800)\r\nDescription: MSI Signature SIP Provider\r\nProduct: Windows Installer - Unicode\r\nCompany: Microsoft Corporation\r\nOriginalFileName: MSISIP.DLL\r\nHashes: SHA1=DFDB908D93F34EB36C413FF8A54462BE6E34E550,MD5=244CB212EFF69B7E39EC8E7420B62BAF,SHA256=9E83E8363CD3AACDA28B39AFCDE244E1281940683EB3A4B31A91ED4CEA649297,IMPHASH=89E412B012B71D627A12BE33E873D8D7\r\nSigned: true\r\nSignature: Microsoft Windows\r\nSignatureStatus: Valid"}
{"@timestamp":"2020-10-21T08:45:35.920Z","TimeCreated":"2020-10-21T08:45:35.920Z","Hashes":"SHA1=D10192212E2D342BB7EB8C85C876CEA94EE824F8,MD5=727673EC5D0CD9B726D8F2CFBDC747AB,SHA256=4C67CDC79D8EB20EE49DEF0D8CB5126D5BF660C7BF5E25D17DD6FC48C2902F5E,IMPHASH=F830D7ACFCD0C9974048B2C1271F3E86","Signature":"Microsoft Windows","ProviderGuid":"{5770385f-c22a-43e0-bf4c-06f5698ffbd9}","Company":"Microsoft Corporation","UtcTime":"2020-10-22 00:45:35.869","ProcessGuid":"{39e4a257-d62f-5f90-8910-000000000700}","Image":"C:\\Windows\\System32\\WindowsPowerShell\\v1.0\\powershell.exe","ImageLoaded":"C:\\Windows\\System32\\coml2.dll","Level":"4","Channel":"Microsoft-Windows-Sysmon/Operational","Task":"7","RuleName":"-","FileVersion":"10.0.18362.1 (WinBuild.160101.0800)","SourceName":"Microsoft-Windows-Sysmon","Hostname":"WORKSTATION5","ProcessId":"1548","Description":"Microsoft COM for Windows","SignatureStatus":"Valid","Product":"Microsoft® Windows® Operating System","EventID":7,"Keywords":"0x8000000000000000","Signed":"true","OriginalFileName":"COML2.DLL","Message":"Image loaded:\r\nRuleName: -\r\nUtcTime: 2020-10-22 00:45:35.869\r\nProcessGuid: {39e4a257-d62f-5f90-8910-000000000700}\r\nProcessId: 1548\r\nImage: C:\\Windows\\System32\\WindowsPowerShell\\v1.0\\powershell.exe\r\nImageLoaded: C:\\Windows\\System32\\coml2.dll\r\nFileVersion: 10.0.18362.1 (WinBuild.160101.0800)\r\nDescription: Microsoft COM for Windows\r\nProduct: Microsoft® Windows® Operating System\r\nCompany: Microsoft Corporation\r\nOriginalFileName: COML2.DLL\r\nHashes: SHA1=D10192212E2D342BB7EB8C85C876CEA94EE824F8,MD5=727673EC5D0CD9B726D8F2CFBDC747AB,SHA256=4C67CDC79D8EB20EE49DEF0D8CB5126D5BF660C7BF5E25D17DD6FC48C2902F5E,IMPHASH=F830D7ACFCD0C9974048B2C1271F3E86\r\nSigned: true\r\nSignature: Microsoft Windows\r\nSignatureStatus: Valid"}
{"@timestamp":"2020-10-21T08:45:35.920Z","TimeCreated":"2020-10-21T08:45:35.920Z","Hashes":"SHA1=8772D2DDB48291C7EA1A726408B83050ACEA67DA,MD5=0E78071F57B76211F008B5AFA2FC8DE0,SHA256=2574135F407B1330EB7B9EEAB9A203A6655E0EB3A65FC640E30BE387C4A62082,IMPHASH=CE4097CF7A85C58FF4D2B125C2BD77AF","Signature":"Microsoft Windows","ProviderGuid":"{5770385f-c22a-43e0-bf4c-06f5698ffbd9}","Company":"Microsoft Corporation","UtcTime":"2020-10-22 00:45:35.869","ProcessGuid":"{39e4a257-d62f-5f90-8910-000000000700}","Image":"C:\\Windows\\System32\\WindowsPowerShell\\v1.0\\powershell.exe","ImageLoaded":"C:\\Windows\\System32\\wshext.dll","Level":"4","Channel":"Microsoft-Windows-Sysmon/Operational","Task":"7","RuleName":"-","FileVersion":"5.812.10240.16384","SourceName":"Microsoft-Windows-Sysmon","Hostname":"WORKSTATION5","ProcessId":"1548","Description":"Microsoft ® Shell Extension for Windows Script Host","SignatureStatus":"Valid","Product":"Microsoft ® Windows Script Host","EventID":7,"Keywords":"0x8000000000000000","Signed":"true","OriginalFileName":"wshext.dll","Message":"Image loaded:\r\nRuleName: -\r\nUtcTime: 2020-10-22 00:45:35.869\r\nProcessGuid: {39e4a257-d62f-5f90-8910-000000000700}\r\nProcessId: 1548\r\nImage: C:\\Windows\\System32\\WindowsPowerShell\\v1.0\\powershell.exe\r\nImageLoaded: C:\\Windows\\System32\\wshext.dll\r\nFileVersion: 5.812.10240.16384\r\nDescription: Microsoft ® Shell Extension for Windows Script Host\r\nProduct: Microsoft ® Windows Script Host\r\nCompany: Microsoft Corporation\r\nOriginalFileName: wshext.dll\r\nHashes: SHA1=8772D2DDB48291C7EA1A726408B83050ACEA67DA,MD5=0E78071F57B76211F008B5AFA2FC8DE0,SHA256=2574135F407B1330EB7B9EEAB9A203A6655E0EB3A65FC640E30BE387C4A62082,IMPHASH=CE4097CF7A85C58FF4D2B125C2BD77AF\r\nSigned: true\r\nSignature: Microsoft Windows\r\nSignatureStatus: Valid"}
{"@timestamp":"2020-10-21T08:45:35.921Z","TimeCreated":"2020-10-21T08:45:35.921Z","Hashes":"SHA1=8C36FC950436E846D7588140AE0C31AB5A14A458,MD5=2B8126CD3129DFA82F92E076A45D4A44,SHA256=FC82DF04A64685B51D9E42B09CDEE8CE2974C95BB1331E3118FED39BBC1C7808,IMPHASH=4EA1C6D5F9A5A181A0D873666AD2EDD7","Signature":"Microsoft Windows","ProviderGuid":"{5770385f-c22a-43e0-bf4c-06f5698ffbd9}","Company":"Microsoft Corporation","UtcTime":"2020-10-22 00:45:35.869","ProcessGuid":"{39e4a257-d62f-5f90-8910-000000000700}","Image":"C:\\Windows\\System32\\WindowsPowerShell\\v1.0\\powershell.exe","ImageLoaded":"C:\\Windows\\System32\\AppxSip.dll","Level":"4","Channel":"Microsoft-Windows-Sysmon/Operational","Task":"7","RuleName":"-","FileVersion":"10.0.18362.1 (WinBuild.160101.0800)","SourceName":"Microsoft-Windows-Sysmon","Hostname":"WORKSTATION5","ProcessId":"1548","Description":"Appx Subject Interface Package","SignatureStatus":"Valid","Product":"Microsoft® Windows® Operating System","EventID":7,"Keywords":"0x8000000000000000","Signed":"true","OriginalFileName":"AppxSip.dll","Message":"Image loaded:\r\nRuleName: -\r\nUtcTime: 2020-10-22 00:45:35.869\r\nProcessGuid: {39e4a257-d62f-5f90-8910-000000000700}\r\nProcessId: 1548\r\nImage: C:\\Windows\\System32\\WindowsPowerShell\\v1.0\\powershell.exe\r\nImageLoaded: C:\\Windows\\System32\\AppxSip.dll\r\nFileVersion: 10.0.18362.1 (WinBuild.160101.0800)\r\nDescription: Appx Subject Interface Package\r\nProduct: Microsoft® Windows® Operating System\r\nCompany: Microsoft Corporation\r\nOriginalFileName: AppxSip.dll\r\nHashes: SHA1=8C36FC950436E846D7588140AE0C31AB5A14A458,MD5=2B8126CD3129DFA82F92E076A45D4A44,SHA256=FC82DF04A64685B51D9E42B09CDEE8CE2974C95BB1331E3118FED39BBC1C7808,IMPHASH=4EA1C6D5F9A5A181A0D873666AD2EDD7\r\nSigned: true\r\nSignature: Microsoft Windows\r\nSignatureStatus: Valid"}
{"@timestamp":"2020-10-21T08:45:35.921Z","TimeCreated":"2020-10-21T08:45:35.921Z","Hashes":"SHA1=09172DEDD872AF9626EC20C4DFE138DE63030B1A,MD5=8E3E4178953A65DBF249942E72DBC0C1,SHA256=F37A4360082395DFA627381CEBEE9BE9CA08D96EFCBCE3312588893F0657857A,IMPHASH=118C7A5E243DC635247F322D9C9E2821","Signature":"Microsoft Windows","ProviderGuid":"{5770385f-c22a-43e0-bf4c-06f5698ffbd9}","Company":"Microsoft Corporation","UtcTime":"2020-10-22 00:45:35.900","ProcessGuid":"{39e4a257-d62f-5f90-8910-000000000700}","Image":"C:\\Windows\\System32\\WindowsPowerShell\\v1.0\\powershell.exe","ImageLoaded":"C:\\Windows\\System32\\OpcServices.dll","Level":"4","Channel":"Microsoft-Windows-Sysmon/Operational","Task":"7","RuleName":"-","FileVersion":"10.0.18362.1 (WinBuild.160101.0800)","SourceName":"Microsoft-Windows-Sysmon","Hostname":"WORKSTATION5","ProcessId":"1548","Description":"Native Code OPC Services Library","SignatureStatus":"Valid","Product":"Microsoft® Windows® Operating System","EventID":7,"Keywords":"0x8000000000000000","Signed":"true","OriginalFileName":"OpcServices.dll","Message":"Image loaded:\r\nRuleName: -\r\nUtcTime: 2020-10-22 00:45:35.900\r\nProcessGuid: {39e4a257-d62f-5f90-8910-000000000700}\r\nProcessId: 1548\r\nImage: C:\\Windows\\System32\\WindowsPowerShell\\v1.0\\powershell.exe\r\nImageLoaded: C:\\Windows\\System32\\OpcServices.dll\r\nFileVersion: 10.0.18362.1 (WinBuild.160101.0800)\r\nDescription: Native Code OPC Services Library\r\nProduct: Microsoft® Windows® Operating System\r\nCompany: Microsoft Corporation\r\nOriginalFileName: OpcServices.dll\r\nHashes: SHA1=09172DEDD872AF9626EC20C4DFE138DE63030B1A,MD5=8E3E4178953A65DBF249942E72DBC0C1,SHA256=F37A4360082395DFA627381CEBEE9BE9CA08D96EFCBCE3312588893F0657857A,IMPHASH=118C7A5E243DC635247F322D9C9E2821\r\nSigned: true\r\nSignature: Microsoft Windows\r\nSignatureStatus: Valid"}
{"@timestamp":"2020-10-21T08:45:35.922Z","TimeCreated":"2020-10-21T08:45:35.922Z","Hashes":"SHA1=FB6ADE3D35C1626D7F5850FF769CFAFCA054B361,MD5=57AFA1814E9E233D10E292CEE05B8E75,SHA256=7A60AF81739055B478E6246D13587C3E09C53338CCD143A7C3C9A5A8F4723DCC,IMPHASH=D2E0F3F026362C9BF4BA56FA26B36D50","Signature":"Microsoft Windows","ProviderGuid":"{5770385f-c22a-43e0-bf4c-06f5698ffbd9}","Company":"Microsoft Corporation","UtcTime":"2020-10-22 00:45:35.915","ProcessGuid":"{39e4a257-d62f-5f90-8910-000000000700}","Image":"C:\\Windows\\System32\\WindowsPowerShell\\v1.0\\powershell.exe","ImageLoaded":"C:\\Windows\\System32\\xmllite.dll","Level":"4","Channel":"Microsoft-Windows-Sysmon/Operational","Task":"7","RuleName":"-","FileVersion":"10.0.18362.295 (WinBuild.160101.0800)","SourceName":"Microsoft-Windows-Sysmon","Hostname":"WORKSTATION5","ProcessId":"1548","Description":"Microsoft XmlLite Library","SignatureStatus":"Valid","Product":"Microsoft® Windows® Operating System","EventID":7,"Keywords":"0x8000000000000000","Signed":"true","OriginalFileName":"XmlLite.dll","Message":"Image loaded:\r\nRuleName: -\r\nUtcTime: 2020-10-22 00:45:35.915\r\nProcessGuid: {39e4a257-d62f-5f90-8910-000000000700}\r\nProcessId: 1548\r\nImage: C:\\Windows\\System32\\WindowsPowerShell\\v1.0\\powershell.exe\r\nImageLoaded: C:\\Windows\\System32\\xmllite.dll\r\nFileVersion: 10.0.18362.295 (WinBuild.160101.0800)\r\nDescription: Microsoft XmlLite Library\r\nProduct: Microsoft® Windows® Operating System\r\nCompany: Microsoft Corporation\r\nOriginalFileName: XmlLite.dll\r\nHashes: SHA1=FB6ADE3D35C1626D7F5850FF769CFAFCA054B361,MD5=57AFA1814E9E233D10E292CEE05B8E75,SHA256=7A60AF81739055B478E6246D13587C3E09C53338CCD143A7C3C9A5A8F4723DCC,IMPHASH=D2E0F3F026362C9BF4BA56FA26B36D50\r\nSigned: true\r\nSignature: Microsoft Windows\r\nSignatureStatus: Valid"}
{"@timestamp":"2020-10-21T08:45:35.923Z","TimeCreated":"2020-10-21T08:45:35.923Z","Hashes":"SHA1=D17D9B227D596326AB3DDB62C112AF7FC2086A81,MD5=47BD27E286130A898A71D28354C6EA51,SHA256=720DB7C8EE00F11FE741317420FF07906ADE1F83EABDCB875B5CF37241D99E09,IMPHASH=75660DEE439E0444CAA3BB74E19C02F0","Signature":"Microsoft Windows","ProviderGuid":"{5770385f-c22a-43e0-bf4c-06f5698ffbd9}","Company":"Microsoft Corporation","UtcTime":"2020-10-22 00:45:35.915","ProcessGuid":"{39e4a257-d62f-5f90-8910-000000000700}","Image":"C:\\Windows\\System32\\WindowsPowerShell\\v1.0\\powershell.exe","ImageLoaded":"C:\\Windows\\System32\\urlmon.dll","Level":"4","Channel":"Microsoft-Windows-Sysmon/Operational","Task":"7","RuleName":"-","FileVersion":"11.00.18362.1110 (WinBuild.160101.0800)","SourceName":"Microsoft-Windows-Sysmon","Hostname":"WORKSTATION5","ProcessId":"1548","Description":"OLE32 Extensions for Win32","SignatureStatus":"Valid","Product":"Internet Explorer","EventID":7,"Keywords":"0x8000000000000000","Signed":"true","OriginalFileName":"UrlMon.dll","Message":"Image loaded:\r\nRuleName: -\r\nUtcTime: 2020-10-22 00:45:35.915\r\nProcessGuid: {39e4a257-d62f-5f90-8910-000000000700}\r\nProcessId: 1548\r\nImage: C:\\Windows\\System32\\WindowsPowerShell\\v1.0\\powershell.exe\r\nImageLoaded: C:\\Windows\\System32\\urlmon.dll\r\nFileVersion: 11.00.18362.1110 (WinBuild.160101.0800)\r\nDescription: OLE32 Extensions for Win32\r\nProduct: Internet Explorer\r\nCompany: Microsoft Corporation\r\nOriginalFileName: UrlMon.dll\r\nHashes: SHA1=D17D9B227D596326AB3DDB62C112AF7FC2086A81,MD5=47BD27E286130A898A71D28354C6EA51,SHA256=720DB7C8EE00F11FE741317420FF07906ADE1F83EABDCB875B5CF37241D99E09,IMPHASH=75660DEE439E0444CAA3BB74E19C02F0\r\nSigned: true\r\nSignature: Microsoft Windows\r\nSignatureStatus: Valid"}
{"@timestamp":"2020-10-21T08:45:35.923Z","TimeCreated":"2020-10-21T08:45:35.923Z","Hashes":"SHA1=0CB5F095246A71A1EA43BDA79913A7FEF1BFC0F3,MD5=4366B745BB95EA955EBFDAB02762A781,SHA256=1B15BADDFA5C45446413E9297E9D98134E5E61AFA454C4B82DE911B1518C69CA,IMPHASH=8A91E12AED8A0B282C3E51CA39DEC3F4","Signature":"Microsoft Windows","ProviderGuid":"{5770385f-c22a-43e0-bf4c-06f5698ffbd9}","Company":"Microsoft Corporation","UtcTime":"2020-10-22 00:45:35.915","ProcessGuid":"{39e4a257-d62f-5f90-8910-000000000700}","Image":"C:\\Windows\\System32\\WindowsPowerShell\\v1.0\\powershell.exe","ImageLoaded":"C:\\Windows\\System32\\iertutil.dll","Level":"4","Channel":"Microsoft-Windows-Sysmon/Operational","Task":"7","RuleName":"-","FileVersion":"11.00.18362.1110 (WinBuild.160101.0800)","SourceName":"Microsoft-Windows-Sysmon","Hostname":"WORKSTATION5","ProcessId":"1548","Description":"Run time utility for Internet Explorer","SignatureStatus":"Valid","Product":"Internet Explorer","EventID":7,"Keywords":"0x8000000000000000","Signed":"true","OriginalFileName":"IeRtUtil.dll","Message":"Image loaded:\r\nRuleName: -\r\nUtcTime: 2020-10-22 00:45:35.915\r\nProcessGuid: {39e4a257-d62f-5f90-8910-000000000700}\r\nProcessId: 1548\r\nImage: C:\\Windows\\System32\\WindowsPowerShell\\v1.0\\powershell.exe\r\nImageLoaded: C:\\Windows\\System32\\iertutil.dll\r\nFileVersion: 11.00.18362.1110 (WinBuild.160101.0800)\r\nDescription: Run time utility for Internet Explorer\r\nProduct: Internet Explorer\r\nCompany: Microsoft Corporation\r\nOriginalFileName: IeRtUtil.dll\r\nHashes: SHA1=0CB5F095246A71A1EA43BDA79913A7FEF1BFC0F3,MD5=4366B745BB95EA955EBFDAB02762A781,SHA256=1B15BADDFA5C45446413E9297E9D98134E5E61AFA454C4B82DE911B1518C69CA,IMPHASH=8A91E12AED8A0B282C3E51CA39DEC3F4\r\nSigned: true\r\nSignature: Microsoft Windows\r\nSignatureStatus: Valid"}
{"@timestamp":"2020-10-21T08:45:35.923Z","TimeCreated":"2020-10-21T08:45:35.923Z","Hashes":"SHA1=DC4CC54F8FEC4EE65D5E3DE867AAE963C95E7106,MD5=E5A0B9D36D9EB9881B459099B9D465BA,SHA256=5325E69D982214A69317D7EC3EC6800D0BFEEA166B3965ADF8DB78EA838CAD30,IMPHASH=A738ABEE2095C9DEDAEF8E1754452FB7","Signature":"Microsoft Windows","ProviderGuid":"{5770385f-c22a-43e0-bf4c-06f5698ffbd9}","Company":"Microsoft Corporation","UtcTime":"2020-10-22 00:45:35.915","ProcessGuid":"{39e4a257-d62f-5f90-8910-000000000700}","Image":"C:\\Windows\\System32\\WindowsPowerShell\\v1.0\\powershell.exe","ImageLoaded":"C:\\Windows\\System32\\tdh.dll","Level":"4","Channel":"Microsoft-Windows-Sysmon/Operational","Task":"7","RuleName":"-","FileVersion":"10.0.18362.1110 (WinBuild.160101.0800)","SourceName":"Microsoft-Windows-Sysmon","Hostname":"WORKSTATION5","ProcessId":"1548","Description":"Event Trace Helper Library","SignatureStatus":"Valid","Product":"Microsoft® Windows® Operating System","EventID":7,"Keywords":"0x8000000000000000","Signed":"true","OriginalFileName":"tdh.dll","Message":"Image loaded:\r\nRuleName: -\r\nUtcTime: 2020-10-22 00:45:35.915\r\nProcessGuid: {39e4a257-d62f-5f90-8910-000000000700}\r\nProcessId: 1548\r\nImage: C:\\Windows\\System32\\WindowsPowerShell\\v1.0\\powershell.exe\r\nImageLoaded: C:\\Windows\\System32\\tdh.dll\r\nFileVersion: 10.0.18362.1110 (WinBuild.160101.0800)\r\nDescription: Event Trace Helper Library\r\nProduct: Microsoft® Windows® Operating System\r\nCompany: Microsoft Corporation\r\nOriginalFileName: tdh.dll\r\nHashes: SHA1=DC4CC54F8FEC4EE65D5E3DE867AAE963C95E7106,MD5=E5A0B9D36D9EB9881B459099B9D465BA,SHA256=5325E69D982214A69317D7EC3EC6800D0BFEEA166B3965ADF8DB78EA838CAD30,IMPHASH=A738ABEE2095C9DEDAEF8E1754452FB7\r\nSigned: true\r\nSignature: Microsoft Windows\r\nSignatureStatus: Valid"}
{"@timestamp":"2020-10-21T08:45:35.963Z","TimeCreated":"2020-10-21T08:45:35.963Z","Hashes":"SHA1=2FDBA6E4AB412DD89763CB16DC2A07FF28DCE84E,MD5=078D4299C5568E2BBC99D9853B9F572E,SHA256=2F250A3A72FF43F7335B2BB3F7D7EDC5E9446FE15240BBEDAFFB10C1F585A7BC,IMPHASH=00000000000000000000000000000000","Signature":"-","ProviderGuid":"{5770385f-c22a-43e0-bf4c-06f5698ffbd9}","Company":"Microsoft Corporation","UtcTime":"2020-10-22 00:45:35.322","ProcessGuid":"{39e4a257-d62f-5f90-8910-000000000700}","Image":"C:\\Windows\\System32\\WindowsPowerShell\\v1.0\\powershell.exe","ImageLoaded":"C:\\Windows\\assembly\\NativeImages_v4.0.30319_64\\System.Core\\1fd0d2be29c2fe80e8171054a45b8d4e\\System.Core.ni.dll","Level":"4","Channel":"Microsoft-Windows-Sysmon/Operational","Task":"7","RuleName":"-","FileVersion":"4.8.4220.0 built by: NET48REL1LAST_C","SourceName":"Microsoft-Windows-Sysmon","Hostname":"WORKSTATION5","ProcessId":"1548","Description":".NET Framework","SignatureStatus":"Unavailable","Product":"Microsoft® .NET Framework","EventID":7,"Keywords":"0x8000000000000000","Signed":"false","OriginalFileName":"System.Core.dll","Message":"Image loaded:\r\nRuleName: -\r\nUtcTime: 2020-10-22 00:45:35.322\r\nProcessGuid: {39e4a257-d62f-5f90-8910-000000000700}\r\nProcessId: 1548\r\nImage: C:\\Windows\\System32\\WindowsPowerShell\\v1.0\\powershell.exe\r\nImageLoaded: C:\\Windows\\assembly\\NativeImages_v4.0.30319_64\\System.Core\\1fd0d2be29c2fe80e8171054a45b8d4e\\System.Core.ni.dll\r\nFileVersion: 4.8.4220.0 built by: NET48REL1LAST_C\r\nDescription: .NET Framework\r\nProduct: Microsoft® .NET Framework\r\nCompany: Microsoft Corporation\r\nOriginalFileName: System.Core.dll\r\nHashes: SHA1=2FDBA6E4AB412DD89763CB16DC2A07FF28DCE84E,MD5=078D4299C5568E2BBC99D9853B9F572E,SHA256=2F250A3A72FF43F7335B2BB3F7D7EDC5E9446FE15240BBEDAFFB10C1F585A7BC,IMPHASH=00000000000000000000000000000000\r\nSigned: false\r\nSignature: -\r\nSignatureStatus: Unavailable"}
{"@timestamp":"2020-10-21T08:45:35.970Z","TimeCreated":"2020-10-21T08:45:35.970Z","ProviderGuid":"{5770385f-c22a-43e0-bf4c-06f5698ffbd9}","UtcTime":"2020-10-22 00:45:35.915","ProcessGuid":"{39e4a257-d62f-5f90-8910-000000000700}","Image":"C:\\windows\\system32\\WindowsPowerShell\\v1.0\\powershell.exe","Level":"4","Channel":"Microsoft-Windows-Sysmon/Operational","Task":"12","RuleName":"-","SourceName":"Microsoft-Windows-Sysmon","Hostname":"WORKSTATION5","ProcessId":"1548","EventType":"CreateKey","EventID":12,"Keywords":"0x8000000000000000","TargetObject":"HKU\\S-1-5-20\\Software\\Microsoft\\Windows\\CurrentVersion\\WinTrust\\Trust Providers\\Software Publishing","Message":"Registry object added or deleted:\r\nRuleName: -\r\nEventType: CreateKey\r\nUtcTime: 2020-10-22 00:45:35.915\r\nProcessGuid: {39e4a257-d62f-5f90-8910-000000000700}\r\nProcessId: 1548\r\nImage: C:\\windows\\system32\\WindowsPowerShell\\v1.0\\powershell.exe\r\nTargetObject: HKU\\S-1-5-20\\Software\\Microsoft\\Windows\\CurrentVersion\\WinTrust\\Trust Providers\\Software Publishing"}
{"@timestamp":"2020-10-21T08:45:35.970Z","TimeCreated":"2020-10-21T08:45:35.970Z","ProviderGuid":"{5770385f-c22a-43e0-bf4c-06f5698ffbd9}","UtcTime":"2020-10-22 00:45:35.931","ProcessGuid":"{39e4a257-d62f-5f90-8910-000000000700}","Image":"C:\\windows\\system32\\WindowsPowerShell\\v1.0\\powershell.exe","Level":"4","Channel":"Microsoft-Windows-Sysmon/Operational","Task":"12","RuleName":"-","SourceName":"Microsoft-Windows-Sysmon","Hostname":"WORKSTATION5","ProcessId":"1548","EventType":"CreateKey","EventID":12,"Keywords":"0x8000000000000000","TargetObject":"HKU\\S-1-5-20\\Software\\Microsoft\\SystemCertificates\\Disallowed","Message":"Registry object added or deleted:\r\nRuleName: -\r\nEventType: CreateKey\r\nUtcTime: 2020-10-22 00:45:35.931\r\nProcessGuid: {39e4a257-d62f-5f90-8910-000000000700}\r\nProcessId: 1548\r\nImage: C:\\windows\\system32\\WindowsPowerShell\\v1.0\\powershell.exe\r\nTargetObject: HKU\\S-1-5-20\\Software\\Microsoft\\SystemCertificates\\Disallowed"}
{"@timestamp":"2020-10-21T08:45:35.970Z","TimeCreated":"2020-10-21T08:45:35.970Z","ProviderGuid":"{5770385f-c22a-43e0-bf4c-06f5698ffbd9}","UtcTime":"2020-10-22 00:45:35.931","ProcessGuid":"{39e4a257-d62f-5f90-8910-000000000700}","Image":"C:\\windows\\system32\\WindowsPowerShell\\v1.0\\powershell.exe","Level":"4","Channel":"Microsoft-Windows-Sysmon/Operational","Task":"12","RuleName":"-","SourceName":"Microsoft-Windows-Sysmon","Hostname":"WORKSTATION5","ProcessId":"1548","EventType":"CreateKey","EventID":12,"Keywords":"0x8000000000000000","TargetObject":"HKU\\S-1-5-20\\Software\\Microsoft\\SystemCertificates\\Disallowed","Message":"Registry object added or deleted:\r\nRuleName: -\r\nEventType: CreateKey\r\nUtcTime: 2020-10-22 00:45:35.931\r\nProcessGuid: {39e4a257-d62f-5f90-8910-000000000700}\r\nProcessId: 1548\r\nImage: C:\\windows\\system32\\WindowsPowerShell\\v1.0\\powershell.exe\r\nTargetObject: HKU\\S-1-5-20\\Software\\Microsoft\\SystemCertificates\\Disallowed"}
{"@timestamp":"2020-10-21T08:45:35.971Z","TimeCreated":"2020-10-21T08:45:35.971Z","ProviderGuid":"{5770385f-c22a-43e0-bf4c-06f5698ffbd9}","UtcTime":"2020-10-22 00:45:35.931","ProcessGuid":"{39e4a257-d62f-5f90-8910-000000000700}","Image":"C:\\windows\\system32\\WindowsPowerShell\\v1.0\\powershell.exe","Level":"4","Channel":"Microsoft-Windows-Sysmon/Operational","Task":"12","RuleName":"-","SourceName":"Microsoft-Windows-Sysmon","Hostname":"WORKSTATION5","ProcessId":"1548","EventType":"CreateKey","EventID":12,"Keywords":"0x8000000000000000","TargetObject":"HKU\\S-1-5-20\\Software\\Microsoft\\SystemCertificates\\Disallowed\\Certificates","Message":"Registry object added or deleted:\r\nRuleName: -\r\nEventType: CreateKey\r\nUtcTime: 2020-10-22 00:45:35.931\r\nProcessGuid: {39e4a257-d62f-5f90-8910-000000000700}\r\nProcessId: 1548\r\nImage: C:\\windows\\system32\\WindowsPowerShell\\v1.0\\powershell.exe\r\nTargetObject: HKU\\S-1-5-20\\Software\\Microsoft\\SystemCertificates\\Disallowed\\Certificates"}
{"@timestamp":"2020-10-21T08:45:35.971Z","TimeCreated":"2020-10-21T08:45:35.971Z","Hashes":"SHA1=354FBAC912764BBF6595F97A59D5E32041926194,MD5=89D92079F45D2F2539BCD1EEF73A701E,SHA256=6DAE0B5BAC5B2C34FD313B51AC793B6F0C270DA01474E4D1016B119FC1F9CE8F,IMPHASH=A19426362F5443C7159B76FBEAFD171F","Signature":"Microsoft Windows","ProviderGuid":"{5770385f-c22a-43e0-bf4c-06f5698ffbd9}","Company":"Microsoft Corporation","UtcTime":"2020-10-22 00:45:35.790","ProcessGuid":"{39e4a257-d62f-5f90-8910-000000000700}","Image":"C:\\Windows\\System32\\WindowsPowerShell\\v1.0\\powershell.exe","ImageLoaded":"C:\\Windows\\System32\\psapi.dll","Level":"4","Channel":"Microsoft-Windows-Sysmon/Operational","Task":"7","RuleName":"-","FileVersion":"10.0.18362.1 (WinBuild.160101.0800)","SourceName":"Microsoft-Windows-Sysmon","Hostname":"WORKSTATION5","ProcessId":"1548","Description":"Process Status Helper","SignatureStatus":"Valid","Product":"Microsoft® Windows® Operating System","EventID":7,"Keywords":"0x8000000000000000","Signed":"true","OriginalFileName":"PSAPI","Message":"Image loaded:\r\nRuleName: -\r\nUtcTime: 2020-10-22 00:45:35.790\r\nProcessGuid: {39e4a257-d62f-5f90-8910-000000000700}\r\nProcessId: 1548\r\nImage: C:\\Windows\\System32\\WindowsPowerShell\\v1.0\\powershell.exe\r\nImageLoaded: C:\\Windows\\System32\\psapi.dll\r\nFileVersion: 10.0.18362.1 (WinBuild.160101.0800)\r\nDescription: Process Status Helper\r\nProduct: Microsoft® Windows® Operating System\r\nCompany: Microsoft Corporation\r\nOriginalFileName: PSAPI\r\nHashes: SHA1=354FBAC912764BBF6595F97A59D5E32041926194,MD5=89D92079F45D2F2539BCD1EEF73A701E,SHA256=6DAE0B5BAC5B2C34FD313B51AC793B6F0C270DA01474E4D1016B119FC1F9CE8F,IMPHASH=A19426362F5443C7159B76FBEAFD171F\r\nSigned: true\r\nSignature: Microsoft Windows\r\nSignatureStatus: Valid"}
{"@timestamp":"2020-10-21T08:45:35.971Z","TimeCreated":"2020-10-21T08:45:35.971Z","ProviderGuid":"{5770385f-c22a-43e0-bf4c-06f5698ffbd9}","UtcTime":"2020-10-22 00:45:35.931","ProcessGuid":"{39e4a257-d62f-5f90-8910-000000000700}","Image":"C:\\windows\\system32\\WindowsPowerShell\\v1.0\\powershell.exe","Level":"4","Channel":"Microsoft-Windows-Sysmon/Operational","Task":"12","RuleName":"-","SourceName":"Microsoft-Windows-Sysmon","Hostname":"WORKSTATION5","ProcessId":"1548","EventType":"CreateKey","EventID":12,"Keywords":"0x8000000000000000","TargetObject":"HKU\\S-1-5-20\\Software\\Microsoft\\SystemCertificates\\Disallowed\\CRLs","Message":"Registry object added or deleted:\r\nRuleName: -\r\nEventType: CreateKey\r\nUtcTime: 2020-10-22 00:45:35.931\r\nProcessGuid: {39e4a257-d62f-5f90-8910-000000000700}\r\nProcessId: 1548\r\nImage: C:\\windows\\system32\\WindowsPowerShell\\v1.0\\powershell.exe\r\nTargetObject: HKU\\S-1-5-20\\Software\\Microsoft\\SystemCertificates\\Disallowed\\CRLs"}
{"@timestamp":"2020-10-21T08:45:35.971Z","TimeCreated":"2020-10-21T08:45:35.971Z","ProviderGuid":"{5770385f-c22a-43e0-bf4c-06f5698ffbd9}","UtcTime":"2020-10-22 00:45:35.931","ProcessGuid":"{39e4a257-d62f-5f90-8910-000000000700}","Image":"C:\\windows\\system32\\WindowsPowerShell\\v1.0\\powershell.exe","Level":"4","Channel":"Microsoft-Windows-Sysmon/Operational","Task":"12","RuleName":"-","SourceName":"Microsoft-Windows-Sysmon","Hostname":"WORKSTATION5","ProcessId":"1548","EventType":"CreateKey","EventID":12,"Keywords":"0x8000000000000000","TargetObject":"HKU\\S-1-5-20\\Software\\Microsoft\\SystemCertificates\\Disallowed\\CTLs","Message":"Registry object added or deleted:\r\nRuleName: -\r\nEventType: CreateKey\r\nUtcTime: 2020-10-22 00:45:35.931\r\nProcessGuid: {39e4a257-d62f-5f90-8910-000000000700}\r\nProcessId: 1548\r\nImage: C:\\windows\\system32\\WindowsPowerShell\\v1.0\\powershell.exe\r\nTargetObject: HKU\\S-1-5-20\\Software\\Microsoft\\SystemCertificates\\Disallowed\\CTLs"}
{"@timestamp":"2020-10-21T08:45:35.971Z","TimeCreated":"2020-10-21T08:45:35.971Z","ProviderGuid":"{5770385f-c22a-43e0-bf4c-06f5698ffbd9}","UtcTime":"2020-10-22 00:45:35.931","ProcessGuid":"{39e4a257-d62f-5f90-8910-000000000700}","Image":"C:\\windows\\system32\\WindowsPowerShell\\v1.0\\powershell.exe","Level":"4","Channel":"Microsoft-Windows-Sysmon/Operational","Task":"12","RuleName":"-","SourceName":"Microsoft-Windows-Sysmon","Hostname":"WORKSTATION5","ProcessId":"1548","EventType":"CreateKey","EventID":12,"Keywords":"0x8000000000000000","TargetObject":"HKU\\S-1-5-20\\Software\\Policies\\Microsoft\\SystemCertificates\\Disallowed","Message":"Registry object added or deleted:\r\nRuleName: -\r\nEventType: CreateKey\r\nUtcTime: 2020-10-22 00:45:35.931\r\nProcessGuid: {39e4a257-d62f-5f90-8910-000000000700}\r\nProcessId: 1548\r\nImage: C:\\windows\\system32\\WindowsPowerShell\\v1.0\\powershell.exe\r\nTargetObject: HKU\\S-1-5-20\\Software\\Policies\\Microsoft\\SystemCertificates\\Disallowed"}
{"@timestamp":"2020-10-21T08:45:35.971Z","TimeCreated":"2020-10-21T08:45:35.971Z","ProviderGuid":"{5770385f-c22a-43e0-bf4c-06f5698ffbd9}","UtcTime":"2020-10-22 00:45:35.931","ProcessGuid":"{39e4a257-d62f-5f90-8910-000000000700}","Image":"C:\\windows\\system32\\WindowsPowerShell\\v1.0\\powershell.exe","Level":"4","Channel":"Microsoft-Windows-Sysmon/Operational","Task":"12","RuleName":"-","SourceName":"Microsoft-Windows-Sysmon","Hostname":"WORKSTATION5","ProcessId":"1548","EventType":"CreateKey","EventID":12,"Keywords":"0x8000000000000000","TargetObject":"HKU\\S-1-5-20\\Software\\Policies\\Microsoft\\SystemCertificates\\Disallowed\\Certificates","Message":"Registry object added or deleted:\r\nRuleName: -\r\nEventType: CreateKey\r\nUtcTime: 2020-10-22 00:45:35.931\r\nProcessGuid: {39e4a257-d62f-5f90-8910-000000000700}\r\nProcessId: 1548\r\nImage: C:\\windows\\system32\\WindowsPowerShell\\v1.0\\powershell.exe\r\nTargetObject: HKU\\S-1-5-20\\Software\\Policies\\Microsoft\\SystemCertificates\\Disallowed\\Certificates"}
{"@timestamp":"2020-10-21T08:45:35.972Z","TimeCreated":"2020-10-21T08:45:35.972Z","ProviderGuid":"{5770385f-c22a-43e0-bf4c-06f5698ffbd9}","UtcTime":"2020-10-22 00:45:35.931","ProcessGuid":"{39e4a257-d62f-5f90-8910-000000000700}","Image":"C:\\windows\\system32\\WindowsPowerShell\\v1.0\\powershell.exe","Level":"4","Channel":"Microsoft-Windows-Sysmon/Operational","Task":"12","RuleName":"-","SourceName":"Microsoft-Windows-Sysmon","Hostname":"WORKSTATION5","ProcessId":"1548","EventType":"CreateKey","EventID":12,"Keywords":"0x8000000000000000","TargetObject":"HKU\\S-1-5-20\\Software\\Policies\\Microsoft\\SystemCertificates\\Disallowed\\CRLs","Message":"Registry object added or deleted:\r\nRuleName: -\r\nEventType: CreateKey\r\nUtcTime: 2020-10-22 00:45:35.931\r\nProcessGuid: {39e4a257-d62f-5f90-8910-000000000700}\r\nProcessId: 1548\r\nImage: C:\\windows\\system32\\WindowsPowerShell\\v1.0\\powershell.exe\r\nTargetObject: HKU\\S-1-5-20\\Software\\Policies\\Microsoft\\SystemCertificates\\Disallowed\\CRLs"}
{"@timestamp":"2020-10-21T08:45:35.972Z","TimeCreated":"2020-10-21T08:45:35.972Z","ProviderGuid":"{5770385f-c22a-43e0-bf4c-06f5698ffbd9}","UtcTime":"2020-10-22 00:45:35.931","ProcessGuid":"{39e4a257-d62f-5f90-8910-000000000700}","Image":"C:\\windows\\system32\\WindowsPowerShell\\v1.0\\powershell.exe","Level":"4","Channel":"Microsoft-Windows-Sysmon/Operational","Task":"12","RuleName":"-","SourceName":"Microsoft-Windows-Sysmon","Hostname":"WORKSTATION5","ProcessId":"1548","EventType":"CreateKey","EventID":12,"Keywords":"0x8000000000000000","TargetObject":"HKU\\S-1-5-20\\Software\\Policies\\Microsoft\\SystemCertificates\\Disallowed\\CTLs","Message":"Registry object added or deleted:\r\nRuleName: -\r\nEventType: CreateKey\r\nUtcTime: 2020-10-22 00:45:35.931\r\nProcessGuid: {39e4a257-d62f-5f90-8910-000000000700}\r\nProcessId: 1548\r\nImage: C:\\windows\\system32\\WindowsPowerShell\\v1.0\\powershell.exe\r\nTargetObject: HKU\\S-1-5-20\\Software\\Policies\\Microsoft\\SystemCertificates\\Disallowed\\CTLs"}
{"@timestamp":"2020-10-21T08:45:35.972Z","TimeCreated":"2020-10-21T08:45:35.972Z","ProviderGuid":"{5770385f-c22a-43e0-bf4c-06f5698ffbd9}","UtcTime":"2020-10-22 00:45:35.931","ProcessGuid":"{39e4a257-d62f-5f90-8910-000000000700}","Image":"C:\\windows\\system32\\WindowsPowerShell\\v1.0\\powershell.exe","Level":"4","Channel":"Microsoft-Windows-Sysmon/Operational","Task":"12","RuleName":"-","SourceName":"Microsoft-Windows-Sysmon","Hostname":"WORKSTATION5","ProcessId":"1548","EventType":"CreateKey","EventID":12,"Keywords":"0x8000000000000000","TargetObject":"HKLM\\SOFTWARE","Message":"Registry object added or deleted:\r\nRuleName: -\r\nEventType: CreateKey\r\nUtcTime: 2020-10-22 00:45:35.931\r\nProcessGuid: {39e4a257-d62f-5f90-8910-000000000700}\r\nProcessId: 1548\r\nImage: C:\\windows\\system32\\WindowsPowerShell\\v1.0\\powershell.exe\r\nTargetObject: HKLM\\SOFTWARE"}
{"@timestamp":"2020-10-21T08:45:35.972Z","TimeCreated":"2020-10-21T08:45:35.972Z","ProviderGuid":"{5770385f-c22a-43e0-bf4c-06f5698ffbd9}","UtcTime":"2020-10-22 00:45:35.931","ProcessGuid":"{39e4a257-d62f-5f90-8910-000000000700}","Image":"C:\\windows\\system32\\WindowsPowerShell\\v1.0\\powershell.exe","Level":"4","Channel":"Microsoft-Windows-Sysmon/Operational","Task":"12","RuleName":"-","SourceName":"Microsoft-Windows-Sysmon","Hostname":"WORKSTATION5","ProcessId":"1548","EventType":"CreateKey","EventID":12,"Keywords":"0x8000000000000000","TargetObject":"HKLM\\SOFTWARE\\Microsoft","Message":"Registry object added or deleted:\r\nRuleName: -\r\nEventType: CreateKey\r\nUtcTime: 2020-10-22 00:45:35.931\r\nProcessGuid: {39e4a257-d62f-5f90-8910-000000000700}\r\nProcessId: 1548\r\nImage: C:\\windows\\system32\\WindowsPowerShell\\v1.0\\powershell.exe\r\nTargetObject: HKLM\\SOFTWARE\\Microsoft"}
{"@timestamp":"2020-10-21T08:45:35.972Z","TimeCreated":"2020-10-21T08:45:35.972Z","ProviderGuid":"{5770385f-c22a-43e0-bf4c-06f5698ffbd9}","UtcTime":"2020-10-22 00:45:35.931","ProcessGuid":"{39e4a257-d62f-5f90-8910-000000000700}","Image":"C:\\windows\\system32\\WindowsPowerShell\\v1.0\\powershell.exe","Level":"4","Channel":"Microsoft-Windows-Sysmon/Operational","Task":"12","RuleName":"-","SourceName":"Microsoft-Windows-Sysmon","Hostname":"WORKSTATION5","ProcessId":"1548","EventType":"CreateKey","EventID":12,"Keywords":"0x8000000000000000","TargetObject":"HKLM\\SOFTWARE\\Microsoft\\SystemCertificates","Message":"Registry object added or deleted:\r\nRuleName: -\r\nEventType: CreateKey\r\nUtcTime: 2020-10-22 00:45:35.931\r\nProcessGuid: {39e4a257-d62f-5f90-8910-000000000700}\r\nProcessId: 1548\r\nImage: C:\\windows\\system32\\WindowsPowerShell\\v1.0\\powershell.exe\r\nTargetObject: HKLM\\SOFTWARE\\Microsoft\\SystemCertificates"}
{"@timestamp":"2020-10-21T08:45:35.972Z","TimeCreated":"2020-10-21T08:45:35.972Z","ProviderGuid":"{5770385f-c22a-43e0-bf4c-06f5698ffbd9}","UtcTime":"2020-10-22 00:45:35.931","ProcessGuid":"{39e4a257-d62f-5f90-8910-000000000700}","Image":"C:\\windows\\system32\\WindowsPowerShell\\v1.0\\powershell.exe","Level":"4","Channel":"Microsoft-Windows-Sysmon/Operational","Task":"12","RuleName":"-","SourceName":"Microsoft-Windows-Sysmon","Hostname":"WORKSTATION5","ProcessId":"1548","EventType":"CreateKey","EventID":12,"Keywords":"0x8000000000000000","TargetObject":"HKLM\\SOFTWARE","Message":"Registry object added or deleted:\r\nRuleName: -\r\nEventType: CreateKey\r\nUtcTime: 2020-10-22 00:45:35.931\r\nProcessGuid: {39e4a257-d62f-5f90-8910-000000000700}\r\nProcessId: 1548\r\nImage: C:\\windows\\system32\\WindowsPowerShell\\v1.0\\powershell.exe\r\nTargetObject: HKLM\\SOFTWARE"}
{"@timestamp":"2020-10-21T08:45:35.972Z","TimeCreated":"2020-10-21T08:45:35.972Z","ProviderGuid":"{5770385f-c22a-43e0-bf4c-06f5698ffbd9}","UtcTime":"2020-10-22 00:45:35.931","ProcessGuid":"{39e4a257-d62f-5f90-8910-000000000700}","Image":"C:\\windows\\system32\\WindowsPowerShell\\v1.0\\powershell.exe","Level":"4","Channel":"Microsoft-Windows-Sysmon/Operational","Task":"12","RuleName":"-","SourceName":"Microsoft-Windows-Sysmon","Hostname":"WORKSTATION5","ProcessId":"1548","EventType":"CreateKey","EventID":12,"Keywords":"0x8000000000000000","TargetObject":"HKLM\\SOFTWARE\\Microsoft","Message":"Registry object added or deleted:\r\nRuleName: -\r\nEventType: CreateKey\r\nUtcTime: 2020-10-22 00:45:35.931\r\nProcessGuid: {39e4a257-d62f-5f90-8910-000000000700}\r\nProcessId: 1548\r\nImage: C:\\windows\\system32\\WindowsPowerShell\\v1.0\\powershell.exe\r\nTargetObject: HKLM\\SOFTWARE\\Microsoft"}
{"@timestamp":"2020-10-21T08:45:35.972Z","TimeCreated":"2020-10-21T08:45:35.972Z","ProviderGuid":"{5770385f-c22a-43e0-bf4c-06f5698ffbd9}","UtcTime":"2020-10-22 00:45:35.931","ProcessGuid":"{39e4a257-d62f-5f90-8910-000000000700}","Image":"C:\\windows\\system32\\WindowsPowerShell\\v1.0\\powershell.exe","Level":"4","Channel":"Microsoft-Windows-Sysmon/Operational","Task":"12","RuleName":"-","SourceName":"Microsoft-Windows-Sysmon","Hostname":"WORKSTATION5","ProcessId":"1548","EventType":"CreateKey","EventID":12,"Keywords":"0x8000000000000000","TargetObject":"HKLM\\SOFTWARE\\Microsoft\\SystemCertificates","Message":"Registry object added or deleted:\r\nRuleName: -\r\nEventType: CreateKey\r\nUtcTime: 2020-10-22 00:45:35.931\r\nProcessGuid: {39e4a257-d62f-5f90-8910-000000000700}\r\nProcessId: 1548\r\nImage: C:\\windows\\system32\\WindowsPowerShell\\v1.0\\powershell.exe\r\nTargetObject: HKLM\\SOFTWARE\\Microsoft\\SystemCertificates"}
{"@timestamp":"2020-10-21T08:45:35.972Z","TimeCreated":"2020-10-21T08:45:35.972Z","ProviderGuid":"{5770385f-c22a-43e0-bf4c-06f5698ffbd9}","UtcTime":"2020-10-22 00:45:35.931","ProcessGuid":"{39e4a257-d62f-5f90-8910-000000000700}","Image":"C:\\windows\\system32\\WindowsPowerShell\\v1.0\\powershell.exe","Level":"4","Channel":"Microsoft-Windows-Sysmon/Operational","Task":"12","RuleName":"-","SourceName":"Microsoft-Windows-Sysmon","Hostname":"WORKSTATION5","ProcessId":"1548","EventType":"CreateKey","EventID":12,"Keywords":"0x8000000000000000","TargetObject":"HKLM\\SOFTWARE","Message":"Registry object added or deleted:\r\nRuleName: -\r\nEventType: CreateKey\r\nUtcTime: 2020-10-22 00:45:35.931\r\nProcessGuid: {39e4a257-d62f-5f90-8910-000000000700}\r\nProcessId: 1548\r\nImage: C:\\windows\\system32\\WindowsPowerShell\\v1.0\\powershell.exe\r\nTargetObject: HKLM\\SOFTWARE"}
{"@timestamp":"2020-10-21T08:45:35.972Z","TimeCreated":"2020-10-21T08:45:35.972Z","ProviderGuid":"{5770385f-c22a-43e0-bf4c-06f5698ffbd9}","UtcTime":"2020-10-22 00:45:35.931","ProcessGuid":"{39e4a257-d62f-5f90-8910-000000000700}","Image":"C:\\windows\\system32\\WindowsPowerShell\\v1.0\\powershell.exe","Level":"4","Channel":"Microsoft-Windows-Sysmon/Operational","Task":"12","RuleName":"-","SourceName":"Microsoft-Windows-Sysmon","Hostname":"WORKSTATION5","ProcessId":"1548","EventType":"CreateKey","EventID":12,"Keywords":"0x8000000000000000","TargetObject":"HKLM\\SOFTWARE\\Policies","Message":"Registry object added or deleted:\r\nRuleName: -\r\nEventType: CreateKey\r\nUtcTime: 2020-10-22 00:45:35.931\r\nProcessGuid: {39e4a257-d62f-5f90-8910-000000000700}\r\nProcessId: 1548\r\nImage: C:\\windows\\system32\\WindowsPowerShell\\v1.0\\powershell.exe\r\nTargetObject: HKLM\\SOFTWARE\\Policies"}
{"@timestamp":"2020-10-21T08:45:35.972Z","TimeCreated":"2020-10-21T08:45:35.972Z","ProviderGuid":"{5770385f-c22a-43e0-bf4c-06f5698ffbd9}","UtcTime":"2020-10-22 00:45:35.931","ProcessGuid":"{39e4a257-d62f-5f90-8910-000000000700}","Image":"C:\\windows\\system32\\WindowsPowerShell\\v1.0\\powershell.exe","Level":"4","Channel":"Microsoft-Windows-Sysmon/Operational","Task":"12","RuleName":"-","SourceName":"Microsoft-Windows-Sysmon","Hostname":"WORKSTATION5","ProcessId":"1548","EventType":"CreateKey","EventID":12,"Keywords":"0x8000000000000000","TargetObject":"HKLM\\SOFTWARE\\Policies\\Microsoft","Message":"Registry object added or deleted:\r\nRuleName: -\r\nEventType: CreateKey\r\nUtcTime: 2020-10-22 00:45:35.931\r\nProcessGuid: {39e4a257-d62f-5f90-8910-000000000700}\r\nProcessId: 1548\r\nImage: C:\\windows\\system32\\WindowsPowerShell\\v1.0\\powershell.exe\r\nTargetObject: HKLM\\SOFTWARE\\Policies\\Microsoft"}
{"@timestamp":"2020-10-21T08:45:35.972Z","TimeCreated":"2020-10-21T08:45:35.972Z","ProviderGuid":"{5770385f-c22a-43e0-bf4c-06f5698ffbd9}","UtcTime":"2020-10-22 00:45:35.931","ProcessGuid":"{39e4a257-d62f-5f90-8910-000000000700}","Image":"C:\\windows\\system32\\WindowsPowerShell\\v1.0\\powershell.exe","Level":"4","Channel":"Microsoft-Windows-Sysmon/Operational","Task":"12","RuleName":"-","SourceName":"Microsoft-Windows-Sysmon","Hostname":"WORKSTATION5","ProcessId":"1548","EventType":"CreateKey","EventID":12,"Keywords":"0x8000000000000000","TargetObject":"HKLM\\SOFTWARE\\Policies\\Microsoft\\SystemCertificates","Message":"Registry object added or deleted:\r\nRuleName: -\r\nEventType: CreateKey\r\nUtcTime: 2020-10-22 00:45:35.931\r\nProcessGuid: {39e4a257-d62f-5f90-8910-000000000700}\r\nProcessId: 1548\r\nImage: C:\\windows\\system32\\WindowsPowerShell\\v1.0\\powershell.exe\r\nTargetObject: HKLM\\SOFTWARE\\Policies\\Microsoft\\SystemCertificates"}
{"@timestamp":"2020-10-21T08:45:35.972Z","TimeCreated":"2020-10-21T08:45:35.972Z","ProviderGuid":"{5770385f-c22a-43e0-bf4c-06f5698ffbd9}","UtcTime":"2020-10-22 00:45:35.931","ProcessGuid":"{39e4a257-d62f-5f90-8910-000000000700}","Image":"C:\\windows\\system32\\WindowsPowerShell\\v1.0\\powershell.exe","Level":"4","Channel":"Microsoft-Windows-Sysmon/Operational","Task":"12","RuleName":"-","SourceName":"Microsoft-Windows-Sysmon","Hostname":"WORKSTATION5","ProcessId":"1548","EventType":"CreateKey","EventID":12,"Keywords":"0x8000000000000000","TargetObject":"HKLM\\SOFTWARE","Message":"Registry object added or deleted:\r\nRuleName: -\r\nEventType: CreateKey\r\nUtcTime: 2020-10-22 00:45:35.931\r\nProcessGuid: {39e4a257-d62f-5f90-8910-000000000700}\r\nProcessId: 1548\r\nImage: C:\\windows\\system32\\WindowsPowerShell\\v1.0\\powershell.exe\r\nTargetObject: HKLM\\SOFTWARE"}
{"@timestamp":"2020-10-21T08:45:35.972Z","TimeCreated":"2020-10-21T08:45:35.972Z","ProviderGuid":"{5770385f-c22a-43e0-bf4c-06f5698ffbd9}","UtcTime":"2020-10-22 00:45:35.931","ProcessGuid":"{39e4a257-d62f-5f90-8910-000000000700}","Image":"C:\\windows\\system32\\WindowsPowerShell\\v1.0\\powershell.exe","Level":"4","Channel":"Microsoft-Windows-Sysmon/Operational","Task":"12","RuleName":"-","SourceName":"Microsoft-Windows-Sysmon","Hostname":"WORKSTATION5","ProcessId":"1548","EventType":"CreateKey","EventID":12,"Keywords":"0x8000000000000000","TargetObject":"HKLM\\SOFTWARE\\Microsoft","Message":"Registry object added or deleted:\r\nRuleName: -\r\nEventType: CreateKey\r\nUtcTime: 2020-10-22 00:45:35.931\r\nProcessGuid: {39e4a257-d62f-5f90-8910-000000000700}\r\nProcessId: 1548\r\nImage: C:\\windows\\system32\\WindowsPowerShell\\v1.0\\powershell.exe\r\nTargetObject: HKLM\\SOFTWARE\\Microsoft"}
{"@timestamp":"2020-10-21T08:45:35.972Z","TimeCreated":"2020-10-21T08:45:35.972Z","ProviderGuid":"{5770385f-c22a-43e0-bf4c-06f5698ffbd9}","UtcTime":"2020-10-22 00:45:35.931","ProcessGuid":"{39e4a257-d62f-5f90-8910-000000000700}","Image":"C:\\windows\\system32\\WindowsPowerShell\\v1.0\\powershell.exe","Level":"4","Channel":"Microsoft-Windows-Sysmon/Operational","Task":"12","RuleName":"-","SourceName":"Microsoft-Windows-Sysmon","Hostname":"WORKSTATION5","ProcessId":"1548","EventType":"CreateKey","EventID":12,"Keywords":"0x8000000000000000","TargetObject":"HKLM\\SOFTWARE\\Microsoft\\EnterpriseCertificates","Message":"Registry object added or deleted:\r\nRuleName: -\r\nEventType: CreateKey\r\nUtcTime: 2020-10-22 00:45:35.931\r\nProcessGuid: {39e4a257-d62f-5f90-8910-000000000700}\r\nProcessId: 1548\r\nImage: C:\\windows\\system32\\WindowsPowerShell\\v1.0\\powershell.exe\r\nTargetObject: HKLM\\SOFTWARE\\Microsoft\\EnterpriseCertificates"}
{"@timestamp":"2020-10-21T08:45:35.973Z","TimeCreated":"2020-10-21T08:45:35.973Z","ProviderGuid":"{5770385f-c22a-43e0-bf4c-06f5698ffbd9}","UtcTime":"2020-10-22 00:45:35.931","ProcessGuid":"{39e4a257-d62f-5f90-8910-000000000700}","Image":"C:\\windows\\system32\\WindowsPowerShell\\v1.0\\powershell.exe","Level":"4","Channel":"Microsoft-Windows-Sysmon/Operational","Task":"12","RuleName":"-","SourceName":"Microsoft-Windows-Sysmon","Hostname":"WORKSTATION5","ProcessId":"1548","EventType":"CreateKey","EventID":12,"Keywords":"0x8000000000000000","TargetObject":"HKLM\\SOFTWARE","Message":"Registry object added or deleted:\r\nRuleName: -\r\nEventType: CreateKey\r\nUtcTime: 2020-10-22 00:45:35.931\r\nProcessGuid: {39e4a257-d62f-5f90-8910-000000000700}\r\nProcessId: 1548\r\nImage: C:\\windows\\system32\\WindowsPowerShell\\v1.0\\powershell.exe\r\nTargetObject: HKLM\\SOFTWARE"}
{"@timestamp":"2020-10-21T08:45:35.973Z","TimeCreated":"2020-10-21T08:45:35.973Z","ProviderGuid":"{5770385f-c22a-43e0-bf4c-06f5698ffbd9}","UtcTime":"2020-10-22 00:45:35.931","ProcessGuid":"{39e4a257-d62f-5f90-8910-000000000700}","Image":"C:\\windows\\system32\\WindowsPowerShell\\v1.0\\powershell.exe","Level":"4","Channel":"Microsoft-Windows-Sysmon/Operational","Task":"12","RuleName":"-","SourceName":"Microsoft-Windows-Sysmon","Hostname":"WORKSTATION5","ProcessId":"1548","EventType":"CreateKey","EventID":12,"Keywords":"0x8000000000000000","TargetObject":"HKLM\\SOFTWARE\\Microsoft","Message":"Registry object added or deleted:\r\nRuleName: -\r\nEventType: CreateKey\r\nUtcTime: 2020-10-22 00:45:35.931\r\nProcessGuid: {39e4a257-d62f-5f90-8910-000000000700}\r\nProcessId: 1548\r\nImage: C:\\windows\\system32\\WindowsPowerShell\\v1.0\\powershell.exe\r\nTargetObject: HKLM\\SOFTWARE\\Microsoft"}
{"@timestamp":"2020-10-21T08:45:35.973Z","TimeCreated":"2020-10-21T08:45:35.973Z","ProviderGuid":"{5770385f-c22a-43e0-bf4c-06f5698ffbd9}","UtcTime":"2020-10-22 00:45:35.931","ProcessGuid":"{39e4a257-d62f-5f90-8910-000000000700}","Image":"C:\\windows\\system32\\WindowsPowerShell\\v1.0\\powershell.exe","Level":"4","Channel":"Microsoft-Windows-Sysmon/Operational","Task":"12","RuleName":"-","SourceName":"Microsoft-Windows-Sysmon","Hostname":"WORKSTATION5","ProcessId":"1548","EventType":"CreateKey","EventID":12,"Keywords":"0x8000000000000000","TargetObject":"HKLM\\SOFTWARE\\Microsoft\\EnterpriseCertificates","Message":"Registry object added or deleted:\r\nRuleName: -\r\nEventType: CreateKey\r\nUtcTime: 2020-10-22 00:45:35.931\r\nProcessGuid: {39e4a257-d62f-5f90-8910-000000000700}\r\nProcessId: 1548\r\nImage: C:\\windows\\system32\\WindowsPowerShell\\v1.0\\powershell.exe\r\nTargetObject: HKLM\\SOFTWARE\\Microsoft\\EnterpriseCertificates"}
{"@timestamp":"2020-10-21T08:45:35.973Z","TimeCreated":"2020-10-21T08:45:35.973Z","Hashes":"SHA1=756686FFA8B623C0D363F1104CD992C976D2646C,MD5=431151D8C73561916A3B94F999FA7588,SHA256=6AE30B39DA6C511DF8D87C34008F00E800AF598B9420159B4C6E821366675FEB,IMPHASH=084B9FD27C42398DF063BD1A6C45BF11","Signature":"Microsoft Windows","ProviderGuid":"{5770385f-c22a-43e0-bf4c-06f5698ffbd9}","Company":"Microsoft Corporation","UtcTime":"2020-10-22 00:45:35.931","ProcessGuid":"{39e4a257-d62f-5f90-8910-000000000700}","Image":"C:\\Windows\\System32\\WindowsPowerShell\\v1.0\\powershell.exe","ImageLoaded":"C:\\Windows\\System32\\mintdh.dll","Level":"4","Channel":"Microsoft-Windows-Sysmon/Operational","Task":"7","RuleName":"-","FileVersion":"10.0.18362.1 (WinBuild.160101.0800)","SourceName":"Microsoft-Windows-Sysmon","Hostname":"WORKSTATION5","ProcessId":"1548","Description":"Event Trace Helper Library","SignatureStatus":"Valid","Product":"Microsoft® Windows® Operating System","EventID":7,"Keywords":"0x8000000000000000","Signed":"true","OriginalFileName":"mintdh.dll","Message":"Image loaded:\r\nRuleName: -\r\nUtcTime: 2020-10-22 00:45:35.931\r\nProcessGuid: {39e4a257-d62f-5f90-8910-000000000700}\r\nProcessId: 1548\r\nImage: C:\\Windows\\System32\\WindowsPowerShell\\v1.0\\powershell.exe\r\nImageLoaded: C:\\Windows\\System32\\mintdh.dll\r\nFileVersion: 10.0.18362.1 (WinBuild.160101.0800)\r\nDescription: Event Trace Helper Library\r\nProduct: Microsoft® Windows® Operating System\r\nCompany: Microsoft Corporation\r\nOriginalFileName: mintdh.dll\r\nHashes: SHA1=756686FFA8B623C0D363F1104CD992C976D2646C,MD5=431151D8C73561916A3B94F999FA7588,SHA256=6AE30B39DA6C511DF8D87C34008F00E800AF598B9420159B4C6E821366675FEB,IMPHASH=084B9FD27C42398DF063BD1A6C45BF11\r\nSigned: true\r\nSignature: Microsoft Windows\r\nSignatureStatus: Valid"}
{"@timestamp":"2020-10-21T08:45:35.974Z","TimeCreated":"2020-10-21T08:45:35.974Z","Hashes":"SHA1=24EB571260CD9925120AD98BB1F0CE7864F9A9E0,MD5=1F6C81F6564EBDC877B7A42F39FD4B78,SHA256=E44C57609EE909F2EA2CBC2ADB85800BFB87FC443BF53E9AF67F429741BC9139,IMPHASH=00000000000000000000000000000000","Signature":"-","ProviderGuid":"{5770385f-c22a-43e0-bf4c-06f5698ffbd9}","Company":"Microsoft Corporation","UtcTime":"2020-10-22 00:45:35.962","ProcessGuid":"{39e4a257-d62f-5f90-8910-000000000700}","Image":"C:\\Windows\\System32\\WindowsPowerShell\\v1.0\\powershell.exe","ImageLoaded":"C:\\Windows\\assembly\\NativeImages_v4.0.30319_64\\System.Dired13b18a9#\\ec193afad3d1acf6d6f749f415443edf\\System.DirectoryServices.ni.dll","Level":"4","Channel":"Microsoft-Windows-Sysmon/Operational","Task":"7","RuleName":"-","FileVersion":"4.8.3752.0 built by: NET48REL1","SourceName":"Microsoft-Windows-Sysmon","Hostname":"WORKSTATION5","ProcessId":"1548","Description":".NET Framework","SignatureStatus":"Unavailable","Product":"Microsoft® .NET Framework","EventID":7,"Keywords":"0x8000000000000000","Signed":"false","OriginalFileName":"System.DirectoryServices.dll","Message":"Image loaded:\r\nRuleName: -\r\nUtcTime: 2020-10-22 00:45:35.962\r\nProcessGuid: {39e4a257-d62f-5f90-8910-000000000700}\r\nProcessId: 1548\r\nImage: C:\\Windows\\System32\\WindowsPowerShell\\v1.0\\powershell.exe\r\nImageLoaded: C:\\Windows\\assembly\\NativeImages_v4.0.30319_64\\System.Dired13b18a9#\\ec193afad3d1acf6d6f749f415443edf\\System.DirectoryServices.ni.dll\r\nFileVersion: 4.8.3752.0 built by: NET48REL1\r\nDescription: .NET Framework\r\nProduct: Microsoft® .NET Framework\r\nCompany: Microsoft Corporation\r\nOriginalFileName: System.DirectoryServices.dll\r\nHashes: SHA1=24EB571260CD9925120AD98BB1F0CE7864F9A9E0,MD5=1F6C81F6564EBDC877B7A42F39FD4B78,SHA256=E44C57609EE909F2EA2CBC2ADB85800BFB87FC443BF53E9AF67F429741BC9139,IMPHASH=00000000000000000000000000000000\r\nSigned: false\r\nSignature: -\r\nSignatureStatus: Unavailable"}
