{"@timestamp":"2020-10-21T08:45:35.859Z","TimeCreated":"2020-10-21T08:45:35.859Z","ProviderGuid":"{5770385f-c22a-43e0-bf4c-06f5698ffbd9}","UtcTime":"2020-10-22 00:45:35.837","ProcessGuid":"{39e4a257-d62f-5f90-8910-000000000700}","Image":"C:\\windows\\system32\\WindowsPowerShell\\v1.0\\powershell.exe","Level":"4","Channel":"Microsoft-Windows-Sysmon/Operational","Task":"12","RuleName":"-","SourceName":"Microsoft-Windows-Sysmon","Hostname":"WORKSTATION5","ProcessId":"1548","EventType":"CreateKey","EventID":12,"Keywords":"0x8000000000000000","TargetObject":"HKU\\S-1-5-20\\Software\\Microsoft\\SystemCertificates\\TrustedPeople\\CTLs","Message":"Registry object added or deleted:\r\nRuleName: -\r\nEventType: CreateKey\r\nUtcTime: 2020-10-22 00:45:35.837\r\nProcessGuid: {39e4a257-d62f-5f90-8910-000000000700}\r\nProcessId: 1548\r\nImage: C:\\windows\\system32\\WindowsPowerShell\\v1.0\\powershell.exe\r\nTargetObject: HKU\\S-1-5-20\\Software\\Microsoft\\SystemCertificates\\TrustedPeople\\CTLs"}
{"@timestamp":"2020-10-21T08:45:35.859Z","TimeCreated":"2020-10-21T08:45:35.859Z","ProviderGuid":"{5770385f-c22a-43e0-bf4c-06f5698ffbd9}","UtcTime":"2020-10-22 00:45:35.837","ProcessGuid":"{39e4a257-d62f-5f90-8910-000000000700}","Image":"C:\\windows\\system32\\WindowsPowerShell\\v1.0\\powershell.exe","Level":"4","Channel":"Microsoft-Windows-Sysmon/Operational","Task":"12","RuleName":"-","SourceName":"Microsoft-Windows-Sysmon","Hostname":"WORKSTATION5","ProcessId":"1548","EventType":"CreateKey","EventID":12,"Keywords":"0x8000000000000000","TargetObject":"HKU\\S-1-5-20\\Software\\Policies\\Microsoft\\SystemCertificates\\TrustedPeople","Message":"Registry object added or deleted:\r\nRuleName: -\r\nEventType: CreateKey\r\nUtcTime: 2020-10-22 00:45:35.837\r\nProcessGuid: {39e4a257-d62f-5f90-8910-000000000700}\r\nProcessId: 1548\r\nImage: C:\\windows\\system32\\WindowsPowerShell\\v1.0\\powershell.exe\r\nTargetObject: HKU\\S-1-5-20\\Software\\Policies\\Microsoft\\SystemCertificates\\TrustedPeople"}
{"@timestamp":"2020-10-21T08:45:35.859Z","TimeCreated":"2020-10-21T08:45:35.859Z","ProviderGuid":"{5770385f-c22a-43e0-bf4c-06f5698ffbd9}","UtcTime":"2020-10-22 00:45:35.837","ProcessGuid":"{39e4a257-d62f-5f90-8910-000000000700}","Image":"C:\\windows\\system32\\WindowsPowerShell\\v1.0\\powershell.exe","Level":"4","Channel":"Microsoft-Windows-Sysmon/Operational","Task":"12","RuleName":"-","SourceName":"Microsoft-Windows-Sysmon","Hostname":"WORKSTATION5","ProcessId":"1548","EventType":"CreateKey","EventID":12,"Keywords":"0x8000000000000000","TargetObject":"HKU\\S-1-5-20\\Software\\Policies\\Microsoft\\SystemCertificates\\TrustedPeople\\Certificates","Message":"Registry object added or deleted:\r\nRuleName: -\r\nEventType: CreateKey\r\nUtcTime: 2020-10-22 00:45:35.837\r\nProcessGuid: {39e4a257-d62f-5f90-8910-000000000700}\r\nProcessId: 1548\r\nImage: C:\\windows\\system32\\WindowsPowerShell\\v1.0\\powershell.exe\r\nTargetObject: HKU\\S-1-5-20\\Software\\Policies\\Microsoft\\SystemCertificates\\TrustedPeople\\Certificates"}
{"@timestamp":"2020-10-21T08:45:35.859Z","TimeCreated":"2020-10-21T08:45:35.859Z","ProviderGuid":"{5770385f-c22a-43e0-bf4c-06f5698ffbd9}","UtcTime":"2020-10-22 00:45:35.837","ProcessGuid":"{39e4a257-d62f-5f90-8910-000000000700}","Image":"C:\\windows\\system32\\WindowsPowerShell\\v1.0\\powershell.exe","Level":"4","Channel":"Microsoft-Windows-Sysmon/Operational","Task":"12","RuleName":"-","SourceName":"Microsoft-Windows-Sysmon","Hostname":"WORKSTATION5","ProcessId":"1548","EventType":"CreateKey","EventID":12,"Keywords":"0x8000000000000000","TargetObject":"HKU\\S-1-5-20\\Software\\Policies\\Microsoft\\SystemCertificates\\TrustedPeople\\CRLs","Message":"Registry object added or deleted:\r\nRuleName: -\r\nEventType: CreateKey\r\nUtcTime: 2020-10-22 00:45:35.837\r\nProcessGuid: {39e4a257-d62f-5f90-8910-000000000700}\r\nProcessId: 1548\r\nImage: C:\\windows\\system32\\WindowsPowerShell\\v1.0\\powershell.exe\r\nTargetObject: HKU\\S-1-5-20\\Software\\Policies\\Microsoft\\SystemCertificates\\TrustedPeople\\CRLs"}
{"@timestamp":"2020-10-21T08:45:35.859Z","TimeCreated":"2020-10-21T08:45:35.859Z","ProviderGuid":"{5770385f-c22a-43e0-bf4c-06f5698ffbd9}","UtcTime":"2020-10-22 00:45:35.837","ProcessGuid":"{39e4a257-d62f-5f90-8910-000000000700}","Image":"C:\\windows\\system32\\WindowsPowerShell\\v1.0\\powershell.exe","Level":"4","Channel":"Microsoft-Windows-Sysmon/Operational","Task":"12","RuleName":"-","SourceName":"Microsoft-Windows-Sysmon","Hostname":"WORKSTATION5","ProcessId":"1548","EventType":"CreateKey","EventID":12,"Keywords":"0x8000000000000000","TargetObject":"HKU\\S-1-5-20\\Software\\Policies\\Microsoft\\SystemCertificates\\TrustedPeople\\CTLs","Message":"Registry object added or deleted:\r\nRuleName: -\r\nEventType: CreateKey\r\nUtcTime: 2020-10-22 00:45:35.837\r\nProcessGuid: {39e4a257-d62f-5f90-8910-000000000700}\r\nProcessId: 1548\r\nImage: C:\\windows\\system32\\WindowsPowerShell\\v1.0\\powershell.exe\r\nTargetObject: HKU\\S-1-5-20\\Software\\Policies\\Microsoft\\SystemCertificates\\TrustedPeople\\CTLs"}
{"@timestamp":"2020-10-21T08:45:35.859Z","TimeCreated":"2020-10-21T08:45:35.859Z","ProviderGuid":"{5770385f-c22a-43e0-bf4c-06f5698ffbd9}","UtcTime":"2020-10-22 00:45:35.837","ProcessGuid":"{39e4a257-d62f-5f90-8910-000000000700}","Image":"C:\\windows\\system32\\WindowsPowerShell\\v1.0\\powershell.exe","Level":"4","Channel":"Microsoft-Windows-Sysmon/Operational","Task":"12","RuleName":"-","SourceName":"Microsoft-Windows-Sysmon","Hostname":"WORKSTATION5","ProcessId":"1548","EventType":"CreateKey","EventID":12,"Keywords":"0x8000000000000000","TargetObject":"HKLM\\SOFTWARE","Message":"Registry object added or deleted:\r\nRuleName: -\r\nEventType: CreateKey\r\nUtcTime: 2020-10-22 00:45:35.837\r\nProcessGuid: {39e4a257-d62f-5f90-8910-000000000700}\r\nProcessId: 1548\r\nImage: C:\\windows\\system32\\WindowsPowerShell\\v1.0\\powershell.exe\r\nTargetObject: HKLM\\SOFTWARE"}
{"@timestamp":"2020-10-21T08:45:35.859Z","TimeCreated":"2020-10-21T08:45:35.859Z","ProviderGuid":"{5770385f-c22a-43e0-bf4c-06f5698ffbd9}","UtcTime":"2020-10-22 00:45:35.837","ProcessGuid":"{39e4a257-d62f-5f90-8910-000000000700}","Image":"C:\\windows\\system32\\WindowsPowerShell\\v1.0\\powershell.exe","Level":"4","Channel":"Microsoft-Windows-Sysmon/Operational","Task":"12","RuleName":"-","SourceName":"Microsoft-Windows-Sysmon","Hostname":"WORKSTATION5","ProcessId":"1548","EventType":"CreateKey","EventID":12,"Keywords":"0x8000000000000000","TargetObject":"HKLM\\SOFTWARE\\Microsoft","Message":"Registry object added or deleted:\r\nRuleName: -\r\nEventType: CreateKey\r\nUtcTime: 2020-10-22 00:45:35.837\r\nProcessGuid: {39e4a257-d62f-5f90-8910-000000000700}\r\nProcessId: 1548\r\nImage: C:\\windows\\system32\\WindowsPowerShell\\v1.0\\powershell.exe\r\nTargetObject: HKLM\\SOFTWARE\\Microsoft"}
{"@timestamp":"2020-10-21T08:45:35.859Z","TimeCreated":"2020-10-21T08:45:35.859Z","ProviderGuid":"{5770385f-c22a-43e0-bf4c-06f5698ffbd9}","UtcTime":"2020-10-22 00:45:35.837","ProcessGuid":"{39e4a257-d62f-5f90-8910-000000000700}","Image":"C:\\windows\\system32\\WindowsPowerShell\\v1.0\\powershell.exe","Level":"4","Channel":"Microsoft-Windows-Sysmon/Operational","Task":"12","RuleName":"-","SourceName":"Microsoft-Windows-Sysmon","Hostname":"WORKSTATION5","ProcessId":"1548","EventType":"CreateKey","EventID":12,"Keywords":"0x8000000000000000","TargetObject":"HKLM\\SOFTWARE\\Microsoft\\SystemCertificates","Message":"Registry object added or deleted:\r\nRuleName: -\r\nEventType: CreateKey\r\nUtcTime: 2020-10-22 00:45:35.837\r\nProcessGuid: {39e4a257-d62f-5f90-8910-000000000700}\r\nProcessId: 1548\r\nImage: C:\\windows\\system32\\WindowsPowerShell\\v1.0\\powershell.exe\r\nTargetObject: HKLM\\SOFTWARE\\Microsoft\\SystemCertificates"}
{"@timestamp":"2020-10-21T08:45:35.859Z","TimeCreated":"2020-10-21T08:45:35.859Z","ProviderGuid":"{5770385f-c22a-43e0-bf4c-06f5698ffbd9}","UtcTime":"2020-10-22 00:45:35.837","ProcessGuid":"{39e4a257-d62f-5f90-8910-000000000700}","Image":"C:\\windows\\system32\\WindowsPowerShell\\v1.0\\powershell.exe","Level":"4","Channel":"Microsoft-Windows-Sysmon/Operational","Task":"12","RuleName":"-","SourceName":"Microsoft-Windows-Sysmon","Hostname":"WORKSTATION5","ProcessId":"1548","EventType":"CreateKey","EventID":12,"Keywords":"0x8000000000000000","TargetObject":"HKLM\\SOFTWARE","Message":"Registry object added or deleted:\r\nRuleName: -\r\nEventType: CreateKey\r\nUtcTime: 2020-10-22 00:45:35.837\r\nProcessGuid: {39e4a257-d62f-5f90-8910-000000000700}\r\nProcessId: 1548\r\nImage: C:\\windows\\system32\\WindowsPowerShell\\v1.0\\powershell.exe\r\nTargetObject: HKLM\\SOFTWARE"}
{"@timestamp":"2020-10-21T08:45:35.859Z","TimeCreated":"2020-10-21T08:45:35.859Z","ProviderGuid":"{5770385f-c22a-43e0-bf4c-06f5698ffbd9}","UtcTime":"2020-10-22 00:45:35.837","ProcessGuid":"{39e4a257-d62f-5f90-8910-000000000700}","Image":"C:\\windows\\system32\\WindowsPowerShell\\v1.0\\powershell.exe","Level":"4","Channel":"Microsoft-Windows-Sysmon/Operational","Task":"12","RuleName":"-","SourceName":"Microsoft-Windows-Sysmon","Hostname":"WORKSTATION5","ProcessId":"1548","EventType":"CreateKey","EventID":12,"Keywords":"0x8000000000000000","TargetObject":"HKLM\\SOFTWARE\\Microsoft","Message":"Registry object added or deleted:\r\nRuleName: -\r\nEventType: CreateKey\r\nUtcTime: 2020-10-22 00:45:35.837\r\nProcessGuid: {39e4a257-d62f-5f90-8910-000000000700}\r\nProcessId: 1548\r\nImage: C:\\windows\\system32\\WindowsPowerShell\\v1.0\\powershell.exe\r\nTargetObject: HKLM\\SOFTWARE\\Microsoft"}
{"@timestamp":"2020-10-21T08:45:35.859Z","TimeCreated":"2020-10-21T08:45:35.859Z","ProviderGuid":"{5770385f-c22a-43e0-bf4c-06f5698ffbd9}","UtcTime":"2020-10-22 00:45:35.837","ProcessGuid":"{39e4a257-d62f-5f90-8910-000000000700}","Image":"C:\\windows\\system32\\WindowsPowerShell\\v1.0\\powershell.exe","Level":"4","Channel":"Microsoft-Windows-Sysmon/Operational","Task":"12","RuleName":"-","SourceName":"Microsoft-Windows-Sysmon","Hostname":"WORKSTATION5","ProcessId":"1548","EventType":"CreateKey","EventID":12,"Keywords":"0x8000000000000000","TargetObject":"HKLM\\SOFTWARE\\Microsoft\\SystemCertificates","Message":"Registry object added or deleted:\r\nRuleName: -\r\nEventType: CreateKey\r\nUtcTime: 2020-10-22 00:45:35.837\r\nProcessGuid: {39e4a257-d62f-5f90-8910-000000000700}\r\nProcessId: 1548\r\nImage: C:\\windows\\system32\\WindowsPowerShell\\v1.0\\powershell.exe\r\nTargetObject: HKLM\\SOFTWARE\\Microsoft\\SystemCertificates"}
{"@timestamp":"2020-10-21T08:45:35.860Z","TimeCreated":"2020-10-21T08:45:35.860Z","ProviderGuid":"{5770385f-c22a-43e0-bf4c-06f5698ffbd9}","UtcTime":"2020-10-22 00:45:35.837","ProcessGuid":"{39e4a257-d62f-5f90-8910-000000000700}","Image":"C:\\windows\\system32\\WindowsPowerShell\\v1.0\\powershell.exe","Level":"4","Channel":"Microsoft-Windows-Sysmon/Operational","Task":"12","RuleName":"-","SourceName":"Microsoft-Windows-Sysmon","Hostname":"WORKSTATION5","ProcessId":"1548","EventType":"CreateKey","EventID":12,"Keywords":"0x8000000000000000","TargetObject":"HKLM\\SOFTWARE","Message":"Registry object added or deleted:\r\nRuleName: -\r\nEventType: CreateKey\r\nUtcTime: 2020-10-22 00:45:35.837\r\nProcessGuid: {39e4a257-d62f-5f90-8910-000000000700}\r\nProcessId: 1548\r\nImage: C:\\windows\\system32\\WindowsPowerShell\\v1.0\\powershell.exe\r\nTargetObject: HKLM\\SOFTWARE"}
{"@timestamp":"2020-10-21T08:45:35.860Z","TimeCreated":"2020-10-21T08:45:35.860Z","ProviderGuid":"{5770385f-c22a-43e0-bf4c-06f5698ffbd9}","UtcTime":"2020-10-22 00:45:35.837","ProcessGuid":"{39e4a257-d62f-5f90-8910-000000000700}","Image":"C:\\windows\\system32\\WindowsPowerShell\\v1.0\\powershell.exe","Level":"4","Channel":"Microsoft-Windows-Sysmon/Operational","Task":"12","RuleName":"-","SourceName":"Microsoft-Windows-Sysmon","Hostname":"WORKSTATION5","ProcessId":"1548","EventType":"CreateKey","EventID":12,"Keywords":"0x8000000000000000","TargetObject":"HKLM\\SOFTWARE\\Policies","Message":"Registry object added or deleted:\r\nRuleName: -\r\nEventType: CreateKey\r\nUtcTime: 2020-10-22 00:45:35.837\r\nProcessGuid: {39e4a257-d62f-5f90-8910-000000000700}\r\nProcessId: 1548\r\nImage: C:\\windows\\system32\\WindowsPowerShell\\v1.0\\powershell.exe\r\nTargetObject: HKLM\\SOFTWARE\\Policies"}
{"@timestamp":"2020-10-21T08:45:35.860Z","TimeCreated":"2020-10-21T08:45:35.860Z","ProviderGuid":"{5770385f-c22a-43e0-bf4c-06f5698ffbd9}","UtcTime":"2020-10-22 00:45:35.837","ProcessGuid":"{39e4a257-d62f-5f90-8910-000000000700}","Image":"C:\\windows\\system32\\WindowsPowerShell\\v1.0\\powershell.exe","Level":"4","Channel":"Microsoft-Windows-Sysmon/Operational","Task":"12","RuleName":"-","SourceName":"Microsoft-Windows-Sysmon","Hostname":"WORKSTATION5","ProcessId":"1548","EventType":"CreateKey","EventID":12,"Keywords":"0x8000000000000000","TargetObject":"HKLM\\SOFTWARE\\Policies\\Microsoft","Message":"Registry object added or deleted:\r\nRuleName: -\r\nEventType: CreateKey\r\nUtcTime: 2020-10-22 00:45:35.837\r\nProcessGuid: {39e4a257-d62f-5f90-8910-000000000700}\r\nProcessId: 1548\r\nImage: C:\\windows\\system32\\WindowsPowerShell\\v1.0\\powershell.exe\r\nTargetObject: HKLM\\SOFTWARE\\Policies\\Microsoft"}
{"@timestamp":"2020-10-21T08:45:35.860Z","TimeCreated":"2020-10-21T08:45:35.860Z","ProviderGuid":"{5770385f-c22a-43e0-bf4c-06f5698ffbd9}","UtcTime":"2020-10-22 00:45:35.837","ProcessGuid":"{39e4a257-d62f-5f90-8910-000000000700}","Image":"C:\\windows\\system32\\WindowsPowerShell\\v1.0\\powershell.exe","Level":"4","Channel":"Microsoft-Windows-Sysmon/Operational","Task":"12","RuleName":"-","SourceName":"Microsoft-Windows-Sysmon","Hostname":"WORKSTATION5","ProcessId":"1548","EventType":"CreateKey","EventID":12,"Keywords":"0x8000000000000000","TargetObject":"HKLM\\SOFTWARE\\Policies\\Microsoft\\SystemCertificates","Message":"Registry object added or deleted:\r\nRuleName: -\r\nEventType: CreateKey\r\nUtcTime: 2020-10-22 00:45:35.837\r\nProcessGuid: {39e4a257-d62f-5f90-8910-000000000700}\r\nProcessId: 1548\r\nImage: C:\\windows\\system32\\WindowsPowerShell\\v1.0\\powershell.exe\r\nTargetObject: HKLM\\SOFTWARE\\Policies\\Microsoft\\SystemCertificates"}
{"@timestamp":"2020-10-21T08:45:35.860Z","TimeCreated":"2020-10-21T08:45:35.860Z","ProviderGuid":"{5770385f-c22a-43e0-bf4c-06f5698ffbd9}","UtcTime":"2020-10-22 00:45:35.837","ProcessGuid":"{39e4a257-d62f-5f90-8910-000000000700}","Image":"C:\\windows\\system32\\WindowsPowerShell\\v1.0\\powershell.exe","Level":"4","Channel":"Microsoft-Windows-Sysmon/Operational","Task":"12","RuleName":"-","SourceName":"Microsoft-Windows-Sysmon","Hostname":"WORKSTATION5","ProcessId":"1548","EventType":"CreateKey","EventID":12,"Keywords":"0x8000000000000000","TargetObject":"HKLM\\SOFTWARE","Message":"Registry object added or deleted:\r\nRuleName: -\r\nEventType: CreateKey\r\nUtcTime: 2020-10-22 00:45:35.837\r\nProcessGuid: {39e4a257-d62f-5f90-8910-000000000700}\r\nProcessId: 1548\r\nImage: C:\\windows\\system32\\WindowsPowerShell\\v1.0\\powershell.exe\r\nTargetObject: HKLM\\SOFTWARE"}
{"@timestamp":"2020-10-21T08:45:35.860Z","TimeCreated":"2020-10-21T08:45:35.860Z","Hashes":"SHA1=FD45F0A94FD56DF84C0FAAACDEB632A69914CAFC,MD5=22A6C84F22669629A4A2C1C5EC42E651,SHA256=61C245EE585333F0D7DBA8D01A95B7D40FD5D3E4A2754BDAC321F6A86B3A7B4C,IMPHASH=00000000000000000000000000000000","Signature":"-","ProviderGuid":"{5770385f-c22a-43e0-bf4c-06f5698ffbd9}","Company":"Microsoft Corporation","UtcTime":"2020-10-22 00:45:35.837","ProcessGuid":"{39e4a257-d62f-5f90-8910-000000000700}","Image":"C:\\Windows\\System32\\WindowsPowerShell\\v1.0\\powershell.exe","ImageLoaded":"C:\\Windows\\assembly\\NativeImages_v4.0.30319_64\\Microsoft.Mf49f6405#\\6591d3677732e8d9bdfd5b55889e3ae2\\Microsoft.Management.Infrastructure.ni.dll","Level":"4","Channel":"Microsoft-Windows-Sysmon/Operational","Task":"7","RuleName":"-","FileVersion":"10.0.18362.1","SourceName":"Microsoft-Windows-Sysmon","Hostname":"WORKSTATION5","ProcessId":"1548","Description":"cs","SignatureStatus":"Unavailable","Product":"Microsoft (R) Windows (R) Operating System","EventID":7,"Keywords":"0x8000000000000000","Signed":"false","OriginalFileName":"Microsoft.Management.Infrastructure.dll","Message":"Image loaded:\r\nRuleName: -\r\nUtcTime: 2020-10-22 00:45:35.837\r\nProcessGuid: {39e4a257-d62f-5f90-8910-000000000700}\r\nProcessId: 1548\r\nImage: C:\\Windows\\System32\\WindowsPowerShell\\v1.0\\powershell.exe\r\nImageLoaded: C:\\Windows\\assembly\\NativeImages_v4.0.30319_64\\Microsoft.Mf49f6405#\\6591d3677732e8d9bdfd5b55889e3ae2\\Microsoft.Management.Infrastructure.ni.dll\r\nFileVersion: 10.0.18362.1\r\nDescription: cs\r\nProduct: Microsoft (R) Windows (R) Operating System\r\nCompany: Microsoft Corporation\r\nOriginalFileName: Microsoft.Management.Infrastructure.dll\r\nHashes: SHA1=FD45F0A94FD56DF84C0FAAACDEB632A69914CAFC,MD5=22A6C84F22669629A4A2C1C5EC42E651,SHA256=61C245EE585333F0D7DBA8D01A95B7D40FD5D3E4A2754BDAC321F6A86B3A7B4C,IMPHASH=00000000000000000000000000000000\r\nSigned: false\r\nSignature: -\r\nSignatureStatus: Unavailable"}
{"@timestamp":"2020-10-21T08:45:35.861Z","TimeCreated":"2020-10-21T08:45:35.861Z","ProviderGuid":"{5770385f-c22a-43e0-bf4c-06f5698ffbd9}","UtcTime":"2020-10-22 00:45:35.837","ProcessGuid":"{39e4a257-d62f-5f90-8910-000000000700}","Image":"C:\\windows\\system32\\WindowsPowerShell\\v1.0\\powershell.exe","Level":"4","Channel":"Microsoft-Windows-Sysmon/Operational","Task":"12","RuleName":"-","SourceName":"Microsoft-Windows-Sysmon","Hostname":"WORKSTATION5","ProcessId":"1548","EventType":"CreateKey","EventID":12,"Keywords":"0x8000000000000000","TargetObject":"HKLM\\SOFTWARE\\Microsoft","Message":"Registry object added or deleted:\r\nRuleName: -\r\nEventType: CreateKey\r\nUtcTime: 2020-10-22 00:45:35.837\r\nProcessGuid: {39e4a257-d62f-5f90-8910-000000000700}\r\nProcessId: 1548\r\nImage: C:\\windows\\system32\\WindowsPowerShell\\v1.0\\powershell.exe\r\nTargetObject: HKLM\\SOFTWARE\\Microsoft"}
{"@timestamp":"2020-10-21T08:45:35.861Z","TimeCreated":"2020-10-21T08:45:35.861Z","ProviderGuid":"{5770385f-c22a-43e0-bf4c-06f5698ffbd9}","UtcTime":"2020-10-22 00:45:35.837","ProcessGuid":"{39e4a257-d62f-5f90-8910-000000000700}","Image":"C:\\windows\\system32\\WindowsPowerShell\\v1.0\\powershell.exe","Level":"4","Channel":"Microsoft-Windows-Sysmon/Operational","Task":"12","RuleName":"-","SourceName":"Microsoft-Windows-Sysmon","Hostname":"WORKSTATION5","ProcessId":"1548","EventType":"CreateKey","EventID":12,"Keywords":"0x8000000000000000","TargetObject":"HKLM\\SOFTWARE\\Microsoft\\EnterpriseCertificates","Message":"Registry object added or deleted:\r\nRuleName: -\r\nEventType: CreateKey\r\nUtcTime: 2020-10-22 00:45:35.837\r\nProcessGuid: {39e4a257-d62f-5f90-8910-000000000700}\r\nProcessId: 1548\r\nImage: C:\\windows\\system32\\WindowsPowerShell\\v1.0\\powershell.exe\r\nTargetObject: HKLM\\SOFTWARE\\Microsoft\\EnterpriseCertificates"}
{"@timestamp":"2020-10-21T08:45:35.861Z","TimeCreated":"2020-10-21T08:45:35.861Z","ProviderGuid":"{5770385f-c22a-43e0-bf4c-06f5698ffbd9}","UtcTime":"2020-10-22 00:45:35.837","ProcessGuid":"{39e4a257-d62f-5f90-8910-000000000700}","Image":"C:\\windows\\system32\\WindowsPowerShell\\v1.0\\powershell.exe","Level":"4","Channel":"Microsoft-Windows-Sysmon/Operational","Task":"12","RuleName":"-","SourceName":"Microsoft-Windows-Sysmon","Hostname":"WORKSTATION5","ProcessId":"1548","EventType":"CreateKey","EventID":12,"Keywords":"0x8000000000000000","TargetObject":"HKLM\\SOFTWARE","Message":"Registry object added or deleted:\r\nRuleName: -\r\nEventType: CreateKey\r\nUtcTime: 2020-10-22 00:45:35.837\r\nProcessGuid: {39e4a257-d62f-5f90-8910-000000000700}\r\nProcessId: 1548\r\nImage: C:\\windows\\system32\\WindowsPowerShell\\v1.0\\powershell.exe\r\nTargetObject: HKLM\\SOFTWARE"}
{"@timestamp":"2020-10-21T08:45:35.861Z","TimeCreated":"2020-10-21T08:45:35.861Z","ProviderGuid":"{5770385f-c22a-43e0-bf4c-06f5698ffbd9}","UtcTime":"2020-10-22 00:45:35.837","ProcessGuid":"{39e4a257-d62f-5f90-8910-000000000700}","Image":"C:\\windows\\system32\\WindowsPowerShell\\v1.0\\powershell.exe","Level":"4","Channel":"Microsoft-Windows-Sysmon/Operational","Task":"12","RuleName":"-","SourceName":"Microsoft-Windows-Sysmon","Hostname":"WORKSTATION5","ProcessId":"1548","EventType":"CreateKey","EventID":12,"Keywords":"0x8000000000000000","TargetObject":"HKLM\\SOFTWARE\\Microsoft","Message":"Registry object added or deleted:\r\nRuleName: -\r\nEventType: CreateKey\r\nUtcTime: 2020-10-22 00:45:35.837\r\nProcessGuid: {39e4a257-d62f-5f90-8910-000000000700}\r\nProcessId: 1548\r\nImage: C:\\windows\\system32\\WindowsPowerShell\\v1.0\\powershell.exe\r\nTargetObject: HKLM\\SOFTWARE\\Microsoft"}
{"@timestamp":"2020-10-21T08:45:35.861Z","TimeCreated":"2020-10-21T08:45:35.861Z","ProviderGuid":"{5770385f-c22a-43e0-bf4c-06f5698ffbd9}","UtcTime":"2020-10-22 00:45:35.837","ProcessGuid":"{39e4a257-d62f-5f90-8910-000000000700}","Image":"C:\\windows\\system32\\WindowsPowerShell\\v1.0\\powershell.exe","Level":"4","Channel":"Microsoft-Windows-Sysmon/Operational","Task":"12","RuleName":"-","SourceName":"Microsoft-Windows-Sysmon","Hostname":"WORKSTATION5","ProcessId":"1548","EventType":"CreateKey","EventID":12,"Keywords":"0x8000000000000000","TargetObject":"HKLM\\SOFTWARE\\Microsoft\\EnterpriseCertificates","Message":"Registry object added or deleted:\r\nRuleName: -\r\nEventType: CreateKey\r\nUtcTime: 2020-10-22 00:45:35.837\r\nProcessGuid: {39e4a257-d62f-5f90-8910-000000000700}\r\nProcessId: 1548\r\nImage: C:\\windows\\system32\\WindowsPowerShell\\v1.0\\powershell.exe\r\nTargetObject: HKLM\\SOFTWARE\\Microsoft\\EnterpriseCertificates"}
{"@timestamp":"2020-10-21T08:45:35.861Z","TimeCreated":"2020-10-21T08:45:35.861Z","ProviderGuid":"{5770385f-c22a-43e0-bf4c-06f5698ffbd9}","UtcTime":"2020-10-22 00:45:35.837","ProcessGuid":"{39e4a257-d62f-5f90-8910-000000000700}","Image":"C:\\windows\\system32\\WindowsPowerShell\\v1.0\\powershell.exe","Level":"4","Channel":"Microsoft-Windows-Sysmon/Operational","Task":"12","RuleName":"-","SourceName":"Microsoft-Windows-Sysmon","Hostname":"WORKSTATION5","ProcessId":"1548","EventType":"CreateKey","EventID":12,"Keywords":"0x8000000000000000","TargetObject":"HKU\\S-1-5-20\\Software\\Microsoft\\SystemCertificates\\trust","Message":"Registry object added or deleted:\r\nRuleName: -\r\nEventType: CreateKey\r\nUtcTime: 2020-10-22 00:45:35.837\r\nProcessGuid: {39e4a257-d62f-5f90-8910-000000000700}\r\nProcessId: 1548\r\nImage: C:\\windows\\system32\\WindowsPowerShell\\v1.0\\powershell.exe\r\nTargetObject: HKU\\S-1-5-20\\Software\\Microsoft\\SystemCertificates\\trust"}
{"@timestamp":"2020-10-21T08:45:35.861Z","TimeCreated":"2020-10-21T08:45:35.861Z","ProviderGuid":"{5770385f-c22a-43e0-bf4c-06f5698ffbd9}","UtcTime":"2020-10-22 00:45:35.837","ProcessGuid":"{39e4a257-d62f-5f90-8910-000000000700}","Image":"C:\\windows\\system32\\WindowsPowerShell\\v1.0\\powershell.exe","Level":"4","Channel":"Microsoft-Windows-Sysmon/Operational","Task":"12","RuleName":"-","SourceName":"Microsoft-Windows-Sysmon","Hostname":"WORKSTATION5","ProcessId":"1548","EventType":"CreateKey","EventID":12,"Keywords":"0x8000000000000000","TargetObject":"HKU\\S-1-5-20\\Software\\Microsoft\\SystemCertificates\\trust","Message":"Registry object added or deleted:\r\nRuleName: -\r\nEventType: CreateKey\r\nUtcTime: 2020-10-22 00:45:35.837\r\nProcessGuid: {39e4a257-d62f-5f90-8910-000000000700}\r\nProcessId: 1548\r\nImage: C:\\windows\\system32\\WindowsPowerShell\\v1.0\\powershell.exe\r\nTargetObject: HKU\\S-1-5-20\\Software\\Microsoft\\SystemCertificates\\trust"}
{"@timestamp":"2020-10-21T08:45:35.861Z","TimeCreated":"2020-10-21T08:45:35.861Z","ProviderGuid":"{5770385f-c22a-43e0-bf4c-06f5698ffbd9}","UtcTime":"2020-10-22 00:45:35.837","ProcessGuid":"{39e4a257-d62f-5f90-8910-000000000700}","Image":"C:\\windows\\system32\\WindowsPowerShell\\v1.0\\powershell.exe","Level":"4","Channel":"Microsoft-Windows-Sysmon/Operational","Task":"12","RuleName":"-","SourceName":"Microsoft-Windows-Sysmon","Hostname":"WORKSTATION5","ProcessId":"1548","EventType":"CreateKey","EventID":12,"Keywords":"0x8000000000000000","TargetObject":"HKU\\S-1-5-20\\Software\\Microsoft\\SystemCertificates\\trust\\Certificates","Message":"Registry object added or deleted:\r\nRuleName: -\r\nEventType: CreateKey\r\nUtcTime: 2020-10-22 00:45:35.837\r\nProcessGuid: {39e4a257-d62f-5f90-8910-000000000700}\r\nProcessId: 1548\r\nImage: C:\\windows\\system32\\WindowsPowerShell\\v1.0\\powershell.exe\r\nTargetObject: HKU\\S-1-5-20\\Software\\Microsoft\\SystemCertificates\\trust\\Certificates"}
{"@timestamp":"2020-10-21T08:45:35.861Z","TimeCreated":"2020-10-21T08:45:35.861Z","ProviderGuid":"{5770385f-c22a-43e0-bf4c-06f5698ffbd9}","UtcTime":"2020-10-22 00:45:35.837","ProcessGuid":"{39e4a257-d62f-5f90-8910-000000000700}","Image":"C:\\windows\\system32\\WindowsPowerShell\\v1.0\\powershell.exe","Level":"4","Channel":"Microsoft-Windows-Sysmon/Operational","Task":"12","RuleName":"-","SourceName":"Microsoft-Windows-Sysmon","Hostname":"WORKSTATION5","ProcessId":"1548","EventType":"CreateKey","EventID":12,"Keywords":"0x8000000000000000","TargetObject":"HKU\\S-1-5-20\\Software\\Microsoft\\SystemCertificates\\trust\\CRLs","Message":"Registry object added or deleted:\r\nRuleName: -\r\nEventType: CreateKey\r\nUtcTime: 2020-10-22 00:45:35.837\r\nProcessGuid: {39e4a257-d62f-5f90-8910-000000000700}\r\nProcessId: 1548\r\nImage: C:\\windows\\system32\\WindowsPowerShell\\v1.0\\powershell.exe\r\nTargetObject: HKU\\S-1-5-20\\Software\\Microsoft\\SystemCertificates\\trust\\CRLs"}
{"@timestamp":"2020-10-21T08:45:35.861Z","TimeCreated":"2020-10-21T08:45:35.861Z","ProviderGuid":"{5770385f-c22a-43e0-bf4c-06f5698ffbd9}","UtcTime":"2020-10-22 00:45:35.837","ProcessGuid":"{39e4a257-d62f-5f90-8910-000000000700}","Image":"C:\\windows\\system32\\WindowsPowerShell\\v1.0\\powershell.exe","Level":"4","Channel":"Microsoft-Windows-Sysmon/Operational","Task":"12","RuleName":"-","SourceName":"Microsoft-Windows-Sysmon","Hostname":"WORKSTATION5","ProcessId":"1548","EventType":"CreateKey","EventID":12,"Keywords":"0x8000000000000000","TargetObject":"HKU\\S-1-5-20\\Software\\Microsoft\\SystemCertificates\\trust\\CTLs","Message":"Registry object added or deleted:\r\nRuleName: -\r\nEventType: CreateKey\r\nUtcTime: 2020-10-22 00:45:35.837\r\nProcessGuid: {39e4a257-d62f-5f90-8910-000000000700}\r\nProcessId: 1548\r\nImage: C:\\windows\\system32\\WindowsPowerShell\\v1.0\\powershell.exe\r\nTargetObject: HKU\\S-1-5-20\\Software\\Microsoft\\SystemCertificates\\trust\\CTLs"}
{"@timestamp":"2020-10-21T08:45:35.861Z","TimeCreated":"2020-10-21T08:45:35.861Z","ProviderGuid":"{5770385f-c22a-43e0-bf4c-06f5698ffbd9}","UtcTime":"2020-10-22 00:45:35.837","ProcessGuid":"{39e4a257-d62f-5f90-8910-000000000700}","Image":"C:\\windows\\system32\\WindowsPowerShell\\v1.0\\powershell.exe","Level":"4","Channel":"Microsoft-Windows-Sysmon/Operational","Task":"12","RuleName":"-","SourceName":"Microsoft-Windows-Sysmon","Hostname":"WORKSTATION5","ProcessId":"1548","EventType":"CreateKey","EventID":12,"Keywords":"0x8000000000000000","TargetObject":"HKU\\S-1-5-20\\Software\\Policies\\Microsoft\\SystemCertificates\\trust","Message":"Registry object added or deleted:\r\nRuleName: -\r\nEventType: CreateKey\r\nUtcTime: 2020-10-22 00:45:35.837\r\nProcessGuid: {39e4a257-d62f-5f90-8910-000000000700}\r\nProcessId: 1548\r\nImage: C:\\windows\\system32\\WindowsPowerShell\\v1.0\\powershell.exe\r\nTargetObject: HKU\\S-1-5-20\\Software\\Policies\\Microsoft\\SystemCertificates\\trust"}
{"@timestamp":"2020-10-21T08:45:35.861Z","TimeCreated":"2020-10-21T08:45:35.861Z","ProviderGuid":"{5770385f-c22a-43e0-bf4c-06f5698ffbd9}","UtcTime":"2020-10-22 00:45:35.837","ProcessGuid":"{39e4a257-d62f-5f90-8910-000000000700}","Image":"C:\\windows\\system32\\WindowsPowerShell\\v1.0\\powershell.exe","Level":"4","Channel":"Microsoft-Windows-Sysmon/Operational","Task":"12","RuleName":"-","SourceName":"Microsoft-Windows-Sysmon","Hostname":"WORKSTATION5","ProcessId":"1548","EventType":"CreateKey","EventID":12,"Keywords":"0x8000000000000000","TargetObject":"HKU\\S-1-5-20\\Software\\Policies\\Microsoft\\SystemCertificates\\trust\\Certificates","Message":"Registry object added or deleted:\r\nRuleName: -\r\nEventType: CreateKey\r\nUtcTime: 2020-10-22 00:45:35.837\r\nProcessGuid: {39e4a257-d62f-5f90-8910-000000000700}\r\nProcessId: 1548\r\nImage: C:\\windows\\system32\\WindowsPowerShell\\v1.0\\powershell.exe\r\nTargetObject: HKU\\S-1-5-20\\Software\\Policies\\Microsoft\\SystemCertificates\\trust\\Certificates"}
{"@timestamp":"2020-10-21T08:45:35.861Z","TimeCreated":"2020-10-21T08:45:35.861Z","ProviderGuid":"{5770385f-c22a-43e0-bf4c-06f5698ffbd9}","UtcTime":"2020-10-22 00:45:35.837","ProcessGuid":"{39e4a257-d62f-5f90-8910-000000000700}","Image":"C:\\windows\\system32\\WindowsPowerShell\\v1.0\\powershell.exe","Level":"4","Channel":"Microsoft-Windows-Sysmon/Operational","Task":"12","RuleName":"-","SourceName":"Microsoft-Windows-Sysmon","Hostname":"WORKSTATION5","ProcessId":"1548","EventType":"CreateKey","EventID":12,"Keywords":"0x8000000000000000","TargetObject":"HKU\\S-1-5-20\\Software\\Policies\\Microsoft\\SystemCertificates\\trust\\CRLs","Message":"Registry object added or deleted:\r\nRuleName: -\r\nEventType: CreateKey\r\nUtcTime: 2020-10-22 00:45:35.837\r\nProcessGuid: {39e4a257-d62f-5f90-8910-000000000700}\r\nProcessId: 1548\r\nImage: C:\\windows\\system32\\WindowsPowerShell\\v1.0\\powershell.exe\r\nTargetObject: HKU\\S-1-5-20\\Software\\Policies\\Microsoft\\SystemCertificates\\trust\\CRLs"}
{"@timestamp":"2020-10-21T08:45:35.861Z","TimeCreated":"2020-10-21T08:45:35.861Z","ProviderGuid":"{5770385f-c22a-43e0-bf4c-06f5698ffbd9}","UtcTime":"2020-10-22 00:45:35.837","ProcessGuid":"{39e4a257-d62f-5f90-8910-000000000700}","Image":"C:\\windows\\system32\\WindowsPowerShell\\v1.0\\powershell.exe","Level":"4","Channel":"Microsoft-Windows-Sysmon/Operational","Task":"12","RuleName":"-","SourceName":"Microsoft-Windows-Sysmon","Hostname":"WORKSTATION5","ProcessId":"1548","EventType":"CreateKey","EventID":12,"Keywords":"0x8000000000000000","TargetObject":"HKU\\S-1-5-20\\Software\\Policies\\Microsoft\\SystemCertificates\\trust\\CTLs","Message":"Registry object added or deleted:\r\nRuleName: -\r\nEventType: CreateKey\r\nUtcTime: 2020-10-22 00:45:35.837\r\nProcessGuid: {39e4a257-d62f-5f90-8910-000000000700}\r\nProcessId: 1548\r\nImage: C:\\windows\\system32\\WindowsPowerShell\\v1.0\\powershell.exe\r\nTargetObject: HKU\\S-1-5-20\\Software\\Policies\\Microsoft\\SystemCertificates\\trust\\CTLs"}
{"@timestamp":"2020-10-21T08:45:35.861Z","TimeCreated":"2020-10-21T08:45:35.861Z","ProviderGuid":"{5770385f-c22a-43e0-bf4c-06f5698ffbd9}","UtcTime":"2020-10-22 00:45:35.837","ProcessGuid":"{39e4a257-d62f-5f90-8910-000000000700}","Image":"C:\\windows\\system32\\WindowsPowerShell\\v1.0\\powershell.exe","Level":"4","Channel":"Microsoft-Windows-Sysmon/Operational","Task":"12","RuleName":"-","SourceName":"Microsoft-Windows-Sysmon","Hostname":"WORKSTATION5","ProcessId":"1548","EventType":"CreateKey","EventID":12,"Keywords":"0x8000000000000000","TargetObject":"HKLM\\SOFTWARE","Message":"Registry object added or deleted:\r\nRuleName: -\r\nEventType: CreateKey\r\nUtcTime: 2020-10-22 00:45:35.837\r\nProcessGuid: {39e4a257-d62f-5f90-8910-000000000700}\r\nProcessId: 1548\r\nImage: C:\\windows\\system32\\WindowsPowerShell\\v1.0\\powershell.exe\r\nTargetObject: HKLM\\SOFTWARE"}
{"@timestamp":"2020-10-21T08:45:35.861Z","TimeCreated":"2020-10-21T08:45:35.861Z","ProviderGuid":"{5770385f-c22a-43e0-bf4c-06f5698ffbd9}","UtcTime":"2020-10-22 00:45:35.837","ProcessGuid":"{39e4a257-d62f-5f90-8910-000000000700}","Image":"C:\\windows\\system32\\WindowsPowerShell\\v1.0\\powershell.exe","Level":"4","Channel":"Microsoft-Windows-Sysmon/Operational","Task":"12","RuleName":"-","SourceName":"Microsoft-Windows-Sysmon","Hostname":"WORKSTATION5","ProcessId":"1548","EventType":"CreateKey","EventID":12,"Keywords":"0x8000000000000000","TargetObject":"HKLM\\SOFTWARE\\Microsoft","Message":"Registry object added or deleted:\r\nRuleName: -\r\nEventType: CreateKey\r\nUtcTime: 2020-10-22 00:45:35.837\r\nProcessGuid: {39e4a257-d62f-5f90-8910-000000000700}\r\nProcessId: 1548\r\nImage: C:\\windows\\system32\\WindowsPowerShell\\v1.0\\powershell.exe\r\nTargetObject: HKLM\\SOFTWARE\\Microsoft"}
{"@timestamp":"2020-10-21T08:45:35.862Z","TimeCreated":"2020-10-21T08:45:35.862Z","ProviderGuid":"{5770385f-c22a-43e0-bf4c-06f5698ffbd9}","UtcTime":"2020-10-22 00:45:35.837","ProcessGuid":"{39e4a257-d62f-5f90-8910-000000000700}","Image":"C:\\windows\\system32\\WindowsPowerShell\\v1.0\\powershell.exe","Level":"4","Channel":"Microsoft-Windows-Sysmon/Operational","Task":"12","RuleName":"-","SourceName":"Microsoft-Windows-Sysmon","Hostname":"WORKSTATION5","ProcessId":"1548","EventType":"CreateKey","EventID":12,"Keywords":"0x8000000000000000","TargetObject":"HKLM\\SOFTWARE\\Microsoft\\SystemCertificates","Message":"Registry object added or deleted:\r\nRuleName: -\r\nEventType: CreateKey\r\nUtcTime: 2020-10-22 00:45:35.837\r\nProcessGuid: {39e4a257-d62f-5f90-8910-000000000700}\r\nProcessId: 1548\r\nImage: C:\\windows\\system32\\WindowsPowerShell\\v1.0\\powershell.exe\r\nTargetObject: HKLM\\SOFTWARE\\Microsoft\\SystemCertificates"}
{"@timestamp":"2020-10-21T08:45:35.862Z","TimeCreated":"2020-10-21T08:45:35.862Z","ProviderGuid":"{5770385f-c22a-43e0-bf4c-06f5698ffbd9}","UtcTime":"2020-10-22 00:45:35.837","ProcessGuid":"{39e4a257-d62f-5f90-8910-000000000700}","Image":"C:\\windows\\system32\\WindowsPowerShell\\v1.0\\powershell.exe","Level":"4","Channel":"Microsoft-Windows-Sysmon/Operational","Task":"12","RuleName":"-","SourceName":"Microsoft-Windows-Sysmon","Hostname":"WORKSTATION5","ProcessId":"1548","EventType":"CreateKey","EventID":12,"Keywords":"0x8000000000000000","TargetObject":"HKLM\\SOFTWARE","Message":"Registry object added or deleted:\r\nRuleName: -\r\nEventType: CreateKey\r\nUtcTime: 2020-10-22 00:45:35.837\r\nProcessGuid: {39e4a257-d62f-5f90-8910-000000000700}\r\nProcessId: 1548\r\nImage: C:\\windows\\system32\\WindowsPowerShell\\v1.0\\powershell.exe\r\nTargetObject: HKLM\\SOFTWARE"}
{"@timestamp":"2020-10-21T08:45:35.862Z","TimeCreated":"2020-10-21T08:45:35.862Z","ProviderGuid":"{5770385f-c22a-43e0-bf4c-06f5698ffbd9}","UtcTime":"2020-10-22 00:45:35.837","ProcessGuid":"{39e4a257-d62f-5f90-8910-000000000700}","Image":"C:\\windows\\system32\\WindowsPowerShell\\v1.0\\powershell.exe","Level":"4","Channel":"Microsoft-Windows-Sysmon/Operational","Task":"12","RuleName":"-","SourceName":"Microsoft-Windows-Sysmon","Hostname":"WORKSTATION5","ProcessId":"1548","EventType":"CreateKey","EventID":12,"Keywords":"0x8000000000000000","TargetObject":"HKLM\\SOFTWARE\\Microsoft","Message":"Registry object added or deleted:\r\nRuleName: -\r\nEventType: CreateKey\r\nUtcTime: 2020-10-22 00:45:35.837\r\nProcessGuid: {39e4a257-d62f-5f90-8910-000000000700}\r\nProcessId: 1548\r\nImage: C:\\windows\\system32\\WindowsPowerShell\\v1.0\\powershell.exe\r\nTargetObject: HKLM\\SOFTWARE\\Microsoft"}
{"@timestamp":"2020-10-21T08:45:35.862Z","TimeCreated":"2020-10-21T08:45:35.862Z","ProviderGuid":"{5770385f-c22a-43e0-bf4c-06f5698ffbd9}","UtcTime":"2020-10-22 00:45:35.837","ProcessGuid":"{39e4a257-d62f-5f90-8910-000000000700}","Image":"C:\\windows\\system32\\WindowsPowerShell\\v1.0\\powershell.exe","Level":"4","Channel":"Microsoft-Windows-Sysmon/Operational","Task":"12","RuleName":"-","SourceName":"Microsoft-Windows-Sysmon","Hostname":"WORKSTATION5","ProcessId":"1548","EventType":"CreateKey","EventID":12,"Keywords":"0x8000000000000000","TargetObject":"HKLM\\SOFTWARE\\Microsoft\\SystemCertificates","Message":"Registry object added or deleted:\r\nRuleName: -\r\nEventType: CreateKey\r\nUtcTime: 2020-10-22 00:45:35.837\r\nProcessGuid: {39e4a257-d62f-5f90-8910-000000000700}\r\nProcessId: 1548\r\nImage: C:\\windows\\system32\\WindowsPowerShell\\v1.0\\powershell.exe\r\nTargetObject: HKLM\\SOFTWARE\\Microsoft\\SystemCertificates"}
{"@timestamp":"2020-10-21T08:45:35.862Z","TimeCreated":"2020-10-21T08:45:35.862Z","ProviderGuid":"{5770385f-c22a-43e0-bf4c-06f5698ffbd9}","UtcTime":"2020-10-22 00:45:35.837","ProcessGuid":"{39e4a257-d62f-5f90-8910-000000000700}","Image":"C:\\windows\\system32\\WindowsPowerShell\\v1.0\\powershell.exe","Level":"4","Channel":"Microsoft-Windows-Sysmon/Operational","Task":"12","RuleName":"-","SourceName":"Microsoft-Windows-Sysmon","Hostname":"WORKSTATION5","ProcessId":"1548","EventType":"CreateKey","EventID":12,"Keywords":"0x8000000000000000","TargetObject":"HKLM\\SOFTWARE","Message":"Registry object added or deleted:\r\nRuleName: -\r\nEventType: CreateKey\r\nUtcTime: 2020-10-22 00:45:35.837\r\nProcessGuid: {39e4a257-d62f-5f90-8910-000000000700}\r\nProcessId: 1548\r\nImage: C:\\windows\\system32\\WindowsPowerShell\\v1.0\\powershell.exe\r\nTargetObject: HKLM\\SOFTWARE"}
{"@timestamp":"2020-10-21T08:45:35.863Z","TimeCreated":"2020-10-21T08:45:35.863Z","ProviderGuid":"{5770385f-c22a-43e0-bf4c-06f5698ffbd9}","UtcTime":"2020-10-22 00:45:35.837","ProcessGuid":"{39e4a257-d62f-5f90-8910-000000000700}","Image":"C:\\windows\\system32\\WindowsPowerShell\\v1.0\\powershell.exe","Level":"4","Channel":"Microsoft-Windows-Sysmon/Operational","Task":"12","RuleName":"-","SourceName":"Microsoft-Windows-Sysmon","Hostname":"WORKSTATION5","ProcessId":"1548","EventType":"CreateKey","EventID":12,"Keywords":"0x8000000000000000","TargetObject":"HKLM\\SOFTWARE\\Policies","Message":"Registry object added or deleted:\r\nRuleName: -\r\nEventType: CreateKey\r\nUtcTime: 2020-10-22 00:45:35.837\r\nProcessGuid: {39e4a257-d62f-5f90-8910-000000000700}\r\nProcessId: 1548\r\nImage: C:\\windows\\system32\\WindowsPowerShell\\v1.0\\powershell.exe\r\nTargetObject: HKLM\\SOFTWARE\\Policies"}
{"@timestamp":"2020-10-21T08:45:35.863Z","TimeCreated":"2020-10-21T08:45:35.863Z","ProviderGuid":"{5770385f-c22a-43e0-bf4c-06f5698ffbd9}","UtcTime":"2020-10-22 00:45:35.837","ProcessGuid":"{39e4a257-d62f-5f90-8910-000000000700}","Image":"C:\\windows\\system32\\WindowsPowerShell\\v1.0\\powershell.exe","Level":"4","Channel":"Microsoft-Windows-Sysmon/Operational","Task":"12","RuleName":"-","SourceName":"Microsoft-Windows-Sysmon","Hostname":"WORKSTATION5","ProcessId":"1548","EventType":"CreateKey","EventID":12,"Keywords":"0x8000000000000000","TargetObject":"HKLM\\SOFTWARE\\Policies\\Microsoft","Message":"Registry object added or deleted:\r\nRuleName: -\r\nEventType: CreateKey\r\nUtcTime: 2020-10-22 00:45:35.837\r\nProcessGuid: {39e4a257-d62f-5f90-8910-000000000700}\r\nProcessId: 1548\r\nImage: C:\\windows\\system32\\WindowsPowerShell\\v1.0\\powershell.exe\r\nTargetObject: HKLM\\SOFTWARE\\Policies\\Microsoft"}
{"@timestamp":"2020-10-21T08:45:35.863Z","TimeCreated":"2020-10-21T08:45:35.863Z","ProviderGuid":"{5770385f-c22a-43e0-bf4c-06f5698ffbd9}","UtcTime":"2020-10-22 00:45:35.837","ProcessGuid":"{39e4a257-d62f-5f90-8910-000000000700}","Image":"C:\\windows\\system32\\WindowsPowerShell\\v1.0\\powershell.exe","Level":"4","Channel":"Microsoft-Windows-Sysmon/Operational","Task":"12","RuleName":"-","SourceName":"Microsoft-Windows-Sysmon","Hostname":"WORKSTATION5","ProcessId":"1548","EventType":"CreateKey","EventID":12,"Keywords":"0x8000000000000000","TargetObject":"HKLM\\SOFTWARE\\Policies\\Microsoft\\SystemCertificates","Message":"Registry object added or deleted:\r\nRuleName: -\r\nEventType: CreateKey\r\nUtcTime: 2020-10-22 00:45:35.837\r\nProcessGuid: {39e4a257-d62f-5f90-8910-000000000700}\r\nProcessId: 1548\r\nImage: C:\\windows\\system32\\WindowsPowerShell\\v1.0\\powershell.exe\r\nTargetObject: HKLM\\SOFTWARE\\Policies\\Microsoft\\SystemCertificates"}
{"@timestamp":"2020-10-21T08:45:35.863Z","TimeCreated":"2020-10-21T08:45:35.863Z","ProviderGuid":"{5770385f-c22a-43e0-bf4c-06f5698ffbd9}","UtcTime":"2020-10-22 00:45:35.837","ProcessGuid":"{39e4a257-d62f-5f90-8910-000000000700}","Image":"C:\\windows\\system32\\WindowsPowerShell\\v1.0\\powershell.exe","Level":"4","Channel":"Microsoft-Windows-Sysmon/Operational","Task":"12","RuleName":"-","SourceName":"Microsoft-Windows-Sysmon","Hostname":"WORKSTATION5","ProcessId":"1548","EventType":"CreateKey","EventID":12,"Keywords":"0x8000000000000000","TargetObject":"HKLM\\SOFTWARE","Message":"Registry object added or deleted:\r\nRuleName: -\r\nEventType: CreateKey\r\nUtcTime: 2020-10-22 00:45:35.837\r\nProcessGuid: {39e4a257-d62f-5f90-8910-000000000700}\r\nProcessId: 1548\r\nImage: C:\\windows\\system32\\WindowsPowerShell\\v1.0\\powershell.exe\r\nTargetObject: HKLM\\SOFTWARE"}
{"@timestamp":"2020-10-21T08:45:35.863Z","TimeCreated":"2020-10-21T08:45:35.863Z","ProviderGuid":"{5770385f-c22a-43e0-bf4c-06f5698ffbd9}","UtcTime":"2020-10-22 00:45:35.837","ProcessGuid":"{39e4a257-d62f-5f90-8910-000000000700}","Image":"C:\\windows\\system32\\WindowsPowerShell\\v1.0\\powershell.exe","Level":"4","Channel":"Microsoft-Windows-Sysmon/Operational","Task":"12","RuleName":"-","SourceName":"Microsoft-Windows-Sysmon","Hostname":"WORKSTATION5","ProcessId":"1548","EventType":"CreateKey","EventID":12,"Keywords":"0x8000000000000000","TargetObject":"HKLM\\SOFTWARE\\Microsoft","Message":"Registry object added or deleted:\r\nRuleName: -\r\nEventType: CreateKey\r\nUtcTime: 2020-10-22 00:45:35.837\r\nProcessGuid: {39e4a257-d62f-5f90-8910-000000000700}\r\nProcessId: 1548\r\nImage: C:\\windows\\system32\\WindowsPowerShell\\v1.0\\powershell.exe\r\nTargetObject: HKLM\\SOFTWARE\\Microsoft"}
{"@timestamp":"2020-10-21T08:45:35.863Z","TimeCreated":"2020-10-21T08:45:35.863Z","ProviderGuid":"{5770385f-c22a-43e0-bf4c-06f5698ffbd9}","UtcTime":"2020-10-22 00:45:35.837","ProcessGuid":"{39e4a257-d62f-5f90-8910-000000000700}","Image":"C:\\windows\\system32\\WindowsPowerShell\\v1.0\\powershell.exe","Level":"4","Channel":"Microsoft-Windows-Sysmon/Operational","Task":"12","RuleName":"-","SourceName":"Microsoft-Windows-Sysmon","Hostname":"WORKSTATION5","ProcessId":"1548","EventType":"CreateKey","EventID":12,"Keywords":"0x8000000000000000","TargetObject":"HKLM\\SOFTWARE\\Microsoft\\EnterpriseCertificates","Message":"Registry object added or deleted:\r\nRuleName: -\r\nEventType: CreateKey\r\nUtcTime: 2020-10-22 00:45:35.837\r\nProcessGuid: {39e4a257-d62f-5f90-8910-000000000700}\r\nProcessId: 1548\r\nImage: C:\\windows\\system32\\WindowsPowerShell\\v1.0\\powershell.exe\r\nTargetObject: HKLM\\SOFTWARE\\Microsoft\\EnterpriseCertificates"}
{"@timestamp":"2020-10-21T08:45:35.863Z","TimeCreated":"2020-10-21T08:45:35.863Z","ProviderGuid":"{5770385f-c22a-43e0-bf4c-06f5698ffbd9}","UtcTime":"2020-10-22 00:45:35.837","ProcessGuid":"{39e4a257-d62f-5f90-8910-000000000700}","Image":"C:\\windows\\system32\\WindowsPowerShell\\v1.0\\powershell.exe","Level":"4","Channel":"Microsoft-Windows-Sysmon/Operational","Task":"12","RuleName":"-","SourceName":"Microsoft-Windows-Sysmon","Hostname":"WORKSTATION5","ProcessId":"1548","EventType":"CreateKey","EventID":12,"Keywords":"0x8000000000000000","TargetObject":"HKLM\\SOFTWARE","Message":"Registry object added or deleted:\r\nRuleName: -\r\nEventType: CreateKey\r\nUtcTime: 2020-10-22 00:45:35.837\r\nProcessGuid: {39e4a257-d62f-5f90-8910-000000000700}\r\nProcessId: 1548\r\nImage: C:\\windows\\system32\\WindowsPowerShell\\v1.0\\powershell.exe\r\nTargetObject: HKLM\\SOFTWARE"}
{"@timestamp":"2020-10-21T08:45:35.863Z","TimeCreated":"2020-10-21T08:45:35.863Z","ProviderGuid":"{5770385f-c22a-43e0-bf4c-06f5698ffbd9}","UtcTime":"2020-10-22 00:45:35.837","ProcessGuid":"{39e4a257-d62f-5f90-8910-000000000700}","Image":"C:\\windows\\system32\\WindowsPowerShell\\v1.0\\powershell.exe","Level":"4","Channel":"Microsoft-Windows-Sysmon/Operational","Task":"12","RuleName":"-","SourceName":"Microsoft-Windows-Sysmon","Hostname":"WORKSTATION5","ProcessId":"1548","EventType":"CreateKey","EventID":12,"Keywords":"0x8000000000000000","TargetObject":"HKLM\\SOFTWARE\\Microsoft","Message":"Registry object added or deleted:\r\nRuleName: -\r\nEventType: CreateKey\r\nUtcTime: 2020-10-22 00:45:35.837\r\nProcessGuid: {39e4a257-d62f-5f90-8910-000000000700}\r\nProcessId: 1548\r\nImage: C:\\windows\\system32\\WindowsPowerShell\\v1.0\\powershell.exe\r\nTargetObject: HKLM\\SOFTWARE\\Microsoft"}
{"@timestamp":"2020-10-21T08:45:35.863Z","TimeCreated":"2020-10-21T08:45:35.863Z","ProviderGuid":"{5770385f-c22a-43e0-bf4c-06f5698ffbd9}","UtcTime":"2020-10-22 00:45:35.837","ProcessGuid":"{39e4a257-d62f-5f90-8910-000000000700}","Image":"C:\\windows\\system32\\WindowsPowerShell\\v1.0\\powershell.exe","Level":"4","Channel":"Microsoft-Windows-Sysmon/Operational","Task":"12","RuleName":"-","SourceName":"Microsoft-Windows-Sysmon","Hostname":"WORKSTATION5","ProcessId":"1548","EventType":"CreateKey","EventID":12,"Keywords":"0x8000000000000000","TargetObject":"HKLM\\SOFTWARE\\Microsoft\\EnterpriseCertificates","Message":"Registry object added or deleted:\r\nRuleName: -\r\nEventType: CreateKey\r\nUtcTime: 2020-10-22 00:45:35.837\r\nProcessGuid: {39e4a257-d62f-5f90-8910-000000000700}\r\nProcessId: 1548\r\nImage: C:\\windows\\system32\\WindowsPowerShell\\v1.0\\powershell.exe\r\nTargetObject: HKLM\\SOFTWARE\\Microsoft\\EnterpriseCertificates"}
{"@timestamp":"2020-10-21T08:45:35.918Z","TimeCreated":"2020-10-21T08:45:35.918Z","Hashes":"SHA1=F896B78B69F104E99DBF96708CD13DB9A8D31111,MD5=DE04D07E7C17D89D5FA2F633E24B0B41,SHA256=F374EF5466E3C3466B2FE980DC726328CE6F09DAE204224130C70A40F3EC906A,IMPHASH=00000000000000000000000000000000","Signature":"-","ProviderGuid":"{5770385f-c22a-43e0-bf4c-06f5698ffbd9}","Company":"Microsoft Corporation","UtcTime":"2020-10-22 00:45:35.853","ProcessGuid":"{39e4a257-d62f-5f90-8910-000000000700}","Image":"C:\\Windows\\System32\\WindowsPowerShell\\v1.0\\powershell.exe","ImageLoaded":"C:\\Windows\\assembly\\NativeImages_v4.0.30319_64\\System.Management\\7bdb01d70f7f2aabb86f8ca19cc4ff28\\System.Management.ni.dll","Level":"4","Channel":"Microsoft-Windows-Sysmon/Operational","Task":"7","RuleName":"-","FileVersion":"4.8.3752.0 built by: NET48REL1","SourceName":"Microsoft-Windows-Sysmon","Hostname":"WORKSTATION5","ProcessId":"1548","Description":".NET Framework","SignatureStatus":"Unavailable","Product":"Microsoft® .NET Framework","EventID":7,"Keywords":"0x8000000000000000","Signed":"false","OriginalFileName":"System.Management.dll","Message":"Image loaded:\r\nRuleName: -\r\nUtcTime: 2020-10-22 00:45:35.853\r\nProcessGuid: {39e4a257-d62f-5f90-8910-000000000700}\r\nProcessId: 1548\r\nImage: C:\\Windows\\System32\\WindowsPowerShell\\v1.0\\powershell.exe\r\nImageLoaded: C:\\Windows\\assembly\\NativeImages_v4.0.30319_64\\System.Management\\7bdb01d70f7f2aabb86f8ca19cc4ff28\\System.Management.ni.dll\r\nFileVersion: 4.8.3752.0 built by: NET48REL1\r\nDescription: .NET Framework\r\nProduct: Microsoft® .NET Framework\r\nCompany: Microsoft Corporation\r\nOriginalFileName: System.Management.dll\r\nHashes: SHA1=F896B78B69F104E99DBF96708CD13DB9A8D31111,MD5=DE04D07E7C17D89D5FA2F633E24B0B41,SHA256=F374EF5466E3C3466B2FE980DC726328CE6F09DAE204224130C70A40F3EC906A,IMPHASH=00000000000000000000000000000000\r\nSigned: false\r\nSignature: -\r\nSignatureStatus: Unavailable"}
{"@timestamp":"2020-10-21T08:45:35.919Z","TimeCreated":"2020-10-21T08:45:35.919Z","Hashes":"SHA1=6D3FD8F29261C05EDAFE0E4D312AAEA21C007FA1,MD5=68B36BC981063A71D181356F4D89C844,SHA256=FC5BAC87F4814262DEA7E79E2B4705E0B8731CC42C80B6CABE9C02955685737C,IMPHASH=D84DBD06FA80DAEC5BB5B0E80B599802","Signature":"Microsoft Windows","ProviderGuid":"{5770385f-c22a-43e0-bf4c-06f5698ffbd9}","Company":"Microsoft Corporation","UtcTime":"2020-10-22 00:45:35.853","ProcessGuid":"{39e4a257-d62f-5f90-8910-000000000700}","Image":"C:\\Windows\\System32\\WindowsPowerShell\\v1.0\\powershell.exe","ImageLoaded":"C:\\Windows\\System32\\gpapi.dll","Level":"4","Channel":"Microsoft-Windows-Sysmon/Operational","Task":"7","RuleName":"-","FileVersion":"10.0.18362.1139 (WinBuild.160101.0800)","SourceName":"Microsoft-Windows-Sysmon","Hostname":"WORKSTATION5","ProcessId":"1548","Description":"Group Policy Client API","SignatureStatus":"Valid","Product":"Microsoft® Windows® Operating System","EventID":7,"Keywords":"0x8000000000000000","Signed":"true","OriginalFileName":"gpapi.dll","Message":"Image loaded:\r\nRuleName: -\r\nUtcTime: 2020-10-22 00:45:35.853\r\nProcessGuid: {39e4a257-d62f-5f90-8910-000000000700}\r\nProcessId: 1548\r\nImage: C:\\Windows\\System32\\WindowsPowerShell\\v1.0\\powershell.exe\r\nImageLoaded: C:\\Windows\\System32\\gpapi.dll\r\nFileVersion: 10.0.18362.1139 (WinBuild.160101.0800)\r\nDescription: Group Policy Client API\r\nProduct: Microsoft® Windows® Operating System\r\nCompany: Microsoft Corporation\r\nOriginalFileName: gpapi.dll\r\nHashes: SHA1=6D3FD8F29261C05EDAFE0E4D312AAEA21C007FA1,MD5=68B36BC981063A71D181356F4D89C844,SHA256=FC5BAC87F4814262DEA7E79E2B4705E0B8731CC42C80B6CABE9C02955685737C,IMPHASH=D84DBD06FA80DAEC5BB5B0E80B599802\r\nSigned: true\r\nSignature: Microsoft Windows\r\nSignatureStatus: Valid"}
