{"@timestamp":"2020-10-21T08:45:35.975Z","TimeCreated":"2020-10-21T08:45:35.975Z","Hashes":"SHA1=0CC8CB26997EF90D096F5BE0C124FBB7C84D15EF,MD5=9460482211E051F6EB157DE1D1970CC3,SHA256=B6D1290031DA360D04B10A9425FBC50BBB0ED1D303373DB4F3D8B75EE7632B78,IMPHASH=D9D7C00E2EAF03F74330D8F1204C0A12","Signature":"Microsoft Windows","ProviderGuid":"{5770385f-c22a-43e0-bf4c-06f5698ffbd9}","Company":"Microsoft Corporation","UtcTime":"2020-10-22 00:45:35.962","ProcessGuid":"{39e4a257-d62f-5f90-8910-000000000700}","Image":"C:\\Windows\\System32\\WindowsPowerShell\\v1.0\\powershell.exe","ImageLoaded":"C:\\Windows\\System32\\WindowsPowerShell\\v1.0\\pwrshsip.dll","Level":"4","Channel":"Microsoft-Windows-Sysmon/Operational","Task":"7","RuleName":"-","FileVersion":"10.0.18362.1 (WinBuild.160101.0800)","SourceName":"Microsoft-Windows-Sysmon","Hostname":"WORKSTATION5","ProcessId":"1548","Description":"Crypto SIP provider for signing and verifying PowerShell script files (.ps1/.ps1xml)","SignatureStatus":"Valid","Product":"Microsoft® Windows® Operating System","EventID":7,"Keywords":"0x8000000000000000","Signed":"true","OriginalFileName":"pwrshsip.dll","Message":"Image loaded:\r\nRuleName: -\r\nUtcTime: 2020-10-22 00:45:35.962\r\nProcessGuid: {39e4a257-d62f-5f90-8910-000000000700}\r\nProcessId: 1548\r\nImage: C:\\Windows\\System32\\WindowsPowerShell\\v1.0\\powershell.exe\r\nImageLoaded: C:\\Windows\\System32\\WindowsPowerShell\\v1.0\\pwrshsip.dll\r\nFileVersion: 10.0.18362.1 (WinBuild.160101.0800)\r\nDescription: Crypto SIP provider for signing and verifying PowerShell script files (.ps1/.ps1xml)\r\nProduct: Microsoft® Windows® Operating System\r\nCompany: Microsoft Corporation\r\nOriginalFileName: pwrshsip.dll\r\nHashes: SHA1=0CC8CB26997EF90D096F5BE0C124FBB7C84D15EF,MD5=9460482211E051F6EB157DE1D1970CC3,SHA256=B6D1290031DA360D04B10A9425FBC50BBB0ED1D303373DB4F3D8B75EE7632B78,IMPHASH=D9D7C00E2EAF03F74330D8F1204C0A12\r\nSigned: true\r\nSignature: Microsoft Windows\r\nSignatureStatus: Valid"}
{"@timestamp":"2020-10-21T08:45:35.977Z","TimeCreated":"2020-10-21T08:45:35.977Z","ProviderGuid":"{5770385f-c22a-43e0-bf4c-06f5698ffbd9}","UtcTime":"2020-10-22 00:45:35.962","ProcessGuid":"{39e4a257-f1b3-5f8b-a700-000000000700}","Image":"C:\\windows\\Explorer.EXE","Level":"4","Channel":"Microsoft-Windows-Sysmon/Operational","Task":"13","RuleName":"-","SourceName":"Microsoft-Windows-Sysmon","Hostname":"WORKSTATION5","Details":"Binary Data","ProcessId":"1072","EventType":"SetValue","EventID":13,"Keywords":"0x8000000000000000","TargetObject":"HKU\\S-1-5-21-3940915590-64593676-1414006259-500\\Software\\Microsoft\\Windows\\CurrentVersion\\Explorer\\UserAssist\\{CEBFF5CD-ACE2-4F4F-9178-9926F41749EA}\\Count\\{1NP14R77-02R7-4R5Q-O744-2RO1NR5198O7}\\pzq.rkr","Message":"Registry value set:\r\nRuleName: -\r\nEventType: SetValue\r\nUtcTime: 2020-10-22 00:45:35.962\r\nProcessGuid: {39e4a257-f1b3-5f8b-a700-000000000700}\r\nProcessId: 1072\r\nImage: C:\\windows\\Explorer.EXE\r\nTargetObject: HKU\\S-1-5-21-3940915590-64593676-1414006259-500\\Software\\Microsoft\\Windows\\CurrentVersion\\Explorer\\UserAssist\\{CEBFF5CD-ACE2-4F4F-9178-9926F41749EA}\\Count\\{1NP14R77-02R7-4R5Q-O744-2RO1NR5198O7}\\pzq.rkr\r\nDetails: Binary Data"}
{"@timestamp":"2020-10-21T08:45:35.977Z","TimeCreated":"2020-10-21T08:45:35.977Z","ProviderGuid":"{5770385f-c22a-43e0-bf4c-06f5698ffbd9}","UtcTime":"2020-10-22 00:45:35.962","ProcessGuid":"{39e4a257-f1b3-5f8b-a700-000000000700}","Image":"C:\\windows\\Explorer.EXE","Level":"4","Channel":"Microsoft-Windows-Sysmon/Operational","Task":"13","RuleName":"-","SourceName":"Microsoft-Windows-Sysmon","Hostname":"WORKSTATION5","Details":"Binary Data","ProcessId":"1072","EventType":"SetValue","EventID":13,"Keywords":"0x8000000000000000","TargetObject":"HKU\\S-1-5-21-3940915590-64593676-1414006259-500\\Software\\Microsoft\\Windows\\CurrentVersion\\Explorer\\UserAssist\\{CEBFF5CD-ACE2-4F4F-9178-9926F41749EA}\\Count\\HRZR_PGYFRFFVBA","Message":"Registry value set:\r\nRuleName: -\r\nEventType: SetValue\r\nUtcTime: 2020-10-22 00:45:35.962\r\nProcessGuid: {39e4a257-f1b3-5f8b-a700-000000000700}\r\nProcessId: 1072\r\nImage: C:\\windows\\Explorer.EXE\r\nTargetObject: HKU\\S-1-5-21-3940915590-64593676-1414006259-500\\Software\\Microsoft\\Windows\\CurrentVersion\\Explorer\\UserAssist\\{CEBFF5CD-ACE2-4F4F-9178-9926F41749EA}\\Count\\HRZR_PGYFRFFVBA\r\nDetails: Binary Data"}
{"@timestamp":"2020-10-21T08:45:35.978Z","TimeCreated":"2020-10-21T08:45:35.978Z","Hashes":"SHA1=0ECCAC9CDB39AFAEB5A7674CF50CC8858354B8CC,MD5=31D92C5BBE43A23F7DFA5E3A173EE2BD,SHA256=E7B22C1BB519961A242BFCE607D832A2D7542D2BB7312F6268BDF75EAF9AFA0B,IMPHASH=00000000000000000000000000000000","Signature":"-","ProviderGuid":"{5770385f-c22a-43e0-bf4c-06f5698ffbd9}","Company":"Microsoft Corporation","UtcTime":"2020-10-22 00:45:35.962","ProcessGuid":"{39e4a257-d62f-5f90-8910-000000000700}","Image":"C:\\Windows\\System32\\WindowsPowerShell\\v1.0\\powershell.exe","ImageLoaded":"C:\\Windows\\assembly\\NativeImages_v4.0.30319_64\\System.Xml\\da63232ab47cbdbe78f2126762a3b4f4\\System.Xml.ni.dll","Level":"4","Channel":"Microsoft-Windows-Sysmon/Operational","Task":"7","RuleName":"-","FileVersion":"4.8.3752.0 built by: NET48REL1","SourceName":"Microsoft-Windows-Sysmon","Hostname":"WORKSTATION5","ProcessId":"1548","Description":".NET Framework","SignatureStatus":"Unavailable","Product":"Microsoft® .NET Framework","EventID":7,"Keywords":"0x8000000000000000","Signed":"false","OriginalFileName":"System.Xml.dll","Message":"Image loaded:\r\nRuleName: -\r\nUtcTime: 2020-10-22 00:45:35.962\r\nProcessGuid: {39e4a257-d62f-5f90-8910-000000000700}\r\nProcessId: 1548\r\nImage: C:\\Windows\\System32\\WindowsPowerShell\\v1.0\\powershell.exe\r\nImageLoaded: C:\\Windows\\assembly\\NativeImages_v4.0.30319_64\\System.Xml\\da63232ab47cbdbe78f2126762a3b4f4\\System.Xml.ni.dll\r\nFileVersion: 4.8.3752.0 built by: NET48REL1\r\nDescription: .NET Framework\r\nProduct: Microsoft® .NET Framework\r\nCompany: Microsoft Corporation\r\nOriginalFileName: System.Xml.dll\r\nHashes: SHA1=0ECCAC9CDB39AFAEB5A7674CF50CC8858354B8CC,MD5=31D92C5BBE43A23F7DFA5E3A173EE2BD,SHA256=E7B22C1BB519961A242BFCE607D832A2D7542D2BB7312F6268BDF75EAF9AFA0B,IMPHASH=00000000000000000000000000000000\r\nSigned: false\r\nSignature: -\r\nSignatureStatus: Unavailable"}
{"@timestamp":"2020-10-21T08:45:35.979Z","TimeCreated":"2020-10-21T08:45:35.979Z","Hashes":"SHA1=06C61F85B43E2E3FA790A77B537AB45ABBEB98B2,MD5=60293F1F0629228BE708CF95BE8748F8,SHA256=25F5A41840A2FB2E266385BC4234C92F3E74F85A7440E3EED5829B672BCB1459,IMPHASH=00000000000000000000000000000000","Signature":"-","ProviderGuid":"{5770385f-c22a-43e0-bf4c-06f5698ffbd9}","Company":"Microsoft Corporation","UtcTime":"2020-10-22 00:45:35.962","ProcessGuid":"{39e4a257-d62f-5f90-8910-000000000700}","Image":"C:\\Windows\\System32\\WindowsPowerShell\\v1.0\\powershell.exe","ImageLoaded":"C:\\Windows\\assembly\\NativeImages_v4.0.30319_64\\System.Numerics\\81758f2af5de05ac25a969d4184e2a64\\System.Numerics.ni.dll","Level":"4","Channel":"Microsoft-Windows-Sysmon/Operational","Task":"7","RuleName":"-","FileVersion":"4.8.3752.0 built by: NET48REL1","SourceName":"Microsoft-Windows-Sysmon","Hostname":"WORKSTATION5","ProcessId":"1548","Description":".NET Framework","SignatureStatus":"Unavailable","Product":"Microsoft® .NET Framework","EventID":7,"Keywords":"0x8000000000000000","Signed":"false","OriginalFileName":"System.Numerics.dll","Message":"Image loaded:\r\nRuleName: -\r\nUtcTime: 2020-10-22 00:45:35.962\r\nProcessGuid: {39e4a257-d62f-5f90-8910-000000000700}\r\nProcessId: 1548\r\nImage: C:\\Windows\\System32\\WindowsPowerShell\\v1.0\\powershell.exe\r\nImageLoaded: C:\\Windows\\assembly\\NativeImages_v4.0.30319_64\\System.Numerics\\81758f2af5de05ac25a969d4184e2a64\\System.Numerics.ni.dll\r\nFileVersion: 4.8.3752.0 built by: NET48REL1\r\nDescription: .NET Framework\r\nProduct: Microsoft® .NET Framework\r\nCompany: Microsoft Corporation\r\nOriginalFileName: System.Numerics.dll\r\nHashes: SHA1=06C61F85B43E2E3FA790A77B537AB45ABBEB98B2,MD5=60293F1F0629228BE708CF95BE8748F8,SHA256=25F5A41840A2FB2E266385BC4234C92F3E74F85A7440E3EED5829B672BCB1459,IMPHASH=00000000000000000000000000000000\r\nSigned: false\r\nSignature: -\r\nSignatureStatus: Unavailable"}
{"@timestamp":"2020-10-21T08:45:35.990Z","TimeCreated":"2020-10-21T08:45:35.990Z","Hashes":"SHA1=44B18EADF775825122B873ABA4039E14EA73FD60,MD5=9C6F2F78FE8C900D7274499E8355DCF2,SHA256=980C7808BC3A366CCFDEECACF72B12CF09BA411B5DF3832830B7D3D557906E67,IMPHASH=00000000000000000000000000000000","Signature":"-","ProviderGuid":"{5770385f-c22a-43e0-bf4c-06f5698ffbd9}","Company":"Microsoft Corporation","UtcTime":"2020-10-22 00:45:35.978","ProcessGuid":"{39e4a257-d62f-5f90-8910-000000000700}","Image":"C:\\Windows\\System32\\WindowsPowerShell\\v1.0\\powershell.exe","ImageLoaded":"C:\\Windows\\assembly\\NativeImages_v4.0.30319_64\\System.Data\\d1239e02b4a33b867eb419653ba7551b\\System.Data.ni.dll","Level":"4","Channel":"Microsoft-Windows-Sysmon/Operational","Task":"7","RuleName":"-","FileVersion":"4.8.4261.0 built by: NET48REL1LAST_B","SourceName":"Microsoft-Windows-Sysmon","Hostname":"WORKSTATION5","ProcessId":"1548","Description":".NET Framework","SignatureStatus":"Unavailable","Product":"Microsoft® .NET Framework","EventID":7,"Keywords":"0x8000000000000000","Signed":"false","OriginalFileName":"system.data.dll","Message":"Image loaded:\r\nRuleName: -\r\nUtcTime: 2020-10-22 00:45:35.978\r\nProcessGuid: {39e4a257-d62f-5f90-8910-000000000700}\r\nProcessId: 1548\r\nImage: C:\\Windows\\System32\\WindowsPowerShell\\v1.0\\powershell.exe\r\nImageLoaded: C:\\Windows\\assembly\\NativeImages_v4.0.30319_64\\System.Data\\d1239e02b4a33b867eb419653ba7551b\\System.Data.ni.dll\r\nFileVersion: 4.8.4261.0 built by: NET48REL1LAST_B\r\nDescription: .NET Framework\r\nProduct: Microsoft® .NET Framework\r\nCompany: Microsoft Corporation\r\nOriginalFileName: system.data.dll\r\nHashes: SHA1=44B18EADF775825122B873ABA4039E14EA73FD60,MD5=9C6F2F78FE8C900D7274499E8355DCF2,SHA256=980C7808BC3A366CCFDEECACF72B12CF09BA411B5DF3832830B7D3D557906E67,IMPHASH=00000000000000000000000000000000\r\nSigned: false\r\nSignature: -\r\nSignatureStatus: Unavailable"}
{"@timestamp":"2020-10-21T08:45:35.990Z","TimeCreated":"2020-10-21T08:45:35.990Z","Hashes":"SHA1=AA470517F03B4433F55ABA0D8851416F7C794642,MD5=7EA60F40CDFAA8761296B3F51A3DED82,SHA256=EEA07238F308D689BF0D8C9DD275F574A103B8755C5E24828275D7E9E0C65EAA,IMPHASH=9FE0ED33D42CDA291AE72F170DE4D48F","Signature":"Microsoft Corporation","ProviderGuid":"{5770385f-c22a-43e0-bf4c-06f5698ffbd9}","Company":"Microsoft Corporation","UtcTime":"2020-10-22 00:45:35.978","ProcessGuid":"{39e4a257-d62f-5f90-8910-000000000700}","Image":"C:\\Windows\\System32\\WindowsPowerShell\\v1.0\\powershell.exe","ImageLoaded":"C:\\Windows\\Microsoft.NET\\assembly\\GAC_64\\System.Data\\v4.0_4.0.0.0__b77a5c561934e089\\System.Data.dll","Level":"4","Channel":"Microsoft-Windows-Sysmon/Operational","Task":"7","RuleName":"-","FileVersion":"4.8.4261.0 built by: NET48REL1LAST_B","SourceName":"Microsoft-Windows-Sysmon","Hostname":"WORKSTATION5","ProcessId":"1548","Description":".NET Framework","SignatureStatus":"Valid","Product":"Microsoft® .NET Framework","EventID":7,"Keywords":"0x8000000000000000","Signed":"true","OriginalFileName":"system.data.dll","Message":"Image loaded:\r\nRuleName: -\r\nUtcTime: 2020-10-22 00:45:35.978\r\nProcessGuid: {39e4a257-d62f-5f90-8910-000000000700}\r\nProcessId: 1548\r\nImage: C:\\Windows\\System32\\WindowsPowerShell\\v1.0\\powershell.exe\r\nImageLoaded: C:\\Windows\\Microsoft.NET\\assembly\\GAC_64\\System.Data\\v4.0_4.0.0.0__b77a5c561934e089\\System.Data.dll\r\nFileVersion: 4.8.4261.0 built by: NET48REL1LAST_B\r\nDescription: .NET Framework\r\nProduct: Microsoft® .NET Framework\r\nCompany: Microsoft Corporation\r\nOriginalFileName: system.data.dll\r\nHashes: SHA1=AA470517F03B4433F55ABA0D8851416F7C794642,MD5=7EA60F40CDFAA8761296B3F51A3DED82,SHA256=EEA07238F308D689BF0D8C9DD275F574A103B8755C5E24828275D7E9E0C65EAA,IMPHASH=9FE0ED33D42CDA291AE72F170DE4D48F\r\nSigned: true\r\nSignature: Microsoft Corporation\r\nSignatureStatus: Valid"}
{"@timestamp":"2020-10-21T08:45:35.991Z","TimeCreated":"2020-10-21T08:45:35.991Z","Hashes":"SHA1=0E931ED820C96CCAD23D4AFCB0ACD97C99155D11,MD5=C0F8DA7568D2F1534E0ABB0E69DC3280,SHA256=E419A4BBDF1D5E0601E90BAFC1558DBD7414CD44E098B581C1915EF2C6E38D0B,IMPHASH=70D7A835AF4CA9F98A94AAF1B60BF88F","Signature":"Microsoft Windows","ProviderGuid":"{5770385f-c22a-43e0-bf4c-06f5698ffbd9}","Company":"Microsoft Corporation","UtcTime":"2020-10-22 00:45:35.978","ProcessGuid":"{39e4a257-d62f-5f90-8910-000000000700}","Image":"C:\\Windows\\System32\\WindowsPowerShell\\v1.0\\powershell.exe","ImageLoaded":"C:\\Windows\\System32\\ws2_32.dll","Level":"4","Channel":"Microsoft-Windows-Sysmon/Operational","Task":"7","RuleName":"-","FileVersion":"10.0.18362.387 (WinBuild.160101.0800)","SourceName":"Microsoft-Windows-Sysmon","Hostname":"WORKSTATION5","ProcessId":"1548","Description":"Windows Socket 2.0 32-Bit DLL","SignatureStatus":"Valid","Product":"Microsoft® Windows® Operating System","EventID":7,"Keywords":"0x8000000000000000","Signed":"true","OriginalFileName":"ws2_32.dll","Message":"Image loaded:\r\nRuleName: -\r\nUtcTime: 2020-10-22 00:45:35.978\r\nProcessGuid: {39e4a257-d62f-5f90-8910-000000000700}\r\nProcessId: 1548\r\nImage: C:\\Windows\\System32\\WindowsPowerShell\\v1.0\\powershell.exe\r\nImageLoaded: C:\\Windows\\System32\\ws2_32.dll\r\nFileVersion: 10.0.18362.387 (WinBuild.160101.0800)\r\nDescription: Windows Socket 2.0 32-Bit DLL\r\nProduct: Microsoft® Windows® Operating System\r\nCompany: Microsoft Corporation\r\nOriginalFileName: ws2_32.dll\r\nHashes: SHA1=0E931ED820C96CCAD23D4AFCB0ACD97C99155D11,MD5=C0F8DA7568D2F1534E0ABB0E69DC3280,SHA256=E419A4BBDF1D5E0601E90BAFC1558DBD7414CD44E098B581C1915EF2C6E38D0B,IMPHASH=70D7A835AF4CA9F98A94AAF1B60BF88F\r\nSigned: true\r\nSignature: Microsoft Windows\r\nSignatureStatus: Valid"}
{"@timestamp":"2020-10-21T08:45:36.010Z","TimeCreated":"2020-10-21T08:45:36.010Z","ProviderGuid":"{5770385f-c22a-43e0-bf4c-06f5698ffbd9}","UtcTime":"2020-10-22 00:45:35.994","ProcessGuid":"{39e4a257-d62f-5f90-8910-000000000700}","Image":"C:\\Windows\\System32\\WindowsPowerShell\\v1.0\\powershell.exe","Level":"4","Channel":"Microsoft-Windows-Sysmon/Operational","Task":"5","RuleName":"-","SourceName":"Microsoft-Windows-Sysmon","Hostname":"WORKSTATION5","ProcessId":"1548","EventID":5,"Keywords":"0x8000000000000000","Message":"Process terminated:\r\nRuleName: -\r\nUtcTime: 2020-10-22 00:45:35.994\r\nProcessGuid: {39e4a257-d62f-5f90-8910-000000000700}\r\nProcessId: 1548\r\nImage: C:\\Windows\\System32\\WindowsPowerShell\\v1.0\\powershell.exe"}
{"@timestamp":"2020-10-21T08:45:36.012Z","TimeCreated":"2020-10-21T08:45:36.012Z","ProviderGuid":"{5770385f-c22a-43e0-bf4c-06f5698ffbd9}","UtcTime":"2020-10-22 00:45:36.009","ProcessGuid":"{39e4a257-d62f-5f90-8810-000000000700}","Image":"C:\\Windows\\System32\\sc.exe","Level":"4","Channel":"Microsoft-Windows-Sysmon/Operational","Task":"5","RuleName":"-","SourceName":"Microsoft-Windows-Sysmon","Hostname":"WORKSTATION5","ProcessId":"9176","EventID":5,"Keywords":"0x8000000000000000","Message":"Process terminated:\r\nRuleName: -\r\nUtcTime: 2020-10-22 00:45:36.009\r\nProcessGuid: {39e4a257-d62f-5f90-8810-000000000700}\r\nProcessId: 9176\r\nImage: C:\\Windows\\System32\\sc.exe"}
{"@timestamp":"2020-10-21T08:45:36.038Z","TimeCreated":"2020-10-21T08:45:36.038Z","Hashes":"SHA1=1BE5EC1130E4B812224AF98D1C4B81B91C8D8BCE,MD5=698E67C04A48B58FE0FE2B7DAB428BD2,SHA256=D4F8395347B3C952DA3309BD3ADFBF87F52582C744204692DEDB0B6E720AEE1A,IMPHASH=5DE31297232BD99BC22531D7CE95B80E","Signature":"Microsoft Windows","ProviderGuid":"{5770385f-c22a-43e0-bf4c-06f5698ffbd9}","Company":"Microsoft Corporation","UtcTime":"2020-10-22 00:45:35.822","ProcessGuid":"{39e4a257-d62f-5f90-8910-000000000700}","Image":"C:\\Windows\\System32\\WindowsPowerShell\\v1.0\\powershell.exe","ImageLoaded":"C:\\Windows\\System32\\shell32.dll","Level":"4","Channel":"Microsoft-Windows-Sysmon/Operational","Task":"7","RuleName":"-","FileVersion":"10.0.18362.1110 (WinBuild.160101.0800)","SourceName":"Microsoft-Windows-Sysmon","Hostname":"WORKSTATION5","ProcessId":"1548","Description":"Windows Shell Common Dll","SignatureStatus":"Valid","Product":"Microsoft® Windows® Operating System","EventID":7,"Keywords":"0x8000000000000000","Signed":"true","OriginalFileName":"SHELL32.DLL","Message":"Image loaded:\r\nRuleName: -\r\nUtcTime: 2020-10-22 00:45:35.822\r\nProcessGuid: {39e4a257-d62f-5f90-8910-000000000700}\r\nProcessId: 1548\r\nImage: C:\\Windows\\System32\\WindowsPowerShell\\v1.0\\powershell.exe\r\nImageLoaded: C:\\Windows\\System32\\shell32.dll\r\nFileVersion: 10.0.18362.1110 (WinBuild.160101.0800)\r\nDescription: Windows Shell Common Dll\r\nProduct: Microsoft® Windows® Operating System\r\nCompany: Microsoft Corporation\r\nOriginalFileName: SHELL32.DLL\r\nHashes: SHA1=1BE5EC1130E4B812224AF98D1C4B81B91C8D8BCE,MD5=698E67C04A48B58FE0FE2B7DAB428BD2,SHA256=D4F8395347B3C952DA3309BD3ADFBF87F52582C744204692DEDB0B6E720AEE1A,IMPHASH=5DE31297232BD99BC22531D7CE95B80E\r\nSigned: true\r\nSignature: Microsoft Windows\r\nSignatureStatus: Valid"}
{"@timestamp":"2020-10-21T08:45:36.064Z","TimeCreated":"2020-10-21T08:45:36.064Z","ProviderGuid":"{5770385f-c22a-43e0-bf4c-06f5698ffbd9}","TargetFilename":"C:\\Windows\\Prefetch\\POWERSHELL.EXE-920BBA2A.pf","UtcTime":"2020-10-22 00:45:36.056","ProcessGuid":"{39e4a257-f133-5f8b-3100-000000000700}","Image":"C:\\windows\\system32\\svchost.exe","CreationUtcTime":"2020-10-13 02:44:22.634","Level":"4","Channel":"Microsoft-Windows-Sysmon/Operational","Task":"11","RuleName":"-","SourceName":"Microsoft-Windows-Sysmon","Hostname":"WORKSTATION5","ProcessId":"1556","EventID":11,"Keywords":"0x8000000000000000","Message":"File created:\r\nRuleName: -\r\nUtcTime: 2020-10-22 00:45:36.056\r\nProcessGuid: {39e4a257-f133-5f8b-3100-000000000700}\r\nProcessId: 1556\r\nImage: C:\\windows\\system32\\svchost.exe\r\nTargetFilename: C:\\Windows\\Prefetch\\POWERSHELL.EXE-920BBA2A.pf\r\nCreationUtcTime: 2020-10-13 02:44:22.634"}
{"GrantedAccess":"0x1000","@timestamp":"2020-10-21T08:45:40.290Z","TimeCreated":"2020-10-21T08:45:40.290Z","SourceThreadId":"9772","SourceImage":"C:\\windows\\system32\\svchost.exe","ProviderGuid":"{5770385f-c22a-43e0-bf4c-06f5698ffbd9}","CallTrace":"C:\\windows\\SYSTEM32\\ntdll.dll+9c584|C:\\windows\\System32\\KERNELBASE.dll+6af15|c:\\windows\\system32\\lsm.dll+111b6|C:\\windows\\System32\\RPCRT4.dll+76a63|C:\\windows\\System32\\RPCRT4.dll+da036|C:\\windows\\System32\\RPCRT4.dll+37b7c|C:\\windows\\System32\\RPCRT4.dll+549f8|C:\\windows\\System32\\RPCRT4.dll+2c9b1|C:\\windows\\System32\\RPCRT4.dll+2c26b|C:\\windows\\System32\\RPCRT4.dll+1a8cf|C:\\windows\\System32\\RPCRT4.dll+19d7a|C:\\windows\\System32\\RPCRT4.dll+19361|C:\\windows\\System32\\RPCRT4.dll+18dce|C:\\windows\\System32\\RPCRT4.dll+16a05|C:\\windows\\SYSTEM32\\ntdll.dll+333ed|C:\\windows\\SYSTEM32\\ntdll.dll+34142|C:\\windows\\System32\\KERNEL32.DLL+17c24|C:\\windows\\SYSTEM32\\ntdll.dll+6cea1","UtcTime":"2020-10-22 00:45:40.277","TargetProcessGUID":"{39e4a257-f138-5f8b-5300-000000000700}","SourceProcessId":"404","Level":"4","Channel":"Microsoft-Windows-Sysmon/Operational","Task":"10","RuleName":"-","SourceName":"Microsoft-Windows-Sysmon","Hostname":"WORKSTATION5","SourceProcessGUID":"{39e4a257-f132-5f8b-1200-000000000700}","TargetProcessId":"3352","EventID":10,"Keywords":"0x8000000000000000","TargetImage":"C:\\windows\\Sysmon.exe","Message":"Process accessed:\r\nRuleName: -\r\nUtcTime: 2020-10-22 00:45:40.277\r\nSourceProcessGUID: {39e4a257-f132-5f8b-1200-000000000700}\r\nSourceProcessId: 404\r\nSourceThreadId: 9772\r\nSourceImage: C:\\windows\\system32\\svchost.exe\r\nTargetProcessGUID: {39e4a257-f138-5f8b-5300-000000000700}\r\nTargetProcessId: 3352\r\nTargetImage: C:\\windows\\Sysmon.exe\r\nGrantedAccess: 0x1000\r\nCallTrace: C:\\windows\\SYSTEM32\\ntdll.dll+9c584|C:\\windows\\System32\\KERNELBASE.dll+6af15|c:\\windows\\system32\\lsm.dll+111b6|C:\\windows\\System32\\RPCRT4.dll+76a63|C:\\windows\\System32\\RPCRT4.dll+da036|C:\\windows\\System32\\RPCRT4.dll+37b7c|C:\\windows\\System32\\RPCRT4.dll+549f8|C:\\windows\\System32\\RPCRT4.dll+2c9b1|C:\\windows\\System32\\RPCRT4.dll+2c26b|C:\\windows\\System32\\RPCRT4.dll+1a8cf|C:\\windows\\System32\\RPCRT4.dll+19d7a|C:\\windows\\System32\\RPCRT4.dll+19361|C:\\windows\\System32\\RPCRT4.dll+18dce|C:\\windows\\System32\\RPCRT4.dll+16a05|C:\\windows\\SYSTEM32\\ntdll.dll+333ed|C:\\windows\\SYSTEM32\\ntdll.dll+34142|C:\\windows\\System32\\KERNEL32.DLL+17c24|C:\\windows\\SYSTEM32\\ntdll.dll+6cea1"}
{"GrantedAccess":"0x1000","@timestamp":"2020-10-21T08:45:40.291Z","TimeCreated":"2020-10-21T08:45:40.291Z","SourceThreadId":"9772","SourceImage":"C:\\windows\\system32\\svchost.exe","ProviderGuid":"{5770385f-c22a-43e0-bf4c-06f5698ffbd9}","CallTrace":"C:\\windows\\SYSTEM32\\ntdll.dll+9c584|C:\\windows\\System32\\KERNELBASE.dll+6af15|c:\\windows\\system32\\lsm.dll+111b6|C:\\windows\\System32\\RPCRT4.dll+76a63|C:\\windows\\System32\\RPCRT4.dll+da036|C:\\windows\\System32\\RPCRT4.dll+37b7c|C:\\windows\\System32\\RPCRT4.dll+549f8|C:\\windows\\System32\\RPCRT4.dll+2c9b1|C:\\windows\\System32\\RPCRT4.dll+2c26b|C:\\windows\\System32\\RPCRT4.dll+1a8cf|C:\\windows\\System32\\RPCRT4.dll+19d7a|C:\\windows\\System32\\RPCRT4.dll+19361|C:\\windows\\System32\\RPCRT4.dll+18dce|C:\\windows\\System32\\RPCRT4.dll+16a05|C:\\windows\\SYSTEM32\\ntdll.dll+333ed|C:\\windows\\SYSTEM32\\ntdll.dll+34142|C:\\windows\\System32\\KERNEL32.DLL+17c24|C:\\windows\\SYSTEM32\\ntdll.dll+6cea1","UtcTime":"2020-10-22 00:45:40.277","TargetProcessGUID":"{39e4a257-f138-5f8b-5300-000000000700}","SourceProcessId":"404","Level":"4","Channel":"Microsoft-Windows-Sysmon/Operational","Task":"10","RuleName":"-","SourceName":"Microsoft-Windows-Sysmon","Hostname":"WORKSTATION5","SourceProcessGUID":"{39e4a257-f132-5f8b-1200-000000000700}","TargetProcessId":"3352","EventID":10,"Keywords":"0x8000000000000000","TargetImage":"C:\\windows\\Sysmon.exe","Message":"Process accessed:\r\nRuleName: -\r\nUtcTime: 2020-10-22 00:45:40.277\r\nSourceProcessGUID: {39e4a257-f132-5f8b-1200-000000000700}\r\nSourceProcessId: 404\r\nSourceThreadId: 9772\r\nSourceImage: C:\\windows\\system32\\svchost.exe\r\nTargetProcessGUID: {39e4a257-f138-5f8b-5300-000000000700}\r\nTargetProcessId: 3352\r\nTargetImage: C:\\windows\\Sysmon.exe\r\nGrantedAccess: 0x1000\r\nCallTrace: C:\\windows\\SYSTEM32\\ntdll.dll+9c584|C:\\windows\\System32\\KERNELBASE.dll+6af15|c:\\windows\\system32\\lsm.dll+111b6|C:\\windows\\System32\\RPCRT4.dll+76a63|C:\\windows\\System32\\RPCRT4.dll+da036|C:\\windows\\System32\\RPCRT4.dll+37b7c|C:\\windows\\System32\\RPCRT4.dll+549f8|C:\\windows\\System32\\RPCRT4.dll+2c9b1|C:\\windows\\System32\\RPCRT4.dll+2c26b|C:\\windows\\System32\\RPCRT4.dll+1a8cf|C:\\windows\\System32\\RPCRT4.dll+19d7a|C:\\windows\\System32\\RPCRT4.dll+19361|C:\\windows\\System32\\RPCRT4.dll+18dce|C:\\windows\\System32\\RPCRT4.dll+16a05|C:\\windows\\SYSTEM32\\ntdll.dll+333ed|C:\\windows\\SYSTEM32\\ntdll.dll+34142|C:\\windows\\System32\\KERNEL32.DLL+17c24|C:\\windows\\SYSTEM32\\ntdll.dll+6cea1"}
{"@timestamp":"2020-10-21T08:45:40.292Z","TimeCreated":"2020-10-21T08:45:40.292Z","Archived":"true","Hashes":"SHA1=7DB1750649B5B1252B3517913F3B32E4DBB06D8B,MD5=3E70ACA1D10B3047E61F93B9ADD36911,SHA256=BB6C89B81E7E8866B7C84CB4EDA8229F6722311F4A8E76827AA19BBEBE324AF5,IMPHASH=00000000000000000000000000000000","ProviderGuid":"{5770385f-c22a-43e0-bf4c-06f5698ffbd9}","Session":"2","UtcTime":"2020-10-22 00:45:40.277","ProcessGuid":"{39e4a257-f1b0-5f8b-9a00-000000000700}","Image":"C:\\Windows\\System32\\rdpclip.exe","Level":"4","Channel":"Microsoft-Windows-Sysmon/Operational","Task":"24","RuleName":"-","ClientInfo":"user: WORKSTATION5\\wardog hostname: robertos-mbp","SourceName":"Microsoft-Windows-Sysmon","Hostname":"WORKSTATION5","ProcessId":"2920","EventID":24,"Keywords":"0x8000000000000000","Message":"Clipboard changed:\r\nRuleName: -\r\nUtcTime: 2020-10-22 00:45:40.277\r\nProcessGuid: {39e4a257-f1b0-5f8b-9a00-000000000700}\r\nProcessId: 2920\r\nImage: C:\\Windows\\System32\\rdpclip.exe\r\nSession: 2\r\nClientInfo: user: WORKSTATION5\\wardog hostname: robertos-mbp\r\nHashes: SHA1=7DB1750649B5B1252B3517913F3B32E4DBB06D8B,MD5=3E70ACA1D10B3047E61F93B9ADD36911,SHA256=BB6C89B81E7E8866B7C84CB4EDA8229F6722311F4A8E76827AA19BBEBE324AF5,IMPHASH=00000000000000000000000000000000\r\nArchived: true"}
{"GrantedAccess":"0x1000","@timestamp":"2020-10-21T08:45:40.469Z","TimeCreated":"2020-10-21T08:45:40.469Z","SourceThreadId":"8868","SourceImage":"C:\\windows\\system32\\svchost.exe","ProviderGuid":"{5770385f-c22a-43e0-bf4c-06f5698ffbd9}","CallTrace":"C:\\windows\\SYSTEM32\\ntdll.dll+9c584|C:\\windows\\System32\\KERNELBASE.dll+305fe|c:\\windows\\system32\\cbdhsvc.dll+b5270|c:\\windows\\system32\\cbdhsvc.dll+1f138|c:\\windows\\system32\\cbdhsvc.dll+1ea7e|c:\\windows\\system32\\cbdhsvc.dll+1f872|c:\\windows\\system32\\cbdhsvc.dll+4139a|c:\\windows\\system32\\cbdhsvc.dll+3f157|c:\\windows\\system32\\cbdhsvc.dll+3e6b6|C:\\windows\\System32\\shcore.dll+c540|C:\\windows\\System32\\shcore.dll+c1c8|C:\\windows\\System32\\shcore.dll+ac61|C:\\windows\\System32\\KERNEL32.DLL+17c24|C:\\windows\\SYSTEM32\\ntdll.dll+6cea1","UtcTime":"2020-10-22 00:45:40.464","TargetProcessGUID":"{39e4a257-f1b0-5f8b-9a00-000000000700}","SourceProcessId":"2604","Level":"4","Channel":"Microsoft-Windows-Sysmon/Operational","Task":"10","RuleName":"-","SourceName":"Microsoft-Windows-Sysmon","Hostname":"WORKSTATION5","SourceProcessGUID":"{39e4a257-f1b4-5f8b-a900-000000000700}","TargetProcessId":"2920","EventID":10,"Keywords":"0x8000000000000000","TargetImage":"C:\\windows\\System32\\rdpclip.exe","Message":"Process accessed:\r\nRuleName: -\r\nUtcTime: 2020-10-22 00:45:40.464\r\nSourceProcessGUID: {39e4a257-f1b4-5f8b-a900-000000000700}\r\nSourceProcessId: 2604\r\nSourceThreadId: 8868\r\nSourceImage: C:\\windows\\system32\\svchost.exe\r\nTargetProcessGUID: {39e4a257-f1b0-5f8b-9a00-000000000700}\r\nTargetProcessId: 2920\r\nTargetImage: C:\\windows\\System32\\rdpclip.exe\r\nGrantedAccess: 0x1000\r\nCallTrace: C:\\windows\\SYSTEM32\\ntdll.dll+9c584|C:\\windows\\System32\\KERNELBASE.dll+305fe|c:\\windows\\system32\\cbdhsvc.dll+b5270|c:\\windows\\system32\\cbdhsvc.dll+1f138|c:\\windows\\system32\\cbdhsvc.dll+1ea7e|c:\\windows\\system32\\cbdhsvc.dll+1f872|c:\\windows\\system32\\cbdhsvc.dll+4139a|c:\\windows\\system32\\cbdhsvc.dll+3f157|c:\\windows\\system32\\cbdhsvc.dll+3e6b6|C:\\windows\\System32\\shcore.dll+c540|C:\\windows\\System32\\shcore.dll+c1c8|C:\\windows\\System32\\shcore.dll+ac61|C:\\windows\\System32\\KERNEL32.DLL+17c24|C:\\windows\\SYSTEM32\\ntdll.dll+6cea1"}
{"GrantedAccess":"0x1000","@timestamp":"2020-10-21T08:45:40.469Z","TimeCreated":"2020-10-21T08:45:40.469Z","SourceThreadId":"740","SourceImage":"C:\\windows\\system32\\svchost.exe","ProviderGuid":"{5770385f-c22a-43e0-bf4c-06f5698ffbd9}","CallTrace":"C:\\windows\\SYSTEM32\\ntdll.dll+9c584|C:\\windows\\System32\\KERNELBASE.dll+305fe|c:\\windows\\system32\\cbdhsvc.dll+2049d|C:\\windows\\System32\\shcore.dll+c540|C:\\windows\\System32\\shcore.dll+c1c8|C:\\windows\\System32\\shcore.dll+ac61|C:\\windows\\System32\\KERNEL32.DLL+17c24|C:\\windows\\SYSTEM32\\ntdll.dll+6cea1","UtcTime":"2020-10-22 00:45:40.464","TargetProcessGUID":"{39e4a257-f1b0-5f8b-9a00-000000000700}","SourceProcessId":"2604","Level":"4","Channel":"Microsoft-Windows-Sysmon/Operational","Task":"10","RuleName":"-","SourceName":"Microsoft-Windows-Sysmon","Hostname":"WORKSTATION5","SourceProcessGUID":"{39e4a257-f1b4-5f8b-a900-000000000700}","TargetProcessId":"2920","EventID":10,"Keywords":"0x8000000000000000","TargetImage":"C:\\windows\\System32\\rdpclip.exe","Message":"Process accessed:\r\nRuleName: -\r\nUtcTime: 2020-10-22 00:45:40.464\r\nSourceProcessGUID: {39e4a257-f1b4-5f8b-a900-000000000700}\r\nSourceProcessId: 2604\r\nSourceThreadId: 740\r\nSourceImage: C:\\windows\\system32\\svchost.exe\r\nTargetProcessGUID: {39e4a257-f1b0-5f8b-9a00-000000000700}\r\nTargetProcessId: 2920\r\nTargetImage: C:\\windows\\System32\\rdpclip.exe\r\nGrantedAccess: 0x1000\r\nCallTrace: C:\\windows\\SYSTEM32\\ntdll.dll+9c584|C:\\windows\\System32\\KERNELBASE.dll+305fe|c:\\windows\\system32\\cbdhsvc.dll+2049d|C:\\windows\\System32\\shcore.dll+c540|C:\\windows\\System32\\shcore.dll+c1c8|C:\\windows\\System32\\shcore.dll+ac61|C:\\windows\\System32\\KERNEL32.DLL+17c24|C:\\windows\\SYSTEM32\\ntdll.dll+6cea1"}
{"GrantedAccess":"0x1000","@timestamp":"2020-10-21T08:45:40.469Z","TimeCreated":"2020-10-21T08:45:40.469Z","SourceThreadId":"740","SourceImage":"C:\\windows\\system32\\svchost.exe","ProviderGuid":"{5770385f-c22a-43e0-bf4c-06f5698ffbd9}","CallTrace":"C:\\windows\\SYSTEM32\\ntdll.dll+9c584|C:\\windows\\System32\\KERNELBASE.dll+305fe|C:\\Windows\\System32\\appresolver.dll+221c5|C:\\Windows\\System32\\appresolver.dll+1edcc|c:\\windows\\system32\\cbdhsvc.dll+205a4|C:\\windows\\System32\\shcore.dll+c540|C:\\windows\\System32\\shcore.dll+c1c8|C:\\windows\\System32\\shcore.dll+ac61|C:\\windows\\System32\\KERNEL32.DLL+17c24|C:\\windows\\SYSTEM32\\ntdll.dll+6cea1","UtcTime":"2020-10-22 00:45:40.464","TargetProcessGUID":"{39e4a257-f1b0-5f8b-9a00-000000000700}","SourceProcessId":"2604","Level":"4","Channel":"Microsoft-Windows-Sysmon/Operational","Task":"10","RuleName":"-","SourceName":"Microsoft-Windows-Sysmon","Hostname":"WORKSTATION5","SourceProcessGUID":"{39e4a257-f1b4-5f8b-a900-000000000700}","TargetProcessId":"2920","EventID":10,"Keywords":"0x8000000000000000","TargetImage":"C:\\windows\\System32\\rdpclip.exe","Message":"Process accessed:\r\nRuleName: -\r\nUtcTime: 2020-10-22 00:45:40.464\r\nSourceProcessGUID: {39e4a257-f1b4-5f8b-a900-000000000700}\r\nSourceProcessId: 2604\r\nSourceThreadId: 740\r\nSourceImage: C:\\windows\\system32\\svchost.exe\r\nTargetProcessGUID: {39e4a257-f1b0-5f8b-9a00-000000000700}\r\nTargetProcessId: 2920\r\nTargetImage: C:\\windows\\System32\\rdpclip.exe\r\nGrantedAccess: 0x1000\r\nCallTrace: C:\\windows\\SYSTEM32\\ntdll.dll+9c584|C:\\windows\\System32\\KERNELBASE.dll+305fe|C:\\Windows\\System32\\appresolver.dll+221c5|C:\\Windows\\System32\\appresolver.dll+1edcc|c:\\windows\\system32\\cbdhsvc.dll+205a4|C:\\windows\\System32\\shcore.dll+c540|C:\\windows\\System32\\shcore.dll+c1c8|C:\\windows\\System32\\shcore.dll+ac61|C:\\windows\\System32\\KERNEL32.DLL+17c24|C:\\windows\\SYSTEM32\\ntdll.dll+6cea1"}
{"GrantedAccess":"0x1000","@timestamp":"2020-10-21T08:45:40.470Z","TimeCreated":"2020-10-21T08:45:40.470Z","SourceThreadId":"740","SourceImage":"C:\\windows\\system32\\svchost.exe","ProviderGuid":"{5770385f-c22a-43e0-bf4c-06f5698ffbd9}","CallTrace":"C:\\windows\\SYSTEM32\\ntdll.dll+9c584|C:\\windows\\System32\\KERNELBASE.dll+305fe|C:\\Windows\\System32\\appresolver.dll+1ee93|c:\\windows\\system32\\cbdhsvc.dll+205a4|C:\\windows\\System32\\shcore.dll+c540|C:\\windows\\System32\\shcore.dll+c1c8|C:\\windows\\System32\\shcore.dll+ac61|C:\\windows\\System32\\KERNEL32.DLL+17c24|C:\\windows\\SYSTEM32\\ntdll.dll+6cea1","UtcTime":"2020-10-22 00:45:40.464","TargetProcessGUID":"{39e4a257-f1b0-5f8b-9a00-000000000700}","SourceProcessId":"2604","Level":"4","Channel":"Microsoft-Windows-Sysmon/Operational","Task":"10","RuleName":"-","SourceName":"Microsoft-Windows-Sysmon","Hostname":"WORKSTATION5","SourceProcessGUID":"{39e4a257-f1b4-5f8b-a900-000000000700}","TargetProcessId":"2920","EventID":10,"Keywords":"0x8000000000000000","TargetImage":"C:\\windows\\System32\\rdpclip.exe","Message":"Process accessed:\r\nRuleName: -\r\nUtcTime: 2020-10-22 00:45:40.464\r\nSourceProcessGUID: {39e4a257-f1b4-5f8b-a900-000000000700}\r\nSourceProcessId: 2604\r\nSourceThreadId: 740\r\nSourceImage: C:\\windows\\system32\\svchost.exe\r\nTargetProcessGUID: {39e4a257-f1b0-5f8b-9a00-000000000700}\r\nTargetProcessId: 2920\r\nTargetImage: C:\\windows\\System32\\rdpclip.exe\r\nGrantedAccess: 0x1000\r\nCallTrace: C:\\windows\\SYSTEM32\\ntdll.dll+9c584|C:\\windows\\System32\\KERNELBASE.dll+305fe|C:\\Windows\\System32\\appresolver.dll+1ee93|c:\\windows\\system32\\cbdhsvc.dll+205a4|C:\\windows\\System32\\shcore.dll+c540|C:\\windows\\System32\\shcore.dll+c1c8|C:\\windows\\System32\\shcore.dll+ac61|C:\\windows\\System32\\KERNEL32.DLL+17c24|C:\\windows\\SYSTEM32\\ntdll.dll+6cea1"}
{"GrantedAccess":"0x1410","@timestamp":"2020-10-21T08:45:40.470Z","TimeCreated":"2020-10-21T08:45:40.470Z","SourceThreadId":"740","SourceImage":"C:\\windows\\system32\\svchost.exe","ProviderGuid":"{5770385f-c22a-43e0-bf4c-06f5698ffbd9}","CallTrace":"C:\\windows\\SYSTEM32\\ntdll.dll+9c584|C:\\windows\\System32\\KERNELBASE.dll+305fe|C:\\Windows\\System32\\appresolver.dll+21ee8|C:\\Windows\\System32\\appresolver.dll+1ef46|c:\\windows\\system32\\cbdhsvc.dll+205a4|C:\\windows\\System32\\shcore.dll+c540|C:\\windows\\System32\\shcore.dll+c1c8|C:\\windows\\System32\\shcore.dll+ac61|C:\\windows\\System32\\KERNEL32.DLL+17c24|C:\\windows\\SYSTEM32\\ntdll.dll+6cea1","UtcTime":"2020-10-22 00:45:40.464","TargetProcessGUID":"{39e4a257-f1b0-5f8b-9a00-000000000700}","SourceProcessId":"2604","Level":"4","Channel":"Microsoft-Windows-Sysmon/Operational","Task":"10","RuleName":"-","SourceName":"Microsoft-Windows-Sysmon","Hostname":"WORKSTATION5","SourceProcessGUID":"{39e4a257-f1b4-5f8b-a900-000000000700}","TargetProcessId":"2920","EventID":10,"Keywords":"0x8000000000000000","TargetImage":"C:\\windows\\System32\\rdpclip.exe","Message":"Process accessed:\r\nRuleName: -\r\nUtcTime: 2020-10-22 00:45:40.464\r\nSourceProcessGUID: {39e4a257-f1b4-5f8b-a900-000000000700}\r\nSourceProcessId: 2604\r\nSourceThreadId: 740\r\nSourceImage: C:\\windows\\system32\\svchost.exe\r\nTargetProcessGUID: {39e4a257-f1b0-5f8b-9a00-000000000700}\r\nTargetProcessId: 2920\r\nTargetImage: C:\\windows\\System32\\rdpclip.exe\r\nGrantedAccess: 0x1410\r\nCallTrace: C:\\windows\\SYSTEM32\\ntdll.dll+9c584|C:\\windows\\System32\\KERNELBASE.dll+305fe|C:\\Windows\\System32\\appresolver.dll+21ee8|C:\\Windows\\System32\\appresolver.dll+1ef46|c:\\windows\\system32\\cbdhsvc.dll+205a4|C:\\windows\\System32\\shcore.dll+c540|C:\\windows\\System32\\shcore.dll+c1c8|C:\\windows\\System32\\shcore.dll+ac61|C:\\windows\\System32\\KERNEL32.DLL+17c24|C:\\windows\\SYSTEM32\\ntdll.dll+6cea1"}
{"GrantedAccess":"0x1000","@timestamp":"2020-10-21T08:45:40.472Z","TimeCreated":"2020-10-21T08:45:40.472Z","SourceThreadId":"4768","SourceImage":"C:\\windows\\system32\\svchost.exe","ProviderGuid":"{5770385f-c22a-43e0-bf4c-06f5698ffbd9}","CallTrace":"C:\\windows\\SYSTEM32\\ntdll.dll+9d154|C:\\windows\\System32\\RPCRT4.dll+2d354|C:\\windows\\System32\\combase.dll+b855b|c:\\windows\\system32\\windows.staterepository.dll+223f5|c:\\windows\\system32\\windows.staterepository.dll+29f20|C:\\windows\\System32\\RPCRT4.dll+76a63|C:\\windows\\System32\\RPCRT4.dll+da036|C:\\windows\\System32\\RPCRT4.dll+383b9|C:\\windows\\System32\\combase.dll+a5d13|C:\\windows\\System32\\RPCRT4.dll+59bab|C:\\windows\\System32\\combase.dll+8d0e3|C:\\windows\\System32\\combase.dll+8ced3|C:\\windows\\System32\\combase.dll+a9556|C:\\windows\\System32\\combase.dll+8a4fa|C:\\windows\\System32\\combase.dll+a47ed|C:\\windows\\System32\\combase.dll+401ac|C:\\windows\\System32\\combase.dll+40a11|C:\\windows\\System32\\combase.dll+421b8|C:\\windows\\System32\\RPCRT4.dll+549f8|C:\\windows\\System32\\RPCRT4.dll+2c9b1|C:\\windows\\System32\\RPCRT4.dll+2c500|C:\\windows\\System32\\RPCRT4.dll+1a71f|C:\\windows\\System32\\RPCRT4.dll+19d7a|C:\\windows\\System32\\RPCRT4.dll+19361","UtcTime":"2020-10-22 00:45:40.464","TargetProcessGUID":"{39e4a257-f1b4-5f8b-a900-000000000700}","SourceProcessId":"2072","Level":"4","Channel":"Microsoft-Windows-Sysmon/Operational","Task":"10","RuleName":"-","SourceName":"Microsoft-Windows-Sysmon","Hostname":"WORKSTATION5","SourceProcessGUID":"{39e4a257-f1ad-5f8b-9500-000000000700}","TargetProcessId":"2604","EventID":10,"Keywords":"0x8000000000000000","TargetImage":"C:\\windows\\system32\\svchost.exe","Message":"Process accessed:\r\nRuleName: -\r\nUtcTime: 2020-10-22 00:45:40.464\r\nSourceProcessGUID: {39e4a257-f1ad-5f8b-9500-000000000700}\r\nSourceProcessId: 2072\r\nSourceThreadId: 4768\r\nSourceImage: C:\\windows\\system32\\svchost.exe\r\nTargetProcessGUID: {39e4a257-f1b4-5f8b-a900-000000000700}\r\nTargetProcessId: 2604\r\nTargetImage: C:\\windows\\system32\\svchost.exe\r\nGrantedAccess: 0x1000\r\nCallTrace: C:\\windows\\SYSTEM32\\ntdll.dll+9d154|C:\\windows\\System32\\RPCRT4.dll+2d354|C:\\windows\\System32\\combase.dll+b855b|c:\\windows\\system32\\windows.staterepository.dll+223f5|c:\\windows\\system32\\windows.staterepository.dll+29f20|C:\\windows\\System32\\RPCRT4.dll+76a63|C:\\windows\\System32\\RPCRT4.dll+da036|C:\\windows\\System32\\RPCRT4.dll+383b9|C:\\windows\\System32\\combase.dll+a5d13|C:\\windows\\System32\\RPCRT4.dll+59bab|C:\\windows\\System32\\combase.dll+8d0e3|C:\\windows\\System32\\combase.dll+8ced3|C:\\windows\\System32\\combase.dll+a9556|C:\\windows\\System32\\combase.dll+8a4fa|C:\\windows\\System32\\combase.dll+a47ed|C:\\windows\\System32\\combase.dll+401ac|C:\\windows\\System32\\combase.dll+40a11|C:\\windows\\System32\\combase.dll+421b8|C:\\windows\\System32\\RPCRT4.dll+549f8|C:\\windows\\System32\\RPCRT4.dll+2c9b1|C:\\windows\\System32\\RPCRT4.dll+2c500|C:\\windows\\System32\\RPCRT4.dll+1a71f|C:\\windows\\System32\\RPCRT4.dll+19d7a|C:\\windows\\System32\\RPCRT4.dll+19361"}
{"GrantedAccess":"0x1000","@timestamp":"2020-10-21T08:45:40.473Z","TimeCreated":"2020-10-21T08:45:40.473Z","SourceThreadId":"8868","SourceImage":"C:\\windows\\system32\\svchost.exe","ProviderGuid":"{5770385f-c22a-43e0-bf4c-06f5698ffbd9}","CallTrace":"C:\\windows\\SYSTEM32\\ntdll.dll+9c584|C:\\windows\\System32\\KERNELBASE.dll+305fe|c:\\windows\\system32\\cbdhsvc.dll+1f662|c:\\windows\\system32\\cbdhsvc.dll+1f2c6|c:\\windows\\system32\\cbdhsvc.dll+1ef1e|c:\\windows\\system32\\cbdhsvc.dll+1eb89|c:\\windows\\system32\\cbdhsvc.dll+1f872|c:\\windows\\system32\\cbdhsvc.dll+4139a|c:\\windows\\system32\\cbdhsvc.dll+3f157|c:\\windows\\system32\\cbdhsvc.dll+3e6b6|C:\\windows\\System32\\shcore.dll+c540|C:\\windows\\System32\\shcore.dll+c1c8|C:\\windows\\System32\\shcore.dll+ac61|C:\\windows\\System32\\KERNEL32.DLL+17c24|C:\\windows\\SYSTEM32\\ntdll.dll+6cea1","UtcTime":"2020-10-22 00:45:40.464","TargetProcessGUID":"{39e4a257-f1b0-5f8b-9a00-000000000700}","SourceProcessId":"2604","Level":"4","Channel":"Microsoft-Windows-Sysmon/Operational","Task":"10","RuleName":"-","SourceName":"Microsoft-Windows-Sysmon","Hostname":"WORKSTATION5","SourceProcessGUID":"{39e4a257-f1b4-5f8b-a900-000000000700}","TargetProcessId":"2920","EventID":10,"Keywords":"0x8000000000000000","TargetImage":"C:\\windows\\System32\\rdpclip.exe","Message":"Process accessed:\r\nRuleName: -\r\nUtcTime: 2020-10-22 00:45:40.464\r\nSourceProcessGUID: {39e4a257-f1b4-5f8b-a900-000000000700}\r\nSourceProcessId: 2604\r\nSourceThreadId: 8868\r\nSourceImage: C:\\windows\\system32\\svchost.exe\r\nTargetProcessGUID: {39e4a257-f1b0-5f8b-9a00-000000000700}\r\nTargetProcessId: 2920\r\nTargetImage: C:\\windows\\System32\\rdpclip.exe\r\nGrantedAccess: 0x1000\r\nCallTrace: C:\\windows\\SYSTEM32\\ntdll.dll+9c584|C:\\windows\\System32\\KERNELBASE.dll+305fe|c:\\windows\\system32\\cbdhsvc.dll+1f662|c:\\windows\\system32\\cbdhsvc.dll+1f2c6|c:\\windows\\system32\\cbdhsvc.dll+1ef1e|c:\\windows\\system32\\cbdhsvc.dll+1eb89|c:\\windows\\system32\\cbdhsvc.dll+1f872|c:\\windows\\system32\\cbdhsvc.dll+4139a|c:\\windows\\system32\\cbdhsvc.dll+3f157|c:\\windows\\system32\\cbdhsvc.dll+3e6b6|C:\\windows\\System32\\shcore.dll+c540|C:\\windows\\System32\\shcore.dll+c1c8|C:\\windows\\System32\\shcore.dll+ac61|C:\\windows\\System32\\KERNEL32.DLL+17c24|C:\\windows\\SYSTEM32\\ntdll.dll+6cea1"}
{"@timestamp":"2020-10-21T08:45:40.814Z","TimeCreated":"2020-10-21T08:45:40.814Z","Hashes":"SHA1=13D34F2596A43A2467CFC901CEEBE8457B7F195F,MD5=85B87A7B4F529EC541818C241B8C0F43,SHA256=2505CBAB7459C0ECD8EDDCD3E2C09827B08D718BAF197AB24BB4E69B3948A27F,IMPHASH=3173150472840D83979F027AE2D1081C","Signature":"Microsoft Windows","ProviderGuid":"{5770385f-c22a-43e0-bf4c-06f5698ffbd9}","Company":"Microsoft Corporation","UtcTime":"2020-10-22 00:45:40.802","ProcessGuid":"{39e4a257-d603-5f90-8110-000000000700}","Image":"C:\\Windows\\System32\\conhost.exe","ImageLoaded":"C:\\Windows\\System32\\edputil.dll","Level":"4","Channel":"Microsoft-Windows-Sysmon/Operational","Task":"7","RuleName":"-","FileVersion":"10.0.18362.1 (WinBuild.160101.0800)","SourceName":"Microsoft-Windows-Sysmon","Hostname":"WORKSTATION5","ProcessId":"6148","Description":"EDP util","SignatureStatus":"Valid","Product":"Microsoft® Windows® Operating System","EventID":7,"Keywords":"0x8000000000000000","Signed":"true","OriginalFileName":"EDPUTIL.DLL","Message":"Image loaded:\r\nRuleName: -\r\nUtcTime: 2020-10-22 00:45:40.802\r\nProcessGuid: {39e4a257-d603-5f90-8110-000000000700}\r\nProcessId: 6148\r\nImage: C:\\Windows\\System32\\conhost.exe\r\nImageLoaded: C:\\Windows\\System32\\edputil.dll\r\nFileVersion: 10.0.18362.1 (WinBuild.160101.0800)\r\nDescription: EDP util\r\nProduct: Microsoft® Windows® Operating System\r\nCompany: Microsoft Corporation\r\nOriginalFileName: EDPUTIL.DLL\r\nHashes: SHA1=13D34F2596A43A2467CFC901CEEBE8457B7F195F,MD5=85B87A7B4F529EC541818C241B8C0F43,SHA256=2505CBAB7459C0ECD8EDDCD3E2C09827B08D718BAF197AB24BB4E69B3948A27F,IMPHASH=3173150472840D83979F027AE2D1081C\r\nSigned: true\r\nSignature: Microsoft Windows\r\nSignatureStatus: Valid"}
{"GrantedAccess":"0x1000","@timestamp":"2020-10-21T08:45:41.030Z","TimeCreated":"2020-10-21T08:45:41.030Z","SourceThreadId":"4676","SourceImage":"C:\\windows\\system32\\svchost.exe","ProviderGuid":"{5770385f-c22a-43e0-bf4c-06f5698ffbd9}","CallTrace":"C:\\windows\\SYSTEM32\\ntdll.dll+9c584|C:\\windows\\System32\\KERNELBASE.dll+305fe|c:\\windows\\system32\\cbdhsvc.dll+b5270|c:\\windows\\system32\\cbdhsvc.dll+1f138|c:\\windows\\system32\\cbdhsvc.dll+1ed05|c:\\windows\\system32\\cbdhsvc.dll+1f92a|c:\\windows\\system32\\cbdhsvc.dll+4162d|c:\\windows\\system32\\cbdhsvc.dll+44675|c:\\windows\\system32\\cbdhsvc.dll+6c16d|c:\\windows\\system32\\cbdhsvc.dll+6aaf8|c:\\windows\\system32\\CoreUIComponents.dll+113ced|c:\\windows\\system32\\CoreUIComponents.dll+314ea|c:\\windows\\system32\\CoreUIComponents.dll+312f2|c:\\windows\\system32\\CoreUIComponents.dll+5b93f|c:\\windows\\system32\\CoreUIComponents.dll+3821a|C:\\Windows\\System32\\CoreMessaging.dll+dd76|C:\\Windows\\System32\\CoreMessaging.dll+3b149|C:\\Windows\\System32\\CoreMessaging.dll+185c5|C:\\Windows\\System32\\CoreMessaging.dll+18386|C:\\Windows\\System32\\CoreMessaging.dll+17da3|C:\\Windows\\System32\\CoreMessaging.dll+17c8c|C:\\Windows\\System32\\CoreMessaging.dll+37da5|C:\\Windows\\System32\\CoreMessaging.dll+37a4f|C:\\Windows\\System32\\CoreMessaging.dll+14f90","UtcTime":"2020-10-22 00:45:41.025","TargetProcessGUID":"{39e4a257-d603-5f90-8010-000000000700}","SourceProcessId":"2604","Level":"4","Channel":"Microsoft-Windows-Sysmon/Operational","Task":"10","RuleName":"-","SourceName":"Microsoft-Windows-Sysmon","Hostname":"WORKSTATION5","SourceProcessGUID":"{39e4a257-f1b4-5f8b-a900-000000000700}","TargetProcessId":"8692","EventID":10,"Keywords":"0x8000000000000000","TargetImage":"C:\\windows\\system32\\cmd.exe","Message":"Process accessed:\r\nRuleName: -\r\nUtcTime: 2020-10-22 00:45:41.025\r\nSourceProcessGUID: {39e4a257-f1b4-5f8b-a900-000000000700}\r\nSourceProcessId: 2604\r\nSourceThreadId: 4676\r\nSourceImage: C:\\windows\\system32\\svchost.exe\r\nTargetProcessGUID: {39e4a257-d603-5f90-8010-000000000700}\r\nTargetProcessId: 8692\r\nTargetImage: C:\\windows\\system32\\cmd.exe\r\nGrantedAccess: 0x1000\r\nCallTrace: C:\\windows\\SYSTEM32\\ntdll.dll+9c584|C:\\windows\\System32\\KERNELBASE.dll+305fe|c:\\windows\\system32\\cbdhsvc.dll+b5270|c:\\windows\\system32\\cbdhsvc.dll+1f138|c:\\windows\\system32\\cbdhsvc.dll+1ed05|c:\\windows\\system32\\cbdhsvc.dll+1f92a|c:\\windows\\system32\\cbdhsvc.dll+4162d|c:\\windows\\system32\\cbdhsvc.dll+44675|c:\\windows\\system32\\cbdhsvc.dll+6c16d|c:\\windows\\system32\\cbdhsvc.dll+6aaf8|c:\\windows\\system32\\CoreUIComponents.dll+113ced|c:\\windows\\system32\\CoreUIComponents.dll+314ea|c:\\windows\\system32\\CoreUIComponents.dll+312f2|c:\\windows\\system32\\CoreUIComponents.dll+5b93f|c:\\windows\\system32\\CoreUIComponents.dll+3821a|C:\\Windows\\System32\\CoreMessaging.dll+dd76|C:\\Windows\\System32\\CoreMessaging.dll+3b149|C:\\Windows\\System32\\CoreMessaging.dll+185c5|C:\\Windows\\System32\\CoreMessaging.dll+18386|C:\\Windows\\System32\\CoreMessaging.dll+17da3|C:\\Windows\\System32\\CoreMessaging.dll+17c8c|C:\\Windows\\System32\\CoreMessaging.dll+37da5|C:\\Windows\\System32\\CoreMessaging.dll+37a4f|C:\\Windows\\System32\\CoreMessaging.dll+14f90"}
{"GrantedAccess":"0x1000","@timestamp":"2020-10-21T08:45:41.030Z","TimeCreated":"2020-10-21T08:45:41.030Z","SourceThreadId":"740","SourceImage":"C:\\windows\\system32\\svchost.exe","ProviderGuid":"{5770385f-c22a-43e0-bf4c-06f5698ffbd9}","CallTrace":"C:\\windows\\SYSTEM32\\ntdll.dll+9c584|C:\\windows\\System32\\KERNELBASE.dll+305fe|c:\\windows\\system32\\cbdhsvc.dll+2049d|C:\\windows\\System32\\shcore.dll+c540|C:\\windows\\System32\\shcore.dll+c1c8|C:\\windows\\System32\\shcore.dll+ac61|C:\\windows\\System32\\KERNEL32.DLL+17c24|C:\\windows\\SYSTEM32\\ntdll.dll+6cea1","UtcTime":"2020-10-22 00:45:41.025","TargetProcessGUID":"{39e4a257-d603-5f90-8010-000000000700}","SourceProcessId":"2604","Level":"4","Channel":"Microsoft-Windows-Sysmon/Operational","Task":"10","RuleName":"-","SourceName":"Microsoft-Windows-Sysmon","Hostname":"WORKSTATION5","SourceProcessGUID":"{39e4a257-f1b4-5f8b-a900-000000000700}","TargetProcessId":"8692","EventID":10,"Keywords":"0x8000000000000000","TargetImage":"C:\\windows\\system32\\cmd.exe","Message":"Process accessed:\r\nRuleName: -\r\nUtcTime: 2020-10-22 00:45:41.025\r\nSourceProcessGUID: {39e4a257-f1b4-5f8b-a900-000000000700}\r\nSourceProcessId: 2604\r\nSourceThreadId: 740\r\nSourceImage: C:\\windows\\system32\\svchost.exe\r\nTargetProcessGUID: {39e4a257-d603-5f90-8010-000000000700}\r\nTargetProcessId: 8692\r\nTargetImage: C:\\windows\\system32\\cmd.exe\r\nGrantedAccess: 0x1000\r\nCallTrace: C:\\windows\\SYSTEM32\\ntdll.dll+9c584|C:\\windows\\System32\\KERNELBASE.dll+305fe|c:\\windows\\system32\\cbdhsvc.dll+2049d|C:\\windows\\System32\\shcore.dll+c540|C:\\windows\\System32\\shcore.dll+c1c8|C:\\windows\\System32\\shcore.dll+ac61|C:\\windows\\System32\\KERNEL32.DLL+17c24|C:\\windows\\SYSTEM32\\ntdll.dll+6cea1"}
{"GrantedAccess":"0x1000","@timestamp":"2020-10-21T08:45:41.030Z","TimeCreated":"2020-10-21T08:45:41.030Z","SourceThreadId":"740","SourceImage":"C:\\windows\\system32\\svchost.exe","ProviderGuid":"{5770385f-c22a-43e0-bf4c-06f5698ffbd9}","CallTrace":"C:\\windows\\SYSTEM32\\ntdll.dll+9c584|C:\\windows\\System32\\KERNELBASE.dll+305fe|C:\\Windows\\System32\\appresolver.dll+221c5|C:\\Windows\\System32\\appresolver.dll+1edcc|c:\\windows\\system32\\cbdhsvc.dll+205a4|C:\\windows\\System32\\shcore.dll+c540|C:\\windows\\System32\\shcore.dll+c1c8|C:\\windows\\System32\\shcore.dll+ac61|C:\\windows\\System32\\KERNEL32.DLL+17c24|C:\\windows\\SYSTEM32\\ntdll.dll+6cea1","UtcTime":"2020-10-22 00:45:41.025","TargetProcessGUID":"{39e4a257-d603-5f90-8010-000000000700}","SourceProcessId":"2604","Level":"4","Channel":"Microsoft-Windows-Sysmon/Operational","Task":"10","RuleName":"-","SourceName":"Microsoft-Windows-Sysmon","Hostname":"WORKSTATION5","SourceProcessGUID":"{39e4a257-f1b4-5f8b-a900-000000000700}","TargetProcessId":"8692","EventID":10,"Keywords":"0x8000000000000000","TargetImage":"C:\\windows\\system32\\cmd.exe","Message":"Process accessed:\r\nRuleName: -\r\nUtcTime: 2020-10-22 00:45:41.025\r\nSourceProcessGUID: {39e4a257-f1b4-5f8b-a900-000000000700}\r\nSourceProcessId: 2604\r\nSourceThreadId: 740\r\nSourceImage: C:\\windows\\system32\\svchost.exe\r\nTargetProcessGUID: {39e4a257-d603-5f90-8010-000000000700}\r\nTargetProcessId: 8692\r\nTargetImage: C:\\windows\\system32\\cmd.exe\r\nGrantedAccess: 0x1000\r\nCallTrace: C:\\windows\\SYSTEM32\\ntdll.dll+9c584|C:\\windows\\System32\\KERNELBASE.dll+305fe|C:\\Windows\\System32\\appresolver.dll+221c5|C:\\Windows\\System32\\appresolver.dll+1edcc|c:\\windows\\system32\\cbdhsvc.dll+205a4|C:\\windows\\System32\\shcore.dll+c540|C:\\windows\\System32\\shcore.dll+c1c8|C:\\windows\\System32\\shcore.dll+ac61|C:\\windows\\System32\\KERNEL32.DLL+17c24|C:\\windows\\SYSTEM32\\ntdll.dll+6cea1"}
