{"@timestamp":"2019-05-18T20:43:00.007Z","@metadata":{"beat":"winlogbeat","type":"doc","version":"6.7.0","topic":"winlogbeat"},"event_data":{"SourceThreadId":"6996","CallTrace":"C:\\Windows\\SYSTEM32\\ntdll.dll+9fb54|C:\\Windows\\System32\\KERNELBASE.dll+6b815|c:\\windows\\system32\\lsm.dll+f2e7|c:\\windows\\system32\\lsm.dll+d909|C:\\Windows\\System32\\RPCRT4.dll+77803|C:\\Windows\\System32\\RPCRT4.dll+db4a6|C:\\Windows\\System32\\RPCRT4.dll+10d20|C:\\Windows\\System32\\RPCRT4.dll+54a38|C:\\Windows\\System32\\RPCRT4.dll+304b0|C:\\Windows\\System32\\RPCRT4.dll+2fe5b|C:\\Windows\\System32\\RPCRT4.dll+221ff|C:\\Windows\\System32\\RPCRT4.dll+2165a|C:\\Windows\\System32\\RPCRT4.dll+20c21|C:\\Windows\\System32\\RPCRT4.dll+20692|C:\\Windows\\System32\\RPCRT4.dll+17465|C:\\Windows\\SYSTEM32\\ntdll.dll+4f4c0|C:\\Windows\\SYSTEM32\\ntdll.dll+50348|C:\\Windows\\System32\\KERNEL32.DLL+17974|C:\\Windows\\SYSTEM32\\ntdll.dll+6a271","SourceImage":"C:\\Windows\\system32\\svchost.exe","TargetImage":"C:\\Windows\\System32\\svchost.exe","GrantedAccess":"0x1000","SourceProcessId":"832","TargetProcessGUID":"{03ba39f5-ea6b-5ccb-0000-0010732c0200}","TargetProcessId":"2388","SourceProcessGUID":"{03ba39f5-ea63-5ccb-0000-0010edea0000}","UtcTime":"2019-05-18 20:43:00.003"},"user":{"domain":"NT AUTHORITY","type":"User","identifier":"S-1-5-18","name":"SYSTEM"},"host":{"name":"WECserver"},"task":"Process accessed (rule: ProcessAccess)","thread_id":3144,"opcode":"Info","message":"Process accessed:\nRuleName: \nUtcTime: 2019-05-18 20:43:00.003\nSourceProcessGUID: {03ba39f5-ea63-5ccb-0000-0010edea0000}\nSourceProcessId: 832\nSourceThreadId: 6996\nSourceImage: C:\\Windows\\system32\\svchost.exe\nTargetProcessGUID: {03ba39f5-ea6b-5ccb-0000-0010732c0200}\nTargetProcessId: 2388\nTargetImage: C:\\Windows\\System32\\svchost.exe\nGrantedAccess: 0x1000\nCallTrace: C:\\Windows\\SYSTEM32\\ntdll.dll+9fb54|C:\\Windows\\System32\\KERNELBASE.dll+6b815|c:\\windows\\system32\\lsm.dll+f2e7|c:\\windows\\system32\\lsm.dll+d909|C:\\Windows\\System32\\RPCRT4.dll+77803|C:\\Windows\\System32\\RPCRT4.dll+db4a6|C:\\Windows\\System32\\RPCRT4.dll+10d20|C:\\Windows\\System32\\RPCRT4.dll+54a38|C:\\Windows\\System32\\RPCRT4.dll+304b0|C:\\Windows\\System32\\RPCRT4.dll+2fe5b|C:\\Windows\\System32\\RPCRT4.dll+221ff|C:\\Windows\\System32\\RPCRT4.dll+2165a|C:\\Windows\\System32\\RPCRT4.dll+20c21|C:\\Windows\\System32\\RPCRT4.dll+20692|C:\\Windows\\System32\\RPCRT4.dll+17465|C:\\Windows\\SYSTEM32\\ntdll.dll+4f4c0|C:\\Windows\\SYSTEM32\\ntdll.dll+50348|C:\\Windows\\System32\\KERNEL32.DLL+17974|C:\\Windows\\SYSTEM32\\ntdll.dll+6a271","event_id":10,"version":3,"computer_name":"HR001.shire.com","provider_guid":"{5770385f-c22a-43e0-bf4c-06f5698ffbd9}","log_name":"Microsoft-Windows-Sysmon/Operational","level":"Information","process_id":2440,"type":"wineventlog","record_number":"2237782","source_name":"Microsoft-Windows-Sysmon","beat":{"name":"WECserver","hostname":"WECserver","version":"6.7.0"}}
{"@timestamp":"2019-05-18T20:43:00.007Z","@metadata":{"beat":"winlogbeat","type":"doc","version":"6.7.0","topic":"winlogbeat"},"computer_name":"HR001.shire.com","level":"Information","task":"Process accessed (rule: ProcessAccess)","version":3,"event_data":{"TargetImage":"C:\\Windows\\System32\\svchost.exe","GrantedAccess":"0x1000","TargetProcessGUID":"{03ba39f5-ea6b-5ccb-0000-0010732c0200}","TargetProcessId":"2388","UtcTime":"2019-05-18 20:43:00.003","SourceProcessId":"832","CallTrace":"C:\\Windows\\SYSTEM32\\ntdll.dll+9fb54|C:\\Windows\\System32\\KERNELBASE.dll+6b815|c:\\windows\\system32\\lsm.dll+f2e7|c:\\windows\\system32\\lsm.dll+daf1|c:\\windows\\system32\\lsm.dll+d9eb|C:\\Windows\\System32\\RPCRT4.dll+77803|C:\\Windows\\System32\\RPCRT4.dll+db4a6|C:\\Windows\\System32\\RPCRT4.dll+10d20|C:\\Windows\\System32\\RPCRT4.dll+54a38|C:\\Windows\\System32\\RPCRT4.dll+304b0|C:\\Windows\\System32\\RPCRT4.dll+2fe5b|C:\\Windows\\System32\\RPCRT4.dll+221ff|C:\\Windows\\System32\\RPCRT4.dll+2165a|C:\\Windows\\System32\\RPCRT4.dll+20c21|C:\\Windows\\System32\\RPCRT4.dll+20692|C:\\Windows\\System32\\RPCRT4.dll+17465|C:\\Windows\\SYSTEM32\\ntdll.dll+4f4c0|C:\\Windows\\SYSTEM32\\ntdll.dll+50348|C:\\Windows\\System32\\KERNEL32.DLL+17974|C:\\Windows\\SYSTEM32\\ntdll.dll+6a271","SourceProcessGUID":"{03ba39f5-ea63-5ccb-0000-0010edea0000}","SourceThreadId":"6996","SourceImage":"C:\\Windows\\system32\\svchost.exe"},"source_name":"Microsoft-Windows-Sysmon","record_number":"2237783","process_id":2440,"user":{"type":"User","identifier":"S-1-5-18","name":"SYSTEM","domain":"NT AUTHORITY"},"event_id":10,"opcode":"Info","log_name":"Microsoft-Windows-Sysmon/Operational","type":"wineventlog","thread_id":3144,"provider_guid":"{5770385f-c22a-43e0-bf4c-06f5698ffbd9}","beat":{"name":"WECserver","hostname":"WECserver","version":"6.7.0"},"message":"Process accessed:\nRuleName: \nUtcTime: 2019-05-18 20:43:00.003\nSourceProcessGUID: {03ba39f5-ea63-5ccb-0000-0010edea0000}\nSourceProcessId: 832\nSourceThreadId: 6996\nSourceImage: C:\\Windows\\system32\\svchost.exe\nTargetProcessGUID: {03ba39f5-ea6b-5ccb-0000-0010732c0200}\nTargetProcessId: 2388\nTargetImage: C:\\Windows\\System32\\svchost.exe\nGrantedAccess: 0x1000\nCallTrace: C:\\Windows\\SYSTEM32\\ntdll.dll+9fb54|C:\\Windows\\System32\\KERNELBASE.dll+6b815|c:\\windows\\system32\\lsm.dll+f2e7|c:\\windows\\system32\\lsm.dll+daf1|c:\\windows\\system32\\lsm.dll+d9eb|C:\\Windows\\System32\\RPCRT4.dll+77803|C:\\Windows\\System32\\RPCRT4.dll+db4a6|C:\\Windows\\System32\\RPCRT4.dll+10d20|C:\\Windows\\System32\\RPCRT4.dll+54a38|C:\\Windows\\System32\\RPCRT4.dll+304b0|C:\\Windows\\System32\\RPCRT4.dll+2fe5b|C:\\Windows\\System32\\RPCRT4.dll+221ff|C:\\Windows\\System32\\RPCRT4.dll+2165a|C:\\Windows\\System32\\RPCRT4.dll+20c21|C:\\Windows\\System32\\RPCRT4.dll+20692|C:\\Windows\\System32\\RPCRT4.dll+17465|C:\\Windows\\SYSTEM32\\ntdll.dll+4f4c0|C:\\Windows\\SYSTEM32\\ntdll.dll+50348|C:\\Windows\\System32\\KERNEL32.DLL+17974|C:\\Windows\\SYSTEM32\\ntdll.dll+6a271","host":{"name":"WECserver"}}
{"@timestamp":"2019-05-18T20:43:00.007Z","@metadata":{"beat":"winlogbeat","type":"doc","version":"6.7.0","topic":"winlogbeat"},"source_name":"Microsoft-Windows-Sysmon","message":"Process accessed:\nRuleName: \nUtcTime: 2019-05-18 20:43:00.003\nSourceProcessGUID: {03ba39f5-ea63-5ccb-0000-0010edea0000}\nSourceProcessId: 832\nSourceThreadId: 6996\nSourceImage: C:\\Windows\\system32\\svchost.exe\nTargetProcessGUID: {03ba39f5-ea6b-5ccb-0000-0010732c0200}\nTargetProcessId: 2388\nTargetImage: C:\\Windows\\System32\\svchost.exe\nGrantedAccess: 0x1000\nCallTrace: C:\\Windows\\SYSTEM32\\ntdll.dll+9fb54|C:\\Windows\\System32\\KERNELBASE.dll+6b815|c:\\windows\\system32\\lsm.dll+f476|C:\\Windows\\System32\\RPCRT4.dll+77803|C:\\Windows\\System32\\RPCRT4.dll+db4a6|C:\\Windows\\System32\\RPCRT4.dll+10d20|C:\\Windows\\System32\\RPCRT4.dll+54a38|C:\\Windows\\System32\\RPCRT4.dll+304b0|C:\\Windows\\System32\\RPCRT4.dll+2fe5b|C:\\Windows\\System32\\RPCRT4.dll+221ff|C:\\Windows\\System32\\RPCRT4.dll+2165a|C:\\Windows\\System32\\RPCRT4.dll+20c21|C:\\Windows\\System32\\RPCRT4.dll+20692|C:\\Windows\\System32\\RPCRT4.dll+17465|C:\\Windows\\SYSTEM32\\ntdll.dll+4f4c0|C:\\Windows\\SYSTEM32\\ntdll.dll+50348|C:\\Windows\\System32\\KERNEL32.DLL+17974|C:\\Windows\\SYSTEM32\\ntdll.dll+6a271","event_data":{"SourceImage":"C:\\Windows\\system32\\svchost.exe","TargetProcessGUID":"{03ba39f5-ea6b-5ccb-0000-0010732c0200}","GrantedAccess":"0x1000","UtcTime":"2019-05-18 20:43:00.003","SourceThreadId":"6996","TargetImage":"C:\\Windows\\System32\\svchost.exe","SourceProcessId":"832","TargetProcessId":"2388","CallTrace":"C:\\Windows\\SYSTEM32\\ntdll.dll+9fb54|C:\\Windows\\System32\\KERNELBASE.dll+6b815|c:\\windows\\system32\\lsm.dll+f476|C:\\Windows\\System32\\RPCRT4.dll+77803|C:\\Windows\\System32\\RPCRT4.dll+db4a6|C:\\Windows\\System32\\RPCRT4.dll+10d20|C:\\Windows\\System32\\RPCRT4.dll+54a38|C:\\Windows\\System32\\RPCRT4.dll+304b0|C:\\Windows\\System32\\RPCRT4.dll+2fe5b|C:\\Windows\\System32\\RPCRT4.dll+221ff|C:\\Windows\\System32\\RPCRT4.dll+2165a|C:\\Windows\\System32\\RPCRT4.dll+20c21|C:\\Windows\\System32\\RPCRT4.dll+20692|C:\\Windows\\System32\\RPCRT4.dll+17465|C:\\Windows\\SYSTEM32\\ntdll.dll+4f4c0|C:\\Windows\\SYSTEM32\\ntdll.dll+50348|C:\\Windows\\System32\\KERNEL32.DLL+17974|C:\\Windows\\SYSTEM32\\ntdll.dll+6a271","SourceProcessGUID":"{03ba39f5-ea63-5ccb-0000-0010edea0000}"},"thread_id":3144,"user":{"name":"SYSTEM","domain":"NT AUTHORITY","type":"User","identifier":"S-1-5-18"},"type":"wineventlog","event_id":10,"version":3,"opcode":"Info","computer_name":"HR001.shire.com","record_number":"2237784","process_id":2440,"log_name":"Microsoft-Windows-Sysmon/Operational","level":"Information","beat":{"hostname":"WECserver","version":"6.7.0","name":"WECserver"},"provider_guid":"{5770385f-c22a-43e0-bf4c-06f5698ffbd9}","task":"Process accessed (rule: ProcessAccess)","host":{"name":"WECserver"}}
{"@timestamp":"2019-05-18T20:43:00.008Z","@metadata":{"beat":"winlogbeat","type":"doc","version":"6.7.0","topic":"winlogbeat"},"computer_name":"HR001.shire.com","thread_id":3144,"opcode":"Info","type":"wineventlog","source_name":"Microsoft-Windows-Sysmon","host":{"name":"WECserver"},"version":3,"task":"Process accessed (rule: ProcessAccess)","event_id":10,"process_id":2440,"record_number":"2237785","provider_guid":"{5770385f-c22a-43e0-bf4c-06f5698ffbd9}","user":{"identifier":"S-1-5-18","name":"SYSTEM","domain":"NT AUTHORITY","type":"User"},"event_data":{"SourceProcessGUID":"{03ba39f5-ea63-5ccb-0000-0010edea0000}","SourceImage":"C:\\Windows\\system32\\svchost.exe","GrantedAccess":"0x40","CallTrace":"C:\\Windows\\SYSTEM32\\ntdll.dll+9fb54|C:\\Windows\\System32\\KERNELBASE.dll+20d0e|c:\\windows\\system32\\lsm.dll+16087|C:\\Windows\\System32\\RPCRT4.dll+77803|C:\\Windows\\System32\\RPCRT4.dll+db4a6|C:\\Windows\\System32\\RPCRT4.dll+553d9|C:\\Windows\\System32\\combase.dll+abe1f|C:\\Windows\\System32\\combase.dll+21313|C:\\Windows\\System32\\combase.dll+21104|C:\\Windows\\System32\\combase.dll+aefc6|C:\\Windows\\System32\\combase.dll+2af25|C:\\Windows\\System32\\combase.dll+aa79d|C:\\Windows\\System32\\combase.dll+5a940|C:\\Windows\\System32\\combase.dll+5a221|C:\\Windows\\System32\\combase.dll+5fef0|C:\\Windows\\System32\\RPCRT4.dll+54a38|C:\\Windows\\System32\\RPCRT4.dll+304b0|C:\\Windows\\System32\\RPCRT4.dll+300f0|C:\\Windows\\System32\\RPCRT4.dll+2200f|C:\\Windows\\System32\\RPCRT4.dll+2165a|C:\\Windows\\System32\\RPCRT4.dll+20c21|C:\\Windows\\System32\\RPCRT4.dll+20692|C:\\Windows\\System32\\RPCRT4.dll+17465|C:\\Windows\\SYSTEM32\\ntdll.dll+4f4c0","UtcTime":"2019-05-18 20:43:00.003","TargetProcessGUID":"{03ba39f5-6cf6-5ce0-0000-0010a1900e02}","SourceThreadId":"6996","TargetProcessId":"7248","SourceProcessId":"832","TargetImage":"C:\\Windows\\System32\\svchost.exe"},"log_name":"Microsoft-Windows-Sysmon/Operational","message":"Process accessed:\nRuleName: \nUtcTime: 2019-05-18 20:43:00.003\nSourceProcessGUID: {03ba39f5-ea63-5ccb-0000-0010edea0000}\nSourceProcessId: 832\nSourceThreadId: 6996\nSourceImage: C:\\Windows\\system32\\svchost.exe\nTargetProcessGUID: {03ba39f5-6cf6-5ce0-0000-0010a1900e02}\nTargetProcessId: 7248\nTargetImage: C:\\Windows\\System32\\svchost.exe\nGrantedAccess: 0x40\nCallTrace: C:\\Windows\\SYSTEM32\\ntdll.dll+9fb54|C:\\Windows\\System32\\KERNELBASE.dll+20d0e|c:\\windows\\system32\\lsm.dll+16087|C:\\Windows\\System32\\RPCRT4.dll+77803|C:\\Windows\\System32\\RPCRT4.dll+db4a6|C:\\Windows\\System32\\RPCRT4.dll+553d9|C:\\Windows\\System32\\combase.dll+abe1f|C:\\Windows\\System32\\combase.dll+21313|C:\\Windows\\System32\\combase.dll+21104|C:\\Windows\\System32\\combase.dll+aefc6|C:\\Windows\\System32\\combase.dll+2af25|C:\\Windows\\System32\\combase.dll+aa79d|C:\\Windows\\System32\\combase.dll+5a940|C:\\Windows\\System32\\combase.dll+5a221|C:\\Windows\\System32\\combase.dll+5fef0|C:\\Windows\\System32\\RPCRT4.dll+54a38|C:\\Windows\\System32\\RPCRT4.dll+304b0|C:\\Windows\\System32\\RPCRT4.dll+300f0|C:\\Windows\\System32\\RPCRT4.dll+2200f|C:\\Windows\\System32\\RPCRT4.dll+2165a|C:\\Windows\\System32\\RPCRT4.dll+20c21|C:\\Windows\\System32\\RPCRT4.dll+20692|C:\\Windows\\System32\\RPCRT4.dll+17465|C:\\Windows\\SYSTEM32\\ntdll.dll+4f4c0","level":"Information","beat":{"hostname":"WECserver","version":"6.7.0","name":"WECserver"}}
{"@timestamp":"2019-05-18T20:43:00.008Z","@metadata":{"beat":"winlogbeat","type":"doc","version":"6.7.0","topic":"winlogbeat"},"opcode":"Info","thread_id":3144,"log_name":"Microsoft-Windows-Sysmon/Operational","record_number":"2237786","type":"wineventlog","beat":{"hostname":"WECserver","version":"6.7.0","name":"WECserver"},"event_data":{"SourceThreadId":"6996","TargetProcessGUID":"{03ba39f5-ea6b-5ccb-0000-0010732c0200}","GrantedAccess":"0x1000","SourceProcessGUID":"{03ba39f5-ea63-5ccb-0000-0010edea0000}","TargetImage":"C:\\Windows\\System32\\svchost.exe","SourceImage":"C:\\Windows\\system32\\svchost.exe","TargetProcessId":"2388","CallTrace":"C:\\Windows\\SYSTEM32\\ntdll.dll+9fb54|C:\\Windows\\System32\\KERNELBASE.dll+6b815|c:\\windows\\system32\\lsm.dll+f476|C:\\Windows\\System32\\RPCRT4.dll+77803|C:\\Windows\\System32\\RPCRT4.dll+db4a6|C:\\Windows\\System32\\RPCRT4.dll+10d20|C:\\Windows\\System32\\RPCRT4.dll+54a38|C:\\Windows\\System32\\RPCRT4.dll+304b0|C:\\Windows\\System32\\RPCRT4.dll+2fe5b|C:\\Windows\\System32\\RPCRT4.dll+221ff|C:\\Windows\\System32\\RPCRT4.dll+2165a|C:\\Windows\\System32\\RPCRT4.dll+20c21|C:\\Windows\\System32\\RPCRT4.dll+20692|C:\\Windows\\System32\\RPCRT4.dll+17465|C:\\Windows\\SYSTEM32\\ntdll.dll+4f4c0|C:\\Windows\\SYSTEM32\\ntdll.dll+50348|C:\\Windows\\System32\\KERNEL32.DLL+17974|C:\\Windows\\SYSTEM32\\ntdll.dll+6a271","UtcTime":"2019-05-18 20:43:00.003","SourceProcessId":"832"},"source_name":"Microsoft-Windows-Sysmon","provider_guid":"{5770385f-c22a-43e0-bf4c-06f5698ffbd9}","host":{"name":"WECserver"},"task":"Process accessed (rule: ProcessAccess)","message":"Process accessed:\nRuleName: \nUtcTime: 2019-05-18 20:43:00.003\nSourceProcessGUID: {03ba39f5-ea63-5ccb-0000-0010edea0000}\nSourceProcessId: 832\nSourceThreadId: 6996\nSourceImage: C:\\Windows\\system32\\svchost.exe\nTargetProcessGUID: {03ba39f5-ea6b-5ccb-0000-0010732c0200}\nTargetProcessId: 2388\nTargetImage: C:\\Windows\\System32\\svchost.exe\nGrantedAccess: 0x1000\nCallTrace: C:\\Windows\\SYSTEM32\\ntdll.dll+9fb54|C:\\Windows\\System32\\KERNELBASE.dll+6b815|c:\\windows\\system32\\lsm.dll+f476|C:\\Windows\\System32\\RPCRT4.dll+77803|C:\\Windows\\System32\\RPCRT4.dll+db4a6|C:\\Windows\\System32\\RPCRT4.dll+10d20|C:\\Windows\\System32\\RPCRT4.dll+54a38|C:\\Windows\\System32\\RPCRT4.dll+304b0|C:\\Windows\\System32\\RPCRT4.dll+2fe5b|C:\\Windows\\System32\\RPCRT4.dll+221ff|C:\\Windows\\System32\\RPCRT4.dll+2165a|C:\\Windows\\System32\\RPCRT4.dll+20c21|C:\\Windows\\System32\\RPCRT4.dll+20692|C:\\Windows\\System32\\RPCRT4.dll+17465|C:\\Windows\\SYSTEM32\\ntdll.dll+4f4c0|C:\\Windows\\SYSTEM32\\ntdll.dll+50348|C:\\Windows\\System32\\KERNEL32.DLL+17974|C:\\Windows\\SYSTEM32\\ntdll.dll+6a271","process_id":2440,"event_id":10,"user":{"identifier":"S-1-5-18","name":"SYSTEM","domain":"NT AUTHORITY","type":"User"},"level":"Information","computer_name":"HR001.shire.com","version":3}
{"@timestamp":"2019-05-18T20:43:00.009Z","@metadata":{"beat":"winlogbeat","type":"doc","version":"6.7.0","topic":"winlogbeat"},"level":"Information","computer_name":"HR001.shire.com","record_number":"2237787","version":3,"task":"Process accessed (rule: ProcessAccess)","type":"wineventlog","event_data":{"SourceImage":"C:\\Windows\\system32\\svchost.exe","TargetProcessGUID":"{03ba39f5-6cf6-5ce0-0000-0010a1900e02}","TargetImage":"C:\\Windows\\System32\\svchost.exe","GrantedAccess":"0x40","UtcTime":"2019-05-18 20:43:00.003","SourceThreadId":"6996","TargetProcessId":"7248","CallTrace":"C:\\Windows\\SYSTEM32\\ntdll.dll+9fb54|C:\\Windows\\System32\\KERNELBASE.dll+20d0e|c:\\windows\\system32\\lsm.dll+16087|C:\\Windows\\System32\\RPCRT4.dll+77803|C:\\Windows\\System32\\RPCRT4.dll+db4a6|C:\\Windows\\System32\\RPCRT4.dll+553d9|C:\\Windows\\System32\\combase.dll+abe1f|C:\\Windows\\System32\\combase.dll+21313|C:\\Windows\\System32\\combase.dll+21104|C:\\Windows\\System32\\combase.dll+aefc6|C:\\Windows\\System32\\combase.dll+2af25|C:\\Windows\\System32\\combase.dll+aa79d|C:\\Windows\\System32\\combase.dll+5a940|C:\\Windows\\System32\\combase.dll+5a221|C:\\Windows\\System32\\combase.dll+5fef0|C:\\Windows\\System32\\RPCRT4.dll+54a38|C:\\Windows\\System32\\RPCRT4.dll+304b0|C:\\Windows\\System32\\RPCRT4.dll+300f0|C:\\Windows\\System32\\RPCRT4.dll+2200f|C:\\Windows\\System32\\RPCRT4.dll+2165a|C:\\Windows\\System32\\RPCRT4.dll+20c21|C:\\Windows\\System32\\RPCRT4.dll+20692|C:\\Windows\\System32\\RPCRT4.dll+17465|C:\\Windows\\SYSTEM32\\ntdll.dll+4f4c0","SourceProcessGUID":"{03ba39f5-ea63-5ccb-0000-0010edea0000}","SourceProcessId":"832"},"source_name":"Microsoft-Windows-Sysmon","provider_guid":"{5770385f-c22a-43e0-bf4c-06f5698ffbd9}","opcode":"Info","thread_id":3144,"beat":{"name":"WECserver","hostname":"WECserver","version":"6.7.0"},"host":{"name":"WECserver"},"message":"Process accessed:\nRuleName: \nUtcTime: 2019-05-18 20:43:00.003\nSourceProcessGUID: {03ba39f5-ea63-5ccb-0000-0010edea0000}\nSourceProcessId: 832\nSourceThreadId: 6996\nSourceImage: C:\\Windows\\system32\\svchost.exe\nTargetProcessGUID: {03ba39f5-6cf6-5ce0-0000-0010a1900e02}\nTargetProcessId: 7248\nTargetImage: C:\\Windows\\System32\\svchost.exe\nGrantedAccess: 0x40\nCallTrace: C:\\Windows\\SYSTEM32\\ntdll.dll+9fb54|C:\\Windows\\System32\\KERNELBASE.dll+20d0e|c:\\windows\\system32\\lsm.dll+16087|C:\\Windows\\System32\\RPCRT4.dll+77803|C:\\Windows\\System32\\RPCRT4.dll+db4a6|C:\\Windows\\System32\\RPCRT4.dll+553d9|C:\\Windows\\System32\\combase.dll+abe1f|C:\\Windows\\System32\\combase.dll+21313|C:\\Windows\\System32\\combase.dll+21104|C:\\Windows\\System32\\combase.dll+aefc6|C:\\Windows\\System32\\combase.dll+2af25|C:\\Windows\\System32\\combase.dll+aa79d|C:\\Windows\\System32\\combase.dll+5a940|C:\\Windows\\System32\\combase.dll+5a221|C:\\Windows\\System32\\combase.dll+5fef0|C:\\Windows\\System32\\RPCRT4.dll+54a38|C:\\Windows\\System32\\RPCRT4.dll+304b0|C:\\Windows\\System32\\RPCRT4.dll+300f0|C:\\Windows\\System32\\RPCRT4.dll+2200f|C:\\Windows\\System32\\RPCRT4.dll+2165a|C:\\Windows\\System32\\RPCRT4.dll+20c21|C:\\Windows\\System32\\RPCRT4.dll+20692|C:\\Windows\\System32\\RPCRT4.dll+17465|C:\\Windows\\SYSTEM32\\ntdll.dll+4f4c0","process_id":2440,"user":{"domain":"NT AUTHORITY","type":"User","identifier":"S-1-5-18","name":"SYSTEM"},"event_id":10,"log_name":"Microsoft-Windows-Sysmon/Operational"}
{"@timestamp":"2019-05-18T20:42:59.968Z","@metadata":{"beat":"winlogbeat","type":"doc","version":"6.7.0","topic":"winlogbeat"},"opcode":"Info","user":{"identifier":"S-1-5-18","name":"SYSTEM","domain":"NT AUTHORITY","type":"User"},"host":{"name":"WECserver"},"version":3,"event_id":10,"beat":{"hostname":"WECserver","version":"6.7.0","name":"WECserver"},"type":"wineventlog","computer_name":"IT001.shire.com","message":"Process accessed:\nRuleName: \nUtcTime: 2019-05-18 20:42:59.967\nSourceProcessGUID: {aa6b4a20-e829-5cda-0000-0010e5a80000}\nSourceProcessId: 768\nSourceThreadId: 3620\nSourceImage: C:\\Windows\\system32\\svchost.exe\nTargetProcessGUID: {aa6b4a20-e897-5cda-0000-0010581c0500}\nTargetProcessId: 3840\nTargetImage: C:\\Windows\\system32\\svchost.exe\nGrantedAccess: 0x1000\nCallTrace: C:\\Windows\\SYSTEM32\\ntdll.dll+9ea54|C:\\Windows\\SYSTEM32\\psmserviceexthost.dll+22694|C:\\Windows\\SYSTEM32\\psmserviceexthost.dll+22b77|C:\\Windows\\SYSTEM32\\psmserviceexthost.dll+22c4e|C:\\Windows\\SYSTEM32\\psmserviceexthost.dll+23143|C:\\Windows\\SYSTEM32\\ntdll.dll+65af0|C:\\Windows\\SYSTEM32\\ntdll.dll+1bec4|C:\\Windows\\System32\\KERNEL32.DLL+17e94|C:\\Windows\\SYSTEM32\\ntdll.dll+67ad1","process_id":2232,"event_data":{"SourceProcessGUID":"{aa6b4a20-e829-5cda-0000-0010e5a80000}","SourceThreadId":"3620","SourceImage":"C:\\Windows\\system32\\svchost.exe","SourceProcessId":"768","CallTrace":"C:\\Windows\\SYSTEM32\\ntdll.dll+9ea54|C:\\Windows\\SYSTEM32\\psmserviceexthost.dll+22694|C:\\Windows\\SYSTEM32\\psmserviceexthost.dll+22b77|C:\\Windows\\SYSTEM32\\psmserviceexthost.dll+22c4e|C:\\Windows\\SYSTEM32\\psmserviceexthost.dll+23143|C:\\Windows\\SYSTEM32\\ntdll.dll+65af0|C:\\Windows\\SYSTEM32\\ntdll.dll+1bec4|C:\\Windows\\System32\\KERNEL32.DLL+17e94|C:\\Windows\\SYSTEM32\\ntdll.dll+67ad1","TargetProcessId":"3840","GrantedAccess":"0x1000","TargetProcessGUID":"{aa6b4a20-e897-5cda-0000-0010581c0500}","TargetImage":"C:\\Windows\\system32\\svchost.exe","UtcTime":"2019-05-18 20:42:59.967"},"log_name":"Microsoft-Windows-Sysmon/Operational","level":"Information","source_name":"Microsoft-Windows-Sysmon","thread_id":696,"task":"Process accessed (rule: ProcessAccess)","record_number":"2940081","provider_guid":"{5770385f-c22a-43e0-bf4c-06f5698ffbd9}"}
{"@timestamp":"2019-05-18T20:42:59.969Z","@metadata":{"beat":"winlogbeat","type":"doc","version":"6.7.0","topic":"winlogbeat"},"log_name":"Microsoft-Windows-Sysmon/Operational","event_id":10,"type":"wineventlog","message":"Process accessed:\nRuleName: \nUtcTime: 2019-05-18 20:42:59.967\nSourceProcessGUID: {aa6b4a20-e829-5cda-0000-0010e5a80000}\nSourceProcessId: 768\nSourceThreadId: 3620\nSourceImage: C:\\Windows\\system32\\svchost.exe\nTargetProcessGUID: {aa6b4a20-e897-5cda-0000-0010581c0500}\nTargetProcessId: 3840\nTargetImage: C:\\Windows\\system32\\svchost.exe\nGrantedAccess: 0x1000\nCallTrace: C:\\Windows\\SYSTEM32\\ntdll.dll+9ea54|C:\\Windows\\SYSTEM32\\psmserviceexthost.dll+22694|C:\\Windows\\SYSTEM32\\psmserviceexthost.dll+22b77|C:\\Windows\\SYSTEM32\\psmserviceexthost.dll+22c4e|C:\\Windows\\SYSTEM32\\psmserviceexthost.dll+23143|C:\\Windows\\SYSTEM32\\ntdll.dll+65af0|C:\\Windows\\SYSTEM32\\ntdll.dll+1bec4|C:\\Windows\\System32\\KERNEL32.DLL+17e94|C:\\Windows\\SYSTEM32\\ntdll.dll+67ad1","user":{"domain":"NT AUTHORITY","type":"User","identifier":"S-1-5-18","name":"SYSTEM"},"task":"Process accessed (rule: ProcessAccess)","beat":{"version":"6.7.0","name":"WECserver","hostname":"WECserver"},"level":"Information","provider_guid":"{5770385f-c22a-43e0-bf4c-06f5698ffbd9}","computer_name":"IT001.shire.com","process_id":2232,"source_name":"Microsoft-Windows-Sysmon","version":3,"opcode":"Info","event_data":{"GrantedAccess":"0x1000","UtcTime":"2019-05-18 20:42:59.967","SourceImage":"C:\\Windows\\system32\\svchost.exe","SourceProcessId":"768","SourceThreadId":"3620","TargetProcessId":"3840","SourceProcessGUID":"{aa6b4a20-e829-5cda-0000-0010e5a80000}","TargetProcessGUID":"{aa6b4a20-e897-5cda-0000-0010581c0500}","TargetImage":"C:\\Windows\\system32\\svchost.exe","CallTrace":"C:\\Windows\\SYSTEM32\\ntdll.dll+9ea54|C:\\Windows\\SYSTEM32\\psmserviceexthost.dll+22694|C:\\Windows\\SYSTEM32\\psmserviceexthost.dll+22b77|C:\\Windows\\SYSTEM32\\psmserviceexthost.dll+22c4e|C:\\Windows\\SYSTEM32\\psmserviceexthost.dll+23143|C:\\Windows\\SYSTEM32\\ntdll.dll+65af0|C:\\Windows\\SYSTEM32\\ntdll.dll+1bec4|C:\\Windows\\System32\\KERNEL32.DLL+17e94|C:\\Windows\\SYSTEM32\\ntdll.dll+67ad1"},"thread_id":696,"record_number":"2940082","host":{"name":"WECserver"}}
{"@timestamp":"2019-05-18T20:43:00.017Z","@metadata":{"beat":"winlogbeat","type":"doc","version":"6.7.0","topic":"winlogbeat"},"host":{"name":"WECserver"},"task":"Process accessed (rule: ProcessAccess)","log_name":"Microsoft-Windows-Sysmon/Operational","process_id":2232,"user":{"name":"SYSTEM","domain":"NT AUTHORITY","type":"User","identifier":"S-1-5-18"},"message":"Process accessed:\nRuleName: \nUtcTime: 2019-05-18 20:43:00.014\nSourceProcessGUID: {aa6b4a20-e82a-5cda-0000-001013ed0000}\nSourceProcessId: 860\nSourceThreadId: 4440\nSourceImage: C:\\Windows\\system32\\svchost.exe\nTargetProcessGUID: {aa6b4a20-e83c-5cda-0000-001004e80100}\nTargetProcessId: 2088\nTargetImage: C:\\Windows\\System32\\svchost.exe\nGrantedAccess: 0x1000\nCallTrace: C:\\Windows\\SYSTEM32\\ntdll.dll+9ea54|C:\\Windows\\System32\\KERNELBASE.dll+68985|c:\\windows\\system32\\lsm.dll+e575|C:\\Windows\\System32\\RPCRT4.dll+77863|C:\\Windows\\System32\\RPCRT4.dll+db4a6|C:\\Windows\\System32\\RPCRT4.dll+10d20|C:\\Windows\\System32\\RPCRT4.dll+54ab8|C:\\Windows\\System32\\RPCRT4.dll+30580|C:\\Windows\\System32\\RPCRT4.dll+2ff2b|C:\\Windows\\System32\\RPCRT4.dll+222df|C:\\Windows\\System32\\RPCRT4.dll+2173a|C:\\Windows\\System32\\RPCRT4.dll+20d01|C:\\Windows\\System32\\RPCRT4.dll+20772|C:\\Windows\\System32\\RPCRT4.dll+17545|C:\\Windows\\SYSTEM32\\ntdll.dll+1adc0|C:\\Windows\\SYSTEM32\\ntdll.dll+1bc48|C:\\Windows\\System32\\KERNEL32.DLL+17e94|C:\\Windows\\SYSTEM32\\ntdll.dll+67ad1","computer_name":"IT001.shire.com","type":"wineventlog","version":3,"record_number":"2940083","beat":{"name":"WECserver","hostname":"WECserver","version":"6.7.0"},"event_id":10,"provider_guid":"{5770385f-c22a-43e0-bf4c-06f5698ffbd9}","event_data":{"TargetProcessGUID":"{aa6b4a20-e83c-5cda-0000-001004e80100}","UtcTime":"2019-05-18 20:43:00.014","SourceProcessId":"860","SourceImage":"C:\\Windows\\system32\\svchost.exe","GrantedAccess":"0x1000","CallTrace":"C:\\Windows\\SYSTEM32\\ntdll.dll+9ea54|C:\\Windows\\System32\\KERNELBASE.dll+68985|c:\\windows\\system32\\lsm.dll+e575|C:\\Windows\\System32\\RPCRT4.dll+77863|C:\\Windows\\System32\\RPCRT4.dll+db4a6|C:\\Windows\\System32\\RPCRT4.dll+10d20|C:\\Windows\\System32\\RPCRT4.dll+54ab8|C:\\Windows\\System32\\RPCRT4.dll+30580|C:\\Windows\\System32\\RPCRT4.dll+2ff2b|C:\\Windows\\System32\\RPCRT4.dll+222df|C:\\Windows\\System32\\RPCRT4.dll+2173a|C:\\Windows\\System32\\RPCRT4.dll+20d01|C:\\Windows\\System32\\RPCRT4.dll+20772|C:\\Windows\\System32\\RPCRT4.dll+17545|C:\\Windows\\SYSTEM32\\ntdll.dll+1adc0|C:\\Windows\\SYSTEM32\\ntdll.dll+1bc48|C:\\Windows\\System32\\KERNEL32.DLL+17e94|C:\\Windows\\SYSTEM32\\ntdll.dll+67ad1","SourceThreadId":"4440","TargetProcessId":"2088","TargetImage":"C:\\Windows\\System32\\svchost.exe","SourceProcessGUID":"{aa6b4a20-e82a-5cda-0000-001013ed0000}"},"source_name":"Microsoft-Windows-Sysmon","level":"Information","opcode":"Info","thread_id":696}
{"@timestamp":"2019-05-18T20:43:00.017Z","@metadata":{"beat":"winlogbeat","type":"doc","version":"6.7.0","topic":"winlogbeat"},"task":"Process accessed (rule: ProcessAccess)","event_data":{"TargetImage":"C:\\Windows\\System32\\svchost.exe","SourceThreadId":"4440","TargetProcessGUID":"{aa6b4a20-e83c-5cda-0000-001004e80100}","TargetProcessId":"2088","GrantedAccess":"0x1000","CallTrace":"C:\\Windows\\SYSTEM32\\ntdll.dll+9ea54|C:\\Windows\\System32\\KERNELBASE.dll+68985|c:\\windows\\system32\\lsm.dll+ebf0|C:\\Windows\\System32\\RPCRT4.dll+77863|C:\\Windows\\System32\\RPCRT4.dll+db4a6|C:\\Windows\\System32\\RPCRT4.dll+10d20|C:\\Windows\\System32\\RPCRT4.dll+54ab8|C:\\Windows\\System32\\RPCRT4.dll+30580|C:\\Windows\\System32\\RPCRT4.dll+2ff2b|C:\\Windows\\System32\\RPCRT4.dll+222df|C:\\Windows\\System32\\RPCRT4.dll+2173a|C:\\Windows\\System32\\RPCRT4.dll+20d01|C:\\Windows\\System32\\RPCRT4.dll+20772|C:\\Windows\\System32\\RPCRT4.dll+17545|C:\\Windows\\SYSTEM32\\ntdll.dll+1adc0|C:\\Windows\\SYSTEM32\\ntdll.dll+1bc48|C:\\Windows\\System32\\KERNEL32.DLL+17e94|C:\\Windows\\SYSTEM32\\ntdll.dll+67ad1","SourceProcessGUID":"{aa6b4a20-e82a-5cda-0000-001013ed0000}","SourceImage":"C:\\Windows\\system32\\svchost.exe","UtcTime":"2019-05-18 20:43:00.014","SourceProcessId":"860"},"event_id":10,"beat":{"name":"WECserver","hostname":"WECserver","version":"6.7.0"},"process_id":2232,"provider_guid":"{5770385f-c22a-43e0-bf4c-06f5698ffbd9}","message":"Process accessed:\nRuleName: \nUtcTime: 2019-05-18 20:43:00.014\nSourceProcessGUID: {aa6b4a20-e82a-5cda-0000-001013ed0000}\nSourceProcessId: 860\nSourceThreadId: 4440\nSourceImage: C:\\Windows\\system32\\svchost.exe\nTargetProcessGUID: {aa6b4a20-e83c-5cda-0000-001004e80100}\nTargetProcessId: 2088\nTargetImage: C:\\Windows\\System32\\svchost.exe\nGrantedAccess: 0x1000\nCallTrace: C:\\Windows\\SYSTEM32\\ntdll.dll+9ea54|C:\\Windows\\System32\\KERNELBASE.dll+68985|c:\\windows\\system32\\lsm.dll+ebf0|C:\\Windows\\System32\\RPCRT4.dll+77863|C:\\Windows\\System32\\RPCRT4.dll+db4a6|C:\\Windows\\System32\\RPCRT4.dll+10d20|C:\\Windows\\System32\\RPCRT4.dll+54ab8|C:\\Windows\\System32\\RPCRT4.dll+30580|C:\\Windows\\System32\\RPCRT4.dll+2ff2b|C:\\Windows\\System32\\RPCRT4.dll+222df|C:\\Windows\\System32\\RPCRT4.dll+2173a|C:\\Windows\\System32\\RPCRT4.dll+20d01|C:\\Windows\\System32\\RPCRT4.dll+20772|C:\\Windows\\System32\\RPCRT4.dll+17545|C:\\Windows\\SYSTEM32\\ntdll.dll+1adc0|C:\\Windows\\SYSTEM32\\ntdll.dll+1bc48|C:\\Windows\\System32\\KERNEL32.DLL+17e94|C:\\Windows\\SYSTEM32\\ntdll.dll+67ad1","record_number":"2940084","level":"Information","opcode":"Info","host":{"name":"WECserver"},"source_name":"Microsoft-Windows-Sysmon","user":{"identifier":"S-1-5-18","name":"SYSTEM","domain":"NT AUTHORITY","type":"User"},"type":"wineventlog","computer_name":"IT001.shire.com","version":3,"log_name":"Microsoft-Windows-Sysmon/Operational","thread_id":696}
{"@timestamp":"2019-05-18T20:43:00.017Z","@metadata":{"beat":"winlogbeat","type":"doc","version":"6.7.0","topic":"winlogbeat"},"message":"Process accessed:\nRuleName: \nUtcTime: 2019-05-18 20:43:00.014\nSourceProcessGUID: {aa6b4a20-e82a-5cda-0000-001013ed0000}\nSourceProcessId: 860\nSourceThreadId: 4440\nSourceImage: C:\\Windows\\system32\\svchost.exe\nTargetProcessGUID: {aa6b4a20-e83c-5cda-0000-001004e80100}\nTargetProcessId: 2088\nTargetImage: C:\\Windows\\System32\\svchost.exe\nGrantedAccess: 0x1000\nCallTrace: C:\\Windows\\SYSTEM32\\ntdll.dll+9ea54|C:\\Windows\\System32\\KERNELBASE.dll+68985|c:\\windows\\system32\\lsm.dll+ea4e|C:\\Windows\\System32\\RPCRT4.dll+77863|C:\\Windows\\System32\\RPCRT4.dll+db4a6|C:\\Windows\\System32\\RPCRT4.dll+10d20|C:\\Windows\\System32\\RPCRT4.dll+54ab8|C:\\Windows\\System32\\RPCRT4.dll+30580|C:\\Windows\\System32\\RPCRT4.dll+2ff2b|C:\\Windows\\System32\\RPCRT4.dll+222df|C:\\Windows\\System32\\RPCRT4.dll+2173a|C:\\Windows\\System32\\RPCRT4.dll+20d01|C:\\Windows\\System32\\RPCRT4.dll+20772|C:\\Windows\\System32\\RPCRT4.dll+17545|C:\\Windows\\SYSTEM32\\ntdll.dll+1adc0|C:\\Windows\\SYSTEM32\\ntdll.dll+1bc48|C:\\Windows\\System32\\KERNEL32.DLL+17e94|C:\\Windows\\SYSTEM32\\ntdll.dll+67ad1","record_number":"2940085","opcode":"Info","thread_id":696,"process_id":2232,"user":{"type":"User","identifier":"S-1-5-18","name":"SYSTEM","domain":"NT AUTHORITY"},"log_name":"Microsoft-Windows-Sysmon/Operational","type":"wineventlog","computer_name":"IT001.shire.com","beat":{"name":"WECserver","hostname":"WECserver","version":"6.7.0"},"host":{"name":"WECserver"},"provider_guid":"{5770385f-c22a-43e0-bf4c-06f5698ffbd9}","version":3,"level":"Information","task":"Process accessed (rule: ProcessAccess)","event_data":{"SourceProcessGUID":"{aa6b4a20-e82a-5cda-0000-001013ed0000}","SourceProcessId":"860","SourceImage":"C:\\Windows\\system32\\svchost.exe","UtcTime":"2019-05-18 20:43:00.014","TargetProcessGUID":"{aa6b4a20-e83c-5cda-0000-001004e80100}","TargetImage":"C:\\Windows\\System32\\svchost.exe","TargetProcessId":"2088","SourceThreadId":"4440","GrantedAccess":"0x1000","CallTrace":"C:\\Windows\\SYSTEM32\\ntdll.dll+9ea54|C:\\Windows\\System32\\KERNELBASE.dll+68985|c:\\windows\\system32\\lsm.dll+ea4e|C:\\Windows\\System32\\RPCRT4.dll+77863|C:\\Windows\\System32\\RPCRT4.dll+db4a6|C:\\Windows\\System32\\RPCRT4.dll+10d20|C:\\Windows\\System32\\RPCRT4.dll+54ab8|C:\\Windows\\System32\\RPCRT4.dll+30580|C:\\Windows\\System32\\RPCRT4.dll+2ff2b|C:\\Windows\\System32\\RPCRT4.dll+222df|C:\\Windows\\System32\\RPCRT4.dll+2173a|C:\\Windows\\System32\\RPCRT4.dll+20d01|C:\\Windows\\System32\\RPCRT4.dll+20772|C:\\Windows\\System32\\RPCRT4.dll+17545|C:\\Windows\\SYSTEM32\\ntdll.dll+1adc0|C:\\Windows\\SYSTEM32\\ntdll.dll+1bc48|C:\\Windows\\System32\\KERNEL32.DLL+17e94|C:\\Windows\\SYSTEM32\\ntdll.dll+67ad1"},"source_name":"Microsoft-Windows-Sysmon","event_id":10}
{"@timestamp":"2019-05-18T20:43:00.032Z","@metadata":{"beat":"winlogbeat","type":"doc","version":"6.7.0","topic":"winlogbeat"},"opcode":"Info","record_number":"2940086","task":"Process accessed (rule: ProcessAccess)","thread_id":696,"source_name":"Microsoft-Windows-Sysmon","provider_guid":"{5770385f-c22a-43e0-bf4c-06f5698ffbd9}","type":"wineventlog","message":"Process accessed:\nRuleName: \nUtcTime: 2019-05-18 20:43:00.014\nSourceProcessGUID: {aa6b4a20-e82a-5cda-0000-001013ed0000}\nSourceProcessId: 860\nSourceThreadId: 4440\nSourceImage: C:\\Windows\\system32\\svchost.exe\nTargetProcessGUID: {aa6b4a20-e83c-5cda-0000-001004e80100}\nTargetProcessId: 2088\nTargetImage: C:\\Windows\\System32\\svchost.exe\nGrantedAccess: 0x1000\nCallTrace: C:\\Windows\\SYSTEM32\\ntdll.dll+9ea54|C:\\Windows\\System32\\KERNELBASE.dll+68985|c:\\windows\\system32\\lsm.dll+f2e7|c:\\windows\\system32\\lsm.dll+d909|C:\\Windows\\System32\\RPCRT4.dll+77863|C:\\Windows\\System32\\RPCRT4.dll+db4a6|C:\\Windows\\System32\\RPCRT4.dll+10d20|C:\\Windows\\System32\\RPCRT4.dll+54ab8|C:\\Windows\\System32\\RPCRT4.dll+30580|C:\\Windows\\System32\\RPCRT4.dll+2ff2b|C:\\Windows\\System32\\RPCRT4.dll+222df|C:\\Windows\\System32\\RPCRT4.dll+2173a|C:\\Windows\\System32\\RPCRT4.dll+20d01|C:\\Windows\\System32\\RPCRT4.dll+20772|C:\\Windows\\System32\\RPCRT4.dll+17545|C:\\Windows\\SYSTEM32\\ntdll.dll+1adc0|C:\\Windows\\SYSTEM32\\ntdll.dll+1bc48|C:\\Windows\\System32\\KERNEL32.DLL+17e94|C:\\Windows\\SYSTEM32\\ntdll.dll+67ad1","host":{"name":"WECserver"},"beat":{"version":"6.7.0","name":"WECserver","hostname":"WECserver"},"level":"Information","event_data":{"TargetProcessId":"2088","GrantedAccess":"0x1000","SourceProcessGUID":"{aa6b4a20-e82a-5cda-0000-001013ed0000}","SourceProcessId":"860","TargetImage":"C:\\Windows\\System32\\svchost.exe","SourceThreadId":"4440","CallTrace":"C:\\Windows\\SYSTEM32\\ntdll.dll+9ea54|C:\\Windows\\System32\\KERNELBASE.dll+68985|c:\\windows\\system32\\lsm.dll+f2e7|c:\\windows\\system32\\lsm.dll+d909|C:\\Windows\\System32\\RPCRT4.dll+77863|C:\\Windows\\System32\\RPCRT4.dll+db4a6|C:\\Windows\\System32\\RPCRT4.dll+10d20|C:\\Windows\\System32\\RPCRT4.dll+54ab8|C:\\Windows\\System32\\RPCRT4.dll+30580|C:\\Windows\\System32\\RPCRT4.dll+2ff2b|C:\\Windows\\System32\\RPCRT4.dll+222df|C:\\Windows\\System32\\RPCRT4.dll+2173a|C:\\Windows\\System32\\RPCRT4.dll+20d01|C:\\Windows\\System32\\RPCRT4.dll+20772|C:\\Windows\\System32\\RPCRT4.dll+17545|C:\\Windows\\SYSTEM32\\ntdll.dll+1adc0|C:\\Windows\\SYSTEM32\\ntdll.dll+1bc48|C:\\Windows\\System32\\KERNEL32.DLL+17e94|C:\\Windows\\SYSTEM32\\ntdll.dll+67ad1","SourceImage":"C:\\Windows\\system32\\svchost.exe","TargetProcessGUID":"{aa6b4a20-e83c-5cda-0000-001004e80100}","UtcTime":"2019-05-18 20:43:00.014"},"event_id":10,"process_id":2232,"version":3,"user":{"identifier":"S-1-5-18","name":"SYSTEM","domain":"NT AUTHORITY","type":"User"},"computer_name":"IT001.shire.com","log_name":"Microsoft-Windows-Sysmon/Operational"}
{"@timestamp":"2019-05-18T20:43:00.032Z","@metadata":{"beat":"winlogbeat","type":"doc","version":"6.7.0","topic":"winlogbeat"},"event_data":{"SourceProcessId":"860","SourceImage":"C:\\Windows\\system32\\svchost.exe","SourceThreadId":"4440","GrantedAccess":"0x1000","CallTrace":"C:\\Windows\\SYSTEM32\\ntdll.dll+9ea54|C:\\Windows\\System32\\KERNELBASE.dll+68985|c:\\windows\\system32\\lsm.dll+f2e7|c:\\windows\\system32\\lsm.dll+daf1|c:\\windows\\system32\\lsm.dll+d9eb|C:\\Windows\\System32\\RPCRT4.dll+77863|C:\\Windows\\System32\\RPCRT4.dll+db4a6|C:\\Windows\\System32\\RPCRT4.dll+10d20|C:\\Windows\\System32\\RPCRT4.dll+54ab8|C:\\Windows\\System32\\RPCRT4.dll+30580|C:\\Windows\\System32\\RPCRT4.dll+2ff2b|C:\\Windows\\System32\\RPCRT4.dll+222df|C:\\Windows\\System32\\RPCRT4.dll+2173a|C:\\Windows\\System32\\RPCRT4.dll+20d01|C:\\Windows\\System32\\RPCRT4.dll+20772|C:\\Windows\\System32\\RPCRT4.dll+17545|C:\\Windows\\SYSTEM32\\ntdll.dll+1adc0|C:\\Windows\\SYSTEM32\\ntdll.dll+1bc48|C:\\Windows\\System32\\KERNEL32.DLL+17e94|C:\\Windows\\SYSTEM32\\ntdll.dll+67ad1","SourceProcessGUID":"{aa6b4a20-e82a-5cda-0000-001013ed0000}","TargetProcessGUID":"{aa6b4a20-e83c-5cda-0000-001004e80100}","UtcTime":"2019-05-18 20:43:00.014","TargetProcessId":"2088","TargetImage":"C:\\Windows\\System32\\svchost.exe"},"thread_id":696,"event_id":10,"process_id":2232,"record_number":"2940087","log_name":"Microsoft-Windows-Sysmon/Operational","task":"Process accessed (rule: ProcessAccess)","beat":{"name":"WECserver","hostname":"WECserver","version":"6.7.0"},"provider_guid":"{5770385f-c22a-43e0-bf4c-06f5698ffbd9}","level":"Information","host":{"name":"WECserver"},"source_name":"Microsoft-Windows-Sysmon","opcode":"Info","user":{"type":"User","identifier":"S-1-5-18","name":"SYSTEM","domain":"NT AUTHORITY"},"computer_name":"IT001.shire.com","type":"wineventlog","version":3,"message":"Process accessed:\nRuleName: \nUtcTime: 2019-05-18 20:43:00.014\nSourceProcessGUID: {aa6b4a20-e82a-5cda-0000-001013ed0000}\nSourceProcessId: 860\nSourceThreadId: 4440\nSourceImage: C:\\Windows\\system32\\svchost.exe\nTargetProcessGUID: {aa6b4a20-e83c-5cda-0000-001004e80100}\nTargetProcessId: 2088\nTargetImage: C:\\Windows\\System32\\svchost.exe\nGrantedAccess: 0x1000\nCallTrace: C:\\Windows\\SYSTEM32\\ntdll.dll+9ea54|C:\\Windows\\System32\\KERNELBASE.dll+68985|c:\\windows\\system32\\lsm.dll+f2e7|c:\\windows\\system32\\lsm.dll+daf1|c:\\windows\\system32\\lsm.dll+d9eb|C:\\Windows\\System32\\RPCRT4.dll+77863|C:\\Windows\\System32\\RPCRT4.dll+db4a6|C:\\Windows\\System32\\RPCRT4.dll+10d20|C:\\Windows\\System32\\RPCRT4.dll+54ab8|C:\\Windows\\System32\\RPCRT4.dll+30580|C:\\Windows\\System32\\RPCRT4.dll+2ff2b|C:\\Windows\\System32\\RPCRT4.dll+222df|C:\\Windows\\System32\\RPCRT4.dll+2173a|C:\\Windows\\System32\\RPCRT4.dll+20d01|C:\\Windows\\System32\\RPCRT4.dll+20772|C:\\Windows\\System32\\RPCRT4.dll+17545|C:\\Windows\\SYSTEM32\\ntdll.dll+1adc0|C:\\Windows\\SYSTEM32\\ntdll.dll+1bc48|C:\\Windows\\System32\\KERNEL32.DLL+17e94|C:\\Windows\\SYSTEM32\\ntdll.dll+67ad1"}
{"@timestamp":"2019-05-18T20:43:00.032Z","@metadata":{"beat":"winlogbeat","type":"doc","version":"6.7.0","topic":"winlogbeat"},"opcode":"Info","user":{"type":"User","identifier":"S-1-5-18","name":"SYSTEM","domain":"NT AUTHORITY"},"event_id":10,"message":"Process accessed:\nRuleName: \nUtcTime: 2019-05-18 20:43:00.014\nSourceProcessGUID: {aa6b4a20-e82a-5cda-0000-001013ed0000}\nSourceProcessId: 860\nSourceThreadId: 4440\nSourceImage: C:\\Windows\\system32\\svchost.exe\nTargetProcessGUID: {aa6b4a20-e83c-5cda-0000-001004e80100}\nTargetProcessId: 2088\nTargetImage: C:\\Windows\\System32\\svchost.exe\nGrantedAccess: 0x1000\nCallTrace: C:\\Windows\\SYSTEM32\\ntdll.dll+9ea54|C:\\Windows\\System32\\KERNELBASE.dll+68985|c:\\windows\\system32\\lsm.dll+f2e7|c:\\windows\\system32\\lsm.dll+d909|C:\\Windows\\System32\\RPCRT4.dll+77863|C:\\Windows\\System32\\RPCRT4.dll+db4a6|C:\\Windows\\System32\\RPCRT4.dll+10d20|C:\\Windows\\System32\\RPCRT4.dll+54ab8|C:\\Windows\\System32\\RPCRT4.dll+30580|C:\\Windows\\System32\\RPCRT4.dll+2ff2b|C:\\Windows\\System32\\RPCRT4.dll+222df|C:\\Windows\\System32\\RPCRT4.dll+2173a|C:\\Windows\\System32\\RPCRT4.dll+20d01|C:\\Windows\\System32\\RPCRT4.dll+20772|C:\\Windows\\System32\\RPCRT4.dll+17545|C:\\Windows\\SYSTEM32\\ntdll.dll+1adc0|C:\\Windows\\SYSTEM32\\ntdll.dll+1bc48|C:\\Windows\\System32\\KERNEL32.DLL+17e94|C:\\Windows\\SYSTEM32\\ntdll.dll+67ad1","version":3,"provider_guid":"{5770385f-c22a-43e0-bf4c-06f5698ffbd9}","host":{"name":"WECserver"},"type":"wineventlog","thread_id":696,"level":"Information","process_id":2232,"log_name":"Microsoft-Windows-Sysmon/Operational","source_name":"Microsoft-Windows-Sysmon","computer_name":"IT001.shire.com","event_data":{"UtcTime":"2019-05-18 20:43:00.014","SourceProcessGUID":"{aa6b4a20-e82a-5cda-0000-001013ed0000}","TargetProcessId":"2088","TargetProcessGUID":"{aa6b4a20-e83c-5cda-0000-001004e80100}","CallTrace":"C:\\Windows\\SYSTEM32\\ntdll.dll+9ea54|C:\\Windows\\System32\\KERNELBASE.dll+68985|c:\\windows\\system32\\lsm.dll+f2e7|c:\\windows\\system32\\lsm.dll+d909|C:\\Windows\\System32\\RPCRT4.dll+77863|C:\\Windows\\System32\\RPCRT4.dll+db4a6|C:\\Windows\\System32\\RPCRT4.dll+10d20|C:\\Windows\\System32\\RPCRT4.dll+54ab8|C:\\Windows\\System32\\RPCRT4.dll+30580|C:\\Windows\\System32\\RPCRT4.dll+2ff2b|C:\\Windows\\System32\\RPCRT4.dll+222df|C:\\Windows\\System32\\RPCRT4.dll+2173a|C:\\Windows\\System32\\RPCRT4.dll+20d01|C:\\Windows\\System32\\RPCRT4.dll+20772|C:\\Windows\\System32\\RPCRT4.dll+17545|C:\\Windows\\SYSTEM32\\ntdll.dll+1adc0|C:\\Windows\\SYSTEM32\\ntdll.dll+1bc48|C:\\Windows\\System32\\KERNEL32.DLL+17e94|C:\\Windows\\SYSTEM32\\ntdll.dll+67ad1","SourceProcessId":"860","SourceThreadId":"4440","SourceImage":"C:\\Windows\\system32\\svchost.exe","GrantedAccess":"0x1000","TargetImage":"C:\\Windows\\System32\\svchost.exe"},"beat":{"name":"WECserver","hostname":"WECserver","version":"6.7.0"},"record_number":"2940088","task":"Process accessed (rule: ProcessAccess)"}
{"@timestamp":"2019-05-18T20:43:00.032Z","@metadata":{"beat":"winlogbeat","type":"doc","version":"6.7.0","topic":"winlogbeat"},"provider_guid":"{5770385f-c22a-43e0-bf4c-06f5698ffbd9}","computer_name":"IT001.shire.com","user":{"identifier":"S-1-5-18","name":"SYSTEM","domain":"NT AUTHORITY","type":"User"},"opcode":"Info","task":"Process accessed (rule: ProcessAccess)","message":"Process accessed:\nRuleName: \nUtcTime: 2019-05-18 20:43:00.014\nSourceProcessGUID: {aa6b4a20-e82a-5cda-0000-001013ed0000}\nSourceProcessId: 860\nSourceThreadId: 4440\nSourceImage: C:\\Windows\\system32\\svchost.exe\nTargetProcessGUID: {aa6b4a20-e83c-5cda-0000-001004e80100}\nTargetProcessId: 2088\nTargetImage: C:\\Windows\\System32\\svchost.exe\nGrantedAccess: 0x1000\nCallTrace: C:\\Windows\\SYSTEM32\\ntdll.dll+9ea54|C:\\Windows\\System32\\KERNELBASE.dll+68985|c:\\windows\\system32\\lsm.dll+f2e7|c:\\windows\\system32\\lsm.dll+daf1|c:\\windows\\system32\\lsm.dll+d9eb|C:\\Windows\\System32\\RPCRT4.dll+77863|C:\\Windows\\System32\\RPCRT4.dll+db4a6|C:\\Windows\\System32\\RPCRT4.dll+10d20|C:\\Windows\\System32\\RPCRT4.dll+54ab8|C:\\Windows\\System32\\RPCRT4.dll+30580|C:\\Windows\\System32\\RPCRT4.dll+2ff2b|C:\\Windows\\System32\\RPCRT4.dll+222df|C:\\Windows\\System32\\RPCRT4.dll+2173a|C:\\Windows\\System32\\RPCRT4.dll+20d01|C:\\Windows\\System32\\RPCRT4.dll+20772|C:\\Windows\\System32\\RPCRT4.dll+17545|C:\\Windows\\SYSTEM32\\ntdll.dll+1adc0|C:\\Windows\\SYSTEM32\\ntdll.dll+1bc48|C:\\Windows\\System32\\KERNEL32.DLL+17e94|C:\\Windows\\SYSTEM32\\ntdll.dll+67ad1","beat":{"hostname":"WECserver","version":"6.7.0","name":"WECserver"},"process_id":2232,"log_name":"Microsoft-Windows-Sysmon/Operational","level":"Information","record_number":"2940089","host":{"name":"WECserver"},"thread_id":696,"event_data":{"TargetImage":"C:\\Windows\\System32\\svchost.exe","CallTrace":"C:\\Windows\\SYSTEM32\\ntdll.dll+9ea54|C:\\Windows\\System32\\KERNELBASE.dll+68985|c:\\windows\\system32\\lsm.dll+f2e7|c:\\windows\\system32\\lsm.dll+daf1|c:\\windows\\system32\\lsm.dll+d9eb|C:\\Windows\\System32\\RPCRT4.dll+77863|C:\\Windows\\System32\\RPCRT4.dll+db4a6|C:\\Windows\\System32\\RPCRT4.dll+10d20|C:\\Windows\\System32\\RPCRT4.dll+54ab8|C:\\Windows\\System32\\RPCRT4.dll+30580|C:\\Windows\\System32\\RPCRT4.dll+2ff2b|C:\\Windows\\System32\\RPCRT4.dll+222df|C:\\Windows\\System32\\RPCRT4.dll+2173a|C:\\Windows\\System32\\RPCRT4.dll+20d01|C:\\Windows\\System32\\RPCRT4.dll+20772|C:\\Windows\\System32\\RPCRT4.dll+17545|C:\\Windows\\SYSTEM32\\ntdll.dll+1adc0|C:\\Windows\\SYSTEM32\\ntdll.dll+1bc48|C:\\Windows\\System32\\KERNEL32.DLL+17e94|C:\\Windows\\SYSTEM32\\ntdll.dll+67ad1","SourceProcessId":"860","TargetProcessGUID":"{aa6b4a20-e83c-5cda-0000-001004e80100}","TargetProcessId":"2088","GrantedAccess":"0x1000","SourceThreadId":"4440","UtcTime":"2019-05-18 20:43:00.014","SourceProcessGUID":"{aa6b4a20-e82a-5cda-0000-001013ed0000}","SourceImage":"C:\\Windows\\system32\\svchost.exe"},"type":"wineventlog","source_name":"Microsoft-Windows-Sysmon","event_id":10,"version":3}
{"@timestamp":"2019-05-18T20:43:00.034Z","@metadata":{"beat":"winlogbeat","type":"doc","version":"6.7.0","topic":"winlogbeat"},"log_name":"Microsoft-Windows-Sysmon/Operational","user":{"domain":"NT AUTHORITY","type":"User","identifier":"S-1-5-18","name":"SYSTEM"},"host":{"name":"WECserver"},"event_data":{"SourceProcessId":"860","SourceImage":"C:\\Windows\\system32\\svchost.exe","TargetImage":"C:\\Windows\\System32\\svchost.exe","CallTrace":"C:\\Windows\\SYSTEM32\\ntdll.dll+9ea54|C:\\Windows\\System32\\KERNELBASE.dll+68985|c:\\windows\\system32\\lsm.dll+f476|C:\\Windows\\System32\\RPCRT4.dll+77863|C:\\Windows\\System32\\RPCRT4.dll+db4a6|C:\\Windows\\System32\\RPCRT4.dll+10d20|C:\\Windows\\System32\\RPCRT4.dll+54ab8|C:\\Windows\\System32\\RPCRT4.dll+30580|C:\\Windows\\System32\\RPCRT4.dll+2ff2b|C:\\Windows\\System32\\RPCRT4.dll+222df|C:\\Windows\\System32\\RPCRT4.dll+2173a|C:\\Windows\\System32\\RPCRT4.dll+20d01|C:\\Windows\\System32\\RPCRT4.dll+20772|C:\\Windows\\System32\\RPCRT4.dll+17545|C:\\Windows\\SYSTEM32\\ntdll.dll+1adc0|C:\\Windows\\SYSTEM32\\ntdll.dll+1bc48|C:\\Windows\\System32\\KERNEL32.DLL+17e94|C:\\Windows\\SYSTEM32\\ntdll.dll+67ad1","TargetProcessGUID":"{aa6b4a20-e83c-5cda-0000-001004e80100}","SourceThreadId":"4440","TargetProcessId":"2088","GrantedAccess":"0x1000","UtcTime":"2019-05-18 20:43:00.030","SourceProcessGUID":"{aa6b4a20-e82a-5cda-0000-001013ed0000}"},"level":"Information","opcode":"Info","computer_name":"IT001.shire.com","beat":{"name":"WECserver","hostname":"WECserver","version":"6.7.0"},"process_id":2232,"type":"wineventlog","record_number":"2940090","task":"Process accessed (rule: ProcessAccess)","event_id":10,"version":3,"message":"Process accessed:\nRuleName: \nUtcTime: 2019-05-18 20:43:00.030\nSourceProcessGUID: {aa6b4a20-e82a-5cda-0000-001013ed0000}\nSourceProcessId: 860\nSourceThreadId: 4440\nSourceImage: C:\\Windows\\system32\\svchost.exe\nTargetProcessGUID: {aa6b4a20-e83c-5cda-0000-001004e80100}\nTargetProcessId: 2088\nTargetImage: C:\\Windows\\System32\\svchost.exe\nGrantedAccess: 0x1000\nCallTrace: C:\\Windows\\SYSTEM32\\ntdll.dll+9ea54|C:\\Windows\\System32\\KERNELBASE.dll+68985|c:\\windows\\system32\\lsm.dll+f476|C:\\Windows\\System32\\RPCRT4.dll+77863|C:\\Windows\\System32\\RPCRT4.dll+db4a6|C:\\Windows\\System32\\RPCRT4.dll+10d20|C:\\Windows\\System32\\RPCRT4.dll+54ab8|C:\\Windows\\System32\\RPCRT4.dll+30580|C:\\Windows\\System32\\RPCRT4.dll+2ff2b|C:\\Windows\\System32\\RPCRT4.dll+222df|C:\\Windows\\System32\\RPCRT4.dll+2173a|C:\\Windows\\System32\\RPCRT4.dll+20d01|C:\\Windows\\System32\\RPCRT4.dll+20772|C:\\Windows\\System32\\RPCRT4.dll+17545|C:\\Windows\\SYSTEM32\\ntdll.dll+1adc0|C:\\Windows\\SYSTEM32\\ntdll.dll+1bc48|C:\\Windows\\System32\\KERNEL32.DLL+17e94|C:\\Windows\\SYSTEM32\\ntdll.dll+67ad1","source_name":"Microsoft-Windows-Sysmon","thread_id":696,"provider_guid":"{5770385f-c22a-43e0-bf4c-06f5698ffbd9}"}
{"@timestamp":"2019-05-18T20:43:00.034Z","@metadata":{"beat":"winlogbeat","type":"doc","version":"6.7.0","topic":"winlogbeat"},"computer_name":"IT001.shire.com","thread_id":696,"opcode":"Info","host":{"name":"WECserver"},"log_name":"Microsoft-Windows-Sysmon/Operational","process_id":2232,"event_id":10,"message":"Process accessed:\nRuleName: \nUtcTime: 2019-05-18 20:43:00.030\nSourceProcessGUID: {aa6b4a20-e82a-5cda-0000-001013ed0000}\nSourceProcessId: 860\nSourceThreadId: 4440\nSourceImage: C:\\Windows\\system32\\svchost.exe\nTargetProcessGUID: {aa6b4a20-e83c-5cda-0000-001004e80100}\nTargetProcessId: 2088\nTargetImage: C:\\Windows\\System32\\svchost.exe\nGrantedAccess: 0x1000\nCallTrace: C:\\Windows\\SYSTEM32\\ntdll.dll+9ea54|C:\\Windows\\System32\\KERNELBASE.dll+68985|c:\\windows\\system32\\lsm.dll+f476|C:\\Windows\\System32\\RPCRT4.dll+77863|C:\\Windows\\System32\\RPCRT4.dll+db4a6|C:\\Windows\\System32\\RPCRT4.dll+10d20|C:\\Windows\\System32\\RPCRT4.dll+54ab8|C:\\Windows\\System32\\RPCRT4.dll+30580|C:\\Windows\\System32\\RPCRT4.dll+2ff2b|C:\\Windows\\System32\\RPCRT4.dll+222df|C:\\Windows\\System32\\RPCRT4.dll+2173a|C:\\Windows\\System32\\RPCRT4.dll+20d01|C:\\Windows\\System32\\RPCRT4.dll+20772|C:\\Windows\\System32\\RPCRT4.dll+17545|C:\\Windows\\SYSTEM32\\ntdll.dll+1adc0|C:\\Windows\\SYSTEM32\\ntdll.dll+1bc48|C:\\Windows\\System32\\KERNEL32.DLL+17e94|C:\\Windows\\SYSTEM32\\ntdll.dll+67ad1","level":"Information","task":"Process accessed (rule: ProcessAccess)","user":{"identifier":"S-1-5-18","name":"SYSTEM","domain":"NT AUTHORITY","type":"User"},"version":3,"source_name":"Microsoft-Windows-Sysmon","provider_guid":"{5770385f-c22a-43e0-bf4c-06f5698ffbd9}","type":"wineventlog","record_number":"2940091","event_data":{"SourceProcessGUID":"{aa6b4a20-e82a-5cda-0000-001013ed0000}","SourceImage":"C:\\Windows\\system32\\svchost.exe","TargetImage":"C:\\Windows\\System32\\svchost.exe","UtcTime":"2019-05-18 20:43:00.030","SourceThreadId":"4440","TargetProcessGUID":"{aa6b4a20-e83c-5cda-0000-001004e80100}","CallTrace":"C:\\Windows\\SYSTEM32\\ntdll.dll+9ea54|C:\\Windows\\System32\\KERNELBASE.dll+68985|c:\\windows\\system32\\lsm.dll+f476|C:\\Windows\\System32\\RPCRT4.dll+77863|C:\\Windows\\System32\\RPCRT4.dll+db4a6|C:\\Windows\\System32\\RPCRT4.dll+10d20|C:\\Windows\\System32\\RPCRT4.dll+54ab8|C:\\Windows\\System32\\RPCRT4.dll+30580|C:\\Windows\\System32\\RPCRT4.dll+2ff2b|C:\\Windows\\System32\\RPCRT4.dll+222df|C:\\Windows\\System32\\RPCRT4.dll+2173a|C:\\Windows\\System32\\RPCRT4.dll+20d01|C:\\Windows\\System32\\RPCRT4.dll+20772|C:\\Windows\\System32\\RPCRT4.dll+17545|C:\\Windows\\SYSTEM32\\ntdll.dll+1adc0|C:\\Windows\\SYSTEM32\\ntdll.dll+1bc48|C:\\Windows\\System32\\KERNEL32.DLL+17e94|C:\\Windows\\SYSTEM32\\ntdll.dll+67ad1","TargetProcessId":"2088","GrantedAccess":"0x1000","SourceProcessId":"860"},"beat":{"name":"WECserver","hostname":"WECserver","version":"6.7.0"}}
