{"Version":3,"Message":"Process accessed:\r\nRuleName: -\r\nUtcTime: 2020-09-04 07:30:13.135\r\nSourceProcessGUID: {3ddc5665-e7cc-5f51-1000-000000000500}\r\nSourceProcessId: 916\r\nSourceThreadId: 1808\r\nSourceImage: C:\\windows\\system32\\svchost.exe\r\nTargetProcessGUID: {3ddc5665-e7d0-5f51-5100-000000000500}\r\nTargetProcessId: 3268\r\nTargetImage: C:\\windows\\System32\\svchost.exe\r\nGrantedAccess: 0x1000\r\nCallTrace: C:\\windows\\SYSTEM32\\ntdll.dll+9c534|C:\\windows\\SYSTEM32\\psmserviceexthost.dll+222a3|C:\\windows\\SYSTEM32\\psmserviceexthost.dll+1a172|C:\\windows\\SYSTEM32\\psmserviceexthost.dll+19e3b|C:\\windows\\SYSTEM32\\psmserviceexthost.dll+19318|C:\\windows\\SYSTEM32\\ntdll.dll+3081d|C:\\windows\\SYSTEM32\\ntdll.dll+345b4|C:\\windows\\System32\\KERNEL32.DLL+17bd4|C:\\windows\\SYSTEM32\\ntdll.dll+6ce51","SourceThreadId":"1808","TargetImage":"C:\\windows\\System32\\svchost.exe","Domain":"NT AUTHORITY","TargetProcessGUID":"{3ddc5665-e7d0-5f51-5100-000000000500}","UserID":"S-1-5-18","Hostname":"WORKSTATION5.theshire.local","EventType":"INFO","SourceProcessGUID":"{3ddc5665-e7cc-5f51-1000-000000000500}","Keywords":-9223372036854775808,"AccountName":"SYSTEM","EventID":10,"ProcessId":"916","Channel":"Microsoft-Windows-Sysmon/Operational","ProviderGuid":"{5770385F-C22A-43E0-BF4C-06F5698FFBD9}","ExecutionProcessID":3080,"SourceModuleType":"im_msvistalog","TargetProcessId":"3268","AccountType":"User","SourceImage":"C:\\windows\\system32\\svchost.exe","Opcode":"Info","SourceName":"Microsoft-Windows-Sysmon","ThreadID":4344,"RecordNumber":309662,"SeverityValue":2,"SourceModuleName":"eventlog","Severity":"INFO","OpcodeValue":0,"host":"wec.internal.cloudapp.net","port":53971,"@version":"1","Category":"Process accessed (rule: ProcessAccess)","GrantedAccess":"0x1000","CallTrace":"C:\\windows\\SYSTEM32\\ntdll.dll+9c534|C:\\windows\\SYSTEM32\\psmserviceexthost.dll+222a3|C:\\windows\\SYSTEM32\\psmserviceexthost.dll+1a172|C:\\windows\\SYSTEM32\\psmserviceexthost.dll+19e3b|C:\\windows\\SYSTEM32\\psmserviceexthost.dll+19318|C:\\windows\\SYSTEM32\\ntdll.dll+3081d|C:\\windows\\SYSTEM32\\ntdll.dll+345b4|C:\\windows\\System32\\KERNEL32.DLL+17bd4|C:\\windows\\SYSTEM32\\ntdll.dll+6ce51","Task":10,"UtcTime":"2020-09-04 07:30:13.135","EventTime":"2020-09-04 03:30:13","EventReceivedTime":"2020-09-04 03:30:13","@timestamp":"2020-09-04T07:30:13.833Z","tags":["mordorDataset"],"RuleName":"-","SourceProcessId":"916"}
{"SourceModuleType":"im_msvistalog","Version":2,"Message":"Registry value set:\r\nRuleName: -\r\nEventType: SetValue\r\nUtcTime: 2020-09-04 07:30:13.151\r\nProcessGuid: {3ddc5665-e80d-5f51-2501-000000000500}\r\nProcessId: 1376\r\nImage: C:\\windows\\System32\\WindowsPowerShell\\v1.0\\powershell.exe\r\nTargetObject: HKU\\S-1-5-21-3125456671-949036322-3048627137-1104_Classes\\ms-settings\\Shell\\Open\\command\\(Default)\r\nDetails: C:\\Windows\\System32\\WindowsPowerShell\\v1.0\\powershell.exe -NoP -NonI -W Hidden -c $x=$((gp HKCU:Software\\Microsoft\\Windows Update).Update); powershell -NoP -NonI -W Hidden -enc $x","AccountType":"User","tags":["mordorDataset"],"Domain":"NT AUTHORITY","Opcode":"Info","UserID":"S-1-5-18","SourceName":"Microsoft-Windows-Sysmon","Hostname":"WORKSTATION5.theshire.local","ThreadID":4344,"EventType":"SetValue","RecordNumber":309663,"SeverityValue":2,"SourceModuleName":"eventlog","Keywords":-9223372036854775808,"Severity":"INFO","OpcodeValue":0,"AccountName":"SYSTEM","host":"wec.internal.cloudapp.net","EventID":13,"ProcessId":"1376","port":53971,"@version":"1","ProcessGuid":"{3ddc5665-e80d-5f51-2501-000000000500}","Category":"Registry value set (rule: RegistryEvent)","EventReceivedTime":"2020-09-04 03:30:13","Task":13,"UtcTime":"2020-09-04 07:30:13.151","EventTime":"2020-09-04 03:30:13","Channel":"Microsoft-Windows-Sysmon/Operational","@timestamp":"2020-09-04T07:30:13.833Z","Details":"C:\\Windows\\System32\\WindowsPowerShell\\v1.0\\powershell.exe -NoP -NonI -W Hidden -c $x=$((gp HKCU:Software\\Microsoft\\Windows Update).Update); powershell -NoP -NonI -W Hidden -enc $x","EventTypeOrignal":"INFO","ProviderGuid":"{5770385F-C22A-43E0-BF4C-06F5698FFBD9}","ExecutionProcessID":3080,"RuleName":"-","Image":"C:\\windows\\System32\\WindowsPowerShell\\v1.0\\powershell.exe","TargetObject":"HKU\\S-1-5-21-3125456671-949036322-3048627137-1104_Classes\\ms-settings\\Shell\\Open\\command\\(Default)"}
{"Version":3,"Message":"Image loaded:\r\nRuleName: -\r\nUtcTime: 2020-09-04 07:30:13.167\r\nProcessGuid: {3ddc5665-e80d-5f51-2501-000000000500}\r\nProcessId: 1376\r\nImage: C:\\Windows\\System32\\WindowsPowerShell\\v1.0\\powershell.exe\r\nImageLoaded: C:\\Windows\\System32\\propsys.dll\r\nFileVersion: 7.0.18362.815 (WinBuild.160101.0800)\r\nDescription: Microsoft Property System\r\nProduct: Windows® Search\r\nCompany: Microsoft Corporation\r\nOriginalFileName: propsys.dll\r\nHashes: SHA1=9CC7754BDE825122FB0D3DF16579BD7CC2884B8B,MD5=B6D1AA0F21AC82024879E4EE96B50B56,SHA256=AF6B7199AAB64EBDADDA63B8662878A076A343955B1CF5E9F48C98114EF52BBE,IMPHASH=0D1929519D5C1A55D02774067E6F2181\r\nSigned: true\r\nSignature: Microsoft Windows\r\nSignatureStatus: Valid","Product":"Windows® Search","Domain":"NT AUTHORITY","ImageLoaded":"C:\\Windows\\System32\\propsys.dll","UserID":"S-1-5-18","Hostname":"WORKSTATION5.theshire.local","EventType":"INFO","SignatureStatus":"Valid","Keywords":-9223372036854775808,"AccountName":"SYSTEM","EventID":7,"FileVersion":"7.0.18362.815 (WinBuild.160101.0800)","ProcessId":"1376","ProcessGuid":"{3ddc5665-e80d-5f51-2501-000000000500}","Description":"Microsoft Property System","Hashes":"SHA1=9CC7754BDE825122FB0D3DF16579BD7CC2884B8B,MD5=B6D1AA0F21AC82024879E4EE96B50B56,SHA256=AF6B7199AAB64EBDADDA63B8662878A076A343955B1CF5E9F48C98114EF52BBE,IMPHASH=0D1929519D5C1A55D02774067E6F2181","Channel":"Microsoft-Windows-Sysmon/Operational","Signature":"Microsoft Windows","ProviderGuid":"{5770385F-C22A-43E0-BF4C-06F5698FFBD9}","ExecutionProcessID":3080,"SourceModuleType":"im_msvistalog","AccountType":"User","Opcode":"Info","SourceName":"Microsoft-Windows-Sysmon","Company":"Microsoft Corporation","ThreadID":4344,"RecordNumber":309664,"SeverityValue":2,"SourceModuleName":"eventlog","Severity":"INFO","OriginalFileName":"propsys.dll","OpcodeValue":0,"host":"wec.internal.cloudapp.net","port":53971,"@version":"1","Category":"Image loaded (rule: ImageLoad)","EventReceivedTime":"2020-09-04 03:30:13","Task":7,"UtcTime":"2020-09-04 07:30:13.167","EventTime":"2020-09-04 03:30:13","@timestamp":"2020-09-04T07:30:13.833Z","tags":["mordorDataset"],"RuleName":"-","Image":"C:\\Windows\\System32\\WindowsPowerShell\\v1.0\\powershell.exe","Signed":"true"}
{"SourceModuleType":"im_msvistalog","Version":2,"Message":"Registry object added or deleted:\r\nRuleName: -\r\nEventType: CreateKey\r\nUtcTime: 2020-09-04 07:30:13.167\r\nProcessGuid: {3ddc5665-e80d-5f51-2501-000000000500}\r\nProcessId: 1376\r\nImage: C:\\windows\\System32\\WindowsPowerShell\\v1.0\\powershell.exe\r\nTargetObject: HKLM\\SOFTWARE\\Microsoft\\Windows\\CurrentVersion\\Explorer\\SyncRootManager","AccountType":"User","tags":["mordorDataset"],"Domain":"NT AUTHORITY","Opcode":"Info","UserID":"S-1-5-18","SourceName":"Microsoft-Windows-Sysmon","Hostname":"WORKSTATION5.theshire.local","ThreadID":4344,"EventType":"CreateKey","RecordNumber":309665,"SeverityValue":2,"SourceModuleName":"eventlog","Keywords":-9223372036854775808,"Severity":"INFO","OpcodeValue":0,"AccountName":"SYSTEM","host":"wec.internal.cloudapp.net","EventID":12,"ProcessId":"1376","port":53971,"@version":"1","ProcessGuid":"{3ddc5665-e80d-5f51-2501-000000000500}","Category":"Registry object added or deleted (rule: RegistryEvent)","EventReceivedTime":"2020-09-04 03:30:13","Task":12,"UtcTime":"2020-09-04 07:30:13.167","EventTime":"2020-09-04 03:30:13","Channel":"Microsoft-Windows-Sysmon/Operational","@timestamp":"2020-09-04T07:30:13.833Z","EventTypeOrignal":"INFO","ProviderGuid":"{5770385F-C22A-43E0-BF4C-06F5698FFBD9}","ExecutionProcessID":3080,"RuleName":"-","Image":"C:\\windows\\System32\\WindowsPowerShell\\v1.0\\powershell.exe","TargetObject":"HKLM\\SOFTWARE\\Microsoft\\Windows\\CurrentVersion\\Explorer\\SyncRootManager"}
{"Version":3,"Message":"Image loaded:\r\nRuleName: -\r\nUtcTime: 2020-09-04 07:30:13.167\r\nProcessGuid: {3ddc5665-e80d-5f51-2501-000000000500}\r\nProcessId: 1376\r\nImage: C:\\Windows\\System32\\WindowsPowerShell\\v1.0\\powershell.exe\r\nImageLoaded: C:\\Windows\\System32\\edputil.dll\r\nFileVersion: 10.0.18362.1 (WinBuild.160101.0800)\r\nDescription: EDP util\r\nProduct: Microsoft® Windows® Operating System\r\nCompany: Microsoft Corporation\r\nOriginalFileName: EDPUTIL.DLL\r\nHashes: SHA1=13D34F2596A43A2467CFC901CEEBE8457B7F195F,MD5=85B87A7B4F529EC541818C241B8C0F43,SHA256=2505CBAB7459C0ECD8EDDCD3E2C09827B08D718BAF197AB24BB4E69B3948A27F,IMPHASH=3173150472840D83979F027AE2D1081C\r\nSigned: true\r\nSignature: Microsoft Windows\r\nSignatureStatus: Valid","Product":"Microsoft® Windows® Operating System","Domain":"NT AUTHORITY","ImageLoaded":"C:\\Windows\\System32\\edputil.dll","UserID":"S-1-5-18","Hostname":"WORKSTATION5.theshire.local","EventType":"INFO","SignatureStatus":"Valid","Keywords":-9223372036854775808,"AccountName":"SYSTEM","EventID":7,"FileVersion":"10.0.18362.1 (WinBuild.160101.0800)","ProcessId":"1376","ProcessGuid":"{3ddc5665-e80d-5f51-2501-000000000500}","Description":"EDP util","Hashes":"SHA1=13D34F2596A43A2467CFC901CEEBE8457B7F195F,MD5=85B87A7B4F529EC541818C241B8C0F43,SHA256=2505CBAB7459C0ECD8EDDCD3E2C09827B08D718BAF197AB24BB4E69B3948A27F,IMPHASH=3173150472840D83979F027AE2D1081C","Channel":"Microsoft-Windows-Sysmon/Operational","Signature":"Microsoft Windows","ProviderGuid":"{5770385F-C22A-43E0-BF4C-06F5698FFBD9}","ExecutionProcessID":3080,"SourceModuleType":"im_msvistalog","AccountType":"User","Opcode":"Info","SourceName":"Microsoft-Windows-Sysmon","Company":"Microsoft Corporation","ThreadID":4344,"RecordNumber":309666,"SeverityValue":2,"SourceModuleName":"eventlog","Severity":"INFO","OriginalFileName":"EDPUTIL.DLL","OpcodeValue":0,"host":"wec.internal.cloudapp.net","port":53971,"@version":"1","Category":"Image loaded (rule: ImageLoad)","EventReceivedTime":"2020-09-04 03:30:13","Task":7,"UtcTime":"2020-09-04 07:30:13.167","EventTime":"2020-09-04 03:30:13","@timestamp":"2020-09-04T07:30:13.833Z","tags":["mordorDataset"],"RuleName":"-","Image":"C:\\Windows\\System32\\WindowsPowerShell\\v1.0\\powershell.exe","Signed":"true"}
{"Version":3,"Message":"Image loaded:\r\nRuleName: -\r\nUtcTime: 2020-09-04 07:30:13.182\r\nProcessGuid: {3ddc5665-e80d-5f51-2501-000000000500}\r\nProcessId: 1376\r\nImage: C:\\Windows\\System32\\WindowsPowerShell\\v1.0\\powershell.exe\r\nImageLoaded: C:\\Windows\\System32\\Windows.StateRepositoryPS.dll\r\nFileVersion: 10.0.18362.1016 (WinBuild.160101.0800)\r\nDescription: Windows StateRepository Proxy/Stub Server\r\nProduct: Microsoft® Windows® Operating System\r\nCompany: Microsoft Corporation\r\nOriginalFileName: Windows.StateRepositoryPS.dll\r\nHashes: SHA1=EE125E290D08E383FF4B35683221C22E6A006C41,MD5=DE01BC7AAFFD59448514D69CAF3DFCAA,SHA256=2053077D998F88D9098D1D76CB866A16960937FD41D18144A446EEC290AA956C,IMPHASH=A39887077F3ADC1F3BE7B73D8983927E\r\nSigned: true\r\nSignature: Microsoft Windows\r\nSignatureStatus: Valid","Product":"Microsoft® Windows® Operating System","Domain":"NT AUTHORITY","ImageLoaded":"C:\\Windows\\System32\\Windows.StateRepositoryPS.dll","UserID":"S-1-5-18","Hostname":"WORKSTATION5.theshire.local","EventType":"INFO","SignatureStatus":"Valid","Keywords":-9223372036854775808,"AccountName":"SYSTEM","EventID":7,"FileVersion":"10.0.18362.1016 (WinBuild.160101.0800)","ProcessId":"1376","ProcessGuid":"{3ddc5665-e80d-5f51-2501-000000000500}","Description":"Windows StateRepository Proxy/Stub Server","Hashes":"SHA1=EE125E290D08E383FF4B35683221C22E6A006C41,MD5=DE01BC7AAFFD59448514D69CAF3DFCAA,SHA256=2053077D998F88D9098D1D76CB866A16960937FD41D18144A446EEC290AA956C,IMPHASH=A39887077F3ADC1F3BE7B73D8983927E","Channel":"Microsoft-Windows-Sysmon/Operational","Signature":"Microsoft Windows","ProviderGuid":"{5770385F-C22A-43E0-BF4C-06F5698FFBD9}","ExecutionProcessID":3080,"SourceModuleType":"im_msvistalog","AccountType":"User","Opcode":"Info","SourceName":"Microsoft-Windows-Sysmon","Company":"Microsoft Corporation","ThreadID":4344,"RecordNumber":309667,"SeverityValue":2,"SourceModuleName":"eventlog","Severity":"INFO","OriginalFileName":"Windows.StateRepositoryPS.dll","OpcodeValue":0,"host":"wec.internal.cloudapp.net","port":53971,"@version":"1","Category":"Image loaded (rule: ImageLoad)","EventReceivedTime":"2020-09-04 03:30:13","Task":7,"UtcTime":"2020-09-04 07:30:13.182","EventTime":"2020-09-04 03:30:13","@timestamp":"2020-09-04T07:30:13.833Z","tags":["mordorDataset"],"RuleName":"-","Image":"C:\\Windows\\System32\\WindowsPowerShell\\v1.0\\powershell.exe","Signed":"true"}
{"Version":3,"Message":"Process accessed:\r\nRuleName: -\r\nUtcTime: 2020-09-04 07:30:13.182\r\nSourceProcessGUID: {3ddc5665-e7db-5f51-7200-000000000500}\r\nSourceProcessId: 3948\r\nSourceThreadId: 2700\r\nSourceImage: C:\\windows\\system32\\svchost.exe\r\nTargetProcessGUID: {3ddc5665-e80d-5f51-2501-000000000500}\r\nTargetProcessId: 1376\r\nTargetImage: C:\\windows\\System32\\WindowsPowerShell\\v1.0\\powershell.exe\r\nGrantedAccess: 0x1000\r\nCallTrace: C:\\windows\\SYSTEM32\\ntdll.dll+9d104|C:\\windows\\System32\\RPCRT4.dll+2d2c4|C:\\windows\\System32\\combase.dll+b7e2b|c:\\windows\\system32\\windows.staterepository.dll+223f5|c:\\windows\\system32\\windows.staterepository.dll+23465|C:\\windows\\System32\\RPCRT4.dll+76953|C:\\windows\\System32\\RPCRT4.dll+da036|C:\\windows\\System32\\RPCRT4.dll+38289|C:\\windows\\System32\\combase.dll+a5813|C:\\windows\\System32\\RPCRT4.dll+59a7b|C:\\windows\\System32\\combase.dll+8ccc3|C:\\windows\\System32\\combase.dll+8cab3|C:\\windows\\System32\\combase.dll+a9056|C:\\windows\\System32\\combase.dll+8a0da|C:\\windows\\System32\\combase.dll+a42ed|C:\\windows\\System32\\combase.dll+3fdbc|C:\\windows\\System32\\combase.dll+40621|C:\\windows\\System32\\combase.dll+41dc8|C:\\windows\\System32\\RPCRT4.dll+548c8|C:\\windows\\System32\\RPCRT4.dll+2c921|C:\\windows\\System32\\RPCRT4.dll+2c470|C:\\windows\\System32\\RPCRT4.dll+1a6bf|C:\\windows\\System32\\RPCRT4.dll+19d1a|C:\\windows\\System32\\RPCRT4.dll+19301","SourceThreadId":"2700","TargetImage":"C:\\windows\\System32\\WindowsPowerShell\\v1.0\\powershell.exe","Domain":"NT AUTHORITY","TargetProcessGUID":"{3ddc5665-e80d-5f51-2501-000000000500}","UserID":"S-1-5-18","Hostname":"WORKSTATION5.theshire.local","EventType":"INFO","SourceProcessGUID":"{3ddc5665-e7db-5f51-7200-000000000500}","Keywords":-9223372036854775808,"AccountName":"SYSTEM","EventID":10,"ProcessId":"3948","Channel":"Microsoft-Windows-Sysmon/Operational","ProviderGuid":"{5770385F-C22A-43E0-BF4C-06F5698FFBD9}","ExecutionProcessID":3080,"SourceModuleType":"im_msvistalog","TargetProcessId":"1376","AccountType":"User","SourceImage":"C:\\windows\\system32\\svchost.exe","Opcode":"Info","SourceName":"Microsoft-Windows-Sysmon","ThreadID":4344,"RecordNumber":309668,"SeverityValue":2,"SourceModuleName":"eventlog","Severity":"INFO","OpcodeValue":0,"host":"wec.internal.cloudapp.net","port":53971,"@version":"1","Category":"Process accessed (rule: ProcessAccess)","GrantedAccess":"0x1000","CallTrace":"C:\\windows\\SYSTEM32\\ntdll.dll+9d104|C:\\windows\\System32\\RPCRT4.dll+2d2c4|C:\\windows\\System32\\combase.dll+b7e2b|c:\\windows\\system32\\windows.staterepository.dll+223f5|c:\\windows\\system32\\windows.staterepository.dll+23465|C:\\windows\\System32\\RPCRT4.dll+76953|C:\\windows\\System32\\RPCRT4.dll+da036|C:\\windows\\System32\\RPCRT4.dll+38289|C:\\windows\\System32\\combase.dll+a5813|C:\\windows\\System32\\RPCRT4.dll+59a7b|C:\\windows\\System32\\combase.dll+8ccc3|C:\\windows\\System32\\combase.dll+8cab3|C:\\windows\\System32\\combase.dll+a9056|C:\\windows\\System32\\combase.dll+8a0da|C:\\windows\\System32\\combase.dll+a42ed|C:\\windows\\System32\\combase.dll+3fdbc|C:\\windows\\System32\\combase.dll+40621|C:\\windows\\System32\\combase.dll+41dc8|C:\\windows\\System32\\RPCRT4.dll+548c8|C:\\windows\\System32\\RPCRT4.dll+2c921|C:\\windows\\System32\\RPCRT4.dll+2c470|C:\\windows\\System32\\RPCRT4.dll+1a6bf|C:\\windows\\System32\\RPCRT4.dll+19d1a|C:\\windows\\System32\\RPCRT4.dll+19301","Task":10,"UtcTime":"2020-09-04 07:30:13.182","EventTime":"2020-09-04 03:30:13","EventReceivedTime":"2020-09-04 03:30:13","@timestamp":"2020-09-04T07:30:13.833Z","tags":["mordorDataset"],"RuleName":"-","SourceProcessId":"3948"}
{"Version":3,"Message":"Image loaded:\r\nRuleName: -\r\nUtcTime: 2020-09-04 07:30:13.182\r\nProcessGuid: {3ddc5665-e80d-5f51-2501-000000000500}\r\nProcessId: 1376\r\nImage: C:\\Windows\\System32\\WindowsPowerShell\\v1.0\\powershell.exe\r\nImageLoaded: C:\\Windows\\System32\\urlmon.dll\r\nFileVersion: 11.00.18362.815 (WinBuild.160101.0800)\r\nDescription: OLE32 Extensions for Win32\r\nProduct: Internet Explorer\r\nCompany: Microsoft Corporation\r\nOriginalFileName: UrlMon.dll\r\nHashes: SHA1=2EA4577B34C0955C4E16D6D67DF5F078DF142E7B,MD5=485794D66DD54BEC3E2540D886DF1F38,SHA256=FD3852EFFA554A3ACFDBEA5745E22D338DA3326F45943AD0F97290D6E02B6AB0,IMPHASH=75660DEE439E0444CAA3BB74E19C02F0\r\nSigned: true\r\nSignature: Microsoft Windows\r\nSignatureStatus: Valid","Product":"Internet Explorer","Domain":"NT AUTHORITY","ImageLoaded":"C:\\Windows\\System32\\urlmon.dll","UserID":"S-1-5-18","Hostname":"WORKSTATION5.theshire.local","EventType":"INFO","SignatureStatus":"Valid","Keywords":-9223372036854775808,"AccountName":"SYSTEM","EventID":7,"FileVersion":"11.00.18362.815 (WinBuild.160101.0800)","ProcessId":"1376","ProcessGuid":"{3ddc5665-e80d-5f51-2501-000000000500}","Description":"OLE32 Extensions for Win32","Hashes":"SHA1=2EA4577B34C0955C4E16D6D67DF5F078DF142E7B,MD5=485794D66DD54BEC3E2540D886DF1F38,SHA256=FD3852EFFA554A3ACFDBEA5745E22D338DA3326F45943AD0F97290D6E02B6AB0,IMPHASH=75660DEE439E0444CAA3BB74E19C02F0","Channel":"Microsoft-Windows-Sysmon/Operational","Signature":"Microsoft Windows","ProviderGuid":"{5770385F-C22A-43E0-BF4C-06F5698FFBD9}","ExecutionProcessID":3080,"SourceModuleType":"im_msvistalog","AccountType":"User","Opcode":"Info","SourceName":"Microsoft-Windows-Sysmon","Company":"Microsoft Corporation","ThreadID":4344,"RecordNumber":309669,"SeverityValue":2,"SourceModuleName":"eventlog","Severity":"INFO","OriginalFileName":"UrlMon.dll","OpcodeValue":0,"host":"wec.internal.cloudapp.net","port":53971,"@version":"1","Category":"Image loaded (rule: ImageLoad)","EventReceivedTime":"2020-09-04 03:30:13","Task":7,"UtcTime":"2020-09-04 07:30:13.182","EventTime":"2020-09-04 03:30:13","@timestamp":"2020-09-04T07:30:13.833Z","tags":["mordorDataset"],"RuleName":"-","Image":"C:\\Windows\\System32\\WindowsPowerShell\\v1.0\\powershell.exe","Signed":"true"}
{"Version":3,"Message":"Image loaded:\r\nRuleName: -\r\nUtcTime: 2020-09-04 07:30:13.182\r\nProcessGuid: {3ddc5665-e80d-5f51-2501-000000000500}\r\nProcessId: 1376\r\nImage: C:\\Windows\\System32\\WindowsPowerShell\\v1.0\\powershell.exe\r\nImageLoaded: C:\\Windows\\System32\\iertutil.dll\r\nFileVersion: 11.00.18362.815 (WinBuild.160101.0800)\r\nDescription: Run time utility for Internet Explorer\r\nProduct: Internet Explorer\r\nCompany: Microsoft Corporation\r\nOriginalFileName: IeRtUtil.dll\r\nHashes: SHA1=7141B881EA92B245767ACA3DE8BFED42C89273F1,MD5=68C37A5F17D55E9C3A64390BDF866A38,SHA256=7EA42F0D91938C58D59A7A665BA702726CBC45357CFFAFB9D5FF6B380E415EA6,IMPHASH=8A91E12AED8A0B282C3E51CA39DEC3F4\r\nSigned: true\r\nSignature: Microsoft Windows\r\nSignatureStatus: Valid","Product":"Internet Explorer","Domain":"NT AUTHORITY","ImageLoaded":"C:\\Windows\\System32\\iertutil.dll","UserID":"S-1-5-18","Hostname":"WORKSTATION5.theshire.local","EventType":"INFO","SignatureStatus":"Valid","Keywords":-9223372036854775808,"AccountName":"SYSTEM","EventID":7,"FileVersion":"11.00.18362.815 (WinBuild.160101.0800)","ProcessId":"1376","ProcessGuid":"{3ddc5665-e80d-5f51-2501-000000000500}","Description":"Run time utility for Internet Explorer","Hashes":"SHA1=7141B881EA92B245767ACA3DE8BFED42C89273F1,MD5=68C37A5F17D55E9C3A64390BDF866A38,SHA256=7EA42F0D91938C58D59A7A665BA702726CBC45357CFFAFB9D5FF6B380E415EA6,IMPHASH=8A91E12AED8A0B282C3E51CA39DEC3F4","Channel":"Microsoft-Windows-Sysmon/Operational","Signature":"Microsoft Windows","ProviderGuid":"{5770385F-C22A-43E0-BF4C-06F5698FFBD9}","ExecutionProcessID":3080,"SourceModuleType":"im_msvistalog","AccountType":"User","Opcode":"Info","SourceName":"Microsoft-Windows-Sysmon","Company":"Microsoft Corporation","ThreadID":4344,"RecordNumber":309670,"SeverityValue":2,"SourceModuleName":"eventlog","Severity":"INFO","OriginalFileName":"IeRtUtil.dll","OpcodeValue":0,"host":"wec.internal.cloudapp.net","port":53971,"@version":"1","Category":"Image loaded (rule: ImageLoad)","EventReceivedTime":"2020-09-04 03:30:13","Task":7,"UtcTime":"2020-09-04 07:30:13.182","EventTime":"2020-09-04 03:30:13","@timestamp":"2020-09-04T07:30:13.833Z","tags":["mordorDataset"],"RuleName":"-","Image":"C:\\Windows\\System32\\WindowsPowerShell\\v1.0\\powershell.exe","Signed":"true"}
{"SourceModuleType":"im_msvistalog","Version":2,"Message":"Registry object added or deleted:\r\nRuleName: -\r\nEventType: CreateKey\r\nUtcTime: 2020-09-04 07:30:13.182\r\nProcessGuid: {3ddc5665-e80d-5f51-2501-000000000500}\r\nProcessId: 1376\r\nImage: C:\\windows\\System32\\WindowsPowerShell\\v1.0\\powershell.exe\r\nTargetObject: HKU\\S-1-5-21-3125456671-949036322-3048627137-1104\\Software\\Microsoft\\Windows\\CurrentVersion\\Internet Settings\\ZoneMap","AccountType":"User","tags":["mordorDataset"],"Domain":"NT AUTHORITY","Opcode":"Info","UserID":"S-1-5-18","SourceName":"Microsoft-Windows-Sysmon","Hostname":"WORKSTATION5.theshire.local","ThreadID":4344,"EventType":"CreateKey","RecordNumber":309671,"SeverityValue":2,"SourceModuleName":"eventlog","Keywords":-9223372036854775808,"Severity":"INFO","OpcodeValue":0,"AccountName":"SYSTEM","host":"wec.internal.cloudapp.net","EventID":12,"ProcessId":"1376","port":53971,"@version":"1","ProcessGuid":"{3ddc5665-e80d-5f51-2501-000000000500}","Category":"Registry object added or deleted (rule: RegistryEvent)","EventReceivedTime":"2020-09-04 03:30:13","Task":12,"UtcTime":"2020-09-04 07:30:13.182","EventTime":"2020-09-04 03:30:13","Channel":"Microsoft-Windows-Sysmon/Operational","@timestamp":"2020-09-04T07:30:13.833Z","EventTypeOrignal":"INFO","ProviderGuid":"{5770385F-C22A-43E0-BF4C-06F5698FFBD9}","ExecutionProcessID":3080,"RuleName":"-","Image":"C:\\windows\\System32\\WindowsPowerShell\\v1.0\\powershell.exe","TargetObject":"HKU\\S-1-5-21-3125456671-949036322-3048627137-1104\\Software\\Microsoft\\Windows\\CurrentVersion\\Internet Settings\\ZoneMap"}
{"SourceModuleType":"im_msvistalog","Version":2,"Message":"Registry value set:\r\nRuleName: -\r\nEventType: SetValue\r\nUtcTime: 2020-09-04 07:30:13.182\r\nProcessGuid: {3ddc5665-e80d-5f51-2501-000000000500}\r\nProcessId: 1376\r\nImage: C:\\windows\\System32\\WindowsPowerShell\\v1.0\\powershell.exe\r\nTargetObject: HKU\\S-1-5-21-3125456671-949036322-3048627137-1104\\Software\\Microsoft\\Windows\\CurrentVersion\\Internet Settings\\ZoneMap\\ProxyBypass\r\nDetails: DWORD (0x00000001)","AccountType":"User","tags":["mordorDataset"],"Domain":"NT AUTHORITY","Opcode":"Info","UserID":"S-1-5-18","SourceName":"Microsoft-Windows-Sysmon","Hostname":"WORKSTATION5.theshire.local","ThreadID":4344,"EventType":"SetValue","RecordNumber":309672,"SeverityValue":2,"SourceModuleName":"eventlog","Keywords":-9223372036854775808,"Severity":"INFO","OpcodeValue":0,"AccountName":"SYSTEM","host":"wec.internal.cloudapp.net","EventID":13,"ProcessId":"1376","port":53971,"@version":"1","ProcessGuid":"{3ddc5665-e80d-5f51-2501-000000000500}","Category":"Registry value set (rule: RegistryEvent)","EventReceivedTime":"2020-09-04 03:30:13","Task":13,"UtcTime":"2020-09-04 07:30:13.182","EventTime":"2020-09-04 03:30:13","Channel":"Microsoft-Windows-Sysmon/Operational","@timestamp":"2020-09-04T07:30:13.833Z","Details":"DWORD (0x00000001)","EventTypeOrignal":"INFO","ProviderGuid":"{5770385F-C22A-43E0-BF4C-06F5698FFBD9}","ExecutionProcessID":3080,"RuleName":"-","Image":"C:\\windows\\System32\\WindowsPowerShell\\v1.0\\powershell.exe","TargetObject":"HKU\\S-1-5-21-3125456671-949036322-3048627137-1104\\Software\\Microsoft\\Windows\\CurrentVersion\\Internet Settings\\ZoneMap\\ProxyBypass"}
{"SourceModuleType":"im_msvistalog","Version":2,"Message":"Registry value set:\r\nRuleName: -\r\nEventType: SetValue\r\nUtcTime: 2020-09-04 07:30:13.182\r\nProcessGuid: {3ddc5665-e80d-5f51-2501-000000000500}\r\nProcessId: 1376\r\nImage: C:\\windows\\System32\\WindowsPowerShell\\v1.0\\powershell.exe\r\nTargetObject: HKU\\S-1-5-21-3125456671-949036322-3048627137-1104\\Software\\Microsoft\\Windows\\CurrentVersion\\Internet Settings\\ZoneMap\\IntranetName\r\nDetails: DWORD (0x00000001)","AccountType":"User","tags":["mordorDataset"],"Domain":"NT AUTHORITY","Opcode":"Info","UserID":"S-1-5-18","SourceName":"Microsoft-Windows-Sysmon","Hostname":"WORKSTATION5.theshire.local","ThreadID":4344,"EventType":"SetValue","RecordNumber":309673,"SeverityValue":2,"SourceModuleName":"eventlog","Keywords":-9223372036854775808,"Severity":"INFO","OpcodeValue":0,"AccountName":"SYSTEM","host":"wec.internal.cloudapp.net","EventID":13,"ProcessId":"1376","port":53971,"@version":"1","ProcessGuid":"{3ddc5665-e80d-5f51-2501-000000000500}","Category":"Registry value set (rule: RegistryEvent)","EventReceivedTime":"2020-09-04 03:30:13","Task":13,"UtcTime":"2020-09-04 07:30:13.182","EventTime":"2020-09-04 03:30:13","Channel":"Microsoft-Windows-Sysmon/Operational","@timestamp":"2020-09-04T07:30:13.834Z","Details":"DWORD (0x00000001)","EventTypeOrignal":"INFO","ProviderGuid":"{5770385F-C22A-43E0-BF4C-06F5698FFBD9}","ExecutionProcessID":3080,"RuleName":"-","Image":"C:\\windows\\System32\\WindowsPowerShell\\v1.0\\powershell.exe","TargetObject":"HKU\\S-1-5-21-3125456671-949036322-3048627137-1104\\Software\\Microsoft\\Windows\\CurrentVersion\\Internet Settings\\ZoneMap\\IntranetName"}
{"SourceModuleType":"im_msvistalog","Version":2,"Message":"Registry value set:\r\nRuleName: -\r\nEventType: SetValue\r\nUtcTime: 2020-09-04 07:30:13.182\r\nProcessGuid: {3ddc5665-e80d-5f51-2501-000000000500}\r\nProcessId: 1376\r\nImage: C:\\windows\\System32\\WindowsPowerShell\\v1.0\\powershell.exe\r\nTargetObject: HKU\\S-1-5-21-3125456671-949036322-3048627137-1104\\Software\\Microsoft\\Windows\\CurrentVersion\\Internet Settings\\ZoneMap\\UNCAsIntranet\r\nDetails: DWORD (0x00000001)","AccountType":"User","tags":["mordorDataset"],"Domain":"NT AUTHORITY","Opcode":"Info","UserID":"S-1-5-18","SourceName":"Microsoft-Windows-Sysmon","Hostname":"WORKSTATION5.theshire.local","ThreadID":4344,"EventType":"SetValue","RecordNumber":309674,"SeverityValue":2,"SourceModuleName":"eventlog","Keywords":-9223372036854775808,"Severity":"INFO","OpcodeValue":0,"AccountName":"SYSTEM","host":"wec.internal.cloudapp.net","EventID":13,"ProcessId":"1376","port":53971,"@version":"1","ProcessGuid":"{3ddc5665-e80d-5f51-2501-000000000500}","Category":"Registry value set (rule: RegistryEvent)","EventReceivedTime":"2020-09-04 03:30:13","Task":13,"UtcTime":"2020-09-04 07:30:13.182","EventTime":"2020-09-04 03:30:13","Channel":"Microsoft-Windows-Sysmon/Operational","@timestamp":"2020-09-04T07:30:13.834Z","Details":"DWORD (0x00000001)","EventTypeOrignal":"INFO","ProviderGuid":"{5770385F-C22A-43E0-BF4C-06F5698FFBD9}","ExecutionProcessID":3080,"RuleName":"-","Image":"C:\\windows\\System32\\WindowsPowerShell\\v1.0\\powershell.exe","TargetObject":"HKU\\S-1-5-21-3125456671-949036322-3048627137-1104\\Software\\Microsoft\\Windows\\CurrentVersion\\Internet Settings\\ZoneMap\\UNCAsIntranet"}
{"SourceModuleType":"im_msvistalog","Version":2,"Message":"Registry value set:\r\nRuleName: -\r\nEventType: SetValue\r\nUtcTime: 2020-09-04 07:30:13.182\r\nProcessGuid: {3ddc5665-e80d-5f51-2501-000000000500}\r\nProcessId: 1376\r\nImage: C:\\windows\\System32\\WindowsPowerShell\\v1.0\\powershell.exe\r\nTargetObject: HKU\\S-1-5-21-3125456671-949036322-3048627137-1104\\Software\\Microsoft\\Windows\\CurrentVersion\\Internet Settings\\ZoneMap\\AutoDetect\r\nDetails: DWORD (0x00000000)","AccountType":"User","tags":["mordorDataset"],"Domain":"NT AUTHORITY","Opcode":"Info","UserID":"S-1-5-18","SourceName":"Microsoft-Windows-Sysmon","Hostname":"WORKSTATION5.theshire.local","ThreadID":4344,"EventType":"SetValue","RecordNumber":309675,"SeverityValue":2,"SourceModuleName":"eventlog","Keywords":-9223372036854775808,"Severity":"INFO","OpcodeValue":0,"AccountName":"SYSTEM","host":"wec.internal.cloudapp.net","EventID":13,"ProcessId":"1376","port":53971,"@version":"1","ProcessGuid":"{3ddc5665-e80d-5f51-2501-000000000500}","Category":"Registry value set (rule: RegistryEvent)","EventReceivedTime":"2020-09-04 03:30:13","Task":13,"UtcTime":"2020-09-04 07:30:13.182","EventTime":"2020-09-04 03:30:13","Channel":"Microsoft-Windows-Sysmon/Operational","@timestamp":"2020-09-04T07:30:13.835Z","Details":"DWORD (0x00000000)","EventTypeOrignal":"INFO","ProviderGuid":"{5770385F-C22A-43E0-BF4C-06F5698FFBD9}","ExecutionProcessID":3080,"RuleName":"-","Image":"C:\\windows\\System32\\WindowsPowerShell\\v1.0\\powershell.exe","TargetObject":"HKU\\S-1-5-21-3125456671-949036322-3048627137-1104\\Software\\Microsoft\\Windows\\CurrentVersion\\Internet Settings\\ZoneMap\\AutoDetect"}
{"SourceModuleType":"im_msvistalog","Version":2,"Message":"Registry value set:\r\nRuleName: -\r\nEventType: SetValue\r\nUtcTime: 2020-09-04 07:30:13.182\r\nProcessGuid: {3ddc5665-e80d-5f51-2501-000000000500}\r\nProcessId: 1376\r\nImage: C:\\windows\\System32\\WindowsPowerShell\\v1.0\\powershell.exe\r\nTargetObject: HKU\\S-1-5-21-3125456671-949036322-3048627137-1104\\Software\\Microsoft\\Windows\\CurrentVersion\\Internet Settings\\ZoneMap\\ProxyBypass\r\nDetails: DWORD (0x00000001)","AccountType":"User","tags":["mordorDataset"],"Domain":"NT AUTHORITY","Opcode":"Info","UserID":"S-1-5-18","SourceName":"Microsoft-Windows-Sysmon","Hostname":"WORKSTATION5.theshire.local","ThreadID":4344,"EventType":"SetValue","RecordNumber":309676,"SeverityValue":2,"SourceModuleName":"eventlog","Keywords":-9223372036854775808,"Severity":"INFO","OpcodeValue":0,"AccountName":"SYSTEM","host":"wec.internal.cloudapp.net","EventID":13,"ProcessId":"1376","port":53971,"@version":"1","ProcessGuid":"{3ddc5665-e80d-5f51-2501-000000000500}","Category":"Registry value set (rule: RegistryEvent)","EventReceivedTime":"2020-09-04 03:30:13","Task":13,"UtcTime":"2020-09-04 07:30:13.182","EventTime":"2020-09-04 03:30:13","Channel":"Microsoft-Windows-Sysmon/Operational","@timestamp":"2020-09-04T07:30:13.835Z","Details":"DWORD (0x00000001)","EventTypeOrignal":"INFO","ProviderGuid":"{5770385F-C22A-43E0-BF4C-06F5698FFBD9}","ExecutionProcessID":3080,"RuleName":"-","Image":"C:\\windows\\System32\\WindowsPowerShell\\v1.0\\powershell.exe","TargetObject":"HKU\\S-1-5-21-3125456671-949036322-3048627137-1104\\Software\\Microsoft\\Windows\\CurrentVersion\\Internet Settings\\ZoneMap\\ProxyBypass"}
{"SourceModuleType":"im_msvistalog","Version":2,"Message":"Registry value set:\r\nRuleName: -\r\nEventType: SetValue\r\nUtcTime: 2020-09-04 07:30:13.182\r\nProcessGuid: {3ddc5665-e80d-5f51-2501-000000000500}\r\nProcessId: 1376\r\nImage: C:\\windows\\System32\\WindowsPowerShell\\v1.0\\powershell.exe\r\nTargetObject: HKU\\S-1-5-21-3125456671-949036322-3048627137-1104\\Software\\Microsoft\\Windows\\CurrentVersion\\Internet Settings\\ZoneMap\\IntranetName\r\nDetails: DWORD (0x00000001)","AccountType":"User","tags":["mordorDataset"],"Domain":"NT AUTHORITY","Opcode":"Info","UserID":"S-1-5-18","SourceName":"Microsoft-Windows-Sysmon","Hostname":"WORKSTATION5.theshire.local","ThreadID":4344,"EventType":"SetValue","RecordNumber":309677,"SeverityValue":2,"SourceModuleName":"eventlog","Keywords":-9223372036854775808,"Severity":"INFO","OpcodeValue":0,"AccountName":"SYSTEM","host":"wec.internal.cloudapp.net","EventID":13,"ProcessId":"1376","port":53971,"@version":"1","ProcessGuid":"{3ddc5665-e80d-5f51-2501-000000000500}","Category":"Registry value set (rule: RegistryEvent)","EventReceivedTime":"2020-09-04 03:30:13","Task":13,"UtcTime":"2020-09-04 07:30:13.182","EventTime":"2020-09-04 03:30:13","Channel":"Microsoft-Windows-Sysmon/Operational","@timestamp":"2020-09-04T07:30:13.835Z","Details":"DWORD (0x00000001)","EventTypeOrignal":"INFO","ProviderGuid":"{5770385F-C22A-43E0-BF4C-06F5698FFBD9}","ExecutionProcessID":3080,"RuleName":"-","Image":"C:\\windows\\System32\\WindowsPowerShell\\v1.0\\powershell.exe","TargetObject":"HKU\\S-1-5-21-3125456671-949036322-3048627137-1104\\Software\\Microsoft\\Windows\\CurrentVersion\\Internet Settings\\ZoneMap\\IntranetName"}
{"SourceModuleType":"im_msvistalog","Version":2,"Message":"Registry value set:\r\nRuleName: -\r\nEventType: SetValue\r\nUtcTime: 2020-09-04 07:30:13.182\r\nProcessGuid: {3ddc5665-e80d-5f51-2501-000000000500}\r\nProcessId: 1376\r\nImage: C:\\windows\\System32\\WindowsPowerShell\\v1.0\\powershell.exe\r\nTargetObject: HKU\\S-1-5-21-3125456671-949036322-3048627137-1104\\Software\\Microsoft\\Windows\\CurrentVersion\\Internet Settings\\ZoneMap\\UNCAsIntranet\r\nDetails: DWORD (0x00000001)","AccountType":"User","tags":["mordorDataset"],"Domain":"NT AUTHORITY","Opcode":"Info","UserID":"S-1-5-18","SourceName":"Microsoft-Windows-Sysmon","Hostname":"WORKSTATION5.theshire.local","ThreadID":4344,"EventType":"SetValue","RecordNumber":309678,"SeverityValue":2,"SourceModuleName":"eventlog","Keywords":-9223372036854775808,"Severity":"INFO","OpcodeValue":0,"AccountName":"SYSTEM","host":"wec.internal.cloudapp.net","EventID":13,"ProcessId":"1376","port":53971,"@version":"1","ProcessGuid":"{3ddc5665-e80d-5f51-2501-000000000500}","Category":"Registry value set (rule: RegistryEvent)","EventReceivedTime":"2020-09-04 03:30:13","Task":13,"UtcTime":"2020-09-04 07:30:13.182","EventTime":"2020-09-04 03:30:13","Channel":"Microsoft-Windows-Sysmon/Operational","@timestamp":"2020-09-04T07:30:13.836Z","Details":"DWORD (0x00000001)","EventTypeOrignal":"INFO","ProviderGuid":"{5770385F-C22A-43E0-BF4C-06F5698FFBD9}","ExecutionProcessID":3080,"RuleName":"-","Image":"C:\\windows\\System32\\WindowsPowerShell\\v1.0\\powershell.exe","TargetObject":"HKU\\S-1-5-21-3125456671-949036322-3048627137-1104\\Software\\Microsoft\\Windows\\CurrentVersion\\Internet Settings\\ZoneMap\\UNCAsIntranet"}
{"SourceModuleType":"im_msvistalog","Version":2,"Message":"Registry value set:\r\nRuleName: -\r\nEventType: SetValue\r\nUtcTime: 2020-09-04 07:30:13.182\r\nProcessGuid: {3ddc5665-e80d-5f51-2501-000000000500}\r\nProcessId: 1376\r\nImage: C:\\windows\\System32\\WindowsPowerShell\\v1.0\\powershell.exe\r\nTargetObject: HKU\\S-1-5-21-3125456671-949036322-3048627137-1104\\Software\\Microsoft\\Windows\\CurrentVersion\\Internet Settings\\ZoneMap\\AutoDetect\r\nDetails: DWORD (0x00000000)","AccountType":"User","tags":["mordorDataset"],"Domain":"NT AUTHORITY","Opcode":"Info","UserID":"S-1-5-18","SourceName":"Microsoft-Windows-Sysmon","Hostname":"WORKSTATION5.theshire.local","ThreadID":4344,"EventType":"SetValue","RecordNumber":309679,"SeverityValue":2,"SourceModuleName":"eventlog","Keywords":-9223372036854775808,"Severity":"INFO","OpcodeValue":0,"AccountName":"SYSTEM","host":"wec.internal.cloudapp.net","EventID":13,"ProcessId":"1376","port":53971,"@version":"1","ProcessGuid":"{3ddc5665-e80d-5f51-2501-000000000500}","Category":"Registry value set (rule: RegistryEvent)","EventReceivedTime":"2020-09-04 03:30:13","Task":13,"UtcTime":"2020-09-04 07:30:13.182","EventTime":"2020-09-04 03:30:13","Channel":"Microsoft-Windows-Sysmon/Operational","@timestamp":"2020-09-04T07:30:13.836Z","Details":"DWORD (0x00000000)","EventTypeOrignal":"INFO","ProviderGuid":"{5770385F-C22A-43E0-BF4C-06F5698FFBD9}","ExecutionProcessID":3080,"RuleName":"-","Image":"C:\\windows\\System32\\WindowsPowerShell\\v1.0\\powershell.exe","TargetObject":"HKU\\S-1-5-21-3125456671-949036322-3048627137-1104\\Software\\Microsoft\\Windows\\CurrentVersion\\Internet Settings\\ZoneMap\\AutoDetect"}
{"Version":3,"Message":"Image loaded:\r\nRuleName: -\r\nUtcTime: 2020-09-04 07:30:13.182\r\nProcessGuid: {3ddc5665-e80d-5f51-2501-000000000500}\r\nProcessId: 1376\r\nImage: C:\\Windows\\System32\\WindowsPowerShell\\v1.0\\powershell.exe\r\nImageLoaded: C:\\Windows\\System32\\cldapi.dll\r\nFileVersion: 10.0.18362.1 (WinBuild.160101.0800)\r\nDescription: Cloud API user mode API\r\nProduct: Microsoft® Windows® Operating System\r\nCompany: Microsoft Corporation\r\nOriginalFileName: cldapi.dll\r\nHashes: SHA1=1FEE5F8E9F4073DE0AAC2847613086868C28FA75,MD5=A0F67438C0D5CB82C8CF41EC02F3F486,SHA256=00015FA066E590A25F190B53DA7A7D0E150140C6DB70D1DC895A7BD91CF2D5D9,IMPHASH=0FF388423A7E604F50714D7928F133B9\r\nSigned: true\r\nSignature: Microsoft Windows\r\nSignatureStatus: Valid","Product":"Microsoft® Windows® Operating System","Domain":"NT AUTHORITY","ImageLoaded":"C:\\Windows\\System32\\cldapi.dll","UserID":"S-1-5-18","Hostname":"WORKSTATION5.theshire.local","EventType":"INFO","SignatureStatus":"Valid","Keywords":-9223372036854775808,"AccountName":"SYSTEM","EventID":7,"FileVersion":"10.0.18362.1 (WinBuild.160101.0800)","ProcessId":"1376","ProcessGuid":"{3ddc5665-e80d-5f51-2501-000000000500}","Description":"Cloud API user mode API","Hashes":"SHA1=1FEE5F8E9F4073DE0AAC2847613086868C28FA75,MD5=A0F67438C0D5CB82C8CF41EC02F3F486,SHA256=00015FA066E590A25F190B53DA7A7D0E150140C6DB70D1DC895A7BD91CF2D5D9,IMPHASH=0FF388423A7E604F50714D7928F133B9","Channel":"Microsoft-Windows-Sysmon/Operational","Signature":"Microsoft Windows","ProviderGuid":"{5770385F-C22A-43E0-BF4C-06F5698FFBD9}","ExecutionProcessID":3080,"SourceModuleType":"im_msvistalog","AccountType":"User","Opcode":"Info","SourceName":"Microsoft-Windows-Sysmon","Company":"Microsoft Corporation","ThreadID":4344,"RecordNumber":309680,"SeverityValue":2,"SourceModuleName":"eventlog","Severity":"INFO","OriginalFileName":"cldapi.dll","OpcodeValue":0,"host":"wec.internal.cloudapp.net","port":53971,"@version":"1","Category":"Image loaded (rule: ImageLoad)","EventReceivedTime":"2020-09-04 03:30:13","Task":7,"UtcTime":"2020-09-04 07:30:13.182","EventTime":"2020-09-04 03:30:13","@timestamp":"2020-09-04T07:30:13.837Z","tags":["mordorDataset"],"RuleName":"-","Image":"C:\\Windows\\System32\\WindowsPowerShell\\v1.0\\powershell.exe","Signed":"true"}
{"Version":3,"Message":"Image loaded:\r\nRuleName: -\r\nUtcTime: 2020-09-04 07:30:13.198\r\nProcessGuid: {3ddc5665-e80d-5f51-2501-000000000500}\r\nProcessId: 1376\r\nImage: C:\\Windows\\System32\\WindowsPowerShell\\v1.0\\powershell.exe\r\nImageLoaded: C:\\Windows\\System32\\fltLib.dll\r\nFileVersion: 10.0.18362.1 (WinBuild.160101.0800)\r\nDescription: Filter Library\r\nProduct: Microsoft® Windows® Operating System\r\nCompany: Microsoft Corporation\r\nOriginalFileName: filterLib.dll\r\nHashes: SHA1=271C76A65E9B4EEB235A7160D5B1286CCE8C13FF,MD5=E202DD92848C5103C9ABF8ECD22BC539,SHA256=353F8D4E647A11F235F4262D913F7BAC4C4F266EAC4601EA416E861AFD611912,IMPHASH=1AC90E68C7E7F27FB14870BE142D19C0\r\nSigned: true\r\nSignature: Microsoft Windows\r\nSignatureStatus: Valid","Product":"Microsoft® Windows® Operating System","Domain":"NT AUTHORITY","ImageLoaded":"C:\\Windows\\System32\\fltLib.dll","UserID":"S-1-5-18","Hostname":"WORKSTATION5.theshire.local","EventType":"INFO","SignatureStatus":"Valid","Keywords":-9223372036854775808,"AccountName":"SYSTEM","EventID":7,"FileVersion":"10.0.18362.1 (WinBuild.160101.0800)","ProcessId":"1376","ProcessGuid":"{3ddc5665-e80d-5f51-2501-000000000500}","Description":"Filter Library","Hashes":"SHA1=271C76A65E9B4EEB235A7160D5B1286CCE8C13FF,MD5=E202DD92848C5103C9ABF8ECD22BC539,SHA256=353F8D4E647A11F235F4262D913F7BAC4C4F266EAC4601EA416E861AFD611912,IMPHASH=1AC90E68C7E7F27FB14870BE142D19C0","Channel":"Microsoft-Windows-Sysmon/Operational","Signature":"Microsoft Windows","ProviderGuid":"{5770385F-C22A-43E0-BF4C-06F5698FFBD9}","ExecutionProcessID":3080,"SourceModuleType":"im_msvistalog","AccountType":"User","Opcode":"Info","SourceName":"Microsoft-Windows-Sysmon","Company":"Microsoft Corporation","ThreadID":4344,"RecordNumber":309681,"SeverityValue":2,"SourceModuleName":"eventlog","Severity":"INFO","OriginalFileName":"filterLib.dll","OpcodeValue":0,"host":"wec.internal.cloudapp.net","port":53971,"@version":"1","Category":"Image loaded (rule: ImageLoad)","EventReceivedTime":"2020-09-04 03:30:13","Task":7,"UtcTime":"2020-09-04 07:30:13.198","EventTime":"2020-09-04 03:30:13","@timestamp":"2020-09-04T07:30:13.837Z","tags":["mordorDataset"],"RuleName":"-","Image":"C:\\Windows\\System32\\WindowsPowerShell\\v1.0\\powershell.exe","Signed":"true"}
{"Version":3,"Message":"Image loaded:\r\nRuleName: -\r\nUtcTime: 2020-09-04 07:30:13.198\r\nProcessGuid: {3ddc5665-e80d-5f51-2501-000000000500}\r\nProcessId: 1376\r\nImage: C:\\Windows\\System32\\WindowsPowerShell\\v1.0\\powershell.exe\r\nImageLoaded: C:\\Windows\\System32\\WinTypes.dll\r\nFileVersion: 10.0.18362.997 (WinBuild.160101.0800)\r\nDescription: Windows Base Types DLL\r\nProduct: Microsoft® Windows® Operating System\r\nCompany: Microsoft Corporation\r\nOriginalFileName: WinTypes.dll\r\nHashes: SHA1=700E037C2A730BA37662FBC34651E4FFDC689DC6,MD5=CD6B298106FAC99BEE96EC5860E83EB9,SHA256=C315BE966573B08632863BEC166C804608A4E6435FE667A7955B6C22EC106C8F,IMPHASH=554A9752315AC45D1DA4038F3CB03786\r\nSigned: true\r\nSignature: Microsoft Windows\r\nSignatureStatus: Valid","Product":"Microsoft® Windows® Operating System","Domain":"NT AUTHORITY","ImageLoaded":"C:\\Windows\\System32\\WinTypes.dll","UserID":"S-1-5-18","Hostname":"WORKSTATION5.theshire.local","EventType":"INFO","SignatureStatus":"Valid","Keywords":-9223372036854775808,"AccountName":"SYSTEM","EventID":7,"FileVersion":"10.0.18362.997 (WinBuild.160101.0800)","ProcessId":"1376","ProcessGuid":"{3ddc5665-e80d-5f51-2501-000000000500}","Description":"Windows Base Types DLL","Hashes":"SHA1=700E037C2A730BA37662FBC34651E4FFDC689DC6,MD5=CD6B298106FAC99BEE96EC5860E83EB9,SHA256=C315BE966573B08632863BEC166C804608A4E6435FE667A7955B6C22EC106C8F,IMPHASH=554A9752315AC45D1DA4038F3CB03786","Channel":"Microsoft-Windows-Sysmon/Operational","Signature":"Microsoft Windows","ProviderGuid":"{5770385F-C22A-43E0-BF4C-06F5698FFBD9}","ExecutionProcessID":3080,"SourceModuleType":"im_msvistalog","AccountType":"User","Opcode":"Info","SourceName":"Microsoft-Windows-Sysmon","Company":"Microsoft Corporation","ThreadID":4344,"RecordNumber":309682,"SeverityValue":2,"SourceModuleName":"eventlog","Severity":"INFO","OriginalFileName":"WinTypes.dll","OpcodeValue":0,"host":"wec.internal.cloudapp.net","port":53971,"@version":"1","Category":"Image loaded (rule: ImageLoad)","EventReceivedTime":"2020-09-04 03:30:13","Task":7,"UtcTime":"2020-09-04 07:30:13.198","EventTime":"2020-09-04 03:30:13","@timestamp":"2020-09-04T07:30:13.839Z","tags":["mordorDataset"],"RuleName":"-","Image":"C:\\Windows\\System32\\WindowsPowerShell\\v1.0\\powershell.exe","Signed":"true"}
{"Version":3,"Message":"Image loaded:\r\nRuleName: -\r\nUtcTime: 2020-09-04 07:30:13.229\r\nProcessGuid: {3ddc5665-e80d-5f51-2501-000000000500}\r\nProcessId: 1376\r\nImage: C:\\Windows\\System32\\WindowsPowerShell\\v1.0\\powershell.exe\r\nImageLoaded: C:\\Windows\\System32\\AppResolver.dll\r\nFileVersion: 10.0.18362.356 (WinBuild.160101.0800)\r\nDescription: App Resolver\r\nProduct: Microsoft® Windows® Operating System\r\nCompany: Microsoft Corporation\r\nOriginalFileName: AppResolver.dll\r\nHashes: SHA1=348ECF645C175FE1BCAC883AECBA772AF71FCC1B,MD5=7C585044BFB8C5F7431BE7CEC368C1D7,SHA256=372A0BD724BECBE1B5F135F0EEBF437726A20995DB4B7128D09FC018BF0A9B42,IMPHASH=46D841D6B9431C85B1224721FAD51789\r\nSigned: true\r\nSignature: Microsoft Windows\r\nSignatureStatus: Valid","Product":"Microsoft® Windows® Operating System","Domain":"NT AUTHORITY","ImageLoaded":"C:\\Windows\\System32\\AppResolver.dll","UserID":"S-1-5-18","Hostname":"WORKSTATION5.theshire.local","EventType":"INFO","SignatureStatus":"Valid","Keywords":-9223372036854775808,"AccountName":"SYSTEM","EventID":7,"FileVersion":"10.0.18362.356 (WinBuild.160101.0800)","ProcessId":"1376","ProcessGuid":"{3ddc5665-e80d-5f51-2501-000000000500}","Description":"App Resolver","Hashes":"SHA1=348ECF645C175FE1BCAC883AECBA772AF71FCC1B,MD5=7C585044BFB8C5F7431BE7CEC368C1D7,SHA256=372A0BD724BECBE1B5F135F0EEBF437726A20995DB4B7128D09FC018BF0A9B42,IMPHASH=46D841D6B9431C85B1224721FAD51789","Channel":"Microsoft-Windows-Sysmon/Operational","Signature":"Microsoft Windows","ProviderGuid":"{5770385F-C22A-43E0-BF4C-06F5698FFBD9}","ExecutionProcessID":3080,"SourceModuleType":"im_msvistalog","AccountType":"User","Opcode":"Info","SourceName":"Microsoft-Windows-Sysmon","Company":"Microsoft Corporation","ThreadID":4348,"RecordNumber":309683,"SeverityValue":2,"SourceModuleName":"eventlog","Severity":"INFO","OriginalFileName":"AppResolver.dll","OpcodeValue":0,"host":"wec.internal.cloudapp.net","port":53971,"@version":"1","Category":"Image loaded (rule: ImageLoad)","EventReceivedTime":"2020-09-04 03:30:13","Task":7,"UtcTime":"2020-09-04 07:30:13.229","EventTime":"2020-09-04 03:30:13","@timestamp":"2020-09-04T07:30:13.839Z","tags":["mordorDataset"],"RuleName":"-","Image":"C:\\Windows\\System32\\WindowsPowerShell\\v1.0\\powershell.exe","Signed":"true"}
{"Version":3,"Message":"Image loaded:\r\nRuleName: -\r\nUtcTime: 2020-09-04 07:30:13.229\r\nProcessGuid: {3ddc5665-e80d-5f51-2501-000000000500}\r\nProcessId: 1376\r\nImage: C:\\Windows\\System32\\WindowsPowerShell\\v1.0\\powershell.exe\r\nImageLoaded: C:\\Windows\\System32\\BCP47Langs.dll\r\nFileVersion: 10.0.18362.997 (WinBuild.160101.0800)\r\nDescription: BCP47 Language Classes\r\nProduct: Microsoft® Windows® Operating System\r\nCompany: Microsoft Corporation\r\nOriginalFileName: BCP47Lang.dll\r\nHashes: SHA1=0AEA5AB61A9DAE9505083DD74FB6A5F8B55339AD,MD5=4419A2385D10CE1DC3107421ADB51EEC,SHA256=5B771BBF18781C64AEA1974B90DE385BB090C360A12B967E05E0B7D6D40E3DB0,IMPHASH=5961569E1666EF01D6036E9B6F3791E2\r\nSigned: true\r\nSignature: Microsoft Windows\r\nSignatureStatus: Valid","Product":"Microsoft® Windows® Operating System","Domain":"NT AUTHORITY","ImageLoaded":"C:\\Windows\\System32\\BCP47Langs.dll","UserID":"S-1-5-18","Hostname":"WORKSTATION5.theshire.local","EventType":"INFO","SignatureStatus":"Valid","Keywords":-9223372036854775808,"AccountName":"SYSTEM","EventID":7,"FileVersion":"10.0.18362.997 (WinBuild.160101.0800)","ProcessId":"1376","ProcessGuid":"{3ddc5665-e80d-5f51-2501-000000000500}","Description":"BCP47 Language Classes","Hashes":"SHA1=0AEA5AB61A9DAE9505083DD74FB6A5F8B55339AD,MD5=4419A2385D10CE1DC3107421ADB51EEC,SHA256=5B771BBF18781C64AEA1974B90DE385BB090C360A12B967E05E0B7D6D40E3DB0,IMPHASH=5961569E1666EF01D6036E9B6F3791E2","Channel":"Microsoft-Windows-Sysmon/Operational","Signature":"Microsoft Windows","ProviderGuid":"{5770385F-C22A-43E0-BF4C-06F5698FFBD9}","ExecutionProcessID":3080,"SourceModuleType":"im_msvistalog","AccountType":"User","Opcode":"Info","SourceName":"Microsoft-Windows-Sysmon","Company":"Microsoft Corporation","ThreadID":4344,"RecordNumber":309684,"SeverityValue":2,"SourceModuleName":"eventlog","Severity":"INFO","OriginalFileName":"BCP47Lang.dll","OpcodeValue":0,"host":"wec.internal.cloudapp.net","port":53971,"@version":"1","Category":"Image loaded (rule: ImageLoad)","EventReceivedTime":"2020-09-04 03:30:13","Task":7,"UtcTime":"2020-09-04 07:30:13.229","EventTime":"2020-09-04 03:30:13","@timestamp":"2020-09-04T07:30:13.839Z","tags":["mordorDataset"],"RuleName":"-","Image":"C:\\Windows\\System32\\WindowsPowerShell\\v1.0\\powershell.exe","Signed":"true"}
{"Version":3,"Message":"Image loaded:\r\nRuleName: -\r\nUtcTime: 2020-09-04 07:30:13.229\r\nProcessGuid: {3ddc5665-e80d-5f51-2501-000000000500}\r\nProcessId: 1376\r\nImage: C:\\Windows\\System32\\WindowsPowerShell\\v1.0\\powershell.exe\r\nImageLoaded: C:\\Windows\\System32\\slc.dll\r\nFileVersion: 10.0.18362.815 (WinBuild.160101.0800)\r\nDescription: Software Licensing Client Dll\r\nProduct: Microsoft® Windows® Operating System\r\nCompany: Microsoft Corporation\r\nOriginalFileName: slc.dll\r\nHashes: SHA1=41DE5F5C5B1A510C242B547DECA255C8E45D8F23,MD5=42390474E879A10E0845C31B423B6429,SHA256=A599E64CEDFDC1FC83A26C16CD5489845CE1F5193A1D47C16EDA31A877DE05F1,IMPHASH=40361D3C7E0F5584BFB571747DB802D4\r\nSigned: true\r\nSignature: Microsoft Windows\r\nSignatureStatus: Valid","Product":"Microsoft® Windows® Operating System","Domain":"NT AUTHORITY","ImageLoaded":"C:\\Windows\\System32\\slc.dll","UserID":"S-1-5-18","Hostname":"WORKSTATION5.theshire.local","EventType":"INFO","SignatureStatus":"Valid","Keywords":-9223372036854775808,"AccountName":"SYSTEM","EventID":7,"FileVersion":"10.0.18362.815 (WinBuild.160101.0800)","ProcessId":"1376","ProcessGuid":"{3ddc5665-e80d-5f51-2501-000000000500}","Description":"Software Licensing Client Dll","Hashes":"SHA1=41DE5F5C5B1A510C242B547DECA255C8E45D8F23,MD5=42390474E879A10E0845C31B423B6429,SHA256=A599E64CEDFDC1FC83A26C16CD5489845CE1F5193A1D47C16EDA31A877DE05F1,IMPHASH=40361D3C7E0F5584BFB571747DB802D4","Channel":"Microsoft-Windows-Sysmon/Operational","Signature":"Microsoft Windows","ProviderGuid":"{5770385F-C22A-43E0-BF4C-06F5698FFBD9}","ExecutionProcessID":3080,"SourceModuleType":"im_msvistalog","AccountType":"User","Opcode":"Info","SourceName":"Microsoft-Windows-Sysmon","Company":"Microsoft Corporation","ThreadID":4344,"RecordNumber":309685,"SeverityValue":2,"SourceModuleName":"eventlog","Severity":"INFO","OriginalFileName":"slc.dll","OpcodeValue":0,"host":"wec.internal.cloudapp.net","port":53971,"@version":"1","Category":"Image loaded (rule: ImageLoad)","EventReceivedTime":"2020-09-04 03:30:13","Task":7,"UtcTime":"2020-09-04 07:30:13.229","EventTime":"2020-09-04 03:30:13","@timestamp":"2020-09-04T07:30:13.839Z","tags":["mordorDataset"],"RuleName":"-","Image":"C:\\Windows\\System32\\WindowsPowerShell\\v1.0\\powershell.exe","Signed":"true"}
